2022-12-21 09:44:43,216 - INFO - JUNGNANG
2022-12-21 09:47:52,675 - INFO - JUNGNANG
2022-12-21 09:47:53,590 - WARNING - Failed to parse headers (url=https://www.jungnang.go.kr:443/portal/bbs/list/B0000002.do?searchCnd=&searchWrd=&gubun=&delCode=0&useAt=&replyAt=&menuNo=200473&sdate=&edate=&deptId=&deptName=&popupYn=&dept=&dong=&option1=&viewType=&searchCnd2=&pageIndex=1): [FirstHeaderLineIsContinuationDefect(' X-Content-Type-Options: nosniff\r\n')], unparsed data: ''
Traceback (most recent call last):
  File "/Users/yeon/Library/Python/3.9/lib/python/site-packages/urllib3/connectionpool.py", line 469, in _make_request
    assert_header_parsing(httplib_response.msg)
  File "/Users/yeon/Library/Python/3.9/lib/python/site-packages/urllib3/util/response.py", line 91, in assert_header_parsing
    raise HeaderParsingError(defects=defects, unparsed_data=unparsed_data)
urllib3.exceptions.HeaderParsingError: [FirstHeaderLineIsContinuationDefect(' X-Content-Type-Options: nosniff\r\n')], unparsed data: ''
2022-12-21 09:47:54,314 - INFO - JUNGNANG
2022-12-21 09:47:54,314 - INFO - JUNGNANG
2022-12-21 09:47:56,145 - INFO - YONGSAN
2022-12-21 09:47:56,145 - INFO - YONGSAN
2022-12-21 09:47:56,145 - INFO - YONGSAN
2022-12-21 09:47:57,894 - INFO - YONGSAN
2022-12-21 09:47:57,894 - INFO - YONGSAN
2022-12-21 09:47:57,894 - INFO - YONGSAN
2022-12-21 09:47:57,894 - INFO - YONGSAN
2022-12-21 09:47:59,671 - INFO - GANGNAM
2022-12-21 09:47:59,671 - INFO - GANGNAM
2022-12-21 09:47:59,671 - INFO - GANGNAM
2022-12-21 09:47:59,671 - INFO - GANGNAM
2022-12-21 09:47:59,671 - INFO - GANGNAM
2022-12-21 09:50:08,990 - INFO - JUNGNANG
2022-12-21 09:50:09,888 - WARNING - Failed to parse headers (url=https://www.jungnang.go.kr:443/portal/bbs/list/B0000002.do?searchCnd=&searchWrd=&gubun=&delCode=0&useAt=&replyAt=&menuNo=200473&sdate=&edate=&deptId=&deptName=&popupYn=&dept=&dong=&option1=&viewType=&searchCnd2=&pageIndex=1): [FirstHeaderLineIsContinuationDefect(' X-Content-Type-Options: nosniff\r\n')], unparsed data: ''
Traceback (most recent call last):
  File "/Users/yeon/Library/Python/3.9/lib/python/site-packages/urllib3/connectionpool.py", line 469, in _make_request
    assert_header_parsing(httplib_response.msg)
  File "/Users/yeon/Library/Python/3.9/lib/python/site-packages/urllib3/util/response.py", line 91, in assert_header_parsing
    raise HeaderParsingError(defects=defects, unparsed_data=unparsed_data)
urllib3.exceptions.HeaderParsingError: [FirstHeaderLineIsContinuationDefect(' X-Content-Type-Options: nosniff\r\n')], unparsed data: ''
2022-12-21 09:50:10,580 - INFO - JUNGNANG
2022-12-21 09:50:10,580 - INFO - JUNGNANG
2022-12-21 09:50:12,309 - INFO - YONGSAN
2022-12-21 09:50:12,309 - INFO - YONGSAN
2022-12-21 09:50:12,309 - INFO - YONGSAN
2022-12-21 09:50:14,045 - INFO - YONGSAN
2022-12-21 09:50:14,045 - INFO - YONGSAN
2022-12-21 09:50:14,045 - INFO - YONGSAN
2022-12-21 09:50:14,045 - INFO - YONGSAN
2022-12-21 09:50:15,781 - INFO - GANGNAM
2022-12-21 09:50:15,781 - INFO - GANGNAM
2022-12-21 09:50:15,781 - INFO - GANGNAM
2022-12-21 09:50:15,781 - INFO - GANGNAM
2022-12-21 09:50:15,781 - INFO - GANGNAM
2022-12-21 09:50:29,605 - INFO - GANGNAM
2022-12-21 09:50:29,605 - INFO - GANGNAM
2022-12-21 09:50:29,605 - INFO - GANGNAM
2022-12-21 09:50:29,605 - INFO - GANGNAM
2022-12-21 09:50:29,605 - INFO - GANGNAM
2022-12-21 09:50:29,605 - INFO - GANGNAM
2022-12-21 09:50:31,363 - INFO - GANGDONG
2022-12-21 09:50:31,363 - INFO - GANGDONG
2022-12-21 09:50:31,363 - INFO - GANGDONG
2022-12-21 09:50:31,363 - INFO - GANGDONG
2022-12-21 09:50:31,363 - INFO - GANGDONG
2022-12-21 09:50:31,363 - INFO - GANGDONG
2022-12-21 09:50:31,363 - INFO - GANGDONG
2022-12-21 09:50:37,271 - INFO - GURO
2022-12-21 09:50:37,271 - INFO - GURO
2022-12-21 09:50:37,271 - INFO - GURO
2022-12-21 09:50:37,271 - INFO - GURO
2022-12-21 09:50:37,271 - INFO - GURO
2022-12-21 09:50:37,271 - INFO - GURO
2022-12-21 09:50:37,271 - INFO - GURO
2022-12-21 09:50:37,271 - INFO - GURO
2022-12-21 09:50:40,217 - INFO - GURO
2022-12-21 09:50:40,217 - INFO - GURO
2022-12-21 09:50:40,217 - INFO - GURO
2022-12-21 09:50:40,217 - INFO - GURO
2022-12-21 09:50:40,217 - INFO - GURO
2022-12-21 09:50:40,217 - INFO - GURO
2022-12-21 09:50:40,217 - INFO - GURO
2022-12-21 09:50:40,217 - INFO - GURO
2022-12-21 09:50:40,217 - INFO - GURO
2022-12-21 09:50:55,299 - INFO - GANGSEO
2022-12-21 09:50:55,299 - INFO - GANGSEO
2022-12-21 09:50:55,299 - INFO - GANGSEO
2022-12-21 09:50:55,299 - INFO - GANGSEO
2022-12-21 09:50:55,299 - INFO - GANGSEO
2022-12-21 09:50:55,299 - INFO - GANGSEO
2022-12-21 09:50:55,299 - INFO - GANGSEO
2022-12-21 09:50:55,299 - INFO - GANGSEO
2022-12-21 09:50:55,299 - INFO - GANGSEO
2022-12-21 09:50:55,299 - INFO - GANGSEO
2022-12-21 09:50:58,000 - INFO - GANGSEO
2022-12-21 09:50:58,000 - INFO - GANGSEO
2022-12-21 09:50:58,000 - INFO - GANGSEO
2022-12-21 09:50:58,000 - INFO - GANGSEO
2022-12-21 09:50:58,000 - INFO - GANGSEO
2022-12-21 09:50:58,000 - INFO - GANGSEO
2022-12-21 09:50:58,000 - INFO - GANGSEO
2022-12-21 09:50:58,000 - INFO - GANGSEO
2022-12-21 09:50:58,000 - INFO - GANGSEO
2022-12-21 09:50:58,000 - INFO - GANGSEO
2022-12-21 09:50:58,000 - INFO - GANGSEO
2022-12-21 09:50:59,621 - INFO - GANGDONG
2022-12-21 09:50:59,621 - INFO - GANGDONG
2022-12-21 09:50:59,621 - INFO - GANGDONG
2022-12-21 09:50:59,621 - INFO - GANGDONG
2022-12-21 09:50:59,621 - INFO - GANGDONG
2022-12-21 09:50:59,621 - INFO - GANGDONG
2022-12-21 09:50:59,621 - INFO - GANGDONG
2022-12-21 09:50:59,621 - INFO - GANGDONG
2022-12-21 09:50:59,621 - INFO - GANGDONG
2022-12-21 09:50:59,621 - INFO - GANGDONG
2022-12-21 09:50:59,621 - INFO - GANGDONG
2022-12-21 09:50:59,621 - INFO - GANGDONG
2022-12-21 09:51:01,928 - INFO - GANGDONG
2022-12-21 09:51:01,928 - INFO - GANGDONG
2022-12-21 09:51:01,928 - INFO - GANGDONG
2022-12-21 09:51:01,928 - INFO - GANGDONG
2022-12-21 09:51:01,928 - INFO - GANGDONG
2022-12-21 09:51:01,928 - INFO - GANGDONG
2022-12-21 09:51:01,928 - INFO - GANGDONG
2022-12-21 09:51:01,928 - INFO - GANGDONG
2022-12-21 09:51:01,928 - INFO - GANGDONG
2022-12-21 09:51:01,928 - INFO - GANGDONG
2022-12-21 09:51:01,928 - INFO - GANGDONG
2022-12-21 09:51:01,928 - INFO - GANGDONG
2022-12-21 09:51:01,928 - INFO - GANGDONG
2022-12-21 09:51:03,499 - INFO - GANGDONG
2022-12-21 09:51:03,499 - INFO - GANGDONG
2022-12-21 09:51:03,499 - INFO - GANGDONG
2022-12-21 09:51:03,499 - INFO - GANGDONG
2022-12-21 09:51:03,499 - INFO - GANGDONG
2022-12-21 09:51:03,499 - INFO - GANGDONG
2022-12-21 09:51:03,499 - INFO - GANGDONG
2022-12-21 09:51:03,499 - INFO - GANGDONG
2022-12-21 09:51:03,499 - INFO - GANGDONG
2022-12-21 09:51:03,499 - INFO - GANGDONG
2022-12-21 09:51:03,499 - INFO - GANGDONG
2022-12-21 09:51:03,499 - INFO - GANGDONG
2022-12-21 09:51:03,499 - INFO - GANGDONG
2022-12-21 09:51:03,499 - INFO - GANGDONG
2022-12-21 09:51:13,778 - INFO - DOBONG
2022-12-21 09:51:13,778 - INFO - DOBONG
2022-12-21 09:51:13,778 - INFO - DOBONG
2022-12-21 09:51:13,778 - INFO - DOBONG
2022-12-21 09:51:13,778 - INFO - DOBONG
2022-12-21 09:51:13,778 - INFO - DOBONG
2022-12-21 09:51:13,778 - INFO - DOBONG
2022-12-21 09:51:13,778 - INFO - DOBONG
2022-12-21 09:51:13,778 - INFO - DOBONG
2022-12-21 09:51:13,778 - INFO - DOBONG
2022-12-21 09:51:13,778 - INFO - DOBONG
2022-12-21 09:51:13,778 - INFO - DOBONG
2022-12-21 09:51:13,778 - INFO - DOBONG
2022-12-21 09:51:13,778 - INFO - DOBONG
2022-12-21 09:51:13,778 - INFO - DOBONG
2022-12-21 09:51:15,472 - INFO - DOBONG
2022-12-21 09:51:15,472 - INFO - DOBONG
2022-12-21 09:51:15,472 - INFO - DOBONG
2022-12-21 09:51:15,472 - INFO - DOBONG
2022-12-21 09:51:15,472 - INFO - DOBONG
2022-12-21 09:51:15,472 - INFO - DOBONG
2022-12-21 09:51:15,472 - INFO - DOBONG
2022-12-21 09:51:15,472 - INFO - DOBONG
2022-12-21 09:51:15,472 - INFO - DOBONG
2022-12-21 09:51:15,472 - INFO - DOBONG
2022-12-21 09:51:15,472 - INFO - DOBONG
2022-12-21 09:51:15,472 - INFO - DOBONG
2022-12-21 09:51:15,472 - INFO - DOBONG
2022-12-21 09:51:15,472 - INFO - DOBONG
2022-12-21 09:51:15,472 - INFO - DOBONG
2022-12-21 09:51:15,472 - INFO - DOBONG
2022-12-21 09:51:17,443 - INFO - GANGBUK
2022-12-21 09:51:17,443 - INFO - GANGBUK
2022-12-21 09:51:17,443 - INFO - GANGBUK
2022-12-21 09:51:17,443 - INFO - GANGBUK
2022-12-21 09:51:17,443 - INFO - GANGBUK
2022-12-21 09:51:17,443 - INFO - GANGBUK
2022-12-21 09:51:17,443 - INFO - GANGBUK
2022-12-21 09:51:17,443 - INFO - GANGBUK
2022-12-21 09:51:17,443 - INFO - GANGBUK
2022-12-21 09:51:17,443 - INFO - GANGBUK
2022-12-21 09:51:17,443 - INFO - GANGBUK
2022-12-21 09:51:17,443 - INFO - GANGBUK
2022-12-21 09:51:17,443 - INFO - GANGBUK
2022-12-21 09:51:17,443 - INFO - GANGBUK
2022-12-21 09:51:17,443 - INFO - GANGBUK
2022-12-21 09:51:17,443 - INFO - GANGBUK
2022-12-21 09:51:17,443 - INFO - GANGBUK
2022-12-21 09:51:29,672 - INFO - GANGBUK
2022-12-21 09:51:29,672 - INFO - GANGBUK
2022-12-21 09:51:29,672 - INFO - GANGBUK
2022-12-21 09:51:29,672 - INFO - GANGBUK
2022-12-21 09:51:29,672 - INFO - GANGBUK
2022-12-21 09:51:29,672 - INFO - GANGBUK
2022-12-21 09:51:29,672 - INFO - GANGBUK
2022-12-21 09:51:29,672 - INFO - GANGBUK
2022-12-21 09:51:29,672 - INFO - GANGBUK
2022-12-21 09:51:29,672 - INFO - GANGBUK
2022-12-21 09:51:29,672 - INFO - GANGBUK
2022-12-21 09:51:29,672 - INFO - GANGBUK
2022-12-21 09:51:29,672 - INFO - GANGBUK
2022-12-21 09:51:29,672 - INFO - GANGBUK
2022-12-21 09:51:29,672 - INFO - GANGBUK
2022-12-21 09:51:29,672 - INFO - GANGBUK
2022-12-21 09:51:29,672 - INFO - GANGBUK
2022-12-21 09:51:29,672 - INFO - GANGBUK
2022-12-21 09:51:41,068 - INFO - DONGDAEMUN
2022-12-21 09:51:41,068 - INFO - DONGDAEMUN
2022-12-21 09:51:41,068 - INFO - DONGDAEMUN
2022-12-21 09:51:41,068 - INFO - DONGDAEMUN
2022-12-21 09:51:41,068 - INFO - DONGDAEMUN
2022-12-21 09:51:41,068 - INFO - DONGDAEMUN
2022-12-21 09:51:41,068 - INFO - DONGDAEMUN
2022-12-21 09:51:41,068 - INFO - DONGDAEMUN
2022-12-21 09:51:41,068 - INFO - DONGDAEMUN
2022-12-21 09:51:41,068 - INFO - DONGDAEMUN
2022-12-21 09:51:41,068 - INFO - DONGDAEMUN
2022-12-21 09:51:41,068 - INFO - DONGDAEMUN
2022-12-21 09:51:41,068 - INFO - DONGDAEMUN
2022-12-21 09:51:41,068 - INFO - DONGDAEMUN
2022-12-21 09:51:41,068 - INFO - DONGDAEMUN
2022-12-21 09:51:41,068 - INFO - DONGDAEMUN
2022-12-21 09:51:41,068 - INFO - DONGDAEMUN
2022-12-21 09:51:41,068 - INFO - DONGDAEMUN
2022-12-21 09:51:41,068 - INFO - DONGDAEMUN
2022-12-21 10:16:02,846 - INFO - DONGDAEMUN
2022-12-21 10:16:04,784 - INFO - DONGDAEMUN
2022-12-21 10:16:04,784 - INFO - DONGDAEMUN
2022-12-21 10:16:06,809 - INFO - DONGDAEMUN
2022-12-21 10:16:06,809 - INFO - DONGDAEMUN
2022-12-21 10:16:06,809 - INFO - DONGDAEMUN
2022-12-21 10:16:08,033 - INFO - DONGJAK
2022-12-21 10:16:08,033 - INFO - DONGJAK
2022-12-21 10:16:08,033 - INFO - DONGJAK
2022-12-21 10:16:08,033 - INFO - DONGJAK
2022-12-21 10:16:11,406 - INFO - DONGJAK
2022-12-21 10:16:11,406 - INFO - DONGJAK
2022-12-21 10:16:11,406 - INFO - DONGJAK
2022-12-21 10:16:11,406 - INFO - DONGJAK
2022-12-21 10:16:11,406 - INFO - DONGJAK
2022-12-21 10:16:24,681 - INFO - GEUAMCHEOUN
2022-12-21 10:16:24,681 - INFO - GEUAMCHEOUN
2022-12-21 10:16:24,681 - INFO - GEUAMCHEOUN
2022-12-21 10:16:24,681 - INFO - GEUAMCHEOUN
2022-12-21 10:16:24,681 - INFO - GEUAMCHEOUN
2022-12-21 10:16:24,681 - INFO - GEUAMCHEOUN
2022-12-21 10:17:33,729 - INFO - GEUAMCHEOUN
2022-12-21 10:17:33,729 - INFO - GEUAMCHEOUN
2022-12-21 10:17:33,729 - INFO - GEUAMCHEOUN
2022-12-21 10:17:33,729 - INFO - GEUAMCHEOUN
2022-12-21 10:17:33,729 - INFO - GEUAMCHEOUN
2022-12-21 10:17:33,729 - INFO - GEUAMCHEOUN
2022-12-21 10:17:33,729 - INFO - GEUAMCHEOUN
2022-12-21 10:17:35,165 - INFO - GWANAK
2022-12-21 10:17:35,165 - INFO - GWANAK
2022-12-21 10:17:35,165 - INFO - GWANAK
2022-12-21 10:17:35,165 - INFO - GWANAK
2022-12-21 10:17:35,165 - INFO - GWANAK
2022-12-21 10:17:35,165 - INFO - GWANAK
2022-12-21 10:17:35,165 - INFO - GWANAK
2022-12-21 10:17:35,165 - INFO - GWANAK
2022-12-21 10:17:51,567 - INFO - GWANAK
2022-12-21 10:17:51,567 - INFO - GWANAK
2022-12-21 10:17:51,567 - INFO - GWANAK
2022-12-21 10:17:51,567 - INFO - GWANAK
2022-12-21 10:17:51,567 - INFO - GWANAK
2022-12-21 10:17:51,567 - INFO - GWANAK
2022-12-21 10:17:51,567 - INFO - GWANAK
2022-12-21 10:17:51,567 - INFO - GWANAK
2022-12-21 10:17:51,567 - INFO - GWANAK
2022-12-21 10:18:01,894 - INFO - SEONGDONG
2022-12-21 10:18:01,894 - INFO - SEONGDONG
2022-12-21 10:18:01,894 - INFO - SEONGDONG
2022-12-21 10:18:01,894 - INFO - SEONGDONG
2022-12-21 10:18:01,894 - INFO - SEONGDONG
2022-12-21 10:18:01,894 - INFO - SEONGDONG
2022-12-21 10:18:01,894 - INFO - SEONGDONG
2022-12-21 10:18:01,894 - INFO - SEONGDONG
2022-12-21 10:18:01,894 - INFO - SEONGDONG
2022-12-21 10:18:01,894 - INFO - SEONGDONG
2022-12-21 10:18:13,585 - INFO - SEONGDONG
2022-12-21 10:18:13,585 - INFO - SEONGDONG
2022-12-21 10:18:13,585 - INFO - SEONGDONG
2022-12-21 10:18:13,585 - INFO - SEONGDONG
2022-12-21 10:18:13,585 - INFO - SEONGDONG
2022-12-21 10:18:13,585 - INFO - SEONGDONG
2022-12-21 10:18:13,585 - INFO - SEONGDONG
2022-12-21 10:18:13,585 - INFO - SEONGDONG
2022-12-21 10:18:13,585 - INFO - SEONGDONG
2022-12-21 10:18:13,585 - INFO - SEONGDONG
2022-12-21 10:18:13,585 - INFO - SEONGDONG
2022-12-21 10:18:21,979 - INFO - EUNPYENG
2022-12-21 10:18:21,979 - INFO - EUNPYENG
2022-12-21 10:18:21,979 - INFO - EUNPYENG
2022-12-21 10:18:21,979 - INFO - EUNPYENG
2022-12-21 10:18:21,979 - INFO - EUNPYENG
2022-12-21 10:18:21,979 - INFO - EUNPYENG
2022-12-21 10:18:21,979 - INFO - EUNPYENG
2022-12-21 10:18:21,979 - INFO - EUNPYENG
2022-12-21 10:18:21,979 - INFO - EUNPYENG
2022-12-21 10:18:21,979 - INFO - EUNPYENG
2022-12-21 10:18:21,979 - INFO - EUNPYENG
2022-12-21 10:18:21,979 - INFO - EUNPYENG
2022-12-21 10:20:16,908 - INFO - EUNPYENG
2022-12-21 11:18:22,855 - INFO - EUNPYENG
2022-12-21 11:18:30,854 - INFO - EUNPYENG
2022-12-21 11:18:30,854 - INFO - EUNPYENG
2022-12-21 11:18:33,046 - INFO - EUNPYENG
2022-12-21 11:18:33,046 - INFO - EUNPYENG
2022-12-21 11:18:33,046 - INFO - EUNPYENG
2022-12-21 11:18:34,259 - INFO - GWANGZIN
2022-12-21 11:18:34,259 - INFO - GWANGZIN
2022-12-21 11:18:34,259 - INFO - GWANGZIN
2022-12-21 11:18:34,259 - INFO - GWANGZIN
2022-12-21 11:18:38,500 - INFO - GWANGZIN
2022-12-21 11:18:38,500 - INFO - GWANGZIN
2022-12-21 11:18:38,500 - INFO - GWANGZIN
2022-12-21 11:18:38,500 - INFO - GWANGZIN
2022-12-21 11:18:38,500 - INFO - GWANGZIN
2022-12-21 11:18:40,394 - INFO - JONGRO
2022-12-21 11:18:40,394 - INFO - JONGRO
2022-12-21 11:18:40,394 - INFO - JONGRO
2022-12-21 11:18:40,394 - INFO - JONGRO
2022-12-21 11:18:40,394 - INFO - JONGRO
2022-12-21 11:18:40,394 - INFO - JONGRO
2022-12-21 11:18:52,419 - INFO - JONGRO
2022-12-21 11:18:52,419 - INFO - JONGRO
2022-12-21 11:18:52,419 - INFO - JONGRO
2022-12-21 11:18:52,419 - INFO - JONGRO
2022-12-21 11:18:52,419 - INFO - JONGRO
2022-12-21 11:18:52,419 - INFO - JONGRO
2022-12-21 11:18:52,419 - INFO - JONGRO
2022-12-21 11:18:53,607 - INFO - JUNGGU
2022-12-21 11:18:53,607 - INFO - JUNGGU
2022-12-21 11:18:53,607 - INFO - JUNGGU
2022-12-21 11:18:53,607 - INFO - JUNGGU
2022-12-21 11:18:53,607 - INFO - JUNGGU
2022-12-21 11:18:53,607 - INFO - JUNGGU
2022-12-21 11:18:53,607 - INFO - JUNGGU
2022-12-21 11:18:53,607 - INFO - JUNGGU
2022-12-21 11:18:55,226 - INFO - JUNGGU
2022-12-21 11:18:55,226 - INFO - JUNGGU
2022-12-21 11:18:55,226 - INFO - JUNGGU
2022-12-21 11:18:55,226 - INFO - JUNGGU
2022-12-21 11:18:55,226 - INFO - JUNGGU
2022-12-21 11:18:55,226 - INFO - JUNGGU
2022-12-21 11:18:55,226 - INFO - JUNGGU
2022-12-21 11:18:55,226 - INFO - JUNGGU
2022-12-21 11:18:55,226 - INFO - JUNGGU
2022-12-21 11:19:03,444 - INFO - MAPO
2022-12-21 11:19:03,444 - INFO - MAPO
2022-12-21 11:19:03,444 - INFO - MAPO
2022-12-21 11:19:03,444 - INFO - MAPO
2022-12-21 11:19:03,444 - INFO - MAPO
2022-12-21 11:19:03,444 - INFO - MAPO
2022-12-21 11:19:03,444 - INFO - MAPO
2022-12-21 11:19:03,444 - INFO - MAPO
2022-12-21 11:19:03,444 - INFO - MAPO
2022-12-21 11:19:03,444 - INFO - MAPO
2022-12-21 11:19:09,067 - INFO - MAPO
2022-12-21 11:19:09,067 - INFO - MAPO
2022-12-21 11:19:09,067 - INFO - MAPO
2022-12-21 11:19:09,067 - INFO - MAPO
2022-12-21 11:19:09,067 - INFO - MAPO
2022-12-21 11:19:09,067 - INFO - MAPO
2022-12-21 11:19:09,067 - INFO - MAPO
2022-12-21 11:19:09,067 - INFO - MAPO
2022-12-21 11:19:09,067 - INFO - MAPO
2022-12-21 11:19:09,067 - INFO - MAPO
2022-12-21 11:19:09,067 - INFO - MAPO
2022-12-21 11:19:11,912 - INFO - MAPO
2022-12-21 11:19:11,912 - INFO - MAPO
2022-12-21 11:19:11,912 - INFO - MAPO
2022-12-21 11:19:11,912 - INFO - MAPO
2022-12-21 11:19:11,912 - INFO - MAPO
2022-12-21 11:19:11,912 - INFO - MAPO
2022-12-21 11:19:11,912 - INFO - MAPO
2022-12-21 11:19:11,912 - INFO - MAPO
2022-12-21 11:19:11,912 - INFO - MAPO
2022-12-21 11:19:11,912 - INFO - MAPO
2022-12-21 11:19:11,912 - INFO - MAPO
2022-12-21 11:19:11,912 - INFO - MAPO
2022-12-21 11:19:14,261 - INFO - MAPO
2022-12-21 11:19:14,261 - INFO - MAPO
2022-12-21 11:19:14,261 - INFO - MAPO
2022-12-21 11:19:14,261 - INFO - MAPO
2022-12-21 11:19:14,261 - INFO - MAPO
2022-12-21 11:19:14,261 - INFO - MAPO
2022-12-21 11:19:14,261 - INFO - MAPO
2022-12-21 11:19:14,261 - INFO - MAPO
2022-12-21 11:19:14,261 - INFO - MAPO
2022-12-21 11:19:14,261 - INFO - MAPO
2022-12-21 11:19:14,261 - INFO - MAPO
2022-12-21 11:19:14,261 - INFO - MAPO
2022-12-21 11:19:14,261 - INFO - MAPO
2022-12-21 11:19:16,024 - INFO - NOWON
2022-12-21 11:19:16,024 - INFO - NOWON
2022-12-21 11:19:16,024 - INFO - NOWON
2022-12-21 11:19:16,024 - INFO - NOWON
2022-12-21 11:19:16,024 - INFO - NOWON
2022-12-21 11:19:16,024 - INFO - NOWON
2022-12-21 11:19:16,024 - INFO - NOWON
2022-12-21 11:19:16,024 - INFO - NOWON
2022-12-21 11:19:16,024 - INFO - NOWON
2022-12-21 11:19:16,024 - INFO - NOWON
2022-12-21 11:19:16,024 - INFO - NOWON
2022-12-21 11:19:16,024 - INFO - NOWON
2022-12-21 11:19:16,024 - INFO - NOWON
2022-12-21 11:19:16,024 - INFO - NOWON
2022-12-21 11:19:25,585 - INFO - NOWON
2022-12-21 11:19:25,585 - INFO - NOWON
2022-12-21 11:19:25,585 - INFO - NOWON
2022-12-21 11:19:25,585 - INFO - NOWON
2022-12-21 11:19:25,585 - INFO - NOWON
2022-12-21 11:19:25,585 - INFO - NOWON
2022-12-21 11:19:25,585 - INFO - NOWON
2022-12-21 11:19:25,585 - INFO - NOWON
2022-12-21 11:19:25,585 - INFO - NOWON
2022-12-21 11:19:25,585 - INFO - NOWON
2022-12-21 11:19:25,585 - INFO - NOWON
2022-12-21 11:19:25,585 - INFO - NOWON
2022-12-21 11:19:25,585 - INFO - NOWON
2022-12-21 11:19:25,585 - INFO - NOWON
2022-12-21 11:19:25,585 - INFO - NOWON
2022-12-21 11:21:50,419 - INFO - SEOCHO
2022-12-21 11:21:50,419 - INFO - SEOCHO
2022-12-21 11:21:50,419 - INFO - SEOCHO
2022-12-21 11:21:50,419 - INFO - SEOCHO
2022-12-21 11:21:50,419 - INFO - SEOCHO
2022-12-21 11:21:50,419 - INFO - SEOCHO
2022-12-21 11:21:50,419 - INFO - SEOCHO
2022-12-21 11:21:50,419 - INFO - SEOCHO
2022-12-21 11:21:50,419 - INFO - SEOCHO
2022-12-21 11:21:50,419 - INFO - SEOCHO
2022-12-21 11:21:50,419 - INFO - SEOCHO
2022-12-21 11:21:50,419 - INFO - SEOCHO
2022-12-21 11:21:50,419 - INFO - SEOCHO
2022-12-21 11:21:50,419 - INFO - SEOCHO
2022-12-21 11:21:50,419 - INFO - SEOCHO
2022-12-21 11:21:50,419 - INFO - SEOCHO
2022-12-21 11:21:52,315 - INFO - SEOCHO
2022-12-21 11:21:52,315 - INFO - SEOCHO
2022-12-21 11:21:52,315 - INFO - SEOCHO
2022-12-21 11:21:52,315 - INFO - SEOCHO
2022-12-21 11:21:52,315 - INFO - SEOCHO
2022-12-21 11:21:52,315 - INFO - SEOCHO
2022-12-21 11:21:52,315 - INFO - SEOCHO
2022-12-21 11:21:52,315 - INFO - SEOCHO
2022-12-21 11:21:52,315 - INFO - SEOCHO
2022-12-21 11:21:52,315 - INFO - SEOCHO
2022-12-21 11:21:52,315 - INFO - SEOCHO
2022-12-21 11:21:52,315 - INFO - SEOCHO
2022-12-21 11:21:52,315 - INFO - SEOCHO
2022-12-21 11:21:52,315 - INFO - SEOCHO
2022-12-21 11:21:52,315 - INFO - SEOCHO
2022-12-21 11:21:52,315 - INFO - SEOCHO
2022-12-21 11:21:52,315 - INFO - SEOCHO
2022-12-21 11:21:54,263 - INFO - SEOCHO
2022-12-21 11:21:54,263 - INFO - SEOCHO
2022-12-21 11:21:54,263 - INFO - SEOCHO
2022-12-21 11:21:54,263 - INFO - SEOCHO
2022-12-21 11:21:54,263 - INFO - SEOCHO
2022-12-21 11:21:54,263 - INFO - SEOCHO
2022-12-21 11:21:54,263 - INFO - SEOCHO
2022-12-21 11:21:54,263 - INFO - SEOCHO
2022-12-21 11:21:54,263 - INFO - SEOCHO
2022-12-21 11:21:54,263 - INFO - SEOCHO
2022-12-21 11:21:54,263 - INFO - SEOCHO
2022-12-21 11:21:54,263 - INFO - SEOCHO
2022-12-21 11:21:54,263 - INFO - SEOCHO
2022-12-21 11:21:54,263 - INFO - SEOCHO
2022-12-21 11:21:54,263 - INFO - SEOCHO
2022-12-21 11:21:54,263 - INFO - SEOCHO
2022-12-21 11:21:54,263 - INFO - SEOCHO
2022-12-21 11:21:54,263 - INFO - SEOCHO
2022-12-21 11:21:55,222 - INFO - SEONGBUK
2022-12-21 11:21:55,222 - INFO - SEONGBUK
2022-12-21 11:21:55,222 - INFO - SEONGBUK
2022-12-21 11:21:55,222 - INFO - SEONGBUK
2022-12-21 11:21:55,222 - INFO - SEONGBUK
2022-12-21 11:21:55,222 - INFO - SEONGBUK
2022-12-21 11:21:55,222 - INFO - SEONGBUK
2022-12-21 11:21:55,222 - INFO - SEONGBUK
2022-12-21 11:21:55,222 - INFO - SEONGBUK
2022-12-21 11:21:55,222 - INFO - SEONGBUK
2022-12-21 11:21:55,222 - INFO - SEONGBUK
2022-12-21 11:21:55,222 - INFO - SEONGBUK
2022-12-21 11:21:55,222 - INFO - SEONGBUK
2022-12-21 11:21:55,222 - INFO - SEONGBUK
2022-12-21 11:21:55,222 - INFO - SEONGBUK
2022-12-21 11:21:55,222 - INFO - SEONGBUK
2022-12-21 11:21:55,222 - INFO - SEONGBUK
2022-12-21 11:21:55,222 - INFO - SEONGBUK
2022-12-21 11:21:55,222 - INFO - SEONGBUK
2022-12-21 11:22:02,837 - INFO - SONGPA
2022-12-21 11:22:02,837 - INFO - SONGPA
2022-12-21 11:22:02,837 - INFO - SONGPA
2022-12-21 11:22:02,837 - INFO - SONGPA
2022-12-21 11:22:02,837 - INFO - SONGPA
2022-12-21 11:22:02,837 - INFO - SONGPA
2022-12-21 11:22:02,837 - INFO - SONGPA
2022-12-21 11:22:02,837 - INFO - SONGPA
2022-12-21 11:22:02,837 - INFO - SONGPA
2022-12-21 11:22:02,837 - INFO - SONGPA
2022-12-21 11:22:02,837 - INFO - SONGPA
2022-12-21 11:22:02,837 - INFO - SONGPA
2022-12-21 11:22:02,837 - INFO - SONGPA
2022-12-21 11:22:02,837 - INFO - SONGPA
2022-12-21 11:22:02,837 - INFO - SONGPA
2022-12-21 11:22:02,837 - INFO - SONGPA
2022-12-21 11:22:02,837 - INFO - SONGPA
2022-12-21 11:22:02,837 - INFO - SONGPA
2022-12-21 11:22:02,837 - INFO - SONGPA
2022-12-21 11:22:02,837 - INFO - SONGPA
2022-12-21 13:06:06,798 - INFO - SONGPA
2022-12-21 13:06:09,229 - INFO - SONGPA
2022-12-21 13:06:09,229 - INFO - SONGPA
2022-12-21 13:06:11,690 - INFO - SONGPA
2022-12-21 13:06:11,690 - INFO - SONGPA
2022-12-21 13:06:11,690 - INFO - SONGPA
2022-12-21 13:06:43,317 - INFO - SONGPA
2022-12-21 13:06:45,654 - INFO - SONGPA
2022-12-21 13:06:45,654 - INFO - SONGPA
2022-12-21 13:06:48,531 - INFO - SONGPA
2022-12-21 13:06:48,531 - INFO - SONGPA
2022-12-21 13:06:48,531 - INFO - SONGPA
2022-12-21 13:06:49,978 - INFO - YANGCHEON
2022-12-21 13:06:49,978 - INFO - YANGCHEON
2022-12-21 13:06:49,978 - INFO - YANGCHEON
2022-12-21 13:06:49,978 - INFO - YANGCHEON
2022-12-21 13:06:59,089 - INFO - YANGCHEON
2022-12-21 13:06:59,089 - INFO - YANGCHEON
2022-12-21 13:06:59,089 - INFO - YANGCHEON
2022-12-21 13:06:59,089 - INFO - YANGCHEON
2022-12-21 13:06:59,089 - INFO - YANGCHEON
2022-12-21 13:07:00,730 - INFO - YEONGDEUNGPO
2022-12-21 13:07:00,730 - INFO - YEONGDEUNGPO
2022-12-21 13:07:00,730 - INFO - YEONGDEUNGPO
2022-12-21 13:07:00,730 - INFO - YEONGDEUNGPO
2022-12-21 13:07:00,730 - INFO - YEONGDEUNGPO
2022-12-21 13:07:00,730 - INFO - YEONGDEUNGPO
2022-12-21 13:07:02,526 - INFO - YEONGDEUNGPO
2022-12-21 13:07:02,526 - INFO - YEONGDEUNGPO
2022-12-21 13:07:02,526 - INFO - YEONGDEUNGPO
2022-12-21 13:07:02,526 - INFO - YEONGDEUNGPO
2022-12-21 13:07:02,526 - INFO - YEONGDEUNGPO
2022-12-21 13:07:02,526 - INFO - YEONGDEUNGPO
2022-12-21 13:07:02,526 - INFO - YEONGDEUNGPO
2022-12-21 13:07:05,549 - INFO - SEOUL
2022-12-21 13:07:05,549 - INFO - SEOUL
2022-12-21 13:07:05,549 - INFO - SEOUL
2022-12-21 13:07:05,549 - INFO - SEOUL
2022-12-21 13:07:05,549 - INFO - SEOUL
2022-12-21 13:07:05,549 - INFO - SEOUL
2022-12-21 13:07:05,549 - INFO - SEOUL
2022-12-21 13:07:05,549 - INFO - SEOUL
2022-12-21 13:07:07,733 - INFO - SEOUL
2022-12-21 13:07:07,733 - INFO - SEOUL
2022-12-21 13:07:07,733 - INFO - SEOUL
2022-12-21 13:07:07,733 - INFO - SEOUL
2022-12-21 13:07:07,733 - INFO - SEOUL
2022-12-21 13:07:07,733 - INFO - SEOUL
2022-12-21 13:07:07,733 - INFO - SEOUL
2022-12-21 13:07:07,733 - INFO - SEOUL
2022-12-21 13:07:07,733 - INFO - SEOUL
2022-12-21 13:07:16,984 - INFO - SEOUL
2022-12-21 13:07:16,984 - INFO - SEOUL
2022-12-21 13:07:16,984 - INFO - SEOUL
2022-12-21 13:07:16,984 - INFO - SEOUL
2022-12-21 13:07:16,984 - INFO - SEOUL
2022-12-21 13:07:16,984 - INFO - SEOUL
2022-12-21 13:07:16,984 - INFO - SEOUL
2022-12-21 13:07:16,984 - INFO - SEOUL
2022-12-21 13:07:16,984 - INFO - SEOUL
2022-12-21 13:07:16,984 - INFO - SEOUL
2022-12-21 13:07:19,711 - INFO - SEOUL
2022-12-21 13:07:19,711 - INFO - SEOUL
2022-12-21 13:07:19,711 - INFO - SEOUL
2022-12-21 13:07:19,711 - INFO - SEOUL
2022-12-21 13:07:19,711 - INFO - SEOUL
2022-12-21 13:07:19,711 - INFO - SEOUL
2022-12-21 13:07:19,711 - INFO - SEOUL
2022-12-21 13:07:19,711 - INFO - SEOUL
2022-12-21 13:07:19,711 - INFO - SEOUL
2022-12-21 13:07:19,711 - INFO - SEOUL
2022-12-21 13:07:19,711 - INFO - SEOUL
2022-12-21 13:07:20,203 - WARNING - Failed to parse headers (url=https://www.sscmc.or.kr:443/info/notice/list.asp?db=BBS_notice&pageno=1&startpage=1&where=&keyfield=&keyword=&catekkk=): [MissingHeaderBodySeparatorDefect()], unparsed data: 'Server : Wow 3.8\r\nDate: Wed, 21 Dec 2022 04:07:20 GMT\r\nContent-Type: text/html\r\nContent-Length: 42525\r\nConnection: keep-alive\r\nCache-Control: private\r\nSet-Cookie: ASPSESSIONIDCSBBSTTA=OKMMLOIAGOFLEPKLBBKJAEFN; path=/\r\nX-Frame-Options: SAMEORIGIN\r\n\r\n'
Traceback (most recent call last):
  File "/Users/yeon/Library/Python/3.9/lib/python/site-packages/urllib3/connectionpool.py", line 469, in _make_request
    assert_header_parsing(httplib_response.msg)
  File "/Users/yeon/Library/Python/3.9/lib/python/site-packages/urllib3/util/response.py", line 91, in assert_header_parsing
    raise HeaderParsingError(defects=defects, unparsed_data=unparsed_data)
urllib3.exceptions.HeaderParsingError: [MissingHeaderBodySeparatorDefect()], unparsed data: 'Server : Wow 3.8\r\nDate: Wed, 21 Dec 2022 04:07:20 GMT\r\nContent-Type: text/html\r\nContent-Length: 42525\r\nConnection: keep-alive\r\nCache-Control: private\r\nSet-Cookie: ASPSESSIONIDCSBBSTTA=OKMMLOIAGOFLEPKLBBKJAEFN; path=/\r\nX-Frame-Options: SAMEORIGIN\r\n\r\n'
2022-12-21 13:07:20,203 - WARNING - Failed to parse headers (url=https://www.sscmc.or.kr:443/info/notice/list.asp?db=BBS_notice&pageno=1&startpage=1&where=&keyfield=&keyword=&catekkk=): [MissingHeaderBodySeparatorDefect()], unparsed data: 'Server : Wow 3.8\r\nDate: Wed, 21 Dec 2022 04:07:20 GMT\r\nContent-Type: text/html\r\nContent-Length: 42525\r\nConnection: keep-alive\r\nCache-Control: private\r\nSet-Cookie: ASPSESSIONIDCSBBSTTA=OKMMLOIAGOFLEPKLBBKJAEFN; path=/\r\nX-Frame-Options: SAMEORIGIN\r\n\r\n'
Traceback (most recent call last):
  File "/Users/yeon/Library/Python/3.9/lib/python/site-packages/urllib3/connectionpool.py", line 469, in _make_request
    assert_header_parsing(httplib_response.msg)
  File "/Users/yeon/Library/Python/3.9/lib/python/site-packages/urllib3/util/response.py", line 91, in assert_header_parsing
    raise HeaderParsingError(defects=defects, unparsed_data=unparsed_data)
urllib3.exceptions.HeaderParsingError: [MissingHeaderBodySeparatorDefect()], unparsed data: 'Server : Wow 3.8\r\nDate: Wed, 21 Dec 2022 04:07:20 GMT\r\nContent-Type: text/html\r\nContent-Length: 42525\r\nConnection: keep-alive\r\nCache-Control: private\r\nSet-Cookie: ASPSESSIONIDCSBBSTTA=OKMMLOIAGOFLEPKLBBKJAEFN; path=/\r\nX-Frame-Options: SAMEORIGIN\r\n\r\n'
2022-12-21 13:07:20,203 - WARNING - Failed to parse headers (url=https://www.sscmc.or.kr:443/info/notice/list.asp?db=BBS_notice&pageno=1&startpage=1&where=&keyfield=&keyword=&catekkk=): [MissingHeaderBodySeparatorDefect()], unparsed data: 'Server : Wow 3.8\r\nDate: Wed, 21 Dec 2022 04:07:20 GMT\r\nContent-Type: text/html\r\nContent-Length: 42525\r\nConnection: keep-alive\r\nCache-Control: private\r\nSet-Cookie: ASPSESSIONIDCSBBSTTA=OKMMLOIAGOFLEPKLBBKJAEFN; path=/\r\nX-Frame-Options: SAMEORIGIN\r\n\r\n'
Traceback (most recent call last):
  File "/Users/yeon/Library/Python/3.9/lib/python/site-packages/urllib3/connectionpool.py", line 469, in _make_request
    assert_header_parsing(httplib_response.msg)
  File "/Users/yeon/Library/Python/3.9/lib/python/site-packages/urllib3/util/response.py", line 91, in assert_header_parsing
    raise HeaderParsingError(defects=defects, unparsed_data=unparsed_data)
urllib3.exceptions.HeaderParsingError: [MissingHeaderBodySeparatorDefect()], unparsed data: 'Server : Wow 3.8\r\nDate: Wed, 21 Dec 2022 04:07:20 GMT\r\nContent-Type: text/html\r\nContent-Length: 42525\r\nConnection: keep-alive\r\nCache-Control: private\r\nSet-Cookie: ASPSESSIONIDCSBBSTTA=OKMMLOIAGOFLEPKLBBKJAEFN; path=/\r\nX-Frame-Options: SAMEORIGIN\r\n\r\n'
2022-12-21 13:07:20,203 - WARNING - Failed to parse headers (url=https://www.sscmc.or.kr:443/info/notice/list.asp?db=BBS_notice&pageno=1&startpage=1&where=&keyfield=&keyword=&catekkk=): [MissingHeaderBodySeparatorDefect()], unparsed data: 'Server : Wow 3.8\r\nDate: Wed, 21 Dec 2022 04:07:20 GMT\r\nContent-Type: text/html\r\nContent-Length: 42525\r\nConnection: keep-alive\r\nCache-Control: private\r\nSet-Cookie: ASPSESSIONIDCSBBSTTA=OKMMLOIAGOFLEPKLBBKJAEFN; path=/\r\nX-Frame-Options: SAMEORIGIN\r\n\r\n'
Traceback (most recent call last):
  File "/Users/yeon/Library/Python/3.9/lib/python/site-packages/urllib3/connectionpool.py", line 469, in _make_request
    assert_header_parsing(httplib_response.msg)
  File "/Users/yeon/Library/Python/3.9/lib/python/site-packages/urllib3/util/response.py", line 91, in assert_header_parsing
    raise HeaderParsingError(defects=defects, unparsed_data=unparsed_data)
urllib3.exceptions.HeaderParsingError: [MissingHeaderBodySeparatorDefect()], unparsed data: 'Server : Wow 3.8\r\nDate: Wed, 21 Dec 2022 04:07:20 GMT\r\nContent-Type: text/html\r\nContent-Length: 42525\r\nConnection: keep-alive\r\nCache-Control: private\r\nSet-Cookie: ASPSESSIONIDCSBBSTTA=OKMMLOIAGOFLEPKLBBKJAEFN; path=/\r\nX-Frame-Options: SAMEORIGIN\r\n\r\n'
2022-12-21 13:07:20,203 - WARNING - Failed to parse headers (url=https://www.sscmc.or.kr:443/info/notice/list.asp?db=BBS_notice&pageno=1&startpage=1&where=&keyfield=&keyword=&catekkk=): [MissingHeaderBodySeparatorDefect()], unparsed data: 'Server : Wow 3.8\r\nDate: Wed, 21 Dec 2022 04:07:20 GMT\r\nContent-Type: text/html\r\nContent-Length: 42525\r\nConnection: keep-alive\r\nCache-Control: private\r\nSet-Cookie: ASPSESSIONIDCSBBSTTA=OKMMLOIAGOFLEPKLBBKJAEFN; path=/\r\nX-Frame-Options: SAMEORIGIN\r\n\r\n'
Traceback (most recent call last):
  File "/Users/yeon/Library/Python/3.9/lib/python/site-packages/urllib3/connectionpool.py", line 469, in _make_request
    assert_header_parsing(httplib_response.msg)
  File "/Users/yeon/Library/Python/3.9/lib/python/site-packages/urllib3/util/response.py", line 91, in assert_header_parsing
    raise HeaderParsingError(defects=defects, unparsed_data=unparsed_data)
urllib3.exceptions.HeaderParsingError: [MissingHeaderBodySeparatorDefect()], unparsed data: 'Server : Wow 3.8\r\nDate: Wed, 21 Dec 2022 04:07:20 GMT\r\nContent-Type: text/html\r\nContent-Length: 42525\r\nConnection: keep-alive\r\nCache-Control: private\r\nSet-Cookie: ASPSESSIONIDCSBBSTTA=OKMMLOIAGOFLEPKLBBKJAEFN; path=/\r\nX-Frame-Options: SAMEORIGIN\r\n\r\n'
2022-12-21 13:07:20,203 - WARNING - Failed to parse headers (url=https://www.sscmc.or.kr:443/info/notice/list.asp?db=BBS_notice&pageno=1&startpage=1&where=&keyfield=&keyword=&catekkk=): [MissingHeaderBodySeparatorDefect()], unparsed data: 'Server : Wow 3.8\r\nDate: Wed, 21 Dec 2022 04:07:20 GMT\r\nContent-Type: text/html\r\nContent-Length: 42525\r\nConnection: keep-alive\r\nCache-Control: private\r\nSet-Cookie: ASPSESSIONIDCSBBSTTA=OKMMLOIAGOFLEPKLBBKJAEFN; path=/\r\nX-Frame-Options: SAMEORIGIN\r\n\r\n'
Traceback (most recent call last):
  File "/Users/yeon/Library/Python/3.9/lib/python/site-packages/urllib3/connectionpool.py", line 469, in _make_request
    assert_header_parsing(httplib_response.msg)
  File "/Users/yeon/Library/Python/3.9/lib/python/site-packages/urllib3/util/response.py", line 91, in assert_header_parsing
    raise HeaderParsingError(defects=defects, unparsed_data=unparsed_data)
urllib3.exceptions.HeaderParsingError: [MissingHeaderBodySeparatorDefect()], unparsed data: 'Server : Wow 3.8\r\nDate: Wed, 21 Dec 2022 04:07:20 GMT\r\nContent-Type: text/html\r\nContent-Length: 42525\r\nConnection: keep-alive\r\nCache-Control: private\r\nSet-Cookie: ASPSESSIONIDCSBBSTTA=OKMMLOIAGOFLEPKLBBKJAEFN; path=/\r\nX-Frame-Options: SAMEORIGIN\r\n\r\n'
2022-12-21 13:07:20,203 - WARNING - Failed to parse headers (url=https://www.sscmc.or.kr:443/info/notice/list.asp?db=BBS_notice&pageno=1&startpage=1&where=&keyfield=&keyword=&catekkk=): [MissingHeaderBodySeparatorDefect()], unparsed data: 'Server : Wow 3.8\r\nDate: Wed, 21 Dec 2022 04:07:20 GMT\r\nContent-Type: text/html\r\nContent-Length: 42525\r\nConnection: keep-alive\r\nCache-Control: private\r\nSet-Cookie: ASPSESSIONIDCSBBSTTA=OKMMLOIAGOFLEPKLBBKJAEFN; path=/\r\nX-Frame-Options: SAMEORIGIN\r\n\r\n'
Traceback (most recent call last):
  File "/Users/yeon/Library/Python/3.9/lib/python/site-packages/urllib3/connectionpool.py", line 469, in _make_request
    assert_header_parsing(httplib_response.msg)
  File "/Users/yeon/Library/Python/3.9/lib/python/site-packages/urllib3/util/response.py", line 91, in assert_header_parsing
    raise HeaderParsingError(defects=defects, unparsed_data=unparsed_data)
urllib3.exceptions.HeaderParsingError: [MissingHeaderBodySeparatorDefect()], unparsed data: 'Server : Wow 3.8\r\nDate: Wed, 21 Dec 2022 04:07:20 GMT\r\nContent-Type: text/html\r\nContent-Length: 42525\r\nConnection: keep-alive\r\nCache-Control: private\r\nSet-Cookie: ASPSESSIONIDCSBBSTTA=OKMMLOIAGOFLEPKLBBKJAEFN; path=/\r\nX-Frame-Options: SAMEORIGIN\r\n\r\n'
2022-12-21 13:07:20,203 - WARNING - Failed to parse headers (url=https://www.sscmc.or.kr:443/info/notice/list.asp?db=BBS_notice&pageno=1&startpage=1&where=&keyfield=&keyword=&catekkk=): [MissingHeaderBodySeparatorDefect()], unparsed data: 'Server : Wow 3.8\r\nDate: Wed, 21 Dec 2022 04:07:20 GMT\r\nContent-Type: text/html\r\nContent-Length: 42525\r\nConnection: keep-alive\r\nCache-Control: private\r\nSet-Cookie: ASPSESSIONIDCSBBSTTA=OKMMLOIAGOFLEPKLBBKJAEFN; path=/\r\nX-Frame-Options: SAMEORIGIN\r\n\r\n'
Traceback (most recent call last):
  File "/Users/yeon/Library/Python/3.9/lib/python/site-packages/urllib3/connectionpool.py", line 469, in _make_request
    assert_header_parsing(httplib_response.msg)
  File "/Users/yeon/Library/Python/3.9/lib/python/site-packages/urllib3/util/response.py", line 91, in assert_header_parsing
    raise HeaderParsingError(defects=defects, unparsed_data=unparsed_data)
urllib3.exceptions.HeaderParsingError: [MissingHeaderBodySeparatorDefect()], unparsed data: 'Server : Wow 3.8\r\nDate: Wed, 21 Dec 2022 04:07:20 GMT\r\nContent-Type: text/html\r\nContent-Length: 42525\r\nConnection: keep-alive\r\nCache-Control: private\r\nSet-Cookie: ASPSESSIONIDCSBBSTTA=OKMMLOIAGOFLEPKLBBKJAEFN; path=/\r\nX-Frame-Options: SAMEORIGIN\r\n\r\n'
2022-12-21 13:07:20,203 - WARNING - Failed to parse headers (url=https://www.sscmc.or.kr:443/info/notice/list.asp?db=BBS_notice&pageno=1&startpage=1&where=&keyfield=&keyword=&catekkk=): [MissingHeaderBodySeparatorDefect()], unparsed data: 'Server : Wow 3.8\r\nDate: Wed, 21 Dec 2022 04:07:20 GMT\r\nContent-Type: text/html\r\nContent-Length: 42525\r\nConnection: keep-alive\r\nCache-Control: private\r\nSet-Cookie: ASPSESSIONIDCSBBSTTA=OKMMLOIAGOFLEPKLBBKJAEFN; path=/\r\nX-Frame-Options: SAMEORIGIN\r\n\r\n'
Traceback (most recent call last):
  File "/Users/yeon/Library/Python/3.9/lib/python/site-packages/urllib3/connectionpool.py", line 469, in _make_request
    assert_header_parsing(httplib_response.msg)
  File "/Users/yeon/Library/Python/3.9/lib/python/site-packages/urllib3/util/response.py", line 91, in assert_header_parsing
    raise HeaderParsingError(defects=defects, unparsed_data=unparsed_data)
urllib3.exceptions.HeaderParsingError: [MissingHeaderBodySeparatorDefect()], unparsed data: 'Server : Wow 3.8\r\nDate: Wed, 21 Dec 2022 04:07:20 GMT\r\nContent-Type: text/html\r\nContent-Length: 42525\r\nConnection: keep-alive\r\nCache-Control: private\r\nSet-Cookie: ASPSESSIONIDCSBBSTTA=OKMMLOIAGOFLEPKLBBKJAEFN; path=/\r\nX-Frame-Options: SAMEORIGIN\r\n\r\n'
2022-12-21 13:07:20,203 - WARNING - Failed to parse headers (url=https://www.sscmc.or.kr:443/info/notice/list.asp?db=BBS_notice&pageno=1&startpage=1&where=&keyfield=&keyword=&catekkk=): [MissingHeaderBodySeparatorDefect()], unparsed data: 'Server : Wow 3.8\r\nDate: Wed, 21 Dec 2022 04:07:20 GMT\r\nContent-Type: text/html\r\nContent-Length: 42525\r\nConnection: keep-alive\r\nCache-Control: private\r\nSet-Cookie: ASPSESSIONIDCSBBSTTA=OKMMLOIAGOFLEPKLBBKJAEFN; path=/\r\nX-Frame-Options: SAMEORIGIN\r\n\r\n'
Traceback (most recent call last):
  File "/Users/yeon/Library/Python/3.9/lib/python/site-packages/urllib3/connectionpool.py", line 469, in _make_request
    assert_header_parsing(httplib_response.msg)
  File "/Users/yeon/Library/Python/3.9/lib/python/site-packages/urllib3/util/response.py", line 91, in assert_header_parsing
    raise HeaderParsingError(defects=defects, unparsed_data=unparsed_data)
urllib3.exceptions.HeaderParsingError: [MissingHeaderBodySeparatorDefect()], unparsed data: 'Server : Wow 3.8\r\nDate: Wed, 21 Dec 2022 04:07:20 GMT\r\nContent-Type: text/html\r\nContent-Length: 42525\r\nConnection: keep-alive\r\nCache-Control: private\r\nSet-Cookie: ASPSESSIONIDCSBBSTTA=OKMMLOIAGOFLEPKLBBKJAEFN; path=/\r\nX-Frame-Options: SAMEORIGIN\r\n\r\n'
2022-12-21 13:07:20,203 - WARNING - Failed to parse headers (url=https://www.sscmc.or.kr:443/info/notice/list.asp?db=BBS_notice&pageno=1&startpage=1&where=&keyfield=&keyword=&catekkk=): [MissingHeaderBodySeparatorDefect()], unparsed data: 'Server : Wow 3.8\r\nDate: Wed, 21 Dec 2022 04:07:20 GMT\r\nContent-Type: text/html\r\nContent-Length: 42525\r\nConnection: keep-alive\r\nCache-Control: private\r\nSet-Cookie: ASPSESSIONIDCSBBSTTA=OKMMLOIAGOFLEPKLBBKJAEFN; path=/\r\nX-Frame-Options: SAMEORIGIN\r\n\r\n'
Traceback (most recent call last):
  File "/Users/yeon/Library/Python/3.9/lib/python/site-packages/urllib3/connectionpool.py", line 469, in _make_request
    assert_header_parsing(httplib_response.msg)
  File "/Users/yeon/Library/Python/3.9/lib/python/site-packages/urllib3/util/response.py", line 91, in assert_header_parsing
    raise HeaderParsingError(defects=defects, unparsed_data=unparsed_data)
urllib3.exceptions.HeaderParsingError: [MissingHeaderBodySeparatorDefect()], unparsed data: 'Server : Wow 3.8\r\nDate: Wed, 21 Dec 2022 04:07:20 GMT\r\nContent-Type: text/html\r\nContent-Length: 42525\r\nConnection: keep-alive\r\nCache-Control: private\r\nSet-Cookie: ASPSESSIONIDCSBBSTTA=OKMMLOIAGOFLEPKLBBKJAEFN; path=/\r\nX-Frame-Options: SAMEORIGIN\r\n\r\n'
2022-12-21 13:08:35,819 - INFO - SEODAEMUN
2022-12-21 13:08:35,819 - INFO - SEODAEMUN
2022-12-21 13:08:35,819 - INFO - SEODAEMUN
2022-12-21 13:08:35,819 - INFO - SEODAEMUN
2022-12-21 13:08:35,819 - INFO - SEODAEMUN
2022-12-21 13:08:35,819 - INFO - SEODAEMUN
2022-12-21 13:08:35,819 - INFO - SEODAEMUN
2022-12-21 13:08:35,819 - INFO - SEODAEMUN
2022-12-21 13:08:35,819 - INFO - SEODAEMUN
2022-12-21 13:08:35,819 - INFO - SEODAEMUN
2022-12-21 13:08:35,819 - INFO - SEODAEMUN
2022-12-21 13:08:35,819 - INFO - SEODAEMUN
2022-12-21 16:14:54,545 - INFO - YONGSAN
