2022-12-20 09:45:40,618 - INFO - EUNPYENG
2022-12-20 09:45:49,819 - INFO - EUNPYENG
2022-12-20 09:45:49,819 - INFO - EUNPYENG
2022-12-20 09:45:51,291 - INFO - GWANAK
2022-12-20 09:45:51,291 - INFO - GWANAK
2022-12-20 09:45:51,291 - INFO - GWANAK
2022-12-20 09:46:06,082 - INFO - GWANAK
2022-12-20 09:46:06,082 - INFO - GWANAK
2022-12-20 09:46:06,082 - INFO - GWANAK
2022-12-20 09:46:06,082 - INFO - GWANAK
2022-12-20 09:46:16,747 - INFO - SEONGDONG
2022-12-20 09:46:16,747 - INFO - SEONGDONG
2022-12-20 09:46:16,747 - INFO - SEONGDONG
2022-12-20 09:46:16,747 - INFO - SEONGDONG
2022-12-20 09:46:16,747 - INFO - SEONGDONG
2022-12-20 09:46:24,109 - INFO - SEONGDONG
2022-12-20 09:46:24,109 - INFO - SEONGDONG
2022-12-20 09:46:24,109 - INFO - SEONGDONG
2022-12-20 09:46:24,109 - INFO - SEONGDONG
2022-12-20 09:46:24,109 - INFO - SEONGDONG
2022-12-20 09:46:24,109 - INFO - SEONGDONG
2022-12-20 11:30:07,250 - INFO - GANGDONG
2022-12-20 15:10:11,277 - INFO - DONGDAEMUN
2022-12-20 19:02:02,229 - INFO - MAPO
