2022-12-28 09:15:21,183 - INFO - JUNGNANG
2022-12-28 09:22:21,700 - INFO - JUNGNANG
2022-12-28 09:22:22,762 - WARNING - Failed to parse headers (url=https://www.jungnang.go.kr:443/portal/bbs/list/B0000002.do?searchCnd=&searchWrd=&gubun=&delCode=0&useAt=&replyAt=&menuNo=200473&sdate=&edate=&deptId=&deptName=&popupYn=&dept=&dong=&option1=&viewType=&searchCnd2=&pageIndex=1): [FirstHeaderLineIsContinuationDefect(' X-Content-Type-Options: nosniff\r\n')], unparsed data: ''
Traceback (most recent call last):
  File "/Users/yeon/Library/Python/3.9/lib/python/site-packages/urllib3/connectionpool.py", line 469, in _make_request
    assert_header_parsing(httplib_response.msg)
  File "/Users/yeon/Library/Python/3.9/lib/python/site-packages/urllib3/util/response.py", line 91, in assert_header_parsing
    raise HeaderParsingError(defects=defects, unparsed_data=unparsed_data)
urllib3.exceptions.HeaderParsingError: [FirstHeaderLineIsContinuationDefect(' X-Content-Type-Options: nosniff\r\n')], unparsed data: ''
2022-12-28 09:22:27,299 - INFO - JUNGNANG
2022-12-28 09:22:27,299 - INFO - JUNGNANG
2022-12-28 09:22:36,638 - INFO - YONGSAN
2022-12-28 09:22:36,638 - INFO - YONGSAN
2022-12-28 09:22:36,638 - INFO - YONGSAN
2022-12-28 09:22:38,888 - INFO - YONGSAN
2022-12-28 09:22:38,888 - INFO - YONGSAN
2022-12-28 09:22:38,888 - INFO - YONGSAN
2022-12-28 09:22:38,888 - INFO - YONGSAN
2022-12-28 09:22:40,574 - INFO - YONGSAN
2022-12-28 09:22:40,574 - INFO - YONGSAN
2022-12-28 09:22:40,574 - INFO - YONGSAN
2022-12-28 09:22:40,574 - INFO - YONGSAN
2022-12-28 09:22:40,574 - INFO - YONGSAN
2022-12-28 09:22:42,129 - INFO - GANGNAM
2022-12-28 09:22:42,129 - INFO - GANGNAM
2022-12-28 09:22:42,129 - INFO - GANGNAM
2022-12-28 09:22:42,129 - INFO - GANGNAM
2022-12-28 09:22:42,129 - INFO - GANGNAM
2022-12-28 09:22:42,129 - INFO - GANGNAM
2022-12-28 09:22:57,783 - INFO - GANGNAM
2022-12-28 09:22:57,783 - INFO - GANGNAM
2022-12-28 09:22:57,783 - INFO - GANGNAM
2022-12-28 09:22:57,783 - INFO - GANGNAM
2022-12-28 09:22:57,783 - INFO - GANGNAM
2022-12-28 09:22:57,783 - INFO - GANGNAM
2022-12-28 09:22:57,783 - INFO - GANGNAM
2022-12-28 09:22:59,528 - INFO - GANGDONG
2022-12-28 09:22:59,528 - INFO - GANGDONG
2022-12-28 09:22:59,528 - INFO - GANGDONG
2022-12-28 09:22:59,528 - INFO - GANGDONG
2022-12-28 09:22:59,528 - INFO - GANGDONG
2022-12-28 09:22:59,528 - INFO - GANGDONG
2022-12-28 09:22:59,528 - INFO - GANGDONG
2022-12-28 09:22:59,528 - INFO - GANGDONG
2022-12-28 09:23:06,484 - INFO - GURO
2022-12-28 09:23:06,484 - INFO - GURO
2022-12-28 09:23:06,484 - INFO - GURO
2022-12-28 09:23:06,484 - INFO - GURO
2022-12-28 09:23:06,484 - INFO - GURO
2022-12-28 09:23:06,484 - INFO - GURO
2022-12-28 09:23:06,484 - INFO - GURO
2022-12-28 09:23:06,484 - INFO - GURO
2022-12-28 09:23:06,484 - INFO - GURO
2022-12-28 09:23:11,727 - INFO - GURO
2022-12-28 09:23:11,727 - INFO - GURO
2022-12-28 09:23:11,727 - INFO - GURO
2022-12-28 09:23:11,727 - INFO - GURO
2022-12-28 09:23:11,727 - INFO - GURO
2022-12-28 09:23:11,727 - INFO - GURO
2022-12-28 09:23:11,727 - INFO - GURO
2022-12-28 09:23:11,727 - INFO - GURO
2022-12-28 09:23:11,727 - INFO - GURO
2022-12-28 09:23:11,727 - INFO - GURO
2022-12-28 09:23:22,095 - INFO - GANGSEO
2022-12-28 09:23:22,095 - INFO - GANGSEO
2022-12-28 09:23:22,095 - INFO - GANGSEO
2022-12-28 09:23:22,095 - INFO - GANGSEO
2022-12-28 09:23:22,095 - INFO - GANGSEO
2022-12-28 09:23:22,095 - INFO - GANGSEO
2022-12-28 09:23:22,095 - INFO - GANGSEO
2022-12-28 09:23:22,095 - INFO - GANGSEO
2022-12-28 09:23:22,095 - INFO - GANGSEO
2022-12-28 09:23:22,095 - INFO - GANGSEO
2022-12-28 09:23:22,095 - INFO - GANGSEO
2022-12-28 09:23:27,314 - INFO - GANGSEO
2022-12-28 09:23:27,314 - INFO - GANGSEO
2022-12-28 09:23:27,314 - INFO - GANGSEO
2022-12-28 09:23:27,314 - INFO - GANGSEO
2022-12-28 09:23:27,314 - INFO - GANGSEO
2022-12-28 09:23:27,314 - INFO - GANGSEO
2022-12-28 09:23:27,314 - INFO - GANGSEO
2022-12-28 09:23:27,314 - INFO - GANGSEO
2022-12-28 09:23:27,314 - INFO - GANGSEO
2022-12-28 09:23:27,314 - INFO - GANGSEO
2022-12-28 09:23:27,314 - INFO - GANGSEO
2022-12-28 09:23:27,314 - INFO - GANGSEO
2022-12-28 09:23:29,902 - INFO - GANGDONG
2022-12-28 09:23:29,902 - INFO - GANGDONG
2022-12-28 09:23:29,902 - INFO - GANGDONG
2022-12-28 09:23:29,902 - INFO - GANGDONG
2022-12-28 09:23:29,902 - INFO - GANGDONG
2022-12-28 09:23:29,902 - INFO - GANGDONG
2022-12-28 09:23:29,902 - INFO - GANGDONG
2022-12-28 09:23:29,902 - INFO - GANGDONG
2022-12-28 09:23:29,902 - INFO - GANGDONG
2022-12-28 09:23:29,902 - INFO - GANGDONG
2022-12-28 09:23:29,902 - INFO - GANGDONG
2022-12-28 09:23:29,902 - INFO - GANGDONG
2022-12-28 09:23:29,902 - INFO - GANGDONG
2022-12-28 09:23:31,996 - INFO - GANGDONG
2022-12-28 09:23:31,996 - INFO - GANGDONG
2022-12-28 09:23:31,996 - INFO - GANGDONG
2022-12-28 09:23:31,996 - INFO - GANGDONG
2022-12-28 09:23:31,996 - INFO - GANGDONG
2022-12-28 09:23:31,996 - INFO - GANGDONG
2022-12-28 09:23:31,996 - INFO - GANGDONG
2022-12-28 09:23:31,996 - INFO - GANGDONG
2022-12-28 09:23:31,996 - INFO - GANGDONG
2022-12-28 09:23:31,996 - INFO - GANGDONG
2022-12-28 09:23:31,996 - INFO - GANGDONG
2022-12-28 09:23:31,996 - INFO - GANGDONG
2022-12-28 09:23:31,996 - INFO - GANGDONG
2022-12-28 09:23:31,996 - INFO - GANGDONG
2022-12-28 09:23:33,761 - INFO - GANGDONG
2022-12-28 09:23:33,761 - INFO - GANGDONG
2022-12-28 09:23:33,761 - INFO - GANGDONG
2022-12-28 09:23:33,761 - INFO - GANGDONG
2022-12-28 09:23:33,761 - INFO - GANGDONG
2022-12-28 09:23:33,761 - INFO - GANGDONG
2022-12-28 09:23:33,761 - INFO - GANGDONG
2022-12-28 09:23:33,761 - INFO - GANGDONG
2022-12-28 09:23:33,761 - INFO - GANGDONG
2022-12-28 09:23:33,761 - INFO - GANGDONG
2022-12-28 09:23:33,761 - INFO - GANGDONG
2022-12-28 09:23:33,761 - INFO - GANGDONG
2022-12-28 09:23:33,761 - INFO - GANGDONG
2022-12-28 09:23:33,761 - INFO - GANGDONG
2022-12-28 09:23:33,761 - INFO - GANGDONG
2022-12-28 09:23:43,923 - INFO - DOBONG
2022-12-28 09:23:43,923 - INFO - DOBONG
2022-12-28 09:23:43,923 - INFO - DOBONG
2022-12-28 09:23:43,923 - INFO - DOBONG
2022-12-28 09:23:43,923 - INFO - DOBONG
2022-12-28 09:23:43,923 - INFO - DOBONG
2022-12-28 09:23:43,923 - INFO - DOBONG
2022-12-28 09:23:43,923 - INFO - DOBONG
2022-12-28 09:23:43,923 - INFO - DOBONG
2022-12-28 09:23:43,923 - INFO - DOBONG
2022-12-28 09:23:43,923 - INFO - DOBONG
2022-12-28 09:23:43,923 - INFO - DOBONG
2022-12-28 09:23:43,923 - INFO - DOBONG
2022-12-28 09:23:43,923 - INFO - DOBONG
2022-12-28 09:23:43,923 - INFO - DOBONG
2022-12-28 09:23:43,923 - INFO - DOBONG
2022-12-28 09:23:45,603 - INFO - DOBONG
2022-12-28 09:23:45,603 - INFO - DOBONG
2022-12-28 09:23:45,603 - INFO - DOBONG
2022-12-28 09:23:45,603 - INFO - DOBONG
2022-12-28 09:23:45,603 - INFO - DOBONG
2022-12-28 09:23:45,603 - INFO - DOBONG
2022-12-28 09:23:45,603 - INFO - DOBONG
2022-12-28 09:23:45,603 - INFO - DOBONG
2022-12-28 09:23:45,603 - INFO - DOBONG
2022-12-28 09:23:45,603 - INFO - DOBONG
2022-12-28 09:23:45,603 - INFO - DOBONG
2022-12-28 09:23:45,603 - INFO - DOBONG
2022-12-28 09:23:45,603 - INFO - DOBONG
2022-12-28 09:23:45,603 - INFO - DOBONG
2022-12-28 09:23:45,603 - INFO - DOBONG
2022-12-28 09:23:45,603 - INFO - DOBONG
2022-12-28 09:23:45,603 - INFO - DOBONG
2022-12-28 09:23:47,603 - INFO - GANGBUK
2022-12-28 09:23:47,603 - INFO - GANGBUK
2022-12-28 09:23:47,603 - INFO - GANGBUK
2022-12-28 09:23:47,603 - INFO - GANGBUK
2022-12-28 09:23:47,603 - INFO - GANGBUK
2022-12-28 09:23:47,603 - INFO - GANGBUK
2022-12-28 09:23:47,603 - INFO - GANGBUK
2022-12-28 09:23:47,603 - INFO - GANGBUK
2022-12-28 09:23:47,603 - INFO - GANGBUK
2022-12-28 09:23:47,603 - INFO - GANGBUK
2022-12-28 09:23:47,603 - INFO - GANGBUK
2022-12-28 09:23:47,603 - INFO - GANGBUK
2022-12-28 09:23:47,603 - INFO - GANGBUK
2022-12-28 09:23:47,603 - INFO - GANGBUK
2022-12-28 09:23:47,603 - INFO - GANGBUK
2022-12-28 09:23:47,603 - INFO - GANGBUK
2022-12-28 09:23:47,603 - INFO - GANGBUK
2022-12-28 09:23:47,603 - INFO - GANGBUK
2022-12-28 09:23:56,798 - INFO - GANGBUK
2022-12-28 09:23:56,798 - INFO - GANGBUK
2022-12-28 09:23:56,798 - INFO - GANGBUK
2022-12-28 09:23:56,798 - INFO - GANGBUK
2022-12-28 09:23:56,798 - INFO - GANGBUK
2022-12-28 09:23:56,798 - INFO - GANGBUK
2022-12-28 09:23:56,798 - INFO - GANGBUK
2022-12-28 09:23:56,798 - INFO - GANGBUK
2022-12-28 09:23:56,798 - INFO - GANGBUK
2022-12-28 09:23:56,798 - INFO - GANGBUK
2022-12-28 09:23:56,798 - INFO - GANGBUK
2022-12-28 09:23:56,798 - INFO - GANGBUK
2022-12-28 09:23:56,798 - INFO - GANGBUK
2022-12-28 09:23:56,798 - INFO - GANGBUK
2022-12-28 09:23:56,798 - INFO - GANGBUK
2022-12-28 09:23:56,798 - INFO - GANGBUK
2022-12-28 09:23:56,798 - INFO - GANGBUK
2022-12-28 09:23:56,798 - INFO - GANGBUK
2022-12-28 09:23:56,798 - INFO - GANGBUK
2022-12-28 09:24:06,655 - INFO - DONGDAEMUN
2022-12-28 09:24:06,655 - INFO - DONGDAEMUN
2022-12-28 09:24:06,655 - INFO - DONGDAEMUN
2022-12-28 09:24:06,655 - INFO - DONGDAEMUN
2022-12-28 09:24:06,655 - INFO - DONGDAEMUN
2022-12-28 09:24:06,655 - INFO - DONGDAEMUN
2022-12-28 09:24:06,655 - INFO - DONGDAEMUN
2022-12-28 09:24:06,655 - INFO - DONGDAEMUN
2022-12-28 09:24:06,655 - INFO - DONGDAEMUN
2022-12-28 09:24:06,655 - INFO - DONGDAEMUN
2022-12-28 09:24:06,655 - INFO - DONGDAEMUN
2022-12-28 09:24:06,655 - INFO - DONGDAEMUN
2022-12-28 09:24:06,655 - INFO - DONGDAEMUN
2022-12-28 09:24:06,655 - INFO - DONGDAEMUN
2022-12-28 09:24:06,655 - INFO - DONGDAEMUN
2022-12-28 09:24:06,655 - INFO - DONGDAEMUN
2022-12-28 09:24:06,655 - INFO - DONGDAEMUN
2022-12-28 09:24:06,655 - INFO - DONGDAEMUN
2022-12-28 09:24:06,655 - INFO - DONGDAEMUN
2022-12-28 09:24:06,655 - INFO - DONGDAEMUN
2022-12-28 09:24:08,668 - INFO - DONGDAEMUN
2022-12-28 09:24:08,668 - INFO - DONGDAEMUN
2022-12-28 09:24:08,668 - INFO - DONGDAEMUN
2022-12-28 09:24:08,668 - INFO - DONGDAEMUN
2022-12-28 09:24:08,668 - INFO - DONGDAEMUN
2022-12-28 09:24:08,668 - INFO - DONGDAEMUN
2022-12-28 09:24:08,668 - INFO - DONGDAEMUN
2022-12-28 09:24:08,668 - INFO - DONGDAEMUN
2022-12-28 09:24:08,668 - INFO - DONGDAEMUN
2022-12-28 09:24:08,668 - INFO - DONGDAEMUN
2022-12-28 09:24:08,668 - INFO - DONGDAEMUN
2022-12-28 09:24:08,668 - INFO - DONGDAEMUN
2022-12-28 09:24:08,668 - INFO - DONGDAEMUN
2022-12-28 09:24:08,668 - INFO - DONGDAEMUN
2022-12-28 09:24:08,668 - INFO - DONGDAEMUN
2022-12-28 09:24:08,668 - INFO - DONGDAEMUN
2022-12-28 09:24:08,668 - INFO - DONGDAEMUN
2022-12-28 09:24:08,668 - INFO - DONGDAEMUN
2022-12-28 09:24:08,668 - INFO - DONGDAEMUN
2022-12-28 09:24:08,668 - INFO - DONGDAEMUN
2022-12-28 09:24:08,668 - INFO - DONGDAEMUN
2022-12-28 09:24:10,921 - INFO - DONGDAEMUN
2022-12-28 09:24:10,921 - INFO - DONGDAEMUN
2022-12-28 09:24:10,921 - INFO - DONGDAEMUN
2022-12-28 09:24:10,921 - INFO - DONGDAEMUN
2022-12-28 09:24:10,921 - INFO - DONGDAEMUN
2022-12-28 09:24:10,921 - INFO - DONGDAEMUN
2022-12-28 09:24:10,921 - INFO - DONGDAEMUN
2022-12-28 09:24:10,921 - INFO - DONGDAEMUN
2022-12-28 09:24:10,921 - INFO - DONGDAEMUN
2022-12-28 09:24:10,921 - INFO - DONGDAEMUN
2022-12-28 09:24:10,921 - INFO - DONGDAEMUN
2022-12-28 09:24:10,921 - INFO - DONGDAEMUN
2022-12-28 09:24:10,921 - INFO - DONGDAEMUN
2022-12-28 09:24:10,921 - INFO - DONGDAEMUN
2022-12-28 09:24:10,921 - INFO - DONGDAEMUN
2022-12-28 09:24:10,921 - INFO - DONGDAEMUN
2022-12-28 09:24:10,921 - INFO - DONGDAEMUN
2022-12-28 09:24:10,921 - INFO - DONGDAEMUN
2022-12-28 09:24:10,921 - INFO - DONGDAEMUN
2022-12-28 09:24:10,921 - INFO - DONGDAEMUN
2022-12-28 09:24:10,921 - INFO - DONGDAEMUN
2022-12-28 09:24:10,921 - INFO - DONGDAEMUN
2022-12-28 09:24:12,162 - INFO - DONGJAK
2022-12-28 09:24:12,162 - INFO - DONGJAK
2022-12-28 09:24:12,162 - INFO - DONGJAK
2022-12-28 09:24:12,162 - INFO - DONGJAK
2022-12-28 09:24:12,162 - INFO - DONGJAK
2022-12-28 09:24:12,162 - INFO - DONGJAK
2022-12-28 09:24:12,162 - INFO - DONGJAK
2022-12-28 09:24:12,162 - INFO - DONGJAK
2022-12-28 09:24:12,162 - INFO - DONGJAK
2022-12-28 09:24:12,162 - INFO - DONGJAK
2022-12-28 09:24:12,162 - INFO - DONGJAK
2022-12-28 09:24:12,162 - INFO - DONGJAK
2022-12-28 09:24:12,162 - INFO - DONGJAK
2022-12-28 09:24:12,162 - INFO - DONGJAK
2022-12-28 09:24:12,162 - INFO - DONGJAK
2022-12-28 09:24:12,162 - INFO - DONGJAK
2022-12-28 09:24:12,162 - INFO - DONGJAK
2022-12-28 09:24:12,162 - INFO - DONGJAK
2022-12-28 09:24:12,162 - INFO - DONGJAK
2022-12-28 09:24:12,162 - INFO - DONGJAK
2022-12-28 09:24:12,162 - INFO - DONGJAK
2022-12-28 09:24:12,162 - INFO - DONGJAK
2022-12-28 09:24:12,162 - INFO - DONGJAK
2022-12-28 09:24:20,325 - INFO - DONGJAK
2022-12-28 09:24:20,325 - INFO - DONGJAK
2022-12-28 09:24:20,325 - INFO - DONGJAK
2022-12-28 09:24:20,325 - INFO - DONGJAK
2022-12-28 09:24:20,325 - INFO - DONGJAK
2022-12-28 09:24:20,325 - INFO - DONGJAK
2022-12-28 09:24:20,325 - INFO - DONGJAK
2022-12-28 09:24:20,325 - INFO - DONGJAK
2022-12-28 09:24:20,325 - INFO - DONGJAK
2022-12-28 09:24:20,325 - INFO - DONGJAK
2022-12-28 09:24:20,325 - INFO - DONGJAK
2022-12-28 09:24:20,325 - INFO - DONGJAK
2022-12-28 09:24:20,325 - INFO - DONGJAK
2022-12-28 09:24:20,325 - INFO - DONGJAK
2022-12-28 09:24:20,325 - INFO - DONGJAK
2022-12-28 09:24:20,325 - INFO - DONGJAK
2022-12-28 09:24:20,325 - INFO - DONGJAK
2022-12-28 09:24:20,325 - INFO - DONGJAK
2022-12-28 09:24:20,325 - INFO - DONGJAK
2022-12-28 09:24:20,325 - INFO - DONGJAK
2022-12-28 09:24:20,325 - INFO - DONGJAK
2022-12-28 09:24:20,325 - INFO - DONGJAK
2022-12-28 09:24:20,325 - INFO - DONGJAK
2022-12-28 09:24:20,325 - INFO - DONGJAK
2022-12-28 09:24:32,831 - INFO - GEUAMCHEOUN
2022-12-28 09:24:32,831 - INFO - GEUAMCHEOUN
2022-12-28 09:24:32,831 - INFO - GEUAMCHEOUN
2022-12-28 09:24:32,831 - INFO - GEUAMCHEOUN
2022-12-28 09:24:32,831 - INFO - GEUAMCHEOUN
2022-12-28 09:24:32,831 - INFO - GEUAMCHEOUN
2022-12-28 09:24:32,831 - INFO - GEUAMCHEOUN
2022-12-28 09:24:32,831 - INFO - GEUAMCHEOUN
2022-12-28 09:24:32,831 - INFO - GEUAMCHEOUN
2022-12-28 09:24:32,831 - INFO - GEUAMCHEOUN
2022-12-28 09:24:32,831 - INFO - GEUAMCHEOUN
2022-12-28 09:24:32,831 - INFO - GEUAMCHEOUN
2022-12-28 09:24:32,831 - INFO - GEUAMCHEOUN
2022-12-28 09:24:32,831 - INFO - GEUAMCHEOUN
2022-12-28 09:24:32,831 - INFO - GEUAMCHEOUN
2022-12-28 09:24:32,831 - INFO - GEUAMCHEOUN
2022-12-28 09:24:32,831 - INFO - GEUAMCHEOUN
2022-12-28 09:24:32,831 - INFO - GEUAMCHEOUN
2022-12-28 09:24:32,831 - INFO - GEUAMCHEOUN
2022-12-28 09:24:32,831 - INFO - GEUAMCHEOUN
2022-12-28 09:24:32,831 - INFO - GEUAMCHEOUN
2022-12-28 09:24:32,831 - INFO - GEUAMCHEOUN
2022-12-28 09:24:32,831 - INFO - GEUAMCHEOUN
2022-12-28 09:24:32,831 - INFO - GEUAMCHEOUN
2022-12-28 09:24:32,831 - INFO - GEUAMCHEOUN
2022-12-28 09:24:35,905 - INFO - GEUAMCHEOUN
2022-12-28 09:24:35,905 - INFO - GEUAMCHEOUN
2022-12-28 09:24:35,905 - INFO - GEUAMCHEOUN
2022-12-28 09:24:35,905 - INFO - GEUAMCHEOUN
2022-12-28 09:24:35,905 - INFO - GEUAMCHEOUN
2022-12-28 09:24:35,905 - INFO - GEUAMCHEOUN
2022-12-28 09:24:35,905 - INFO - GEUAMCHEOUN
2022-12-28 09:24:35,905 - INFO - GEUAMCHEOUN
2022-12-28 09:24:35,905 - INFO - GEUAMCHEOUN
2022-12-28 09:24:35,905 - INFO - GEUAMCHEOUN
2022-12-28 09:24:35,905 - INFO - GEUAMCHEOUN
2022-12-28 09:24:35,905 - INFO - GEUAMCHEOUN
2022-12-28 09:24:35,905 - INFO - GEUAMCHEOUN
2022-12-28 09:24:35,905 - INFO - GEUAMCHEOUN
2022-12-28 09:24:35,905 - INFO - GEUAMCHEOUN
2022-12-28 09:24:35,905 - INFO - GEUAMCHEOUN
2022-12-28 09:24:35,905 - INFO - GEUAMCHEOUN
2022-12-28 09:24:35,905 - INFO - GEUAMCHEOUN
2022-12-28 09:24:35,905 - INFO - GEUAMCHEOUN
2022-12-28 09:24:35,905 - INFO - GEUAMCHEOUN
2022-12-28 09:24:35,905 - INFO - GEUAMCHEOUN
2022-12-28 09:24:35,905 - INFO - GEUAMCHEOUN
2022-12-28 09:24:35,905 - INFO - GEUAMCHEOUN
2022-12-28 09:24:35,905 - INFO - GEUAMCHEOUN
2022-12-28 09:24:35,905 - INFO - GEUAMCHEOUN
2022-12-28 09:24:35,905 - INFO - GEUAMCHEOUN
2022-12-28 09:24:37,166 - INFO - GWANAK
2022-12-28 09:24:37,166 - INFO - GWANAK
2022-12-28 09:24:37,166 - INFO - GWANAK
2022-12-28 09:24:37,166 - INFO - GWANAK
2022-12-28 09:24:37,166 - INFO - GWANAK
2022-12-28 09:24:37,166 - INFO - GWANAK
2022-12-28 09:24:37,166 - INFO - GWANAK
2022-12-28 09:24:37,166 - INFO - GWANAK
2022-12-28 09:24:37,166 - INFO - GWANAK
2022-12-28 09:24:37,166 - INFO - GWANAK
2022-12-28 09:24:37,166 - INFO - GWANAK
2022-12-28 09:24:37,166 - INFO - GWANAK
2022-12-28 09:24:37,166 - INFO - GWANAK
2022-12-28 09:24:37,166 - INFO - GWANAK
2022-12-28 09:24:37,166 - INFO - GWANAK
2022-12-28 09:24:37,166 - INFO - GWANAK
2022-12-28 09:24:37,166 - INFO - GWANAK
2022-12-28 09:24:37,166 - INFO - GWANAK
2022-12-28 09:24:37,166 - INFO - GWANAK
2022-12-28 09:24:37,166 - INFO - GWANAK
2022-12-28 09:24:37,166 - INFO - GWANAK
2022-12-28 09:24:37,166 - INFO - GWANAK
2022-12-28 09:24:37,166 - INFO - GWANAK
2022-12-28 09:24:37,166 - INFO - GWANAK
2022-12-28 09:24:37,166 - INFO - GWANAK
2022-12-28 09:24:37,166 - INFO - GWANAK
2022-12-28 09:24:37,166 - INFO - GWANAK
2022-12-28 09:24:54,089 - INFO - GWANAK
2022-12-28 09:24:54,089 - INFO - GWANAK
2022-12-28 09:24:54,089 - INFO - GWANAK
2022-12-28 09:24:54,089 - INFO - GWANAK
2022-12-28 09:24:54,089 - INFO - GWANAK
2022-12-28 09:24:54,089 - INFO - GWANAK
2022-12-28 09:24:54,089 - INFO - GWANAK
2022-12-28 09:24:54,089 - INFO - GWANAK
2022-12-28 09:24:54,089 - INFO - GWANAK
2022-12-28 09:24:54,089 - INFO - GWANAK
2022-12-28 09:24:54,089 - INFO - GWANAK
2022-12-28 09:24:54,089 - INFO - GWANAK
2022-12-28 09:24:54,089 - INFO - GWANAK
2022-12-28 09:24:54,089 - INFO - GWANAK
2022-12-28 09:24:54,089 - INFO - GWANAK
2022-12-28 09:24:54,089 - INFO - GWANAK
2022-12-28 09:24:54,089 - INFO - GWANAK
2022-12-28 09:24:54,089 - INFO - GWANAK
2022-12-28 09:24:54,089 - INFO - GWANAK
2022-12-28 09:24:54,089 - INFO - GWANAK
2022-12-28 09:24:54,089 - INFO - GWANAK
2022-12-28 09:24:54,089 - INFO - GWANAK
2022-12-28 09:24:54,089 - INFO - GWANAK
2022-12-28 09:24:54,089 - INFO - GWANAK
2022-12-28 09:24:54,089 - INFO - GWANAK
2022-12-28 09:24:54,089 - INFO - GWANAK
2022-12-28 09:24:54,089 - INFO - GWANAK
2022-12-28 09:24:54,089 - INFO - GWANAK
2022-12-28 09:25:03,114 - INFO - SEONGDONG
2022-12-28 09:25:03,114 - INFO - SEONGDONG
2022-12-28 09:25:03,114 - INFO - SEONGDONG
2022-12-28 09:25:03,114 - INFO - SEONGDONG
2022-12-28 09:25:03,114 - INFO - SEONGDONG
2022-12-28 09:25:03,114 - INFO - SEONGDONG
2022-12-28 09:25:03,114 - INFO - SEONGDONG
2022-12-28 09:25:03,114 - INFO - SEONGDONG
2022-12-28 09:25:03,114 - INFO - SEONGDONG
2022-12-28 09:25:03,114 - INFO - SEONGDONG
2022-12-28 09:25:03,114 - INFO - SEONGDONG
2022-12-28 09:25:03,114 - INFO - SEONGDONG
2022-12-28 09:25:03,114 - INFO - SEONGDONG
2022-12-28 09:25:03,114 - INFO - SEONGDONG
2022-12-28 09:25:03,114 - INFO - SEONGDONG
2022-12-28 09:25:03,114 - INFO - SEONGDONG
2022-12-28 09:25:03,114 - INFO - SEONGDONG
2022-12-28 09:25:03,114 - INFO - SEONGDONG
2022-12-28 09:25:03,114 - INFO - SEONGDONG
2022-12-28 09:25:03,114 - INFO - SEONGDONG
2022-12-28 09:25:03,114 - INFO - SEONGDONG
2022-12-28 09:25:03,114 - INFO - SEONGDONG
2022-12-28 09:25:03,114 - INFO - SEONGDONG
2022-12-28 09:25:03,114 - INFO - SEONGDONG
2022-12-28 09:25:03,114 - INFO - SEONGDONG
2022-12-28 09:25:03,114 - INFO - SEONGDONG
2022-12-28 09:25:03,114 - INFO - SEONGDONG
2022-12-28 09:25:03,114 - INFO - SEONGDONG
2022-12-28 09:25:03,114 - INFO - SEONGDONG
2022-12-28 09:25:10,119 - INFO - SEONGDONG
2022-12-28 09:25:10,119 - INFO - SEONGDONG
2022-12-28 09:25:10,119 - INFO - SEONGDONG
2022-12-28 09:25:10,119 - INFO - SEONGDONG
2022-12-28 09:25:10,119 - INFO - SEONGDONG
2022-12-28 09:25:10,119 - INFO - SEONGDONG
2022-12-28 09:25:10,119 - INFO - SEONGDONG
2022-12-28 09:25:10,119 - INFO - SEONGDONG
2022-12-28 09:25:10,119 - INFO - SEONGDONG
2022-12-28 09:25:10,119 - INFO - SEONGDONG
2022-12-28 09:25:10,119 - INFO - SEONGDONG
2022-12-28 09:25:10,119 - INFO - SEONGDONG
2022-12-28 09:25:10,119 - INFO - SEONGDONG
2022-12-28 09:25:10,119 - INFO - SEONGDONG
2022-12-28 09:25:10,119 - INFO - SEONGDONG
2022-12-28 09:25:10,119 - INFO - SEONGDONG
2022-12-28 09:25:10,119 - INFO - SEONGDONG
2022-12-28 09:25:10,119 - INFO - SEONGDONG
2022-12-28 09:25:10,119 - INFO - SEONGDONG
2022-12-28 09:25:10,119 - INFO - SEONGDONG
2022-12-28 09:25:10,119 - INFO - SEONGDONG
2022-12-28 09:25:10,119 - INFO - SEONGDONG
2022-12-28 09:25:10,119 - INFO - SEONGDONG
2022-12-28 09:25:10,119 - INFO - SEONGDONG
2022-12-28 09:25:10,119 - INFO - SEONGDONG
2022-12-28 09:25:10,119 - INFO - SEONGDONG
2022-12-28 09:25:10,119 - INFO - SEONGDONG
2022-12-28 09:25:10,119 - INFO - SEONGDONG
2022-12-28 09:25:10,119 - INFO - SEONGDONG
2022-12-28 09:25:10,119 - INFO - SEONGDONG
2022-12-28 09:25:18,095 - INFO - EUNPYENG
2022-12-28 09:25:18,095 - INFO - EUNPYENG
2022-12-28 09:25:18,095 - INFO - EUNPYENG
2022-12-28 09:25:18,095 - INFO - EUNPYENG
2022-12-28 09:25:18,095 - INFO - EUNPYENG
2022-12-28 09:25:18,095 - INFO - EUNPYENG
2022-12-28 09:25:18,095 - INFO - EUNPYENG
2022-12-28 09:25:18,095 - INFO - EUNPYENG
2022-12-28 09:25:18,095 - INFO - EUNPYENG
2022-12-28 09:25:18,095 - INFO - EUNPYENG
2022-12-28 09:25:18,095 - INFO - EUNPYENG
2022-12-28 09:25:18,095 - INFO - EUNPYENG
2022-12-28 09:25:18,095 - INFO - EUNPYENG
2022-12-28 09:25:18,095 - INFO - EUNPYENG
2022-12-28 09:25:18,095 - INFO - EUNPYENG
2022-12-28 09:25:18,095 - INFO - EUNPYENG
2022-12-28 09:25:18,095 - INFO - EUNPYENG
2022-12-28 09:25:18,095 - INFO - EUNPYENG
2022-12-28 09:25:18,095 - INFO - EUNPYENG
2022-12-28 09:25:18,095 - INFO - EUNPYENG
2022-12-28 09:25:18,095 - INFO - EUNPYENG
2022-12-28 09:25:18,095 - INFO - EUNPYENG
2022-12-28 09:25:18,095 - INFO - EUNPYENG
2022-12-28 09:25:18,095 - INFO - EUNPYENG
2022-12-28 09:25:18,095 - INFO - EUNPYENG
2022-12-28 09:25:18,095 - INFO - EUNPYENG
2022-12-28 09:25:18,095 - INFO - EUNPYENG
2022-12-28 09:25:18,095 - INFO - EUNPYENG
2022-12-28 09:25:18,095 - INFO - EUNPYENG
2022-12-28 09:25:18,095 - INFO - EUNPYENG
2022-12-28 09:25:18,095 - INFO - EUNPYENG
2022-12-28 09:25:24,105 - INFO - EUNPYENG
2022-12-28 09:25:24,105 - INFO - EUNPYENG
2022-12-28 09:25:24,105 - INFO - EUNPYENG
2022-12-28 09:25:24,105 - INFO - EUNPYENG
2022-12-28 09:25:24,105 - INFO - EUNPYENG
2022-12-28 09:25:24,105 - INFO - EUNPYENG
2022-12-28 09:25:24,105 - INFO - EUNPYENG
2022-12-28 09:25:24,105 - INFO - EUNPYENG
2022-12-28 09:25:24,105 - INFO - EUNPYENG
2022-12-28 09:25:24,105 - INFO - EUNPYENG
2022-12-28 09:25:24,105 - INFO - EUNPYENG
2022-12-28 09:25:24,105 - INFO - EUNPYENG
2022-12-28 09:25:24,105 - INFO - EUNPYENG
2022-12-28 09:25:24,105 - INFO - EUNPYENG
2022-12-28 09:25:24,105 - INFO - EUNPYENG
2022-12-28 09:25:24,105 - INFO - EUNPYENG
2022-12-28 09:25:24,105 - INFO - EUNPYENG
2022-12-28 09:25:24,105 - INFO - EUNPYENG
2022-12-28 09:25:24,105 - INFO - EUNPYENG
2022-12-28 09:25:24,105 - INFO - EUNPYENG
2022-12-28 09:25:24,105 - INFO - EUNPYENG
2022-12-28 09:25:24,105 - INFO - EUNPYENG
2022-12-28 09:25:24,105 - INFO - EUNPYENG
2022-12-28 09:25:24,105 - INFO - EUNPYENG
2022-12-28 09:25:24,105 - INFO - EUNPYENG
2022-12-28 09:25:24,105 - INFO - EUNPYENG
2022-12-28 09:25:24,105 - INFO - EUNPYENG
2022-12-28 09:25:24,105 - INFO - EUNPYENG
2022-12-28 09:25:24,105 - INFO - EUNPYENG
2022-12-28 09:25:24,105 - INFO - EUNPYENG
2022-12-28 09:25:24,105 - INFO - EUNPYENG
2022-12-28 09:25:24,105 - INFO - EUNPYENG
2022-12-28 09:25:37,089 - INFO - EUNPYENG
2022-12-28 09:25:37,089 - INFO - EUNPYENG
2022-12-28 09:25:37,089 - INFO - EUNPYENG
2022-12-28 09:25:37,089 - INFO - EUNPYENG
2022-12-28 09:25:37,089 - INFO - EUNPYENG
2022-12-28 09:25:37,089 - INFO - EUNPYENG
2022-12-28 09:25:37,089 - INFO - EUNPYENG
2022-12-28 09:25:37,089 - INFO - EUNPYENG
2022-12-28 09:25:37,089 - INFO - EUNPYENG
2022-12-28 09:25:37,089 - INFO - EUNPYENG
2022-12-28 09:25:37,089 - INFO - EUNPYENG
2022-12-28 09:25:37,089 - INFO - EUNPYENG
2022-12-28 09:25:37,089 - INFO - EUNPYENG
2022-12-28 09:25:37,089 - INFO - EUNPYENG
2022-12-28 09:25:37,089 - INFO - EUNPYENG
2022-12-28 09:25:37,089 - INFO - EUNPYENG
2022-12-28 09:25:37,089 - INFO - EUNPYENG
2022-12-28 09:25:37,089 - INFO - EUNPYENG
2022-12-28 09:25:37,089 - INFO - EUNPYENG
2022-12-28 09:25:37,089 - INFO - EUNPYENG
2022-12-28 09:25:37,089 - INFO - EUNPYENG
2022-12-28 09:25:37,089 - INFO - EUNPYENG
2022-12-28 09:25:37,089 - INFO - EUNPYENG
2022-12-28 09:25:37,089 - INFO - EUNPYENG
2022-12-28 09:25:37,089 - INFO - EUNPYENG
2022-12-28 09:25:37,089 - INFO - EUNPYENG
2022-12-28 09:25:37,089 - INFO - EUNPYENG
2022-12-28 09:25:37,089 - INFO - EUNPYENG
2022-12-28 09:25:37,089 - INFO - EUNPYENG
2022-12-28 09:25:37,089 - INFO - EUNPYENG
2022-12-28 09:25:37,089 - INFO - EUNPYENG
2022-12-28 09:25:37,089 - INFO - EUNPYENG
2022-12-28 09:25:37,089 - INFO - EUNPYENG
2022-12-28 09:25:38,001 - INFO - GWANGZIN
2022-12-28 09:25:38,001 - INFO - GWANGZIN
2022-12-28 09:25:38,001 - INFO - GWANGZIN
2022-12-28 09:25:38,001 - INFO - GWANGZIN
2022-12-28 09:25:38,001 - INFO - GWANGZIN
2022-12-28 09:25:38,001 - INFO - GWANGZIN
2022-12-28 09:25:38,001 - INFO - GWANGZIN
2022-12-28 09:25:38,001 - INFO - GWANGZIN
2022-12-28 09:25:38,001 - INFO - GWANGZIN
2022-12-28 09:25:38,001 - INFO - GWANGZIN
2022-12-28 09:25:38,001 - INFO - GWANGZIN
2022-12-28 09:25:38,001 - INFO - GWANGZIN
2022-12-28 09:25:38,001 - INFO - GWANGZIN
2022-12-28 09:25:38,001 - INFO - GWANGZIN
2022-12-28 09:25:38,001 - INFO - GWANGZIN
2022-12-28 09:25:38,001 - INFO - GWANGZIN
2022-12-28 09:25:38,001 - INFO - GWANGZIN
2022-12-28 09:25:38,001 - INFO - GWANGZIN
2022-12-28 09:25:38,001 - INFO - GWANGZIN
2022-12-28 09:25:38,001 - INFO - GWANGZIN
2022-12-28 09:25:38,001 - INFO - GWANGZIN
2022-12-28 09:25:38,001 - INFO - GWANGZIN
2022-12-28 09:25:38,001 - INFO - GWANGZIN
2022-12-28 09:25:38,001 - INFO - GWANGZIN
2022-12-28 09:25:38,001 - INFO - GWANGZIN
2022-12-28 09:25:38,001 - INFO - GWANGZIN
2022-12-28 09:25:38,001 - INFO - GWANGZIN
2022-12-28 09:25:38,001 - INFO - GWANGZIN
2022-12-28 09:25:38,001 - INFO - GWANGZIN
2022-12-28 09:25:38,001 - INFO - GWANGZIN
2022-12-28 09:25:38,001 - INFO - GWANGZIN
2022-12-28 09:25:38,001 - INFO - GWANGZIN
2022-12-28 09:25:38,001 - INFO - GWANGZIN
2022-12-28 09:25:38,001 - INFO - GWANGZIN
2022-12-28 09:25:42,439 - INFO - GWANGZIN
2022-12-28 09:25:42,439 - INFO - GWANGZIN
2022-12-28 09:25:42,439 - INFO - GWANGZIN
2022-12-28 09:25:42,439 - INFO - GWANGZIN
2022-12-28 09:25:42,439 - INFO - GWANGZIN
2022-12-28 09:25:42,439 - INFO - GWANGZIN
2022-12-28 09:25:42,439 - INFO - GWANGZIN
2022-12-28 09:25:42,439 - INFO - GWANGZIN
2022-12-28 09:25:42,439 - INFO - GWANGZIN
2022-12-28 09:25:42,439 - INFO - GWANGZIN
2022-12-28 09:25:42,439 - INFO - GWANGZIN
2022-12-28 09:25:42,439 - INFO - GWANGZIN
2022-12-28 09:25:42,439 - INFO - GWANGZIN
2022-12-28 09:25:42,439 - INFO - GWANGZIN
2022-12-28 09:25:42,439 - INFO - GWANGZIN
2022-12-28 09:25:42,439 - INFO - GWANGZIN
2022-12-28 09:25:42,439 - INFO - GWANGZIN
2022-12-28 09:25:42,439 - INFO - GWANGZIN
2022-12-28 09:25:42,439 - INFO - GWANGZIN
2022-12-28 09:25:42,439 - INFO - GWANGZIN
2022-12-28 09:25:42,439 - INFO - GWANGZIN
2022-12-28 09:25:42,439 - INFO - GWANGZIN
2022-12-28 09:25:42,439 - INFO - GWANGZIN
2022-12-28 09:25:42,439 - INFO - GWANGZIN
2022-12-28 09:25:42,439 - INFO - GWANGZIN
2022-12-28 09:25:42,439 - INFO - GWANGZIN
2022-12-28 09:25:42,439 - INFO - GWANGZIN
2022-12-28 09:25:42,439 - INFO - GWANGZIN
2022-12-28 09:25:42,439 - INFO - GWANGZIN
2022-12-28 09:25:42,439 - INFO - GWANGZIN
2022-12-28 09:25:42,439 - INFO - GWANGZIN
2022-12-28 09:25:42,439 - INFO - GWANGZIN
2022-12-28 09:25:42,439 - INFO - GWANGZIN
2022-12-28 09:25:42,439 - INFO - GWANGZIN
2022-12-28 09:25:42,439 - INFO - GWANGZIN
2022-12-28 09:25:45,184 - INFO - JONGRO
2022-12-28 09:25:45,184 - INFO - JONGRO
2022-12-28 09:25:45,184 - INFO - JONGRO
2022-12-28 09:25:45,184 - INFO - JONGRO
2022-12-28 09:25:45,184 - INFO - JONGRO
2022-12-28 09:25:45,184 - INFO - JONGRO
2022-12-28 09:25:45,184 - INFO - JONGRO
2022-12-28 09:25:45,184 - INFO - JONGRO
2022-12-28 09:25:45,184 - INFO - JONGRO
2022-12-28 09:25:45,184 - INFO - JONGRO
2022-12-28 09:25:45,184 - INFO - JONGRO
2022-12-28 09:25:45,184 - INFO - JONGRO
2022-12-28 09:25:45,184 - INFO - JONGRO
2022-12-28 09:25:45,184 - INFO - JONGRO
2022-12-28 09:25:45,184 - INFO - JONGRO
2022-12-28 09:25:45,184 - INFO - JONGRO
2022-12-28 09:25:45,184 - INFO - JONGRO
2022-12-28 09:25:45,184 - INFO - JONGRO
2022-12-28 09:25:45,184 - INFO - JONGRO
2022-12-28 09:25:45,184 - INFO - JONGRO
2022-12-28 09:25:45,184 - INFO - JONGRO
2022-12-28 09:25:45,184 - INFO - JONGRO
2022-12-28 09:25:45,184 - INFO - JONGRO
2022-12-28 09:25:45,184 - INFO - JONGRO
2022-12-28 09:25:45,184 - INFO - JONGRO
2022-12-28 09:25:45,184 - INFO - JONGRO
2022-12-28 09:25:45,184 - INFO - JONGRO
2022-12-28 09:25:45,184 - INFO - JONGRO
2022-12-28 09:25:45,184 - INFO - JONGRO
2022-12-28 09:25:45,184 - INFO - JONGRO
2022-12-28 09:25:45,184 - INFO - JONGRO
2022-12-28 09:25:45,184 - INFO - JONGRO
2022-12-28 09:25:45,184 - INFO - JONGRO
2022-12-28 09:25:45,184 - INFO - JONGRO
2022-12-28 09:25:45,184 - INFO - JONGRO
2022-12-28 09:25:45,184 - INFO - JONGRO
2022-12-28 09:25:57,117 - INFO - JONGRO
2022-12-28 09:25:57,117 - INFO - JONGRO
2022-12-28 09:25:57,117 - INFO - JONGRO
2022-12-28 09:25:57,117 - INFO - JONGRO
2022-12-28 09:25:57,117 - INFO - JONGRO
2022-12-28 09:25:57,117 - INFO - JONGRO
2022-12-28 09:25:57,117 - INFO - JONGRO
2022-12-28 09:25:57,117 - INFO - JONGRO
2022-12-28 09:25:57,117 - INFO - JONGRO
2022-12-28 09:25:57,117 - INFO - JONGRO
2022-12-28 09:25:57,117 - INFO - JONGRO
2022-12-28 09:25:57,117 - INFO - JONGRO
2022-12-28 09:25:57,117 - INFO - JONGRO
2022-12-28 09:25:57,117 - INFO - JONGRO
2022-12-28 09:25:57,117 - INFO - JONGRO
2022-12-28 09:25:57,117 - INFO - JONGRO
2022-12-28 09:25:57,117 - INFO - JONGRO
2022-12-28 09:25:57,117 - INFO - JONGRO
2022-12-28 09:25:57,117 - INFO - JONGRO
2022-12-28 09:25:57,117 - INFO - JONGRO
2022-12-28 09:25:57,117 - INFO - JONGRO
2022-12-28 09:25:57,117 - INFO - JONGRO
2022-12-28 09:25:57,117 - INFO - JONGRO
2022-12-28 09:25:57,117 - INFO - JONGRO
2022-12-28 09:25:57,117 - INFO - JONGRO
2022-12-28 09:25:57,117 - INFO - JONGRO
2022-12-28 09:25:57,117 - INFO - JONGRO
2022-12-28 09:25:57,117 - INFO - JONGRO
2022-12-28 09:25:57,117 - INFO - JONGRO
2022-12-28 09:25:57,117 - INFO - JONGRO
2022-12-28 09:25:57,117 - INFO - JONGRO
2022-12-28 09:25:57,117 - INFO - JONGRO
2022-12-28 09:25:57,117 - INFO - JONGRO
2022-12-28 09:25:57,117 - INFO - JONGRO
2022-12-28 09:25:57,117 - INFO - JONGRO
2022-12-28 09:25:57,117 - INFO - JONGRO
2022-12-28 09:25:57,117 - INFO - JONGRO
2022-12-28 09:25:58,911 - INFO - JUNGGU
2022-12-28 09:25:58,911 - INFO - JUNGGU
2022-12-28 09:25:58,911 - INFO - JUNGGU
2022-12-28 09:25:58,911 - INFO - JUNGGU
2022-12-28 09:25:58,911 - INFO - JUNGGU
2022-12-28 09:25:58,911 - INFO - JUNGGU
2022-12-28 09:25:58,911 - INFO - JUNGGU
2022-12-28 09:25:58,911 - INFO - JUNGGU
2022-12-28 09:25:58,911 - INFO - JUNGGU
2022-12-28 09:25:58,911 - INFO - JUNGGU
2022-12-28 09:25:58,911 - INFO - JUNGGU
2022-12-28 09:25:58,911 - INFO - JUNGGU
2022-12-28 09:25:58,911 - INFO - JUNGGU
2022-12-28 09:25:58,911 - INFO - JUNGGU
2022-12-28 09:25:58,911 - INFO - JUNGGU
2022-12-28 09:25:58,911 - INFO - JUNGGU
2022-12-28 09:25:58,911 - INFO - JUNGGU
2022-12-28 09:25:58,911 - INFO - JUNGGU
2022-12-28 09:25:58,911 - INFO - JUNGGU
2022-12-28 09:25:58,911 - INFO - JUNGGU
2022-12-28 09:25:58,911 - INFO - JUNGGU
2022-12-28 09:25:58,911 - INFO - JUNGGU
2022-12-28 09:25:58,911 - INFO - JUNGGU
2022-12-28 09:25:58,911 - INFO - JUNGGU
2022-12-28 09:25:58,911 - INFO - JUNGGU
2022-12-28 09:25:58,911 - INFO - JUNGGU
2022-12-28 09:25:58,911 - INFO - JUNGGU
2022-12-28 09:25:58,911 - INFO - JUNGGU
2022-12-28 09:25:58,911 - INFO - JUNGGU
2022-12-28 09:25:58,911 - INFO - JUNGGU
2022-12-28 09:25:58,911 - INFO - JUNGGU
2022-12-28 09:25:58,911 - INFO - JUNGGU
2022-12-28 09:25:58,911 - INFO - JUNGGU
2022-12-28 09:25:58,911 - INFO - JUNGGU
2022-12-28 09:25:58,911 - INFO - JUNGGU
2022-12-28 09:25:58,911 - INFO - JUNGGU
2022-12-28 09:25:58,911 - INFO - JUNGGU
2022-12-28 09:25:58,911 - INFO - JUNGGU
2022-12-28 09:26:00,008 - INFO - JUNGGU
2022-12-28 09:26:00,008 - INFO - JUNGGU
2022-12-28 09:26:00,008 - INFO - JUNGGU
2022-12-28 09:26:00,008 - INFO - JUNGGU
2022-12-28 09:26:00,008 - INFO - JUNGGU
2022-12-28 09:26:00,008 - INFO - JUNGGU
2022-12-28 09:26:00,008 - INFO - JUNGGU
2022-12-28 09:26:00,008 - INFO - JUNGGU
2022-12-28 09:26:00,008 - INFO - JUNGGU
2022-12-28 09:26:00,008 - INFO - JUNGGU
2022-12-28 09:26:00,008 - INFO - JUNGGU
2022-12-28 09:26:00,008 - INFO - JUNGGU
2022-12-28 09:26:00,008 - INFO - JUNGGU
2022-12-28 09:26:00,008 - INFO - JUNGGU
2022-12-28 09:26:00,008 - INFO - JUNGGU
2022-12-28 09:26:00,008 - INFO - JUNGGU
2022-12-28 09:26:00,008 - INFO - JUNGGU
2022-12-28 09:26:00,008 - INFO - JUNGGU
2022-12-28 09:26:00,008 - INFO - JUNGGU
2022-12-28 09:26:00,008 - INFO - JUNGGU
2022-12-28 09:26:00,008 - INFO - JUNGGU
2022-12-28 09:26:00,008 - INFO - JUNGGU
2022-12-28 09:26:00,008 - INFO - JUNGGU
2022-12-28 09:26:00,008 - INFO - JUNGGU
2022-12-28 09:26:00,008 - INFO - JUNGGU
2022-12-28 09:26:00,008 - INFO - JUNGGU
2022-12-28 09:26:00,008 - INFO - JUNGGU
2022-12-28 09:26:00,008 - INFO - JUNGGU
2022-12-28 09:26:00,008 - INFO - JUNGGU
2022-12-28 09:26:00,008 - INFO - JUNGGU
2022-12-28 09:26:00,008 - INFO - JUNGGU
2022-12-28 09:26:00,008 - INFO - JUNGGU
2022-12-28 09:26:00,008 - INFO - JUNGGU
2022-12-28 09:26:00,008 - INFO - JUNGGU
2022-12-28 09:26:00,008 - INFO - JUNGGU
2022-12-28 09:26:00,008 - INFO - JUNGGU
2022-12-28 09:26:00,008 - INFO - JUNGGU
2022-12-28 09:26:00,008 - INFO - JUNGGU
2022-12-28 09:26:00,008 - INFO - JUNGGU
2022-12-28 09:26:08,064 - INFO - MAPO
2022-12-28 09:26:08,064 - INFO - MAPO
2022-12-28 09:26:08,064 - INFO - MAPO
2022-12-28 09:26:08,064 - INFO - MAPO
2022-12-28 09:26:08,064 - INFO - MAPO
2022-12-28 09:26:08,064 - INFO - MAPO
2022-12-28 09:26:08,064 - INFO - MAPO
2022-12-28 09:26:08,064 - INFO - MAPO
2022-12-28 09:26:08,064 - INFO - MAPO
2022-12-28 09:26:08,064 - INFO - MAPO
2022-12-28 09:26:08,064 - INFO - MAPO
2022-12-28 09:26:08,064 - INFO - MAPO
2022-12-28 09:26:08,064 - INFO - MAPO
2022-12-28 09:26:08,064 - INFO - MAPO
2022-12-28 09:26:08,064 - INFO - MAPO
2022-12-28 09:26:08,064 - INFO - MAPO
2022-12-28 09:26:08,064 - INFO - MAPO
2022-12-28 09:26:08,064 - INFO - MAPO
2022-12-28 09:26:08,064 - INFO - MAPO
2022-12-28 09:26:08,064 - INFO - MAPO
2022-12-28 09:26:08,064 - INFO - MAPO
2022-12-28 09:26:08,064 - INFO - MAPO
2022-12-28 09:26:08,064 - INFO - MAPO
2022-12-28 09:26:08,064 - INFO - MAPO
2022-12-28 09:26:08,064 - INFO - MAPO
2022-12-28 09:26:08,064 - INFO - MAPO
2022-12-28 09:26:08,064 - INFO - MAPO
2022-12-28 09:26:08,064 - INFO - MAPO
2022-12-28 09:26:08,064 - INFO - MAPO
2022-12-28 09:26:08,064 - INFO - MAPO
2022-12-28 09:26:08,064 - INFO - MAPO
2022-12-28 09:26:08,064 - INFO - MAPO
2022-12-28 09:26:08,064 - INFO - MAPO
2022-12-28 09:26:08,064 - INFO - MAPO
2022-12-28 09:26:08,064 - INFO - MAPO
2022-12-28 09:26:08,064 - INFO - MAPO
2022-12-28 09:26:08,064 - INFO - MAPO
2022-12-28 09:26:08,064 - INFO - MAPO
2022-12-28 09:26:08,064 - INFO - MAPO
2022-12-28 09:26:08,064 - INFO - MAPO
2022-12-28 09:26:59,757 - INFO - MAPO
2022-12-28 09:27:06,019 - INFO - MAPO
2022-12-28 09:27:06,019 - INFO - MAPO
2022-12-28 09:27:08,257 - INFO - MAPO
2022-12-28 09:27:08,257 - INFO - MAPO
2022-12-28 09:27:08,257 - INFO - MAPO
2022-12-28 09:27:10,842 - INFO - MAPO
2022-12-28 09:27:10,842 - INFO - MAPO
2022-12-28 09:27:10,842 - INFO - MAPO
2022-12-28 09:27:10,842 - INFO - MAPO
2022-12-28 09:27:12,915 - INFO - NOWON
2022-12-28 09:27:12,915 - INFO - NOWON
2022-12-28 09:27:12,915 - INFO - NOWON
2022-12-28 09:27:12,915 - INFO - NOWON
2022-12-28 09:27:12,915 - INFO - NOWON
2022-12-28 09:27:21,325 - INFO - NOWON
2022-12-28 09:27:21,325 - INFO - NOWON
2022-12-28 09:27:21,325 - INFO - NOWON
2022-12-28 09:27:21,325 - INFO - NOWON
2022-12-28 09:27:21,325 - INFO - NOWON
2022-12-28 09:27:21,325 - INFO - NOWON
2022-12-28 09:27:34,194 - INFO - SEOCHO
2022-12-28 09:27:34,194 - INFO - SEOCHO
2022-12-28 09:27:34,194 - INFO - SEOCHO
2022-12-28 09:27:34,194 - INFO - SEOCHO
2022-12-28 09:27:34,194 - INFO - SEOCHO
2022-12-28 09:27:34,194 - INFO - SEOCHO
2022-12-28 09:27:34,194 - INFO - SEOCHO
2022-12-28 09:27:36,202 - INFO - SEOCHO
2022-12-28 09:27:36,202 - INFO - SEOCHO
2022-12-28 09:27:36,202 - INFO - SEOCHO
2022-12-28 09:27:36,202 - INFO - SEOCHO
2022-12-28 09:27:36,202 - INFO - SEOCHO
2022-12-28 09:27:36,202 - INFO - SEOCHO
2022-12-28 09:27:36,202 - INFO - SEOCHO
2022-12-28 09:27:36,202 - INFO - SEOCHO
2022-12-28 09:27:37,890 - INFO - SEOCHO
2022-12-28 09:27:37,890 - INFO - SEOCHO
2022-12-28 09:27:37,890 - INFO - SEOCHO
2022-12-28 09:27:37,890 - INFO - SEOCHO
2022-12-28 09:27:37,890 - INFO - SEOCHO
2022-12-28 09:27:37,890 - INFO - SEOCHO
2022-12-28 09:27:37,890 - INFO - SEOCHO
2022-12-28 09:27:37,890 - INFO - SEOCHO
2022-12-28 09:27:37,890 - INFO - SEOCHO
2022-12-28 09:27:39,597 - INFO - SEOCHO
2022-12-28 09:27:39,597 - INFO - SEOCHO
2022-12-28 09:27:39,597 - INFO - SEOCHO
2022-12-28 09:27:39,597 - INFO - SEOCHO
2022-12-28 09:27:39,597 - INFO - SEOCHO
2022-12-28 09:27:39,597 - INFO - SEOCHO
2022-12-28 09:27:39,597 - INFO - SEOCHO
2022-12-28 09:27:39,597 - INFO - SEOCHO
2022-12-28 09:27:39,597 - INFO - SEOCHO
2022-12-28 09:27:39,597 - INFO - SEOCHO
2022-12-28 09:27:40,808 - INFO - SEONGBUK
2022-12-28 09:27:40,808 - INFO - SEONGBUK
2022-12-28 09:27:40,808 - INFO - SEONGBUK
2022-12-28 09:27:40,808 - INFO - SEONGBUK
2022-12-28 09:27:40,808 - INFO - SEONGBUK
2022-12-28 09:27:40,808 - INFO - SEONGBUK
2022-12-28 09:27:40,808 - INFO - SEONGBUK
2022-12-28 09:27:40,808 - INFO - SEONGBUK
2022-12-28 09:27:40,808 - INFO - SEONGBUK
2022-12-28 09:27:40,808 - INFO - SEONGBUK
2022-12-28 09:27:40,808 - INFO - SEONGBUK
2022-12-28 09:27:48,825 - INFO - SONGPA
2022-12-28 09:27:48,825 - INFO - SONGPA
2022-12-28 09:27:48,825 - INFO - SONGPA
2022-12-28 09:27:48,825 - INFO - SONGPA
2022-12-28 09:27:48,825 - INFO - SONGPA
2022-12-28 09:27:48,825 - INFO - SONGPA
2022-12-28 09:27:48,825 - INFO - SONGPA
2022-12-28 09:27:48,825 - INFO - SONGPA
2022-12-28 09:27:48,825 - INFO - SONGPA
2022-12-28 09:27:48,825 - INFO - SONGPA
2022-12-28 09:27:48,825 - INFO - SONGPA
2022-12-28 09:27:48,825 - INFO - SONGPA
2022-12-28 09:28:27,333 - INFO - SONGPA
2022-12-28 09:28:31,501 - INFO - SONGPA
2022-12-28 09:28:31,501 - INFO - SONGPA
2022-12-28 09:28:33,897 - INFO - SONGPA
2022-12-28 09:28:33,897 - INFO - SONGPA
2022-12-28 09:28:33,897 - INFO - SONGPA
2022-12-28 09:30:37,940 - INFO - SONGPA
2022-12-28 09:30:40,361 - INFO - SONGPA
2022-12-28 09:30:40,361 - INFO - SONGPA
2022-12-28 09:30:42,692 - INFO - SONGPA
2022-12-28 09:30:42,692 - INFO - SONGPA
2022-12-28 09:30:42,692 - INFO - SONGPA
2022-12-28 09:30:44,101 - INFO - YANGCHEON
2022-12-28 09:30:44,101 - INFO - YANGCHEON
2022-12-28 09:30:44,101 - INFO - YANGCHEON
2022-12-28 09:30:44,101 - INFO - YANGCHEON
2022-12-28 09:30:53,271 - INFO - YANGCHEON
2022-12-28 09:30:53,271 - INFO - YANGCHEON
2022-12-28 09:30:53,271 - INFO - YANGCHEON
2022-12-28 09:30:53,271 - INFO - YANGCHEON
2022-12-28 09:30:53,271 - INFO - YANGCHEON
2022-12-28 09:30:54,974 - INFO - YEONGDEUNGPO
2022-12-28 09:30:54,974 - INFO - YEONGDEUNGPO
2022-12-28 09:30:54,974 - INFO - YEONGDEUNGPO
2022-12-28 09:30:54,974 - INFO - YEONGDEUNGPO
2022-12-28 09:30:54,974 - INFO - YEONGDEUNGPO
2022-12-28 09:30:54,974 - INFO - YEONGDEUNGPO
2022-12-28 09:30:56,829 - INFO - YEONGDEUNGPO
2022-12-28 09:30:56,829 - INFO - YEONGDEUNGPO
2022-12-28 09:30:56,829 - INFO - YEONGDEUNGPO
2022-12-28 09:30:56,829 - INFO - YEONGDEUNGPO
2022-12-28 09:30:56,829 - INFO - YEONGDEUNGPO
2022-12-28 09:30:56,829 - INFO - YEONGDEUNGPO
2022-12-28 09:30:56,829 - INFO - YEONGDEUNGPO
2022-12-28 09:31:01,107 - INFO - SEOUL
2022-12-28 09:31:01,107 - INFO - SEOUL
2022-12-28 09:31:01,107 - INFO - SEOUL
2022-12-28 09:31:01,107 - INFO - SEOUL
2022-12-28 09:31:01,107 - INFO - SEOUL
2022-12-28 09:31:01,107 - INFO - SEOUL
2022-12-28 09:31:01,107 - INFO - SEOUL
2022-12-28 09:31:01,107 - INFO - SEOUL
2022-12-28 09:31:03,343 - INFO - SEOUL
2022-12-28 09:31:03,343 - INFO - SEOUL
2022-12-28 09:31:03,343 - INFO - SEOUL
2022-12-28 09:31:03,343 - INFO - SEOUL
2022-12-28 09:31:03,343 - INFO - SEOUL
2022-12-28 09:31:03,343 - INFO - SEOUL
2022-12-28 09:31:03,343 - INFO - SEOUL
2022-12-28 09:31:03,343 - INFO - SEOUL
2022-12-28 09:31:03,343 - INFO - SEOUL
2022-12-28 09:31:13,124 - INFO - SEOUL
2022-12-28 09:31:13,124 - INFO - SEOUL
2022-12-28 09:31:13,124 - INFO - SEOUL
2022-12-28 09:31:13,124 - INFO - SEOUL
2022-12-28 09:31:13,124 - INFO - SEOUL
2022-12-28 09:31:13,124 - INFO - SEOUL
2022-12-28 09:31:13,124 - INFO - SEOUL
2022-12-28 09:31:13,124 - INFO - SEOUL
2022-12-28 09:31:13,124 - INFO - SEOUL
2022-12-28 09:31:13,124 - INFO - SEOUL
2022-12-28 09:31:15,859 - INFO - SEOUL
2022-12-28 09:31:15,859 - INFO - SEOUL
2022-12-28 09:31:15,859 - INFO - SEOUL
2022-12-28 09:31:15,859 - INFO - SEOUL
2022-12-28 09:31:15,859 - INFO - SEOUL
2022-12-28 09:31:15,859 - INFO - SEOUL
2022-12-28 09:31:15,859 - INFO - SEOUL
2022-12-28 09:31:15,859 - INFO - SEOUL
2022-12-28 09:31:15,859 - INFO - SEOUL
2022-12-28 09:31:15,859 - INFO - SEOUL
2022-12-28 09:31:15,859 - INFO - SEOUL
2022-12-28 09:31:16,439 - WARNING - Failed to parse headers (url=https://www.sscmc.or.kr:443/info/notice/list.asp?db=BBS_notice&pageno=1&startpage=1&where=&keyfield=&keyword=&catekkk=): [MissingHeaderBodySeparatorDefect()], unparsed data: 'Server : Wow 3.8\r\nDate: Wed, 28 Dec 2022 00:31:18 GMT\r\nContent-Type: text/html\r\nContent-Length: 42043\r\nConnection: keep-alive\r\nCache-Control: private\r\nSet-Cookie: ASPSESSIONIDCQBDQQQC=PLAPCGFBAKPAOFCEJJHGCKDM; path=/\r\nX-Frame-Options: SAMEORIGIN\r\n\r\n'
Traceback (most recent call last):
  File "/Users/yeon/Library/Python/3.9/lib/python/site-packages/urllib3/connectionpool.py", line 469, in _make_request
    assert_header_parsing(httplib_response.msg)
  File "/Users/yeon/Library/Python/3.9/lib/python/site-packages/urllib3/util/response.py", line 91, in assert_header_parsing
    raise HeaderParsingError(defects=defects, unparsed_data=unparsed_data)
urllib3.exceptions.HeaderParsingError: [MissingHeaderBodySeparatorDefect()], unparsed data: 'Server : Wow 3.8\r\nDate: Wed, 28 Dec 2022 00:31:18 GMT\r\nContent-Type: text/html\r\nContent-Length: 42043\r\nConnection: keep-alive\r\nCache-Control: private\r\nSet-Cookie: ASPSESSIONIDCQBDQQQC=PLAPCGFBAKPAOFCEJJHGCKDM; path=/\r\nX-Frame-Options: SAMEORIGIN\r\n\r\n'
2022-12-28 09:31:16,439 - WARNING - Failed to parse headers (url=https://www.sscmc.or.kr:443/info/notice/list.asp?db=BBS_notice&pageno=1&startpage=1&where=&keyfield=&keyword=&catekkk=): [MissingHeaderBodySeparatorDefect()], unparsed data: 'Server : Wow 3.8\r\nDate: Wed, 28 Dec 2022 00:31:18 GMT\r\nContent-Type: text/html\r\nContent-Length: 42043\r\nConnection: keep-alive\r\nCache-Control: private\r\nSet-Cookie: ASPSESSIONIDCQBDQQQC=PLAPCGFBAKPAOFCEJJHGCKDM; path=/\r\nX-Frame-Options: SAMEORIGIN\r\n\r\n'
Traceback (most recent call last):
  File "/Users/yeon/Library/Python/3.9/lib/python/site-packages/urllib3/connectionpool.py", line 469, in _make_request
    assert_header_parsing(httplib_response.msg)
  File "/Users/yeon/Library/Python/3.9/lib/python/site-packages/urllib3/util/response.py", line 91, in assert_header_parsing
    raise HeaderParsingError(defects=defects, unparsed_data=unparsed_data)
urllib3.exceptions.HeaderParsingError: [MissingHeaderBodySeparatorDefect()], unparsed data: 'Server : Wow 3.8\r\nDate: Wed, 28 Dec 2022 00:31:18 GMT\r\nContent-Type: text/html\r\nContent-Length: 42043\r\nConnection: keep-alive\r\nCache-Control: private\r\nSet-Cookie: ASPSESSIONIDCQBDQQQC=PLAPCGFBAKPAOFCEJJHGCKDM; path=/\r\nX-Frame-Options: SAMEORIGIN\r\n\r\n'
2022-12-28 09:31:16,439 - WARNING - Failed to parse headers (url=https://www.sscmc.or.kr:443/info/notice/list.asp?db=BBS_notice&pageno=1&startpage=1&where=&keyfield=&keyword=&catekkk=): [MissingHeaderBodySeparatorDefect()], unparsed data: 'Server : Wow 3.8\r\nDate: Wed, 28 Dec 2022 00:31:18 GMT\r\nContent-Type: text/html\r\nContent-Length: 42043\r\nConnection: keep-alive\r\nCache-Control: private\r\nSet-Cookie: ASPSESSIONIDCQBDQQQC=PLAPCGFBAKPAOFCEJJHGCKDM; path=/\r\nX-Frame-Options: SAMEORIGIN\r\n\r\n'
Traceback (most recent call last):
  File "/Users/yeon/Library/Python/3.9/lib/python/site-packages/urllib3/connectionpool.py", line 469, in _make_request
    assert_header_parsing(httplib_response.msg)
  File "/Users/yeon/Library/Python/3.9/lib/python/site-packages/urllib3/util/response.py", line 91, in assert_header_parsing
    raise HeaderParsingError(defects=defects, unparsed_data=unparsed_data)
urllib3.exceptions.HeaderParsingError: [MissingHeaderBodySeparatorDefect()], unparsed data: 'Server : Wow 3.8\r\nDate: Wed, 28 Dec 2022 00:31:18 GMT\r\nContent-Type: text/html\r\nContent-Length: 42043\r\nConnection: keep-alive\r\nCache-Control: private\r\nSet-Cookie: ASPSESSIONIDCQBDQQQC=PLAPCGFBAKPAOFCEJJHGCKDM; path=/\r\nX-Frame-Options: SAMEORIGIN\r\n\r\n'
2022-12-28 09:31:16,439 - WARNING - Failed to parse headers (url=https://www.sscmc.or.kr:443/info/notice/list.asp?db=BBS_notice&pageno=1&startpage=1&where=&keyfield=&keyword=&catekkk=): [MissingHeaderBodySeparatorDefect()], unparsed data: 'Server : Wow 3.8\r\nDate: Wed, 28 Dec 2022 00:31:18 GMT\r\nContent-Type: text/html\r\nContent-Length: 42043\r\nConnection: keep-alive\r\nCache-Control: private\r\nSet-Cookie: ASPSESSIONIDCQBDQQQC=PLAPCGFBAKPAOFCEJJHGCKDM; path=/\r\nX-Frame-Options: SAMEORIGIN\r\n\r\n'
Traceback (most recent call last):
  File "/Users/yeon/Library/Python/3.9/lib/python/site-packages/urllib3/connectionpool.py", line 469, in _make_request
    assert_header_parsing(httplib_response.msg)
  File "/Users/yeon/Library/Python/3.9/lib/python/site-packages/urllib3/util/response.py", line 91, in assert_header_parsing
    raise HeaderParsingError(defects=defects, unparsed_data=unparsed_data)
urllib3.exceptions.HeaderParsingError: [MissingHeaderBodySeparatorDefect()], unparsed data: 'Server : Wow 3.8\r\nDate: Wed, 28 Dec 2022 00:31:18 GMT\r\nContent-Type: text/html\r\nContent-Length: 42043\r\nConnection: keep-alive\r\nCache-Control: private\r\nSet-Cookie: ASPSESSIONIDCQBDQQQC=PLAPCGFBAKPAOFCEJJHGCKDM; path=/\r\nX-Frame-Options: SAMEORIGIN\r\n\r\n'
2022-12-28 09:31:16,439 - WARNING - Failed to parse headers (url=https://www.sscmc.or.kr:443/info/notice/list.asp?db=BBS_notice&pageno=1&startpage=1&where=&keyfield=&keyword=&catekkk=): [MissingHeaderBodySeparatorDefect()], unparsed data: 'Server : Wow 3.8\r\nDate: Wed, 28 Dec 2022 00:31:18 GMT\r\nContent-Type: text/html\r\nContent-Length: 42043\r\nConnection: keep-alive\r\nCache-Control: private\r\nSet-Cookie: ASPSESSIONIDCQBDQQQC=PLAPCGFBAKPAOFCEJJHGCKDM; path=/\r\nX-Frame-Options: SAMEORIGIN\r\n\r\n'
Traceback (most recent call last):
  File "/Users/yeon/Library/Python/3.9/lib/python/site-packages/urllib3/connectionpool.py", line 469, in _make_request
    assert_header_parsing(httplib_response.msg)
  File "/Users/yeon/Library/Python/3.9/lib/python/site-packages/urllib3/util/response.py", line 91, in assert_header_parsing
    raise HeaderParsingError(defects=defects, unparsed_data=unparsed_data)
urllib3.exceptions.HeaderParsingError: [MissingHeaderBodySeparatorDefect()], unparsed data: 'Server : Wow 3.8\r\nDate: Wed, 28 Dec 2022 00:31:18 GMT\r\nContent-Type: text/html\r\nContent-Length: 42043\r\nConnection: keep-alive\r\nCache-Control: private\r\nSet-Cookie: ASPSESSIONIDCQBDQQQC=PLAPCGFBAKPAOFCEJJHGCKDM; path=/\r\nX-Frame-Options: SAMEORIGIN\r\n\r\n'
2022-12-28 09:31:16,439 - WARNING - Failed to parse headers (url=https://www.sscmc.or.kr:443/info/notice/list.asp?db=BBS_notice&pageno=1&startpage=1&where=&keyfield=&keyword=&catekkk=): [MissingHeaderBodySeparatorDefect()], unparsed data: 'Server : Wow 3.8\r\nDate: Wed, 28 Dec 2022 00:31:18 GMT\r\nContent-Type: text/html\r\nContent-Length: 42043\r\nConnection: keep-alive\r\nCache-Control: private\r\nSet-Cookie: ASPSESSIONIDCQBDQQQC=PLAPCGFBAKPAOFCEJJHGCKDM; path=/\r\nX-Frame-Options: SAMEORIGIN\r\n\r\n'
Traceback (most recent call last):
  File "/Users/yeon/Library/Python/3.9/lib/python/site-packages/urllib3/connectionpool.py", line 469, in _make_request
    assert_header_parsing(httplib_response.msg)
  File "/Users/yeon/Library/Python/3.9/lib/python/site-packages/urllib3/util/response.py", line 91, in assert_header_parsing
    raise HeaderParsingError(defects=defects, unparsed_data=unparsed_data)
urllib3.exceptions.HeaderParsingError: [MissingHeaderBodySeparatorDefect()], unparsed data: 'Server : Wow 3.8\r\nDate: Wed, 28 Dec 2022 00:31:18 GMT\r\nContent-Type: text/html\r\nContent-Length: 42043\r\nConnection: keep-alive\r\nCache-Control: private\r\nSet-Cookie: ASPSESSIONIDCQBDQQQC=PLAPCGFBAKPAOFCEJJHGCKDM; path=/\r\nX-Frame-Options: SAMEORIGIN\r\n\r\n'
2022-12-28 09:31:16,439 - WARNING - Failed to parse headers (url=https://www.sscmc.or.kr:443/info/notice/list.asp?db=BBS_notice&pageno=1&startpage=1&where=&keyfield=&keyword=&catekkk=): [MissingHeaderBodySeparatorDefect()], unparsed data: 'Server : Wow 3.8\r\nDate: Wed, 28 Dec 2022 00:31:18 GMT\r\nContent-Type: text/html\r\nContent-Length: 42043\r\nConnection: keep-alive\r\nCache-Control: private\r\nSet-Cookie: ASPSESSIONIDCQBDQQQC=PLAPCGFBAKPAOFCEJJHGCKDM; path=/\r\nX-Frame-Options: SAMEORIGIN\r\n\r\n'
Traceback (most recent call last):
  File "/Users/yeon/Library/Python/3.9/lib/python/site-packages/urllib3/connectionpool.py", line 469, in _make_request
    assert_header_parsing(httplib_response.msg)
  File "/Users/yeon/Library/Python/3.9/lib/python/site-packages/urllib3/util/response.py", line 91, in assert_header_parsing
    raise HeaderParsingError(defects=defects, unparsed_data=unparsed_data)
urllib3.exceptions.HeaderParsingError: [MissingHeaderBodySeparatorDefect()], unparsed data: 'Server : Wow 3.8\r\nDate: Wed, 28 Dec 2022 00:31:18 GMT\r\nContent-Type: text/html\r\nContent-Length: 42043\r\nConnection: keep-alive\r\nCache-Control: private\r\nSet-Cookie: ASPSESSIONIDCQBDQQQC=PLAPCGFBAKPAOFCEJJHGCKDM; path=/\r\nX-Frame-Options: SAMEORIGIN\r\n\r\n'
2022-12-28 09:31:16,439 - WARNING - Failed to parse headers (url=https://www.sscmc.or.kr:443/info/notice/list.asp?db=BBS_notice&pageno=1&startpage=1&where=&keyfield=&keyword=&catekkk=): [MissingHeaderBodySeparatorDefect()], unparsed data: 'Server : Wow 3.8\r\nDate: Wed, 28 Dec 2022 00:31:18 GMT\r\nContent-Type: text/html\r\nContent-Length: 42043\r\nConnection: keep-alive\r\nCache-Control: private\r\nSet-Cookie: ASPSESSIONIDCQBDQQQC=PLAPCGFBAKPAOFCEJJHGCKDM; path=/\r\nX-Frame-Options: SAMEORIGIN\r\n\r\n'
Traceback (most recent call last):
  File "/Users/yeon/Library/Python/3.9/lib/python/site-packages/urllib3/connectionpool.py", line 469, in _make_request
    assert_header_parsing(httplib_response.msg)
  File "/Users/yeon/Library/Python/3.9/lib/python/site-packages/urllib3/util/response.py", line 91, in assert_header_parsing
    raise HeaderParsingError(defects=defects, unparsed_data=unparsed_data)
urllib3.exceptions.HeaderParsingError: [MissingHeaderBodySeparatorDefect()], unparsed data: 'Server : Wow 3.8\r\nDate: Wed, 28 Dec 2022 00:31:18 GMT\r\nContent-Type: text/html\r\nContent-Length: 42043\r\nConnection: keep-alive\r\nCache-Control: private\r\nSet-Cookie: ASPSESSIONIDCQBDQQQC=PLAPCGFBAKPAOFCEJJHGCKDM; path=/\r\nX-Frame-Options: SAMEORIGIN\r\n\r\n'
2022-12-28 09:31:16,439 - WARNING - Failed to parse headers (url=https://www.sscmc.or.kr:443/info/notice/list.asp?db=BBS_notice&pageno=1&startpage=1&where=&keyfield=&keyword=&catekkk=): [MissingHeaderBodySeparatorDefect()], unparsed data: 'Server : Wow 3.8\r\nDate: Wed, 28 Dec 2022 00:31:18 GMT\r\nContent-Type: text/html\r\nContent-Length: 42043\r\nConnection: keep-alive\r\nCache-Control: private\r\nSet-Cookie: ASPSESSIONIDCQBDQQQC=PLAPCGFBAKPAOFCEJJHGCKDM; path=/\r\nX-Frame-Options: SAMEORIGIN\r\n\r\n'
Traceback (most recent call last):
  File "/Users/yeon/Library/Python/3.9/lib/python/site-packages/urllib3/connectionpool.py", line 469, in _make_request
    assert_header_parsing(httplib_response.msg)
  File "/Users/yeon/Library/Python/3.9/lib/python/site-packages/urllib3/util/response.py", line 91, in assert_header_parsing
    raise HeaderParsingError(defects=defects, unparsed_data=unparsed_data)
urllib3.exceptions.HeaderParsingError: [MissingHeaderBodySeparatorDefect()], unparsed data: 'Server : Wow 3.8\r\nDate: Wed, 28 Dec 2022 00:31:18 GMT\r\nContent-Type: text/html\r\nContent-Length: 42043\r\nConnection: keep-alive\r\nCache-Control: private\r\nSet-Cookie: ASPSESSIONIDCQBDQQQC=PLAPCGFBAKPAOFCEJJHGCKDM; path=/\r\nX-Frame-Options: SAMEORIGIN\r\n\r\n'
2022-12-28 09:31:16,439 - WARNING - Failed to parse headers (url=https://www.sscmc.or.kr:443/info/notice/list.asp?db=BBS_notice&pageno=1&startpage=1&where=&keyfield=&keyword=&catekkk=): [MissingHeaderBodySeparatorDefect()], unparsed data: 'Server : Wow 3.8\r\nDate: Wed, 28 Dec 2022 00:31:18 GMT\r\nContent-Type: text/html\r\nContent-Length: 42043\r\nConnection: keep-alive\r\nCache-Control: private\r\nSet-Cookie: ASPSESSIONIDCQBDQQQC=PLAPCGFBAKPAOFCEJJHGCKDM; path=/\r\nX-Frame-Options: SAMEORIGIN\r\n\r\n'
Traceback (most recent call last):
  File "/Users/yeon/Library/Python/3.9/lib/python/site-packages/urllib3/connectionpool.py", line 469, in _make_request
    assert_header_parsing(httplib_response.msg)
  File "/Users/yeon/Library/Python/3.9/lib/python/site-packages/urllib3/util/response.py", line 91, in assert_header_parsing
    raise HeaderParsingError(defects=defects, unparsed_data=unparsed_data)
urllib3.exceptions.HeaderParsingError: [MissingHeaderBodySeparatorDefect()], unparsed data: 'Server : Wow 3.8\r\nDate: Wed, 28 Dec 2022 00:31:18 GMT\r\nContent-Type: text/html\r\nContent-Length: 42043\r\nConnection: keep-alive\r\nCache-Control: private\r\nSet-Cookie: ASPSESSIONIDCQBDQQQC=PLAPCGFBAKPAOFCEJJHGCKDM; path=/\r\nX-Frame-Options: SAMEORIGIN\r\n\r\n'
2022-12-28 09:31:16,439 - WARNING - Failed to parse headers (url=https://www.sscmc.or.kr:443/info/notice/list.asp?db=BBS_notice&pageno=1&startpage=1&where=&keyfield=&keyword=&catekkk=): [MissingHeaderBodySeparatorDefect()], unparsed data: 'Server : Wow 3.8\r\nDate: Wed, 28 Dec 2022 00:31:18 GMT\r\nContent-Type: text/html\r\nContent-Length: 42043\r\nConnection: keep-alive\r\nCache-Control: private\r\nSet-Cookie: ASPSESSIONIDCQBDQQQC=PLAPCGFBAKPAOFCEJJHGCKDM; path=/\r\nX-Frame-Options: SAMEORIGIN\r\n\r\n'
Traceback (most recent call last):
  File "/Users/yeon/Library/Python/3.9/lib/python/site-packages/urllib3/connectionpool.py", line 469, in _make_request
    assert_header_parsing(httplib_response.msg)
  File "/Users/yeon/Library/Python/3.9/lib/python/site-packages/urllib3/util/response.py", line 91, in assert_header_parsing
    raise HeaderParsingError(defects=defects, unparsed_data=unparsed_data)
urllib3.exceptions.HeaderParsingError: [MissingHeaderBodySeparatorDefect()], unparsed data: 'Server : Wow 3.8\r\nDate: Wed, 28 Dec 2022 00:31:18 GMT\r\nContent-Type: text/html\r\nContent-Length: 42043\r\nConnection: keep-alive\r\nCache-Control: private\r\nSet-Cookie: ASPSESSIONIDCQBDQQQC=PLAPCGFBAKPAOFCEJJHGCKDM; path=/\r\nX-Frame-Options: SAMEORIGIN\r\n\r\n'
2022-12-28 09:32:31,831 - INFO - SEODAEMUN
2022-12-28 09:32:31,831 - INFO - SEODAEMUN
2022-12-28 09:32:31,831 - INFO - SEODAEMUN
2022-12-28 09:32:31,831 - INFO - SEODAEMUN
2022-12-28 09:32:31,831 - INFO - SEODAEMUN
2022-12-28 09:32:31,831 - INFO - SEODAEMUN
2022-12-28 09:32:31,831 - INFO - SEODAEMUN
2022-12-28 09:32:31,831 - INFO - SEODAEMUN
2022-12-28 09:32:31,831 - INFO - SEODAEMUN
2022-12-28 09:32:31,831 - INFO - SEODAEMUN
2022-12-28 09:32:31,831 - INFO - SEODAEMUN
2022-12-28 09:32:31,831 - INFO - SEODAEMUN
