2022-12-26 08:54:13,116 - INFO - JUNGNANG
2022-12-26 08:55:17,248 - INFO - JUNGNANG
2022-12-26 08:55:21,378 - WARNING - Failed to parse headers (url=https://www.jungnang.go.kr:443/portal/bbs/list/B0000002.do?searchCnd=&searchWrd=&gubun=&delCode=0&useAt=&replyAt=&menuNo=200473&sdate=&edate=&deptId=&deptName=&popupYn=&dept=&dong=&option1=&viewType=&searchCnd2=&pageIndex=1): [FirstHeaderLineIsContinuationDefect(' X-Content-Type-Options: nosniff\r\n')], unparsed data: ''
Traceback (most recent call last):
  File "/Users/yeon/Library/Python/3.9/lib/python/site-packages/urllib3/connectionpool.py", line 469, in _make_request
    assert_header_parsing(httplib_response.msg)
  File "/Users/yeon/Library/Python/3.9/lib/python/site-packages/urllib3/util/response.py", line 91, in assert_header_parsing
    raise HeaderParsingError(defects=defects, unparsed_data=unparsed_data)
urllib3.exceptions.HeaderParsingError: [FirstHeaderLineIsContinuationDefect(' X-Content-Type-Options: nosniff\r\n')], unparsed data: ''
2022-12-26 08:55:22,096 - INFO - JUNGNANG
2022-12-26 08:55:22,096 - INFO - JUNGNANG
2022-12-26 08:55:46,779 - INFO - YONGSAN
2022-12-26 08:55:46,779 - INFO - YONGSAN
2022-12-26 08:55:46,779 - INFO - YONGSAN
2022-12-26 08:55:48,753 - INFO - YONGSAN
2022-12-26 08:55:48,753 - INFO - YONGSAN
2022-12-26 08:55:48,753 - INFO - YONGSAN
2022-12-26 08:55:48,753 - INFO - YONGSAN
2022-12-26 08:55:50,200 - INFO - GANGNAM
2022-12-26 08:55:50,200 - INFO - GANGNAM
2022-12-26 08:55:50,200 - INFO - GANGNAM
2022-12-26 08:55:50,200 - INFO - GANGNAM
2022-12-26 08:55:50,200 - INFO - GANGNAM
2022-12-26 08:56:05,477 - INFO - GANGNAM
2022-12-26 08:56:05,477 - INFO - GANGNAM
2022-12-26 08:56:05,477 - INFO - GANGNAM
2022-12-26 08:56:05,477 - INFO - GANGNAM
2022-12-26 08:56:05,477 - INFO - GANGNAM
2022-12-26 08:56:05,477 - INFO - GANGNAM
2022-12-26 08:56:07,225 - INFO - GANGDONG
2022-12-26 08:56:07,225 - INFO - GANGDONG
2022-12-26 08:56:07,225 - INFO - GANGDONG
2022-12-26 08:56:07,225 - INFO - GANGDONG
2022-12-26 08:56:07,225 - INFO - GANGDONG
2022-12-26 08:56:07,225 - INFO - GANGDONG
2022-12-26 08:56:07,225 - INFO - GANGDONG
2022-12-26 08:56:13,068 - INFO - GURO
2022-12-26 08:56:13,068 - INFO - GURO
2022-12-26 08:56:13,068 - INFO - GURO
2022-12-26 08:56:13,068 - INFO - GURO
2022-12-26 08:56:13,068 - INFO - GURO
2022-12-26 08:56:13,068 - INFO - GURO
2022-12-26 08:56:13,068 - INFO - GURO
2022-12-26 08:56:13,068 - INFO - GURO
2022-12-26 08:56:15,605 - INFO - GURO
2022-12-26 08:56:15,605 - INFO - GURO
2022-12-26 08:56:15,605 - INFO - GURO
2022-12-26 08:56:15,605 - INFO - GURO
2022-12-26 08:56:15,605 - INFO - GURO
2022-12-26 08:56:15,605 - INFO - GURO
2022-12-26 08:56:15,605 - INFO - GURO
2022-12-26 08:56:15,605 - INFO - GURO
2022-12-26 08:56:15,605 - INFO - GURO
2022-12-26 08:56:25,054 - INFO - GANGSEO
2022-12-26 08:56:25,054 - INFO - GANGSEO
2022-12-26 08:56:25,054 - INFO - GANGSEO
2022-12-26 08:56:25,054 - INFO - GANGSEO
2022-12-26 08:56:25,054 - INFO - GANGSEO
2022-12-26 08:56:25,054 - INFO - GANGSEO
2022-12-26 08:56:25,054 - INFO - GANGSEO
2022-12-26 08:56:25,054 - INFO - GANGSEO
2022-12-26 08:56:25,054 - INFO - GANGSEO
2022-12-26 08:56:25,054 - INFO - GANGSEO
2022-12-26 08:56:28,489 - INFO - GANGSEO
2022-12-26 08:56:28,489 - INFO - GANGSEO
2022-12-26 08:56:28,489 - INFO - GANGSEO
2022-12-26 08:56:28,489 - INFO - GANGSEO
2022-12-26 08:56:28,489 - INFO - GANGSEO
2022-12-26 08:56:28,489 - INFO - GANGSEO
2022-12-26 08:56:28,489 - INFO - GANGSEO
2022-12-26 08:56:28,489 - INFO - GANGSEO
2022-12-26 08:56:28,489 - INFO - GANGSEO
2022-12-26 08:56:28,489 - INFO - GANGSEO
2022-12-26 08:56:28,489 - INFO - GANGSEO
2022-12-26 08:56:30,162 - INFO - GANGDONG
2022-12-26 08:56:30,162 - INFO - GANGDONG
2022-12-26 08:56:30,162 - INFO - GANGDONG
2022-12-26 08:56:30,162 - INFO - GANGDONG
2022-12-26 08:56:30,162 - INFO - GANGDONG
2022-12-26 08:56:30,162 - INFO - GANGDONG
2022-12-26 08:56:30,162 - INFO - GANGDONG
2022-12-26 08:56:30,162 - INFO - GANGDONG
2022-12-26 08:56:30,162 - INFO - GANGDONG
2022-12-26 08:56:30,162 - INFO - GANGDONG
2022-12-26 08:56:30,162 - INFO - GANGDONG
2022-12-26 08:56:30,162 - INFO - GANGDONG
2022-12-26 08:56:32,222 - INFO - GANGDONG
2022-12-26 08:56:32,222 - INFO - GANGDONG
2022-12-26 08:56:32,222 - INFO - GANGDONG
2022-12-26 08:56:32,222 - INFO - GANGDONG
2022-12-26 08:56:32,222 - INFO - GANGDONG
2022-12-26 08:56:32,222 - INFO - GANGDONG
2022-12-26 08:56:32,222 - INFO - GANGDONG
2022-12-26 08:56:32,222 - INFO - GANGDONG
2022-12-26 08:56:32,222 - INFO - GANGDONG
2022-12-26 08:56:32,222 - INFO - GANGDONG
2022-12-26 08:56:32,222 - INFO - GANGDONG
2022-12-26 08:56:32,222 - INFO - GANGDONG
2022-12-26 08:56:32,222 - INFO - GANGDONG
2022-12-26 08:56:34,051 - INFO - GANGDONG
2022-12-26 08:56:34,051 - INFO - GANGDONG
2022-12-26 08:56:34,051 - INFO - GANGDONG
2022-12-26 08:56:34,051 - INFO - GANGDONG
2022-12-26 08:56:34,051 - INFO - GANGDONG
2022-12-26 08:56:34,051 - INFO - GANGDONG
2022-12-26 08:56:34,051 - INFO - GANGDONG
2022-12-26 08:56:34,051 - INFO - GANGDONG
2022-12-26 08:56:34,051 - INFO - GANGDONG
2022-12-26 08:56:34,051 - INFO - GANGDONG
2022-12-26 08:56:34,051 - INFO - GANGDONG
2022-12-26 08:56:34,051 - INFO - GANGDONG
2022-12-26 08:56:34,051 - INFO - GANGDONG
2022-12-26 08:56:34,051 - INFO - GANGDONG
2022-12-26 08:56:43,304 - INFO - DOBONG
2022-12-26 08:56:43,304 - INFO - DOBONG
2022-12-26 08:56:43,304 - INFO - DOBONG
2022-12-26 08:56:43,304 - INFO - DOBONG
2022-12-26 08:56:43,304 - INFO - DOBONG
2022-12-26 08:56:43,304 - INFO - DOBONG
2022-12-26 08:56:43,304 - INFO - DOBONG
2022-12-26 08:56:43,304 - INFO - DOBONG
2022-12-26 08:56:43,304 - INFO - DOBONG
2022-12-26 08:56:43,304 - INFO - DOBONG
2022-12-26 08:56:43,304 - INFO - DOBONG
2022-12-26 08:56:43,304 - INFO - DOBONG
2022-12-26 08:56:43,304 - INFO - DOBONG
2022-12-26 08:56:43,304 - INFO - DOBONG
2022-12-26 08:56:43,304 - INFO - DOBONG
2022-12-26 08:56:45,062 - INFO - DOBONG
2022-12-26 08:56:45,062 - INFO - DOBONG
2022-12-26 08:56:45,062 - INFO - DOBONG
2022-12-26 08:56:45,062 - INFO - DOBONG
2022-12-26 08:56:45,062 - INFO - DOBONG
2022-12-26 08:56:45,062 - INFO - DOBONG
2022-12-26 08:56:45,062 - INFO - DOBONG
2022-12-26 08:56:45,062 - INFO - DOBONG
2022-12-26 08:56:45,062 - INFO - DOBONG
2022-12-26 08:56:45,062 - INFO - DOBONG
2022-12-26 08:56:45,062 - INFO - DOBONG
2022-12-26 08:56:45,062 - INFO - DOBONG
2022-12-26 08:56:45,062 - INFO - DOBONG
2022-12-26 08:56:45,062 - INFO - DOBONG
2022-12-26 08:56:45,062 - INFO - DOBONG
2022-12-26 08:56:45,062 - INFO - DOBONG
2022-12-26 08:56:47,077 - INFO - GANGBUK
2022-12-26 08:56:47,077 - INFO - GANGBUK
2022-12-26 08:56:47,077 - INFO - GANGBUK
2022-12-26 08:56:47,077 - INFO - GANGBUK
2022-12-26 08:56:47,077 - INFO - GANGBUK
2022-12-26 08:56:47,077 - INFO - GANGBUK
2022-12-26 08:56:47,077 - INFO - GANGBUK
2022-12-26 08:56:47,077 - INFO - GANGBUK
2022-12-26 08:56:47,077 - INFO - GANGBUK
2022-12-26 08:56:47,077 - INFO - GANGBUK
2022-12-26 08:56:47,077 - INFO - GANGBUK
2022-12-26 08:56:47,077 - INFO - GANGBUK
2022-12-26 08:56:47,077 - INFO - GANGBUK
2022-12-26 08:56:47,077 - INFO - GANGBUK
2022-12-26 08:56:47,077 - INFO - GANGBUK
2022-12-26 08:56:47,077 - INFO - GANGBUK
2022-12-26 08:56:47,077 - INFO - GANGBUK
2022-12-26 08:56:56,050 - INFO - GANGBUK
2022-12-26 08:56:56,050 - INFO - GANGBUK
2022-12-26 08:56:56,050 - INFO - GANGBUK
2022-12-26 08:56:56,050 - INFO - GANGBUK
2022-12-26 08:56:56,050 - INFO - GANGBUK
2022-12-26 08:56:56,050 - INFO - GANGBUK
2022-12-26 08:56:56,050 - INFO - GANGBUK
2022-12-26 08:56:56,050 - INFO - GANGBUK
2022-12-26 08:56:56,050 - INFO - GANGBUK
2022-12-26 08:56:56,050 - INFO - GANGBUK
2022-12-26 08:56:56,050 - INFO - GANGBUK
2022-12-26 08:56:56,050 - INFO - GANGBUK
2022-12-26 08:56:56,050 - INFO - GANGBUK
2022-12-26 08:56:56,050 - INFO - GANGBUK
2022-12-26 08:56:56,050 - INFO - GANGBUK
2022-12-26 08:56:56,050 - INFO - GANGBUK
2022-12-26 08:56:56,050 - INFO - GANGBUK
2022-12-26 08:56:56,050 - INFO - GANGBUK
2022-12-26 08:57:05,764 - INFO - DONGDAEMUN
2022-12-26 08:57:05,764 - INFO - DONGDAEMUN
2022-12-26 08:57:05,764 - INFO - DONGDAEMUN
2022-12-26 08:57:05,764 - INFO - DONGDAEMUN
2022-12-26 08:57:05,764 - INFO - DONGDAEMUN
2022-12-26 08:57:05,764 - INFO - DONGDAEMUN
2022-12-26 08:57:05,764 - INFO - DONGDAEMUN
2022-12-26 08:57:05,764 - INFO - DONGDAEMUN
2022-12-26 08:57:05,764 - INFO - DONGDAEMUN
2022-12-26 08:57:05,764 - INFO - DONGDAEMUN
2022-12-26 08:57:05,764 - INFO - DONGDAEMUN
2022-12-26 08:57:05,764 - INFO - DONGDAEMUN
2022-12-26 08:57:05,764 - INFO - DONGDAEMUN
2022-12-26 08:57:05,764 - INFO - DONGDAEMUN
2022-12-26 08:57:05,764 - INFO - DONGDAEMUN
2022-12-26 08:57:05,764 - INFO - DONGDAEMUN
2022-12-26 08:57:05,764 - INFO - DONGDAEMUN
2022-12-26 08:57:05,764 - INFO - DONGDAEMUN
2022-12-26 08:57:05,764 - INFO - DONGDAEMUN
2022-12-26 08:57:07,809 - INFO - DONGDAEMUN
2022-12-26 08:57:07,809 - INFO - DONGDAEMUN
2022-12-26 08:57:07,809 - INFO - DONGDAEMUN
2022-12-26 08:57:07,809 - INFO - DONGDAEMUN
2022-12-26 08:57:07,809 - INFO - DONGDAEMUN
2022-12-26 08:57:07,809 - INFO - DONGDAEMUN
2022-12-26 08:57:07,809 - INFO - DONGDAEMUN
2022-12-26 08:57:07,809 - INFO - DONGDAEMUN
2022-12-26 08:57:07,809 - INFO - DONGDAEMUN
2022-12-26 08:57:07,809 - INFO - DONGDAEMUN
2022-12-26 08:57:07,809 - INFO - DONGDAEMUN
2022-12-26 08:57:07,809 - INFO - DONGDAEMUN
2022-12-26 08:57:07,809 - INFO - DONGDAEMUN
2022-12-26 08:57:07,809 - INFO - DONGDAEMUN
2022-12-26 08:57:07,809 - INFO - DONGDAEMUN
2022-12-26 08:57:07,809 - INFO - DONGDAEMUN
2022-12-26 08:57:07,809 - INFO - DONGDAEMUN
2022-12-26 08:57:07,809 - INFO - DONGDAEMUN
2022-12-26 08:57:07,809 - INFO - DONGDAEMUN
2022-12-26 08:57:07,809 - INFO - DONGDAEMUN
2022-12-26 08:57:09,749 - INFO - DONGDAEMUN
2022-12-26 08:57:09,749 - INFO - DONGDAEMUN
2022-12-26 08:57:09,749 - INFO - DONGDAEMUN
2022-12-26 08:57:09,749 - INFO - DONGDAEMUN
2022-12-26 08:57:09,749 - INFO - DONGDAEMUN
2022-12-26 08:57:09,749 - INFO - DONGDAEMUN
2022-12-26 08:57:09,749 - INFO - DONGDAEMUN
2022-12-26 08:57:09,749 - INFO - DONGDAEMUN
2022-12-26 08:57:09,749 - INFO - DONGDAEMUN
2022-12-26 08:57:09,749 - INFO - DONGDAEMUN
2022-12-26 08:57:09,749 - INFO - DONGDAEMUN
2022-12-26 08:57:09,749 - INFO - DONGDAEMUN
2022-12-26 08:57:09,749 - INFO - DONGDAEMUN
2022-12-26 08:57:09,749 - INFO - DONGDAEMUN
2022-12-26 08:57:09,749 - INFO - DONGDAEMUN
2022-12-26 08:57:09,749 - INFO - DONGDAEMUN
2022-12-26 08:57:09,749 - INFO - DONGDAEMUN
2022-12-26 08:57:09,749 - INFO - DONGDAEMUN
2022-12-26 08:57:09,749 - INFO - DONGDAEMUN
2022-12-26 08:57:09,749 - INFO - DONGDAEMUN
2022-12-26 08:57:09,749 - INFO - DONGDAEMUN
2022-12-26 08:57:11,024 - INFO - DONGJAK
2022-12-26 08:57:11,024 - INFO - DONGJAK
2022-12-26 08:57:11,024 - INFO - DONGJAK
2022-12-26 08:57:11,024 - INFO - DONGJAK
2022-12-26 08:57:11,024 - INFO - DONGJAK
2022-12-26 08:57:11,024 - INFO - DONGJAK
2022-12-26 08:57:11,024 - INFO - DONGJAK
2022-12-26 08:57:11,024 - INFO - DONGJAK
2022-12-26 08:57:11,024 - INFO - DONGJAK
2022-12-26 08:57:11,024 - INFO - DONGJAK
2022-12-26 08:57:11,024 - INFO - DONGJAK
2022-12-26 08:57:11,024 - INFO - DONGJAK
2022-12-26 08:57:11,024 - INFO - DONGJAK
2022-12-26 08:57:11,024 - INFO - DONGJAK
2022-12-26 08:57:11,024 - INFO - DONGJAK
2022-12-26 08:57:11,024 - INFO - DONGJAK
2022-12-26 08:57:11,024 - INFO - DONGJAK
2022-12-26 08:57:11,024 - INFO - DONGJAK
2022-12-26 08:57:11,024 - INFO - DONGJAK
2022-12-26 08:57:11,024 - INFO - DONGJAK
2022-12-26 08:57:11,024 - INFO - DONGJAK
2022-12-26 08:57:11,024 - INFO - DONGJAK
2022-12-26 08:57:14,443 - INFO - DONGJAK
2022-12-26 08:57:14,443 - INFO - DONGJAK
2022-12-26 08:57:14,443 - INFO - DONGJAK
2022-12-26 08:57:14,443 - INFO - DONGJAK
2022-12-26 08:57:14,443 - INFO - DONGJAK
2022-12-26 08:57:14,443 - INFO - DONGJAK
2022-12-26 08:57:14,443 - INFO - DONGJAK
2022-12-26 08:57:14,443 - INFO - DONGJAK
2022-12-26 08:57:14,443 - INFO - DONGJAK
2022-12-26 08:57:14,443 - INFO - DONGJAK
2022-12-26 08:57:14,443 - INFO - DONGJAK
2022-12-26 08:57:14,443 - INFO - DONGJAK
2022-12-26 08:57:14,443 - INFO - DONGJAK
2022-12-26 08:57:14,443 - INFO - DONGJAK
2022-12-26 08:57:14,443 - INFO - DONGJAK
2022-12-26 08:57:14,443 - INFO - DONGJAK
2022-12-26 08:57:14,443 - INFO - DONGJAK
2022-12-26 08:57:14,443 - INFO - DONGJAK
2022-12-26 08:57:14,443 - INFO - DONGJAK
2022-12-26 08:57:14,443 - INFO - DONGJAK
2022-12-26 08:57:14,443 - INFO - DONGJAK
2022-12-26 08:57:14,443 - INFO - DONGJAK
2022-12-26 08:57:14,443 - INFO - DONGJAK
2022-12-26 08:57:31,941 - INFO - GEUAMCHEOUN
2022-12-26 08:57:31,941 - INFO - GEUAMCHEOUN
2022-12-26 08:57:31,941 - INFO - GEUAMCHEOUN
2022-12-26 08:57:31,941 - INFO - GEUAMCHEOUN
2022-12-26 08:57:31,941 - INFO - GEUAMCHEOUN
2022-12-26 08:57:31,941 - INFO - GEUAMCHEOUN
2022-12-26 08:57:31,941 - INFO - GEUAMCHEOUN
2022-12-26 08:57:31,941 - INFO - GEUAMCHEOUN
2022-12-26 08:57:31,941 - INFO - GEUAMCHEOUN
2022-12-26 08:57:31,941 - INFO - GEUAMCHEOUN
2022-12-26 08:57:31,941 - INFO - GEUAMCHEOUN
2022-12-26 08:57:31,941 - INFO - GEUAMCHEOUN
2022-12-26 08:57:31,941 - INFO - GEUAMCHEOUN
2022-12-26 08:57:31,941 - INFO - GEUAMCHEOUN
2022-12-26 08:57:31,941 - INFO - GEUAMCHEOUN
2022-12-26 08:57:31,941 - INFO - GEUAMCHEOUN
2022-12-26 08:57:31,941 - INFO - GEUAMCHEOUN
2022-12-26 08:57:31,941 - INFO - GEUAMCHEOUN
2022-12-26 08:57:31,941 - INFO - GEUAMCHEOUN
2022-12-26 08:57:31,941 - INFO - GEUAMCHEOUN
2022-12-26 08:57:31,941 - INFO - GEUAMCHEOUN
2022-12-26 08:57:31,941 - INFO - GEUAMCHEOUN
2022-12-26 08:57:31,941 - INFO - GEUAMCHEOUN
2022-12-26 08:57:31,941 - INFO - GEUAMCHEOUN
2022-12-26 08:58:40,855 - INFO - GEUAMCHEOUN
2022-12-26 08:58:40,855 - INFO - GEUAMCHEOUN
2022-12-26 08:58:40,855 - INFO - GEUAMCHEOUN
2022-12-26 08:58:40,855 - INFO - GEUAMCHEOUN
2022-12-26 08:58:40,855 - INFO - GEUAMCHEOUN
2022-12-26 08:58:40,855 - INFO - GEUAMCHEOUN
2022-12-26 08:58:40,855 - INFO - GEUAMCHEOUN
2022-12-26 08:58:40,855 - INFO - GEUAMCHEOUN
2022-12-26 08:58:40,855 - INFO - GEUAMCHEOUN
2022-12-26 08:58:40,855 - INFO - GEUAMCHEOUN
2022-12-26 08:58:40,855 - INFO - GEUAMCHEOUN
2022-12-26 08:58:40,855 - INFO - GEUAMCHEOUN
2022-12-26 08:58:40,855 - INFO - GEUAMCHEOUN
2022-12-26 08:58:40,855 - INFO - GEUAMCHEOUN
2022-12-26 08:58:40,855 - INFO - GEUAMCHEOUN
2022-12-26 08:58:40,855 - INFO - GEUAMCHEOUN
2022-12-26 08:58:40,855 - INFO - GEUAMCHEOUN
2022-12-26 08:58:40,855 - INFO - GEUAMCHEOUN
2022-12-26 08:58:40,855 - INFO - GEUAMCHEOUN
2022-12-26 08:58:40,855 - INFO - GEUAMCHEOUN
2022-12-26 08:58:40,855 - INFO - GEUAMCHEOUN
2022-12-26 08:58:40,855 - INFO - GEUAMCHEOUN
2022-12-26 08:58:40,855 - INFO - GEUAMCHEOUN
2022-12-26 08:58:40,855 - INFO - GEUAMCHEOUN
2022-12-26 08:58:40,855 - INFO - GEUAMCHEOUN
2022-12-26 08:58:42,278 - INFO - GWANAK
2022-12-26 08:58:42,278 - INFO - GWANAK
2022-12-26 08:58:42,278 - INFO - GWANAK
2022-12-26 08:58:42,278 - INFO - GWANAK
2022-12-26 08:58:42,278 - INFO - GWANAK
2022-12-26 08:58:42,278 - INFO - GWANAK
2022-12-26 08:58:42,278 - INFO - GWANAK
2022-12-26 08:58:42,278 - INFO - GWANAK
2022-12-26 08:58:42,278 - INFO - GWANAK
2022-12-26 08:58:42,278 - INFO - GWANAK
2022-12-26 08:58:42,278 - INFO - GWANAK
2022-12-26 08:58:42,278 - INFO - GWANAK
2022-12-26 08:58:42,278 - INFO - GWANAK
2022-12-26 08:58:42,278 - INFO - GWANAK
2022-12-26 08:58:42,278 - INFO - GWANAK
2022-12-26 08:58:42,278 - INFO - GWANAK
2022-12-26 08:58:42,278 - INFO - GWANAK
2022-12-26 08:58:42,278 - INFO - GWANAK
2022-12-26 08:58:42,278 - INFO - GWANAK
2022-12-26 08:58:42,278 - INFO - GWANAK
2022-12-26 08:58:42,278 - INFO - GWANAK
2022-12-26 08:58:42,278 - INFO - GWANAK
2022-12-26 08:58:42,278 - INFO - GWANAK
2022-12-26 08:58:42,278 - INFO - GWANAK
2022-12-26 08:58:42,278 - INFO - GWANAK
2022-12-26 08:58:42,278 - INFO - GWANAK
2022-12-26 08:58:58,832 - INFO - GWANAK
2022-12-26 08:58:58,832 - INFO - GWANAK
2022-12-26 08:58:58,832 - INFO - GWANAK
2022-12-26 08:58:58,832 - INFO - GWANAK
2022-12-26 08:58:58,832 - INFO - GWANAK
2022-12-26 08:58:58,832 - INFO - GWANAK
2022-12-26 08:58:58,832 - INFO - GWANAK
2022-12-26 08:58:58,832 - INFO - GWANAK
2022-12-26 08:58:58,832 - INFO - GWANAK
2022-12-26 08:58:58,832 - INFO - GWANAK
2022-12-26 08:58:58,832 - INFO - GWANAK
2022-12-26 08:58:58,832 - INFO - GWANAK
2022-12-26 08:58:58,832 - INFO - GWANAK
2022-12-26 08:58:58,832 - INFO - GWANAK
2022-12-26 08:58:58,832 - INFO - GWANAK
2022-12-26 08:58:58,832 - INFO - GWANAK
2022-12-26 08:58:58,832 - INFO - GWANAK
2022-12-26 08:58:58,832 - INFO - GWANAK
2022-12-26 08:58:58,832 - INFO - GWANAK
2022-12-26 08:58:58,832 - INFO - GWANAK
2022-12-26 08:58:58,832 - INFO - GWANAK
2022-12-26 08:58:58,832 - INFO - GWANAK
2022-12-26 08:58:58,832 - INFO - GWANAK
2022-12-26 08:58:58,832 - INFO - GWANAK
2022-12-26 08:58:58,832 - INFO - GWANAK
2022-12-26 08:58:58,832 - INFO - GWANAK
2022-12-26 08:58:58,832 - INFO - GWANAK
2022-12-26 08:59:08,262 - INFO - SEONGDONG
2022-12-26 08:59:08,262 - INFO - SEONGDONG
2022-12-26 08:59:08,262 - INFO - SEONGDONG
2022-12-26 08:59:08,262 - INFO - SEONGDONG
2022-12-26 08:59:08,262 - INFO - SEONGDONG
2022-12-26 08:59:08,262 - INFO - SEONGDONG
2022-12-26 08:59:08,262 - INFO - SEONGDONG
2022-12-26 08:59:08,262 - INFO - SEONGDONG
2022-12-26 08:59:08,262 - INFO - SEONGDONG
2022-12-26 08:59:08,262 - INFO - SEONGDONG
2022-12-26 08:59:08,262 - INFO - SEONGDONG
2022-12-26 08:59:08,262 - INFO - SEONGDONG
2022-12-26 08:59:08,262 - INFO - SEONGDONG
2022-12-26 08:59:08,262 - INFO - SEONGDONG
2022-12-26 08:59:08,262 - INFO - SEONGDONG
2022-12-26 08:59:08,262 - INFO - SEONGDONG
2022-12-26 08:59:08,262 - INFO - SEONGDONG
2022-12-26 08:59:08,262 - INFO - SEONGDONG
2022-12-26 08:59:08,262 - INFO - SEONGDONG
2022-12-26 08:59:08,262 - INFO - SEONGDONG
2022-12-26 08:59:08,262 - INFO - SEONGDONG
2022-12-26 08:59:08,262 - INFO - SEONGDONG
2022-12-26 08:59:08,262 - INFO - SEONGDONG
2022-12-26 08:59:08,262 - INFO - SEONGDONG
2022-12-26 08:59:08,262 - INFO - SEONGDONG
2022-12-26 08:59:08,262 - INFO - SEONGDONG
2022-12-26 08:59:08,262 - INFO - SEONGDONG
2022-12-26 08:59:08,262 - INFO - SEONGDONG
2022-12-26 08:59:15,501 - INFO - SEONGDONG
2022-12-26 08:59:15,501 - INFO - SEONGDONG
2022-12-26 08:59:15,501 - INFO - SEONGDONG
2022-12-26 08:59:15,501 - INFO - SEONGDONG
2022-12-26 08:59:15,501 - INFO - SEONGDONG
2022-12-26 08:59:15,501 - INFO - SEONGDONG
2022-12-26 08:59:15,501 - INFO - SEONGDONG
2022-12-26 08:59:15,501 - INFO - SEONGDONG
2022-12-26 08:59:15,501 - INFO - SEONGDONG
2022-12-26 08:59:15,501 - INFO - SEONGDONG
2022-12-26 08:59:15,501 - INFO - SEONGDONG
2022-12-26 08:59:15,501 - INFO - SEONGDONG
2022-12-26 08:59:15,501 - INFO - SEONGDONG
2022-12-26 08:59:15,501 - INFO - SEONGDONG
2022-12-26 08:59:15,501 - INFO - SEONGDONG
2022-12-26 08:59:15,501 - INFO - SEONGDONG
2022-12-26 08:59:15,501 - INFO - SEONGDONG
2022-12-26 08:59:15,501 - INFO - SEONGDONG
2022-12-26 08:59:15,501 - INFO - SEONGDONG
2022-12-26 08:59:15,501 - INFO - SEONGDONG
2022-12-26 08:59:15,501 - INFO - SEONGDONG
2022-12-26 08:59:15,501 - INFO - SEONGDONG
2022-12-26 08:59:15,501 - INFO - SEONGDONG
2022-12-26 08:59:15,501 - INFO - SEONGDONG
2022-12-26 08:59:15,501 - INFO - SEONGDONG
2022-12-26 08:59:15,501 - INFO - SEONGDONG
2022-12-26 08:59:15,501 - INFO - SEONGDONG
2022-12-26 08:59:15,501 - INFO - SEONGDONG
2022-12-26 08:59:15,501 - INFO - SEONGDONG
2022-12-26 08:59:25,984 - INFO - EUNPYENG
2022-12-26 08:59:25,984 - INFO - EUNPYENG
2022-12-26 08:59:25,984 - INFO - EUNPYENG
2022-12-26 08:59:25,984 - INFO - EUNPYENG
2022-12-26 08:59:25,984 - INFO - EUNPYENG
2022-12-26 08:59:25,984 - INFO - EUNPYENG
2022-12-26 08:59:25,984 - INFO - EUNPYENG
2022-12-26 08:59:25,984 - INFO - EUNPYENG
2022-12-26 08:59:25,984 - INFO - EUNPYENG
2022-12-26 08:59:25,984 - INFO - EUNPYENG
2022-12-26 08:59:25,984 - INFO - EUNPYENG
2022-12-26 08:59:25,984 - INFO - EUNPYENG
2022-12-26 08:59:25,984 - INFO - EUNPYENG
2022-12-26 08:59:25,984 - INFO - EUNPYENG
2022-12-26 08:59:25,984 - INFO - EUNPYENG
2022-12-26 08:59:25,984 - INFO - EUNPYENG
2022-12-26 08:59:25,984 - INFO - EUNPYENG
2022-12-26 08:59:25,984 - INFO - EUNPYENG
2022-12-26 08:59:25,984 - INFO - EUNPYENG
2022-12-26 08:59:25,984 - INFO - EUNPYENG
2022-12-26 08:59:25,984 - INFO - EUNPYENG
2022-12-26 08:59:25,984 - INFO - EUNPYENG
2022-12-26 08:59:25,984 - INFO - EUNPYENG
2022-12-26 08:59:25,984 - INFO - EUNPYENG
2022-12-26 08:59:25,984 - INFO - EUNPYENG
2022-12-26 08:59:25,984 - INFO - EUNPYENG
2022-12-26 08:59:25,984 - INFO - EUNPYENG
2022-12-26 08:59:25,984 - INFO - EUNPYENG
2022-12-26 08:59:25,984 - INFO - EUNPYENG
2022-12-26 08:59:25,984 - INFO - EUNPYENG
2022-12-26 08:59:38,050 - INFO - EUNPYENG
2022-12-26 08:59:38,050 - INFO - EUNPYENG
2022-12-26 08:59:38,050 - INFO - EUNPYENG
2022-12-26 08:59:38,050 - INFO - EUNPYENG
2022-12-26 08:59:38,050 - INFO - EUNPYENG
2022-12-26 08:59:38,050 - INFO - EUNPYENG
2022-12-26 08:59:38,050 - INFO - EUNPYENG
2022-12-26 08:59:38,050 - INFO - EUNPYENG
2022-12-26 08:59:38,050 - INFO - EUNPYENG
2022-12-26 08:59:38,050 - INFO - EUNPYENG
2022-12-26 08:59:38,050 - INFO - EUNPYENG
2022-12-26 08:59:38,050 - INFO - EUNPYENG
2022-12-26 08:59:38,050 - INFO - EUNPYENG
2022-12-26 08:59:38,050 - INFO - EUNPYENG
2022-12-26 08:59:38,050 - INFO - EUNPYENG
2022-12-26 08:59:38,050 - INFO - EUNPYENG
2022-12-26 08:59:38,050 - INFO - EUNPYENG
2022-12-26 08:59:38,050 - INFO - EUNPYENG
2022-12-26 08:59:38,050 - INFO - EUNPYENG
2022-12-26 08:59:38,050 - INFO - EUNPYENG
2022-12-26 08:59:38,050 - INFO - EUNPYENG
2022-12-26 08:59:38,050 - INFO - EUNPYENG
2022-12-26 08:59:38,050 - INFO - EUNPYENG
2022-12-26 08:59:38,050 - INFO - EUNPYENG
2022-12-26 08:59:38,050 - INFO - EUNPYENG
2022-12-26 08:59:38,050 - INFO - EUNPYENG
2022-12-26 08:59:38,050 - INFO - EUNPYENG
2022-12-26 08:59:38,050 - INFO - EUNPYENG
2022-12-26 08:59:38,050 - INFO - EUNPYENG
2022-12-26 08:59:38,050 - INFO - EUNPYENG
2022-12-26 08:59:38,050 - INFO - EUNPYENG
2022-12-26 08:59:41,416 - INFO - EUNPYENG
2022-12-26 08:59:41,416 - INFO - EUNPYENG
2022-12-26 08:59:41,416 - INFO - EUNPYENG
2022-12-26 08:59:41,416 - INFO - EUNPYENG
2022-12-26 08:59:41,416 - INFO - EUNPYENG
2022-12-26 08:59:41,416 - INFO - EUNPYENG
2022-12-26 08:59:41,416 - INFO - EUNPYENG
2022-12-26 08:59:41,416 - INFO - EUNPYENG
2022-12-26 08:59:41,416 - INFO - EUNPYENG
2022-12-26 08:59:41,416 - INFO - EUNPYENG
2022-12-26 08:59:41,416 - INFO - EUNPYENG
2022-12-26 08:59:41,416 - INFO - EUNPYENG
2022-12-26 08:59:41,416 - INFO - EUNPYENG
2022-12-26 08:59:41,416 - INFO - EUNPYENG
2022-12-26 08:59:41,416 - INFO - EUNPYENG
2022-12-26 08:59:41,416 - INFO - EUNPYENG
2022-12-26 08:59:41,416 - INFO - EUNPYENG
2022-12-26 08:59:41,416 - INFO - EUNPYENG
2022-12-26 08:59:41,416 - INFO - EUNPYENG
2022-12-26 08:59:41,416 - INFO - EUNPYENG
2022-12-26 08:59:41,416 - INFO - EUNPYENG
2022-12-26 08:59:41,416 - INFO - EUNPYENG
2022-12-26 08:59:41,416 - INFO - EUNPYENG
2022-12-26 08:59:41,416 - INFO - EUNPYENG
2022-12-26 08:59:41,416 - INFO - EUNPYENG
2022-12-26 08:59:41,416 - INFO - EUNPYENG
2022-12-26 08:59:41,416 - INFO - EUNPYENG
2022-12-26 08:59:41,416 - INFO - EUNPYENG
2022-12-26 08:59:41,416 - INFO - EUNPYENG
2022-12-26 08:59:41,416 - INFO - EUNPYENG
2022-12-26 08:59:41,416 - INFO - EUNPYENG
2022-12-26 08:59:41,416 - INFO - EUNPYENG
2022-12-26 08:59:42,638 - INFO - GWANGZIN
2022-12-26 08:59:42,638 - INFO - GWANGZIN
2022-12-26 08:59:42,638 - INFO - GWANGZIN
2022-12-26 08:59:42,638 - INFO - GWANGZIN
2022-12-26 08:59:42,638 - INFO - GWANGZIN
2022-12-26 08:59:42,638 - INFO - GWANGZIN
2022-12-26 08:59:42,638 - INFO - GWANGZIN
2022-12-26 08:59:42,638 - INFO - GWANGZIN
2022-12-26 08:59:42,638 - INFO - GWANGZIN
2022-12-26 08:59:42,638 - INFO - GWANGZIN
2022-12-26 08:59:42,638 - INFO - GWANGZIN
2022-12-26 08:59:42,638 - INFO - GWANGZIN
2022-12-26 08:59:42,638 - INFO - GWANGZIN
2022-12-26 08:59:42,638 - INFO - GWANGZIN
2022-12-26 08:59:42,638 - INFO - GWANGZIN
2022-12-26 08:59:42,638 - INFO - GWANGZIN
2022-12-26 08:59:42,638 - INFO - GWANGZIN
2022-12-26 08:59:42,638 - INFO - GWANGZIN
2022-12-26 08:59:42,638 - INFO - GWANGZIN
2022-12-26 08:59:42,638 - INFO - GWANGZIN
2022-12-26 08:59:42,638 - INFO - GWANGZIN
2022-12-26 08:59:42,638 - INFO - GWANGZIN
2022-12-26 08:59:42,638 - INFO - GWANGZIN
2022-12-26 08:59:42,638 - INFO - GWANGZIN
2022-12-26 08:59:42,638 - INFO - GWANGZIN
2022-12-26 08:59:42,638 - INFO - GWANGZIN
2022-12-26 08:59:42,638 - INFO - GWANGZIN
2022-12-26 08:59:42,638 - INFO - GWANGZIN
2022-12-26 08:59:42,638 - INFO - GWANGZIN
2022-12-26 08:59:42,638 - INFO - GWANGZIN
2022-12-26 08:59:42,638 - INFO - GWANGZIN
2022-12-26 08:59:42,638 - INFO - GWANGZIN
2022-12-26 08:59:42,638 - INFO - GWANGZIN
2022-12-26 08:59:46,266 - INFO - GWANGZIN
2022-12-26 08:59:46,266 - INFO - GWANGZIN
2022-12-26 08:59:46,266 - INFO - GWANGZIN
2022-12-26 08:59:46,266 - INFO - GWANGZIN
2022-12-26 08:59:46,266 - INFO - GWANGZIN
2022-12-26 08:59:46,266 - INFO - GWANGZIN
2022-12-26 08:59:46,266 - INFO - GWANGZIN
2022-12-26 08:59:46,266 - INFO - GWANGZIN
2022-12-26 08:59:46,266 - INFO - GWANGZIN
2022-12-26 08:59:46,266 - INFO - GWANGZIN
2022-12-26 08:59:46,266 - INFO - GWANGZIN
2022-12-26 08:59:46,266 - INFO - GWANGZIN
2022-12-26 08:59:46,266 - INFO - GWANGZIN
2022-12-26 08:59:46,266 - INFO - GWANGZIN
2022-12-26 08:59:46,266 - INFO - GWANGZIN
2022-12-26 08:59:46,266 - INFO - GWANGZIN
2022-12-26 08:59:46,266 - INFO - GWANGZIN
2022-12-26 08:59:46,266 - INFO - GWANGZIN
2022-12-26 08:59:46,266 - INFO - GWANGZIN
2022-12-26 08:59:46,266 - INFO - GWANGZIN
2022-12-26 08:59:46,266 - INFO - GWANGZIN
2022-12-26 08:59:46,266 - INFO - GWANGZIN
2022-12-26 08:59:46,266 - INFO - GWANGZIN
2022-12-26 08:59:46,266 - INFO - GWANGZIN
2022-12-26 08:59:46,266 - INFO - GWANGZIN
2022-12-26 08:59:46,266 - INFO - GWANGZIN
2022-12-26 08:59:46,266 - INFO - GWANGZIN
2022-12-26 08:59:46,266 - INFO - GWANGZIN
2022-12-26 08:59:46,266 - INFO - GWANGZIN
2022-12-26 08:59:46,266 - INFO - GWANGZIN
2022-12-26 08:59:46,266 - INFO - GWANGZIN
2022-12-26 08:59:46,266 - INFO - GWANGZIN
2022-12-26 08:59:46,266 - INFO - GWANGZIN
2022-12-26 08:59:46,266 - INFO - GWANGZIN
2022-12-26 08:59:48,510 - INFO - JONGRO
2022-12-26 08:59:48,510 - INFO - JONGRO
2022-12-26 08:59:48,510 - INFO - JONGRO
2022-12-26 08:59:48,510 - INFO - JONGRO
2022-12-26 08:59:48,510 - INFO - JONGRO
2022-12-26 08:59:48,510 - INFO - JONGRO
2022-12-26 08:59:48,510 - INFO - JONGRO
2022-12-26 08:59:48,510 - INFO - JONGRO
2022-12-26 08:59:48,510 - INFO - JONGRO
2022-12-26 08:59:48,510 - INFO - JONGRO
2022-12-26 08:59:48,510 - INFO - JONGRO
2022-12-26 08:59:48,510 - INFO - JONGRO
2022-12-26 08:59:48,510 - INFO - JONGRO
2022-12-26 08:59:48,510 - INFO - JONGRO
2022-12-26 08:59:48,510 - INFO - JONGRO
2022-12-26 08:59:48,510 - INFO - JONGRO
2022-12-26 08:59:48,510 - INFO - JONGRO
2022-12-26 08:59:48,510 - INFO - JONGRO
2022-12-26 08:59:48,510 - INFO - JONGRO
2022-12-26 08:59:48,510 - INFO - JONGRO
2022-12-26 08:59:48,510 - INFO - JONGRO
2022-12-26 08:59:48,510 - INFO - JONGRO
2022-12-26 08:59:48,510 - INFO - JONGRO
2022-12-26 08:59:48,510 - INFO - JONGRO
2022-12-26 08:59:48,510 - INFO - JONGRO
2022-12-26 08:59:48,510 - INFO - JONGRO
2022-12-26 08:59:48,510 - INFO - JONGRO
2022-12-26 08:59:48,510 - INFO - JONGRO
2022-12-26 08:59:48,510 - INFO - JONGRO
2022-12-26 08:59:48,510 - INFO - JONGRO
2022-12-26 08:59:48,510 - INFO - JONGRO
2022-12-26 08:59:48,510 - INFO - JONGRO
2022-12-26 08:59:48,510 - INFO - JONGRO
2022-12-26 08:59:48,510 - INFO - JONGRO
2022-12-26 08:59:48,510 - INFO - JONGRO
2022-12-26 08:59:59,339 - INFO - JONGRO
2022-12-26 08:59:59,339 - INFO - JONGRO
2022-12-26 08:59:59,339 - INFO - JONGRO
2022-12-26 08:59:59,339 - INFO - JONGRO
2022-12-26 08:59:59,339 - INFO - JONGRO
2022-12-26 08:59:59,339 - INFO - JONGRO
2022-12-26 08:59:59,339 - INFO - JONGRO
2022-12-26 08:59:59,339 - INFO - JONGRO
2022-12-26 08:59:59,339 - INFO - JONGRO
2022-12-26 08:59:59,339 - INFO - JONGRO
2022-12-26 08:59:59,339 - INFO - JONGRO
2022-12-26 08:59:59,339 - INFO - JONGRO
2022-12-26 08:59:59,339 - INFO - JONGRO
2022-12-26 08:59:59,339 - INFO - JONGRO
2022-12-26 08:59:59,339 - INFO - JONGRO
2022-12-26 08:59:59,339 - INFO - JONGRO
2022-12-26 08:59:59,339 - INFO - JONGRO
2022-12-26 08:59:59,339 - INFO - JONGRO
2022-12-26 08:59:59,339 - INFO - JONGRO
2022-12-26 08:59:59,339 - INFO - JONGRO
2022-12-26 08:59:59,339 - INFO - JONGRO
2022-12-26 08:59:59,339 - INFO - JONGRO
2022-12-26 08:59:59,339 - INFO - JONGRO
2022-12-26 08:59:59,339 - INFO - JONGRO
2022-12-26 08:59:59,339 - INFO - JONGRO
2022-12-26 08:59:59,339 - INFO - JONGRO
2022-12-26 08:59:59,339 - INFO - JONGRO
2022-12-26 08:59:59,339 - INFO - JONGRO
2022-12-26 08:59:59,339 - INFO - JONGRO
2022-12-26 08:59:59,339 - INFO - JONGRO
2022-12-26 08:59:59,339 - INFO - JONGRO
2022-12-26 08:59:59,339 - INFO - JONGRO
2022-12-26 08:59:59,339 - INFO - JONGRO
2022-12-26 08:59:59,339 - INFO - JONGRO
2022-12-26 08:59:59,339 - INFO - JONGRO
2022-12-26 08:59:59,339 - INFO - JONGRO
2022-12-26 09:00:00,661 - INFO - JUNGGU
2022-12-26 09:00:00,661 - INFO - JUNGGU
2022-12-26 09:00:00,661 - INFO - JUNGGU
2022-12-26 09:00:00,661 - INFO - JUNGGU
2022-12-26 09:00:00,661 - INFO - JUNGGU
2022-12-26 09:00:00,661 - INFO - JUNGGU
2022-12-26 09:00:00,661 - INFO - JUNGGU
2022-12-26 09:00:00,661 - INFO - JUNGGU
2022-12-26 09:00:00,661 - INFO - JUNGGU
2022-12-26 09:00:00,661 - INFO - JUNGGU
2022-12-26 09:00:00,661 - INFO - JUNGGU
2022-12-26 09:00:00,661 - INFO - JUNGGU
2022-12-26 09:00:00,661 - INFO - JUNGGU
2022-12-26 09:00:00,661 - INFO - JUNGGU
2022-12-26 09:00:00,661 - INFO - JUNGGU
2022-12-26 09:00:00,661 - INFO - JUNGGU
2022-12-26 09:00:00,661 - INFO - JUNGGU
2022-12-26 09:00:00,661 - INFO - JUNGGU
2022-12-26 09:00:00,661 - INFO - JUNGGU
2022-12-26 09:00:00,661 - INFO - JUNGGU
2022-12-26 09:00:00,661 - INFO - JUNGGU
2022-12-26 09:00:00,661 - INFO - JUNGGU
2022-12-26 09:00:00,661 - INFO - JUNGGU
2022-12-26 09:00:00,661 - INFO - JUNGGU
2022-12-26 09:00:00,661 - INFO - JUNGGU
2022-12-26 09:00:00,661 - INFO - JUNGGU
2022-12-26 09:00:00,661 - INFO - JUNGGU
2022-12-26 09:00:00,661 - INFO - JUNGGU
2022-12-26 09:00:00,661 - INFO - JUNGGU
2022-12-26 09:00:00,661 - INFO - JUNGGU
2022-12-26 09:00:00,661 - INFO - JUNGGU
2022-12-26 09:00:00,661 - INFO - JUNGGU
2022-12-26 09:00:00,661 - INFO - JUNGGU
2022-12-26 09:00:00,661 - INFO - JUNGGU
2022-12-26 09:00:00,661 - INFO - JUNGGU
2022-12-26 09:00:00,661 - INFO - JUNGGU
2022-12-26 09:00:00,661 - INFO - JUNGGU
2022-12-26 09:00:02,258 - INFO - JUNGGU
2022-12-26 09:00:02,258 - INFO - JUNGGU
2022-12-26 09:00:02,258 - INFO - JUNGGU
2022-12-26 09:00:02,258 - INFO - JUNGGU
2022-12-26 09:00:02,258 - INFO - JUNGGU
2022-12-26 09:00:02,258 - INFO - JUNGGU
2022-12-26 09:00:02,258 - INFO - JUNGGU
2022-12-26 09:00:02,258 - INFO - JUNGGU
2022-12-26 09:00:02,258 - INFO - JUNGGU
2022-12-26 09:00:02,258 - INFO - JUNGGU
2022-12-26 09:00:02,258 - INFO - JUNGGU
2022-12-26 09:00:02,258 - INFO - JUNGGU
2022-12-26 09:00:02,258 - INFO - JUNGGU
2022-12-26 09:00:02,258 - INFO - JUNGGU
2022-12-26 09:00:02,258 - INFO - JUNGGU
2022-12-26 09:00:02,258 - INFO - JUNGGU
2022-12-26 09:00:02,258 - INFO - JUNGGU
2022-12-26 09:00:02,258 - INFO - JUNGGU
2022-12-26 09:00:02,258 - INFO - JUNGGU
2022-12-26 09:00:02,258 - INFO - JUNGGU
2022-12-26 09:00:02,258 - INFO - JUNGGU
2022-12-26 09:00:02,258 - INFO - JUNGGU
2022-12-26 09:00:02,258 - INFO - JUNGGU
2022-12-26 09:00:02,258 - INFO - JUNGGU
2022-12-26 09:00:02,258 - INFO - JUNGGU
2022-12-26 09:00:02,258 - INFO - JUNGGU
2022-12-26 09:00:02,258 - INFO - JUNGGU
2022-12-26 09:00:02,258 - INFO - JUNGGU
2022-12-26 09:00:02,258 - INFO - JUNGGU
2022-12-26 09:00:02,258 - INFO - JUNGGU
2022-12-26 09:00:02,258 - INFO - JUNGGU
2022-12-26 09:00:02,258 - INFO - JUNGGU
2022-12-26 09:00:02,258 - INFO - JUNGGU
2022-12-26 09:00:02,258 - INFO - JUNGGU
2022-12-26 09:00:02,258 - INFO - JUNGGU
2022-12-26 09:00:02,258 - INFO - JUNGGU
2022-12-26 09:00:02,258 - INFO - JUNGGU
2022-12-26 09:00:02,258 - INFO - JUNGGU
2022-12-26 09:00:10,776 - INFO - MAPO
2022-12-26 09:00:10,776 - INFO - MAPO
2022-12-26 09:00:10,776 - INFO - MAPO
2022-12-26 09:00:10,776 - INFO - MAPO
2022-12-26 09:00:10,776 - INFO - MAPO
2022-12-26 09:00:10,776 - INFO - MAPO
2022-12-26 09:00:10,776 - INFO - MAPO
2022-12-26 09:00:10,776 - INFO - MAPO
2022-12-26 09:00:10,776 - INFO - MAPO
2022-12-26 09:00:10,776 - INFO - MAPO
2022-12-26 09:00:10,776 - INFO - MAPO
2022-12-26 09:00:10,776 - INFO - MAPO
2022-12-26 09:00:10,776 - INFO - MAPO
2022-12-26 09:00:10,776 - INFO - MAPO
2022-12-26 09:00:10,776 - INFO - MAPO
2022-12-26 09:00:10,776 - INFO - MAPO
2022-12-26 09:00:10,776 - INFO - MAPO
2022-12-26 09:00:10,776 - INFO - MAPO
2022-12-26 09:00:10,776 - INFO - MAPO
2022-12-26 09:00:10,776 - INFO - MAPO
2022-12-26 09:00:10,776 - INFO - MAPO
2022-12-26 09:00:10,776 - INFO - MAPO
2022-12-26 09:00:10,776 - INFO - MAPO
2022-12-26 09:00:10,776 - INFO - MAPO
2022-12-26 09:00:10,776 - INFO - MAPO
2022-12-26 09:00:10,776 - INFO - MAPO
2022-12-26 09:00:10,776 - INFO - MAPO
2022-12-26 09:00:10,776 - INFO - MAPO
2022-12-26 09:00:10,776 - INFO - MAPO
2022-12-26 09:00:10,776 - INFO - MAPO
2022-12-26 09:00:10,776 - INFO - MAPO
2022-12-26 09:00:10,776 - INFO - MAPO
2022-12-26 09:00:10,776 - INFO - MAPO
2022-12-26 09:00:10,776 - INFO - MAPO
2022-12-26 09:00:10,776 - INFO - MAPO
2022-12-26 09:00:10,776 - INFO - MAPO
2022-12-26 09:00:10,776 - INFO - MAPO
2022-12-26 09:00:10,776 - INFO - MAPO
2022-12-26 09:00:10,776 - INFO - MAPO
2022-12-26 09:21:44,574 - INFO - MAPO
2022-12-26 09:21:52,320 - INFO - MAPO
2022-12-26 09:21:52,320 - INFO - MAPO
2022-12-26 09:21:54,623 - INFO - MAPO
2022-12-26 09:21:54,623 - INFO - MAPO
2022-12-26 09:21:54,623 - INFO - MAPO
2022-12-26 09:21:57,101 - INFO - MAPO
2022-12-26 09:21:57,101 - INFO - MAPO
2022-12-26 09:21:57,101 - INFO - MAPO
2022-12-26 09:21:57,101 - INFO - MAPO
2022-12-26 09:21:59,205 - INFO - NOWON
2022-12-26 09:21:59,205 - INFO - NOWON
2022-12-26 09:21:59,205 - INFO - NOWON
2022-12-26 09:21:59,205 - INFO - NOWON
2022-12-26 09:21:59,205 - INFO - NOWON
2022-12-26 09:22:07,957 - INFO - NOWON
2022-12-26 09:22:07,957 - INFO - NOWON
2022-12-26 09:22:07,957 - INFO - NOWON
2022-12-26 09:22:07,957 - INFO - NOWON
2022-12-26 09:22:07,957 - INFO - NOWON
2022-12-26 09:22:07,957 - INFO - NOWON
2022-12-26 09:22:19,635 - INFO - SEOCHO
2022-12-26 09:22:19,635 - INFO - SEOCHO
2022-12-26 09:22:19,635 - INFO - SEOCHO
2022-12-26 09:22:19,635 - INFO - SEOCHO
2022-12-26 09:22:19,635 - INFO - SEOCHO
2022-12-26 09:22:19,635 - INFO - SEOCHO
2022-12-26 09:22:19,635 - INFO - SEOCHO
2022-12-26 09:22:21,430 - INFO - SEOCHO
2022-12-26 09:22:21,430 - INFO - SEOCHO
2022-12-26 09:22:21,430 - INFO - SEOCHO
2022-12-26 09:22:21,430 - INFO - SEOCHO
2022-12-26 09:22:21,430 - INFO - SEOCHO
2022-12-26 09:22:21,430 - INFO - SEOCHO
2022-12-26 09:22:21,430 - INFO - SEOCHO
2022-12-26 09:22:21,430 - INFO - SEOCHO
2022-12-26 09:22:23,178 - INFO - SEOCHO
2022-12-26 09:22:23,178 - INFO - SEOCHO
2022-12-26 09:22:23,178 - INFO - SEOCHO
2022-12-26 09:22:23,178 - INFO - SEOCHO
2022-12-26 09:22:23,178 - INFO - SEOCHO
2022-12-26 09:22:23,178 - INFO - SEOCHO
2022-12-26 09:22:23,178 - INFO - SEOCHO
2022-12-26 09:22:23,178 - INFO - SEOCHO
2022-12-26 09:22:23,178 - INFO - SEOCHO
2022-12-26 09:22:24,891 - INFO - SEOCHO
2022-12-26 09:22:24,891 - INFO - SEOCHO
2022-12-26 09:22:24,891 - INFO - SEOCHO
2022-12-26 09:22:24,891 - INFO - SEOCHO
2022-12-26 09:22:24,891 - INFO - SEOCHO
2022-12-26 09:22:24,891 - INFO - SEOCHO
2022-12-26 09:22:24,891 - INFO - SEOCHO
2022-12-26 09:22:24,891 - INFO - SEOCHO
2022-12-26 09:22:24,891 - INFO - SEOCHO
2022-12-26 09:22:24,891 - INFO - SEOCHO
2022-12-26 09:22:26,015 - INFO - SEONGBUK
2022-12-26 09:22:26,015 - INFO - SEONGBUK
2022-12-26 09:22:26,015 - INFO - SEONGBUK
2022-12-26 09:22:26,015 - INFO - SEONGBUK
2022-12-26 09:22:26,015 - INFO - SEONGBUK
2022-12-26 09:22:26,015 - INFO - SEONGBUK
2022-12-26 09:22:26,015 - INFO - SEONGBUK
2022-12-26 09:22:26,015 - INFO - SEONGBUK
2022-12-26 09:22:26,015 - INFO - SEONGBUK
2022-12-26 09:22:26,015 - INFO - SEONGBUK
2022-12-26 09:22:26,015 - INFO - SEONGBUK
2022-12-26 09:22:34,715 - INFO - SONGPA
2022-12-26 09:22:34,715 - INFO - SONGPA
2022-12-26 09:22:34,715 - INFO - SONGPA
2022-12-26 09:22:34,715 - INFO - SONGPA
2022-12-26 09:22:34,715 - INFO - SONGPA
2022-12-26 09:22:34,715 - INFO - SONGPA
2022-12-26 09:22:34,715 - INFO - SONGPA
2022-12-26 09:22:34,715 - INFO - SONGPA
2022-12-26 09:22:34,715 - INFO - SONGPA
2022-12-26 09:22:34,715 - INFO - SONGPA
2022-12-26 09:22:34,715 - INFO - SONGPA
2022-12-26 09:22:34,715 - INFO - SONGPA
2022-12-26 09:25:47,616 - INFO - SONGPA
2022-12-26 09:25:50,010 - INFO - SONGPA
2022-12-26 09:25:50,010 - INFO - SONGPA
2022-12-26 09:25:52,551 - INFO - SONGPA
2022-12-26 09:25:52,551 - INFO - SONGPA
2022-12-26 09:25:52,551 - INFO - SONGPA
2022-12-26 10:02:19,529 - INFO - SONGPA
2022-12-26 10:02:21,963 - INFO - SONGPA
2022-12-26 10:02:21,963 - INFO - SONGPA
2022-12-26 10:02:24,396 - INFO - SONGPA
2022-12-26 10:02:24,396 - INFO - SONGPA
2022-12-26 10:02:24,396 - INFO - SONGPA
2022-12-26 10:02:25,927 - INFO - YANGCHEON
2022-12-26 10:02:25,927 - INFO - YANGCHEON
2022-12-26 10:02:25,927 - INFO - YANGCHEON
2022-12-26 10:02:25,927 - INFO - YANGCHEON
2022-12-26 10:02:38,704 - INFO - YANGCHEON
2022-12-26 10:02:38,704 - INFO - YANGCHEON
2022-12-26 10:02:38,704 - INFO - YANGCHEON
2022-12-26 10:02:38,704 - INFO - YANGCHEON
2022-12-26 10:02:38,704 - INFO - YANGCHEON
2022-12-26 10:02:40,412 - INFO - YEONGDEUNGPO
2022-12-26 10:02:40,412 - INFO - YEONGDEUNGPO
2022-12-26 10:02:40,412 - INFO - YEONGDEUNGPO
2022-12-26 10:02:40,412 - INFO - YEONGDEUNGPO
2022-12-26 10:02:40,412 - INFO - YEONGDEUNGPO
2022-12-26 10:02:40,412 - INFO - YEONGDEUNGPO
2022-12-26 10:02:42,272 - INFO - YEONGDEUNGPO
2022-12-26 10:02:42,272 - INFO - YEONGDEUNGPO
2022-12-26 10:02:42,272 - INFO - YEONGDEUNGPO
2022-12-26 10:02:42,272 - INFO - YEONGDEUNGPO
2022-12-26 10:02:42,272 - INFO - YEONGDEUNGPO
2022-12-26 10:02:42,272 - INFO - YEONGDEUNGPO
2022-12-26 10:02:42,272 - INFO - YEONGDEUNGPO
2022-12-26 10:02:45,096 - INFO - SEOUL
2022-12-26 10:02:45,096 - INFO - SEOUL
2022-12-26 10:02:45,096 - INFO - SEOUL
2022-12-26 10:02:45,096 - INFO - SEOUL
2022-12-26 10:02:45,096 - INFO - SEOUL
2022-12-26 10:02:45,096 - INFO - SEOUL
2022-12-26 10:02:45,096 - INFO - SEOUL
2022-12-26 10:02:45,096 - INFO - SEOUL
2022-12-26 10:02:47,358 - INFO - SEOUL
2022-12-26 10:02:47,358 - INFO - SEOUL
2022-12-26 10:02:47,358 - INFO - SEOUL
2022-12-26 10:02:47,358 - INFO - SEOUL
2022-12-26 10:02:47,358 - INFO - SEOUL
2022-12-26 10:02:47,358 - INFO - SEOUL
2022-12-26 10:02:47,358 - INFO - SEOUL
2022-12-26 10:02:47,358 - INFO - SEOUL
2022-12-26 10:02:47,358 - INFO - SEOUL
2022-12-26 10:02:56,851 - INFO - SEOUL
2022-12-26 10:02:56,851 - INFO - SEOUL
2022-12-26 10:02:56,851 - INFO - SEOUL
2022-12-26 10:02:56,851 - INFO - SEOUL
2022-12-26 10:02:56,851 - INFO - SEOUL
2022-12-26 10:02:56,851 - INFO - SEOUL
2022-12-26 10:02:56,851 - INFO - SEOUL
2022-12-26 10:02:56,851 - INFO - SEOUL
2022-12-26 10:02:56,851 - INFO - SEOUL
2022-12-26 10:02:56,851 - INFO - SEOUL
2022-12-26 10:02:59,663 - INFO - SEOUL
2022-12-26 10:02:59,663 - INFO - SEOUL
2022-12-26 10:02:59,663 - INFO - SEOUL
2022-12-26 10:02:59,663 - INFO - SEOUL
2022-12-26 10:02:59,663 - INFO - SEOUL
2022-12-26 10:02:59,663 - INFO - SEOUL
2022-12-26 10:02:59,663 - INFO - SEOUL
2022-12-26 10:02:59,663 - INFO - SEOUL
2022-12-26 10:02:59,663 - INFO - SEOUL
2022-12-26 10:02:59,663 - INFO - SEOUL
2022-12-26 10:02:59,663 - INFO - SEOUL
2022-12-26 10:03:00,163 - WARNING - Failed to parse headers (url=https://www.sscmc.or.kr:443/info/notice/list.asp?db=BBS_notice&pageno=1&startpage=1&where=&keyfield=&keyword=&catekkk=): [MissingHeaderBodySeparatorDefect()], unparsed data: 'Server : Wow 3.8\r\nDate: Mon, 26 Dec 2022 01:03:00 GMT\r\nContent-Type: text/html\r\nContent-Length: 42043\r\nConnection: keep-alive\r\nCache-Control: private\r\nSet-Cookie: ASPSESSIONIDCSDDQSSA=NDMAGOLDFDHILIMHDFOOLBPP; path=/\r\nX-Frame-Options: SAMEORIGIN\r\n\r\n'
Traceback (most recent call last):
  File "/Users/yeon/Library/Python/3.9/lib/python/site-packages/urllib3/connectionpool.py", line 469, in _make_request
    assert_header_parsing(httplib_response.msg)
  File "/Users/yeon/Library/Python/3.9/lib/python/site-packages/urllib3/util/response.py", line 91, in assert_header_parsing
    raise HeaderParsingError(defects=defects, unparsed_data=unparsed_data)
urllib3.exceptions.HeaderParsingError: [MissingHeaderBodySeparatorDefect()], unparsed data: 'Server : Wow 3.8\r\nDate: Mon, 26 Dec 2022 01:03:00 GMT\r\nContent-Type: text/html\r\nContent-Length: 42043\r\nConnection: keep-alive\r\nCache-Control: private\r\nSet-Cookie: ASPSESSIONIDCSDDQSSA=NDMAGOLDFDHILIMHDFOOLBPP; path=/\r\nX-Frame-Options: SAMEORIGIN\r\n\r\n'
2022-12-26 10:03:00,163 - WARNING - Failed to parse headers (url=https://www.sscmc.or.kr:443/info/notice/list.asp?db=BBS_notice&pageno=1&startpage=1&where=&keyfield=&keyword=&catekkk=): [MissingHeaderBodySeparatorDefect()], unparsed data: 'Server : Wow 3.8\r\nDate: Mon, 26 Dec 2022 01:03:00 GMT\r\nContent-Type: text/html\r\nContent-Length: 42043\r\nConnection: keep-alive\r\nCache-Control: private\r\nSet-Cookie: ASPSESSIONIDCSDDQSSA=NDMAGOLDFDHILIMHDFOOLBPP; path=/\r\nX-Frame-Options: SAMEORIGIN\r\n\r\n'
Traceback (most recent call last):
  File "/Users/yeon/Library/Python/3.9/lib/python/site-packages/urllib3/connectionpool.py", line 469, in _make_request
    assert_header_parsing(httplib_response.msg)
  File "/Users/yeon/Library/Python/3.9/lib/python/site-packages/urllib3/util/response.py", line 91, in assert_header_parsing
    raise HeaderParsingError(defects=defects, unparsed_data=unparsed_data)
urllib3.exceptions.HeaderParsingError: [MissingHeaderBodySeparatorDefect()], unparsed data: 'Server : Wow 3.8\r\nDate: Mon, 26 Dec 2022 01:03:00 GMT\r\nContent-Type: text/html\r\nContent-Length: 42043\r\nConnection: keep-alive\r\nCache-Control: private\r\nSet-Cookie: ASPSESSIONIDCSDDQSSA=NDMAGOLDFDHILIMHDFOOLBPP; path=/\r\nX-Frame-Options: SAMEORIGIN\r\n\r\n'
2022-12-26 10:03:00,163 - WARNING - Failed to parse headers (url=https://www.sscmc.or.kr:443/info/notice/list.asp?db=BBS_notice&pageno=1&startpage=1&where=&keyfield=&keyword=&catekkk=): [MissingHeaderBodySeparatorDefect()], unparsed data: 'Server : Wow 3.8\r\nDate: Mon, 26 Dec 2022 01:03:00 GMT\r\nContent-Type: text/html\r\nContent-Length: 42043\r\nConnection: keep-alive\r\nCache-Control: private\r\nSet-Cookie: ASPSESSIONIDCSDDQSSA=NDMAGOLDFDHILIMHDFOOLBPP; path=/\r\nX-Frame-Options: SAMEORIGIN\r\n\r\n'
Traceback (most recent call last):
  File "/Users/yeon/Library/Python/3.9/lib/python/site-packages/urllib3/connectionpool.py", line 469, in _make_request
    assert_header_parsing(httplib_response.msg)
  File "/Users/yeon/Library/Python/3.9/lib/python/site-packages/urllib3/util/response.py", line 91, in assert_header_parsing
    raise HeaderParsingError(defects=defects, unparsed_data=unparsed_data)
urllib3.exceptions.HeaderParsingError: [MissingHeaderBodySeparatorDefect()], unparsed data: 'Server : Wow 3.8\r\nDate: Mon, 26 Dec 2022 01:03:00 GMT\r\nContent-Type: text/html\r\nContent-Length: 42043\r\nConnection: keep-alive\r\nCache-Control: private\r\nSet-Cookie: ASPSESSIONIDCSDDQSSA=NDMAGOLDFDHILIMHDFOOLBPP; path=/\r\nX-Frame-Options: SAMEORIGIN\r\n\r\n'
2022-12-26 10:03:00,163 - WARNING - Failed to parse headers (url=https://www.sscmc.or.kr:443/info/notice/list.asp?db=BBS_notice&pageno=1&startpage=1&where=&keyfield=&keyword=&catekkk=): [MissingHeaderBodySeparatorDefect()], unparsed data: 'Server : Wow 3.8\r\nDate: Mon, 26 Dec 2022 01:03:00 GMT\r\nContent-Type: text/html\r\nContent-Length: 42043\r\nConnection: keep-alive\r\nCache-Control: private\r\nSet-Cookie: ASPSESSIONIDCSDDQSSA=NDMAGOLDFDHILIMHDFOOLBPP; path=/\r\nX-Frame-Options: SAMEORIGIN\r\n\r\n'
Traceback (most recent call last):
  File "/Users/yeon/Library/Python/3.9/lib/python/site-packages/urllib3/connectionpool.py", line 469, in _make_request
    assert_header_parsing(httplib_response.msg)
  File "/Users/yeon/Library/Python/3.9/lib/python/site-packages/urllib3/util/response.py", line 91, in assert_header_parsing
    raise HeaderParsingError(defects=defects, unparsed_data=unparsed_data)
urllib3.exceptions.HeaderParsingError: [MissingHeaderBodySeparatorDefect()], unparsed data: 'Server : Wow 3.8\r\nDate: Mon, 26 Dec 2022 01:03:00 GMT\r\nContent-Type: text/html\r\nContent-Length: 42043\r\nConnection: keep-alive\r\nCache-Control: private\r\nSet-Cookie: ASPSESSIONIDCSDDQSSA=NDMAGOLDFDHILIMHDFOOLBPP; path=/\r\nX-Frame-Options: SAMEORIGIN\r\n\r\n'
2022-12-26 10:03:00,163 - WARNING - Failed to parse headers (url=https://www.sscmc.or.kr:443/info/notice/list.asp?db=BBS_notice&pageno=1&startpage=1&where=&keyfield=&keyword=&catekkk=): [MissingHeaderBodySeparatorDefect()], unparsed data: 'Server : Wow 3.8\r\nDate: Mon, 26 Dec 2022 01:03:00 GMT\r\nContent-Type: text/html\r\nContent-Length: 42043\r\nConnection: keep-alive\r\nCache-Control: private\r\nSet-Cookie: ASPSESSIONIDCSDDQSSA=NDMAGOLDFDHILIMHDFOOLBPP; path=/\r\nX-Frame-Options: SAMEORIGIN\r\n\r\n'
Traceback (most recent call last):
  File "/Users/yeon/Library/Python/3.9/lib/python/site-packages/urllib3/connectionpool.py", line 469, in _make_request
    assert_header_parsing(httplib_response.msg)
  File "/Users/yeon/Library/Python/3.9/lib/python/site-packages/urllib3/util/response.py", line 91, in assert_header_parsing
    raise HeaderParsingError(defects=defects, unparsed_data=unparsed_data)
urllib3.exceptions.HeaderParsingError: [MissingHeaderBodySeparatorDefect()], unparsed data: 'Server : Wow 3.8\r\nDate: Mon, 26 Dec 2022 01:03:00 GMT\r\nContent-Type: text/html\r\nContent-Length: 42043\r\nConnection: keep-alive\r\nCache-Control: private\r\nSet-Cookie: ASPSESSIONIDCSDDQSSA=NDMAGOLDFDHILIMHDFOOLBPP; path=/\r\nX-Frame-Options: SAMEORIGIN\r\n\r\n'
2022-12-26 10:03:00,163 - WARNING - Failed to parse headers (url=https://www.sscmc.or.kr:443/info/notice/list.asp?db=BBS_notice&pageno=1&startpage=1&where=&keyfield=&keyword=&catekkk=): [MissingHeaderBodySeparatorDefect()], unparsed data: 'Server : Wow 3.8\r\nDate: Mon, 26 Dec 2022 01:03:00 GMT\r\nContent-Type: text/html\r\nContent-Length: 42043\r\nConnection: keep-alive\r\nCache-Control: private\r\nSet-Cookie: ASPSESSIONIDCSDDQSSA=NDMAGOLDFDHILIMHDFOOLBPP; path=/\r\nX-Frame-Options: SAMEORIGIN\r\n\r\n'
Traceback (most recent call last):
  File "/Users/yeon/Library/Python/3.9/lib/python/site-packages/urllib3/connectionpool.py", line 469, in _make_request
    assert_header_parsing(httplib_response.msg)
  File "/Users/yeon/Library/Python/3.9/lib/python/site-packages/urllib3/util/response.py", line 91, in assert_header_parsing
    raise HeaderParsingError(defects=defects, unparsed_data=unparsed_data)
urllib3.exceptions.HeaderParsingError: [MissingHeaderBodySeparatorDefect()], unparsed data: 'Server : Wow 3.8\r\nDate: Mon, 26 Dec 2022 01:03:00 GMT\r\nContent-Type: text/html\r\nContent-Length: 42043\r\nConnection: keep-alive\r\nCache-Control: private\r\nSet-Cookie: ASPSESSIONIDCSDDQSSA=NDMAGOLDFDHILIMHDFOOLBPP; path=/\r\nX-Frame-Options: SAMEORIGIN\r\n\r\n'
2022-12-26 10:03:00,163 - WARNING - Failed to parse headers (url=https://www.sscmc.or.kr:443/info/notice/list.asp?db=BBS_notice&pageno=1&startpage=1&where=&keyfield=&keyword=&catekkk=): [MissingHeaderBodySeparatorDefect()], unparsed data: 'Server : Wow 3.8\r\nDate: Mon, 26 Dec 2022 01:03:00 GMT\r\nContent-Type: text/html\r\nContent-Length: 42043\r\nConnection: keep-alive\r\nCache-Control: private\r\nSet-Cookie: ASPSESSIONIDCSDDQSSA=NDMAGOLDFDHILIMHDFOOLBPP; path=/\r\nX-Frame-Options: SAMEORIGIN\r\n\r\n'
Traceback (most recent call last):
  File "/Users/yeon/Library/Python/3.9/lib/python/site-packages/urllib3/connectionpool.py", line 469, in _make_request
    assert_header_parsing(httplib_response.msg)
  File "/Users/yeon/Library/Python/3.9/lib/python/site-packages/urllib3/util/response.py", line 91, in assert_header_parsing
    raise HeaderParsingError(defects=defects, unparsed_data=unparsed_data)
urllib3.exceptions.HeaderParsingError: [MissingHeaderBodySeparatorDefect()], unparsed data: 'Server : Wow 3.8\r\nDate: Mon, 26 Dec 2022 01:03:00 GMT\r\nContent-Type: text/html\r\nContent-Length: 42043\r\nConnection: keep-alive\r\nCache-Control: private\r\nSet-Cookie: ASPSESSIONIDCSDDQSSA=NDMAGOLDFDHILIMHDFOOLBPP; path=/\r\nX-Frame-Options: SAMEORIGIN\r\n\r\n'
2022-12-26 10:03:00,163 - WARNING - Failed to parse headers (url=https://www.sscmc.or.kr:443/info/notice/list.asp?db=BBS_notice&pageno=1&startpage=1&where=&keyfield=&keyword=&catekkk=): [MissingHeaderBodySeparatorDefect()], unparsed data: 'Server : Wow 3.8\r\nDate: Mon, 26 Dec 2022 01:03:00 GMT\r\nContent-Type: text/html\r\nContent-Length: 42043\r\nConnection: keep-alive\r\nCache-Control: private\r\nSet-Cookie: ASPSESSIONIDCSDDQSSA=NDMAGOLDFDHILIMHDFOOLBPP; path=/\r\nX-Frame-Options: SAMEORIGIN\r\n\r\n'
Traceback (most recent call last):
  File "/Users/yeon/Library/Python/3.9/lib/python/site-packages/urllib3/connectionpool.py", line 469, in _make_request
    assert_header_parsing(httplib_response.msg)
  File "/Users/yeon/Library/Python/3.9/lib/python/site-packages/urllib3/util/response.py", line 91, in assert_header_parsing
    raise HeaderParsingError(defects=defects, unparsed_data=unparsed_data)
urllib3.exceptions.HeaderParsingError: [MissingHeaderBodySeparatorDefect()], unparsed data: 'Server : Wow 3.8\r\nDate: Mon, 26 Dec 2022 01:03:00 GMT\r\nContent-Type: text/html\r\nContent-Length: 42043\r\nConnection: keep-alive\r\nCache-Control: private\r\nSet-Cookie: ASPSESSIONIDCSDDQSSA=NDMAGOLDFDHILIMHDFOOLBPP; path=/\r\nX-Frame-Options: SAMEORIGIN\r\n\r\n'
2022-12-26 10:03:00,163 - WARNING - Failed to parse headers (url=https://www.sscmc.or.kr:443/info/notice/list.asp?db=BBS_notice&pageno=1&startpage=1&where=&keyfield=&keyword=&catekkk=): [MissingHeaderBodySeparatorDefect()], unparsed data: 'Server : Wow 3.8\r\nDate: Mon, 26 Dec 2022 01:03:00 GMT\r\nContent-Type: text/html\r\nContent-Length: 42043\r\nConnection: keep-alive\r\nCache-Control: private\r\nSet-Cookie: ASPSESSIONIDCSDDQSSA=NDMAGOLDFDHILIMHDFOOLBPP; path=/\r\nX-Frame-Options: SAMEORIGIN\r\n\r\n'
Traceback (most recent call last):
  File "/Users/yeon/Library/Python/3.9/lib/python/site-packages/urllib3/connectionpool.py", line 469, in _make_request
    assert_header_parsing(httplib_response.msg)
  File "/Users/yeon/Library/Python/3.9/lib/python/site-packages/urllib3/util/response.py", line 91, in assert_header_parsing
    raise HeaderParsingError(defects=defects, unparsed_data=unparsed_data)
urllib3.exceptions.HeaderParsingError: [MissingHeaderBodySeparatorDefect()], unparsed data: 'Server : Wow 3.8\r\nDate: Mon, 26 Dec 2022 01:03:00 GMT\r\nContent-Type: text/html\r\nContent-Length: 42043\r\nConnection: keep-alive\r\nCache-Control: private\r\nSet-Cookie: ASPSESSIONIDCSDDQSSA=NDMAGOLDFDHILIMHDFOOLBPP; path=/\r\nX-Frame-Options: SAMEORIGIN\r\n\r\n'
2022-12-26 10:03:00,163 - WARNING - Failed to parse headers (url=https://www.sscmc.or.kr:443/info/notice/list.asp?db=BBS_notice&pageno=1&startpage=1&where=&keyfield=&keyword=&catekkk=): [MissingHeaderBodySeparatorDefect()], unparsed data: 'Server : Wow 3.8\r\nDate: Mon, 26 Dec 2022 01:03:00 GMT\r\nContent-Type: text/html\r\nContent-Length: 42043\r\nConnection: keep-alive\r\nCache-Control: private\r\nSet-Cookie: ASPSESSIONIDCSDDQSSA=NDMAGOLDFDHILIMHDFOOLBPP; path=/\r\nX-Frame-Options: SAMEORIGIN\r\n\r\n'
Traceback (most recent call last):
  File "/Users/yeon/Library/Python/3.9/lib/python/site-packages/urllib3/connectionpool.py", line 469, in _make_request
    assert_header_parsing(httplib_response.msg)
  File "/Users/yeon/Library/Python/3.9/lib/python/site-packages/urllib3/util/response.py", line 91, in assert_header_parsing
    raise HeaderParsingError(defects=defects, unparsed_data=unparsed_data)
urllib3.exceptions.HeaderParsingError: [MissingHeaderBodySeparatorDefect()], unparsed data: 'Server : Wow 3.8\r\nDate: Mon, 26 Dec 2022 01:03:00 GMT\r\nContent-Type: text/html\r\nContent-Length: 42043\r\nConnection: keep-alive\r\nCache-Control: private\r\nSet-Cookie: ASPSESSIONIDCSDDQSSA=NDMAGOLDFDHILIMHDFOOLBPP; path=/\r\nX-Frame-Options: SAMEORIGIN\r\n\r\n'
2022-12-26 10:03:00,163 - WARNING - Failed to parse headers (url=https://www.sscmc.or.kr:443/info/notice/list.asp?db=BBS_notice&pageno=1&startpage=1&where=&keyfield=&keyword=&catekkk=): [MissingHeaderBodySeparatorDefect()], unparsed data: 'Server : Wow 3.8\r\nDate: Mon, 26 Dec 2022 01:03:00 GMT\r\nContent-Type: text/html\r\nContent-Length: 42043\r\nConnection: keep-alive\r\nCache-Control: private\r\nSet-Cookie: ASPSESSIONIDCSDDQSSA=NDMAGOLDFDHILIMHDFOOLBPP; path=/\r\nX-Frame-Options: SAMEORIGIN\r\n\r\n'
Traceback (most recent call last):
  File "/Users/yeon/Library/Python/3.9/lib/python/site-packages/urllib3/connectionpool.py", line 469, in _make_request
    assert_header_parsing(httplib_response.msg)
  File "/Users/yeon/Library/Python/3.9/lib/python/site-packages/urllib3/util/response.py", line 91, in assert_header_parsing
    raise HeaderParsingError(defects=defects, unparsed_data=unparsed_data)
urllib3.exceptions.HeaderParsingError: [MissingHeaderBodySeparatorDefect()], unparsed data: 'Server : Wow 3.8\r\nDate: Mon, 26 Dec 2022 01:03:00 GMT\r\nContent-Type: text/html\r\nContent-Length: 42043\r\nConnection: keep-alive\r\nCache-Control: private\r\nSet-Cookie: ASPSESSIONIDCSDDQSSA=NDMAGOLDFDHILIMHDFOOLBPP; path=/\r\nX-Frame-Options: SAMEORIGIN\r\n\r\n'
2022-12-26 10:04:15,767 - INFO - SEODAEMUN
2022-12-26 10:04:15,767 - INFO - SEODAEMUN
2022-12-26 10:04:15,767 - INFO - SEODAEMUN
2022-12-26 10:04:15,767 - INFO - SEODAEMUN
2022-12-26 10:04:15,767 - INFO - SEODAEMUN
2022-12-26 10:04:15,767 - INFO - SEODAEMUN
2022-12-26 10:04:15,767 - INFO - SEODAEMUN
2022-12-26 10:04:15,767 - INFO - SEODAEMUN
2022-12-26 10:04:15,767 - INFO - SEODAEMUN
2022-12-26 10:04:15,767 - INFO - SEODAEMUN
2022-12-26 10:04:15,767 - INFO - SEODAEMUN
2022-12-26 10:04:15,767 - INFO - SEODAEMUN
2022-12-26 14:15:07,460 - INFO - YONGSAN
2022-12-26 14:15:09,390 - INFO - YONGSAN
2022-12-26 14:15:09,390 - INFO - YONGSAN
2022-12-26 14:20:07,253 - INFO - YONGSAN
2022-12-26 14:21:44,494 - INFO - YONGSAN
2022-12-26 14:21:46,034 - INFO - YONGSAN
2022-12-26 14:21:46,034 - INFO - YONGSAN
2022-12-26 14:21:47,565 - INFO - YONGSAN
2022-12-26 14:21:47,565 - INFO - YONGSAN
2022-12-26 14:21:47,565 - INFO - YONGSAN
