2022-12-29 09:01:00,575 - INFO - JUNGNANG
2022-12-29 09:01:01,945 - WARNING - Failed to parse headers (url=https://www.jungnang.go.kr:443/portal/bbs/list/B0000002.do?searchCnd=&searchWrd=&gubun=&delCode=0&useAt=&replyAt=&menuNo=200473&sdate=&edate=&deptId=&deptName=&popupYn=&dept=&dong=&option1=&viewType=&searchCnd2=&pageIndex=1): [FirstHeaderLineIsContinuationDefect(' X-Content-Type-Options: nosniff\r\n')], unparsed data: ''
Traceback (most recent call last):
  File "/Users/yeon/Library/Python/3.9/lib/python/site-packages/urllib3/connectionpool.py", line 469, in _make_request
    assert_header_parsing(httplib_response.msg)
  File "/Users/yeon/Library/Python/3.9/lib/python/site-packages/urllib3/util/response.py", line 91, in assert_header_parsing
    raise HeaderParsingError(defects=defects, unparsed_data=unparsed_data)
urllib3.exceptions.HeaderParsingError: [FirstHeaderLineIsContinuationDefect(' X-Content-Type-Options: nosniff\r\n')], unparsed data: ''
2022-12-29 09:01:02,685 - INFO - JUNGNANG
2022-12-29 09:01:02,685 - INFO - JUNGNANG
2022-12-29 09:01:11,576 - INFO - YONGSAN
2022-12-29 09:01:11,576 - INFO - YONGSAN
2022-12-29 09:01:11,576 - INFO - YONGSAN
2022-12-29 09:01:14,683 - INFO - YONGSAN
2022-12-29 09:01:14,683 - INFO - YONGSAN
2022-12-29 09:01:14,683 - INFO - YONGSAN
2022-12-29 09:01:14,683 - INFO - YONGSAN
2022-12-29 09:01:16,593 - INFO - YONGSAN
2022-12-29 09:01:16,593 - INFO - YONGSAN
2022-12-29 09:01:16,593 - INFO - YONGSAN
2022-12-29 09:01:16,593 - INFO - YONGSAN
2022-12-29 09:01:16,593 - INFO - YONGSAN
2022-12-29 09:01:18,198 - INFO - GANGNAM
2022-12-29 09:01:18,198 - INFO - GANGNAM
2022-12-29 09:01:18,198 - INFO - GANGNAM
2022-12-29 09:01:18,198 - INFO - GANGNAM
2022-12-29 09:01:18,198 - INFO - GANGNAM
2022-12-29 09:01:18,198 - INFO - GANGNAM
2022-12-29 09:01:31,141 - INFO - GANGNAM
2022-12-29 09:01:31,141 - INFO - GANGNAM
2022-12-29 09:01:31,141 - INFO - GANGNAM
2022-12-29 09:01:31,141 - INFO - GANGNAM
2022-12-29 09:01:31,141 - INFO - GANGNAM
2022-12-29 09:01:31,141 - INFO - GANGNAM
2022-12-29 09:01:31,141 - INFO - GANGNAM
2022-12-29 09:01:32,898 - INFO - GANGDONG
2022-12-29 09:01:32,898 - INFO - GANGDONG
2022-12-29 09:01:32,898 - INFO - GANGDONG
2022-12-29 09:01:32,898 - INFO - GANGDONG
2022-12-29 09:01:32,898 - INFO - GANGDONG
2022-12-29 09:01:32,898 - INFO - GANGDONG
2022-12-29 09:01:32,898 - INFO - GANGDONG
2022-12-29 09:01:32,898 - INFO - GANGDONG
2022-12-29 09:01:41,610 - INFO - GURO
2022-12-29 09:01:41,610 - INFO - GURO
2022-12-29 09:01:41,610 - INFO - GURO
2022-12-29 09:01:41,610 - INFO - GURO
2022-12-29 09:01:41,610 - INFO - GURO
2022-12-29 09:01:41,610 - INFO - GURO
2022-12-29 09:01:41,610 - INFO - GURO
2022-12-29 09:01:41,610 - INFO - GURO
2022-12-29 09:01:41,610 - INFO - GURO
2022-12-29 09:01:45,344 - INFO - GURO
2022-12-29 09:01:45,344 - INFO - GURO
2022-12-29 09:01:45,344 - INFO - GURO
2022-12-29 09:01:45,344 - INFO - GURO
2022-12-29 09:01:45,344 - INFO - GURO
2022-12-29 09:01:45,344 - INFO - GURO
2022-12-29 09:01:45,344 - INFO - GURO
2022-12-29 09:01:45,344 - INFO - GURO
2022-12-29 09:01:45,344 - INFO - GURO
2022-12-29 09:01:45,344 - INFO - GURO
2022-12-29 09:01:54,261 - INFO - GANGSEO
2022-12-29 09:01:54,261 - INFO - GANGSEO
2022-12-29 09:01:54,261 - INFO - GANGSEO
2022-12-29 09:01:54,261 - INFO - GANGSEO
2022-12-29 09:01:54,261 - INFO - GANGSEO
2022-12-29 09:01:54,261 - INFO - GANGSEO
2022-12-29 09:01:54,261 - INFO - GANGSEO
2022-12-29 09:01:54,261 - INFO - GANGSEO
2022-12-29 09:01:54,261 - INFO - GANGSEO
2022-12-29 09:01:54,261 - INFO - GANGSEO
2022-12-29 09:01:54,261 - INFO - GANGSEO
2022-12-29 09:01:58,357 - INFO - GANGSEO
2022-12-29 09:01:58,357 - INFO - GANGSEO
2022-12-29 09:01:58,357 - INFO - GANGSEO
2022-12-29 09:01:58,357 - INFO - GANGSEO
2022-12-29 09:01:58,357 - INFO - GANGSEO
2022-12-29 09:01:58,357 - INFO - GANGSEO
2022-12-29 09:01:58,357 - INFO - GANGSEO
2022-12-29 09:01:58,357 - INFO - GANGSEO
2022-12-29 09:01:58,357 - INFO - GANGSEO
2022-12-29 09:01:58,357 - INFO - GANGSEO
2022-12-29 09:01:58,357 - INFO - GANGSEO
2022-12-29 09:01:58,357 - INFO - GANGSEO
2022-12-29 09:01:59,971 - INFO - GANGDONG
2022-12-29 09:01:59,971 - INFO - GANGDONG
2022-12-29 09:01:59,971 - INFO - GANGDONG
2022-12-29 09:01:59,971 - INFO - GANGDONG
2022-12-29 09:01:59,971 - INFO - GANGDONG
2022-12-29 09:01:59,971 - INFO - GANGDONG
2022-12-29 09:01:59,971 - INFO - GANGDONG
2022-12-29 09:01:59,971 - INFO - GANGDONG
2022-12-29 09:01:59,971 - INFO - GANGDONG
2022-12-29 09:01:59,971 - INFO - GANGDONG
2022-12-29 09:01:59,971 - INFO - GANGDONG
2022-12-29 09:01:59,971 - INFO - GANGDONG
2022-12-29 09:01:59,971 - INFO - GANGDONG
2022-12-29 09:02:05,036 - INFO - GANGDONG
2022-12-29 09:02:05,036 - INFO - GANGDONG
2022-12-29 09:02:05,036 - INFO - GANGDONG
2022-12-29 09:02:05,036 - INFO - GANGDONG
2022-12-29 09:02:05,036 - INFO - GANGDONG
2022-12-29 09:02:05,036 - INFO - GANGDONG
2022-12-29 09:02:05,036 - INFO - GANGDONG
2022-12-29 09:02:05,036 - INFO - GANGDONG
2022-12-29 09:02:05,036 - INFO - GANGDONG
2022-12-29 09:02:05,036 - INFO - GANGDONG
2022-12-29 09:02:05,036 - INFO - GANGDONG
2022-12-29 09:02:05,036 - INFO - GANGDONG
2022-12-29 09:02:05,036 - INFO - GANGDONG
2022-12-29 09:02:05,036 - INFO - GANGDONG
2022-12-29 09:02:06,769 - INFO - GANGDONG
2022-12-29 09:02:06,769 - INFO - GANGDONG
2022-12-29 09:02:06,769 - INFO - GANGDONG
2022-12-29 09:02:06,769 - INFO - GANGDONG
2022-12-29 09:02:06,769 - INFO - GANGDONG
2022-12-29 09:02:06,769 - INFO - GANGDONG
2022-12-29 09:02:06,769 - INFO - GANGDONG
2022-12-29 09:02:06,769 - INFO - GANGDONG
2022-12-29 09:02:06,769 - INFO - GANGDONG
2022-12-29 09:02:06,769 - INFO - GANGDONG
2022-12-29 09:02:06,769 - INFO - GANGDONG
2022-12-29 09:02:06,769 - INFO - GANGDONG
2022-12-29 09:02:06,769 - INFO - GANGDONG
2022-12-29 09:02:06,769 - INFO - GANGDONG
2022-12-29 09:02:06,769 - INFO - GANGDONG
2022-12-29 09:02:20,646 - INFO - DOBONG
2022-12-29 09:02:20,646 - INFO - DOBONG
2022-12-29 09:02:20,646 - INFO - DOBONG
2022-12-29 09:02:20,646 - INFO - DOBONG
2022-12-29 09:02:20,646 - INFO - DOBONG
2022-12-29 09:02:20,646 - INFO - DOBONG
2022-12-29 09:02:20,646 - INFO - DOBONG
2022-12-29 09:02:20,646 - INFO - DOBONG
2022-12-29 09:02:20,646 - INFO - DOBONG
2022-12-29 09:02:20,646 - INFO - DOBONG
2022-12-29 09:02:20,646 - INFO - DOBONG
2022-12-29 09:02:20,646 - INFO - DOBONG
2022-12-29 09:02:20,646 - INFO - DOBONG
2022-12-29 09:02:20,646 - INFO - DOBONG
2022-12-29 09:02:20,646 - INFO - DOBONG
2022-12-29 09:02:20,646 - INFO - DOBONG
2022-12-29 09:02:23,969 - INFO - DOBONG
2022-12-29 09:02:23,969 - INFO - DOBONG
2022-12-29 09:02:23,969 - INFO - DOBONG
2022-12-29 09:02:23,969 - INFO - DOBONG
2022-12-29 09:02:23,969 - INFO - DOBONG
2022-12-29 09:02:23,969 - INFO - DOBONG
2022-12-29 09:02:23,969 - INFO - DOBONG
2022-12-29 09:02:23,969 - INFO - DOBONG
2022-12-29 09:02:23,969 - INFO - DOBONG
2022-12-29 09:02:23,969 - INFO - DOBONG
2022-12-29 09:02:23,969 - INFO - DOBONG
2022-12-29 09:02:23,969 - INFO - DOBONG
2022-12-29 09:02:23,969 - INFO - DOBONG
2022-12-29 09:02:23,969 - INFO - DOBONG
2022-12-29 09:02:23,969 - INFO - DOBONG
2022-12-29 09:02:23,969 - INFO - DOBONG
2022-12-29 09:02:23,969 - INFO - DOBONG
2022-12-29 09:02:25,861 - INFO - GANGBUK
2022-12-29 09:02:25,861 - INFO - GANGBUK
2022-12-29 09:02:25,861 - INFO - GANGBUK
2022-12-29 09:02:25,861 - INFO - GANGBUK
2022-12-29 09:02:25,861 - INFO - GANGBUK
2022-12-29 09:02:25,861 - INFO - GANGBUK
2022-12-29 09:02:25,861 - INFO - GANGBUK
2022-12-29 09:02:25,861 - INFO - GANGBUK
2022-12-29 09:02:25,861 - INFO - GANGBUK
2022-12-29 09:02:25,861 - INFO - GANGBUK
2022-12-29 09:02:25,861 - INFO - GANGBUK
2022-12-29 09:02:25,861 - INFO - GANGBUK
2022-12-29 09:02:25,861 - INFO - GANGBUK
2022-12-29 09:02:25,861 - INFO - GANGBUK
2022-12-29 09:02:25,861 - INFO - GANGBUK
2022-12-29 09:02:25,861 - INFO - GANGBUK
2022-12-29 09:02:25,861 - INFO - GANGBUK
2022-12-29 09:02:25,861 - INFO - GANGBUK
2022-12-29 09:02:35,574 - INFO - GANGBUK
2022-12-29 09:02:35,574 - INFO - GANGBUK
2022-12-29 09:02:35,574 - INFO - GANGBUK
2022-12-29 09:02:35,574 - INFO - GANGBUK
2022-12-29 09:02:35,574 - INFO - GANGBUK
2022-12-29 09:02:35,574 - INFO - GANGBUK
2022-12-29 09:02:35,574 - INFO - GANGBUK
2022-12-29 09:02:35,574 - INFO - GANGBUK
2022-12-29 09:02:35,574 - INFO - GANGBUK
2022-12-29 09:02:35,574 - INFO - GANGBUK
2022-12-29 09:02:35,574 - INFO - GANGBUK
2022-12-29 09:02:35,574 - INFO - GANGBUK
2022-12-29 09:02:35,574 - INFO - GANGBUK
2022-12-29 09:02:35,574 - INFO - GANGBUK
2022-12-29 09:02:35,574 - INFO - GANGBUK
2022-12-29 09:02:35,574 - INFO - GANGBUK
2022-12-29 09:02:35,574 - INFO - GANGBUK
2022-12-29 09:02:35,574 - INFO - GANGBUK
2022-12-29 09:02:35,574 - INFO - GANGBUK
2022-12-29 09:02:45,042 - INFO - DONGDAEMUN
2022-12-29 09:02:45,042 - INFO - DONGDAEMUN
2022-12-29 09:02:45,042 - INFO - DONGDAEMUN
2022-12-29 09:02:45,042 - INFO - DONGDAEMUN
2022-12-29 09:02:45,042 - INFO - DONGDAEMUN
2022-12-29 09:02:45,042 - INFO - DONGDAEMUN
2022-12-29 09:02:45,042 - INFO - DONGDAEMUN
2022-12-29 09:02:45,042 - INFO - DONGDAEMUN
2022-12-29 09:02:45,042 - INFO - DONGDAEMUN
2022-12-29 09:02:45,042 - INFO - DONGDAEMUN
2022-12-29 09:02:45,042 - INFO - DONGDAEMUN
2022-12-29 09:02:45,042 - INFO - DONGDAEMUN
2022-12-29 09:02:45,042 - INFO - DONGDAEMUN
2022-12-29 09:02:45,042 - INFO - DONGDAEMUN
2022-12-29 09:02:45,042 - INFO - DONGDAEMUN
2022-12-29 09:02:45,042 - INFO - DONGDAEMUN
2022-12-29 09:02:45,042 - INFO - DONGDAEMUN
2022-12-29 09:02:45,042 - INFO - DONGDAEMUN
2022-12-29 09:02:45,042 - INFO - DONGDAEMUN
2022-12-29 09:02:45,042 - INFO - DONGDAEMUN
2022-12-29 09:02:48,522 - INFO - DONGDAEMUN
2022-12-29 09:02:48,522 - INFO - DONGDAEMUN
2022-12-29 09:02:48,522 - INFO - DONGDAEMUN
2022-12-29 09:02:48,522 - INFO - DONGDAEMUN
2022-12-29 09:02:48,522 - INFO - DONGDAEMUN
2022-12-29 09:02:48,522 - INFO - DONGDAEMUN
2022-12-29 09:02:48,522 - INFO - DONGDAEMUN
2022-12-29 09:02:48,522 - INFO - DONGDAEMUN
2022-12-29 09:02:48,522 - INFO - DONGDAEMUN
2022-12-29 09:02:48,522 - INFO - DONGDAEMUN
2022-12-29 09:02:48,522 - INFO - DONGDAEMUN
2022-12-29 09:02:48,522 - INFO - DONGDAEMUN
2022-12-29 09:02:48,522 - INFO - DONGDAEMUN
2022-12-29 09:02:48,522 - INFO - DONGDAEMUN
2022-12-29 09:02:48,522 - INFO - DONGDAEMUN
2022-12-29 09:02:48,522 - INFO - DONGDAEMUN
2022-12-29 09:02:48,522 - INFO - DONGDAEMUN
2022-12-29 09:02:48,522 - INFO - DONGDAEMUN
2022-12-29 09:02:48,522 - INFO - DONGDAEMUN
2022-12-29 09:02:48,522 - INFO - DONGDAEMUN
2022-12-29 09:02:48,522 - INFO - DONGDAEMUN
2022-12-29 09:02:50,556 - INFO - DONGDAEMUN
2022-12-29 09:02:50,556 - INFO - DONGDAEMUN
2022-12-29 09:02:50,556 - INFO - DONGDAEMUN
2022-12-29 09:02:50,556 - INFO - DONGDAEMUN
2022-12-29 09:02:50,556 - INFO - DONGDAEMUN
2022-12-29 09:02:50,556 - INFO - DONGDAEMUN
2022-12-29 09:02:50,556 - INFO - DONGDAEMUN
2022-12-29 09:02:50,556 - INFO - DONGDAEMUN
2022-12-29 09:02:50,556 - INFO - DONGDAEMUN
2022-12-29 09:02:50,556 - INFO - DONGDAEMUN
2022-12-29 09:02:50,556 - INFO - DONGDAEMUN
2022-12-29 09:02:50,556 - INFO - DONGDAEMUN
2022-12-29 09:02:50,556 - INFO - DONGDAEMUN
2022-12-29 09:02:50,556 - INFO - DONGDAEMUN
2022-12-29 09:02:50,556 - INFO - DONGDAEMUN
2022-12-29 09:02:50,556 - INFO - DONGDAEMUN
2022-12-29 09:02:50,556 - INFO - DONGDAEMUN
2022-12-29 09:02:50,556 - INFO - DONGDAEMUN
2022-12-29 09:02:50,556 - INFO - DONGDAEMUN
2022-12-29 09:02:50,556 - INFO - DONGDAEMUN
2022-12-29 09:02:50,556 - INFO - DONGDAEMUN
2022-12-29 09:02:50,556 - INFO - DONGDAEMUN
2022-12-29 09:02:51,795 - INFO - DONGJAK
2022-12-29 09:02:51,795 - INFO - DONGJAK
2022-12-29 09:02:51,795 - INFO - DONGJAK
2022-12-29 09:02:51,795 - INFO - DONGJAK
2022-12-29 09:02:51,795 - INFO - DONGJAK
2022-12-29 09:02:51,795 - INFO - DONGJAK
2022-12-29 09:02:51,795 - INFO - DONGJAK
2022-12-29 09:02:51,795 - INFO - DONGJAK
2022-12-29 09:02:51,795 - INFO - DONGJAK
2022-12-29 09:02:51,795 - INFO - DONGJAK
2022-12-29 09:02:51,795 - INFO - DONGJAK
2022-12-29 09:02:51,795 - INFO - DONGJAK
2022-12-29 09:02:51,795 - INFO - DONGJAK
2022-12-29 09:02:51,795 - INFO - DONGJAK
2022-12-29 09:02:51,795 - INFO - DONGJAK
2022-12-29 09:02:51,795 - INFO - DONGJAK
2022-12-29 09:02:51,795 - INFO - DONGJAK
2022-12-29 09:02:51,795 - INFO - DONGJAK
2022-12-29 09:02:51,795 - INFO - DONGJAK
2022-12-29 09:02:51,795 - INFO - DONGJAK
2022-12-29 09:02:51,795 - INFO - DONGJAK
2022-12-29 09:02:51,795 - INFO - DONGJAK
2022-12-29 09:02:51,795 - INFO - DONGJAK
2022-12-29 09:02:55,282 - INFO - DONGJAK
2022-12-29 09:02:55,282 - INFO - DONGJAK
2022-12-29 09:02:55,282 - INFO - DONGJAK
2022-12-29 09:02:55,282 - INFO - DONGJAK
2022-12-29 09:02:55,282 - INFO - DONGJAK
2022-12-29 09:02:55,282 - INFO - DONGJAK
2022-12-29 09:02:55,282 - INFO - DONGJAK
2022-12-29 09:02:55,282 - INFO - DONGJAK
2022-12-29 09:02:55,282 - INFO - DONGJAK
2022-12-29 09:02:55,282 - INFO - DONGJAK
2022-12-29 09:02:55,282 - INFO - DONGJAK
2022-12-29 09:02:55,282 - INFO - DONGJAK
2022-12-29 09:02:55,282 - INFO - DONGJAK
2022-12-29 09:02:55,282 - INFO - DONGJAK
2022-12-29 09:02:55,282 - INFO - DONGJAK
2022-12-29 09:02:55,282 - INFO - DONGJAK
2022-12-29 09:02:55,282 - INFO - DONGJAK
2022-12-29 09:02:55,282 - INFO - DONGJAK
2022-12-29 09:02:55,282 - INFO - DONGJAK
2022-12-29 09:02:55,282 - INFO - DONGJAK
2022-12-29 09:02:55,282 - INFO - DONGJAK
2022-12-29 09:02:55,282 - INFO - DONGJAK
2022-12-29 09:02:55,282 - INFO - DONGJAK
2022-12-29 09:02:55,282 - INFO - DONGJAK
2022-12-29 09:03:08,015 - INFO - GEUAMCHEOUN
2022-12-29 09:03:08,015 - INFO - GEUAMCHEOUN
2022-12-29 09:03:08,015 - INFO - GEUAMCHEOUN
2022-12-29 09:03:08,015 - INFO - GEUAMCHEOUN
2022-12-29 09:03:08,015 - INFO - GEUAMCHEOUN
2022-12-29 09:03:08,015 - INFO - GEUAMCHEOUN
2022-12-29 09:03:08,015 - INFO - GEUAMCHEOUN
2022-12-29 09:03:08,015 - INFO - GEUAMCHEOUN
2022-12-29 09:03:08,015 - INFO - GEUAMCHEOUN
2022-12-29 09:03:08,015 - INFO - GEUAMCHEOUN
2022-12-29 09:03:08,015 - INFO - GEUAMCHEOUN
2022-12-29 09:03:08,015 - INFO - GEUAMCHEOUN
2022-12-29 09:03:08,015 - INFO - GEUAMCHEOUN
2022-12-29 09:03:08,015 - INFO - GEUAMCHEOUN
2022-12-29 09:03:08,015 - INFO - GEUAMCHEOUN
2022-12-29 09:03:08,015 - INFO - GEUAMCHEOUN
2022-12-29 09:03:08,015 - INFO - GEUAMCHEOUN
2022-12-29 09:03:08,015 - INFO - GEUAMCHEOUN
2022-12-29 09:03:08,015 - INFO - GEUAMCHEOUN
2022-12-29 09:03:08,015 - INFO - GEUAMCHEOUN
2022-12-29 09:03:08,015 - INFO - GEUAMCHEOUN
2022-12-29 09:03:08,015 - INFO - GEUAMCHEOUN
2022-12-29 09:03:08,015 - INFO - GEUAMCHEOUN
2022-12-29 09:03:08,015 - INFO - GEUAMCHEOUN
2022-12-29 09:03:08,015 - INFO - GEUAMCHEOUN
2022-12-29 09:04:20,838 - INFO - GEUAMCHEOUN
2022-12-29 09:04:20,838 - INFO - GEUAMCHEOUN
2022-12-29 09:04:20,838 - INFO - GEUAMCHEOUN
2022-12-29 09:04:20,838 - INFO - GEUAMCHEOUN
2022-12-29 09:04:20,838 - INFO - GEUAMCHEOUN
2022-12-29 09:04:20,838 - INFO - GEUAMCHEOUN
2022-12-29 09:04:20,838 - INFO - GEUAMCHEOUN
2022-12-29 09:04:20,838 - INFO - GEUAMCHEOUN
2022-12-29 09:04:20,838 - INFO - GEUAMCHEOUN
2022-12-29 09:04:20,838 - INFO - GEUAMCHEOUN
2022-12-29 09:04:20,838 - INFO - GEUAMCHEOUN
2022-12-29 09:04:20,838 - INFO - GEUAMCHEOUN
2022-12-29 09:04:20,838 - INFO - GEUAMCHEOUN
2022-12-29 09:04:20,838 - INFO - GEUAMCHEOUN
2022-12-29 09:04:20,838 - INFO - GEUAMCHEOUN
2022-12-29 09:04:20,838 - INFO - GEUAMCHEOUN
2022-12-29 09:04:20,838 - INFO - GEUAMCHEOUN
2022-12-29 09:04:20,838 - INFO - GEUAMCHEOUN
2022-12-29 09:04:20,838 - INFO - GEUAMCHEOUN
2022-12-29 09:04:20,838 - INFO - GEUAMCHEOUN
2022-12-29 09:04:20,838 - INFO - GEUAMCHEOUN
2022-12-29 09:04:20,838 - INFO - GEUAMCHEOUN
2022-12-29 09:04:20,838 - INFO - GEUAMCHEOUN
2022-12-29 09:04:20,838 - INFO - GEUAMCHEOUN
2022-12-29 09:04:20,838 - INFO - GEUAMCHEOUN
2022-12-29 09:04:20,838 - INFO - GEUAMCHEOUN
2022-12-29 09:04:23,489 - INFO - GWANAK
2022-12-29 09:04:23,489 - INFO - GWANAK
2022-12-29 09:04:23,489 - INFO - GWANAK
2022-12-29 09:04:23,489 - INFO - GWANAK
2022-12-29 09:04:23,489 - INFO - GWANAK
2022-12-29 09:04:23,489 - INFO - GWANAK
2022-12-29 09:04:23,489 - INFO - GWANAK
2022-12-29 09:04:23,489 - INFO - GWANAK
2022-12-29 09:04:23,489 - INFO - GWANAK
2022-12-29 09:04:23,489 - INFO - GWANAK
2022-12-29 09:04:23,489 - INFO - GWANAK
2022-12-29 09:04:23,489 - INFO - GWANAK
2022-12-29 09:04:23,489 - INFO - GWANAK
2022-12-29 09:04:23,489 - INFO - GWANAK
2022-12-29 09:04:23,489 - INFO - GWANAK
2022-12-29 09:04:23,489 - INFO - GWANAK
2022-12-29 09:04:23,489 - INFO - GWANAK
2022-12-29 09:04:23,489 - INFO - GWANAK
2022-12-29 09:04:23,489 - INFO - GWANAK
2022-12-29 09:04:23,489 - INFO - GWANAK
2022-12-29 09:04:23,489 - INFO - GWANAK
2022-12-29 09:04:23,489 - INFO - GWANAK
2022-12-29 09:04:23,489 - INFO - GWANAK
2022-12-29 09:04:23,489 - INFO - GWANAK
2022-12-29 09:04:23,489 - INFO - GWANAK
2022-12-29 09:04:23,489 - INFO - GWANAK
2022-12-29 09:04:23,489 - INFO - GWANAK
2022-12-29 09:04:42,564 - INFO - GWANAK
2022-12-29 09:04:42,564 - INFO - GWANAK
2022-12-29 09:04:42,564 - INFO - GWANAK
2022-12-29 09:04:42,564 - INFO - GWANAK
2022-12-29 09:04:42,564 - INFO - GWANAK
2022-12-29 09:04:42,564 - INFO - GWANAK
2022-12-29 09:04:42,564 - INFO - GWANAK
2022-12-29 09:04:42,564 - INFO - GWANAK
2022-12-29 09:04:42,564 - INFO - GWANAK
2022-12-29 09:04:42,564 - INFO - GWANAK
2022-12-29 09:04:42,564 - INFO - GWANAK
2022-12-29 09:04:42,564 - INFO - GWANAK
2022-12-29 09:04:42,564 - INFO - GWANAK
2022-12-29 09:04:42,564 - INFO - GWANAK
2022-12-29 09:04:42,564 - INFO - GWANAK
2022-12-29 09:04:42,564 - INFO - GWANAK
2022-12-29 09:04:42,564 - INFO - GWANAK
2022-12-29 09:04:42,564 - INFO - GWANAK
2022-12-29 09:04:42,564 - INFO - GWANAK
2022-12-29 09:04:42,564 - INFO - GWANAK
2022-12-29 09:04:42,564 - INFO - GWANAK
2022-12-29 09:04:42,564 - INFO - GWANAK
2022-12-29 09:04:42,564 - INFO - GWANAK
2022-12-29 09:04:42,564 - INFO - GWANAK
2022-12-29 09:04:42,564 - INFO - GWANAK
2022-12-29 09:04:42,564 - INFO - GWANAK
2022-12-29 09:04:42,564 - INFO - GWANAK
2022-12-29 09:04:42,564 - INFO - GWANAK
2022-12-29 09:04:51,723 - INFO - SEONGDONG
2022-12-29 09:04:51,723 - INFO - SEONGDONG
2022-12-29 09:04:51,723 - INFO - SEONGDONG
2022-12-29 09:04:51,723 - INFO - SEONGDONG
2022-12-29 09:04:51,723 - INFO - SEONGDONG
2022-12-29 09:04:51,723 - INFO - SEONGDONG
2022-12-29 09:04:51,723 - INFO - SEONGDONG
2022-12-29 09:04:51,723 - INFO - SEONGDONG
2022-12-29 09:04:51,723 - INFO - SEONGDONG
2022-12-29 09:04:51,723 - INFO - SEONGDONG
2022-12-29 09:04:51,723 - INFO - SEONGDONG
2022-12-29 09:04:51,723 - INFO - SEONGDONG
2022-12-29 09:04:51,723 - INFO - SEONGDONG
2022-12-29 09:04:51,723 - INFO - SEONGDONG
2022-12-29 09:04:51,723 - INFO - SEONGDONG
2022-12-29 09:04:51,723 - INFO - SEONGDONG
2022-12-29 09:04:51,723 - INFO - SEONGDONG
2022-12-29 09:04:51,723 - INFO - SEONGDONG
2022-12-29 09:04:51,723 - INFO - SEONGDONG
2022-12-29 09:04:51,723 - INFO - SEONGDONG
2022-12-29 09:04:51,723 - INFO - SEONGDONG
2022-12-29 09:04:51,723 - INFO - SEONGDONG
2022-12-29 09:04:51,723 - INFO - SEONGDONG
2022-12-29 09:04:51,723 - INFO - SEONGDONG
2022-12-29 09:04:51,723 - INFO - SEONGDONG
2022-12-29 09:04:51,723 - INFO - SEONGDONG
2022-12-29 09:04:51,723 - INFO - SEONGDONG
2022-12-29 09:04:51,723 - INFO - SEONGDONG
2022-12-29 09:04:51,723 - INFO - SEONGDONG
2022-12-29 09:05:02,716 - INFO - SEONGDONG
2022-12-29 09:05:02,716 - INFO - SEONGDONG
2022-12-29 09:05:02,716 - INFO - SEONGDONG
2022-12-29 09:05:02,716 - INFO - SEONGDONG
2022-12-29 09:05:02,716 - INFO - SEONGDONG
2022-12-29 09:05:02,716 - INFO - SEONGDONG
2022-12-29 09:05:02,716 - INFO - SEONGDONG
2022-12-29 09:05:02,716 - INFO - SEONGDONG
2022-12-29 09:05:02,716 - INFO - SEONGDONG
2022-12-29 09:05:02,716 - INFO - SEONGDONG
2022-12-29 09:05:02,716 - INFO - SEONGDONG
2022-12-29 09:05:02,716 - INFO - SEONGDONG
2022-12-29 09:05:02,716 - INFO - SEONGDONG
2022-12-29 09:05:02,716 - INFO - SEONGDONG
2022-12-29 09:05:02,716 - INFO - SEONGDONG
2022-12-29 09:05:02,716 - INFO - SEONGDONG
2022-12-29 09:05:02,716 - INFO - SEONGDONG
2022-12-29 09:05:02,716 - INFO - SEONGDONG
2022-12-29 09:05:02,716 - INFO - SEONGDONG
2022-12-29 09:05:02,716 - INFO - SEONGDONG
2022-12-29 09:05:02,716 - INFO - SEONGDONG
2022-12-29 09:05:02,716 - INFO - SEONGDONG
2022-12-29 09:05:02,716 - INFO - SEONGDONG
2022-12-29 09:05:02,716 - INFO - SEONGDONG
2022-12-29 09:05:02,716 - INFO - SEONGDONG
2022-12-29 09:05:02,716 - INFO - SEONGDONG
2022-12-29 09:05:02,716 - INFO - SEONGDONG
2022-12-29 09:05:02,716 - INFO - SEONGDONG
2022-12-29 09:05:02,716 - INFO - SEONGDONG
2022-12-29 09:05:02,716 - INFO - SEONGDONG
2022-12-29 09:05:10,887 - INFO - EUNPYENG
2022-12-29 09:05:10,887 - INFO - EUNPYENG
2022-12-29 09:05:10,887 - INFO - EUNPYENG
2022-12-29 09:05:10,887 - INFO - EUNPYENG
2022-12-29 09:05:10,887 - INFO - EUNPYENG
2022-12-29 09:05:10,887 - INFO - EUNPYENG
2022-12-29 09:05:10,887 - INFO - EUNPYENG
2022-12-29 09:05:10,887 - INFO - EUNPYENG
2022-12-29 09:05:10,887 - INFO - EUNPYENG
2022-12-29 09:05:10,887 - INFO - EUNPYENG
2022-12-29 09:05:10,887 - INFO - EUNPYENG
2022-12-29 09:05:10,887 - INFO - EUNPYENG
2022-12-29 09:05:10,887 - INFO - EUNPYENG
2022-12-29 09:05:10,887 - INFO - EUNPYENG
2022-12-29 09:05:10,887 - INFO - EUNPYENG
2022-12-29 09:05:10,887 - INFO - EUNPYENG
2022-12-29 09:05:10,887 - INFO - EUNPYENG
2022-12-29 09:05:10,887 - INFO - EUNPYENG
2022-12-29 09:05:10,887 - INFO - EUNPYENG
2022-12-29 09:05:10,887 - INFO - EUNPYENG
2022-12-29 09:05:10,887 - INFO - EUNPYENG
2022-12-29 09:05:10,887 - INFO - EUNPYENG
2022-12-29 09:05:10,887 - INFO - EUNPYENG
2022-12-29 09:05:10,887 - INFO - EUNPYENG
2022-12-29 09:05:10,887 - INFO - EUNPYENG
2022-12-29 09:05:10,887 - INFO - EUNPYENG
2022-12-29 09:05:10,887 - INFO - EUNPYENG
2022-12-29 09:05:10,887 - INFO - EUNPYENG
2022-12-29 09:05:10,887 - INFO - EUNPYENG
2022-12-29 09:05:10,887 - INFO - EUNPYENG
2022-12-29 09:05:10,887 - INFO - EUNPYENG
2022-12-29 09:05:19,480 - INFO - EUNPYENG
2022-12-29 09:05:19,480 - INFO - EUNPYENG
2022-12-29 09:05:19,480 - INFO - EUNPYENG
2022-12-29 09:05:19,480 - INFO - EUNPYENG
2022-12-29 09:05:19,480 - INFO - EUNPYENG
2022-12-29 09:05:19,480 - INFO - EUNPYENG
2022-12-29 09:05:19,480 - INFO - EUNPYENG
2022-12-29 09:05:19,480 - INFO - EUNPYENG
2022-12-29 09:05:19,480 - INFO - EUNPYENG
2022-12-29 09:05:19,480 - INFO - EUNPYENG
2022-12-29 09:05:19,480 - INFO - EUNPYENG
2022-12-29 09:05:19,480 - INFO - EUNPYENG
2022-12-29 09:05:19,480 - INFO - EUNPYENG
2022-12-29 09:05:19,480 - INFO - EUNPYENG
2022-12-29 09:05:19,480 - INFO - EUNPYENG
2022-12-29 09:05:19,480 - INFO - EUNPYENG
2022-12-29 09:05:19,480 - INFO - EUNPYENG
2022-12-29 09:05:19,480 - INFO - EUNPYENG
2022-12-29 09:05:19,480 - INFO - EUNPYENG
2022-12-29 09:05:19,480 - INFO - EUNPYENG
2022-12-29 09:05:19,480 - INFO - EUNPYENG
2022-12-29 09:05:19,480 - INFO - EUNPYENG
2022-12-29 09:05:19,480 - INFO - EUNPYENG
2022-12-29 09:05:19,480 - INFO - EUNPYENG
2022-12-29 09:05:19,480 - INFO - EUNPYENG
2022-12-29 09:05:19,480 - INFO - EUNPYENG
2022-12-29 09:05:19,480 - INFO - EUNPYENG
2022-12-29 09:05:19,480 - INFO - EUNPYENG
2022-12-29 09:05:19,480 - INFO - EUNPYENG
2022-12-29 09:05:19,480 - INFO - EUNPYENG
2022-12-29 09:05:19,480 - INFO - EUNPYENG
2022-12-29 09:05:19,480 - INFO - EUNPYENG
2022-12-29 09:15:59,955 - INFO - EUNPYENG
2022-12-29 09:16:04,365 - INFO - EUNPYENG
2022-12-29 09:16:04,365 - INFO - EUNPYENG
2022-12-29 09:16:09,705 - INFO - EUNPYENG
2022-12-29 09:16:09,705 - INFO - EUNPYENG
2022-12-29 09:16:09,705 - INFO - EUNPYENG
2022-12-29 09:16:10,851 - INFO - GWANGZIN
2022-12-29 09:16:10,851 - INFO - GWANGZIN
2022-12-29 09:16:10,851 - INFO - GWANGZIN
2022-12-29 09:16:10,851 - INFO - GWANGZIN
2022-12-29 09:16:13,136 - INFO - GWANGZIN
2022-12-29 09:16:13,136 - INFO - GWANGZIN
2022-12-29 09:16:13,136 - INFO - GWANGZIN
2022-12-29 09:16:13,136 - INFO - GWANGZIN
2022-12-29 09:16:13,136 - INFO - GWANGZIN
2022-12-29 09:16:15,423 - INFO - JONGRO
2022-12-29 09:16:15,423 - INFO - JONGRO
2022-12-29 09:16:15,423 - INFO - JONGRO
2022-12-29 09:16:15,423 - INFO - JONGRO
2022-12-29 09:16:15,423 - INFO - JONGRO
2022-12-29 09:16:15,423 - INFO - JONGRO
2022-12-29 09:16:26,700 - INFO - JONGRO
2022-12-29 09:16:26,700 - INFO - JONGRO
2022-12-29 09:16:26,700 - INFO - JONGRO
2022-12-29 09:16:26,700 - INFO - JONGRO
2022-12-29 09:16:26,700 - INFO - JONGRO
2022-12-29 09:16:26,700 - INFO - JONGRO
2022-12-29 09:16:26,700 - INFO - JONGRO
2022-12-29 09:16:27,942 - INFO - JUNGGU
2022-12-29 09:16:27,942 - INFO - JUNGGU
2022-12-29 09:16:27,942 - INFO - JUNGGU
2022-12-29 09:16:27,942 - INFO - JUNGGU
2022-12-29 09:16:27,942 - INFO - JUNGGU
2022-12-29 09:16:27,942 - INFO - JUNGGU
2022-12-29 09:16:27,942 - INFO - JUNGGU
2022-12-29 09:16:27,942 - INFO - JUNGGU
2022-12-29 09:16:29,334 - INFO - JUNGGU
2022-12-29 09:16:29,334 - INFO - JUNGGU
2022-12-29 09:16:29,334 - INFO - JUNGGU
2022-12-29 09:16:29,334 - INFO - JUNGGU
2022-12-29 09:16:29,334 - INFO - JUNGGU
2022-12-29 09:16:29,334 - INFO - JUNGGU
2022-12-29 09:16:29,334 - INFO - JUNGGU
2022-12-29 09:16:29,334 - INFO - JUNGGU
2022-12-29 09:16:29,334 - INFO - JUNGGU
2022-12-29 09:16:37,427 - INFO - MAPO
2022-12-29 09:16:37,427 - INFO - MAPO
2022-12-29 09:16:37,427 - INFO - MAPO
2022-12-29 09:16:37,427 - INFO - MAPO
2022-12-29 09:16:37,427 - INFO - MAPO
2022-12-29 09:16:37,427 - INFO - MAPO
2022-12-29 09:16:37,427 - INFO - MAPO
2022-12-29 09:16:37,427 - INFO - MAPO
2022-12-29 09:16:37,427 - INFO - MAPO
2022-12-29 09:16:37,427 - INFO - MAPO
2022-12-29 09:16:44,776 - INFO - MAPO
2022-12-29 09:16:44,776 - INFO - MAPO
2022-12-29 09:16:44,776 - INFO - MAPO
2022-12-29 09:16:44,776 - INFO - MAPO
2022-12-29 09:16:44,776 - INFO - MAPO
2022-12-29 09:16:44,776 - INFO - MAPO
2022-12-29 09:16:44,776 - INFO - MAPO
2022-12-29 09:16:44,776 - INFO - MAPO
2022-12-29 09:16:44,776 - INFO - MAPO
2022-12-29 09:16:44,776 - INFO - MAPO
2022-12-29 09:16:44,776 - INFO - MAPO
2022-12-29 09:16:48,265 - INFO - MAPO
2022-12-29 09:16:48,265 - INFO - MAPO
2022-12-29 09:16:48,265 - INFO - MAPO
2022-12-29 09:16:48,265 - INFO - MAPO
2022-12-29 09:16:48,265 - INFO - MAPO
2022-12-29 09:16:48,265 - INFO - MAPO
2022-12-29 09:16:48,265 - INFO - MAPO
2022-12-29 09:16:48,265 - INFO - MAPO
2022-12-29 09:16:48,265 - INFO - MAPO
2022-12-29 09:16:48,265 - INFO - MAPO
2022-12-29 09:16:48,265 - INFO - MAPO
2022-12-29 09:16:48,265 - INFO - MAPO
2022-12-29 09:16:50,470 - INFO - MAPO
2022-12-29 09:16:50,470 - INFO - MAPO
2022-12-29 09:16:50,470 - INFO - MAPO
2022-12-29 09:16:50,470 - INFO - MAPO
2022-12-29 09:16:50,470 - INFO - MAPO
2022-12-29 09:16:50,470 - INFO - MAPO
2022-12-29 09:16:50,470 - INFO - MAPO
2022-12-29 09:16:50,470 - INFO - MAPO
2022-12-29 09:16:50,470 - INFO - MAPO
2022-12-29 09:16:50,470 - INFO - MAPO
2022-12-29 09:16:50,470 - INFO - MAPO
2022-12-29 09:16:50,470 - INFO - MAPO
2022-12-29 09:16:50,470 - INFO - MAPO
2022-12-29 09:16:53,537 - INFO - NOWON
2022-12-29 09:16:53,537 - INFO - NOWON
2022-12-29 09:16:53,537 - INFO - NOWON
2022-12-29 09:16:53,537 - INFO - NOWON
2022-12-29 09:16:53,537 - INFO - NOWON
2022-12-29 09:16:53,537 - INFO - NOWON
2022-12-29 09:16:53,537 - INFO - NOWON
2022-12-29 09:16:53,537 - INFO - NOWON
2022-12-29 09:16:53,537 - INFO - NOWON
2022-12-29 09:16:53,537 - INFO - NOWON
2022-12-29 09:16:53,537 - INFO - NOWON
2022-12-29 09:16:53,537 - INFO - NOWON
2022-12-29 09:16:53,537 - INFO - NOWON
2022-12-29 09:16:53,537 - INFO - NOWON
2022-12-29 09:17:02,985 - INFO - NOWON
2022-12-29 09:17:02,985 - INFO - NOWON
2022-12-29 09:17:02,985 - INFO - NOWON
2022-12-29 09:17:02,985 - INFO - NOWON
2022-12-29 09:17:02,985 - INFO - NOWON
2022-12-29 09:17:02,985 - INFO - NOWON
2022-12-29 09:17:02,985 - INFO - NOWON
2022-12-29 09:17:02,985 - INFO - NOWON
2022-12-29 09:17:02,985 - INFO - NOWON
2022-12-29 09:17:02,985 - INFO - NOWON
2022-12-29 09:17:02,985 - INFO - NOWON
2022-12-29 09:17:02,985 - INFO - NOWON
2022-12-29 09:17:02,985 - INFO - NOWON
2022-12-29 09:17:02,985 - INFO - NOWON
2022-12-29 09:17:02,985 - INFO - NOWON
2022-12-29 09:17:14,310 - INFO - SEOCHO
2022-12-29 09:17:14,310 - INFO - SEOCHO
2022-12-29 09:17:14,310 - INFO - SEOCHO
2022-12-29 09:17:14,310 - INFO - SEOCHO
2022-12-29 09:17:14,310 - INFO - SEOCHO
2022-12-29 09:17:14,310 - INFO - SEOCHO
2022-12-29 09:17:14,310 - INFO - SEOCHO
2022-12-29 09:17:14,310 - INFO - SEOCHO
2022-12-29 09:17:14,310 - INFO - SEOCHO
2022-12-29 09:17:14,310 - INFO - SEOCHO
2022-12-29 09:17:14,310 - INFO - SEOCHO
2022-12-29 09:17:14,310 - INFO - SEOCHO
2022-12-29 09:17:14,310 - INFO - SEOCHO
2022-12-29 09:17:14,310 - INFO - SEOCHO
2022-12-29 09:17:14,310 - INFO - SEOCHO
2022-12-29 09:17:14,310 - INFO - SEOCHO
2022-12-29 09:17:16,091 - INFO - SEOCHO
2022-12-29 09:17:16,091 - INFO - SEOCHO
2022-12-29 09:17:16,091 - INFO - SEOCHO
2022-12-29 09:17:16,091 - INFO - SEOCHO
2022-12-29 09:17:16,091 - INFO - SEOCHO
2022-12-29 09:17:16,091 - INFO - SEOCHO
2022-12-29 09:17:16,091 - INFO - SEOCHO
2022-12-29 09:17:16,091 - INFO - SEOCHO
2022-12-29 09:17:16,091 - INFO - SEOCHO
2022-12-29 09:17:16,091 - INFO - SEOCHO
2022-12-29 09:17:16,091 - INFO - SEOCHO
2022-12-29 09:17:16,091 - INFO - SEOCHO
2022-12-29 09:17:16,091 - INFO - SEOCHO
2022-12-29 09:17:16,091 - INFO - SEOCHO
2022-12-29 09:17:16,091 - INFO - SEOCHO
2022-12-29 09:17:16,091 - INFO - SEOCHO
2022-12-29 09:17:16,091 - INFO - SEOCHO
2022-12-29 09:17:17,734 - INFO - SEOCHO
2022-12-29 09:17:17,734 - INFO - SEOCHO
2022-12-29 09:17:17,734 - INFO - SEOCHO
2022-12-29 09:17:17,734 - INFO - SEOCHO
2022-12-29 09:17:17,734 - INFO - SEOCHO
2022-12-29 09:17:17,734 - INFO - SEOCHO
2022-12-29 09:17:17,734 - INFO - SEOCHO
2022-12-29 09:17:17,734 - INFO - SEOCHO
2022-12-29 09:17:17,734 - INFO - SEOCHO
2022-12-29 09:17:17,734 - INFO - SEOCHO
2022-12-29 09:17:17,734 - INFO - SEOCHO
2022-12-29 09:17:17,734 - INFO - SEOCHO
2022-12-29 09:17:17,734 - INFO - SEOCHO
2022-12-29 09:17:17,734 - INFO - SEOCHO
2022-12-29 09:17:17,734 - INFO - SEOCHO
2022-12-29 09:17:17,734 - INFO - SEOCHO
2022-12-29 09:17:17,734 - INFO - SEOCHO
2022-12-29 09:17:17,734 - INFO - SEOCHO
2022-12-29 09:17:19,745 - INFO - SEOCHO
2022-12-29 09:17:19,745 - INFO - SEOCHO
2022-12-29 09:17:19,745 - INFO - SEOCHO
2022-12-29 09:17:19,745 - INFO - SEOCHO
2022-12-29 09:17:19,745 - INFO - SEOCHO
2022-12-29 09:17:19,745 - INFO - SEOCHO
2022-12-29 09:17:19,745 - INFO - SEOCHO
2022-12-29 09:17:19,745 - INFO - SEOCHO
2022-12-29 09:17:19,745 - INFO - SEOCHO
2022-12-29 09:17:19,745 - INFO - SEOCHO
2022-12-29 09:17:19,745 - INFO - SEOCHO
2022-12-29 09:17:19,745 - INFO - SEOCHO
2022-12-29 09:17:19,745 - INFO - SEOCHO
2022-12-29 09:17:19,745 - INFO - SEOCHO
2022-12-29 09:17:19,745 - INFO - SEOCHO
2022-12-29 09:17:19,745 - INFO - SEOCHO
2022-12-29 09:17:19,745 - INFO - SEOCHO
2022-12-29 09:17:19,745 - INFO - SEOCHO
2022-12-29 09:17:19,745 - INFO - SEOCHO
2022-12-29 09:17:20,688 - INFO - SEONGBUK
2022-12-29 09:17:20,688 - INFO - SEONGBUK
2022-12-29 09:17:20,688 - INFO - SEONGBUK
2022-12-29 09:17:20,688 - INFO - SEONGBUK
2022-12-29 09:17:20,688 - INFO - SEONGBUK
2022-12-29 09:17:20,688 - INFO - SEONGBUK
2022-12-29 09:17:20,688 - INFO - SEONGBUK
2022-12-29 09:17:20,688 - INFO - SEONGBUK
2022-12-29 09:17:20,688 - INFO - SEONGBUK
2022-12-29 09:17:20,688 - INFO - SEONGBUK
2022-12-29 09:17:20,688 - INFO - SEONGBUK
2022-12-29 09:17:20,688 - INFO - SEONGBUK
2022-12-29 09:17:20,688 - INFO - SEONGBUK
2022-12-29 09:17:20,688 - INFO - SEONGBUK
2022-12-29 09:17:20,688 - INFO - SEONGBUK
2022-12-29 09:17:20,688 - INFO - SEONGBUK
2022-12-29 09:17:20,688 - INFO - SEONGBUK
2022-12-29 09:17:20,688 - INFO - SEONGBUK
2022-12-29 09:17:20,688 - INFO - SEONGBUK
2022-12-29 09:17:20,688 - INFO - SEONGBUK
2022-12-29 09:17:28,283 - INFO - SONGPA
2022-12-29 09:17:28,283 - INFO - SONGPA
2022-12-29 09:17:28,283 - INFO - SONGPA
2022-12-29 09:17:28,283 - INFO - SONGPA
2022-12-29 09:17:28,283 - INFO - SONGPA
2022-12-29 09:17:28,283 - INFO - SONGPA
2022-12-29 09:17:28,283 - INFO - SONGPA
2022-12-29 09:17:28,283 - INFO - SONGPA
2022-12-29 09:17:28,283 - INFO - SONGPA
2022-12-29 09:17:28,283 - INFO - SONGPA
2022-12-29 09:17:28,283 - INFO - SONGPA
2022-12-29 09:17:28,283 - INFO - SONGPA
2022-12-29 09:17:28,283 - INFO - SONGPA
2022-12-29 09:17:28,283 - INFO - SONGPA
2022-12-29 09:17:28,283 - INFO - SONGPA
2022-12-29 09:17:28,283 - INFO - SONGPA
2022-12-29 09:17:28,283 - INFO - SONGPA
2022-12-29 09:17:28,283 - INFO - SONGPA
2022-12-29 09:17:28,283 - INFO - SONGPA
2022-12-29 09:17:28,283 - INFO - SONGPA
2022-12-29 09:17:28,283 - INFO - SONGPA
2022-12-29 09:17:31,224 - INFO - SONGPA
2022-12-29 09:17:31,224 - INFO - SONGPA
2022-12-29 09:17:31,224 - INFO - SONGPA
2022-12-29 09:17:31,224 - INFO - SONGPA
2022-12-29 09:17:31,224 - INFO - SONGPA
2022-12-29 09:17:31,224 - INFO - SONGPA
2022-12-29 09:17:31,224 - INFO - SONGPA
2022-12-29 09:17:31,224 - INFO - SONGPA
2022-12-29 09:17:31,224 - INFO - SONGPA
2022-12-29 09:17:31,224 - INFO - SONGPA
2022-12-29 09:17:31,224 - INFO - SONGPA
2022-12-29 09:17:31,224 - INFO - SONGPA
2022-12-29 09:17:31,224 - INFO - SONGPA
2022-12-29 09:17:31,224 - INFO - SONGPA
2022-12-29 09:17:31,224 - INFO - SONGPA
2022-12-29 09:17:31,224 - INFO - SONGPA
2022-12-29 09:17:31,224 - INFO - SONGPA
2022-12-29 09:17:31,224 - INFO - SONGPA
2022-12-29 09:17:31,224 - INFO - SONGPA
2022-12-29 09:17:31,224 - INFO - SONGPA
2022-12-29 09:17:31,224 - INFO - SONGPA
2022-12-29 09:17:31,224 - INFO - SONGPA
2022-12-29 09:17:33,490 - INFO - SONGPA
2022-12-29 09:17:33,490 - INFO - SONGPA
2022-12-29 09:17:33,490 - INFO - SONGPA
2022-12-29 09:17:33,490 - INFO - SONGPA
2022-12-29 09:17:33,490 - INFO - SONGPA
2022-12-29 09:17:33,490 - INFO - SONGPA
2022-12-29 09:17:33,490 - INFO - SONGPA
2022-12-29 09:17:33,490 - INFO - SONGPA
2022-12-29 09:17:33,490 - INFO - SONGPA
2022-12-29 09:17:33,490 - INFO - SONGPA
2022-12-29 09:17:33,490 - INFO - SONGPA
2022-12-29 09:17:33,490 - INFO - SONGPA
2022-12-29 09:17:33,490 - INFO - SONGPA
2022-12-29 09:17:33,490 - INFO - SONGPA
2022-12-29 09:17:33,490 - INFO - SONGPA
2022-12-29 09:17:33,490 - INFO - SONGPA
2022-12-29 09:17:33,490 - INFO - SONGPA
2022-12-29 09:17:33,490 - INFO - SONGPA
2022-12-29 09:17:33,490 - INFO - SONGPA
2022-12-29 09:17:33,490 - INFO - SONGPA
2022-12-29 09:17:33,490 - INFO - SONGPA
2022-12-29 09:17:33,490 - INFO - SONGPA
2022-12-29 09:17:33,490 - INFO - SONGPA
2022-12-29 09:17:44,834 - INFO - YANGCHEON
2022-12-29 09:17:44,834 - INFO - YANGCHEON
2022-12-29 09:17:44,834 - INFO - YANGCHEON
2022-12-29 09:17:44,834 - INFO - YANGCHEON
2022-12-29 09:17:44,834 - INFO - YANGCHEON
2022-12-29 09:17:44,834 - INFO - YANGCHEON
2022-12-29 09:17:44,834 - INFO - YANGCHEON
2022-12-29 09:17:44,834 - INFO - YANGCHEON
2022-12-29 09:17:44,834 - INFO - YANGCHEON
2022-12-29 09:17:44,834 - INFO - YANGCHEON
2022-12-29 09:17:44,834 - INFO - YANGCHEON
2022-12-29 09:17:44,834 - INFO - YANGCHEON
2022-12-29 09:17:44,834 - INFO - YANGCHEON
2022-12-29 09:17:44,834 - INFO - YANGCHEON
2022-12-29 09:17:44,834 - INFO - YANGCHEON
2022-12-29 09:17:44,834 - INFO - YANGCHEON
2022-12-29 09:17:44,834 - INFO - YANGCHEON
2022-12-29 09:17:44,834 - INFO - YANGCHEON
2022-12-29 09:17:44,834 - INFO - YANGCHEON
2022-12-29 09:17:44,834 - INFO - YANGCHEON
2022-12-29 09:17:44,834 - INFO - YANGCHEON
2022-12-29 09:17:44,834 - INFO - YANGCHEON
2022-12-29 09:17:44,834 - INFO - YANGCHEON
2022-12-29 09:17:44,834 - INFO - YANGCHEON
2022-12-29 09:17:46,356 - INFO - YEONGDEUNGPO
2022-12-29 09:17:46,356 - INFO - YEONGDEUNGPO
2022-12-29 09:17:46,356 - INFO - YEONGDEUNGPO
2022-12-29 09:17:46,356 - INFO - YEONGDEUNGPO
2022-12-29 09:17:46,356 - INFO - YEONGDEUNGPO
2022-12-29 09:17:46,356 - INFO - YEONGDEUNGPO
2022-12-29 09:17:46,356 - INFO - YEONGDEUNGPO
2022-12-29 09:17:46,356 - INFO - YEONGDEUNGPO
2022-12-29 09:17:46,356 - INFO - YEONGDEUNGPO
2022-12-29 09:17:46,356 - INFO - YEONGDEUNGPO
2022-12-29 09:17:46,356 - INFO - YEONGDEUNGPO
2022-12-29 09:17:46,356 - INFO - YEONGDEUNGPO
2022-12-29 09:17:46,356 - INFO - YEONGDEUNGPO
2022-12-29 09:17:46,356 - INFO - YEONGDEUNGPO
2022-12-29 09:17:46,356 - INFO - YEONGDEUNGPO
2022-12-29 09:17:46,356 - INFO - YEONGDEUNGPO
2022-12-29 09:17:46,356 - INFO - YEONGDEUNGPO
2022-12-29 09:17:46,356 - INFO - YEONGDEUNGPO
2022-12-29 09:17:46,356 - INFO - YEONGDEUNGPO
2022-12-29 09:17:46,356 - INFO - YEONGDEUNGPO
2022-12-29 09:17:46,356 - INFO - YEONGDEUNGPO
2022-12-29 09:17:46,356 - INFO - YEONGDEUNGPO
2022-12-29 09:17:46,356 - INFO - YEONGDEUNGPO
2022-12-29 09:17:46,356 - INFO - YEONGDEUNGPO
2022-12-29 09:17:46,356 - INFO - YEONGDEUNGPO
2022-12-29 09:17:52,111 - INFO - YEONGDEUNGPO
2022-12-29 09:17:52,111 - INFO - YEONGDEUNGPO
2022-12-29 09:17:52,111 - INFO - YEONGDEUNGPO
2022-12-29 09:17:52,111 - INFO - YEONGDEUNGPO
2022-12-29 09:17:52,111 - INFO - YEONGDEUNGPO
2022-12-29 09:17:52,111 - INFO - YEONGDEUNGPO
2022-12-29 09:17:52,111 - INFO - YEONGDEUNGPO
2022-12-29 09:17:52,111 - INFO - YEONGDEUNGPO
2022-12-29 09:17:52,111 - INFO - YEONGDEUNGPO
2022-12-29 09:17:52,111 - INFO - YEONGDEUNGPO
2022-12-29 09:17:52,111 - INFO - YEONGDEUNGPO
2022-12-29 09:17:52,111 - INFO - YEONGDEUNGPO
2022-12-29 09:17:52,111 - INFO - YEONGDEUNGPO
2022-12-29 09:17:52,111 - INFO - YEONGDEUNGPO
2022-12-29 09:17:52,111 - INFO - YEONGDEUNGPO
2022-12-29 09:17:52,111 - INFO - YEONGDEUNGPO
2022-12-29 09:17:52,111 - INFO - YEONGDEUNGPO
2022-12-29 09:17:52,111 - INFO - YEONGDEUNGPO
2022-12-29 09:17:52,111 - INFO - YEONGDEUNGPO
2022-12-29 09:17:52,111 - INFO - YEONGDEUNGPO
2022-12-29 09:17:52,111 - INFO - YEONGDEUNGPO
2022-12-29 09:17:52,111 - INFO - YEONGDEUNGPO
2022-12-29 09:17:52,111 - INFO - YEONGDEUNGPO
2022-12-29 09:17:52,111 - INFO - YEONGDEUNGPO
2022-12-29 09:17:52,111 - INFO - YEONGDEUNGPO
2022-12-29 09:17:52,111 - INFO - YEONGDEUNGPO
2022-12-29 09:17:55,488 - INFO - SEOUL
2022-12-29 09:17:55,488 - INFO - SEOUL
2022-12-29 09:17:55,488 - INFO - SEOUL
2022-12-29 09:17:55,488 - INFO - SEOUL
2022-12-29 09:17:55,488 - INFO - SEOUL
2022-12-29 09:17:55,488 - INFO - SEOUL
2022-12-29 09:17:55,488 - INFO - SEOUL
2022-12-29 09:17:55,488 - INFO - SEOUL
2022-12-29 09:17:55,488 - INFO - SEOUL
2022-12-29 09:17:55,488 - INFO - SEOUL
2022-12-29 09:17:55,488 - INFO - SEOUL
2022-12-29 09:17:55,488 - INFO - SEOUL
2022-12-29 09:17:55,488 - INFO - SEOUL
2022-12-29 09:17:55,488 - INFO - SEOUL
2022-12-29 09:17:55,488 - INFO - SEOUL
2022-12-29 09:17:55,488 - INFO - SEOUL
2022-12-29 09:17:55,488 - INFO - SEOUL
2022-12-29 09:17:55,488 - INFO - SEOUL
2022-12-29 09:17:55,488 - INFO - SEOUL
2022-12-29 09:17:55,488 - INFO - SEOUL
2022-12-29 09:17:55,488 - INFO - SEOUL
2022-12-29 09:17:55,488 - INFO - SEOUL
2022-12-29 09:17:55,488 - INFO - SEOUL
2022-12-29 09:17:55,488 - INFO - SEOUL
2022-12-29 09:17:55,488 - INFO - SEOUL
2022-12-29 09:17:55,488 - INFO - SEOUL
2022-12-29 09:17:55,488 - INFO - SEOUL
2022-12-29 09:17:57,518 - INFO - SEOUL
2022-12-29 09:17:57,518 - INFO - SEOUL
2022-12-29 09:17:57,518 - INFO - SEOUL
2022-12-29 09:17:57,518 - INFO - SEOUL
2022-12-29 09:17:57,518 - INFO - SEOUL
2022-12-29 09:17:57,518 - INFO - SEOUL
2022-12-29 09:17:57,518 - INFO - SEOUL
2022-12-29 09:17:57,518 - INFO - SEOUL
2022-12-29 09:17:57,518 - INFO - SEOUL
2022-12-29 09:17:57,518 - INFO - SEOUL
2022-12-29 09:17:57,518 - INFO - SEOUL
2022-12-29 09:17:57,518 - INFO - SEOUL
2022-12-29 09:17:57,518 - INFO - SEOUL
2022-12-29 09:17:57,518 - INFO - SEOUL
2022-12-29 09:17:57,518 - INFO - SEOUL
2022-12-29 09:17:57,518 - INFO - SEOUL
2022-12-29 09:17:57,518 - INFO - SEOUL
2022-12-29 09:17:57,518 - INFO - SEOUL
2022-12-29 09:17:57,518 - INFO - SEOUL
2022-12-29 09:17:57,518 - INFO - SEOUL
2022-12-29 09:17:57,518 - INFO - SEOUL
2022-12-29 09:17:57,518 - INFO - SEOUL
2022-12-29 09:17:57,518 - INFO - SEOUL
2022-12-29 09:17:57,518 - INFO - SEOUL
2022-12-29 09:17:57,518 - INFO - SEOUL
2022-12-29 09:17:57,518 - INFO - SEOUL
2022-12-29 09:17:57,518 - INFO - SEOUL
2022-12-29 09:17:57,518 - INFO - SEOUL
2022-12-29 09:18:09,826 - INFO - SEOUL
2022-12-29 09:18:09,826 - INFO - SEOUL
2022-12-29 09:18:09,826 - INFO - SEOUL
2022-12-29 09:18:09,826 - INFO - SEOUL
2022-12-29 09:18:09,826 - INFO - SEOUL
2022-12-29 09:18:09,826 - INFO - SEOUL
2022-12-29 09:18:09,826 - INFO - SEOUL
2022-12-29 09:18:09,826 - INFO - SEOUL
2022-12-29 09:18:09,826 - INFO - SEOUL
2022-12-29 09:18:09,826 - INFO - SEOUL
2022-12-29 09:18:09,826 - INFO - SEOUL
2022-12-29 09:18:09,826 - INFO - SEOUL
2022-12-29 09:18:09,826 - INFO - SEOUL
2022-12-29 09:18:09,826 - INFO - SEOUL
2022-12-29 09:18:09,826 - INFO - SEOUL
2022-12-29 09:18:09,826 - INFO - SEOUL
2022-12-29 09:18:09,826 - INFO - SEOUL
2022-12-29 09:18:09,826 - INFO - SEOUL
2022-12-29 09:18:09,826 - INFO - SEOUL
2022-12-29 09:18:09,826 - INFO - SEOUL
2022-12-29 09:18:09,826 - INFO - SEOUL
2022-12-29 09:18:09,826 - INFO - SEOUL
2022-12-29 09:18:09,826 - INFO - SEOUL
2022-12-29 09:18:09,826 - INFO - SEOUL
2022-12-29 09:18:09,826 - INFO - SEOUL
2022-12-29 09:18:09,826 - INFO - SEOUL
2022-12-29 09:18:09,826 - INFO - SEOUL
2022-12-29 09:18:09,826 - INFO - SEOUL
2022-12-29 09:18:09,826 - INFO - SEOUL
2022-12-29 09:18:12,121 - INFO - SEOUL
2022-12-29 09:18:12,121 - INFO - SEOUL
2022-12-29 09:18:12,121 - INFO - SEOUL
2022-12-29 09:18:12,121 - INFO - SEOUL
2022-12-29 09:18:12,121 - INFO - SEOUL
2022-12-29 09:18:12,121 - INFO - SEOUL
2022-12-29 09:18:12,121 - INFO - SEOUL
2022-12-29 09:18:12,121 - INFO - SEOUL
2022-12-29 09:18:12,121 - INFO - SEOUL
2022-12-29 09:18:12,121 - INFO - SEOUL
2022-12-29 09:18:12,121 - INFO - SEOUL
2022-12-29 09:18:12,121 - INFO - SEOUL
2022-12-29 09:18:12,121 - INFO - SEOUL
2022-12-29 09:18:12,121 - INFO - SEOUL
2022-12-29 09:18:12,121 - INFO - SEOUL
2022-12-29 09:18:12,121 - INFO - SEOUL
2022-12-29 09:18:12,121 - INFO - SEOUL
2022-12-29 09:18:12,121 - INFO - SEOUL
2022-12-29 09:18:12,121 - INFO - SEOUL
2022-12-29 09:18:12,121 - INFO - SEOUL
2022-12-29 09:18:12,121 - INFO - SEOUL
2022-12-29 09:18:12,121 - INFO - SEOUL
2022-12-29 09:18:12,121 - INFO - SEOUL
2022-12-29 09:18:12,121 - INFO - SEOUL
2022-12-29 09:18:12,121 - INFO - SEOUL
2022-12-29 09:18:12,121 - INFO - SEOUL
2022-12-29 09:18:12,121 - INFO - SEOUL
2022-12-29 09:18:12,121 - INFO - SEOUL
2022-12-29 09:18:12,121 - INFO - SEOUL
2022-12-29 09:18:12,121 - INFO - SEOUL
2022-12-29 09:18:12,903 - WARNING - Failed to parse headers (url=https://www.sscmc.or.kr:443/info/notice/list.asp?db=BBS_notice&pageno=1&startpage=1&where=&keyfield=&keyword=&catekkk=): [MissingHeaderBodySeparatorDefect()], unparsed data: 'Server : Wow 3.8\r\nDate: Thu, 29 Dec 2022 00:18:12 GMT\r\nContent-Type: text/html\r\nContent-Length: 42043\r\nConnection: keep-alive\r\nCache-Control: private\r\nSet-Cookie: ASPSESSIONIDCQDDQTSA=PCCJBCCCJAEMJNJPFGLODCPN; path=/\r\nX-Frame-Options: SAMEORIGIN\r\n\r\n'
Traceback (most recent call last):
  File "/Users/yeon/Library/Python/3.9/lib/python/site-packages/urllib3/connectionpool.py", line 469, in _make_request
    assert_header_parsing(httplib_response.msg)
  File "/Users/yeon/Library/Python/3.9/lib/python/site-packages/urllib3/util/response.py", line 91, in assert_header_parsing
    raise HeaderParsingError(defects=defects, unparsed_data=unparsed_data)
urllib3.exceptions.HeaderParsingError: [MissingHeaderBodySeparatorDefect()], unparsed data: 'Server : Wow 3.8\r\nDate: Thu, 29 Dec 2022 00:18:12 GMT\r\nContent-Type: text/html\r\nContent-Length: 42043\r\nConnection: keep-alive\r\nCache-Control: private\r\nSet-Cookie: ASPSESSIONIDCQDDQTSA=PCCJBCCCJAEMJNJPFGLODCPN; path=/\r\nX-Frame-Options: SAMEORIGIN\r\n\r\n'
2022-12-29 09:18:12,903 - WARNING - Failed to parse headers (url=https://www.sscmc.or.kr:443/info/notice/list.asp?db=BBS_notice&pageno=1&startpage=1&where=&keyfield=&keyword=&catekkk=): [MissingHeaderBodySeparatorDefect()], unparsed data: 'Server : Wow 3.8\r\nDate: Thu, 29 Dec 2022 00:18:12 GMT\r\nContent-Type: text/html\r\nContent-Length: 42043\r\nConnection: keep-alive\r\nCache-Control: private\r\nSet-Cookie: ASPSESSIONIDCQDDQTSA=PCCJBCCCJAEMJNJPFGLODCPN; path=/\r\nX-Frame-Options: SAMEORIGIN\r\n\r\n'
Traceback (most recent call last):
  File "/Users/yeon/Library/Python/3.9/lib/python/site-packages/urllib3/connectionpool.py", line 469, in _make_request
    assert_header_parsing(httplib_response.msg)
  File "/Users/yeon/Library/Python/3.9/lib/python/site-packages/urllib3/util/response.py", line 91, in assert_header_parsing
    raise HeaderParsingError(defects=defects, unparsed_data=unparsed_data)
urllib3.exceptions.HeaderParsingError: [MissingHeaderBodySeparatorDefect()], unparsed data: 'Server : Wow 3.8\r\nDate: Thu, 29 Dec 2022 00:18:12 GMT\r\nContent-Type: text/html\r\nContent-Length: 42043\r\nConnection: keep-alive\r\nCache-Control: private\r\nSet-Cookie: ASPSESSIONIDCQDDQTSA=PCCJBCCCJAEMJNJPFGLODCPN; path=/\r\nX-Frame-Options: SAMEORIGIN\r\n\r\n'
2022-12-29 09:18:12,903 - WARNING - Failed to parse headers (url=https://www.sscmc.or.kr:443/info/notice/list.asp?db=BBS_notice&pageno=1&startpage=1&where=&keyfield=&keyword=&catekkk=): [MissingHeaderBodySeparatorDefect()], unparsed data: 'Server : Wow 3.8\r\nDate: Thu, 29 Dec 2022 00:18:12 GMT\r\nContent-Type: text/html\r\nContent-Length: 42043\r\nConnection: keep-alive\r\nCache-Control: private\r\nSet-Cookie: ASPSESSIONIDCQDDQTSA=PCCJBCCCJAEMJNJPFGLODCPN; path=/\r\nX-Frame-Options: SAMEORIGIN\r\n\r\n'
Traceback (most recent call last):
  File "/Users/yeon/Library/Python/3.9/lib/python/site-packages/urllib3/connectionpool.py", line 469, in _make_request
    assert_header_parsing(httplib_response.msg)
  File "/Users/yeon/Library/Python/3.9/lib/python/site-packages/urllib3/util/response.py", line 91, in assert_header_parsing
    raise HeaderParsingError(defects=defects, unparsed_data=unparsed_data)
urllib3.exceptions.HeaderParsingError: [MissingHeaderBodySeparatorDefect()], unparsed data: 'Server : Wow 3.8\r\nDate: Thu, 29 Dec 2022 00:18:12 GMT\r\nContent-Type: text/html\r\nContent-Length: 42043\r\nConnection: keep-alive\r\nCache-Control: private\r\nSet-Cookie: ASPSESSIONIDCQDDQTSA=PCCJBCCCJAEMJNJPFGLODCPN; path=/\r\nX-Frame-Options: SAMEORIGIN\r\n\r\n'
2022-12-29 09:18:12,903 - WARNING - Failed to parse headers (url=https://www.sscmc.or.kr:443/info/notice/list.asp?db=BBS_notice&pageno=1&startpage=1&where=&keyfield=&keyword=&catekkk=): [MissingHeaderBodySeparatorDefect()], unparsed data: 'Server : Wow 3.8\r\nDate: Thu, 29 Dec 2022 00:18:12 GMT\r\nContent-Type: text/html\r\nContent-Length: 42043\r\nConnection: keep-alive\r\nCache-Control: private\r\nSet-Cookie: ASPSESSIONIDCQDDQTSA=PCCJBCCCJAEMJNJPFGLODCPN; path=/\r\nX-Frame-Options: SAMEORIGIN\r\n\r\n'
Traceback (most recent call last):
  File "/Users/yeon/Library/Python/3.9/lib/python/site-packages/urllib3/connectionpool.py", line 469, in _make_request
    assert_header_parsing(httplib_response.msg)
  File "/Users/yeon/Library/Python/3.9/lib/python/site-packages/urllib3/util/response.py", line 91, in assert_header_parsing
    raise HeaderParsingError(defects=defects, unparsed_data=unparsed_data)
urllib3.exceptions.HeaderParsingError: [MissingHeaderBodySeparatorDefect()], unparsed data: 'Server : Wow 3.8\r\nDate: Thu, 29 Dec 2022 00:18:12 GMT\r\nContent-Type: text/html\r\nContent-Length: 42043\r\nConnection: keep-alive\r\nCache-Control: private\r\nSet-Cookie: ASPSESSIONIDCQDDQTSA=PCCJBCCCJAEMJNJPFGLODCPN; path=/\r\nX-Frame-Options: SAMEORIGIN\r\n\r\n'
2022-12-29 09:18:12,903 - WARNING - Failed to parse headers (url=https://www.sscmc.or.kr:443/info/notice/list.asp?db=BBS_notice&pageno=1&startpage=1&where=&keyfield=&keyword=&catekkk=): [MissingHeaderBodySeparatorDefect()], unparsed data: 'Server : Wow 3.8\r\nDate: Thu, 29 Dec 2022 00:18:12 GMT\r\nContent-Type: text/html\r\nContent-Length: 42043\r\nConnection: keep-alive\r\nCache-Control: private\r\nSet-Cookie: ASPSESSIONIDCQDDQTSA=PCCJBCCCJAEMJNJPFGLODCPN; path=/\r\nX-Frame-Options: SAMEORIGIN\r\n\r\n'
Traceback (most recent call last):
  File "/Users/yeon/Library/Python/3.9/lib/python/site-packages/urllib3/connectionpool.py", line 469, in _make_request
    assert_header_parsing(httplib_response.msg)
  File "/Users/yeon/Library/Python/3.9/lib/python/site-packages/urllib3/util/response.py", line 91, in assert_header_parsing
    raise HeaderParsingError(defects=defects, unparsed_data=unparsed_data)
urllib3.exceptions.HeaderParsingError: [MissingHeaderBodySeparatorDefect()], unparsed data: 'Server : Wow 3.8\r\nDate: Thu, 29 Dec 2022 00:18:12 GMT\r\nContent-Type: text/html\r\nContent-Length: 42043\r\nConnection: keep-alive\r\nCache-Control: private\r\nSet-Cookie: ASPSESSIONIDCQDDQTSA=PCCJBCCCJAEMJNJPFGLODCPN; path=/\r\nX-Frame-Options: SAMEORIGIN\r\n\r\n'
2022-12-29 09:18:12,903 - WARNING - Failed to parse headers (url=https://www.sscmc.or.kr:443/info/notice/list.asp?db=BBS_notice&pageno=1&startpage=1&where=&keyfield=&keyword=&catekkk=): [MissingHeaderBodySeparatorDefect()], unparsed data: 'Server : Wow 3.8\r\nDate: Thu, 29 Dec 2022 00:18:12 GMT\r\nContent-Type: text/html\r\nContent-Length: 42043\r\nConnection: keep-alive\r\nCache-Control: private\r\nSet-Cookie: ASPSESSIONIDCQDDQTSA=PCCJBCCCJAEMJNJPFGLODCPN; path=/\r\nX-Frame-Options: SAMEORIGIN\r\n\r\n'
Traceback (most recent call last):
  File "/Users/yeon/Library/Python/3.9/lib/python/site-packages/urllib3/connectionpool.py", line 469, in _make_request
    assert_header_parsing(httplib_response.msg)
  File "/Users/yeon/Library/Python/3.9/lib/python/site-packages/urllib3/util/response.py", line 91, in assert_header_parsing
    raise HeaderParsingError(defects=defects, unparsed_data=unparsed_data)
urllib3.exceptions.HeaderParsingError: [MissingHeaderBodySeparatorDefect()], unparsed data: 'Server : Wow 3.8\r\nDate: Thu, 29 Dec 2022 00:18:12 GMT\r\nContent-Type: text/html\r\nContent-Length: 42043\r\nConnection: keep-alive\r\nCache-Control: private\r\nSet-Cookie: ASPSESSIONIDCQDDQTSA=PCCJBCCCJAEMJNJPFGLODCPN; path=/\r\nX-Frame-Options: SAMEORIGIN\r\n\r\n'
2022-12-29 09:18:12,903 - WARNING - Failed to parse headers (url=https://www.sscmc.or.kr:443/info/notice/list.asp?db=BBS_notice&pageno=1&startpage=1&where=&keyfield=&keyword=&catekkk=): [MissingHeaderBodySeparatorDefect()], unparsed data: 'Server : Wow 3.8\r\nDate: Thu, 29 Dec 2022 00:18:12 GMT\r\nContent-Type: text/html\r\nContent-Length: 42043\r\nConnection: keep-alive\r\nCache-Control: private\r\nSet-Cookie: ASPSESSIONIDCQDDQTSA=PCCJBCCCJAEMJNJPFGLODCPN; path=/\r\nX-Frame-Options: SAMEORIGIN\r\n\r\n'
Traceback (most recent call last):
  File "/Users/yeon/Library/Python/3.9/lib/python/site-packages/urllib3/connectionpool.py", line 469, in _make_request
    assert_header_parsing(httplib_response.msg)
  File "/Users/yeon/Library/Python/3.9/lib/python/site-packages/urllib3/util/response.py", line 91, in assert_header_parsing
    raise HeaderParsingError(defects=defects, unparsed_data=unparsed_data)
urllib3.exceptions.HeaderParsingError: [MissingHeaderBodySeparatorDefect()], unparsed data: 'Server : Wow 3.8\r\nDate: Thu, 29 Dec 2022 00:18:12 GMT\r\nContent-Type: text/html\r\nContent-Length: 42043\r\nConnection: keep-alive\r\nCache-Control: private\r\nSet-Cookie: ASPSESSIONIDCQDDQTSA=PCCJBCCCJAEMJNJPFGLODCPN; path=/\r\nX-Frame-Options: SAMEORIGIN\r\n\r\n'
2022-12-29 09:18:12,903 - WARNING - Failed to parse headers (url=https://www.sscmc.or.kr:443/info/notice/list.asp?db=BBS_notice&pageno=1&startpage=1&where=&keyfield=&keyword=&catekkk=): [MissingHeaderBodySeparatorDefect()], unparsed data: 'Server : Wow 3.8\r\nDate: Thu, 29 Dec 2022 00:18:12 GMT\r\nContent-Type: text/html\r\nContent-Length: 42043\r\nConnection: keep-alive\r\nCache-Control: private\r\nSet-Cookie: ASPSESSIONIDCQDDQTSA=PCCJBCCCJAEMJNJPFGLODCPN; path=/\r\nX-Frame-Options: SAMEORIGIN\r\n\r\n'
Traceback (most recent call last):
  File "/Users/yeon/Library/Python/3.9/lib/python/site-packages/urllib3/connectionpool.py", line 469, in _make_request
    assert_header_parsing(httplib_response.msg)
  File "/Users/yeon/Library/Python/3.9/lib/python/site-packages/urllib3/util/response.py", line 91, in assert_header_parsing
    raise HeaderParsingError(defects=defects, unparsed_data=unparsed_data)
urllib3.exceptions.HeaderParsingError: [MissingHeaderBodySeparatorDefect()], unparsed data: 'Server : Wow 3.8\r\nDate: Thu, 29 Dec 2022 00:18:12 GMT\r\nContent-Type: text/html\r\nContent-Length: 42043\r\nConnection: keep-alive\r\nCache-Control: private\r\nSet-Cookie: ASPSESSIONIDCQDDQTSA=PCCJBCCCJAEMJNJPFGLODCPN; path=/\r\nX-Frame-Options: SAMEORIGIN\r\n\r\n'
2022-12-29 09:18:12,903 - WARNING - Failed to parse headers (url=https://www.sscmc.or.kr:443/info/notice/list.asp?db=BBS_notice&pageno=1&startpage=1&where=&keyfield=&keyword=&catekkk=): [MissingHeaderBodySeparatorDefect()], unparsed data: 'Server : Wow 3.8\r\nDate: Thu, 29 Dec 2022 00:18:12 GMT\r\nContent-Type: text/html\r\nContent-Length: 42043\r\nConnection: keep-alive\r\nCache-Control: private\r\nSet-Cookie: ASPSESSIONIDCQDDQTSA=PCCJBCCCJAEMJNJPFGLODCPN; path=/\r\nX-Frame-Options: SAMEORIGIN\r\n\r\n'
Traceback (most recent call last):
  File "/Users/yeon/Library/Python/3.9/lib/python/site-packages/urllib3/connectionpool.py", line 469, in _make_request
    assert_header_parsing(httplib_response.msg)
  File "/Users/yeon/Library/Python/3.9/lib/python/site-packages/urllib3/util/response.py", line 91, in assert_header_parsing
    raise HeaderParsingError(defects=defects, unparsed_data=unparsed_data)
urllib3.exceptions.HeaderParsingError: [MissingHeaderBodySeparatorDefect()], unparsed data: 'Server : Wow 3.8\r\nDate: Thu, 29 Dec 2022 00:18:12 GMT\r\nContent-Type: text/html\r\nContent-Length: 42043\r\nConnection: keep-alive\r\nCache-Control: private\r\nSet-Cookie: ASPSESSIONIDCQDDQTSA=PCCJBCCCJAEMJNJPFGLODCPN; path=/\r\nX-Frame-Options: SAMEORIGIN\r\n\r\n'
2022-12-29 09:18:12,903 - WARNING - Failed to parse headers (url=https://www.sscmc.or.kr:443/info/notice/list.asp?db=BBS_notice&pageno=1&startpage=1&where=&keyfield=&keyword=&catekkk=): [MissingHeaderBodySeparatorDefect()], unparsed data: 'Server : Wow 3.8\r\nDate: Thu, 29 Dec 2022 00:18:12 GMT\r\nContent-Type: text/html\r\nContent-Length: 42043\r\nConnection: keep-alive\r\nCache-Control: private\r\nSet-Cookie: ASPSESSIONIDCQDDQTSA=PCCJBCCCJAEMJNJPFGLODCPN; path=/\r\nX-Frame-Options: SAMEORIGIN\r\n\r\n'
Traceback (most recent call last):
  File "/Users/yeon/Library/Python/3.9/lib/python/site-packages/urllib3/connectionpool.py", line 469, in _make_request
    assert_header_parsing(httplib_response.msg)
  File "/Users/yeon/Library/Python/3.9/lib/python/site-packages/urllib3/util/response.py", line 91, in assert_header_parsing
    raise HeaderParsingError(defects=defects, unparsed_data=unparsed_data)
urllib3.exceptions.HeaderParsingError: [MissingHeaderBodySeparatorDefect()], unparsed data: 'Server : Wow 3.8\r\nDate: Thu, 29 Dec 2022 00:18:12 GMT\r\nContent-Type: text/html\r\nContent-Length: 42043\r\nConnection: keep-alive\r\nCache-Control: private\r\nSet-Cookie: ASPSESSIONIDCQDDQTSA=PCCJBCCCJAEMJNJPFGLODCPN; path=/\r\nX-Frame-Options: SAMEORIGIN\r\n\r\n'
2022-12-29 09:18:12,903 - WARNING - Failed to parse headers (url=https://www.sscmc.or.kr:443/info/notice/list.asp?db=BBS_notice&pageno=1&startpage=1&where=&keyfield=&keyword=&catekkk=): [MissingHeaderBodySeparatorDefect()], unparsed data: 'Server : Wow 3.8\r\nDate: Thu, 29 Dec 2022 00:18:12 GMT\r\nContent-Type: text/html\r\nContent-Length: 42043\r\nConnection: keep-alive\r\nCache-Control: private\r\nSet-Cookie: ASPSESSIONIDCQDDQTSA=PCCJBCCCJAEMJNJPFGLODCPN; path=/\r\nX-Frame-Options: SAMEORIGIN\r\n\r\n'
Traceback (most recent call last):
  File "/Users/yeon/Library/Python/3.9/lib/python/site-packages/urllib3/connectionpool.py", line 469, in _make_request
    assert_header_parsing(httplib_response.msg)
  File "/Users/yeon/Library/Python/3.9/lib/python/site-packages/urllib3/util/response.py", line 91, in assert_header_parsing
    raise HeaderParsingError(defects=defects, unparsed_data=unparsed_data)
urllib3.exceptions.HeaderParsingError: [MissingHeaderBodySeparatorDefect()], unparsed data: 'Server : Wow 3.8\r\nDate: Thu, 29 Dec 2022 00:18:12 GMT\r\nContent-Type: text/html\r\nContent-Length: 42043\r\nConnection: keep-alive\r\nCache-Control: private\r\nSet-Cookie: ASPSESSIONIDCQDDQTSA=PCCJBCCCJAEMJNJPFGLODCPN; path=/\r\nX-Frame-Options: SAMEORIGIN\r\n\r\n'
2022-12-29 09:18:12,903 - WARNING - Failed to parse headers (url=https://www.sscmc.or.kr:443/info/notice/list.asp?db=BBS_notice&pageno=1&startpage=1&where=&keyfield=&keyword=&catekkk=): [MissingHeaderBodySeparatorDefect()], unparsed data: 'Server : Wow 3.8\r\nDate: Thu, 29 Dec 2022 00:18:12 GMT\r\nContent-Type: text/html\r\nContent-Length: 42043\r\nConnection: keep-alive\r\nCache-Control: private\r\nSet-Cookie: ASPSESSIONIDCQDDQTSA=PCCJBCCCJAEMJNJPFGLODCPN; path=/\r\nX-Frame-Options: SAMEORIGIN\r\n\r\n'
Traceback (most recent call last):
  File "/Users/yeon/Library/Python/3.9/lib/python/site-packages/urllib3/connectionpool.py", line 469, in _make_request
    assert_header_parsing(httplib_response.msg)
  File "/Users/yeon/Library/Python/3.9/lib/python/site-packages/urllib3/util/response.py", line 91, in assert_header_parsing
    raise HeaderParsingError(defects=defects, unparsed_data=unparsed_data)
urllib3.exceptions.HeaderParsingError: [MissingHeaderBodySeparatorDefect()], unparsed data: 'Server : Wow 3.8\r\nDate: Thu, 29 Dec 2022 00:18:12 GMT\r\nContent-Type: text/html\r\nContent-Length: 42043\r\nConnection: keep-alive\r\nCache-Control: private\r\nSet-Cookie: ASPSESSIONIDCQDDQTSA=PCCJBCCCJAEMJNJPFGLODCPN; path=/\r\nX-Frame-Options: SAMEORIGIN\r\n\r\n'
2022-12-29 09:18:12,903 - WARNING - Failed to parse headers (url=https://www.sscmc.or.kr:443/info/notice/list.asp?db=BBS_notice&pageno=1&startpage=1&where=&keyfield=&keyword=&catekkk=): [MissingHeaderBodySeparatorDefect()], unparsed data: 'Server : Wow 3.8\r\nDate: Thu, 29 Dec 2022 00:18:12 GMT\r\nContent-Type: text/html\r\nContent-Length: 42043\r\nConnection: keep-alive\r\nCache-Control: private\r\nSet-Cookie: ASPSESSIONIDCQDDQTSA=PCCJBCCCJAEMJNJPFGLODCPN; path=/\r\nX-Frame-Options: SAMEORIGIN\r\n\r\n'
Traceback (most recent call last):
  File "/Users/yeon/Library/Python/3.9/lib/python/site-packages/urllib3/connectionpool.py", line 469, in _make_request
    assert_header_parsing(httplib_response.msg)
  File "/Users/yeon/Library/Python/3.9/lib/python/site-packages/urllib3/util/response.py", line 91, in assert_header_parsing
    raise HeaderParsingError(defects=defects, unparsed_data=unparsed_data)
urllib3.exceptions.HeaderParsingError: [MissingHeaderBodySeparatorDefect()], unparsed data: 'Server : Wow 3.8\r\nDate: Thu, 29 Dec 2022 00:18:12 GMT\r\nContent-Type: text/html\r\nContent-Length: 42043\r\nConnection: keep-alive\r\nCache-Control: private\r\nSet-Cookie: ASPSESSIONIDCQDDQTSA=PCCJBCCCJAEMJNJPFGLODCPN; path=/\r\nX-Frame-Options: SAMEORIGIN\r\n\r\n'
2022-12-29 09:18:12,903 - WARNING - Failed to parse headers (url=https://www.sscmc.or.kr:443/info/notice/list.asp?db=BBS_notice&pageno=1&startpage=1&where=&keyfield=&keyword=&catekkk=): [MissingHeaderBodySeparatorDefect()], unparsed data: 'Server : Wow 3.8\r\nDate: Thu, 29 Dec 2022 00:18:12 GMT\r\nContent-Type: text/html\r\nContent-Length: 42043\r\nConnection: keep-alive\r\nCache-Control: private\r\nSet-Cookie: ASPSESSIONIDCQDDQTSA=PCCJBCCCJAEMJNJPFGLODCPN; path=/\r\nX-Frame-Options: SAMEORIGIN\r\n\r\n'
Traceback (most recent call last):
  File "/Users/yeon/Library/Python/3.9/lib/python/site-packages/urllib3/connectionpool.py", line 469, in _make_request
    assert_header_parsing(httplib_response.msg)
  File "/Users/yeon/Library/Python/3.9/lib/python/site-packages/urllib3/util/response.py", line 91, in assert_header_parsing
    raise HeaderParsingError(defects=defects, unparsed_data=unparsed_data)
urllib3.exceptions.HeaderParsingError: [MissingHeaderBodySeparatorDefect()], unparsed data: 'Server : Wow 3.8\r\nDate: Thu, 29 Dec 2022 00:18:12 GMT\r\nContent-Type: text/html\r\nContent-Length: 42043\r\nConnection: keep-alive\r\nCache-Control: private\r\nSet-Cookie: ASPSESSIONIDCQDDQTSA=PCCJBCCCJAEMJNJPFGLODCPN; path=/\r\nX-Frame-Options: SAMEORIGIN\r\n\r\n'
2022-12-29 09:18:12,903 - WARNING - Failed to parse headers (url=https://www.sscmc.or.kr:443/info/notice/list.asp?db=BBS_notice&pageno=1&startpage=1&where=&keyfield=&keyword=&catekkk=): [MissingHeaderBodySeparatorDefect()], unparsed data: 'Server : Wow 3.8\r\nDate: Thu, 29 Dec 2022 00:18:12 GMT\r\nContent-Type: text/html\r\nContent-Length: 42043\r\nConnection: keep-alive\r\nCache-Control: private\r\nSet-Cookie: ASPSESSIONIDCQDDQTSA=PCCJBCCCJAEMJNJPFGLODCPN; path=/\r\nX-Frame-Options: SAMEORIGIN\r\n\r\n'
Traceback (most recent call last):
  File "/Users/yeon/Library/Python/3.9/lib/python/site-packages/urllib3/connectionpool.py", line 469, in _make_request
    assert_header_parsing(httplib_response.msg)
  File "/Users/yeon/Library/Python/3.9/lib/python/site-packages/urllib3/util/response.py", line 91, in assert_header_parsing
    raise HeaderParsingError(defects=defects, unparsed_data=unparsed_data)
urllib3.exceptions.HeaderParsingError: [MissingHeaderBodySeparatorDefect()], unparsed data: 'Server : Wow 3.8\r\nDate: Thu, 29 Dec 2022 00:18:12 GMT\r\nContent-Type: text/html\r\nContent-Length: 42043\r\nConnection: keep-alive\r\nCache-Control: private\r\nSet-Cookie: ASPSESSIONIDCQDDQTSA=PCCJBCCCJAEMJNJPFGLODCPN; path=/\r\nX-Frame-Options: SAMEORIGIN\r\n\r\n'
2022-12-29 09:18:12,903 - WARNING - Failed to parse headers (url=https://www.sscmc.or.kr:443/info/notice/list.asp?db=BBS_notice&pageno=1&startpage=1&where=&keyfield=&keyword=&catekkk=): [MissingHeaderBodySeparatorDefect()], unparsed data: 'Server : Wow 3.8\r\nDate: Thu, 29 Dec 2022 00:18:12 GMT\r\nContent-Type: text/html\r\nContent-Length: 42043\r\nConnection: keep-alive\r\nCache-Control: private\r\nSet-Cookie: ASPSESSIONIDCQDDQTSA=PCCJBCCCJAEMJNJPFGLODCPN; path=/\r\nX-Frame-Options: SAMEORIGIN\r\n\r\n'
Traceback (most recent call last):
  File "/Users/yeon/Library/Python/3.9/lib/python/site-packages/urllib3/connectionpool.py", line 469, in _make_request
    assert_header_parsing(httplib_response.msg)
  File "/Users/yeon/Library/Python/3.9/lib/python/site-packages/urllib3/util/response.py", line 91, in assert_header_parsing
    raise HeaderParsingError(defects=defects, unparsed_data=unparsed_data)
urllib3.exceptions.HeaderParsingError: [MissingHeaderBodySeparatorDefect()], unparsed data: 'Server : Wow 3.8\r\nDate: Thu, 29 Dec 2022 00:18:12 GMT\r\nContent-Type: text/html\r\nContent-Length: 42043\r\nConnection: keep-alive\r\nCache-Control: private\r\nSet-Cookie: ASPSESSIONIDCQDDQTSA=PCCJBCCCJAEMJNJPFGLODCPN; path=/\r\nX-Frame-Options: SAMEORIGIN\r\n\r\n'
2022-12-29 09:18:12,903 - WARNING - Failed to parse headers (url=https://www.sscmc.or.kr:443/info/notice/list.asp?db=BBS_notice&pageno=1&startpage=1&where=&keyfield=&keyword=&catekkk=): [MissingHeaderBodySeparatorDefect()], unparsed data: 'Server : Wow 3.8\r\nDate: Thu, 29 Dec 2022 00:18:12 GMT\r\nContent-Type: text/html\r\nContent-Length: 42043\r\nConnection: keep-alive\r\nCache-Control: private\r\nSet-Cookie: ASPSESSIONIDCQDDQTSA=PCCJBCCCJAEMJNJPFGLODCPN; path=/\r\nX-Frame-Options: SAMEORIGIN\r\n\r\n'
Traceback (most recent call last):
  File "/Users/yeon/Library/Python/3.9/lib/python/site-packages/urllib3/connectionpool.py", line 469, in _make_request
    assert_header_parsing(httplib_response.msg)
  File "/Users/yeon/Library/Python/3.9/lib/python/site-packages/urllib3/util/response.py", line 91, in assert_header_parsing
    raise HeaderParsingError(defects=defects, unparsed_data=unparsed_data)
urllib3.exceptions.HeaderParsingError: [MissingHeaderBodySeparatorDefect()], unparsed data: 'Server : Wow 3.8\r\nDate: Thu, 29 Dec 2022 00:18:12 GMT\r\nContent-Type: text/html\r\nContent-Length: 42043\r\nConnection: keep-alive\r\nCache-Control: private\r\nSet-Cookie: ASPSESSIONIDCQDDQTSA=PCCJBCCCJAEMJNJPFGLODCPN; path=/\r\nX-Frame-Options: SAMEORIGIN\r\n\r\n'
2022-12-29 09:18:12,903 - WARNING - Failed to parse headers (url=https://www.sscmc.or.kr:443/info/notice/list.asp?db=BBS_notice&pageno=1&startpage=1&where=&keyfield=&keyword=&catekkk=): [MissingHeaderBodySeparatorDefect()], unparsed data: 'Server : Wow 3.8\r\nDate: Thu, 29 Dec 2022 00:18:12 GMT\r\nContent-Type: text/html\r\nContent-Length: 42043\r\nConnection: keep-alive\r\nCache-Control: private\r\nSet-Cookie: ASPSESSIONIDCQDDQTSA=PCCJBCCCJAEMJNJPFGLODCPN; path=/\r\nX-Frame-Options: SAMEORIGIN\r\n\r\n'
Traceback (most recent call last):
  File "/Users/yeon/Library/Python/3.9/lib/python/site-packages/urllib3/connectionpool.py", line 469, in _make_request
    assert_header_parsing(httplib_response.msg)
  File "/Users/yeon/Library/Python/3.9/lib/python/site-packages/urllib3/util/response.py", line 91, in assert_header_parsing
    raise HeaderParsingError(defects=defects, unparsed_data=unparsed_data)
urllib3.exceptions.HeaderParsingError: [MissingHeaderBodySeparatorDefect()], unparsed data: 'Server : Wow 3.8\r\nDate: Thu, 29 Dec 2022 00:18:12 GMT\r\nContent-Type: text/html\r\nContent-Length: 42043\r\nConnection: keep-alive\r\nCache-Control: private\r\nSet-Cookie: ASPSESSIONIDCQDDQTSA=PCCJBCCCJAEMJNJPFGLODCPN; path=/\r\nX-Frame-Options: SAMEORIGIN\r\n\r\n'
2022-12-29 09:18:12,903 - WARNING - Failed to parse headers (url=https://www.sscmc.or.kr:443/info/notice/list.asp?db=BBS_notice&pageno=1&startpage=1&where=&keyfield=&keyword=&catekkk=): [MissingHeaderBodySeparatorDefect()], unparsed data: 'Server : Wow 3.8\r\nDate: Thu, 29 Dec 2022 00:18:12 GMT\r\nContent-Type: text/html\r\nContent-Length: 42043\r\nConnection: keep-alive\r\nCache-Control: private\r\nSet-Cookie: ASPSESSIONIDCQDDQTSA=PCCJBCCCJAEMJNJPFGLODCPN; path=/\r\nX-Frame-Options: SAMEORIGIN\r\n\r\n'
Traceback (most recent call last):
  File "/Users/yeon/Library/Python/3.9/lib/python/site-packages/urllib3/connectionpool.py", line 469, in _make_request
    assert_header_parsing(httplib_response.msg)
  File "/Users/yeon/Library/Python/3.9/lib/python/site-packages/urllib3/util/response.py", line 91, in assert_header_parsing
    raise HeaderParsingError(defects=defects, unparsed_data=unparsed_data)
urllib3.exceptions.HeaderParsingError: [MissingHeaderBodySeparatorDefect()], unparsed data: 'Server : Wow 3.8\r\nDate: Thu, 29 Dec 2022 00:18:12 GMT\r\nContent-Type: text/html\r\nContent-Length: 42043\r\nConnection: keep-alive\r\nCache-Control: private\r\nSet-Cookie: ASPSESSIONIDCQDDQTSA=PCCJBCCCJAEMJNJPFGLODCPN; path=/\r\nX-Frame-Options: SAMEORIGIN\r\n\r\n'
2022-12-29 09:18:12,903 - WARNING - Failed to parse headers (url=https://www.sscmc.or.kr:443/info/notice/list.asp?db=BBS_notice&pageno=1&startpage=1&where=&keyfield=&keyword=&catekkk=): [MissingHeaderBodySeparatorDefect()], unparsed data: 'Server : Wow 3.8\r\nDate: Thu, 29 Dec 2022 00:18:12 GMT\r\nContent-Type: text/html\r\nContent-Length: 42043\r\nConnection: keep-alive\r\nCache-Control: private\r\nSet-Cookie: ASPSESSIONIDCQDDQTSA=PCCJBCCCJAEMJNJPFGLODCPN; path=/\r\nX-Frame-Options: SAMEORIGIN\r\n\r\n'
Traceback (most recent call last):
  File "/Users/yeon/Library/Python/3.9/lib/python/site-packages/urllib3/connectionpool.py", line 469, in _make_request
    assert_header_parsing(httplib_response.msg)
  File "/Users/yeon/Library/Python/3.9/lib/python/site-packages/urllib3/util/response.py", line 91, in assert_header_parsing
    raise HeaderParsingError(defects=defects, unparsed_data=unparsed_data)
urllib3.exceptions.HeaderParsingError: [MissingHeaderBodySeparatorDefect()], unparsed data: 'Server : Wow 3.8\r\nDate: Thu, 29 Dec 2022 00:18:12 GMT\r\nContent-Type: text/html\r\nContent-Length: 42043\r\nConnection: keep-alive\r\nCache-Control: private\r\nSet-Cookie: ASPSESSIONIDCQDDQTSA=PCCJBCCCJAEMJNJPFGLODCPN; path=/\r\nX-Frame-Options: SAMEORIGIN\r\n\r\n'
2022-12-29 09:18:12,903 - WARNING - Failed to parse headers (url=https://www.sscmc.or.kr:443/info/notice/list.asp?db=BBS_notice&pageno=1&startpage=1&where=&keyfield=&keyword=&catekkk=): [MissingHeaderBodySeparatorDefect()], unparsed data: 'Server : Wow 3.8\r\nDate: Thu, 29 Dec 2022 00:18:12 GMT\r\nContent-Type: text/html\r\nContent-Length: 42043\r\nConnection: keep-alive\r\nCache-Control: private\r\nSet-Cookie: ASPSESSIONIDCQDDQTSA=PCCJBCCCJAEMJNJPFGLODCPN; path=/\r\nX-Frame-Options: SAMEORIGIN\r\n\r\n'
Traceback (most recent call last):
  File "/Users/yeon/Library/Python/3.9/lib/python/site-packages/urllib3/connectionpool.py", line 469, in _make_request
    assert_header_parsing(httplib_response.msg)
  File "/Users/yeon/Library/Python/3.9/lib/python/site-packages/urllib3/util/response.py", line 91, in assert_header_parsing
    raise HeaderParsingError(defects=defects, unparsed_data=unparsed_data)
urllib3.exceptions.HeaderParsingError: [MissingHeaderBodySeparatorDefect()], unparsed data: 'Server : Wow 3.8\r\nDate: Thu, 29 Dec 2022 00:18:12 GMT\r\nContent-Type: text/html\r\nContent-Length: 42043\r\nConnection: keep-alive\r\nCache-Control: private\r\nSet-Cookie: ASPSESSIONIDCQDDQTSA=PCCJBCCCJAEMJNJPFGLODCPN; path=/\r\nX-Frame-Options: SAMEORIGIN\r\n\r\n'
2022-12-29 09:18:12,903 - WARNING - Failed to parse headers (url=https://www.sscmc.or.kr:443/info/notice/list.asp?db=BBS_notice&pageno=1&startpage=1&where=&keyfield=&keyword=&catekkk=): [MissingHeaderBodySeparatorDefect()], unparsed data: 'Server : Wow 3.8\r\nDate: Thu, 29 Dec 2022 00:18:12 GMT\r\nContent-Type: text/html\r\nContent-Length: 42043\r\nConnection: keep-alive\r\nCache-Control: private\r\nSet-Cookie: ASPSESSIONIDCQDDQTSA=PCCJBCCCJAEMJNJPFGLODCPN; path=/\r\nX-Frame-Options: SAMEORIGIN\r\n\r\n'
Traceback (most recent call last):
  File "/Users/yeon/Library/Python/3.9/lib/python/site-packages/urllib3/connectionpool.py", line 469, in _make_request
    assert_header_parsing(httplib_response.msg)
  File "/Users/yeon/Library/Python/3.9/lib/python/site-packages/urllib3/util/response.py", line 91, in assert_header_parsing
    raise HeaderParsingError(defects=defects, unparsed_data=unparsed_data)
urllib3.exceptions.HeaderParsingError: [MissingHeaderBodySeparatorDefect()], unparsed data: 'Server : Wow 3.8\r\nDate: Thu, 29 Dec 2022 00:18:12 GMT\r\nContent-Type: text/html\r\nContent-Length: 42043\r\nConnection: keep-alive\r\nCache-Control: private\r\nSet-Cookie: ASPSESSIONIDCQDDQTSA=PCCJBCCCJAEMJNJPFGLODCPN; path=/\r\nX-Frame-Options: SAMEORIGIN\r\n\r\n'
2022-12-29 09:18:12,903 - WARNING - Failed to parse headers (url=https://www.sscmc.or.kr:443/info/notice/list.asp?db=BBS_notice&pageno=1&startpage=1&where=&keyfield=&keyword=&catekkk=): [MissingHeaderBodySeparatorDefect()], unparsed data: 'Server : Wow 3.8\r\nDate: Thu, 29 Dec 2022 00:18:12 GMT\r\nContent-Type: text/html\r\nContent-Length: 42043\r\nConnection: keep-alive\r\nCache-Control: private\r\nSet-Cookie: ASPSESSIONIDCQDDQTSA=PCCJBCCCJAEMJNJPFGLODCPN; path=/\r\nX-Frame-Options: SAMEORIGIN\r\n\r\n'
Traceback (most recent call last):
  File "/Users/yeon/Library/Python/3.9/lib/python/site-packages/urllib3/connectionpool.py", line 469, in _make_request
    assert_header_parsing(httplib_response.msg)
  File "/Users/yeon/Library/Python/3.9/lib/python/site-packages/urllib3/util/response.py", line 91, in assert_header_parsing
    raise HeaderParsingError(defects=defects, unparsed_data=unparsed_data)
urllib3.exceptions.HeaderParsingError: [MissingHeaderBodySeparatorDefect()], unparsed data: 'Server : Wow 3.8\r\nDate: Thu, 29 Dec 2022 00:18:12 GMT\r\nContent-Type: text/html\r\nContent-Length: 42043\r\nConnection: keep-alive\r\nCache-Control: private\r\nSet-Cookie: ASPSESSIONIDCQDDQTSA=PCCJBCCCJAEMJNJPFGLODCPN; path=/\r\nX-Frame-Options: SAMEORIGIN\r\n\r\n'
2022-12-29 09:18:12,903 - WARNING - Failed to parse headers (url=https://www.sscmc.or.kr:443/info/notice/list.asp?db=BBS_notice&pageno=1&startpage=1&where=&keyfield=&keyword=&catekkk=): [MissingHeaderBodySeparatorDefect()], unparsed data: 'Server : Wow 3.8\r\nDate: Thu, 29 Dec 2022 00:18:12 GMT\r\nContent-Type: text/html\r\nContent-Length: 42043\r\nConnection: keep-alive\r\nCache-Control: private\r\nSet-Cookie: ASPSESSIONIDCQDDQTSA=PCCJBCCCJAEMJNJPFGLODCPN; path=/\r\nX-Frame-Options: SAMEORIGIN\r\n\r\n'
Traceback (most recent call last):
  File "/Users/yeon/Library/Python/3.9/lib/python/site-packages/urllib3/connectionpool.py", line 469, in _make_request
    assert_header_parsing(httplib_response.msg)
  File "/Users/yeon/Library/Python/3.9/lib/python/site-packages/urllib3/util/response.py", line 91, in assert_header_parsing
    raise HeaderParsingError(defects=defects, unparsed_data=unparsed_data)
urllib3.exceptions.HeaderParsingError: [MissingHeaderBodySeparatorDefect()], unparsed data: 'Server : Wow 3.8\r\nDate: Thu, 29 Dec 2022 00:18:12 GMT\r\nContent-Type: text/html\r\nContent-Length: 42043\r\nConnection: keep-alive\r\nCache-Control: private\r\nSet-Cookie: ASPSESSIONIDCQDDQTSA=PCCJBCCCJAEMJNJPFGLODCPN; path=/\r\nX-Frame-Options: SAMEORIGIN\r\n\r\n'
2022-12-29 09:18:12,903 - WARNING - Failed to parse headers (url=https://www.sscmc.or.kr:443/info/notice/list.asp?db=BBS_notice&pageno=1&startpage=1&where=&keyfield=&keyword=&catekkk=): [MissingHeaderBodySeparatorDefect()], unparsed data: 'Server : Wow 3.8\r\nDate: Thu, 29 Dec 2022 00:18:12 GMT\r\nContent-Type: text/html\r\nContent-Length: 42043\r\nConnection: keep-alive\r\nCache-Control: private\r\nSet-Cookie: ASPSESSIONIDCQDDQTSA=PCCJBCCCJAEMJNJPFGLODCPN; path=/\r\nX-Frame-Options: SAMEORIGIN\r\n\r\n'
Traceback (most recent call last):
  File "/Users/yeon/Library/Python/3.9/lib/python/site-packages/urllib3/connectionpool.py", line 469, in _make_request
    assert_header_parsing(httplib_response.msg)
  File "/Users/yeon/Library/Python/3.9/lib/python/site-packages/urllib3/util/response.py", line 91, in assert_header_parsing
    raise HeaderParsingError(defects=defects, unparsed_data=unparsed_data)
urllib3.exceptions.HeaderParsingError: [MissingHeaderBodySeparatorDefect()], unparsed data: 'Server : Wow 3.8\r\nDate: Thu, 29 Dec 2022 00:18:12 GMT\r\nContent-Type: text/html\r\nContent-Length: 42043\r\nConnection: keep-alive\r\nCache-Control: private\r\nSet-Cookie: ASPSESSIONIDCQDDQTSA=PCCJBCCCJAEMJNJPFGLODCPN; path=/\r\nX-Frame-Options: SAMEORIGIN\r\n\r\n'
2022-12-29 09:18:12,903 - WARNING - Failed to parse headers (url=https://www.sscmc.or.kr:443/info/notice/list.asp?db=BBS_notice&pageno=1&startpage=1&where=&keyfield=&keyword=&catekkk=): [MissingHeaderBodySeparatorDefect()], unparsed data: 'Server : Wow 3.8\r\nDate: Thu, 29 Dec 2022 00:18:12 GMT\r\nContent-Type: text/html\r\nContent-Length: 42043\r\nConnection: keep-alive\r\nCache-Control: private\r\nSet-Cookie: ASPSESSIONIDCQDDQTSA=PCCJBCCCJAEMJNJPFGLODCPN; path=/\r\nX-Frame-Options: SAMEORIGIN\r\n\r\n'
Traceback (most recent call last):
  File "/Users/yeon/Library/Python/3.9/lib/python/site-packages/urllib3/connectionpool.py", line 469, in _make_request
    assert_header_parsing(httplib_response.msg)
  File "/Users/yeon/Library/Python/3.9/lib/python/site-packages/urllib3/util/response.py", line 91, in assert_header_parsing
    raise HeaderParsingError(defects=defects, unparsed_data=unparsed_data)
urllib3.exceptions.HeaderParsingError: [MissingHeaderBodySeparatorDefect()], unparsed data: 'Server : Wow 3.8\r\nDate: Thu, 29 Dec 2022 00:18:12 GMT\r\nContent-Type: text/html\r\nContent-Length: 42043\r\nConnection: keep-alive\r\nCache-Control: private\r\nSet-Cookie: ASPSESSIONIDCQDDQTSA=PCCJBCCCJAEMJNJPFGLODCPN; path=/\r\nX-Frame-Options: SAMEORIGIN\r\n\r\n'
2022-12-29 09:18:12,903 - WARNING - Failed to parse headers (url=https://www.sscmc.or.kr:443/info/notice/list.asp?db=BBS_notice&pageno=1&startpage=1&where=&keyfield=&keyword=&catekkk=): [MissingHeaderBodySeparatorDefect()], unparsed data: 'Server : Wow 3.8\r\nDate: Thu, 29 Dec 2022 00:18:12 GMT\r\nContent-Type: text/html\r\nContent-Length: 42043\r\nConnection: keep-alive\r\nCache-Control: private\r\nSet-Cookie: ASPSESSIONIDCQDDQTSA=PCCJBCCCJAEMJNJPFGLODCPN; path=/\r\nX-Frame-Options: SAMEORIGIN\r\n\r\n'
Traceback (most recent call last):
  File "/Users/yeon/Library/Python/3.9/lib/python/site-packages/urllib3/connectionpool.py", line 469, in _make_request
    assert_header_parsing(httplib_response.msg)
  File "/Users/yeon/Library/Python/3.9/lib/python/site-packages/urllib3/util/response.py", line 91, in assert_header_parsing
    raise HeaderParsingError(defects=defects, unparsed_data=unparsed_data)
urllib3.exceptions.HeaderParsingError: [MissingHeaderBodySeparatorDefect()], unparsed data: 'Server : Wow 3.8\r\nDate: Thu, 29 Dec 2022 00:18:12 GMT\r\nContent-Type: text/html\r\nContent-Length: 42043\r\nConnection: keep-alive\r\nCache-Control: private\r\nSet-Cookie: ASPSESSIONIDCQDDQTSA=PCCJBCCCJAEMJNJPFGLODCPN; path=/\r\nX-Frame-Options: SAMEORIGIN\r\n\r\n'
2022-12-29 09:18:12,903 - WARNING - Failed to parse headers (url=https://www.sscmc.or.kr:443/info/notice/list.asp?db=BBS_notice&pageno=1&startpage=1&where=&keyfield=&keyword=&catekkk=): [MissingHeaderBodySeparatorDefect()], unparsed data: 'Server : Wow 3.8\r\nDate: Thu, 29 Dec 2022 00:18:12 GMT\r\nContent-Type: text/html\r\nContent-Length: 42043\r\nConnection: keep-alive\r\nCache-Control: private\r\nSet-Cookie: ASPSESSIONIDCQDDQTSA=PCCJBCCCJAEMJNJPFGLODCPN; path=/\r\nX-Frame-Options: SAMEORIGIN\r\n\r\n'
Traceback (most recent call last):
  File "/Users/yeon/Library/Python/3.9/lib/python/site-packages/urllib3/connectionpool.py", line 469, in _make_request
    assert_header_parsing(httplib_response.msg)
  File "/Users/yeon/Library/Python/3.9/lib/python/site-packages/urllib3/util/response.py", line 91, in assert_header_parsing
    raise HeaderParsingError(defects=defects, unparsed_data=unparsed_data)
urllib3.exceptions.HeaderParsingError: [MissingHeaderBodySeparatorDefect()], unparsed data: 'Server : Wow 3.8\r\nDate: Thu, 29 Dec 2022 00:18:12 GMT\r\nContent-Type: text/html\r\nContent-Length: 42043\r\nConnection: keep-alive\r\nCache-Control: private\r\nSet-Cookie: ASPSESSIONIDCQDDQTSA=PCCJBCCCJAEMJNJPFGLODCPN; path=/\r\nX-Frame-Options: SAMEORIGIN\r\n\r\n'
2022-12-29 09:18:12,903 - WARNING - Failed to parse headers (url=https://www.sscmc.or.kr:443/info/notice/list.asp?db=BBS_notice&pageno=1&startpage=1&where=&keyfield=&keyword=&catekkk=): [MissingHeaderBodySeparatorDefect()], unparsed data: 'Server : Wow 3.8\r\nDate: Thu, 29 Dec 2022 00:18:12 GMT\r\nContent-Type: text/html\r\nContent-Length: 42043\r\nConnection: keep-alive\r\nCache-Control: private\r\nSet-Cookie: ASPSESSIONIDCQDDQTSA=PCCJBCCCJAEMJNJPFGLODCPN; path=/\r\nX-Frame-Options: SAMEORIGIN\r\n\r\n'
Traceback (most recent call last):
  File "/Users/yeon/Library/Python/3.9/lib/python/site-packages/urllib3/connectionpool.py", line 469, in _make_request
    assert_header_parsing(httplib_response.msg)
  File "/Users/yeon/Library/Python/3.9/lib/python/site-packages/urllib3/util/response.py", line 91, in assert_header_parsing
    raise HeaderParsingError(defects=defects, unparsed_data=unparsed_data)
urllib3.exceptions.HeaderParsingError: [MissingHeaderBodySeparatorDefect()], unparsed data: 'Server : Wow 3.8\r\nDate: Thu, 29 Dec 2022 00:18:12 GMT\r\nContent-Type: text/html\r\nContent-Length: 42043\r\nConnection: keep-alive\r\nCache-Control: private\r\nSet-Cookie: ASPSESSIONIDCQDDQTSA=PCCJBCCCJAEMJNJPFGLODCPN; path=/\r\nX-Frame-Options: SAMEORIGIN\r\n\r\n'
2022-12-29 09:18:12,903 - WARNING - Failed to parse headers (url=https://www.sscmc.or.kr:443/info/notice/list.asp?db=BBS_notice&pageno=1&startpage=1&where=&keyfield=&keyword=&catekkk=): [MissingHeaderBodySeparatorDefect()], unparsed data: 'Server : Wow 3.8\r\nDate: Thu, 29 Dec 2022 00:18:12 GMT\r\nContent-Type: text/html\r\nContent-Length: 42043\r\nConnection: keep-alive\r\nCache-Control: private\r\nSet-Cookie: ASPSESSIONIDCQDDQTSA=PCCJBCCCJAEMJNJPFGLODCPN; path=/\r\nX-Frame-Options: SAMEORIGIN\r\n\r\n'
Traceback (most recent call last):
  File "/Users/yeon/Library/Python/3.9/lib/python/site-packages/urllib3/connectionpool.py", line 469, in _make_request
    assert_header_parsing(httplib_response.msg)
  File "/Users/yeon/Library/Python/3.9/lib/python/site-packages/urllib3/util/response.py", line 91, in assert_header_parsing
    raise HeaderParsingError(defects=defects, unparsed_data=unparsed_data)
urllib3.exceptions.HeaderParsingError: [MissingHeaderBodySeparatorDefect()], unparsed data: 'Server : Wow 3.8\r\nDate: Thu, 29 Dec 2022 00:18:12 GMT\r\nContent-Type: text/html\r\nContent-Length: 42043\r\nConnection: keep-alive\r\nCache-Control: private\r\nSet-Cookie: ASPSESSIONIDCQDDQTSA=PCCJBCCCJAEMJNJPFGLODCPN; path=/\r\nX-Frame-Options: SAMEORIGIN\r\n\r\n'
2022-12-29 09:19:28,273 - INFO - SEODAEMUN
2022-12-29 09:19:28,273 - INFO - SEODAEMUN
2022-12-29 09:19:28,273 - INFO - SEODAEMUN
2022-12-29 09:19:28,273 - INFO - SEODAEMUN
2022-12-29 09:19:28,273 - INFO - SEODAEMUN
2022-12-29 09:19:28,273 - INFO - SEODAEMUN
2022-12-29 09:19:28,273 - INFO - SEODAEMUN
2022-12-29 09:19:28,273 - INFO - SEODAEMUN
2022-12-29 09:19:28,273 - INFO - SEODAEMUN
2022-12-29 09:19:28,273 - INFO - SEODAEMUN
2022-12-29 09:19:28,273 - INFO - SEODAEMUN
2022-12-29 09:19:28,273 - INFO - SEODAEMUN
2022-12-29 09:19:28,273 - INFO - SEODAEMUN
2022-12-29 09:19:28,273 - INFO - SEODAEMUN
2022-12-29 09:19:28,273 - INFO - SEODAEMUN
2022-12-29 09:19:28,273 - INFO - SEODAEMUN
2022-12-29 09:19:28,273 - INFO - SEODAEMUN
2022-12-29 09:19:28,273 - INFO - SEODAEMUN
2022-12-29 09:19:28,273 - INFO - SEODAEMUN
2022-12-29 09:19:28,273 - INFO - SEODAEMUN
2022-12-29 09:19:28,273 - INFO - SEODAEMUN
2022-12-29 09:19:28,273 - INFO - SEODAEMUN
2022-12-29 09:19:28,273 - INFO - SEODAEMUN
2022-12-29 09:19:28,273 - INFO - SEODAEMUN
2022-12-29 09:19:28,273 - INFO - SEODAEMUN
2022-12-29 09:19:28,273 - INFO - SEODAEMUN
2022-12-29 09:19:28,273 - INFO - SEODAEMUN
2022-12-29 09:19:28,273 - INFO - SEODAEMUN
2022-12-29 09:19:28,273 - INFO - SEODAEMUN
2022-12-29 09:19:28,273 - INFO - SEODAEMUN
2022-12-29 09:19:28,273 - INFO - SEODAEMUN
