2022-12-23 16:02:09,585 - INFO - JUNGNANG
2022-12-23 16:05:08,170 - INFO - JUNGNANG
2022-12-23 16:05:09,649 - WARNING - Failed to parse headers (url=https://www.jungnang.go.kr:443/portal/bbs/list/B0000002.do?searchCnd=&searchWrd=&gubun=&delCode=0&useAt=&replyAt=&menuNo=200473&sdate=&edate=&deptId=&deptName=&popupYn=&dept=&dong=&option1=&viewType=&searchCnd2=&pageIndex=1): [FirstHeaderLineIsContinuationDefect(' X-Content-Type-Options: nosniff\r\n')], unparsed data: ''
Traceback (most recent call last):
  File "/Users/yeon/Library/Python/3.9/lib/python/site-packages/urllib3/connectionpool.py", line 469, in _make_request
    assert_header_parsing(httplib_response.msg)
  File "/Users/yeon/Library/Python/3.9/lib/python/site-packages/urllib3/util/response.py", line 91, in assert_header_parsing
    raise HeaderParsingError(defects=defects, unparsed_data=unparsed_data)
urllib3.exceptions.HeaderParsingError: [FirstHeaderLineIsContinuationDefect(' X-Content-Type-Options: nosniff\r\n')], unparsed data: ''
2022-12-23 16:05:11,515 - INFO - JUNGNANG
2022-12-23 16:05:11,515 - INFO - JUNGNANG
2022-12-23 16:05:34,995 - INFO - YONGSAN
2022-12-23 16:05:34,995 - INFO - YONGSAN
2022-12-23 16:05:34,995 - INFO - YONGSAN
2022-12-23 16:05:36,592 - INFO - YONGSAN
2022-12-23 16:05:36,592 - INFO - YONGSAN
2022-12-23 16:05:36,592 - INFO - YONGSAN
2022-12-23 16:05:36,592 - INFO - YONGSAN
2022-12-23 16:05:38,115 - INFO - GANGNAM
2022-12-23 16:05:38,115 - INFO - GANGNAM
2022-12-23 16:05:38,115 - INFO - GANGNAM
2022-12-23 16:05:38,115 - INFO - GANGNAM
2022-12-23 16:05:38,115 - INFO - GANGNAM
2022-12-23 16:05:55,072 - INFO - GANGNAM
2022-12-23 16:05:55,072 - INFO - GANGNAM
2022-12-23 16:05:55,072 - INFO - GANGNAM
2022-12-23 16:05:55,072 - INFO - GANGNAM
2022-12-23 16:05:55,072 - INFO - GANGNAM
2022-12-23 16:05:55,072 - INFO - GANGNAM
2022-12-23 16:05:56,809 - INFO - GANGDONG
2022-12-23 16:05:56,809 - INFO - GANGDONG
2022-12-23 16:05:56,809 - INFO - GANGDONG
2022-12-23 16:05:56,809 - INFO - GANGDONG
2022-12-23 16:05:56,809 - INFO - GANGDONG
2022-12-23 16:05:56,809 - INFO - GANGDONG
2022-12-23 16:05:56,809 - INFO - GANGDONG
2022-12-23 16:06:02,990 - INFO - GURO
2022-12-23 16:06:02,990 - INFO - GURO
2022-12-23 16:06:02,990 - INFO - GURO
2022-12-23 16:06:02,990 - INFO - GURO
2022-12-23 16:06:02,990 - INFO - GURO
2022-12-23 16:06:02,990 - INFO - GURO
2022-12-23 16:06:02,990 - INFO - GURO
2022-12-23 16:06:02,990 - INFO - GURO
2022-12-23 16:06:06,557 - INFO - GURO
2022-12-23 16:06:06,557 - INFO - GURO
2022-12-23 16:06:06,557 - INFO - GURO
2022-12-23 16:06:06,557 - INFO - GURO
2022-12-23 16:06:06,557 - INFO - GURO
2022-12-23 16:06:06,557 - INFO - GURO
2022-12-23 16:06:06,557 - INFO - GURO
2022-12-23 16:06:06,557 - INFO - GURO
2022-12-23 16:06:06,557 - INFO - GURO
2022-12-23 16:06:19,831 - INFO - GANGSEO
2022-12-23 16:06:19,831 - INFO - GANGSEO
2022-12-23 16:06:19,831 - INFO - GANGSEO
2022-12-23 16:06:19,831 - INFO - GANGSEO
2022-12-23 16:06:19,831 - INFO - GANGSEO
2022-12-23 16:06:19,831 - INFO - GANGSEO
2022-12-23 16:06:19,831 - INFO - GANGSEO
2022-12-23 16:06:19,831 - INFO - GANGSEO
2022-12-23 16:06:19,831 - INFO - GANGSEO
2022-12-23 16:06:19,831 - INFO - GANGSEO
2022-12-23 16:06:22,395 - INFO - GANGSEO
2022-12-23 16:06:22,395 - INFO - GANGSEO
2022-12-23 16:06:22,395 - INFO - GANGSEO
2022-12-23 16:06:22,395 - INFO - GANGSEO
2022-12-23 16:06:22,395 - INFO - GANGSEO
2022-12-23 16:06:22,395 - INFO - GANGSEO
2022-12-23 16:06:22,395 - INFO - GANGSEO
2022-12-23 16:06:22,395 - INFO - GANGSEO
2022-12-23 16:06:22,395 - INFO - GANGSEO
2022-12-23 16:06:22,395 - INFO - GANGSEO
2022-12-23 16:06:22,395 - INFO - GANGSEO
2022-12-23 16:06:24,129 - INFO - GANGDONG
2022-12-23 16:06:24,129 - INFO - GANGDONG
2022-12-23 16:06:24,129 - INFO - GANGDONG
2022-12-23 16:06:24,129 - INFO - GANGDONG
2022-12-23 16:06:24,129 - INFO - GANGDONG
2022-12-23 16:06:24,129 - INFO - GANGDONG
2022-12-23 16:06:24,129 - INFO - GANGDONG
2022-12-23 16:06:24,129 - INFO - GANGDONG
2022-12-23 16:06:24,129 - INFO - GANGDONG
2022-12-23 16:06:24,129 - INFO - GANGDONG
2022-12-23 16:06:24,129 - INFO - GANGDONG
2022-12-23 16:06:24,129 - INFO - GANGDONG
2022-12-23 16:06:26,233 - INFO - GANGDONG
2022-12-23 16:06:26,233 - INFO - GANGDONG
2022-12-23 16:06:26,233 - INFO - GANGDONG
2022-12-23 16:06:26,233 - INFO - GANGDONG
2022-12-23 16:06:26,233 - INFO - GANGDONG
2022-12-23 16:06:26,233 - INFO - GANGDONG
2022-12-23 16:06:26,233 - INFO - GANGDONG
2022-12-23 16:06:26,233 - INFO - GANGDONG
2022-12-23 16:06:26,233 - INFO - GANGDONG
2022-12-23 16:06:26,233 - INFO - GANGDONG
2022-12-23 16:06:26,233 - INFO - GANGDONG
2022-12-23 16:06:26,233 - INFO - GANGDONG
2022-12-23 16:06:26,233 - INFO - GANGDONG
2022-12-23 16:06:27,975 - INFO - GANGDONG
2022-12-23 16:06:27,975 - INFO - GANGDONG
2022-12-23 16:06:27,975 - INFO - GANGDONG
2022-12-23 16:06:27,975 - INFO - GANGDONG
2022-12-23 16:06:27,975 - INFO - GANGDONG
2022-12-23 16:06:27,975 - INFO - GANGDONG
2022-12-23 16:06:27,975 - INFO - GANGDONG
2022-12-23 16:06:27,975 - INFO - GANGDONG
2022-12-23 16:06:27,975 - INFO - GANGDONG
2022-12-23 16:06:27,975 - INFO - GANGDONG
2022-12-23 16:06:27,975 - INFO - GANGDONG
2022-12-23 16:06:27,975 - INFO - GANGDONG
2022-12-23 16:06:27,975 - INFO - GANGDONG
2022-12-23 16:06:27,975 - INFO - GANGDONG
2022-12-23 16:06:36,781 - INFO - DOBONG
2022-12-23 16:06:36,781 - INFO - DOBONG
2022-12-23 16:06:36,781 - INFO - DOBONG
2022-12-23 16:06:36,781 - INFO - DOBONG
2022-12-23 16:06:36,781 - INFO - DOBONG
2022-12-23 16:06:36,781 - INFO - DOBONG
2022-12-23 16:06:36,781 - INFO - DOBONG
2022-12-23 16:06:36,781 - INFO - DOBONG
2022-12-23 16:06:36,781 - INFO - DOBONG
2022-12-23 16:06:36,781 - INFO - DOBONG
2022-12-23 16:06:36,781 - INFO - DOBONG
2022-12-23 16:06:36,781 - INFO - DOBONG
2022-12-23 16:06:36,781 - INFO - DOBONG
2022-12-23 16:06:36,781 - INFO - DOBONG
2022-12-23 16:06:36,781 - INFO - DOBONG
2022-12-23 16:06:38,645 - INFO - DOBONG
2022-12-23 16:06:38,645 - INFO - DOBONG
2022-12-23 16:06:38,645 - INFO - DOBONG
2022-12-23 16:06:38,645 - INFO - DOBONG
2022-12-23 16:06:38,645 - INFO - DOBONG
2022-12-23 16:06:38,645 - INFO - DOBONG
2022-12-23 16:06:38,645 - INFO - DOBONG
2022-12-23 16:06:38,645 - INFO - DOBONG
2022-12-23 16:06:38,645 - INFO - DOBONG
2022-12-23 16:06:38,645 - INFO - DOBONG
2022-12-23 16:06:38,645 - INFO - DOBONG
2022-12-23 16:06:38,645 - INFO - DOBONG
2022-12-23 16:06:38,645 - INFO - DOBONG
2022-12-23 16:06:38,645 - INFO - DOBONG
2022-12-23 16:06:38,645 - INFO - DOBONG
2022-12-23 16:06:38,645 - INFO - DOBONG
2022-12-23 16:06:40,680 - INFO - GANGBUK
2022-12-23 16:06:40,680 - INFO - GANGBUK
2022-12-23 16:06:40,680 - INFO - GANGBUK
2022-12-23 16:06:40,680 - INFO - GANGBUK
2022-12-23 16:06:40,680 - INFO - GANGBUK
2022-12-23 16:06:40,680 - INFO - GANGBUK
2022-12-23 16:06:40,680 - INFO - GANGBUK
2022-12-23 16:06:40,680 - INFO - GANGBUK
2022-12-23 16:06:40,680 - INFO - GANGBUK
2022-12-23 16:06:40,680 - INFO - GANGBUK
2022-12-23 16:06:40,680 - INFO - GANGBUK
2022-12-23 16:06:40,680 - INFO - GANGBUK
2022-12-23 16:06:40,680 - INFO - GANGBUK
2022-12-23 16:06:40,680 - INFO - GANGBUK
2022-12-23 16:06:40,680 - INFO - GANGBUK
2022-12-23 16:06:40,680 - INFO - GANGBUK
2022-12-23 16:06:40,680 - INFO - GANGBUK
2022-12-23 16:06:51,348 - INFO - GANGBUK
2022-12-23 16:06:51,348 - INFO - GANGBUK
2022-12-23 16:06:51,348 - INFO - GANGBUK
2022-12-23 16:06:51,348 - INFO - GANGBUK
2022-12-23 16:06:51,348 - INFO - GANGBUK
2022-12-23 16:06:51,348 - INFO - GANGBUK
2022-12-23 16:06:51,348 - INFO - GANGBUK
2022-12-23 16:06:51,348 - INFO - GANGBUK
2022-12-23 16:06:51,348 - INFO - GANGBUK
2022-12-23 16:06:51,348 - INFO - GANGBUK
2022-12-23 16:06:51,348 - INFO - GANGBUK
2022-12-23 16:06:51,348 - INFO - GANGBUK
2022-12-23 16:06:51,348 - INFO - GANGBUK
2022-12-23 16:06:51,348 - INFO - GANGBUK
2022-12-23 16:06:51,348 - INFO - GANGBUK
2022-12-23 16:06:51,348 - INFO - GANGBUK
2022-12-23 16:06:51,348 - INFO - GANGBUK
2022-12-23 16:06:51,348 - INFO - GANGBUK
2022-12-23 16:07:02,782 - INFO - DONGDAEMUN
2022-12-23 16:07:02,782 - INFO - DONGDAEMUN
2022-12-23 16:07:02,782 - INFO - DONGDAEMUN
2022-12-23 16:07:02,782 - INFO - DONGDAEMUN
2022-12-23 16:07:02,782 - INFO - DONGDAEMUN
2022-12-23 16:07:02,782 - INFO - DONGDAEMUN
2022-12-23 16:07:02,782 - INFO - DONGDAEMUN
2022-12-23 16:07:02,782 - INFO - DONGDAEMUN
2022-12-23 16:07:02,782 - INFO - DONGDAEMUN
2022-12-23 16:07:02,782 - INFO - DONGDAEMUN
2022-12-23 16:07:02,782 - INFO - DONGDAEMUN
2022-12-23 16:07:02,782 - INFO - DONGDAEMUN
2022-12-23 16:07:02,782 - INFO - DONGDAEMUN
2022-12-23 16:07:02,782 - INFO - DONGDAEMUN
2022-12-23 16:07:02,782 - INFO - DONGDAEMUN
2022-12-23 16:07:02,782 - INFO - DONGDAEMUN
2022-12-23 16:07:02,782 - INFO - DONGDAEMUN
2022-12-23 16:07:02,782 - INFO - DONGDAEMUN
2022-12-23 16:07:02,782 - INFO - DONGDAEMUN
2022-12-23 16:07:06,214 - INFO - DONGDAEMUN
2022-12-23 16:07:06,214 - INFO - DONGDAEMUN
2022-12-23 16:07:06,214 - INFO - DONGDAEMUN
2022-12-23 16:07:06,214 - INFO - DONGDAEMUN
2022-12-23 16:07:06,214 - INFO - DONGDAEMUN
2022-12-23 16:07:06,214 - INFO - DONGDAEMUN
2022-12-23 16:07:06,214 - INFO - DONGDAEMUN
2022-12-23 16:07:06,214 - INFO - DONGDAEMUN
2022-12-23 16:07:06,214 - INFO - DONGDAEMUN
2022-12-23 16:07:06,214 - INFO - DONGDAEMUN
2022-12-23 16:07:06,214 - INFO - DONGDAEMUN
2022-12-23 16:07:06,214 - INFO - DONGDAEMUN
2022-12-23 16:07:06,214 - INFO - DONGDAEMUN
2022-12-23 16:07:06,214 - INFO - DONGDAEMUN
2022-12-23 16:07:06,214 - INFO - DONGDAEMUN
2022-12-23 16:07:06,214 - INFO - DONGDAEMUN
2022-12-23 16:07:06,214 - INFO - DONGDAEMUN
2022-12-23 16:07:06,214 - INFO - DONGDAEMUN
2022-12-23 16:07:06,214 - INFO - DONGDAEMUN
2022-12-23 16:07:06,214 - INFO - DONGDAEMUN
2022-12-23 16:07:08,339 - INFO - DONGDAEMUN
2022-12-23 16:07:08,339 - INFO - DONGDAEMUN
2022-12-23 16:07:08,339 - INFO - DONGDAEMUN
2022-12-23 16:07:08,339 - INFO - DONGDAEMUN
2022-12-23 16:07:08,339 - INFO - DONGDAEMUN
2022-12-23 16:07:08,339 - INFO - DONGDAEMUN
2022-12-23 16:07:08,339 - INFO - DONGDAEMUN
2022-12-23 16:07:08,339 - INFO - DONGDAEMUN
2022-12-23 16:07:08,339 - INFO - DONGDAEMUN
2022-12-23 16:07:08,339 - INFO - DONGDAEMUN
2022-12-23 16:07:08,339 - INFO - DONGDAEMUN
2022-12-23 16:07:08,339 - INFO - DONGDAEMUN
2022-12-23 16:07:08,339 - INFO - DONGDAEMUN
2022-12-23 16:07:08,339 - INFO - DONGDAEMUN
2022-12-23 16:07:08,339 - INFO - DONGDAEMUN
2022-12-23 16:07:08,339 - INFO - DONGDAEMUN
2022-12-23 16:07:08,339 - INFO - DONGDAEMUN
2022-12-23 16:07:08,339 - INFO - DONGDAEMUN
2022-12-23 16:07:08,339 - INFO - DONGDAEMUN
2022-12-23 16:07:08,339 - INFO - DONGDAEMUN
2022-12-23 16:07:08,339 - INFO - DONGDAEMUN
2022-12-23 16:07:09,588 - INFO - DONGJAK
2022-12-23 16:07:09,588 - INFO - DONGJAK
2022-12-23 16:07:09,588 - INFO - DONGJAK
2022-12-23 16:07:09,588 - INFO - DONGJAK
2022-12-23 16:07:09,588 - INFO - DONGJAK
2022-12-23 16:07:09,588 - INFO - DONGJAK
2022-12-23 16:07:09,588 - INFO - DONGJAK
2022-12-23 16:07:09,588 - INFO - DONGJAK
2022-12-23 16:07:09,588 - INFO - DONGJAK
2022-12-23 16:07:09,588 - INFO - DONGJAK
2022-12-23 16:07:09,588 - INFO - DONGJAK
2022-12-23 16:07:09,588 - INFO - DONGJAK
2022-12-23 16:07:09,588 - INFO - DONGJAK
2022-12-23 16:07:09,588 - INFO - DONGJAK
2022-12-23 16:07:09,588 - INFO - DONGJAK
2022-12-23 16:07:09,588 - INFO - DONGJAK
2022-12-23 16:07:09,588 - INFO - DONGJAK
2022-12-23 16:07:09,588 - INFO - DONGJAK
2022-12-23 16:07:09,588 - INFO - DONGJAK
2022-12-23 16:07:09,588 - INFO - DONGJAK
2022-12-23 16:07:09,588 - INFO - DONGJAK
2022-12-23 16:07:09,588 - INFO - DONGJAK
2022-12-23 16:07:12,970 - INFO - DONGJAK
2022-12-23 16:07:12,970 - INFO - DONGJAK
2022-12-23 16:07:12,970 - INFO - DONGJAK
2022-12-23 16:07:12,970 - INFO - DONGJAK
2022-12-23 16:07:12,970 - INFO - DONGJAK
2022-12-23 16:07:12,970 - INFO - DONGJAK
2022-12-23 16:07:12,970 - INFO - DONGJAK
2022-12-23 16:07:12,970 - INFO - DONGJAK
2022-12-23 16:07:12,970 - INFO - DONGJAK
2022-12-23 16:07:12,970 - INFO - DONGJAK
2022-12-23 16:07:12,970 - INFO - DONGJAK
2022-12-23 16:07:12,970 - INFO - DONGJAK
2022-12-23 16:07:12,970 - INFO - DONGJAK
2022-12-23 16:07:12,970 - INFO - DONGJAK
2022-12-23 16:07:12,970 - INFO - DONGJAK
2022-12-23 16:07:12,970 - INFO - DONGJAK
2022-12-23 16:07:12,970 - INFO - DONGJAK
2022-12-23 16:07:12,970 - INFO - DONGJAK
2022-12-23 16:07:12,970 - INFO - DONGJAK
2022-12-23 16:07:12,970 - INFO - DONGJAK
2022-12-23 16:07:12,970 - INFO - DONGJAK
2022-12-23 16:07:12,970 - INFO - DONGJAK
2022-12-23 16:07:12,970 - INFO - DONGJAK
2022-12-23 16:07:26,366 - INFO - GEUAMCHEOUN
2022-12-23 16:07:26,366 - INFO - GEUAMCHEOUN
2022-12-23 16:07:26,366 - INFO - GEUAMCHEOUN
2022-12-23 16:07:26,366 - INFO - GEUAMCHEOUN
2022-12-23 16:07:26,366 - INFO - GEUAMCHEOUN
2022-12-23 16:07:26,366 - INFO - GEUAMCHEOUN
2022-12-23 16:07:26,366 - INFO - GEUAMCHEOUN
2022-12-23 16:07:26,366 - INFO - GEUAMCHEOUN
2022-12-23 16:07:26,366 - INFO - GEUAMCHEOUN
2022-12-23 16:07:26,366 - INFO - GEUAMCHEOUN
2022-12-23 16:07:26,366 - INFO - GEUAMCHEOUN
2022-12-23 16:07:26,366 - INFO - GEUAMCHEOUN
2022-12-23 16:07:26,366 - INFO - GEUAMCHEOUN
2022-12-23 16:07:26,366 - INFO - GEUAMCHEOUN
2022-12-23 16:07:26,366 - INFO - GEUAMCHEOUN
2022-12-23 16:07:26,366 - INFO - GEUAMCHEOUN
2022-12-23 16:07:26,366 - INFO - GEUAMCHEOUN
2022-12-23 16:07:26,366 - INFO - GEUAMCHEOUN
2022-12-23 16:07:26,366 - INFO - GEUAMCHEOUN
2022-12-23 16:07:26,366 - INFO - GEUAMCHEOUN
2022-12-23 16:07:26,366 - INFO - GEUAMCHEOUN
2022-12-23 16:07:26,366 - INFO - GEUAMCHEOUN
2022-12-23 16:07:26,366 - INFO - GEUAMCHEOUN
2022-12-23 16:07:26,366 - INFO - GEUAMCHEOUN
2022-12-23 16:07:29,516 - INFO - GEUAMCHEOUN
2022-12-23 16:07:29,516 - INFO - GEUAMCHEOUN
2022-12-23 16:07:29,516 - INFO - GEUAMCHEOUN
2022-12-23 16:07:29,516 - INFO - GEUAMCHEOUN
2022-12-23 16:07:29,516 - INFO - GEUAMCHEOUN
2022-12-23 16:07:29,516 - INFO - GEUAMCHEOUN
2022-12-23 16:07:29,516 - INFO - GEUAMCHEOUN
2022-12-23 16:07:29,516 - INFO - GEUAMCHEOUN
2022-12-23 16:07:29,516 - INFO - GEUAMCHEOUN
2022-12-23 16:07:29,516 - INFO - GEUAMCHEOUN
2022-12-23 16:07:29,516 - INFO - GEUAMCHEOUN
2022-12-23 16:07:29,516 - INFO - GEUAMCHEOUN
2022-12-23 16:07:29,516 - INFO - GEUAMCHEOUN
2022-12-23 16:07:29,516 - INFO - GEUAMCHEOUN
2022-12-23 16:07:29,516 - INFO - GEUAMCHEOUN
2022-12-23 16:07:29,516 - INFO - GEUAMCHEOUN
2022-12-23 16:07:29,516 - INFO - GEUAMCHEOUN
2022-12-23 16:07:29,516 - INFO - GEUAMCHEOUN
2022-12-23 16:07:29,516 - INFO - GEUAMCHEOUN
2022-12-23 16:07:29,516 - INFO - GEUAMCHEOUN
2022-12-23 16:07:29,516 - INFO - GEUAMCHEOUN
2022-12-23 16:07:29,516 - INFO - GEUAMCHEOUN
2022-12-23 16:07:29,516 - INFO - GEUAMCHEOUN
2022-12-23 16:07:29,516 - INFO - GEUAMCHEOUN
2022-12-23 16:07:29,516 - INFO - GEUAMCHEOUN
2022-12-23 16:07:30,791 - INFO - GWANAK
2022-12-23 16:07:30,791 - INFO - GWANAK
2022-12-23 16:07:30,791 - INFO - GWANAK
2022-12-23 16:07:30,791 - INFO - GWANAK
2022-12-23 16:07:30,791 - INFO - GWANAK
2022-12-23 16:07:30,791 - INFO - GWANAK
2022-12-23 16:07:30,791 - INFO - GWANAK
2022-12-23 16:07:30,791 - INFO - GWANAK
2022-12-23 16:07:30,791 - INFO - GWANAK
2022-12-23 16:07:30,791 - INFO - GWANAK
2022-12-23 16:07:30,791 - INFO - GWANAK
2022-12-23 16:07:30,791 - INFO - GWANAK
2022-12-23 16:07:30,791 - INFO - GWANAK
2022-12-23 16:07:30,791 - INFO - GWANAK
2022-12-23 16:07:30,791 - INFO - GWANAK
2022-12-23 16:07:30,791 - INFO - GWANAK
2022-12-23 16:07:30,791 - INFO - GWANAK
2022-12-23 16:07:30,791 - INFO - GWANAK
2022-12-23 16:07:30,791 - INFO - GWANAK
2022-12-23 16:07:30,791 - INFO - GWANAK
2022-12-23 16:07:30,791 - INFO - GWANAK
2022-12-23 16:07:30,791 - INFO - GWANAK
2022-12-23 16:07:30,791 - INFO - GWANAK
2022-12-23 16:07:30,791 - INFO - GWANAK
2022-12-23 16:07:30,791 - INFO - GWANAK
2022-12-23 16:07:30,791 - INFO - GWANAK
2022-12-23 16:07:47,545 - INFO - GWANAK
2022-12-23 16:07:47,545 - INFO - GWANAK
2022-12-23 16:07:47,545 - INFO - GWANAK
2022-12-23 16:07:47,545 - INFO - GWANAK
2022-12-23 16:07:47,545 - INFO - GWANAK
2022-12-23 16:07:47,545 - INFO - GWANAK
2022-12-23 16:07:47,545 - INFO - GWANAK
2022-12-23 16:07:47,545 - INFO - GWANAK
2022-12-23 16:07:47,545 - INFO - GWANAK
2022-12-23 16:07:47,545 - INFO - GWANAK
2022-12-23 16:07:47,545 - INFO - GWANAK
2022-12-23 16:07:47,545 - INFO - GWANAK
2022-12-23 16:07:47,545 - INFO - GWANAK
2022-12-23 16:07:47,545 - INFO - GWANAK
2022-12-23 16:07:47,545 - INFO - GWANAK
2022-12-23 16:07:47,545 - INFO - GWANAK
2022-12-23 16:07:47,545 - INFO - GWANAK
2022-12-23 16:07:47,545 - INFO - GWANAK
2022-12-23 16:07:47,545 - INFO - GWANAK
2022-12-23 16:07:47,545 - INFO - GWANAK
2022-12-23 16:07:47,545 - INFO - GWANAK
2022-12-23 16:07:47,545 - INFO - GWANAK
2022-12-23 16:07:47,545 - INFO - GWANAK
2022-12-23 16:07:47,545 - INFO - GWANAK
2022-12-23 16:07:47,545 - INFO - GWANAK
2022-12-23 16:07:47,545 - INFO - GWANAK
2022-12-23 16:07:47,545 - INFO - GWANAK
2022-12-23 16:08:31,223 - INFO - SEONGDONG
2022-12-23 16:08:31,223 - INFO - SEONGDONG
2022-12-23 16:08:31,223 - INFO - SEONGDONG
2022-12-23 16:08:31,223 - INFO - SEONGDONG
2022-12-23 16:08:31,223 - INFO - SEONGDONG
2022-12-23 16:08:31,223 - INFO - SEONGDONG
2022-12-23 16:08:31,223 - INFO - SEONGDONG
2022-12-23 16:08:31,223 - INFO - SEONGDONG
2022-12-23 16:08:31,223 - INFO - SEONGDONG
2022-12-23 16:08:31,223 - INFO - SEONGDONG
2022-12-23 16:08:31,223 - INFO - SEONGDONG
2022-12-23 16:08:31,223 - INFO - SEONGDONG
2022-12-23 16:08:31,223 - INFO - SEONGDONG
2022-12-23 16:08:31,223 - INFO - SEONGDONG
2022-12-23 16:08:31,223 - INFO - SEONGDONG
2022-12-23 16:08:31,223 - INFO - SEONGDONG
2022-12-23 16:08:31,223 - INFO - SEONGDONG
2022-12-23 16:08:31,223 - INFO - SEONGDONG
2022-12-23 16:08:31,223 - INFO - SEONGDONG
2022-12-23 16:08:31,223 - INFO - SEONGDONG
2022-12-23 16:08:31,223 - INFO - SEONGDONG
2022-12-23 16:08:31,223 - INFO - SEONGDONG
2022-12-23 16:08:31,223 - INFO - SEONGDONG
2022-12-23 16:08:31,223 - INFO - SEONGDONG
2022-12-23 16:08:31,223 - INFO - SEONGDONG
2022-12-23 16:08:31,223 - INFO - SEONGDONG
2022-12-23 16:08:31,223 - INFO - SEONGDONG
2022-12-23 16:08:31,223 - INFO - SEONGDONG
2022-12-23 16:08:41,850 - INFO - EUNPYENG
2022-12-23 16:08:41,850 - INFO - EUNPYENG
2022-12-23 16:08:41,850 - INFO - EUNPYENG
2022-12-23 16:08:41,850 - INFO - EUNPYENG
2022-12-23 16:08:41,850 - INFO - EUNPYENG
2022-12-23 16:08:41,850 - INFO - EUNPYENG
2022-12-23 16:08:41,850 - INFO - EUNPYENG
2022-12-23 16:08:41,850 - INFO - EUNPYENG
2022-12-23 16:08:41,850 - INFO - EUNPYENG
2022-12-23 16:08:41,850 - INFO - EUNPYENG
2022-12-23 16:08:41,850 - INFO - EUNPYENG
2022-12-23 16:08:41,850 - INFO - EUNPYENG
2022-12-23 16:08:41,850 - INFO - EUNPYENG
2022-12-23 16:08:41,850 - INFO - EUNPYENG
2022-12-23 16:08:41,850 - INFO - EUNPYENG
2022-12-23 16:08:41,850 - INFO - EUNPYENG
2022-12-23 16:08:41,850 - INFO - EUNPYENG
2022-12-23 16:08:41,850 - INFO - EUNPYENG
2022-12-23 16:08:41,850 - INFO - EUNPYENG
2022-12-23 16:08:41,850 - INFO - EUNPYENG
2022-12-23 16:08:41,850 - INFO - EUNPYENG
2022-12-23 16:08:41,850 - INFO - EUNPYENG
2022-12-23 16:08:41,850 - INFO - EUNPYENG
2022-12-23 16:08:41,850 - INFO - EUNPYENG
2022-12-23 16:08:41,850 - INFO - EUNPYENG
2022-12-23 16:08:41,850 - INFO - EUNPYENG
2022-12-23 16:08:41,850 - INFO - EUNPYENG
2022-12-23 16:08:41,850 - INFO - EUNPYENG
2022-12-23 16:08:41,850 - INFO - EUNPYENG
2022-12-23 16:08:57,487 - INFO - EUNPYENG
2022-12-23 16:08:57,487 - INFO - EUNPYENG
2022-12-23 16:08:57,487 - INFO - EUNPYENG
2022-12-23 16:08:57,487 - INFO - EUNPYENG
2022-12-23 16:08:57,487 - INFO - EUNPYENG
2022-12-23 16:08:57,487 - INFO - EUNPYENG
2022-12-23 16:08:57,487 - INFO - EUNPYENG
2022-12-23 16:08:57,487 - INFO - EUNPYENG
2022-12-23 16:08:57,487 - INFO - EUNPYENG
2022-12-23 16:08:57,487 - INFO - EUNPYENG
2022-12-23 16:08:57,487 - INFO - EUNPYENG
2022-12-23 16:08:57,487 - INFO - EUNPYENG
2022-12-23 16:08:57,487 - INFO - EUNPYENG
2022-12-23 16:08:57,487 - INFO - EUNPYENG
2022-12-23 16:08:57,487 - INFO - EUNPYENG
2022-12-23 16:08:57,487 - INFO - EUNPYENG
2022-12-23 16:08:57,487 - INFO - EUNPYENG
2022-12-23 16:08:57,487 - INFO - EUNPYENG
2022-12-23 16:08:57,487 - INFO - EUNPYENG
2022-12-23 16:08:57,487 - INFO - EUNPYENG
2022-12-23 16:08:57,487 - INFO - EUNPYENG
2022-12-23 16:08:57,487 - INFO - EUNPYENG
2022-12-23 16:08:57,487 - INFO - EUNPYENG
2022-12-23 16:08:57,487 - INFO - EUNPYENG
2022-12-23 16:08:57,487 - INFO - EUNPYENG
2022-12-23 16:08:57,487 - INFO - EUNPYENG
2022-12-23 16:08:57,487 - INFO - EUNPYENG
2022-12-23 16:08:57,487 - INFO - EUNPYENG
2022-12-23 16:08:57,487 - INFO - EUNPYENG
2022-12-23 16:08:57,487 - INFO - EUNPYENG
2022-12-23 16:09:01,415 - INFO - EUNPYENG
2022-12-23 16:09:01,415 - INFO - EUNPYENG
2022-12-23 16:09:01,415 - INFO - EUNPYENG
2022-12-23 16:09:01,415 - INFO - EUNPYENG
2022-12-23 16:09:01,415 - INFO - EUNPYENG
2022-12-23 16:09:01,415 - INFO - EUNPYENG
2022-12-23 16:09:01,415 - INFO - EUNPYENG
2022-12-23 16:09:01,415 - INFO - EUNPYENG
2022-12-23 16:09:01,415 - INFO - EUNPYENG
2022-12-23 16:09:01,415 - INFO - EUNPYENG
2022-12-23 16:09:01,415 - INFO - EUNPYENG
2022-12-23 16:09:01,415 - INFO - EUNPYENG
2022-12-23 16:09:01,415 - INFO - EUNPYENG
2022-12-23 16:09:01,415 - INFO - EUNPYENG
2022-12-23 16:09:01,415 - INFO - EUNPYENG
2022-12-23 16:09:01,415 - INFO - EUNPYENG
2022-12-23 16:09:01,415 - INFO - EUNPYENG
2022-12-23 16:09:01,415 - INFO - EUNPYENG
2022-12-23 16:09:01,415 - INFO - EUNPYENG
2022-12-23 16:09:01,415 - INFO - EUNPYENG
2022-12-23 16:09:01,415 - INFO - EUNPYENG
2022-12-23 16:09:01,415 - INFO - EUNPYENG
2022-12-23 16:09:01,415 - INFO - EUNPYENG
2022-12-23 16:09:01,415 - INFO - EUNPYENG
2022-12-23 16:09:01,415 - INFO - EUNPYENG
2022-12-23 16:09:01,415 - INFO - EUNPYENG
2022-12-23 16:09:01,415 - INFO - EUNPYENG
2022-12-23 16:09:01,415 - INFO - EUNPYENG
2022-12-23 16:09:01,415 - INFO - EUNPYENG
2022-12-23 16:09:01,415 - INFO - EUNPYENG
2022-12-23 16:09:01,415 - INFO - EUNPYENG
2022-12-23 16:09:02,720 - INFO - GWANGZIN
2022-12-23 16:09:02,720 - INFO - GWANGZIN
2022-12-23 16:09:02,720 - INFO - GWANGZIN
2022-12-23 16:09:02,720 - INFO - GWANGZIN
2022-12-23 16:09:02,720 - INFO - GWANGZIN
2022-12-23 16:09:02,720 - INFO - GWANGZIN
2022-12-23 16:09:02,720 - INFO - GWANGZIN
2022-12-23 16:09:02,720 - INFO - GWANGZIN
2022-12-23 16:09:02,720 - INFO - GWANGZIN
2022-12-23 16:09:02,720 - INFO - GWANGZIN
2022-12-23 16:09:02,720 - INFO - GWANGZIN
2022-12-23 16:09:02,720 - INFO - GWANGZIN
2022-12-23 16:09:02,720 - INFO - GWANGZIN
2022-12-23 16:09:02,720 - INFO - GWANGZIN
2022-12-23 16:09:02,720 - INFO - GWANGZIN
2022-12-23 16:09:02,720 - INFO - GWANGZIN
2022-12-23 16:09:02,720 - INFO - GWANGZIN
2022-12-23 16:09:02,720 - INFO - GWANGZIN
2022-12-23 16:09:02,720 - INFO - GWANGZIN
2022-12-23 16:09:02,720 - INFO - GWANGZIN
2022-12-23 16:09:02,720 - INFO - GWANGZIN
2022-12-23 16:09:02,720 - INFO - GWANGZIN
2022-12-23 16:09:02,720 - INFO - GWANGZIN
2022-12-23 16:09:02,720 - INFO - GWANGZIN
2022-12-23 16:09:02,720 - INFO - GWANGZIN
2022-12-23 16:09:02,720 - INFO - GWANGZIN
2022-12-23 16:09:02,720 - INFO - GWANGZIN
2022-12-23 16:09:02,720 - INFO - GWANGZIN
2022-12-23 16:09:02,720 - INFO - GWANGZIN
2022-12-23 16:09:02,720 - INFO - GWANGZIN
2022-12-23 16:09:02,720 - INFO - GWANGZIN
2022-12-23 16:09:02,720 - INFO - GWANGZIN
2022-12-23 16:09:03,998 - INFO - GWANGZIN
2022-12-23 16:09:03,998 - INFO - GWANGZIN
2022-12-23 16:09:03,998 - INFO - GWANGZIN
2022-12-23 16:09:03,998 - INFO - GWANGZIN
2022-12-23 16:09:03,998 - INFO - GWANGZIN
2022-12-23 16:09:03,998 - INFO - GWANGZIN
2022-12-23 16:09:03,998 - INFO - GWANGZIN
2022-12-23 16:09:03,998 - INFO - GWANGZIN
2022-12-23 16:09:03,998 - INFO - GWANGZIN
2022-12-23 16:09:03,998 - INFO - GWANGZIN
2022-12-23 16:09:03,998 - INFO - GWANGZIN
2022-12-23 16:09:03,998 - INFO - GWANGZIN
2022-12-23 16:09:03,998 - INFO - GWANGZIN
2022-12-23 16:09:03,998 - INFO - GWANGZIN
2022-12-23 16:09:03,998 - INFO - GWANGZIN
2022-12-23 16:09:03,998 - INFO - GWANGZIN
2022-12-23 16:09:03,998 - INFO - GWANGZIN
2022-12-23 16:09:03,998 - INFO - GWANGZIN
2022-12-23 16:09:03,998 - INFO - GWANGZIN
2022-12-23 16:09:03,998 - INFO - GWANGZIN
2022-12-23 16:09:03,998 - INFO - GWANGZIN
2022-12-23 16:09:03,998 - INFO - GWANGZIN
2022-12-23 16:09:03,998 - INFO - GWANGZIN
2022-12-23 16:09:03,998 - INFO - GWANGZIN
2022-12-23 16:09:03,998 - INFO - GWANGZIN
2022-12-23 16:09:03,998 - INFO - GWANGZIN
2022-12-23 16:09:03,998 - INFO - GWANGZIN
2022-12-23 16:09:03,998 - INFO - GWANGZIN
2022-12-23 16:09:03,998 - INFO - GWANGZIN
2022-12-23 16:09:03,998 - INFO - GWANGZIN
2022-12-23 16:09:03,998 - INFO - GWANGZIN
2022-12-23 16:09:03,998 - INFO - GWANGZIN
2022-12-23 16:09:03,998 - INFO - GWANGZIN
2022-12-23 16:09:05,827 - INFO - JONGRO
2022-12-23 16:09:05,827 - INFO - JONGRO
2022-12-23 16:09:05,827 - INFO - JONGRO
2022-12-23 16:09:05,827 - INFO - JONGRO
2022-12-23 16:09:05,827 - INFO - JONGRO
2022-12-23 16:09:05,827 - INFO - JONGRO
2022-12-23 16:09:05,827 - INFO - JONGRO
2022-12-23 16:09:05,827 - INFO - JONGRO
2022-12-23 16:09:05,827 - INFO - JONGRO
2022-12-23 16:09:05,827 - INFO - JONGRO
2022-12-23 16:09:05,827 - INFO - JONGRO
2022-12-23 16:09:05,827 - INFO - JONGRO
2022-12-23 16:09:05,827 - INFO - JONGRO
2022-12-23 16:09:05,827 - INFO - JONGRO
2022-12-23 16:09:05,827 - INFO - JONGRO
2022-12-23 16:09:05,827 - INFO - JONGRO
2022-12-23 16:09:05,827 - INFO - JONGRO
2022-12-23 16:09:05,827 - INFO - JONGRO
2022-12-23 16:09:05,827 - INFO - JONGRO
2022-12-23 16:09:05,827 - INFO - JONGRO
2022-12-23 16:09:05,827 - INFO - JONGRO
2022-12-23 16:09:05,827 - INFO - JONGRO
2022-12-23 16:09:05,827 - INFO - JONGRO
2022-12-23 16:09:05,827 - INFO - JONGRO
2022-12-23 16:09:05,827 - INFO - JONGRO
2022-12-23 16:09:05,827 - INFO - JONGRO
2022-12-23 16:09:05,827 - INFO - JONGRO
2022-12-23 16:09:05,827 - INFO - JONGRO
2022-12-23 16:09:05,827 - INFO - JONGRO
2022-12-23 16:09:05,827 - INFO - JONGRO
2022-12-23 16:09:05,827 - INFO - JONGRO
2022-12-23 16:09:05,827 - INFO - JONGRO
2022-12-23 16:09:05,827 - INFO - JONGRO
2022-12-23 16:09:05,827 - INFO - JONGRO
2022-12-23 16:09:18,462 - INFO - JONGRO
2022-12-23 16:09:18,462 - INFO - JONGRO
2022-12-23 16:09:18,462 - INFO - JONGRO
2022-12-23 16:09:18,462 - INFO - JONGRO
2022-12-23 16:09:18,462 - INFO - JONGRO
2022-12-23 16:09:18,462 - INFO - JONGRO
2022-12-23 16:09:18,462 - INFO - JONGRO
2022-12-23 16:09:18,462 - INFO - JONGRO
2022-12-23 16:09:18,462 - INFO - JONGRO
2022-12-23 16:09:18,462 - INFO - JONGRO
2022-12-23 16:09:18,462 - INFO - JONGRO
2022-12-23 16:09:18,462 - INFO - JONGRO
2022-12-23 16:09:18,462 - INFO - JONGRO
2022-12-23 16:09:18,462 - INFO - JONGRO
2022-12-23 16:09:18,462 - INFO - JONGRO
2022-12-23 16:09:18,462 - INFO - JONGRO
2022-12-23 16:09:18,462 - INFO - JONGRO
2022-12-23 16:09:18,462 - INFO - JONGRO
2022-12-23 16:09:18,462 - INFO - JONGRO
2022-12-23 16:09:18,462 - INFO - JONGRO
2022-12-23 16:09:18,462 - INFO - JONGRO
2022-12-23 16:09:18,462 - INFO - JONGRO
2022-12-23 16:09:18,462 - INFO - JONGRO
2022-12-23 16:09:18,462 - INFO - JONGRO
2022-12-23 16:09:18,462 - INFO - JONGRO
2022-12-23 16:09:18,462 - INFO - JONGRO
2022-12-23 16:09:18,462 - INFO - JONGRO
2022-12-23 16:09:18,462 - INFO - JONGRO
2022-12-23 16:09:18,462 - INFO - JONGRO
2022-12-23 16:09:18,462 - INFO - JONGRO
2022-12-23 16:09:18,462 - INFO - JONGRO
2022-12-23 16:09:18,462 - INFO - JONGRO
2022-12-23 16:09:18,462 - INFO - JONGRO
2022-12-23 16:09:18,462 - INFO - JONGRO
2022-12-23 16:09:18,462 - INFO - JONGRO
2022-12-23 16:09:20,134 - INFO - JUNGGU
2022-12-23 16:09:20,134 - INFO - JUNGGU
2022-12-23 16:09:20,134 - INFO - JUNGGU
2022-12-23 16:09:20,134 - INFO - JUNGGU
2022-12-23 16:09:20,134 - INFO - JUNGGU
2022-12-23 16:09:20,134 - INFO - JUNGGU
2022-12-23 16:09:20,134 - INFO - JUNGGU
2022-12-23 16:09:20,134 - INFO - JUNGGU
2022-12-23 16:09:20,134 - INFO - JUNGGU
2022-12-23 16:09:20,134 - INFO - JUNGGU
2022-12-23 16:09:20,134 - INFO - JUNGGU
2022-12-23 16:09:20,134 - INFO - JUNGGU
2022-12-23 16:09:20,134 - INFO - JUNGGU
2022-12-23 16:09:20,134 - INFO - JUNGGU
2022-12-23 16:09:20,134 - INFO - JUNGGU
2022-12-23 16:09:20,134 - INFO - JUNGGU
2022-12-23 16:09:20,134 - INFO - JUNGGU
2022-12-23 16:09:20,134 - INFO - JUNGGU
2022-12-23 16:09:20,134 - INFO - JUNGGU
2022-12-23 16:09:20,134 - INFO - JUNGGU
2022-12-23 16:09:20,134 - INFO - JUNGGU
2022-12-23 16:09:20,134 - INFO - JUNGGU
2022-12-23 16:09:20,134 - INFO - JUNGGU
2022-12-23 16:09:20,134 - INFO - JUNGGU
2022-12-23 16:09:20,134 - INFO - JUNGGU
2022-12-23 16:09:20,134 - INFO - JUNGGU
2022-12-23 16:09:20,134 - INFO - JUNGGU
2022-12-23 16:09:20,134 - INFO - JUNGGU
2022-12-23 16:09:20,134 - INFO - JUNGGU
2022-12-23 16:09:20,134 - INFO - JUNGGU
2022-12-23 16:09:20,134 - INFO - JUNGGU
2022-12-23 16:09:20,134 - INFO - JUNGGU
2022-12-23 16:09:20,134 - INFO - JUNGGU
2022-12-23 16:09:20,134 - INFO - JUNGGU
2022-12-23 16:09:20,134 - INFO - JUNGGU
2022-12-23 16:09:20,134 - INFO - JUNGGU
2022-12-23 16:09:21,703 - INFO - JUNGGU
2022-12-23 16:09:21,703 - INFO - JUNGGU
2022-12-23 16:09:21,703 - INFO - JUNGGU
2022-12-23 16:09:21,703 - INFO - JUNGGU
2022-12-23 16:09:21,703 - INFO - JUNGGU
2022-12-23 16:09:21,703 - INFO - JUNGGU
2022-12-23 16:09:21,703 - INFO - JUNGGU
2022-12-23 16:09:21,703 - INFO - JUNGGU
2022-12-23 16:09:21,703 - INFO - JUNGGU
2022-12-23 16:09:21,703 - INFO - JUNGGU
2022-12-23 16:09:21,703 - INFO - JUNGGU
2022-12-23 16:09:21,703 - INFO - JUNGGU
2022-12-23 16:09:21,703 - INFO - JUNGGU
2022-12-23 16:09:21,703 - INFO - JUNGGU
2022-12-23 16:09:21,703 - INFO - JUNGGU
2022-12-23 16:09:21,703 - INFO - JUNGGU
2022-12-23 16:09:21,703 - INFO - JUNGGU
2022-12-23 16:09:21,703 - INFO - JUNGGU
2022-12-23 16:09:21,703 - INFO - JUNGGU
2022-12-23 16:09:21,703 - INFO - JUNGGU
2022-12-23 16:09:21,703 - INFO - JUNGGU
2022-12-23 16:09:21,703 - INFO - JUNGGU
2022-12-23 16:09:21,703 - INFO - JUNGGU
2022-12-23 16:09:21,703 - INFO - JUNGGU
2022-12-23 16:09:21,703 - INFO - JUNGGU
2022-12-23 16:09:21,703 - INFO - JUNGGU
2022-12-23 16:09:21,703 - INFO - JUNGGU
2022-12-23 16:09:21,703 - INFO - JUNGGU
2022-12-23 16:09:21,703 - INFO - JUNGGU
2022-12-23 16:09:21,703 - INFO - JUNGGU
2022-12-23 16:09:21,703 - INFO - JUNGGU
2022-12-23 16:09:21,703 - INFO - JUNGGU
2022-12-23 16:09:21,703 - INFO - JUNGGU
2022-12-23 16:09:21,703 - INFO - JUNGGU
2022-12-23 16:09:21,703 - INFO - JUNGGU
2022-12-23 16:09:21,703 - INFO - JUNGGU
2022-12-23 16:09:21,703 - INFO - JUNGGU
2022-12-23 16:09:29,926 - INFO - MAPO
2022-12-23 16:09:29,926 - INFO - MAPO
2022-12-23 16:09:29,926 - INFO - MAPO
2022-12-23 16:09:29,926 - INFO - MAPO
2022-12-23 16:09:29,926 - INFO - MAPO
2022-12-23 16:09:29,926 - INFO - MAPO
2022-12-23 16:09:29,926 - INFO - MAPO
2022-12-23 16:09:29,926 - INFO - MAPO
2022-12-23 16:09:29,926 - INFO - MAPO
2022-12-23 16:09:29,926 - INFO - MAPO
2022-12-23 16:09:29,926 - INFO - MAPO
2022-12-23 16:09:29,926 - INFO - MAPO
2022-12-23 16:09:29,926 - INFO - MAPO
2022-12-23 16:09:29,926 - INFO - MAPO
2022-12-23 16:09:29,926 - INFO - MAPO
2022-12-23 16:09:29,926 - INFO - MAPO
2022-12-23 16:09:29,926 - INFO - MAPO
2022-12-23 16:09:29,926 - INFO - MAPO
2022-12-23 16:09:29,926 - INFO - MAPO
2022-12-23 16:09:29,926 - INFO - MAPO
2022-12-23 16:09:29,926 - INFO - MAPO
2022-12-23 16:09:29,926 - INFO - MAPO
2022-12-23 16:09:29,926 - INFO - MAPO
2022-12-23 16:09:29,926 - INFO - MAPO
2022-12-23 16:09:29,926 - INFO - MAPO
2022-12-23 16:09:29,926 - INFO - MAPO
2022-12-23 16:09:29,926 - INFO - MAPO
2022-12-23 16:09:29,926 - INFO - MAPO
2022-12-23 16:09:29,926 - INFO - MAPO
2022-12-23 16:09:29,926 - INFO - MAPO
2022-12-23 16:09:29,926 - INFO - MAPO
2022-12-23 16:09:29,926 - INFO - MAPO
2022-12-23 16:09:29,926 - INFO - MAPO
2022-12-23 16:09:29,926 - INFO - MAPO
2022-12-23 16:09:29,926 - INFO - MAPO
2022-12-23 16:09:29,926 - INFO - MAPO
2022-12-23 16:09:29,926 - INFO - MAPO
2022-12-23 16:09:29,926 - INFO - MAPO
2022-12-23 16:23:41,822 - INFO - MAPO
2022-12-23 16:23:48,097 - INFO - MAPO
2022-12-23 16:23:48,097 - INFO - MAPO
2022-12-23 16:23:50,525 - INFO - MAPO
2022-12-23 16:23:50,525 - INFO - MAPO
2022-12-23 16:23:50,525 - INFO - MAPO
2022-12-23 16:23:52,838 - INFO - MAPO
2022-12-23 16:23:52,838 - INFO - MAPO
2022-12-23 16:23:52,838 - INFO - MAPO
2022-12-23 16:23:52,838 - INFO - MAPO
2022-12-23 16:23:58,057 - INFO - NOWON
2022-12-23 16:23:58,057 - INFO - NOWON
2022-12-23 16:23:58,057 - INFO - NOWON
2022-12-23 16:23:58,057 - INFO - NOWON
2022-12-23 16:23:58,057 - INFO - NOWON
2022-12-23 16:24:07,817 - INFO - NOWON
2022-12-23 16:24:07,817 - INFO - NOWON
2022-12-23 16:24:07,817 - INFO - NOWON
2022-12-23 16:24:07,817 - INFO - NOWON
2022-12-23 16:24:07,817 - INFO - NOWON
2022-12-23 16:24:07,817 - INFO - NOWON
2022-12-23 16:24:20,491 - INFO - SEOCHO
2022-12-23 16:24:20,491 - INFO - SEOCHO
2022-12-23 16:24:20,491 - INFO - SEOCHO
2022-12-23 16:24:20,491 - INFO - SEOCHO
2022-12-23 16:24:20,491 - INFO - SEOCHO
2022-12-23 16:24:20,491 - INFO - SEOCHO
2022-12-23 16:24:20,491 - INFO - SEOCHO
2022-12-23 16:24:22,406 - INFO - SEOCHO
2022-12-23 16:24:22,406 - INFO - SEOCHO
2022-12-23 16:24:22,406 - INFO - SEOCHO
2022-12-23 16:24:22,406 - INFO - SEOCHO
2022-12-23 16:24:22,406 - INFO - SEOCHO
2022-12-23 16:24:22,406 - INFO - SEOCHO
2022-12-23 16:24:22,406 - INFO - SEOCHO
2022-12-23 16:24:22,406 - INFO - SEOCHO
2022-12-23 16:24:24,135 - INFO - SEOCHO
2022-12-23 16:24:24,135 - INFO - SEOCHO
2022-12-23 16:24:24,135 - INFO - SEOCHO
2022-12-23 16:24:24,135 - INFO - SEOCHO
2022-12-23 16:24:24,135 - INFO - SEOCHO
2022-12-23 16:24:24,135 - INFO - SEOCHO
2022-12-23 16:24:24,135 - INFO - SEOCHO
2022-12-23 16:24:24,135 - INFO - SEOCHO
2022-12-23 16:24:24,135 - INFO - SEOCHO
2022-12-23 16:24:25,875 - INFO - SEOCHO
2022-12-23 16:24:25,875 - INFO - SEOCHO
2022-12-23 16:24:25,875 - INFO - SEOCHO
2022-12-23 16:24:25,875 - INFO - SEOCHO
2022-12-23 16:24:25,875 - INFO - SEOCHO
2022-12-23 16:24:25,875 - INFO - SEOCHO
2022-12-23 16:24:25,875 - INFO - SEOCHO
2022-12-23 16:24:25,875 - INFO - SEOCHO
2022-12-23 16:24:25,875 - INFO - SEOCHO
2022-12-23 16:24:25,875 - INFO - SEOCHO
2022-12-23 16:24:26,948 - INFO - SEONGBUK
2022-12-23 16:24:26,948 - INFO - SEONGBUK
2022-12-23 16:24:26,948 - INFO - SEONGBUK
2022-12-23 16:24:26,948 - INFO - SEONGBUK
2022-12-23 16:24:26,948 - INFO - SEONGBUK
2022-12-23 16:24:26,948 - INFO - SEONGBUK
2022-12-23 16:24:26,948 - INFO - SEONGBUK
2022-12-23 16:24:26,948 - INFO - SEONGBUK
2022-12-23 16:24:26,948 - INFO - SEONGBUK
2022-12-23 16:24:26,948 - INFO - SEONGBUK
2022-12-23 16:24:26,948 - INFO - SEONGBUK
2022-12-23 16:24:35,105 - INFO - SONGPA
2022-12-23 16:24:35,105 - INFO - SONGPA
2022-12-23 16:24:35,105 - INFO - SONGPA
2022-12-23 16:24:35,105 - INFO - SONGPA
2022-12-23 16:24:35,105 - INFO - SONGPA
2022-12-23 16:24:35,105 - INFO - SONGPA
2022-12-23 16:24:35,105 - INFO - SONGPA
2022-12-23 16:24:35,105 - INFO - SONGPA
2022-12-23 16:24:35,105 - INFO - SONGPA
2022-12-23 16:24:35,105 - INFO - SONGPA
2022-12-23 16:24:35,105 - INFO - SONGPA
2022-12-23 16:24:35,105 - INFO - SONGPA
2022-12-23 16:24:41,226 - INFO - SONGPA
2022-12-23 16:24:41,226 - INFO - SONGPA
2022-12-23 16:24:41,226 - INFO - SONGPA
2022-12-23 16:24:41,226 - INFO - SONGPA
2022-12-23 16:24:41,226 - INFO - SONGPA
2022-12-23 16:24:41,226 - INFO - SONGPA
2022-12-23 16:24:41,226 - INFO - SONGPA
2022-12-23 16:24:41,226 - INFO - SONGPA
2022-12-23 16:24:41,226 - INFO - SONGPA
2022-12-23 16:24:41,226 - INFO - SONGPA
2022-12-23 16:24:41,226 - INFO - SONGPA
2022-12-23 16:24:41,226 - INFO - SONGPA
2022-12-23 16:24:41,226 - INFO - SONGPA
2022-12-23 16:24:43,445 - INFO - SONGPA
2022-12-23 16:24:43,445 - INFO - SONGPA
2022-12-23 16:24:43,445 - INFO - SONGPA
2022-12-23 16:24:43,445 - INFO - SONGPA
2022-12-23 16:24:43,445 - INFO - SONGPA
2022-12-23 16:24:43,445 - INFO - SONGPA
2022-12-23 16:24:43,445 - INFO - SONGPA
2022-12-23 16:24:43,445 - INFO - SONGPA
2022-12-23 16:24:43,445 - INFO - SONGPA
2022-12-23 16:24:43,445 - INFO - SONGPA
2022-12-23 16:24:43,445 - INFO - SONGPA
2022-12-23 16:24:43,445 - INFO - SONGPA
2022-12-23 16:24:43,445 - INFO - SONGPA
2022-12-23 16:24:43,445 - INFO - SONGPA
2022-12-23 17:20:01,704 - INFO - SONGPA
2022-12-23 17:20:03,815 - INFO - SONGPA
2022-12-23 17:20:03,815 - INFO - SONGPA
2022-12-23 17:20:06,410 - INFO - SONGPA
2022-12-23 17:20:06,410 - INFO - SONGPA
2022-12-23 17:20:06,410 - INFO - SONGPA
2022-12-23 17:20:07,687 - INFO - YANGCHEON
2022-12-23 17:20:07,687 - INFO - YANGCHEON
2022-12-23 17:20:07,687 - INFO - YANGCHEON
2022-12-23 17:20:07,687 - INFO - YANGCHEON
2022-12-23 17:20:16,760 - INFO - YANGCHEON
2022-12-23 17:20:16,760 - INFO - YANGCHEON
2022-12-23 17:20:16,760 - INFO - YANGCHEON
2022-12-23 17:20:16,760 - INFO - YANGCHEON
2022-12-23 17:20:16,760 - INFO - YANGCHEON
2022-12-23 17:57:36,784 - INFO - YANGCHEON
2022-12-23 17:57:46,068 - INFO - YANGCHEON
2022-12-23 17:57:46,068 - INFO - YANGCHEON
2022-12-23 17:57:47,655 - INFO - YEONGDEUNGPO
2022-12-23 17:57:47,655 - INFO - YEONGDEUNGPO
2022-12-23 17:57:47,655 - INFO - YEONGDEUNGPO
2022-12-23 17:57:49,599 - INFO - YEONGDEUNGPO
2022-12-23 17:57:49,599 - INFO - YEONGDEUNGPO
2022-12-23 17:57:49,599 - INFO - YEONGDEUNGPO
2022-12-23 17:57:49,599 - INFO - YEONGDEUNGPO
2022-12-23 17:57:52,314 - INFO - SEOUL
2022-12-23 17:57:52,314 - INFO - SEOUL
2022-12-23 17:57:52,314 - INFO - SEOUL
2022-12-23 17:57:52,314 - INFO - SEOUL
2022-12-23 17:57:52,314 - INFO - SEOUL
2022-12-23 17:57:54,539 - INFO - SEOUL
2022-12-23 17:57:54,539 - INFO - SEOUL
2022-12-23 17:57:54,539 - INFO - SEOUL
2022-12-23 17:57:54,539 - INFO - SEOUL
2022-12-23 17:57:54,539 - INFO - SEOUL
2022-12-23 17:57:54,539 - INFO - SEOUL
2022-12-23 17:58:03,764 - INFO - SEOUL
2022-12-23 17:58:03,764 - INFO - SEOUL
2022-12-23 17:58:03,764 - INFO - SEOUL
2022-12-23 17:58:03,764 - INFO - SEOUL
2022-12-23 17:58:03,764 - INFO - SEOUL
2022-12-23 17:58:03,764 - INFO - SEOUL
2022-12-23 17:58:03,764 - INFO - SEOUL
2022-12-23 17:58:06,440 - INFO - SEOUL
2022-12-23 17:58:06,440 - INFO - SEOUL
2022-12-23 17:58:06,440 - INFO - SEOUL
2022-12-23 17:58:06,440 - INFO - SEOUL
2022-12-23 17:58:06,440 - INFO - SEOUL
2022-12-23 17:58:06,440 - INFO - SEOUL
2022-12-23 17:58:06,440 - INFO - SEOUL
2022-12-23 17:58:06,440 - INFO - SEOUL
2022-12-23 17:58:06,924 - WARNING - Failed to parse headers (url=https://www.sscmc.or.kr:443/info/notice/list.asp?db=BBS_notice&pageno=1&startpage=1&where=&keyfield=&keyword=&catekkk=): [MissingHeaderBodySeparatorDefect()], unparsed data: 'Server : Wow 3.8\r\nDate: Fri, 23 Dec 2022 08:58:06 GMT\r\nContent-Type: text/html\r\nContent-Length: 42525\r\nConnection: keep-alive\r\nCache-Control: private\r\nSet-Cookie: ASPSESSIONIDASCBRQQC=LGCFJGCCGCGFIDGGNMCEMMLP; path=/\r\nX-Frame-Options: SAMEORIGIN\r\n\r\n'
Traceback (most recent call last):
  File "/Users/yeon/Library/Python/3.9/lib/python/site-packages/urllib3/connectionpool.py", line 469, in _make_request
    assert_header_parsing(httplib_response.msg)
  File "/Users/yeon/Library/Python/3.9/lib/python/site-packages/urllib3/util/response.py", line 91, in assert_header_parsing
    raise HeaderParsingError(defects=defects, unparsed_data=unparsed_data)
urllib3.exceptions.HeaderParsingError: [MissingHeaderBodySeparatorDefect()], unparsed data: 'Server : Wow 3.8\r\nDate: Fri, 23 Dec 2022 08:58:06 GMT\r\nContent-Type: text/html\r\nContent-Length: 42525\r\nConnection: keep-alive\r\nCache-Control: private\r\nSet-Cookie: ASPSESSIONIDASCBRQQC=LGCFJGCCGCGFIDGGNMCEMMLP; path=/\r\nX-Frame-Options: SAMEORIGIN\r\n\r\n'
2022-12-23 17:58:06,924 - WARNING - Failed to parse headers (url=https://www.sscmc.or.kr:443/info/notice/list.asp?db=BBS_notice&pageno=1&startpage=1&where=&keyfield=&keyword=&catekkk=): [MissingHeaderBodySeparatorDefect()], unparsed data: 'Server : Wow 3.8\r\nDate: Fri, 23 Dec 2022 08:58:06 GMT\r\nContent-Type: text/html\r\nContent-Length: 42525\r\nConnection: keep-alive\r\nCache-Control: private\r\nSet-Cookie: ASPSESSIONIDASCBRQQC=LGCFJGCCGCGFIDGGNMCEMMLP; path=/\r\nX-Frame-Options: SAMEORIGIN\r\n\r\n'
Traceback (most recent call last):
  File "/Users/yeon/Library/Python/3.9/lib/python/site-packages/urllib3/connectionpool.py", line 469, in _make_request
    assert_header_parsing(httplib_response.msg)
  File "/Users/yeon/Library/Python/3.9/lib/python/site-packages/urllib3/util/response.py", line 91, in assert_header_parsing
    raise HeaderParsingError(defects=defects, unparsed_data=unparsed_data)
urllib3.exceptions.HeaderParsingError: [MissingHeaderBodySeparatorDefect()], unparsed data: 'Server : Wow 3.8\r\nDate: Fri, 23 Dec 2022 08:58:06 GMT\r\nContent-Type: text/html\r\nContent-Length: 42525\r\nConnection: keep-alive\r\nCache-Control: private\r\nSet-Cookie: ASPSESSIONIDASCBRQQC=LGCFJGCCGCGFIDGGNMCEMMLP; path=/\r\nX-Frame-Options: SAMEORIGIN\r\n\r\n'
2022-12-23 17:58:06,924 - WARNING - Failed to parse headers (url=https://www.sscmc.or.kr:443/info/notice/list.asp?db=BBS_notice&pageno=1&startpage=1&where=&keyfield=&keyword=&catekkk=): [MissingHeaderBodySeparatorDefect()], unparsed data: 'Server : Wow 3.8\r\nDate: Fri, 23 Dec 2022 08:58:06 GMT\r\nContent-Type: text/html\r\nContent-Length: 42525\r\nConnection: keep-alive\r\nCache-Control: private\r\nSet-Cookie: ASPSESSIONIDASCBRQQC=LGCFJGCCGCGFIDGGNMCEMMLP; path=/\r\nX-Frame-Options: SAMEORIGIN\r\n\r\n'
Traceback (most recent call last):
  File "/Users/yeon/Library/Python/3.9/lib/python/site-packages/urllib3/connectionpool.py", line 469, in _make_request
    assert_header_parsing(httplib_response.msg)
  File "/Users/yeon/Library/Python/3.9/lib/python/site-packages/urllib3/util/response.py", line 91, in assert_header_parsing
    raise HeaderParsingError(defects=defects, unparsed_data=unparsed_data)
urllib3.exceptions.HeaderParsingError: [MissingHeaderBodySeparatorDefect()], unparsed data: 'Server : Wow 3.8\r\nDate: Fri, 23 Dec 2022 08:58:06 GMT\r\nContent-Type: text/html\r\nContent-Length: 42525\r\nConnection: keep-alive\r\nCache-Control: private\r\nSet-Cookie: ASPSESSIONIDASCBRQQC=LGCFJGCCGCGFIDGGNMCEMMLP; path=/\r\nX-Frame-Options: SAMEORIGIN\r\n\r\n'
2022-12-23 17:58:06,924 - WARNING - Failed to parse headers (url=https://www.sscmc.or.kr:443/info/notice/list.asp?db=BBS_notice&pageno=1&startpage=1&where=&keyfield=&keyword=&catekkk=): [MissingHeaderBodySeparatorDefect()], unparsed data: 'Server : Wow 3.8\r\nDate: Fri, 23 Dec 2022 08:58:06 GMT\r\nContent-Type: text/html\r\nContent-Length: 42525\r\nConnection: keep-alive\r\nCache-Control: private\r\nSet-Cookie: ASPSESSIONIDASCBRQQC=LGCFJGCCGCGFIDGGNMCEMMLP; path=/\r\nX-Frame-Options: SAMEORIGIN\r\n\r\n'
Traceback (most recent call last):
  File "/Users/yeon/Library/Python/3.9/lib/python/site-packages/urllib3/connectionpool.py", line 469, in _make_request
    assert_header_parsing(httplib_response.msg)
  File "/Users/yeon/Library/Python/3.9/lib/python/site-packages/urllib3/util/response.py", line 91, in assert_header_parsing
    raise HeaderParsingError(defects=defects, unparsed_data=unparsed_data)
urllib3.exceptions.HeaderParsingError: [MissingHeaderBodySeparatorDefect()], unparsed data: 'Server : Wow 3.8\r\nDate: Fri, 23 Dec 2022 08:58:06 GMT\r\nContent-Type: text/html\r\nContent-Length: 42525\r\nConnection: keep-alive\r\nCache-Control: private\r\nSet-Cookie: ASPSESSIONIDASCBRQQC=LGCFJGCCGCGFIDGGNMCEMMLP; path=/\r\nX-Frame-Options: SAMEORIGIN\r\n\r\n'
2022-12-23 17:58:06,924 - WARNING - Failed to parse headers (url=https://www.sscmc.or.kr:443/info/notice/list.asp?db=BBS_notice&pageno=1&startpage=1&where=&keyfield=&keyword=&catekkk=): [MissingHeaderBodySeparatorDefect()], unparsed data: 'Server : Wow 3.8\r\nDate: Fri, 23 Dec 2022 08:58:06 GMT\r\nContent-Type: text/html\r\nContent-Length: 42525\r\nConnection: keep-alive\r\nCache-Control: private\r\nSet-Cookie: ASPSESSIONIDASCBRQQC=LGCFJGCCGCGFIDGGNMCEMMLP; path=/\r\nX-Frame-Options: SAMEORIGIN\r\n\r\n'
Traceback (most recent call last):
  File "/Users/yeon/Library/Python/3.9/lib/python/site-packages/urllib3/connectionpool.py", line 469, in _make_request
    assert_header_parsing(httplib_response.msg)
  File "/Users/yeon/Library/Python/3.9/lib/python/site-packages/urllib3/util/response.py", line 91, in assert_header_parsing
    raise HeaderParsingError(defects=defects, unparsed_data=unparsed_data)
urllib3.exceptions.HeaderParsingError: [MissingHeaderBodySeparatorDefect()], unparsed data: 'Server : Wow 3.8\r\nDate: Fri, 23 Dec 2022 08:58:06 GMT\r\nContent-Type: text/html\r\nContent-Length: 42525\r\nConnection: keep-alive\r\nCache-Control: private\r\nSet-Cookie: ASPSESSIONIDASCBRQQC=LGCFJGCCGCGFIDGGNMCEMMLP; path=/\r\nX-Frame-Options: SAMEORIGIN\r\n\r\n'
2022-12-23 17:58:06,924 - WARNING - Failed to parse headers (url=https://www.sscmc.or.kr:443/info/notice/list.asp?db=BBS_notice&pageno=1&startpage=1&where=&keyfield=&keyword=&catekkk=): [MissingHeaderBodySeparatorDefect()], unparsed data: 'Server : Wow 3.8\r\nDate: Fri, 23 Dec 2022 08:58:06 GMT\r\nContent-Type: text/html\r\nContent-Length: 42525\r\nConnection: keep-alive\r\nCache-Control: private\r\nSet-Cookie: ASPSESSIONIDASCBRQQC=LGCFJGCCGCGFIDGGNMCEMMLP; path=/\r\nX-Frame-Options: SAMEORIGIN\r\n\r\n'
Traceback (most recent call last):
  File "/Users/yeon/Library/Python/3.9/lib/python/site-packages/urllib3/connectionpool.py", line 469, in _make_request
    assert_header_parsing(httplib_response.msg)
  File "/Users/yeon/Library/Python/3.9/lib/python/site-packages/urllib3/util/response.py", line 91, in assert_header_parsing
    raise HeaderParsingError(defects=defects, unparsed_data=unparsed_data)
urllib3.exceptions.HeaderParsingError: [MissingHeaderBodySeparatorDefect()], unparsed data: 'Server : Wow 3.8\r\nDate: Fri, 23 Dec 2022 08:58:06 GMT\r\nContent-Type: text/html\r\nContent-Length: 42525\r\nConnection: keep-alive\r\nCache-Control: private\r\nSet-Cookie: ASPSESSIONIDASCBRQQC=LGCFJGCCGCGFIDGGNMCEMMLP; path=/\r\nX-Frame-Options: SAMEORIGIN\r\n\r\n'
2022-12-23 17:58:06,924 - WARNING - Failed to parse headers (url=https://www.sscmc.or.kr:443/info/notice/list.asp?db=BBS_notice&pageno=1&startpage=1&where=&keyfield=&keyword=&catekkk=): [MissingHeaderBodySeparatorDefect()], unparsed data: 'Server : Wow 3.8\r\nDate: Fri, 23 Dec 2022 08:58:06 GMT\r\nContent-Type: text/html\r\nContent-Length: 42525\r\nConnection: keep-alive\r\nCache-Control: private\r\nSet-Cookie: ASPSESSIONIDASCBRQQC=LGCFJGCCGCGFIDGGNMCEMMLP; path=/\r\nX-Frame-Options: SAMEORIGIN\r\n\r\n'
Traceback (most recent call last):
  File "/Users/yeon/Library/Python/3.9/lib/python/site-packages/urllib3/connectionpool.py", line 469, in _make_request
    assert_header_parsing(httplib_response.msg)
  File "/Users/yeon/Library/Python/3.9/lib/python/site-packages/urllib3/util/response.py", line 91, in assert_header_parsing
    raise HeaderParsingError(defects=defects, unparsed_data=unparsed_data)
urllib3.exceptions.HeaderParsingError: [MissingHeaderBodySeparatorDefect()], unparsed data: 'Server : Wow 3.8\r\nDate: Fri, 23 Dec 2022 08:58:06 GMT\r\nContent-Type: text/html\r\nContent-Length: 42525\r\nConnection: keep-alive\r\nCache-Control: private\r\nSet-Cookie: ASPSESSIONIDASCBRQQC=LGCFJGCCGCGFIDGGNMCEMMLP; path=/\r\nX-Frame-Options: SAMEORIGIN\r\n\r\n'
2022-12-23 17:58:06,924 - WARNING - Failed to parse headers (url=https://www.sscmc.or.kr:443/info/notice/list.asp?db=BBS_notice&pageno=1&startpage=1&where=&keyfield=&keyword=&catekkk=): [MissingHeaderBodySeparatorDefect()], unparsed data: 'Server : Wow 3.8\r\nDate: Fri, 23 Dec 2022 08:58:06 GMT\r\nContent-Type: text/html\r\nContent-Length: 42525\r\nConnection: keep-alive\r\nCache-Control: private\r\nSet-Cookie: ASPSESSIONIDASCBRQQC=LGCFJGCCGCGFIDGGNMCEMMLP; path=/\r\nX-Frame-Options: SAMEORIGIN\r\n\r\n'
Traceback (most recent call last):
  File "/Users/yeon/Library/Python/3.9/lib/python/site-packages/urllib3/connectionpool.py", line 469, in _make_request
    assert_header_parsing(httplib_response.msg)
  File "/Users/yeon/Library/Python/3.9/lib/python/site-packages/urllib3/util/response.py", line 91, in assert_header_parsing
    raise HeaderParsingError(defects=defects, unparsed_data=unparsed_data)
urllib3.exceptions.HeaderParsingError: [MissingHeaderBodySeparatorDefect()], unparsed data: 'Server : Wow 3.8\r\nDate: Fri, 23 Dec 2022 08:58:06 GMT\r\nContent-Type: text/html\r\nContent-Length: 42525\r\nConnection: keep-alive\r\nCache-Control: private\r\nSet-Cookie: ASPSESSIONIDASCBRQQC=LGCFJGCCGCGFIDGGNMCEMMLP; path=/\r\nX-Frame-Options: SAMEORIGIN\r\n\r\n'
