2023-01-19 11:45:05,134 - INFO - JUNGNANG
2023-01-19 11:45:43,918 - INFO - JUNGNANG
2023-01-19 11:45:48,803 - WARNING - Failed to parse headers (url=https://www.jungnang.go.kr:443/portal/bbs/list/B0000002.do?searchCnd=&searchWrd=&gubun=&delCode=0&useAt=&replyAt=&menuNo=200473&sdate=&edate=&deptId=&deptName=&popupYn=&dept=&dong=&option1=&viewType=&searchCnd2=&pageIndex=1): [FirstHeaderLineIsContinuationDefect(' X-Content-Type-Options: nosniff\r\n')], unparsed data: ''
Traceback (most recent call last):
  File "/Users/yeon/Library/Python/3.9/lib/python/site-packages/urllib3/connectionpool.py", line 469, in _make_request
    assert_header_parsing(httplib_response.msg)
  File "/Users/yeon/Library/Python/3.9/lib/python/site-packages/urllib3/util/response.py", line 91, in assert_header_parsing
    raise HeaderParsingError(defects=defects, unparsed_data=unparsed_data)
urllib3.exceptions.HeaderParsingError: [FirstHeaderLineIsContinuationDefect(' X-Content-Type-Options: nosniff\r\n')], unparsed data: ''
2023-01-19 11:45:51,164 - INFO - JUNGNANG
2023-01-19 11:45:51,164 - INFO - JUNGNANG
2023-01-19 11:46:00,878 - INFO - YONGSAN
2023-01-19 11:46:00,878 - INFO - YONGSAN
2023-01-19 11:46:00,878 - INFO - YONGSAN
2023-01-19 11:46:02,979 - INFO - YONGSAN
2023-01-19 11:46:02,979 - INFO - YONGSAN
2023-01-19 11:46:02,979 - INFO - YONGSAN
2023-01-19 11:46:02,979 - INFO - YONGSAN
2023-01-19 11:46:04,727 - INFO - YONGSAN
2023-01-19 11:46:04,727 - INFO - YONGSAN
2023-01-19 11:46:04,727 - INFO - YONGSAN
2023-01-19 11:46:04,727 - INFO - YONGSAN
2023-01-19 11:46:04,727 - INFO - YONGSAN
2023-01-19 11:46:06,437 - INFO - GANGNAM
2023-01-19 11:46:06,437 - INFO - GANGNAM
2023-01-19 11:46:06,437 - INFO - GANGNAM
2023-01-19 11:46:06,437 - INFO - GANGNAM
2023-01-19 11:46:06,437 - INFO - GANGNAM
2023-01-19 11:46:06,437 - INFO - GANGNAM
2023-01-19 11:46:18,645 - INFO - GANGNAM
2023-01-19 11:46:18,645 - INFO - GANGNAM
2023-01-19 11:46:18,645 - INFO - GANGNAM
2023-01-19 11:46:18,645 - INFO - GANGNAM
2023-01-19 11:46:18,645 - INFO - GANGNAM
2023-01-19 11:46:18,645 - INFO - GANGNAM
2023-01-19 11:46:18,645 - INFO - GANGNAM
2023-01-19 11:46:20,603 - INFO - GANGDONG
2023-01-19 11:46:20,603 - INFO - GANGDONG
2023-01-19 11:46:20,603 - INFO - GANGDONG
2023-01-19 11:46:20,603 - INFO - GANGDONG
2023-01-19 11:46:20,603 - INFO - GANGDONG
2023-01-19 11:46:20,603 - INFO - GANGDONG
2023-01-19 11:46:20,603 - INFO - GANGDONG
2023-01-19 11:46:20,603 - INFO - GANGDONG
2023-01-19 11:46:27,298 - INFO - GURO
2023-01-19 11:46:27,298 - INFO - GURO
2023-01-19 11:46:27,298 - INFO - GURO
2023-01-19 11:46:27,298 - INFO - GURO
2023-01-19 11:46:27,298 - INFO - GURO
2023-01-19 11:46:27,298 - INFO - GURO
2023-01-19 11:46:27,298 - INFO - GURO
2023-01-19 11:46:27,298 - INFO - GURO
2023-01-19 11:46:27,298 - INFO - GURO
2023-01-19 11:46:32,418 - INFO - GURO
2023-01-19 11:46:32,418 - INFO - GURO
2023-01-19 11:46:32,418 - INFO - GURO
2023-01-19 11:46:32,418 - INFO - GURO
2023-01-19 11:46:32,418 - INFO - GURO
2023-01-19 11:46:32,418 - INFO - GURO
2023-01-19 11:46:32,418 - INFO - GURO
2023-01-19 11:46:32,418 - INFO - GURO
2023-01-19 11:46:32,418 - INFO - GURO
2023-01-19 11:46:32,418 - INFO - GURO
2023-01-19 11:46:42,482 - INFO - GANGSEO
2023-01-19 11:46:42,482 - INFO - GANGSEO
2023-01-19 11:46:42,482 - INFO - GANGSEO
2023-01-19 11:46:42,482 - INFO - GANGSEO
2023-01-19 11:46:42,482 - INFO - GANGSEO
2023-01-19 11:46:42,482 - INFO - GANGSEO
2023-01-19 11:46:42,482 - INFO - GANGSEO
2023-01-19 11:46:42,482 - INFO - GANGSEO
2023-01-19 11:46:42,482 - INFO - GANGSEO
2023-01-19 11:46:42,482 - INFO - GANGSEO
2023-01-19 11:46:42,482 - INFO - GANGSEO
2023-01-19 11:46:49,151 - INFO - GANGSEO
2023-01-19 11:46:49,151 - INFO - GANGSEO
2023-01-19 11:46:49,151 - INFO - GANGSEO
2023-01-19 11:46:49,151 - INFO - GANGSEO
2023-01-19 11:46:49,151 - INFO - GANGSEO
2023-01-19 11:46:49,151 - INFO - GANGSEO
2023-01-19 11:46:49,151 - INFO - GANGSEO
2023-01-19 11:46:49,151 - INFO - GANGSEO
2023-01-19 11:46:49,151 - INFO - GANGSEO
2023-01-19 11:46:49,151 - INFO - GANGSEO
2023-01-19 11:46:49,151 - INFO - GANGSEO
2023-01-19 11:46:49,151 - INFO - GANGSEO
2023-01-19 11:46:50,921 - INFO - GANGDONG
2023-01-19 11:46:50,921 - INFO - GANGDONG
2023-01-19 11:46:50,921 - INFO - GANGDONG
2023-01-19 11:46:50,921 - INFO - GANGDONG
2023-01-19 11:46:50,921 - INFO - GANGDONG
2023-01-19 11:46:50,921 - INFO - GANGDONG
2023-01-19 11:46:50,921 - INFO - GANGDONG
2023-01-19 11:46:50,921 - INFO - GANGDONG
2023-01-19 11:46:50,921 - INFO - GANGDONG
2023-01-19 11:46:50,921 - INFO - GANGDONG
2023-01-19 11:46:50,921 - INFO - GANGDONG
2023-01-19 11:46:50,921 - INFO - GANGDONG
2023-01-19 11:46:50,921 - INFO - GANGDONG
2023-01-19 11:46:57,401 - INFO - GANGDONG
2023-01-19 11:46:57,401 - INFO - GANGDONG
2023-01-19 11:46:57,401 - INFO - GANGDONG
2023-01-19 11:46:57,401 - INFO - GANGDONG
2023-01-19 11:46:57,401 - INFO - GANGDONG
2023-01-19 11:46:57,401 - INFO - GANGDONG
2023-01-19 11:46:57,401 - INFO - GANGDONG
2023-01-19 11:46:57,401 - INFO - GANGDONG
2023-01-19 11:46:57,401 - INFO - GANGDONG
2023-01-19 11:46:57,401 - INFO - GANGDONG
2023-01-19 11:46:57,401 - INFO - GANGDONG
2023-01-19 11:46:57,401 - INFO - GANGDONG
2023-01-19 11:46:57,401 - INFO - GANGDONG
2023-01-19 11:46:57,401 - INFO - GANGDONG
2023-01-19 11:46:59,135 - INFO - GANGDONG
2023-01-19 11:46:59,135 - INFO - GANGDONG
2023-01-19 11:46:59,135 - INFO - GANGDONG
2023-01-19 11:46:59,135 - INFO - GANGDONG
2023-01-19 11:46:59,135 - INFO - GANGDONG
2023-01-19 11:46:59,135 - INFO - GANGDONG
2023-01-19 11:46:59,135 - INFO - GANGDONG
2023-01-19 11:46:59,135 - INFO - GANGDONG
2023-01-19 11:46:59,135 - INFO - GANGDONG
2023-01-19 11:46:59,135 - INFO - GANGDONG
2023-01-19 11:46:59,135 - INFO - GANGDONG
2023-01-19 11:46:59,135 - INFO - GANGDONG
2023-01-19 11:46:59,135 - INFO - GANGDONG
2023-01-19 11:46:59,135 - INFO - GANGDONG
2023-01-19 11:46:59,135 - INFO - GANGDONG
2023-01-19 11:47:07,822 - INFO - DOBONG
2023-01-19 11:47:07,822 - INFO - DOBONG
2023-01-19 11:47:07,822 - INFO - DOBONG
2023-01-19 11:47:07,822 - INFO - DOBONG
2023-01-19 11:47:07,822 - INFO - DOBONG
2023-01-19 11:47:07,822 - INFO - DOBONG
2023-01-19 11:47:07,822 - INFO - DOBONG
2023-01-19 11:47:07,822 - INFO - DOBONG
2023-01-19 11:47:07,822 - INFO - DOBONG
2023-01-19 11:47:07,822 - INFO - DOBONG
2023-01-19 11:47:07,822 - INFO - DOBONG
2023-01-19 11:47:07,822 - INFO - DOBONG
2023-01-19 11:47:07,822 - INFO - DOBONG
2023-01-19 11:47:07,822 - INFO - DOBONG
2023-01-19 11:47:07,822 - INFO - DOBONG
2023-01-19 11:47:07,822 - INFO - DOBONG
2023-01-19 11:47:09,651 - INFO - DOBONG
2023-01-19 11:47:09,651 - INFO - DOBONG
2023-01-19 11:47:09,651 - INFO - DOBONG
2023-01-19 11:47:09,651 - INFO - DOBONG
2023-01-19 11:47:09,651 - INFO - DOBONG
2023-01-19 11:47:09,651 - INFO - DOBONG
2023-01-19 11:47:09,651 - INFO - DOBONG
2023-01-19 11:47:09,651 - INFO - DOBONG
2023-01-19 11:47:09,651 - INFO - DOBONG
2023-01-19 11:47:09,651 - INFO - DOBONG
2023-01-19 11:47:09,651 - INFO - DOBONG
2023-01-19 11:47:09,651 - INFO - DOBONG
2023-01-19 11:47:09,651 - INFO - DOBONG
2023-01-19 11:47:09,651 - INFO - DOBONG
2023-01-19 11:47:09,651 - INFO - DOBONG
2023-01-19 11:47:09,651 - INFO - DOBONG
2023-01-19 11:47:09,651 - INFO - DOBONG
2023-01-19 11:47:11,115 - INFO - GANGBUK
2023-01-19 11:47:11,115 - INFO - GANGBUK
2023-01-19 11:47:11,115 - INFO - GANGBUK
2023-01-19 11:47:11,115 - INFO - GANGBUK
2023-01-19 11:47:11,115 - INFO - GANGBUK
2023-01-19 11:47:11,115 - INFO - GANGBUK
2023-01-19 11:47:11,115 - INFO - GANGBUK
2023-01-19 11:47:11,115 - INFO - GANGBUK
2023-01-19 11:47:11,115 - INFO - GANGBUK
2023-01-19 11:47:11,115 - INFO - GANGBUK
2023-01-19 11:47:11,115 - INFO - GANGBUK
2023-01-19 11:47:11,115 - INFO - GANGBUK
2023-01-19 11:47:11,115 - INFO - GANGBUK
2023-01-19 11:47:11,115 - INFO - GANGBUK
2023-01-19 11:47:11,115 - INFO - GANGBUK
2023-01-19 11:47:11,115 - INFO - GANGBUK
2023-01-19 11:47:11,115 - INFO - GANGBUK
2023-01-19 11:47:11,115 - INFO - GANGBUK
2023-01-19 11:47:35,713 - INFO - GWANAK
2023-01-19 11:47:50,463 - INFO - GWANAK
2023-01-19 11:47:50,463 - INFO - GWANAK
2023-01-19 11:48:19,626 - INFO - SEONGDONG
2023-01-19 11:48:19,626 - INFO - SEONGDONG
2023-01-19 11:48:19,626 - INFO - SEONGDONG
2023-01-19 11:48:36,507 - INFO - SEONGDONG
2023-01-19 11:48:36,507 - INFO - SEONGDONG
2023-01-19 11:48:36,507 - INFO - SEONGDONG
2023-01-19 11:48:36,507 - INFO - SEONGDONG
2023-01-19 11:48:44,782 - INFO - EUNPYENG
2023-01-19 11:48:44,782 - INFO - EUNPYENG
2023-01-19 11:48:44,782 - INFO - EUNPYENG
2023-01-19 11:48:44,782 - INFO - EUNPYENG
2023-01-19 11:48:44,782 - INFO - EUNPYENG
2023-01-19 11:48:52,334 - INFO - EUNPYENG
2023-01-19 11:48:52,334 - INFO - EUNPYENG
2023-01-19 11:48:52,334 - INFO - EUNPYENG
2023-01-19 11:48:52,334 - INFO - EUNPYENG
2023-01-19 11:48:52,334 - INFO - EUNPYENG
2023-01-19 11:48:52,334 - INFO - EUNPYENG
2023-01-19 11:49:01,506 - INFO - EUNPYENG
2023-01-19 11:49:01,506 - INFO - EUNPYENG
2023-01-19 11:49:01,506 - INFO - EUNPYENG
2023-01-19 11:49:01,506 - INFO - EUNPYENG
2023-01-19 11:49:01,506 - INFO - EUNPYENG
2023-01-19 11:49:01,506 - INFO - EUNPYENG
2023-01-19 11:49:01,506 - INFO - EUNPYENG
2023-01-19 11:49:02,825 - INFO - GWANGZIN
2023-01-19 11:49:02,825 - INFO - GWANGZIN
2023-01-19 11:49:02,825 - INFO - GWANGZIN
2023-01-19 11:49:02,825 - INFO - GWANGZIN
2023-01-19 11:49:02,825 - INFO - GWANGZIN
2023-01-19 11:49:02,825 - INFO - GWANGZIN
2023-01-19 11:49:02,825 - INFO - GWANGZIN
2023-01-19 11:49:02,825 - INFO - GWANGZIN
2023-01-19 11:49:07,580 - INFO - GWANGZIN
2023-01-19 11:49:07,580 - INFO - GWANGZIN
2023-01-19 11:49:07,580 - INFO - GWANGZIN
2023-01-19 11:49:07,580 - INFO - GWANGZIN
2023-01-19 11:49:07,580 - INFO - GWANGZIN
2023-01-19 11:49:07,580 - INFO - GWANGZIN
2023-01-19 11:49:07,580 - INFO - GWANGZIN
2023-01-19 11:49:07,580 - INFO - GWANGZIN
2023-01-19 11:49:07,580 - INFO - GWANGZIN
2023-01-19 11:49:09,658 - INFO - JONGRO
2023-01-19 11:49:09,658 - INFO - JONGRO
2023-01-19 11:49:09,658 - INFO - JONGRO
2023-01-19 11:49:09,658 - INFO - JONGRO
2023-01-19 11:49:09,658 - INFO - JONGRO
2023-01-19 11:49:09,658 - INFO - JONGRO
2023-01-19 11:49:09,658 - INFO - JONGRO
2023-01-19 11:49:09,658 - INFO - JONGRO
2023-01-19 11:49:09,658 - INFO - JONGRO
2023-01-19 11:49:09,658 - INFO - JONGRO
2023-01-19 11:49:20,444 - INFO - JONGRO
2023-01-19 11:49:20,444 - INFO - JONGRO
2023-01-19 11:49:20,444 - INFO - JONGRO
2023-01-19 11:49:20,444 - INFO - JONGRO
2023-01-19 11:49:20,444 - INFO - JONGRO
2023-01-19 11:49:20,444 - INFO - JONGRO
2023-01-19 11:49:20,444 - INFO - JONGRO
2023-01-19 11:49:20,444 - INFO - JONGRO
2023-01-19 11:49:20,444 - INFO - JONGRO
2023-01-19 11:49:20,444 - INFO - JONGRO
2023-01-19 11:49:20,444 - INFO - JONGRO
2023-01-19 11:49:21,603 - INFO - JUNGGU
2023-01-19 11:49:21,603 - INFO - JUNGGU
2023-01-19 11:49:21,603 - INFO - JUNGGU
2023-01-19 11:49:21,603 - INFO - JUNGGU
2023-01-19 11:49:21,603 - INFO - JUNGGU
2023-01-19 11:49:21,603 - INFO - JUNGGU
2023-01-19 11:49:21,603 - INFO - JUNGGU
2023-01-19 11:49:21,603 - INFO - JUNGGU
2023-01-19 11:49:21,603 - INFO - JUNGGU
2023-01-19 11:49:21,603 - INFO - JUNGGU
2023-01-19 11:49:21,603 - INFO - JUNGGU
2023-01-19 11:49:21,603 - INFO - JUNGGU
2023-01-19 11:49:22,910 - INFO - JUNGGU
2023-01-19 11:49:22,910 - INFO - JUNGGU
2023-01-19 11:49:22,910 - INFO - JUNGGU
2023-01-19 11:49:22,910 - INFO - JUNGGU
2023-01-19 11:49:22,910 - INFO - JUNGGU
2023-01-19 11:49:22,910 - INFO - JUNGGU
2023-01-19 11:49:22,910 - INFO - JUNGGU
2023-01-19 11:49:22,910 - INFO - JUNGGU
2023-01-19 11:49:22,910 - INFO - JUNGGU
2023-01-19 11:49:22,910 - INFO - JUNGGU
2023-01-19 11:49:22,910 - INFO - JUNGGU
2023-01-19 11:49:22,910 - INFO - JUNGGU
2023-01-19 11:49:22,910 - INFO - JUNGGU
2023-01-19 11:49:31,301 - INFO - MAPO
2023-01-19 11:49:31,301 - INFO - MAPO
2023-01-19 11:49:31,301 - INFO - MAPO
2023-01-19 11:49:31,301 - INFO - MAPO
2023-01-19 11:49:31,301 - INFO - MAPO
2023-01-19 11:49:31,301 - INFO - MAPO
2023-01-19 11:49:31,301 - INFO - MAPO
2023-01-19 11:49:31,301 - INFO - MAPO
2023-01-19 11:49:31,301 - INFO - MAPO
2023-01-19 11:49:31,301 - INFO - MAPO
2023-01-19 11:49:31,301 - INFO - MAPO
2023-01-19 11:49:31,301 - INFO - MAPO
2023-01-19 11:49:31,301 - INFO - MAPO
2023-01-19 11:49:31,301 - INFO - MAPO
2023-01-19 11:49:55,857 - INFO - JUNGGU
2023-01-19 11:49:57,425 - INFO - JUNGGU
2023-01-19 11:49:57,425 - INFO - JUNGGU
2023-01-19 11:50:05,914 - INFO - MAPO
2023-01-19 11:50:05,914 - INFO - MAPO
2023-01-19 11:50:05,914 - INFO - MAPO
2023-01-19 11:50:15,433 - INFO - JUNGGU
2023-01-19 11:50:16,885 - INFO - JUNGGU
2023-01-19 11:50:16,885 - INFO - JUNGGU
2023-01-19 11:50:25,360 - INFO - MAPO
2023-01-19 11:50:25,360 - INFO - MAPO
2023-01-19 11:50:25,360 - INFO - MAPO
2023-01-19 11:50:35,207 - INFO - MAPO
2023-01-19 11:50:35,207 - INFO - MAPO
2023-01-19 11:50:35,207 - INFO - MAPO
2023-01-19 11:50:35,207 - INFO - MAPO
2023-01-19 11:50:45,189 - INFO - MAPO
2023-01-19 11:50:45,189 - INFO - MAPO
2023-01-19 11:50:45,189 - INFO - MAPO
2023-01-19 11:50:45,189 - INFO - MAPO
2023-01-19 11:50:45,189 - INFO - MAPO
2023-01-19 11:50:47,452 - INFO - MAPO
2023-01-19 11:50:47,452 - INFO - MAPO
2023-01-19 11:50:47,452 - INFO - MAPO
2023-01-19 11:50:47,452 - INFO - MAPO
2023-01-19 11:50:47,452 - INFO - MAPO
2023-01-19 11:50:47,452 - INFO - MAPO
2023-01-19 11:50:52,698 - INFO - NOWON
2023-01-19 11:50:52,698 - INFO - NOWON
2023-01-19 11:50:52,698 - INFO - NOWON
2023-01-19 11:50:52,698 - INFO - NOWON
2023-01-19 11:50:52,698 - INFO - NOWON
2023-01-19 11:50:52,698 - INFO - NOWON
2023-01-19 11:50:52,698 - INFO - NOWON
2023-01-19 11:51:06,722 - INFO - JUNGGU
2023-01-19 11:51:08,344 - INFO - JUNGGU
2023-01-19 11:51:08,344 - INFO - JUNGGU
2023-01-19 11:51:16,921 - INFO - MAPO
2023-01-19 11:51:16,921 - INFO - MAPO
2023-01-19 11:51:16,921 - INFO - MAPO
2023-01-19 11:51:27,288 - INFO - MAPO
2023-01-19 11:51:27,288 - INFO - MAPO
2023-01-19 11:51:27,288 - INFO - MAPO
2023-01-19 11:51:27,288 - INFO - MAPO
2023-01-19 11:51:31,228 - INFO - MAPO
2023-01-19 11:51:31,228 - INFO - MAPO
2023-01-19 11:51:31,228 - INFO - MAPO
2023-01-19 11:51:31,228 - INFO - MAPO
2023-01-19 11:51:31,228 - INFO - MAPO
2023-01-19 11:51:33,573 - INFO - MAPO
2023-01-19 11:51:33,573 - INFO - MAPO
2023-01-19 11:51:33,573 - INFO - MAPO
2023-01-19 11:51:33,573 - INFO - MAPO
2023-01-19 11:51:33,573 - INFO - MAPO
2023-01-19 11:51:33,573 - INFO - MAPO
2023-01-19 11:51:37,008 - INFO - NOWON
2023-01-19 11:51:37,008 - INFO - NOWON
2023-01-19 11:51:37,008 - INFO - NOWON
2023-01-19 11:51:37,008 - INFO - NOWON
2023-01-19 11:51:37,008 - INFO - NOWON
2023-01-19 11:51:37,008 - INFO - NOWON
2023-01-19 11:51:37,008 - INFO - NOWON
2023-01-19 11:51:54,472 - INFO - JUNGGU
2023-01-19 11:51:56,047 - INFO - JUNGGU
2023-01-19 11:51:56,047 - INFO - JUNGGU
2023-01-19 11:52:05,146 - INFO - MAPO
2023-01-19 11:52:05,146 - INFO - MAPO
2023-01-19 11:52:05,146 - INFO - MAPO
2023-01-19 11:52:14,910 - INFO - MAPO
2023-01-19 11:52:14,910 - INFO - MAPO
2023-01-19 11:52:14,910 - INFO - MAPO
2023-01-19 11:52:14,910 - INFO - MAPO
2023-01-19 11:52:18,765 - INFO - MAPO
2023-01-19 11:52:18,765 - INFO - MAPO
2023-01-19 11:52:18,765 - INFO - MAPO
2023-01-19 11:52:18,765 - INFO - MAPO
2023-01-19 11:52:18,765 - INFO - MAPO
2023-01-19 11:52:21,097 - INFO - MAPO
2023-01-19 11:52:21,097 - INFO - MAPO
2023-01-19 11:52:21,097 - INFO - MAPO
2023-01-19 11:52:21,097 - INFO - MAPO
2023-01-19 11:52:21,097 - INFO - MAPO
2023-01-19 11:52:21,097 - INFO - MAPO
2023-01-19 11:52:24,568 - INFO - NOWON
2023-01-19 11:52:24,568 - INFO - NOWON
2023-01-19 11:52:24,568 - INFO - NOWON
2023-01-19 11:52:24,568 - INFO - NOWON
2023-01-19 11:52:24,568 - INFO - NOWON
2023-01-19 11:52:24,568 - INFO - NOWON
2023-01-19 11:52:24,568 - INFO - NOWON
2023-01-19 11:52:37,677 - INFO - NOWON
2023-01-19 11:52:37,677 - INFO - NOWON
2023-01-19 11:52:37,677 - INFO - NOWON
2023-01-19 11:52:37,677 - INFO - NOWON
2023-01-19 11:52:37,677 - INFO - NOWON
2023-01-19 11:52:37,677 - INFO - NOWON
2023-01-19 11:52:37,677 - INFO - NOWON
2023-01-19 11:52:37,677 - INFO - NOWON
2023-01-19 11:52:55,778 - INFO - SEOCHO
2023-01-19 11:52:55,778 - INFO - SEOCHO
2023-01-19 11:52:55,778 - INFO - SEOCHO
2023-01-19 11:52:55,778 - INFO - SEOCHO
2023-01-19 11:52:55,778 - INFO - SEOCHO
2023-01-19 11:52:55,778 - INFO - SEOCHO
2023-01-19 11:52:55,778 - INFO - SEOCHO
2023-01-19 11:52:55,778 - INFO - SEOCHO
2023-01-19 11:52:55,778 - INFO - SEOCHO
2023-01-19 11:52:57,463 - INFO - SEOCHO
2023-01-19 11:52:57,463 - INFO - SEOCHO
2023-01-19 11:52:57,463 - INFO - SEOCHO
2023-01-19 11:52:57,463 - INFO - SEOCHO
2023-01-19 11:52:57,463 - INFO - SEOCHO
2023-01-19 11:52:57,463 - INFO - SEOCHO
2023-01-19 11:52:57,463 - INFO - SEOCHO
2023-01-19 11:52:57,463 - INFO - SEOCHO
2023-01-19 11:52:57,463 - INFO - SEOCHO
2023-01-19 11:52:57,463 - INFO - SEOCHO
2023-01-19 11:52:59,263 - INFO - SEOCHO
2023-01-19 11:52:59,263 - INFO - SEOCHO
2023-01-19 11:52:59,263 - INFO - SEOCHO
2023-01-19 11:52:59,263 - INFO - SEOCHO
2023-01-19 11:52:59,263 - INFO - SEOCHO
2023-01-19 11:52:59,263 - INFO - SEOCHO
2023-01-19 11:52:59,263 - INFO - SEOCHO
2023-01-19 11:52:59,263 - INFO - SEOCHO
2023-01-19 11:52:59,263 - INFO - SEOCHO
2023-01-19 11:52:59,263 - INFO - SEOCHO
2023-01-19 11:52:59,263 - INFO - SEOCHO
2023-01-19 11:53:01,037 - INFO - SEOCHO
2023-01-19 11:53:01,037 - INFO - SEOCHO
2023-01-19 11:53:01,037 - INFO - SEOCHO
2023-01-19 11:53:01,037 - INFO - SEOCHO
2023-01-19 11:53:01,037 - INFO - SEOCHO
2023-01-19 11:53:01,037 - INFO - SEOCHO
2023-01-19 11:53:01,037 - INFO - SEOCHO
2023-01-19 11:53:01,037 - INFO - SEOCHO
2023-01-19 11:53:01,037 - INFO - SEOCHO
2023-01-19 11:53:01,037 - INFO - SEOCHO
2023-01-19 11:53:01,037 - INFO - SEOCHO
2023-01-19 11:53:01,037 - INFO - SEOCHO
2023-01-19 11:53:02,129 - INFO - SEONGBUK
2023-01-19 11:53:02,129 - INFO - SEONGBUK
2023-01-19 11:53:02,129 - INFO - SEONGBUK
2023-01-19 11:53:02,129 - INFO - SEONGBUK
2023-01-19 11:53:02,129 - INFO - SEONGBUK
2023-01-19 11:53:02,129 - INFO - SEONGBUK
2023-01-19 11:53:02,129 - INFO - SEONGBUK
2023-01-19 11:53:02,129 - INFO - SEONGBUK
2023-01-19 11:53:02,129 - INFO - SEONGBUK
2023-01-19 11:53:02,129 - INFO - SEONGBUK
2023-01-19 11:53:02,129 - INFO - SEONGBUK
2023-01-19 11:53:02,129 - INFO - SEONGBUK
2023-01-19 11:53:02,129 - INFO - SEONGBUK
2023-01-19 11:53:10,277 - INFO - SONGPA
2023-01-19 11:53:10,277 - INFO - SONGPA
2023-01-19 11:53:10,277 - INFO - SONGPA
2023-01-19 11:53:10,277 - INFO - SONGPA
2023-01-19 11:53:10,277 - INFO - SONGPA
2023-01-19 11:53:10,277 - INFO - SONGPA
2023-01-19 11:53:10,277 - INFO - SONGPA
2023-01-19 11:53:10,277 - INFO - SONGPA
2023-01-19 11:53:10,277 - INFO - SONGPA
2023-01-19 11:53:10,277 - INFO - SONGPA
2023-01-19 11:53:10,277 - INFO - SONGPA
2023-01-19 11:53:10,277 - INFO - SONGPA
2023-01-19 11:53:10,277 - INFO - SONGPA
2023-01-19 11:53:10,277 - INFO - SONGPA
2023-01-19 11:53:12,678 - INFO - SONGPA
2023-01-19 11:53:12,678 - INFO - SONGPA
2023-01-19 11:53:12,678 - INFO - SONGPA
2023-01-19 11:53:12,678 - INFO - SONGPA
2023-01-19 11:53:12,678 - INFO - SONGPA
2023-01-19 11:53:12,678 - INFO - SONGPA
2023-01-19 11:53:12,678 - INFO - SONGPA
2023-01-19 11:53:12,678 - INFO - SONGPA
2023-01-19 11:53:12,678 - INFO - SONGPA
2023-01-19 11:53:12,678 - INFO - SONGPA
2023-01-19 11:53:12,678 - INFO - SONGPA
2023-01-19 11:53:12,678 - INFO - SONGPA
2023-01-19 11:53:12,678 - INFO - SONGPA
2023-01-19 11:53:12,678 - INFO - SONGPA
2023-01-19 11:53:12,678 - INFO - SONGPA
2023-01-19 11:53:15,155 - INFO - SONGPA
2023-01-19 11:53:15,155 - INFO - SONGPA
2023-01-19 11:53:15,155 - INFO - SONGPA
2023-01-19 11:53:15,155 - INFO - SONGPA
2023-01-19 11:53:15,155 - INFO - SONGPA
2023-01-19 11:53:15,155 - INFO - SONGPA
2023-01-19 11:53:15,155 - INFO - SONGPA
2023-01-19 11:53:15,155 - INFO - SONGPA
2023-01-19 11:53:15,155 - INFO - SONGPA
2023-01-19 11:53:15,155 - INFO - SONGPA
2023-01-19 11:53:15,155 - INFO - SONGPA
2023-01-19 11:53:15,155 - INFO - SONGPA
2023-01-19 11:53:15,155 - INFO - SONGPA
2023-01-19 11:53:15,155 - INFO - SONGPA
2023-01-19 11:53:15,155 - INFO - SONGPA
2023-01-19 11:53:15,155 - INFO - SONGPA
2023-01-19 11:55:02,874 - INFO - SEONGBUK
2023-01-19 11:55:11,461 - INFO - SONGPA
2023-01-19 11:55:11,461 - INFO - SONGPA
2023-01-19 11:55:14,327 - INFO - SONGPA
2023-01-19 11:55:14,327 - INFO - SONGPA
2023-01-19 11:55:14,327 - INFO - SONGPA
2023-01-19 11:55:16,748 - INFO - SONGPA
2023-01-19 11:55:16,748 - INFO - SONGPA
2023-01-19 11:55:16,748 - INFO - SONGPA
2023-01-19 11:55:16,748 - INFO - SONGPA
2023-01-19 11:55:18,194 - INFO - YANGCHEON
2023-01-19 11:55:18,194 - INFO - YANGCHEON
2023-01-19 11:55:18,194 - INFO - YANGCHEON
2023-01-19 11:55:18,194 - INFO - YANGCHEON
2023-01-19 11:55:18,194 - INFO - YANGCHEON
2023-01-19 11:55:27,510 - INFO - YANGCHEON
2023-01-19 11:55:27,510 - INFO - YANGCHEON
2023-01-19 11:55:27,510 - INFO - YANGCHEON
2023-01-19 11:55:27,510 - INFO - YANGCHEON
2023-01-19 11:55:27,510 - INFO - YANGCHEON
2023-01-19 11:55:27,510 - INFO - YANGCHEON
2023-01-19 11:55:29,136 - INFO - YEONGDEUNGPO
2023-01-19 11:55:29,136 - INFO - YEONGDEUNGPO
2023-01-19 11:55:29,136 - INFO - YEONGDEUNGPO
2023-01-19 11:55:29,136 - INFO - YEONGDEUNGPO
2023-01-19 11:55:29,136 - INFO - YEONGDEUNGPO
2023-01-19 11:55:29,136 - INFO - YEONGDEUNGPO
2023-01-19 11:55:29,136 - INFO - YEONGDEUNGPO
2023-01-19 11:55:32,387 - INFO - YEONGDEUNGPO
2023-01-19 11:55:32,387 - INFO - YEONGDEUNGPO
2023-01-19 11:55:32,387 - INFO - YEONGDEUNGPO
2023-01-19 11:55:32,387 - INFO - YEONGDEUNGPO
2023-01-19 11:55:32,387 - INFO - YEONGDEUNGPO
2023-01-19 11:55:32,387 - INFO - YEONGDEUNGPO
2023-01-19 11:55:32,387 - INFO - YEONGDEUNGPO
2023-01-19 11:55:32,387 - INFO - YEONGDEUNGPO
2023-01-19 11:55:38,205 - INFO - SEOUL
2023-01-19 11:55:38,205 - INFO - SEOUL
2023-01-19 11:55:38,205 - INFO - SEOUL
2023-01-19 11:55:38,205 - INFO - SEOUL
2023-01-19 11:55:38,205 - INFO - SEOUL
2023-01-19 11:55:38,205 - INFO - SEOUL
2023-01-19 11:55:38,205 - INFO - SEOUL
2023-01-19 11:55:38,205 - INFO - SEOUL
2023-01-19 11:55:38,205 - INFO - SEOUL
2023-01-19 11:55:40,433 - INFO - SEOUL
2023-01-19 11:55:40,433 - INFO - SEOUL
2023-01-19 11:55:40,433 - INFO - SEOUL
2023-01-19 11:55:40,433 - INFO - SEOUL
2023-01-19 11:55:40,433 - INFO - SEOUL
2023-01-19 11:55:40,433 - INFO - SEOUL
2023-01-19 11:55:40,433 - INFO - SEOUL
2023-01-19 11:55:40,433 - INFO - SEOUL
2023-01-19 11:55:40,433 - INFO - SEOUL
2023-01-19 11:55:40,433 - INFO - SEOUL
2023-01-19 11:55:53,676 - INFO - SEOUL
2023-01-19 11:55:53,676 - INFO - SEOUL
2023-01-19 11:55:53,676 - INFO - SEOUL
2023-01-19 11:55:53,676 - INFO - SEOUL
2023-01-19 11:55:53,676 - INFO - SEOUL
2023-01-19 11:55:53,676 - INFO - SEOUL
2023-01-19 11:55:53,676 - INFO - SEOUL
2023-01-19 11:55:53,676 - INFO - SEOUL
2023-01-19 11:55:53,676 - INFO - SEOUL
2023-01-19 11:55:53,676 - INFO - SEOUL
2023-01-19 11:55:53,676 - INFO - SEOUL
2023-01-19 11:55:56,451 - INFO - SEOUL
2023-01-19 11:55:56,451 - INFO - SEOUL
2023-01-19 11:55:56,451 - INFO - SEOUL
2023-01-19 11:55:56,451 - INFO - SEOUL
2023-01-19 11:55:56,451 - INFO - SEOUL
2023-01-19 11:55:56,451 - INFO - SEOUL
2023-01-19 11:55:56,451 - INFO - SEOUL
2023-01-19 11:55:56,451 - INFO - SEOUL
2023-01-19 11:55:56,451 - INFO - SEOUL
2023-01-19 11:55:56,451 - INFO - SEOUL
2023-01-19 11:55:56,451 - INFO - SEOUL
2023-01-19 11:55:56,451 - INFO - SEOUL
2023-01-19 11:55:57,006 - WARNING - Failed to parse headers (url=https://www.sscmc.or.kr:443/info/notice/list.asp?db=BBS_notice&pageno=1&startpage=1&where=&keyfield=&keyword=&catekkk=): [MissingHeaderBodySeparatorDefect()], unparsed data: 'Server : Wow 3.8\r\nDate: Thu, 19 Jan 2023 02:55:56 GMT\r\nContent-Type: text/html\r\nContent-Length: 40172\r\nConnection: keep-alive\r\nCache-Control: private\r\nSet-Cookie: ASPSESSIONIDCQBCRRRC=EIOIIMKDODFMBFHHNCEAOHMI; path=/\r\nX-Frame-Options: SAMEORIGIN\r\n\r\n'
Traceback (most recent call last):
  File "/Users/yeon/Library/Python/3.9/lib/python/site-packages/urllib3/connectionpool.py", line 469, in _make_request
    assert_header_parsing(httplib_response.msg)
  File "/Users/yeon/Library/Python/3.9/lib/python/site-packages/urllib3/util/response.py", line 91, in assert_header_parsing
    raise HeaderParsingError(defects=defects, unparsed_data=unparsed_data)
urllib3.exceptions.HeaderParsingError: [MissingHeaderBodySeparatorDefect()], unparsed data: 'Server : Wow 3.8\r\nDate: Thu, 19 Jan 2023 02:55:56 GMT\r\nContent-Type: text/html\r\nContent-Length: 40172\r\nConnection: keep-alive\r\nCache-Control: private\r\nSet-Cookie: ASPSESSIONIDCQBCRRRC=EIOIIMKDODFMBFHHNCEAOHMI; path=/\r\nX-Frame-Options: SAMEORIGIN\r\n\r\n'
2023-01-19 11:55:57,006 - WARNING - Failed to parse headers (url=https://www.sscmc.or.kr:443/info/notice/list.asp?db=BBS_notice&pageno=1&startpage=1&where=&keyfield=&keyword=&catekkk=): [MissingHeaderBodySeparatorDefect()], unparsed data: 'Server : Wow 3.8\r\nDate: Thu, 19 Jan 2023 02:55:56 GMT\r\nContent-Type: text/html\r\nContent-Length: 40172\r\nConnection: keep-alive\r\nCache-Control: private\r\nSet-Cookie: ASPSESSIONIDCQBCRRRC=EIOIIMKDODFMBFHHNCEAOHMI; path=/\r\nX-Frame-Options: SAMEORIGIN\r\n\r\n'
Traceback (most recent call last):
  File "/Users/yeon/Library/Python/3.9/lib/python/site-packages/urllib3/connectionpool.py", line 469, in _make_request
    assert_header_parsing(httplib_response.msg)
  File "/Users/yeon/Library/Python/3.9/lib/python/site-packages/urllib3/util/response.py", line 91, in assert_header_parsing
    raise HeaderParsingError(defects=defects, unparsed_data=unparsed_data)
urllib3.exceptions.HeaderParsingError: [MissingHeaderBodySeparatorDefect()], unparsed data: 'Server : Wow 3.8\r\nDate: Thu, 19 Jan 2023 02:55:56 GMT\r\nContent-Type: text/html\r\nContent-Length: 40172\r\nConnection: keep-alive\r\nCache-Control: private\r\nSet-Cookie: ASPSESSIONIDCQBCRRRC=EIOIIMKDODFMBFHHNCEAOHMI; path=/\r\nX-Frame-Options: SAMEORIGIN\r\n\r\n'
2023-01-19 11:55:57,006 - WARNING - Failed to parse headers (url=https://www.sscmc.or.kr:443/info/notice/list.asp?db=BBS_notice&pageno=1&startpage=1&where=&keyfield=&keyword=&catekkk=): [MissingHeaderBodySeparatorDefect()], unparsed data: 'Server : Wow 3.8\r\nDate: Thu, 19 Jan 2023 02:55:56 GMT\r\nContent-Type: text/html\r\nContent-Length: 40172\r\nConnection: keep-alive\r\nCache-Control: private\r\nSet-Cookie: ASPSESSIONIDCQBCRRRC=EIOIIMKDODFMBFHHNCEAOHMI; path=/\r\nX-Frame-Options: SAMEORIGIN\r\n\r\n'
Traceback (most recent call last):
  File "/Users/yeon/Library/Python/3.9/lib/python/site-packages/urllib3/connectionpool.py", line 469, in _make_request
    assert_header_parsing(httplib_response.msg)
  File "/Users/yeon/Library/Python/3.9/lib/python/site-packages/urllib3/util/response.py", line 91, in assert_header_parsing
    raise HeaderParsingError(defects=defects, unparsed_data=unparsed_data)
urllib3.exceptions.HeaderParsingError: [MissingHeaderBodySeparatorDefect()], unparsed data: 'Server : Wow 3.8\r\nDate: Thu, 19 Jan 2023 02:55:56 GMT\r\nContent-Type: text/html\r\nContent-Length: 40172\r\nConnection: keep-alive\r\nCache-Control: private\r\nSet-Cookie: ASPSESSIONIDCQBCRRRC=EIOIIMKDODFMBFHHNCEAOHMI; path=/\r\nX-Frame-Options: SAMEORIGIN\r\n\r\n'
2023-01-19 11:55:57,006 - WARNING - Failed to parse headers (url=https://www.sscmc.or.kr:443/info/notice/list.asp?db=BBS_notice&pageno=1&startpage=1&where=&keyfield=&keyword=&catekkk=): [MissingHeaderBodySeparatorDefect()], unparsed data: 'Server : Wow 3.8\r\nDate: Thu, 19 Jan 2023 02:55:56 GMT\r\nContent-Type: text/html\r\nContent-Length: 40172\r\nConnection: keep-alive\r\nCache-Control: private\r\nSet-Cookie: ASPSESSIONIDCQBCRRRC=EIOIIMKDODFMBFHHNCEAOHMI; path=/\r\nX-Frame-Options: SAMEORIGIN\r\n\r\n'
Traceback (most recent call last):
  File "/Users/yeon/Library/Python/3.9/lib/python/site-packages/urllib3/connectionpool.py", line 469, in _make_request
    assert_header_parsing(httplib_response.msg)
  File "/Users/yeon/Library/Python/3.9/lib/python/site-packages/urllib3/util/response.py", line 91, in assert_header_parsing
    raise HeaderParsingError(defects=defects, unparsed_data=unparsed_data)
urllib3.exceptions.HeaderParsingError: [MissingHeaderBodySeparatorDefect()], unparsed data: 'Server : Wow 3.8\r\nDate: Thu, 19 Jan 2023 02:55:56 GMT\r\nContent-Type: text/html\r\nContent-Length: 40172\r\nConnection: keep-alive\r\nCache-Control: private\r\nSet-Cookie: ASPSESSIONIDCQBCRRRC=EIOIIMKDODFMBFHHNCEAOHMI; path=/\r\nX-Frame-Options: SAMEORIGIN\r\n\r\n'
2023-01-19 11:55:57,006 - WARNING - Failed to parse headers (url=https://www.sscmc.or.kr:443/info/notice/list.asp?db=BBS_notice&pageno=1&startpage=1&where=&keyfield=&keyword=&catekkk=): [MissingHeaderBodySeparatorDefect()], unparsed data: 'Server : Wow 3.8\r\nDate: Thu, 19 Jan 2023 02:55:56 GMT\r\nContent-Type: text/html\r\nContent-Length: 40172\r\nConnection: keep-alive\r\nCache-Control: private\r\nSet-Cookie: ASPSESSIONIDCQBCRRRC=EIOIIMKDODFMBFHHNCEAOHMI; path=/\r\nX-Frame-Options: SAMEORIGIN\r\n\r\n'
Traceback (most recent call last):
  File "/Users/yeon/Library/Python/3.9/lib/python/site-packages/urllib3/connectionpool.py", line 469, in _make_request
    assert_header_parsing(httplib_response.msg)
  File "/Users/yeon/Library/Python/3.9/lib/python/site-packages/urllib3/util/response.py", line 91, in assert_header_parsing
    raise HeaderParsingError(defects=defects, unparsed_data=unparsed_data)
urllib3.exceptions.HeaderParsingError: [MissingHeaderBodySeparatorDefect()], unparsed data: 'Server : Wow 3.8\r\nDate: Thu, 19 Jan 2023 02:55:56 GMT\r\nContent-Type: text/html\r\nContent-Length: 40172\r\nConnection: keep-alive\r\nCache-Control: private\r\nSet-Cookie: ASPSESSIONIDCQBCRRRC=EIOIIMKDODFMBFHHNCEAOHMI; path=/\r\nX-Frame-Options: SAMEORIGIN\r\n\r\n'
2023-01-19 11:55:57,006 - WARNING - Failed to parse headers (url=https://www.sscmc.or.kr:443/info/notice/list.asp?db=BBS_notice&pageno=1&startpage=1&where=&keyfield=&keyword=&catekkk=): [MissingHeaderBodySeparatorDefect()], unparsed data: 'Server : Wow 3.8\r\nDate: Thu, 19 Jan 2023 02:55:56 GMT\r\nContent-Type: text/html\r\nContent-Length: 40172\r\nConnection: keep-alive\r\nCache-Control: private\r\nSet-Cookie: ASPSESSIONIDCQBCRRRC=EIOIIMKDODFMBFHHNCEAOHMI; path=/\r\nX-Frame-Options: SAMEORIGIN\r\n\r\n'
Traceback (most recent call last):
  File "/Users/yeon/Library/Python/3.9/lib/python/site-packages/urllib3/connectionpool.py", line 469, in _make_request
    assert_header_parsing(httplib_response.msg)
  File "/Users/yeon/Library/Python/3.9/lib/python/site-packages/urllib3/util/response.py", line 91, in assert_header_parsing
    raise HeaderParsingError(defects=defects, unparsed_data=unparsed_data)
urllib3.exceptions.HeaderParsingError: [MissingHeaderBodySeparatorDefect()], unparsed data: 'Server : Wow 3.8\r\nDate: Thu, 19 Jan 2023 02:55:56 GMT\r\nContent-Type: text/html\r\nContent-Length: 40172\r\nConnection: keep-alive\r\nCache-Control: private\r\nSet-Cookie: ASPSESSIONIDCQBCRRRC=EIOIIMKDODFMBFHHNCEAOHMI; path=/\r\nX-Frame-Options: SAMEORIGIN\r\n\r\n'
2023-01-19 11:55:57,006 - WARNING - Failed to parse headers (url=https://www.sscmc.or.kr:443/info/notice/list.asp?db=BBS_notice&pageno=1&startpage=1&where=&keyfield=&keyword=&catekkk=): [MissingHeaderBodySeparatorDefect()], unparsed data: 'Server : Wow 3.8\r\nDate: Thu, 19 Jan 2023 02:55:56 GMT\r\nContent-Type: text/html\r\nContent-Length: 40172\r\nConnection: keep-alive\r\nCache-Control: private\r\nSet-Cookie: ASPSESSIONIDCQBCRRRC=EIOIIMKDODFMBFHHNCEAOHMI; path=/\r\nX-Frame-Options: SAMEORIGIN\r\n\r\n'
Traceback (most recent call last):
  File "/Users/yeon/Library/Python/3.9/lib/python/site-packages/urllib3/connectionpool.py", line 469, in _make_request
    assert_header_parsing(httplib_response.msg)
  File "/Users/yeon/Library/Python/3.9/lib/python/site-packages/urllib3/util/response.py", line 91, in assert_header_parsing
    raise HeaderParsingError(defects=defects, unparsed_data=unparsed_data)
urllib3.exceptions.HeaderParsingError: [MissingHeaderBodySeparatorDefect()], unparsed data: 'Server : Wow 3.8\r\nDate: Thu, 19 Jan 2023 02:55:56 GMT\r\nContent-Type: text/html\r\nContent-Length: 40172\r\nConnection: keep-alive\r\nCache-Control: private\r\nSet-Cookie: ASPSESSIONIDCQBCRRRC=EIOIIMKDODFMBFHHNCEAOHMI; path=/\r\nX-Frame-Options: SAMEORIGIN\r\n\r\n'
2023-01-19 11:55:57,006 - WARNING - Failed to parse headers (url=https://www.sscmc.or.kr:443/info/notice/list.asp?db=BBS_notice&pageno=1&startpage=1&where=&keyfield=&keyword=&catekkk=): [MissingHeaderBodySeparatorDefect()], unparsed data: 'Server : Wow 3.8\r\nDate: Thu, 19 Jan 2023 02:55:56 GMT\r\nContent-Type: text/html\r\nContent-Length: 40172\r\nConnection: keep-alive\r\nCache-Control: private\r\nSet-Cookie: ASPSESSIONIDCQBCRRRC=EIOIIMKDODFMBFHHNCEAOHMI; path=/\r\nX-Frame-Options: SAMEORIGIN\r\n\r\n'
Traceback (most recent call last):
  File "/Users/yeon/Library/Python/3.9/lib/python/site-packages/urllib3/connectionpool.py", line 469, in _make_request
    assert_header_parsing(httplib_response.msg)
  File "/Users/yeon/Library/Python/3.9/lib/python/site-packages/urllib3/util/response.py", line 91, in assert_header_parsing
    raise HeaderParsingError(defects=defects, unparsed_data=unparsed_data)
urllib3.exceptions.HeaderParsingError: [MissingHeaderBodySeparatorDefect()], unparsed data: 'Server : Wow 3.8\r\nDate: Thu, 19 Jan 2023 02:55:56 GMT\r\nContent-Type: text/html\r\nContent-Length: 40172\r\nConnection: keep-alive\r\nCache-Control: private\r\nSet-Cookie: ASPSESSIONIDCQBCRRRC=EIOIIMKDODFMBFHHNCEAOHMI; path=/\r\nX-Frame-Options: SAMEORIGIN\r\n\r\n'
2023-01-19 11:55:57,006 - WARNING - Failed to parse headers (url=https://www.sscmc.or.kr:443/info/notice/list.asp?db=BBS_notice&pageno=1&startpage=1&where=&keyfield=&keyword=&catekkk=): [MissingHeaderBodySeparatorDefect()], unparsed data: 'Server : Wow 3.8\r\nDate: Thu, 19 Jan 2023 02:55:56 GMT\r\nContent-Type: text/html\r\nContent-Length: 40172\r\nConnection: keep-alive\r\nCache-Control: private\r\nSet-Cookie: ASPSESSIONIDCQBCRRRC=EIOIIMKDODFMBFHHNCEAOHMI; path=/\r\nX-Frame-Options: SAMEORIGIN\r\n\r\n'
Traceback (most recent call last):
  File "/Users/yeon/Library/Python/3.9/lib/python/site-packages/urllib3/connectionpool.py", line 469, in _make_request
    assert_header_parsing(httplib_response.msg)
  File "/Users/yeon/Library/Python/3.9/lib/python/site-packages/urllib3/util/response.py", line 91, in assert_header_parsing
    raise HeaderParsingError(defects=defects, unparsed_data=unparsed_data)
urllib3.exceptions.HeaderParsingError: [MissingHeaderBodySeparatorDefect()], unparsed data: 'Server : Wow 3.8\r\nDate: Thu, 19 Jan 2023 02:55:56 GMT\r\nContent-Type: text/html\r\nContent-Length: 40172\r\nConnection: keep-alive\r\nCache-Control: private\r\nSet-Cookie: ASPSESSIONIDCQBCRRRC=EIOIIMKDODFMBFHHNCEAOHMI; path=/\r\nX-Frame-Options: SAMEORIGIN\r\n\r\n'
2023-01-19 11:55:57,006 - WARNING - Failed to parse headers (url=https://www.sscmc.or.kr:443/info/notice/list.asp?db=BBS_notice&pageno=1&startpage=1&where=&keyfield=&keyword=&catekkk=): [MissingHeaderBodySeparatorDefect()], unparsed data: 'Server : Wow 3.8\r\nDate: Thu, 19 Jan 2023 02:55:56 GMT\r\nContent-Type: text/html\r\nContent-Length: 40172\r\nConnection: keep-alive\r\nCache-Control: private\r\nSet-Cookie: ASPSESSIONIDCQBCRRRC=EIOIIMKDODFMBFHHNCEAOHMI; path=/\r\nX-Frame-Options: SAMEORIGIN\r\n\r\n'
Traceback (most recent call last):
  File "/Users/yeon/Library/Python/3.9/lib/python/site-packages/urllib3/connectionpool.py", line 469, in _make_request
    assert_header_parsing(httplib_response.msg)
  File "/Users/yeon/Library/Python/3.9/lib/python/site-packages/urllib3/util/response.py", line 91, in assert_header_parsing
    raise HeaderParsingError(defects=defects, unparsed_data=unparsed_data)
urllib3.exceptions.HeaderParsingError: [MissingHeaderBodySeparatorDefect()], unparsed data: 'Server : Wow 3.8\r\nDate: Thu, 19 Jan 2023 02:55:56 GMT\r\nContent-Type: text/html\r\nContent-Length: 40172\r\nConnection: keep-alive\r\nCache-Control: private\r\nSet-Cookie: ASPSESSIONIDCQBCRRRC=EIOIIMKDODFMBFHHNCEAOHMI; path=/\r\nX-Frame-Options: SAMEORIGIN\r\n\r\n'
2023-01-19 11:55:57,006 - WARNING - Failed to parse headers (url=https://www.sscmc.or.kr:443/info/notice/list.asp?db=BBS_notice&pageno=1&startpage=1&where=&keyfield=&keyword=&catekkk=): [MissingHeaderBodySeparatorDefect()], unparsed data: 'Server : Wow 3.8\r\nDate: Thu, 19 Jan 2023 02:55:56 GMT\r\nContent-Type: text/html\r\nContent-Length: 40172\r\nConnection: keep-alive\r\nCache-Control: private\r\nSet-Cookie: ASPSESSIONIDCQBCRRRC=EIOIIMKDODFMBFHHNCEAOHMI; path=/\r\nX-Frame-Options: SAMEORIGIN\r\n\r\n'
Traceback (most recent call last):
  File "/Users/yeon/Library/Python/3.9/lib/python/site-packages/urllib3/connectionpool.py", line 469, in _make_request
    assert_header_parsing(httplib_response.msg)
  File "/Users/yeon/Library/Python/3.9/lib/python/site-packages/urllib3/util/response.py", line 91, in assert_header_parsing
    raise HeaderParsingError(defects=defects, unparsed_data=unparsed_data)
urllib3.exceptions.HeaderParsingError: [MissingHeaderBodySeparatorDefect()], unparsed data: 'Server : Wow 3.8\r\nDate: Thu, 19 Jan 2023 02:55:56 GMT\r\nContent-Type: text/html\r\nContent-Length: 40172\r\nConnection: keep-alive\r\nCache-Control: private\r\nSet-Cookie: ASPSESSIONIDCQBCRRRC=EIOIIMKDODFMBFHHNCEAOHMI; path=/\r\nX-Frame-Options: SAMEORIGIN\r\n\r\n'
2023-01-19 11:55:57,006 - WARNING - Failed to parse headers (url=https://www.sscmc.or.kr:443/info/notice/list.asp?db=BBS_notice&pageno=1&startpage=1&where=&keyfield=&keyword=&catekkk=): [MissingHeaderBodySeparatorDefect()], unparsed data: 'Server : Wow 3.8\r\nDate: Thu, 19 Jan 2023 02:55:56 GMT\r\nContent-Type: text/html\r\nContent-Length: 40172\r\nConnection: keep-alive\r\nCache-Control: private\r\nSet-Cookie: ASPSESSIONIDCQBCRRRC=EIOIIMKDODFMBFHHNCEAOHMI; path=/\r\nX-Frame-Options: SAMEORIGIN\r\n\r\n'
Traceback (most recent call last):
  File "/Users/yeon/Library/Python/3.9/lib/python/site-packages/urllib3/connectionpool.py", line 469, in _make_request
    assert_header_parsing(httplib_response.msg)
  File "/Users/yeon/Library/Python/3.9/lib/python/site-packages/urllib3/util/response.py", line 91, in assert_header_parsing
    raise HeaderParsingError(defects=defects, unparsed_data=unparsed_data)
urllib3.exceptions.HeaderParsingError: [MissingHeaderBodySeparatorDefect()], unparsed data: 'Server : Wow 3.8\r\nDate: Thu, 19 Jan 2023 02:55:56 GMT\r\nContent-Type: text/html\r\nContent-Length: 40172\r\nConnection: keep-alive\r\nCache-Control: private\r\nSet-Cookie: ASPSESSIONIDCQBCRRRC=EIOIIMKDODFMBFHHNCEAOHMI; path=/\r\nX-Frame-Options: SAMEORIGIN\r\n\r\n'
2023-01-19 11:57:12,571 - INFO - SEODAEMUN
2023-01-19 11:57:12,571 - INFO - SEODAEMUN
2023-01-19 11:57:12,571 - INFO - SEODAEMUN
2023-01-19 11:57:12,571 - INFO - SEODAEMUN
2023-01-19 11:57:12,571 - INFO - SEODAEMUN
2023-01-19 11:57:12,571 - INFO - SEODAEMUN
2023-01-19 11:57:12,571 - INFO - SEODAEMUN
2023-01-19 11:57:12,571 - INFO - SEODAEMUN
2023-01-19 11:57:12,571 - INFO - SEODAEMUN
2023-01-19 11:57:12,571 - INFO - SEODAEMUN
2023-01-19 11:57:12,571 - INFO - SEODAEMUN
2023-01-19 11:57:12,571 - INFO - SEODAEMUN
2023-01-19 11:57:12,571 - INFO - SEODAEMUN
