2023-01-25 08:58:50,153 - INFO - JUNGNANG
2023-01-25 08:59:19,908 - INFO - JUNGNANG
2023-01-25 08:59:21,299 - WARNING - Failed to parse headers (url=https://www.jungnang.go.kr:443/portal/bbs/list/B0000002.do?searchCnd=&searchWrd=&gubun=&delCode=0&useAt=&replyAt=&menuNo=200473&sdate=&edate=&deptId=&deptName=&popupYn=&dept=&dong=&option1=&viewType=&searchCnd2=&pageIndex=1): [FirstHeaderLineIsContinuationDefect(' X-Content-Type-Options: nosniff\r\n')], unparsed data: ''
Traceback (most recent call last):
  File "/Users/yeon/Library/Python/3.9/lib/python/site-packages/urllib3/connectionpool.py", line 469, in _make_request
    assert_header_parsing(httplib_response.msg)
  File "/Users/yeon/Library/Python/3.9/lib/python/site-packages/urllib3/util/response.py", line 91, in assert_header_parsing
    raise HeaderParsingError(defects=defects, unparsed_data=unparsed_data)
urllib3.exceptions.HeaderParsingError: [FirstHeaderLineIsContinuationDefect(' X-Content-Type-Options: nosniff\r\n')], unparsed data: ''
2023-01-25 08:59:22,098 - INFO - JUNGNANG
2023-01-25 08:59:22,098 - INFO - JUNGNANG
2023-01-25 08:59:31,213 - INFO - YONGSAN
2023-01-25 08:59:31,213 - INFO - YONGSAN
2023-01-25 08:59:31,213 - INFO - YONGSAN
2023-01-25 08:59:33,369 - INFO - YONGSAN
2023-01-25 08:59:33,369 - INFO - YONGSAN
2023-01-25 08:59:33,369 - INFO - YONGSAN
2023-01-25 08:59:33,369 - INFO - YONGSAN
2023-01-25 08:59:35,067 - INFO - YONGSAN
2023-01-25 08:59:35,067 - INFO - YONGSAN
2023-01-25 08:59:35,067 - INFO - YONGSAN
2023-01-25 08:59:35,067 - INFO - YONGSAN
2023-01-25 08:59:35,067 - INFO - YONGSAN
2023-01-25 08:59:36,854 - INFO - GANGNAM
2023-01-25 08:59:36,854 - INFO - GANGNAM
2023-01-25 08:59:36,854 - INFO - GANGNAM
2023-01-25 08:59:36,854 - INFO - GANGNAM
2023-01-25 08:59:36,854 - INFO - GANGNAM
2023-01-25 08:59:36,854 - INFO - GANGNAM
2023-01-25 08:59:50,116 - INFO - GANGNAM
2023-01-25 08:59:50,116 - INFO - GANGNAM
2023-01-25 08:59:50,116 - INFO - GANGNAM
2023-01-25 08:59:50,116 - INFO - GANGNAM
2023-01-25 08:59:50,116 - INFO - GANGNAM
2023-01-25 08:59:50,116 - INFO - GANGNAM
2023-01-25 08:59:50,116 - INFO - GANGNAM
2023-01-25 08:59:51,914 - INFO - GANGDONG
2023-01-25 08:59:51,914 - INFO - GANGDONG
2023-01-25 08:59:51,914 - INFO - GANGDONG
2023-01-25 08:59:51,914 - INFO - GANGDONG
2023-01-25 08:59:51,914 - INFO - GANGDONG
2023-01-25 08:59:51,914 - INFO - GANGDONG
2023-01-25 08:59:51,914 - INFO - GANGDONG
2023-01-25 08:59:51,914 - INFO - GANGDONG
2023-01-25 08:59:58,150 - INFO - GURO
2023-01-25 08:59:58,150 - INFO - GURO
2023-01-25 08:59:58,150 - INFO - GURO
2023-01-25 08:59:58,150 - INFO - GURO
2023-01-25 08:59:58,150 - INFO - GURO
2023-01-25 08:59:58,150 - INFO - GURO
2023-01-25 08:59:58,150 - INFO - GURO
2023-01-25 08:59:58,150 - INFO - GURO
2023-01-25 08:59:58,150 - INFO - GURO
2023-01-25 09:00:00,945 - INFO - GURO
2023-01-25 09:00:00,945 - INFO - GURO
2023-01-25 09:00:00,945 - INFO - GURO
2023-01-25 09:00:00,945 - INFO - GURO
2023-01-25 09:00:00,945 - INFO - GURO
2023-01-25 09:00:00,945 - INFO - GURO
2023-01-25 09:00:00,945 - INFO - GURO
2023-01-25 09:00:00,945 - INFO - GURO
2023-01-25 09:00:00,945 - INFO - GURO
2023-01-25 09:00:00,945 - INFO - GURO
2023-01-25 09:00:09,458 - INFO - GANGSEO
2023-01-25 09:00:09,458 - INFO - GANGSEO
2023-01-25 09:00:09,458 - INFO - GANGSEO
2023-01-25 09:00:09,458 - INFO - GANGSEO
2023-01-25 09:00:09,458 - INFO - GANGSEO
2023-01-25 09:00:09,458 - INFO - GANGSEO
2023-01-25 09:00:09,458 - INFO - GANGSEO
2023-01-25 09:00:09,458 - INFO - GANGSEO
2023-01-25 09:00:09,458 - INFO - GANGSEO
2023-01-25 09:00:09,458 - INFO - GANGSEO
2023-01-25 09:00:09,458 - INFO - GANGSEO
2023-01-25 09:00:16,745 - INFO - GANGDONG
2023-01-25 09:00:16,745 - INFO - GANGDONG
2023-01-25 09:00:16,745 - INFO - GANGDONG
2023-01-25 09:00:16,745 - INFO - GANGDONG
2023-01-25 09:00:16,745 - INFO - GANGDONG
2023-01-25 09:00:16,745 - INFO - GANGDONG
2023-01-25 09:00:16,745 - INFO - GANGDONG
2023-01-25 09:00:16,745 - INFO - GANGDONG
2023-01-25 09:00:16,745 - INFO - GANGDONG
2023-01-25 09:00:16,745 - INFO - GANGDONG
2023-01-25 09:00:16,745 - INFO - GANGDONG
2023-01-25 09:00:16,745 - INFO - GANGDONG
2023-01-25 09:00:23,924 - INFO - GANGDONG
2023-01-25 09:00:23,924 - INFO - GANGDONG
2023-01-25 09:00:23,924 - INFO - GANGDONG
2023-01-25 09:00:23,924 - INFO - GANGDONG
2023-01-25 09:00:23,924 - INFO - GANGDONG
2023-01-25 09:00:23,924 - INFO - GANGDONG
2023-01-25 09:00:23,924 - INFO - GANGDONG
2023-01-25 09:00:23,924 - INFO - GANGDONG
2023-01-25 09:00:23,924 - INFO - GANGDONG
2023-01-25 09:00:23,924 - INFO - GANGDONG
2023-01-25 09:00:23,924 - INFO - GANGDONG
2023-01-25 09:00:23,924 - INFO - GANGDONG
2023-01-25 09:00:23,924 - INFO - GANGDONG
2023-01-25 09:00:25,853 - INFO - GANGDONG
2023-01-25 09:00:25,853 - INFO - GANGDONG
2023-01-25 09:00:25,853 - INFO - GANGDONG
2023-01-25 09:00:25,853 - INFO - GANGDONG
2023-01-25 09:00:25,853 - INFO - GANGDONG
2023-01-25 09:00:25,853 - INFO - GANGDONG
2023-01-25 09:00:25,853 - INFO - GANGDONG
2023-01-25 09:00:25,853 - INFO - GANGDONG
2023-01-25 09:00:25,853 - INFO - GANGDONG
2023-01-25 09:00:25,853 - INFO - GANGDONG
2023-01-25 09:00:25,853 - INFO - GANGDONG
2023-01-25 09:00:25,853 - INFO - GANGDONG
2023-01-25 09:00:25,853 - INFO - GANGDONG
2023-01-25 09:00:25,853 - INFO - GANGDONG
2023-01-25 09:00:34,870 - INFO - DOBONG
2023-01-25 09:00:34,870 - INFO - DOBONG
2023-01-25 09:00:34,870 - INFO - DOBONG
2023-01-25 09:00:34,870 - INFO - DOBONG
2023-01-25 09:00:34,870 - INFO - DOBONG
2023-01-25 09:00:34,870 - INFO - DOBONG
2023-01-25 09:00:34,870 - INFO - DOBONG
2023-01-25 09:00:34,870 - INFO - DOBONG
2023-01-25 09:00:34,870 - INFO - DOBONG
2023-01-25 09:00:34,870 - INFO - DOBONG
2023-01-25 09:00:34,870 - INFO - DOBONG
2023-01-25 09:00:34,870 - INFO - DOBONG
2023-01-25 09:00:34,870 - INFO - DOBONG
2023-01-25 09:00:34,870 - INFO - DOBONG
2023-01-25 09:00:34,870 - INFO - DOBONG
2023-01-25 09:00:37,017 - INFO - DOBONG
2023-01-25 09:00:37,017 - INFO - DOBONG
2023-01-25 09:00:37,017 - INFO - DOBONG
2023-01-25 09:00:37,017 - INFO - DOBONG
2023-01-25 09:00:37,017 - INFO - DOBONG
2023-01-25 09:00:37,017 - INFO - DOBONG
2023-01-25 09:00:37,017 - INFO - DOBONG
2023-01-25 09:00:37,017 - INFO - DOBONG
2023-01-25 09:00:37,017 - INFO - DOBONG
2023-01-25 09:00:37,017 - INFO - DOBONG
2023-01-25 09:00:37,017 - INFO - DOBONG
2023-01-25 09:00:37,017 - INFO - DOBONG
2023-01-25 09:00:37,017 - INFO - DOBONG
2023-01-25 09:00:37,017 - INFO - DOBONG
2023-01-25 09:00:37,017 - INFO - DOBONG
2023-01-25 09:00:37,017 - INFO - DOBONG
2023-01-25 09:00:38,425 - INFO - GANGBUK
2023-01-25 09:00:38,425 - INFO - GANGBUK
2023-01-25 09:00:38,425 - INFO - GANGBUK
2023-01-25 09:00:38,425 - INFO - GANGBUK
2023-01-25 09:00:38,425 - INFO - GANGBUK
2023-01-25 09:00:38,425 - INFO - GANGBUK
2023-01-25 09:00:38,425 - INFO - GANGBUK
2023-01-25 09:00:38,425 - INFO - GANGBUK
2023-01-25 09:00:38,425 - INFO - GANGBUK
2023-01-25 09:00:38,425 - INFO - GANGBUK
2023-01-25 09:00:38,425 - INFO - GANGBUK
2023-01-25 09:00:38,425 - INFO - GANGBUK
2023-01-25 09:00:38,425 - INFO - GANGBUK
2023-01-25 09:00:38,425 - INFO - GANGBUK
2023-01-25 09:00:38,425 - INFO - GANGBUK
2023-01-25 09:00:38,425 - INFO - GANGBUK
2023-01-25 09:00:38,425 - INFO - GANGBUK
2023-01-25 09:00:47,692 - INFO - GANGBUK
2023-01-25 09:00:47,692 - INFO - GANGBUK
2023-01-25 09:00:47,692 - INFO - GANGBUK
2023-01-25 09:00:47,692 - INFO - GANGBUK
2023-01-25 09:00:47,692 - INFO - GANGBUK
2023-01-25 09:00:47,692 - INFO - GANGBUK
2023-01-25 09:00:47,692 - INFO - GANGBUK
2023-01-25 09:00:47,692 - INFO - GANGBUK
2023-01-25 09:00:47,692 - INFO - GANGBUK
2023-01-25 09:00:47,692 - INFO - GANGBUK
2023-01-25 09:00:47,692 - INFO - GANGBUK
2023-01-25 09:00:47,692 - INFO - GANGBUK
2023-01-25 09:00:47,692 - INFO - GANGBUK
2023-01-25 09:00:47,692 - INFO - GANGBUK
2023-01-25 09:00:47,692 - INFO - GANGBUK
2023-01-25 09:00:47,692 - INFO - GANGBUK
2023-01-25 09:00:47,692 - INFO - GANGBUK
2023-01-25 09:00:47,692 - INFO - GANGBUK
2023-01-25 09:00:57,666 - INFO - DONGDAEMUN
2023-01-25 09:00:57,666 - INFO - DONGDAEMUN
2023-01-25 09:00:57,666 - INFO - DONGDAEMUN
2023-01-25 09:00:57,666 - INFO - DONGDAEMUN
2023-01-25 09:00:57,666 - INFO - DONGDAEMUN
2023-01-25 09:00:57,666 - INFO - DONGDAEMUN
2023-01-25 09:00:57,666 - INFO - DONGDAEMUN
2023-01-25 09:00:57,666 - INFO - DONGDAEMUN
2023-01-25 09:00:57,666 - INFO - DONGDAEMUN
2023-01-25 09:00:57,666 - INFO - DONGDAEMUN
2023-01-25 09:00:57,666 - INFO - DONGDAEMUN
2023-01-25 09:00:57,666 - INFO - DONGDAEMUN
2023-01-25 09:00:57,666 - INFO - DONGDAEMUN
2023-01-25 09:00:57,666 - INFO - DONGDAEMUN
2023-01-25 09:00:57,666 - INFO - DONGDAEMUN
2023-01-25 09:00:57,666 - INFO - DONGDAEMUN
2023-01-25 09:00:57,666 - INFO - DONGDAEMUN
2023-01-25 09:00:57,666 - INFO - DONGDAEMUN
2023-01-25 09:00:57,666 - INFO - DONGDAEMUN
2023-01-25 09:00:59,982 - INFO - DONGDAEMUN
2023-01-25 09:00:59,982 - INFO - DONGDAEMUN
2023-01-25 09:00:59,982 - INFO - DONGDAEMUN
2023-01-25 09:00:59,982 - INFO - DONGDAEMUN
2023-01-25 09:00:59,982 - INFO - DONGDAEMUN
2023-01-25 09:00:59,982 - INFO - DONGDAEMUN
2023-01-25 09:00:59,982 - INFO - DONGDAEMUN
2023-01-25 09:00:59,982 - INFO - DONGDAEMUN
2023-01-25 09:00:59,982 - INFO - DONGDAEMUN
2023-01-25 09:00:59,982 - INFO - DONGDAEMUN
2023-01-25 09:00:59,982 - INFO - DONGDAEMUN
2023-01-25 09:00:59,982 - INFO - DONGDAEMUN
2023-01-25 09:00:59,982 - INFO - DONGDAEMUN
2023-01-25 09:00:59,982 - INFO - DONGDAEMUN
2023-01-25 09:00:59,982 - INFO - DONGDAEMUN
2023-01-25 09:00:59,982 - INFO - DONGDAEMUN
2023-01-25 09:00:59,982 - INFO - DONGDAEMUN
2023-01-25 09:00:59,982 - INFO - DONGDAEMUN
2023-01-25 09:00:59,982 - INFO - DONGDAEMUN
2023-01-25 09:00:59,982 - INFO - DONGDAEMUN
2023-01-25 09:01:02,219 - INFO - DONGDAEMUN
2023-01-25 09:01:02,219 - INFO - DONGDAEMUN
2023-01-25 09:01:02,219 - INFO - DONGDAEMUN
2023-01-25 09:01:02,219 - INFO - DONGDAEMUN
2023-01-25 09:01:02,219 - INFO - DONGDAEMUN
2023-01-25 09:01:02,219 - INFO - DONGDAEMUN
2023-01-25 09:01:02,219 - INFO - DONGDAEMUN
2023-01-25 09:01:02,219 - INFO - DONGDAEMUN
2023-01-25 09:01:02,219 - INFO - DONGDAEMUN
2023-01-25 09:01:02,219 - INFO - DONGDAEMUN
2023-01-25 09:01:02,219 - INFO - DONGDAEMUN
2023-01-25 09:01:02,219 - INFO - DONGDAEMUN
2023-01-25 09:01:02,219 - INFO - DONGDAEMUN
2023-01-25 09:01:02,219 - INFO - DONGDAEMUN
2023-01-25 09:01:02,219 - INFO - DONGDAEMUN
2023-01-25 09:01:02,219 - INFO - DONGDAEMUN
2023-01-25 09:01:02,219 - INFO - DONGDAEMUN
2023-01-25 09:01:02,219 - INFO - DONGDAEMUN
2023-01-25 09:01:02,219 - INFO - DONGDAEMUN
2023-01-25 09:01:02,219 - INFO - DONGDAEMUN
2023-01-25 09:01:02,219 - INFO - DONGDAEMUN
2023-01-25 09:01:03,655 - INFO - DONGJAK
2023-01-25 09:01:03,655 - INFO - DONGJAK
2023-01-25 09:01:03,655 - INFO - DONGJAK
2023-01-25 09:01:03,655 - INFO - DONGJAK
2023-01-25 09:01:03,655 - INFO - DONGJAK
2023-01-25 09:01:03,655 - INFO - DONGJAK
2023-01-25 09:01:03,655 - INFO - DONGJAK
2023-01-25 09:01:03,655 - INFO - DONGJAK
2023-01-25 09:01:03,655 - INFO - DONGJAK
2023-01-25 09:01:03,655 - INFO - DONGJAK
2023-01-25 09:01:03,655 - INFO - DONGJAK
2023-01-25 09:01:03,655 - INFO - DONGJAK
2023-01-25 09:01:03,655 - INFO - DONGJAK
2023-01-25 09:01:03,655 - INFO - DONGJAK
2023-01-25 09:01:03,655 - INFO - DONGJAK
2023-01-25 09:01:03,655 - INFO - DONGJAK
2023-01-25 09:01:03,655 - INFO - DONGJAK
2023-01-25 09:01:03,655 - INFO - DONGJAK
2023-01-25 09:01:03,655 - INFO - DONGJAK
2023-01-25 09:01:03,655 - INFO - DONGJAK
2023-01-25 09:01:03,655 - INFO - DONGJAK
2023-01-25 09:01:03,655 - INFO - DONGJAK
2023-01-25 09:01:07,079 - INFO - DONGJAK
2023-01-25 09:01:07,079 - INFO - DONGJAK
2023-01-25 09:01:07,079 - INFO - DONGJAK
2023-01-25 09:01:07,079 - INFO - DONGJAK
2023-01-25 09:01:07,079 - INFO - DONGJAK
2023-01-25 09:01:07,079 - INFO - DONGJAK
2023-01-25 09:01:07,079 - INFO - DONGJAK
2023-01-25 09:01:07,079 - INFO - DONGJAK
2023-01-25 09:01:07,079 - INFO - DONGJAK
2023-01-25 09:01:07,079 - INFO - DONGJAK
2023-01-25 09:01:07,079 - INFO - DONGJAK
2023-01-25 09:01:07,079 - INFO - DONGJAK
2023-01-25 09:01:07,079 - INFO - DONGJAK
2023-01-25 09:01:07,079 - INFO - DONGJAK
2023-01-25 09:01:07,079 - INFO - DONGJAK
2023-01-25 09:01:07,079 - INFO - DONGJAK
2023-01-25 09:01:07,079 - INFO - DONGJAK
2023-01-25 09:01:07,079 - INFO - DONGJAK
2023-01-25 09:01:07,079 - INFO - DONGJAK
2023-01-25 09:01:07,079 - INFO - DONGJAK
2023-01-25 09:01:07,079 - INFO - DONGJAK
2023-01-25 09:01:07,079 - INFO - DONGJAK
2023-01-25 09:01:07,079 - INFO - DONGJAK
2023-01-25 09:01:20,110 - INFO - GEUAMCHEOUN
2023-01-25 09:01:20,110 - INFO - GEUAMCHEOUN
2023-01-25 09:01:20,110 - INFO - GEUAMCHEOUN
2023-01-25 09:01:20,110 - INFO - GEUAMCHEOUN
2023-01-25 09:01:20,110 - INFO - GEUAMCHEOUN
2023-01-25 09:01:20,110 - INFO - GEUAMCHEOUN
2023-01-25 09:01:20,110 - INFO - GEUAMCHEOUN
2023-01-25 09:01:20,110 - INFO - GEUAMCHEOUN
2023-01-25 09:01:20,110 - INFO - GEUAMCHEOUN
2023-01-25 09:01:20,110 - INFO - GEUAMCHEOUN
2023-01-25 09:01:20,110 - INFO - GEUAMCHEOUN
2023-01-25 09:01:20,110 - INFO - GEUAMCHEOUN
2023-01-25 09:01:20,110 - INFO - GEUAMCHEOUN
2023-01-25 09:01:20,110 - INFO - GEUAMCHEOUN
2023-01-25 09:01:20,110 - INFO - GEUAMCHEOUN
2023-01-25 09:01:20,110 - INFO - GEUAMCHEOUN
2023-01-25 09:01:20,110 - INFO - GEUAMCHEOUN
2023-01-25 09:01:20,110 - INFO - GEUAMCHEOUN
2023-01-25 09:01:20,110 - INFO - GEUAMCHEOUN
2023-01-25 09:01:20,110 - INFO - GEUAMCHEOUN
2023-01-25 09:01:20,110 - INFO - GEUAMCHEOUN
2023-01-25 09:01:20,110 - INFO - GEUAMCHEOUN
2023-01-25 09:01:20,110 - INFO - GEUAMCHEOUN
2023-01-25 09:01:20,110 - INFO - GEUAMCHEOUN
2023-01-25 09:01:22,189 - INFO - GEUAMCHEOUN
2023-01-25 09:01:22,189 - INFO - GEUAMCHEOUN
2023-01-25 09:01:22,189 - INFO - GEUAMCHEOUN
2023-01-25 09:01:22,189 - INFO - GEUAMCHEOUN
2023-01-25 09:01:22,189 - INFO - GEUAMCHEOUN
2023-01-25 09:01:22,189 - INFO - GEUAMCHEOUN
2023-01-25 09:01:22,189 - INFO - GEUAMCHEOUN
2023-01-25 09:01:22,189 - INFO - GEUAMCHEOUN
2023-01-25 09:01:22,189 - INFO - GEUAMCHEOUN
2023-01-25 09:01:22,189 - INFO - GEUAMCHEOUN
2023-01-25 09:01:22,189 - INFO - GEUAMCHEOUN
2023-01-25 09:01:22,189 - INFO - GEUAMCHEOUN
2023-01-25 09:01:22,189 - INFO - GEUAMCHEOUN
2023-01-25 09:01:22,189 - INFO - GEUAMCHEOUN
2023-01-25 09:01:22,189 - INFO - GEUAMCHEOUN
2023-01-25 09:01:22,189 - INFO - GEUAMCHEOUN
2023-01-25 09:01:22,189 - INFO - GEUAMCHEOUN
2023-01-25 09:01:22,189 - INFO - GEUAMCHEOUN
2023-01-25 09:01:22,189 - INFO - GEUAMCHEOUN
2023-01-25 09:01:22,189 - INFO - GEUAMCHEOUN
2023-01-25 09:01:22,189 - INFO - GEUAMCHEOUN
2023-01-25 09:01:22,189 - INFO - GEUAMCHEOUN
2023-01-25 09:01:22,189 - INFO - GEUAMCHEOUN
2023-01-25 09:01:22,189 - INFO - GEUAMCHEOUN
2023-01-25 09:01:22,189 - INFO - GEUAMCHEOUN
2023-01-25 09:01:23,634 - INFO - GWANAK
2023-01-25 09:01:23,634 - INFO - GWANAK
2023-01-25 09:01:23,634 - INFO - GWANAK
2023-01-25 09:01:23,634 - INFO - GWANAK
2023-01-25 09:01:23,634 - INFO - GWANAK
2023-01-25 09:01:23,634 - INFO - GWANAK
2023-01-25 09:01:23,634 - INFO - GWANAK
2023-01-25 09:01:23,634 - INFO - GWANAK
2023-01-25 09:01:23,634 - INFO - GWANAK
2023-01-25 09:01:23,634 - INFO - GWANAK
2023-01-25 09:01:23,634 - INFO - GWANAK
2023-01-25 09:01:23,634 - INFO - GWANAK
2023-01-25 09:01:23,634 - INFO - GWANAK
2023-01-25 09:01:23,634 - INFO - GWANAK
2023-01-25 09:01:23,634 - INFO - GWANAK
2023-01-25 09:01:23,634 - INFO - GWANAK
2023-01-25 09:01:23,634 - INFO - GWANAK
2023-01-25 09:01:23,634 - INFO - GWANAK
2023-01-25 09:01:23,634 - INFO - GWANAK
2023-01-25 09:01:23,634 - INFO - GWANAK
2023-01-25 09:01:23,634 - INFO - GWANAK
2023-01-25 09:01:23,634 - INFO - GWANAK
2023-01-25 09:01:23,634 - INFO - GWANAK
2023-01-25 09:01:23,634 - INFO - GWANAK
2023-01-25 09:01:23,634 - INFO - GWANAK
2023-01-25 09:01:23,634 - INFO - GWANAK
2023-01-25 09:01:36,430 - INFO - GWANAK
2023-01-25 09:01:36,430 - INFO - GWANAK
2023-01-25 09:01:36,430 - INFO - GWANAK
2023-01-25 09:01:36,430 - INFO - GWANAK
2023-01-25 09:01:36,430 - INFO - GWANAK
2023-01-25 09:01:36,430 - INFO - GWANAK
2023-01-25 09:01:36,430 - INFO - GWANAK
2023-01-25 09:01:36,430 - INFO - GWANAK
2023-01-25 09:01:36,430 - INFO - GWANAK
2023-01-25 09:01:36,430 - INFO - GWANAK
2023-01-25 09:01:36,430 - INFO - GWANAK
2023-01-25 09:01:36,430 - INFO - GWANAK
2023-01-25 09:01:36,430 - INFO - GWANAK
2023-01-25 09:01:36,430 - INFO - GWANAK
2023-01-25 09:01:36,430 - INFO - GWANAK
2023-01-25 09:01:36,430 - INFO - GWANAK
2023-01-25 09:01:36,430 - INFO - GWANAK
2023-01-25 09:01:36,430 - INFO - GWANAK
2023-01-25 09:01:36,430 - INFO - GWANAK
2023-01-25 09:01:36,430 - INFO - GWANAK
2023-01-25 09:01:36,430 - INFO - GWANAK
2023-01-25 09:01:36,430 - INFO - GWANAK
2023-01-25 09:01:36,430 - INFO - GWANAK
2023-01-25 09:01:36,430 - INFO - GWANAK
2023-01-25 09:01:36,430 - INFO - GWANAK
2023-01-25 09:01:36,430 - INFO - GWANAK
2023-01-25 09:01:36,430 - INFO - GWANAK
2023-01-25 09:01:48,169 - INFO - SEONGDONG
2023-01-25 09:01:48,169 - INFO - SEONGDONG
2023-01-25 09:01:48,169 - INFO - SEONGDONG
2023-01-25 09:01:48,169 - INFO - SEONGDONG
2023-01-25 09:01:48,169 - INFO - SEONGDONG
2023-01-25 09:01:48,169 - INFO - SEONGDONG
2023-01-25 09:01:48,169 - INFO - SEONGDONG
2023-01-25 09:01:48,169 - INFO - SEONGDONG
2023-01-25 09:01:48,169 - INFO - SEONGDONG
2023-01-25 09:01:48,169 - INFO - SEONGDONG
2023-01-25 09:01:48,169 - INFO - SEONGDONG
2023-01-25 09:01:48,169 - INFO - SEONGDONG
2023-01-25 09:01:48,169 - INFO - SEONGDONG
2023-01-25 09:01:48,169 - INFO - SEONGDONG
2023-01-25 09:01:48,169 - INFO - SEONGDONG
2023-01-25 09:01:48,169 - INFO - SEONGDONG
2023-01-25 09:01:48,169 - INFO - SEONGDONG
2023-01-25 09:01:48,169 - INFO - SEONGDONG
2023-01-25 09:01:48,169 - INFO - SEONGDONG
2023-01-25 09:01:48,169 - INFO - SEONGDONG
2023-01-25 09:01:48,169 - INFO - SEONGDONG
2023-01-25 09:01:48,169 - INFO - SEONGDONG
2023-01-25 09:01:48,169 - INFO - SEONGDONG
2023-01-25 09:01:48,169 - INFO - SEONGDONG
2023-01-25 09:01:48,169 - INFO - SEONGDONG
2023-01-25 09:01:48,169 - INFO - SEONGDONG
2023-01-25 09:01:48,169 - INFO - SEONGDONG
2023-01-25 09:01:48,169 - INFO - SEONGDONG
2023-01-25 09:01:51,075 - INFO - SEONGDONG
2023-01-25 09:01:51,075 - INFO - SEONGDONG
2023-01-25 09:01:51,075 - INFO - SEONGDONG
2023-01-25 09:01:51,075 - INFO - SEONGDONG
2023-01-25 09:01:51,075 - INFO - SEONGDONG
2023-01-25 09:01:51,075 - INFO - SEONGDONG
2023-01-25 09:01:51,075 - INFO - SEONGDONG
2023-01-25 09:01:51,075 - INFO - SEONGDONG
2023-01-25 09:01:51,075 - INFO - SEONGDONG
2023-01-25 09:01:51,075 - INFO - SEONGDONG
2023-01-25 09:01:51,075 - INFO - SEONGDONG
2023-01-25 09:01:51,075 - INFO - SEONGDONG
2023-01-25 09:01:51,075 - INFO - SEONGDONG
2023-01-25 09:01:51,075 - INFO - SEONGDONG
2023-01-25 09:01:51,075 - INFO - SEONGDONG
2023-01-25 09:01:51,075 - INFO - SEONGDONG
2023-01-25 09:01:51,075 - INFO - SEONGDONG
2023-01-25 09:01:51,075 - INFO - SEONGDONG
2023-01-25 09:01:51,075 - INFO - SEONGDONG
2023-01-25 09:01:51,075 - INFO - SEONGDONG
2023-01-25 09:01:51,075 - INFO - SEONGDONG
2023-01-25 09:01:51,075 - INFO - SEONGDONG
2023-01-25 09:01:51,075 - INFO - SEONGDONG
2023-01-25 09:01:51,075 - INFO - SEONGDONG
2023-01-25 09:01:51,075 - INFO - SEONGDONG
2023-01-25 09:01:51,075 - INFO - SEONGDONG
2023-01-25 09:01:51,075 - INFO - SEONGDONG
2023-01-25 09:01:51,075 - INFO - SEONGDONG
2023-01-25 09:01:51,075 - INFO - SEONGDONG
2023-01-25 09:02:03,255 - INFO - EUNPYENG
2023-01-25 09:02:03,255 - INFO - EUNPYENG
2023-01-25 09:02:03,255 - INFO - EUNPYENG
2023-01-25 09:02:03,255 - INFO - EUNPYENG
2023-01-25 09:02:03,255 - INFO - EUNPYENG
2023-01-25 09:02:03,255 - INFO - EUNPYENG
2023-01-25 09:02:03,255 - INFO - EUNPYENG
2023-01-25 09:02:03,255 - INFO - EUNPYENG
2023-01-25 09:02:03,255 - INFO - EUNPYENG
2023-01-25 09:02:03,255 - INFO - EUNPYENG
2023-01-25 09:02:03,255 - INFO - EUNPYENG
2023-01-25 09:02:03,255 - INFO - EUNPYENG
2023-01-25 09:02:03,255 - INFO - EUNPYENG
2023-01-25 09:02:03,255 - INFO - EUNPYENG
2023-01-25 09:02:03,255 - INFO - EUNPYENG
2023-01-25 09:02:03,255 - INFO - EUNPYENG
2023-01-25 09:02:03,255 - INFO - EUNPYENG
2023-01-25 09:02:03,255 - INFO - EUNPYENG
2023-01-25 09:02:03,255 - INFO - EUNPYENG
2023-01-25 09:02:03,255 - INFO - EUNPYENG
2023-01-25 09:02:03,255 - INFO - EUNPYENG
2023-01-25 09:02:03,255 - INFO - EUNPYENG
2023-01-25 09:02:03,255 - INFO - EUNPYENG
2023-01-25 09:02:03,255 - INFO - EUNPYENG
2023-01-25 09:02:03,255 - INFO - EUNPYENG
2023-01-25 09:02:03,255 - INFO - EUNPYENG
2023-01-25 09:02:03,255 - INFO - EUNPYENG
2023-01-25 09:02:03,255 - INFO - EUNPYENG
2023-01-25 09:02:03,255 - INFO - EUNPYENG
2023-01-25 09:02:03,255 - INFO - EUNPYENG
2023-01-25 09:02:08,157 - INFO - EUNPYENG
2023-01-25 09:02:08,157 - INFO - EUNPYENG
2023-01-25 09:02:08,157 - INFO - EUNPYENG
2023-01-25 09:02:08,157 - INFO - EUNPYENG
2023-01-25 09:02:08,157 - INFO - EUNPYENG
2023-01-25 09:02:08,157 - INFO - EUNPYENG
2023-01-25 09:02:08,157 - INFO - EUNPYENG
2023-01-25 09:02:08,157 - INFO - EUNPYENG
2023-01-25 09:02:08,157 - INFO - EUNPYENG
2023-01-25 09:02:08,157 - INFO - EUNPYENG
2023-01-25 09:02:08,157 - INFO - EUNPYENG
2023-01-25 09:02:08,157 - INFO - EUNPYENG
2023-01-25 09:02:08,157 - INFO - EUNPYENG
2023-01-25 09:02:08,157 - INFO - EUNPYENG
2023-01-25 09:02:08,157 - INFO - EUNPYENG
2023-01-25 09:02:08,157 - INFO - EUNPYENG
2023-01-25 09:02:08,157 - INFO - EUNPYENG
2023-01-25 09:02:08,157 - INFO - EUNPYENG
2023-01-25 09:02:08,157 - INFO - EUNPYENG
2023-01-25 09:02:08,157 - INFO - EUNPYENG
2023-01-25 09:02:08,157 - INFO - EUNPYENG
2023-01-25 09:02:08,157 - INFO - EUNPYENG
2023-01-25 09:02:08,157 - INFO - EUNPYENG
2023-01-25 09:02:08,157 - INFO - EUNPYENG
2023-01-25 09:02:08,157 - INFO - EUNPYENG
2023-01-25 09:02:08,157 - INFO - EUNPYENG
2023-01-25 09:02:08,157 - INFO - EUNPYENG
2023-01-25 09:02:08,157 - INFO - EUNPYENG
2023-01-25 09:02:08,157 - INFO - EUNPYENG
2023-01-25 09:02:08,157 - INFO - EUNPYENG
2023-01-25 09:02:08,157 - INFO - EUNPYENG
2023-01-25 09:02:14,507 - INFO - EUNPYENG
2023-01-25 09:02:14,507 - INFO - EUNPYENG
2023-01-25 09:02:14,507 - INFO - EUNPYENG
2023-01-25 09:02:14,507 - INFO - EUNPYENG
2023-01-25 09:02:14,507 - INFO - EUNPYENG
2023-01-25 09:02:14,507 - INFO - EUNPYENG
2023-01-25 09:02:14,507 - INFO - EUNPYENG
2023-01-25 09:02:14,507 - INFO - EUNPYENG
2023-01-25 09:02:14,507 - INFO - EUNPYENG
2023-01-25 09:02:14,507 - INFO - EUNPYENG
2023-01-25 09:02:14,507 - INFO - EUNPYENG
2023-01-25 09:02:14,507 - INFO - EUNPYENG
2023-01-25 09:02:14,507 - INFO - EUNPYENG
2023-01-25 09:02:14,507 - INFO - EUNPYENG
2023-01-25 09:02:14,507 - INFO - EUNPYENG
2023-01-25 09:02:14,507 - INFO - EUNPYENG
2023-01-25 09:02:14,507 - INFO - EUNPYENG
2023-01-25 09:02:14,507 - INFO - EUNPYENG
2023-01-25 09:02:14,507 - INFO - EUNPYENG
2023-01-25 09:02:14,507 - INFO - EUNPYENG
2023-01-25 09:02:14,507 - INFO - EUNPYENG
2023-01-25 09:02:14,507 - INFO - EUNPYENG
2023-01-25 09:02:14,507 - INFO - EUNPYENG
2023-01-25 09:02:14,507 - INFO - EUNPYENG
2023-01-25 09:02:14,507 - INFO - EUNPYENG
2023-01-25 09:02:14,507 - INFO - EUNPYENG
2023-01-25 09:02:14,507 - INFO - EUNPYENG
2023-01-25 09:02:14,507 - INFO - EUNPYENG
2023-01-25 09:02:14,507 - INFO - EUNPYENG
2023-01-25 09:02:14,507 - INFO - EUNPYENG
2023-01-25 09:02:14,507 - INFO - EUNPYENG
2023-01-25 09:02:14,507 - INFO - EUNPYENG
2023-01-25 09:02:15,977 - INFO - GWANGZIN
2023-01-25 09:02:15,977 - INFO - GWANGZIN
2023-01-25 09:02:15,977 - INFO - GWANGZIN
2023-01-25 09:02:15,977 - INFO - GWANGZIN
2023-01-25 09:02:15,977 - INFO - GWANGZIN
2023-01-25 09:02:15,977 - INFO - GWANGZIN
2023-01-25 09:02:15,977 - INFO - GWANGZIN
2023-01-25 09:02:15,977 - INFO - GWANGZIN
2023-01-25 09:02:15,977 - INFO - GWANGZIN
2023-01-25 09:02:15,977 - INFO - GWANGZIN
2023-01-25 09:02:15,977 - INFO - GWANGZIN
2023-01-25 09:02:15,977 - INFO - GWANGZIN
2023-01-25 09:02:15,977 - INFO - GWANGZIN
2023-01-25 09:02:15,977 - INFO - GWANGZIN
2023-01-25 09:02:15,977 - INFO - GWANGZIN
2023-01-25 09:02:15,977 - INFO - GWANGZIN
2023-01-25 09:02:15,977 - INFO - GWANGZIN
2023-01-25 09:02:15,977 - INFO - GWANGZIN
2023-01-25 09:02:15,977 - INFO - GWANGZIN
2023-01-25 09:02:15,977 - INFO - GWANGZIN
2023-01-25 09:02:15,977 - INFO - GWANGZIN
2023-01-25 09:02:15,977 - INFO - GWANGZIN
2023-01-25 09:02:15,977 - INFO - GWANGZIN
2023-01-25 09:02:15,977 - INFO - GWANGZIN
2023-01-25 09:02:15,977 - INFO - GWANGZIN
2023-01-25 09:02:15,977 - INFO - GWANGZIN
2023-01-25 09:02:15,977 - INFO - GWANGZIN
2023-01-25 09:02:15,977 - INFO - GWANGZIN
2023-01-25 09:02:15,977 - INFO - GWANGZIN
2023-01-25 09:02:15,977 - INFO - GWANGZIN
2023-01-25 09:02:15,977 - INFO - GWANGZIN
2023-01-25 09:02:15,977 - INFO - GWANGZIN
2023-01-25 09:02:15,977 - INFO - GWANGZIN
2023-01-25 09:02:20,180 - INFO - GWANGZIN
2023-01-25 09:02:20,180 - INFO - GWANGZIN
2023-01-25 09:02:20,180 - INFO - GWANGZIN
2023-01-25 09:02:20,180 - INFO - GWANGZIN
2023-01-25 09:02:20,180 - INFO - GWANGZIN
2023-01-25 09:02:20,180 - INFO - GWANGZIN
2023-01-25 09:02:20,180 - INFO - GWANGZIN
2023-01-25 09:02:20,180 - INFO - GWANGZIN
2023-01-25 09:02:20,180 - INFO - GWANGZIN
2023-01-25 09:02:20,180 - INFO - GWANGZIN
2023-01-25 09:02:20,180 - INFO - GWANGZIN
2023-01-25 09:02:20,180 - INFO - GWANGZIN
2023-01-25 09:02:20,180 - INFO - GWANGZIN
2023-01-25 09:02:20,180 - INFO - GWANGZIN
2023-01-25 09:02:20,180 - INFO - GWANGZIN
2023-01-25 09:02:20,180 - INFO - GWANGZIN
2023-01-25 09:02:20,180 - INFO - GWANGZIN
2023-01-25 09:02:20,180 - INFO - GWANGZIN
2023-01-25 09:02:20,180 - INFO - GWANGZIN
2023-01-25 09:02:20,180 - INFO - GWANGZIN
2023-01-25 09:02:20,180 - INFO - GWANGZIN
2023-01-25 09:02:20,180 - INFO - GWANGZIN
2023-01-25 09:02:20,180 - INFO - GWANGZIN
2023-01-25 09:02:20,180 - INFO - GWANGZIN
2023-01-25 09:02:20,180 - INFO - GWANGZIN
2023-01-25 09:02:20,180 - INFO - GWANGZIN
2023-01-25 09:02:20,180 - INFO - GWANGZIN
2023-01-25 09:02:20,180 - INFO - GWANGZIN
2023-01-25 09:02:20,180 - INFO - GWANGZIN
2023-01-25 09:02:20,180 - INFO - GWANGZIN
2023-01-25 09:02:20,180 - INFO - GWANGZIN
2023-01-25 09:02:20,180 - INFO - GWANGZIN
2023-01-25 09:02:20,180 - INFO - GWANGZIN
2023-01-25 09:02:20,180 - INFO - GWANGZIN
2023-01-25 09:02:22,619 - INFO - JONGRO
2023-01-25 09:02:22,619 - INFO - JONGRO
2023-01-25 09:02:22,619 - INFO - JONGRO
2023-01-25 09:02:22,619 - INFO - JONGRO
2023-01-25 09:02:22,619 - INFO - JONGRO
2023-01-25 09:02:22,619 - INFO - JONGRO
2023-01-25 09:02:22,619 - INFO - JONGRO
2023-01-25 09:02:22,619 - INFO - JONGRO
2023-01-25 09:02:22,619 - INFO - JONGRO
2023-01-25 09:02:22,619 - INFO - JONGRO
2023-01-25 09:02:22,619 - INFO - JONGRO
2023-01-25 09:02:22,619 - INFO - JONGRO
2023-01-25 09:02:22,619 - INFO - JONGRO
2023-01-25 09:02:22,619 - INFO - JONGRO
2023-01-25 09:02:22,619 - INFO - JONGRO
2023-01-25 09:02:22,619 - INFO - JONGRO
2023-01-25 09:02:22,619 - INFO - JONGRO
2023-01-25 09:02:22,619 - INFO - JONGRO
2023-01-25 09:02:22,619 - INFO - JONGRO
2023-01-25 09:02:22,619 - INFO - JONGRO
2023-01-25 09:02:22,619 - INFO - JONGRO
2023-01-25 09:02:22,619 - INFO - JONGRO
2023-01-25 09:02:22,619 - INFO - JONGRO
2023-01-25 09:02:22,619 - INFO - JONGRO
2023-01-25 09:02:22,619 - INFO - JONGRO
2023-01-25 09:02:22,619 - INFO - JONGRO
2023-01-25 09:02:22,619 - INFO - JONGRO
2023-01-25 09:02:22,619 - INFO - JONGRO
2023-01-25 09:02:22,619 - INFO - JONGRO
2023-01-25 09:02:22,619 - INFO - JONGRO
2023-01-25 09:02:22,619 - INFO - JONGRO
2023-01-25 09:02:22,619 - INFO - JONGRO
2023-01-25 09:02:22,619 - INFO - JONGRO
2023-01-25 09:02:22,619 - INFO - JONGRO
2023-01-25 09:02:22,619 - INFO - JONGRO
2023-01-25 09:02:32,973 - INFO - JONGRO
2023-01-25 09:02:32,973 - INFO - JONGRO
2023-01-25 09:02:32,973 - INFO - JONGRO
2023-01-25 09:02:32,973 - INFO - JONGRO
2023-01-25 09:02:32,973 - INFO - JONGRO
2023-01-25 09:02:32,973 - INFO - JONGRO
2023-01-25 09:02:32,973 - INFO - JONGRO
2023-01-25 09:02:32,973 - INFO - JONGRO
2023-01-25 09:02:32,973 - INFO - JONGRO
2023-01-25 09:02:32,973 - INFO - JONGRO
2023-01-25 09:02:32,973 - INFO - JONGRO
2023-01-25 09:02:32,973 - INFO - JONGRO
2023-01-25 09:02:32,973 - INFO - JONGRO
2023-01-25 09:02:32,973 - INFO - JONGRO
2023-01-25 09:02:32,973 - INFO - JONGRO
2023-01-25 09:02:32,973 - INFO - JONGRO
2023-01-25 09:02:32,973 - INFO - JONGRO
2023-01-25 09:02:32,973 - INFO - JONGRO
2023-01-25 09:02:32,973 - INFO - JONGRO
2023-01-25 09:02:32,973 - INFO - JONGRO
2023-01-25 09:02:32,973 - INFO - JONGRO
2023-01-25 09:02:32,973 - INFO - JONGRO
2023-01-25 09:02:32,973 - INFO - JONGRO
2023-01-25 09:02:32,973 - INFO - JONGRO
2023-01-25 09:02:32,973 - INFO - JONGRO
2023-01-25 09:02:32,973 - INFO - JONGRO
2023-01-25 09:02:32,973 - INFO - JONGRO
2023-01-25 09:02:32,973 - INFO - JONGRO
2023-01-25 09:02:32,973 - INFO - JONGRO
2023-01-25 09:02:32,973 - INFO - JONGRO
2023-01-25 09:02:32,973 - INFO - JONGRO
2023-01-25 09:02:32,973 - INFO - JONGRO
2023-01-25 09:02:32,973 - INFO - JONGRO
2023-01-25 09:02:32,973 - INFO - JONGRO
2023-01-25 09:02:32,973 - INFO - JONGRO
2023-01-25 09:02:32,973 - INFO - JONGRO
2023-01-25 09:02:34,225 - INFO - JUNGGU
2023-01-25 09:02:34,225 - INFO - JUNGGU
2023-01-25 09:02:34,225 - INFO - JUNGGU
2023-01-25 09:02:34,225 - INFO - JUNGGU
2023-01-25 09:02:34,225 - INFO - JUNGGU
2023-01-25 09:02:34,225 - INFO - JUNGGU
2023-01-25 09:02:34,225 - INFO - JUNGGU
2023-01-25 09:02:34,225 - INFO - JUNGGU
2023-01-25 09:02:34,225 - INFO - JUNGGU
2023-01-25 09:02:34,225 - INFO - JUNGGU
2023-01-25 09:02:34,225 - INFO - JUNGGU
2023-01-25 09:02:34,225 - INFO - JUNGGU
2023-01-25 09:02:34,225 - INFO - JUNGGU
2023-01-25 09:02:34,225 - INFO - JUNGGU
2023-01-25 09:02:34,225 - INFO - JUNGGU
2023-01-25 09:02:34,225 - INFO - JUNGGU
2023-01-25 09:02:34,225 - INFO - JUNGGU
2023-01-25 09:02:34,225 - INFO - JUNGGU
2023-01-25 09:02:34,225 - INFO - JUNGGU
2023-01-25 09:02:34,225 - INFO - JUNGGU
2023-01-25 09:02:34,225 - INFO - JUNGGU
2023-01-25 09:02:34,225 - INFO - JUNGGU
2023-01-25 09:02:34,225 - INFO - JUNGGU
2023-01-25 09:02:34,225 - INFO - JUNGGU
2023-01-25 09:02:34,225 - INFO - JUNGGU
2023-01-25 09:02:34,225 - INFO - JUNGGU
2023-01-25 09:02:34,225 - INFO - JUNGGU
2023-01-25 09:02:34,225 - INFO - JUNGGU
2023-01-25 09:02:34,225 - INFO - JUNGGU
2023-01-25 09:02:34,225 - INFO - JUNGGU
2023-01-25 09:02:34,225 - INFO - JUNGGU
2023-01-25 09:02:34,225 - INFO - JUNGGU
2023-01-25 09:02:34,225 - INFO - JUNGGU
2023-01-25 09:02:34,225 - INFO - JUNGGU
2023-01-25 09:02:34,225 - INFO - JUNGGU
2023-01-25 09:02:34,225 - INFO - JUNGGU
2023-01-25 09:02:34,225 - INFO - JUNGGU
2023-01-25 09:02:35,882 - INFO - JUNGGU
2023-01-25 09:02:35,882 - INFO - JUNGGU
2023-01-25 09:02:35,882 - INFO - JUNGGU
2023-01-25 09:02:35,882 - INFO - JUNGGU
2023-01-25 09:02:35,882 - INFO - JUNGGU
2023-01-25 09:02:35,882 - INFO - JUNGGU
2023-01-25 09:02:35,882 - INFO - JUNGGU
2023-01-25 09:02:35,882 - INFO - JUNGGU
2023-01-25 09:02:35,882 - INFO - JUNGGU
2023-01-25 09:02:35,882 - INFO - JUNGGU
2023-01-25 09:02:35,882 - INFO - JUNGGU
2023-01-25 09:02:35,882 - INFO - JUNGGU
2023-01-25 09:02:35,882 - INFO - JUNGGU
2023-01-25 09:02:35,882 - INFO - JUNGGU
2023-01-25 09:02:35,882 - INFO - JUNGGU
2023-01-25 09:02:35,882 - INFO - JUNGGU
2023-01-25 09:02:35,882 - INFO - JUNGGU
2023-01-25 09:02:35,882 - INFO - JUNGGU
2023-01-25 09:02:35,882 - INFO - JUNGGU
2023-01-25 09:02:35,882 - INFO - JUNGGU
2023-01-25 09:02:35,882 - INFO - JUNGGU
2023-01-25 09:02:35,882 - INFO - JUNGGU
2023-01-25 09:02:35,882 - INFO - JUNGGU
2023-01-25 09:02:35,882 - INFO - JUNGGU
2023-01-25 09:02:35,882 - INFO - JUNGGU
2023-01-25 09:02:35,882 - INFO - JUNGGU
2023-01-25 09:02:35,882 - INFO - JUNGGU
2023-01-25 09:02:35,882 - INFO - JUNGGU
2023-01-25 09:02:35,882 - INFO - JUNGGU
2023-01-25 09:02:35,882 - INFO - JUNGGU
2023-01-25 09:02:35,882 - INFO - JUNGGU
2023-01-25 09:02:35,882 - INFO - JUNGGU
2023-01-25 09:02:35,882 - INFO - JUNGGU
2023-01-25 09:02:35,882 - INFO - JUNGGU
2023-01-25 09:02:35,882 - INFO - JUNGGU
2023-01-25 09:02:35,882 - INFO - JUNGGU
2023-01-25 09:02:35,882 - INFO - JUNGGU
2023-01-25 09:02:35,882 - INFO - JUNGGU
2023-01-25 09:02:44,249 - INFO - MAPO
2023-01-25 09:02:44,249 - INFO - MAPO
2023-01-25 09:02:44,249 - INFO - MAPO
2023-01-25 09:02:44,249 - INFO - MAPO
2023-01-25 09:02:44,249 - INFO - MAPO
2023-01-25 09:02:44,249 - INFO - MAPO
2023-01-25 09:02:44,249 - INFO - MAPO
2023-01-25 09:02:44,249 - INFO - MAPO
2023-01-25 09:02:44,249 - INFO - MAPO
2023-01-25 09:02:44,249 - INFO - MAPO
2023-01-25 09:02:44,249 - INFO - MAPO
2023-01-25 09:02:44,249 - INFO - MAPO
2023-01-25 09:02:44,249 - INFO - MAPO
2023-01-25 09:02:44,249 - INFO - MAPO
2023-01-25 09:02:44,249 - INFO - MAPO
2023-01-25 09:02:44,249 - INFO - MAPO
2023-01-25 09:02:44,249 - INFO - MAPO
2023-01-25 09:02:44,249 - INFO - MAPO
2023-01-25 09:02:44,249 - INFO - MAPO
2023-01-25 09:02:44,249 - INFO - MAPO
2023-01-25 09:02:44,249 - INFO - MAPO
2023-01-25 09:02:44,249 - INFO - MAPO
2023-01-25 09:02:44,249 - INFO - MAPO
2023-01-25 09:02:44,249 - INFO - MAPO
2023-01-25 09:02:44,249 - INFO - MAPO
2023-01-25 09:02:44,249 - INFO - MAPO
2023-01-25 09:02:44,249 - INFO - MAPO
2023-01-25 09:02:44,249 - INFO - MAPO
2023-01-25 09:02:44,249 - INFO - MAPO
2023-01-25 09:02:44,249 - INFO - MAPO
2023-01-25 09:02:44,249 - INFO - MAPO
2023-01-25 09:02:44,249 - INFO - MAPO
2023-01-25 09:02:44,249 - INFO - MAPO
2023-01-25 09:02:44,249 - INFO - MAPO
2023-01-25 09:02:44,249 - INFO - MAPO
2023-01-25 09:02:44,249 - INFO - MAPO
2023-01-25 09:02:44,249 - INFO - MAPO
2023-01-25 09:02:44,249 - INFO - MAPO
2023-01-25 09:02:44,249 - INFO - MAPO
2023-01-25 09:03:24,837 - INFO - JUNGGU
2023-01-25 09:03:26,383 - INFO - JUNGGU
2023-01-25 09:03:26,383 - INFO - JUNGGU
2023-01-25 09:03:34,894 - INFO - MAPO
2023-01-25 09:03:34,894 - INFO - MAPO
2023-01-25 09:03:34,894 - INFO - MAPO
2023-01-25 09:03:44,188 - INFO - MAPO
2023-01-25 09:03:44,188 - INFO - MAPO
2023-01-25 09:03:44,188 - INFO - MAPO
2023-01-25 09:03:44,188 - INFO - MAPO
2023-01-25 09:03:48,178 - INFO - MAPO
2023-01-25 09:03:48,178 - INFO - MAPO
2023-01-25 09:03:48,178 - INFO - MAPO
2023-01-25 09:03:48,178 - INFO - MAPO
2023-01-25 09:03:48,178 - INFO - MAPO
2023-01-25 09:03:50,496 - INFO - MAPO
2023-01-25 09:03:50,496 - INFO - MAPO
2023-01-25 09:03:50,496 - INFO - MAPO
2023-01-25 09:03:50,496 - INFO - MAPO
2023-01-25 09:03:50,496 - INFO - MAPO
2023-01-25 09:03:50,496 - INFO - MAPO
2023-01-25 09:03:54,423 - INFO - NOWON
2023-01-25 09:03:54,423 - INFO - NOWON
2023-01-25 09:03:54,423 - INFO - NOWON
2023-01-25 09:03:54,423 - INFO - NOWON
2023-01-25 09:03:54,423 - INFO - NOWON
2023-01-25 09:03:54,423 - INFO - NOWON
2023-01-25 09:03:54,423 - INFO - NOWON
2023-01-25 09:04:07,566 - INFO - NOWON
2023-01-25 09:04:07,566 - INFO - NOWON
2023-01-25 09:04:07,566 - INFO - NOWON
2023-01-25 09:04:07,566 - INFO - NOWON
2023-01-25 09:04:07,566 - INFO - NOWON
2023-01-25 09:04:07,566 - INFO - NOWON
2023-01-25 09:04:07,566 - INFO - NOWON
2023-01-25 09:04:07,566 - INFO - NOWON
2023-01-25 09:05:13,143 - INFO - SEOCHO
2023-01-25 09:05:13,143 - INFO - SEOCHO
2023-01-25 09:05:13,143 - INFO - SEOCHO
2023-01-25 09:05:13,143 - INFO - SEOCHO
2023-01-25 09:05:13,143 - INFO - SEOCHO
2023-01-25 09:05:13,143 - INFO - SEOCHO
2023-01-25 09:05:13,143 - INFO - SEOCHO
2023-01-25 09:05:13,143 - INFO - SEOCHO
2023-01-25 09:05:13,143 - INFO - SEOCHO
2023-01-25 09:05:14,917 - INFO - SEOCHO
2023-01-25 09:05:14,917 - INFO - SEOCHO
2023-01-25 09:05:14,917 - INFO - SEOCHO
2023-01-25 09:05:14,917 - INFO - SEOCHO
2023-01-25 09:05:14,917 - INFO - SEOCHO
2023-01-25 09:05:14,917 - INFO - SEOCHO
2023-01-25 09:05:14,917 - INFO - SEOCHO
2023-01-25 09:05:14,917 - INFO - SEOCHO
2023-01-25 09:05:14,917 - INFO - SEOCHO
2023-01-25 09:05:14,917 - INFO - SEOCHO
2023-01-25 09:05:16,656 - INFO - SEOCHO
2023-01-25 09:05:16,656 - INFO - SEOCHO
2023-01-25 09:05:16,656 - INFO - SEOCHO
2023-01-25 09:05:16,656 - INFO - SEOCHO
2023-01-25 09:05:16,656 - INFO - SEOCHO
2023-01-25 09:05:16,656 - INFO - SEOCHO
2023-01-25 09:05:16,656 - INFO - SEOCHO
2023-01-25 09:05:16,656 - INFO - SEOCHO
2023-01-25 09:05:16,656 - INFO - SEOCHO
2023-01-25 09:05:16,656 - INFO - SEOCHO
2023-01-25 09:05:16,656 - INFO - SEOCHO
2023-01-25 09:05:18,406 - INFO - SEOCHO
2023-01-25 09:05:18,406 - INFO - SEOCHO
2023-01-25 09:05:18,406 - INFO - SEOCHO
2023-01-25 09:05:18,406 - INFO - SEOCHO
2023-01-25 09:05:18,406 - INFO - SEOCHO
2023-01-25 09:05:18,406 - INFO - SEOCHO
2023-01-25 09:05:18,406 - INFO - SEOCHO
2023-01-25 09:05:18,406 - INFO - SEOCHO
2023-01-25 09:05:18,406 - INFO - SEOCHO
2023-01-25 09:05:18,406 - INFO - SEOCHO
2023-01-25 09:05:18,406 - INFO - SEOCHO
2023-01-25 09:05:18,406 - INFO - SEOCHO
2023-01-25 09:05:19,546 - INFO - SEONGBUK
2023-01-25 09:05:19,546 - INFO - SEONGBUK
2023-01-25 09:05:19,546 - INFO - SEONGBUK
2023-01-25 09:05:19,546 - INFO - SEONGBUK
2023-01-25 09:05:19,546 - INFO - SEONGBUK
2023-01-25 09:05:19,546 - INFO - SEONGBUK
2023-01-25 09:05:19,546 - INFO - SEONGBUK
2023-01-25 09:05:19,546 - INFO - SEONGBUK
2023-01-25 09:05:19,546 - INFO - SEONGBUK
2023-01-25 09:05:19,546 - INFO - SEONGBUK
2023-01-25 09:05:19,546 - INFO - SEONGBUK
2023-01-25 09:05:19,546 - INFO - SEONGBUK
2023-01-25 09:05:19,546 - INFO - SEONGBUK
2023-01-25 09:05:28,341 - INFO - SONGPA
2023-01-25 09:05:28,341 - INFO - SONGPA
2023-01-25 09:05:28,341 - INFO - SONGPA
2023-01-25 09:05:28,341 - INFO - SONGPA
2023-01-25 09:05:28,341 - INFO - SONGPA
2023-01-25 09:05:28,341 - INFO - SONGPA
2023-01-25 09:05:28,341 - INFO - SONGPA
2023-01-25 09:05:28,341 - INFO - SONGPA
2023-01-25 09:05:28,341 - INFO - SONGPA
2023-01-25 09:05:28,341 - INFO - SONGPA
2023-01-25 09:05:28,341 - INFO - SONGPA
2023-01-25 09:05:28,341 - INFO - SONGPA
2023-01-25 09:05:28,341 - INFO - SONGPA
2023-01-25 09:05:28,341 - INFO - SONGPA
2023-01-25 09:06:23,407 - INFO - SONGPA
2023-01-25 09:06:25,769 - INFO - SONGPA
2023-01-25 09:06:25,769 - INFO - SONGPA
2023-01-25 09:06:28,375 - INFO - SONGPA
2023-01-25 09:06:28,375 - INFO - SONGPA
2023-01-25 09:06:28,375 - INFO - SONGPA
2023-01-25 09:06:52,329 - INFO - SONGPA
2023-01-25 09:06:54,959 - INFO - SONGPA
2023-01-25 09:06:54,959 - INFO - SONGPA
2023-01-25 09:06:57,435 - INFO - SONGPA
2023-01-25 09:06:57,435 - INFO - SONGPA
2023-01-25 09:06:57,435 - INFO - SONGPA
2023-01-25 09:06:58,952 - INFO - YANGCHEON
2023-01-25 09:06:58,952 - INFO - YANGCHEON
2023-01-25 09:06:58,952 - INFO - YANGCHEON
2023-01-25 09:06:58,952 - INFO - YANGCHEON
2023-01-25 09:07:08,271 - INFO - YANGCHEON
2023-01-25 09:07:08,271 - INFO - YANGCHEON
2023-01-25 09:07:08,271 - INFO - YANGCHEON
2023-01-25 09:07:08,271 - INFO - YANGCHEON
2023-01-25 09:07:08,271 - INFO - YANGCHEON
2023-01-25 09:07:09,932 - INFO - YEONGDEUNGPO
2023-01-25 09:07:09,932 - INFO - YEONGDEUNGPO
2023-01-25 09:07:09,932 - INFO - YEONGDEUNGPO
2023-01-25 09:07:09,932 - INFO - YEONGDEUNGPO
2023-01-25 09:07:09,932 - INFO - YEONGDEUNGPO
2023-01-25 09:07:09,932 - INFO - YEONGDEUNGPO
2023-01-25 09:07:11,819 - INFO - YEONGDEUNGPO
2023-01-25 09:07:11,819 - INFO - YEONGDEUNGPO
2023-01-25 09:07:11,819 - INFO - YEONGDEUNGPO
2023-01-25 09:07:11,819 - INFO - YEONGDEUNGPO
2023-01-25 09:07:11,819 - INFO - YEONGDEUNGPO
2023-01-25 09:07:11,819 - INFO - YEONGDEUNGPO
2023-01-25 09:07:11,819 - INFO - YEONGDEUNGPO
2023-01-25 09:07:14,530 - INFO - SEOUL
2023-01-25 09:07:14,530 - INFO - SEOUL
2023-01-25 09:07:14,530 - INFO - SEOUL
2023-01-25 09:07:14,530 - INFO - SEOUL
2023-01-25 09:07:14,530 - INFO - SEOUL
2023-01-25 09:07:14,530 - INFO - SEOUL
2023-01-25 09:07:14,530 - INFO - SEOUL
2023-01-25 09:07:14,530 - INFO - SEOUL
2023-01-25 09:07:16,758 - INFO - SEOUL
2023-01-25 09:07:16,758 - INFO - SEOUL
2023-01-25 09:07:16,758 - INFO - SEOUL
2023-01-25 09:07:16,758 - INFO - SEOUL
2023-01-25 09:07:16,758 - INFO - SEOUL
2023-01-25 09:07:16,758 - INFO - SEOUL
2023-01-25 09:07:16,758 - INFO - SEOUL
2023-01-25 09:07:16,758 - INFO - SEOUL
2023-01-25 09:07:16,758 - INFO - SEOUL
2023-01-25 09:07:31,940 - INFO - SEOUL
2023-01-25 09:07:31,940 - INFO - SEOUL
2023-01-25 09:07:31,940 - INFO - SEOUL
2023-01-25 09:07:31,940 - INFO - SEOUL
2023-01-25 09:07:31,940 - INFO - SEOUL
2023-01-25 09:07:31,940 - INFO - SEOUL
2023-01-25 09:07:31,940 - INFO - SEOUL
2023-01-25 09:07:31,940 - INFO - SEOUL
2023-01-25 09:07:31,940 - INFO - SEOUL
2023-01-25 09:07:31,940 - INFO - SEOUL
2023-01-25 09:07:34,911 - INFO - SEOUL
2023-01-25 09:07:34,911 - INFO - SEOUL
2023-01-25 09:07:34,911 - INFO - SEOUL
2023-01-25 09:07:34,911 - INFO - SEOUL
2023-01-25 09:07:34,911 - INFO - SEOUL
2023-01-25 09:07:34,911 - INFO - SEOUL
2023-01-25 09:07:34,911 - INFO - SEOUL
2023-01-25 09:07:34,911 - INFO - SEOUL
2023-01-25 09:07:34,911 - INFO - SEOUL
2023-01-25 09:07:34,911 - INFO - SEOUL
2023-01-25 09:07:34,911 - INFO - SEOUL
2023-01-25 09:07:35,451 - WARNING - Failed to parse headers (url=https://www.sscmc.or.kr:443/info/notice/list.asp?db=BBS_notice&pageno=1&startpage=1&where=&keyfield=&keyword=&catekkk=): [MissingHeaderBodySeparatorDefect()], unparsed data: 'Server : Wow 3.8\r\nDate: Wed, 25 Jan 2023 00:07:35 GMT\r\nContent-Type: text/html\r\nContent-Length: 40674\r\nConnection: keep-alive\r\nCache-Control: private\r\nSet-Cookie: ASPSESSIONIDCQCCTTTB=AIFGBIKDALGIDJNNEPJHPJBL; path=/\r\nX-Frame-Options: SAMEORIGIN\r\n\r\n'
Traceback (most recent call last):
  File "/Users/yeon/Library/Python/3.9/lib/python/site-packages/urllib3/connectionpool.py", line 469, in _make_request
    assert_header_parsing(httplib_response.msg)
  File "/Users/yeon/Library/Python/3.9/lib/python/site-packages/urllib3/util/response.py", line 91, in assert_header_parsing
    raise HeaderParsingError(defects=defects, unparsed_data=unparsed_data)
urllib3.exceptions.HeaderParsingError: [MissingHeaderBodySeparatorDefect()], unparsed data: 'Server : Wow 3.8\r\nDate: Wed, 25 Jan 2023 00:07:35 GMT\r\nContent-Type: text/html\r\nContent-Length: 40674\r\nConnection: keep-alive\r\nCache-Control: private\r\nSet-Cookie: ASPSESSIONIDCQCCTTTB=AIFGBIKDALGIDJNNEPJHPJBL; path=/\r\nX-Frame-Options: SAMEORIGIN\r\n\r\n'
2023-01-25 09:07:35,451 - WARNING - Failed to parse headers (url=https://www.sscmc.or.kr:443/info/notice/list.asp?db=BBS_notice&pageno=1&startpage=1&where=&keyfield=&keyword=&catekkk=): [MissingHeaderBodySeparatorDefect()], unparsed data: 'Server : Wow 3.8\r\nDate: Wed, 25 Jan 2023 00:07:35 GMT\r\nContent-Type: text/html\r\nContent-Length: 40674\r\nConnection: keep-alive\r\nCache-Control: private\r\nSet-Cookie: ASPSESSIONIDCQCCTTTB=AIFGBIKDALGIDJNNEPJHPJBL; path=/\r\nX-Frame-Options: SAMEORIGIN\r\n\r\n'
Traceback (most recent call last):
  File "/Users/yeon/Library/Python/3.9/lib/python/site-packages/urllib3/connectionpool.py", line 469, in _make_request
    assert_header_parsing(httplib_response.msg)
  File "/Users/yeon/Library/Python/3.9/lib/python/site-packages/urllib3/util/response.py", line 91, in assert_header_parsing
    raise HeaderParsingError(defects=defects, unparsed_data=unparsed_data)
urllib3.exceptions.HeaderParsingError: [MissingHeaderBodySeparatorDefect()], unparsed data: 'Server : Wow 3.8\r\nDate: Wed, 25 Jan 2023 00:07:35 GMT\r\nContent-Type: text/html\r\nContent-Length: 40674\r\nConnection: keep-alive\r\nCache-Control: private\r\nSet-Cookie: ASPSESSIONIDCQCCTTTB=AIFGBIKDALGIDJNNEPJHPJBL; path=/\r\nX-Frame-Options: SAMEORIGIN\r\n\r\n'
2023-01-25 09:07:35,451 - WARNING - Failed to parse headers (url=https://www.sscmc.or.kr:443/info/notice/list.asp?db=BBS_notice&pageno=1&startpage=1&where=&keyfield=&keyword=&catekkk=): [MissingHeaderBodySeparatorDefect()], unparsed data: 'Server : Wow 3.8\r\nDate: Wed, 25 Jan 2023 00:07:35 GMT\r\nContent-Type: text/html\r\nContent-Length: 40674\r\nConnection: keep-alive\r\nCache-Control: private\r\nSet-Cookie: ASPSESSIONIDCQCCTTTB=AIFGBIKDALGIDJNNEPJHPJBL; path=/\r\nX-Frame-Options: SAMEORIGIN\r\n\r\n'
Traceback (most recent call last):
  File "/Users/yeon/Library/Python/3.9/lib/python/site-packages/urllib3/connectionpool.py", line 469, in _make_request
    assert_header_parsing(httplib_response.msg)
  File "/Users/yeon/Library/Python/3.9/lib/python/site-packages/urllib3/util/response.py", line 91, in assert_header_parsing
    raise HeaderParsingError(defects=defects, unparsed_data=unparsed_data)
urllib3.exceptions.HeaderParsingError: [MissingHeaderBodySeparatorDefect()], unparsed data: 'Server : Wow 3.8\r\nDate: Wed, 25 Jan 2023 00:07:35 GMT\r\nContent-Type: text/html\r\nContent-Length: 40674\r\nConnection: keep-alive\r\nCache-Control: private\r\nSet-Cookie: ASPSESSIONIDCQCCTTTB=AIFGBIKDALGIDJNNEPJHPJBL; path=/\r\nX-Frame-Options: SAMEORIGIN\r\n\r\n'
2023-01-25 09:07:35,451 - WARNING - Failed to parse headers (url=https://www.sscmc.or.kr:443/info/notice/list.asp?db=BBS_notice&pageno=1&startpage=1&where=&keyfield=&keyword=&catekkk=): [MissingHeaderBodySeparatorDefect()], unparsed data: 'Server : Wow 3.8\r\nDate: Wed, 25 Jan 2023 00:07:35 GMT\r\nContent-Type: text/html\r\nContent-Length: 40674\r\nConnection: keep-alive\r\nCache-Control: private\r\nSet-Cookie: ASPSESSIONIDCQCCTTTB=AIFGBIKDALGIDJNNEPJHPJBL; path=/\r\nX-Frame-Options: SAMEORIGIN\r\n\r\n'
Traceback (most recent call last):
  File "/Users/yeon/Library/Python/3.9/lib/python/site-packages/urllib3/connectionpool.py", line 469, in _make_request
    assert_header_parsing(httplib_response.msg)
  File "/Users/yeon/Library/Python/3.9/lib/python/site-packages/urllib3/util/response.py", line 91, in assert_header_parsing
    raise HeaderParsingError(defects=defects, unparsed_data=unparsed_data)
urllib3.exceptions.HeaderParsingError: [MissingHeaderBodySeparatorDefect()], unparsed data: 'Server : Wow 3.8\r\nDate: Wed, 25 Jan 2023 00:07:35 GMT\r\nContent-Type: text/html\r\nContent-Length: 40674\r\nConnection: keep-alive\r\nCache-Control: private\r\nSet-Cookie: ASPSESSIONIDCQCCTTTB=AIFGBIKDALGIDJNNEPJHPJBL; path=/\r\nX-Frame-Options: SAMEORIGIN\r\n\r\n'
2023-01-25 09:07:35,451 - WARNING - Failed to parse headers (url=https://www.sscmc.or.kr:443/info/notice/list.asp?db=BBS_notice&pageno=1&startpage=1&where=&keyfield=&keyword=&catekkk=): [MissingHeaderBodySeparatorDefect()], unparsed data: 'Server : Wow 3.8\r\nDate: Wed, 25 Jan 2023 00:07:35 GMT\r\nContent-Type: text/html\r\nContent-Length: 40674\r\nConnection: keep-alive\r\nCache-Control: private\r\nSet-Cookie: ASPSESSIONIDCQCCTTTB=AIFGBIKDALGIDJNNEPJHPJBL; path=/\r\nX-Frame-Options: SAMEORIGIN\r\n\r\n'
Traceback (most recent call last):
  File "/Users/yeon/Library/Python/3.9/lib/python/site-packages/urllib3/connectionpool.py", line 469, in _make_request
    assert_header_parsing(httplib_response.msg)
  File "/Users/yeon/Library/Python/3.9/lib/python/site-packages/urllib3/util/response.py", line 91, in assert_header_parsing
    raise HeaderParsingError(defects=defects, unparsed_data=unparsed_data)
urllib3.exceptions.HeaderParsingError: [MissingHeaderBodySeparatorDefect()], unparsed data: 'Server : Wow 3.8\r\nDate: Wed, 25 Jan 2023 00:07:35 GMT\r\nContent-Type: text/html\r\nContent-Length: 40674\r\nConnection: keep-alive\r\nCache-Control: private\r\nSet-Cookie: ASPSESSIONIDCQCCTTTB=AIFGBIKDALGIDJNNEPJHPJBL; path=/\r\nX-Frame-Options: SAMEORIGIN\r\n\r\n'
2023-01-25 09:07:35,451 - WARNING - Failed to parse headers (url=https://www.sscmc.or.kr:443/info/notice/list.asp?db=BBS_notice&pageno=1&startpage=1&where=&keyfield=&keyword=&catekkk=): [MissingHeaderBodySeparatorDefect()], unparsed data: 'Server : Wow 3.8\r\nDate: Wed, 25 Jan 2023 00:07:35 GMT\r\nContent-Type: text/html\r\nContent-Length: 40674\r\nConnection: keep-alive\r\nCache-Control: private\r\nSet-Cookie: ASPSESSIONIDCQCCTTTB=AIFGBIKDALGIDJNNEPJHPJBL; path=/\r\nX-Frame-Options: SAMEORIGIN\r\n\r\n'
Traceback (most recent call last):
  File "/Users/yeon/Library/Python/3.9/lib/python/site-packages/urllib3/connectionpool.py", line 469, in _make_request
    assert_header_parsing(httplib_response.msg)
  File "/Users/yeon/Library/Python/3.9/lib/python/site-packages/urllib3/util/response.py", line 91, in assert_header_parsing
    raise HeaderParsingError(defects=defects, unparsed_data=unparsed_data)
urllib3.exceptions.HeaderParsingError: [MissingHeaderBodySeparatorDefect()], unparsed data: 'Server : Wow 3.8\r\nDate: Wed, 25 Jan 2023 00:07:35 GMT\r\nContent-Type: text/html\r\nContent-Length: 40674\r\nConnection: keep-alive\r\nCache-Control: private\r\nSet-Cookie: ASPSESSIONIDCQCCTTTB=AIFGBIKDALGIDJNNEPJHPJBL; path=/\r\nX-Frame-Options: SAMEORIGIN\r\n\r\n'
2023-01-25 09:07:35,451 - WARNING - Failed to parse headers (url=https://www.sscmc.or.kr:443/info/notice/list.asp?db=BBS_notice&pageno=1&startpage=1&where=&keyfield=&keyword=&catekkk=): [MissingHeaderBodySeparatorDefect()], unparsed data: 'Server : Wow 3.8\r\nDate: Wed, 25 Jan 2023 00:07:35 GMT\r\nContent-Type: text/html\r\nContent-Length: 40674\r\nConnection: keep-alive\r\nCache-Control: private\r\nSet-Cookie: ASPSESSIONIDCQCCTTTB=AIFGBIKDALGIDJNNEPJHPJBL; path=/\r\nX-Frame-Options: SAMEORIGIN\r\n\r\n'
Traceback (most recent call last):
  File "/Users/yeon/Library/Python/3.9/lib/python/site-packages/urllib3/connectionpool.py", line 469, in _make_request
    assert_header_parsing(httplib_response.msg)
  File "/Users/yeon/Library/Python/3.9/lib/python/site-packages/urllib3/util/response.py", line 91, in assert_header_parsing
    raise HeaderParsingError(defects=defects, unparsed_data=unparsed_data)
urllib3.exceptions.HeaderParsingError: [MissingHeaderBodySeparatorDefect()], unparsed data: 'Server : Wow 3.8\r\nDate: Wed, 25 Jan 2023 00:07:35 GMT\r\nContent-Type: text/html\r\nContent-Length: 40674\r\nConnection: keep-alive\r\nCache-Control: private\r\nSet-Cookie: ASPSESSIONIDCQCCTTTB=AIFGBIKDALGIDJNNEPJHPJBL; path=/\r\nX-Frame-Options: SAMEORIGIN\r\n\r\n'
2023-01-25 09:07:35,451 - WARNING - Failed to parse headers (url=https://www.sscmc.or.kr:443/info/notice/list.asp?db=BBS_notice&pageno=1&startpage=1&where=&keyfield=&keyword=&catekkk=): [MissingHeaderBodySeparatorDefect()], unparsed data: 'Server : Wow 3.8\r\nDate: Wed, 25 Jan 2023 00:07:35 GMT\r\nContent-Type: text/html\r\nContent-Length: 40674\r\nConnection: keep-alive\r\nCache-Control: private\r\nSet-Cookie: ASPSESSIONIDCQCCTTTB=AIFGBIKDALGIDJNNEPJHPJBL; path=/\r\nX-Frame-Options: SAMEORIGIN\r\n\r\n'
Traceback (most recent call last):
  File "/Users/yeon/Library/Python/3.9/lib/python/site-packages/urllib3/connectionpool.py", line 469, in _make_request
    assert_header_parsing(httplib_response.msg)
  File "/Users/yeon/Library/Python/3.9/lib/python/site-packages/urllib3/util/response.py", line 91, in assert_header_parsing
    raise HeaderParsingError(defects=defects, unparsed_data=unparsed_data)
urllib3.exceptions.HeaderParsingError: [MissingHeaderBodySeparatorDefect()], unparsed data: 'Server : Wow 3.8\r\nDate: Wed, 25 Jan 2023 00:07:35 GMT\r\nContent-Type: text/html\r\nContent-Length: 40674\r\nConnection: keep-alive\r\nCache-Control: private\r\nSet-Cookie: ASPSESSIONIDCQCCTTTB=AIFGBIKDALGIDJNNEPJHPJBL; path=/\r\nX-Frame-Options: SAMEORIGIN\r\n\r\n'
2023-01-25 09:07:35,451 - WARNING - Failed to parse headers (url=https://www.sscmc.or.kr:443/info/notice/list.asp?db=BBS_notice&pageno=1&startpage=1&where=&keyfield=&keyword=&catekkk=): [MissingHeaderBodySeparatorDefect()], unparsed data: 'Server : Wow 3.8\r\nDate: Wed, 25 Jan 2023 00:07:35 GMT\r\nContent-Type: text/html\r\nContent-Length: 40674\r\nConnection: keep-alive\r\nCache-Control: private\r\nSet-Cookie: ASPSESSIONIDCQCCTTTB=AIFGBIKDALGIDJNNEPJHPJBL; path=/\r\nX-Frame-Options: SAMEORIGIN\r\n\r\n'
Traceback (most recent call last):
  File "/Users/yeon/Library/Python/3.9/lib/python/site-packages/urllib3/connectionpool.py", line 469, in _make_request
    assert_header_parsing(httplib_response.msg)
  File "/Users/yeon/Library/Python/3.9/lib/python/site-packages/urllib3/util/response.py", line 91, in assert_header_parsing
    raise HeaderParsingError(defects=defects, unparsed_data=unparsed_data)
urllib3.exceptions.HeaderParsingError: [MissingHeaderBodySeparatorDefect()], unparsed data: 'Server : Wow 3.8\r\nDate: Wed, 25 Jan 2023 00:07:35 GMT\r\nContent-Type: text/html\r\nContent-Length: 40674\r\nConnection: keep-alive\r\nCache-Control: private\r\nSet-Cookie: ASPSESSIONIDCQCCTTTB=AIFGBIKDALGIDJNNEPJHPJBL; path=/\r\nX-Frame-Options: SAMEORIGIN\r\n\r\n'
2023-01-25 09:07:35,451 - WARNING - Failed to parse headers (url=https://www.sscmc.or.kr:443/info/notice/list.asp?db=BBS_notice&pageno=1&startpage=1&where=&keyfield=&keyword=&catekkk=): [MissingHeaderBodySeparatorDefect()], unparsed data: 'Server : Wow 3.8\r\nDate: Wed, 25 Jan 2023 00:07:35 GMT\r\nContent-Type: text/html\r\nContent-Length: 40674\r\nConnection: keep-alive\r\nCache-Control: private\r\nSet-Cookie: ASPSESSIONIDCQCCTTTB=AIFGBIKDALGIDJNNEPJHPJBL; path=/\r\nX-Frame-Options: SAMEORIGIN\r\n\r\n'
Traceback (most recent call last):
  File "/Users/yeon/Library/Python/3.9/lib/python/site-packages/urllib3/connectionpool.py", line 469, in _make_request
    assert_header_parsing(httplib_response.msg)
  File "/Users/yeon/Library/Python/3.9/lib/python/site-packages/urllib3/util/response.py", line 91, in assert_header_parsing
    raise HeaderParsingError(defects=defects, unparsed_data=unparsed_data)
urllib3.exceptions.HeaderParsingError: [MissingHeaderBodySeparatorDefect()], unparsed data: 'Server : Wow 3.8\r\nDate: Wed, 25 Jan 2023 00:07:35 GMT\r\nContent-Type: text/html\r\nContent-Length: 40674\r\nConnection: keep-alive\r\nCache-Control: private\r\nSet-Cookie: ASPSESSIONIDCQCCTTTB=AIFGBIKDALGIDJNNEPJHPJBL; path=/\r\nX-Frame-Options: SAMEORIGIN\r\n\r\n'
2023-01-25 09:07:35,451 - WARNING - Failed to parse headers (url=https://www.sscmc.or.kr:443/info/notice/list.asp?db=BBS_notice&pageno=1&startpage=1&where=&keyfield=&keyword=&catekkk=): [MissingHeaderBodySeparatorDefect()], unparsed data: 'Server : Wow 3.8\r\nDate: Wed, 25 Jan 2023 00:07:35 GMT\r\nContent-Type: text/html\r\nContent-Length: 40674\r\nConnection: keep-alive\r\nCache-Control: private\r\nSet-Cookie: ASPSESSIONIDCQCCTTTB=AIFGBIKDALGIDJNNEPJHPJBL; path=/\r\nX-Frame-Options: SAMEORIGIN\r\n\r\n'
Traceback (most recent call last):
  File "/Users/yeon/Library/Python/3.9/lib/python/site-packages/urllib3/connectionpool.py", line 469, in _make_request
    assert_header_parsing(httplib_response.msg)
  File "/Users/yeon/Library/Python/3.9/lib/python/site-packages/urllib3/util/response.py", line 91, in assert_header_parsing
    raise HeaderParsingError(defects=defects, unparsed_data=unparsed_data)
urllib3.exceptions.HeaderParsingError: [MissingHeaderBodySeparatorDefect()], unparsed data: 'Server : Wow 3.8\r\nDate: Wed, 25 Jan 2023 00:07:35 GMT\r\nContent-Type: text/html\r\nContent-Length: 40674\r\nConnection: keep-alive\r\nCache-Control: private\r\nSet-Cookie: ASPSESSIONIDCQCCTTTB=AIFGBIKDALGIDJNNEPJHPJBL; path=/\r\nX-Frame-Options: SAMEORIGIN\r\n\r\n'
2023-01-25 09:08:50,945 - INFO - SEODAEMUN
2023-01-25 09:08:50,945 - INFO - SEODAEMUN
2023-01-25 09:08:50,945 - INFO - SEODAEMUN
2023-01-25 09:08:50,945 - INFO - SEODAEMUN
2023-01-25 09:08:50,945 - INFO - SEODAEMUN
2023-01-25 09:08:50,945 - INFO - SEODAEMUN
2023-01-25 09:08:50,945 - INFO - SEODAEMUN
2023-01-25 09:08:50,945 - INFO - SEODAEMUN
2023-01-25 09:08:50,945 - INFO - SEODAEMUN
2023-01-25 09:08:50,945 - INFO - SEODAEMUN
2023-01-25 09:08:50,945 - INFO - SEODAEMUN
2023-01-25 09:08:50,945 - INFO - SEODAEMUN
2023-01-25 16:51:38,272 - INFO - JUNGNANG
2023-01-25 16:51:39,188 - WARNING - Failed to parse headers (url=https://www.jungnang.go.kr:443/portal/bbs/list/B0000002.do?searchCnd=&searchWrd=&gubun=&delCode=0&useAt=&replyAt=&menuNo=200473&sdate=&edate=&deptId=&deptName=&popupYn=&dept=&dong=&option1=&viewType=&searchCnd2=&pageIndex=1): [FirstHeaderLineIsContinuationDefect(' X-Content-Type-Options: nosniff\r\n')], unparsed data: ''
Traceback (most recent call last):
  File "/Users/yeon/Library/Python/3.9/lib/python/site-packages/urllib3/connectionpool.py", line 469, in _make_request
    assert_header_parsing(httplib_response.msg)
  File "/Users/yeon/Library/Python/3.9/lib/python/site-packages/urllib3/util/response.py", line 91, in assert_header_parsing
    raise HeaderParsingError(defects=defects, unparsed_data=unparsed_data)
urllib3.exceptions.HeaderParsingError: [FirstHeaderLineIsContinuationDefect(' X-Content-Type-Options: nosniff\r\n')], unparsed data: ''
2023-01-25 16:51:39,988 - INFO - JUNGNANG
2023-01-25 16:51:39,988 - INFO - JUNGNANG
2023-01-25 16:52:05,746 - INFO - YONGSAN
2023-01-25 16:52:05,746 - INFO - YONGSAN
2023-01-25 16:52:05,746 - INFO - YONGSAN
2023-01-25 16:52:07,591 - INFO - YONGSAN
2023-01-25 16:52:07,591 - INFO - YONGSAN
2023-01-25 16:52:07,591 - INFO - YONGSAN
2023-01-25 16:52:07,591 - INFO - YONGSAN
2023-01-25 16:52:09,582 - INFO - YONGSAN
2023-01-25 16:52:09,582 - INFO - YONGSAN
2023-01-25 16:52:09,582 - INFO - YONGSAN
2023-01-25 16:52:09,582 - INFO - YONGSAN
2023-01-25 16:52:09,582 - INFO - YONGSAN
2023-01-25 16:52:11,320 - INFO - GANGNAM
2023-01-25 16:52:11,320 - INFO - GANGNAM
2023-01-25 16:52:11,320 - INFO - GANGNAM
2023-01-25 16:52:11,320 - INFO - GANGNAM
2023-01-25 16:52:11,320 - INFO - GANGNAM
2023-01-25 16:52:11,320 - INFO - GANGNAM
2023-01-25 16:52:24,676 - INFO - GANGNAM
2023-01-25 16:52:24,676 - INFO - GANGNAM
2023-01-25 16:52:24,676 - INFO - GANGNAM
2023-01-25 16:52:24,676 - INFO - GANGNAM
2023-01-25 16:52:24,676 - INFO - GANGNAM
2023-01-25 16:52:24,676 - INFO - GANGNAM
2023-01-25 16:52:24,676 - INFO - GANGNAM
2023-01-25 16:52:26,458 - INFO - GANGDONG
2023-01-25 16:52:26,458 - INFO - GANGDONG
2023-01-25 16:52:26,458 - INFO - GANGDONG
2023-01-25 16:52:26,458 - INFO - GANGDONG
2023-01-25 16:52:26,458 - INFO - GANGDONG
2023-01-25 16:52:26,458 - INFO - GANGDONG
2023-01-25 16:52:26,458 - INFO - GANGDONG
2023-01-25 16:52:26,458 - INFO - GANGDONG
2023-01-25 16:52:32,733 - INFO - GURO
2023-01-25 16:52:32,733 - INFO - GURO
2023-01-25 16:52:32,733 - INFO - GURO
2023-01-25 16:52:32,733 - INFO - GURO
2023-01-25 16:52:32,733 - INFO - GURO
2023-01-25 16:52:32,733 - INFO - GURO
2023-01-25 16:52:32,733 - INFO - GURO
2023-01-25 16:52:32,733 - INFO - GURO
2023-01-25 16:52:32,733 - INFO - GURO
2023-01-25 16:52:36,839 - INFO - GURO
2023-01-25 16:52:36,839 - INFO - GURO
2023-01-25 16:52:36,839 - INFO - GURO
2023-01-25 16:52:36,839 - INFO - GURO
2023-01-25 16:52:36,839 - INFO - GURO
2023-01-25 16:52:36,839 - INFO - GURO
2023-01-25 16:52:36,839 - INFO - GURO
2023-01-25 16:52:36,839 - INFO - GURO
2023-01-25 16:52:36,839 - INFO - GURO
2023-01-25 16:52:36,839 - INFO - GURO
2023-01-25 16:52:44,744 - INFO - GANGSEO
2023-01-25 16:52:44,744 - INFO - GANGSEO
2023-01-25 16:52:44,744 - INFO - GANGSEO
2023-01-25 16:52:44,744 - INFO - GANGSEO
2023-01-25 16:52:44,744 - INFO - GANGSEO
2023-01-25 16:52:44,744 - INFO - GANGSEO
2023-01-25 16:52:44,744 - INFO - GANGSEO
2023-01-25 16:52:44,744 - INFO - GANGSEO
2023-01-25 16:52:44,744 - INFO - GANGSEO
2023-01-25 16:52:44,744 - INFO - GANGSEO
2023-01-25 16:52:44,744 - INFO - GANGSEO
2023-01-25 17:10:40,247 - INFO - GANGSEO
2023-01-25 17:10:43,111 - INFO - GANGSEO
2023-01-25 17:10:43,111 - INFO - GANGSEO
2023-01-25 17:11:19,061 - INFO - GANGSEO
2023-01-25 17:11:21,946 - INFO - GANGSEO
2023-01-25 17:11:21,946 - INFO - GANGSEO
2023-01-25 17:11:23,979 - INFO - GANGDONG
2023-01-25 17:11:23,979 - INFO - GANGDONG
2023-01-25 17:11:23,979 - INFO - GANGDONG
2023-01-25 17:11:28,569 - INFO - GANGDONG
2023-01-25 17:11:28,569 - INFO - GANGDONG
2023-01-25 17:11:28,569 - INFO - GANGDONG
2023-01-25 17:11:28,569 - INFO - GANGDONG
2023-01-25 17:11:30,372 - INFO - GANGDONG
2023-01-25 17:11:30,372 - INFO - GANGDONG
2023-01-25 17:11:30,372 - INFO - GANGDONG
2023-01-25 17:11:30,372 - INFO - GANGDONG
2023-01-25 17:11:30,372 - INFO - GANGDONG
2023-01-25 17:11:38,882 - INFO - DOBONG
2023-01-25 17:11:38,882 - INFO - DOBONG
2023-01-25 17:11:38,882 - INFO - DOBONG
2023-01-25 17:11:38,882 - INFO - DOBONG
2023-01-25 17:11:38,882 - INFO - DOBONG
2023-01-25 17:11:38,882 - INFO - DOBONG
2023-01-25 17:11:40,647 - INFO - DOBONG
2023-01-25 17:11:40,647 - INFO - DOBONG
2023-01-25 17:11:40,647 - INFO - DOBONG
2023-01-25 17:11:40,647 - INFO - DOBONG
2023-01-25 17:11:40,647 - INFO - DOBONG
2023-01-25 17:11:40,647 - INFO - DOBONG
2023-01-25 17:11:40,647 - INFO - DOBONG
2023-01-25 17:11:42,077 - INFO - GANGBUK
2023-01-25 17:11:42,077 - INFO - GANGBUK
2023-01-25 17:11:42,077 - INFO - GANGBUK
2023-01-25 17:11:42,077 - INFO - GANGBUK
2023-01-25 17:11:42,077 - INFO - GANGBUK
2023-01-25 17:11:42,077 - INFO - GANGBUK
2023-01-25 17:11:42,077 - INFO - GANGBUK
2023-01-25 17:11:42,077 - INFO - GANGBUK
2023-01-25 17:11:52,704 - INFO - GANGBUK
2023-01-25 17:11:52,704 - INFO - GANGBUK
2023-01-25 17:11:52,704 - INFO - GANGBUK
2023-01-25 17:11:52,704 - INFO - GANGBUK
2023-01-25 17:11:52,704 - INFO - GANGBUK
2023-01-25 17:11:52,704 - INFO - GANGBUK
2023-01-25 17:11:52,704 - INFO - GANGBUK
2023-01-25 17:11:52,704 - INFO - GANGBUK
2023-01-25 17:11:52,704 - INFO - GANGBUK
2023-01-25 17:12:02,564 - INFO - DONGDAEMUN
2023-01-25 17:12:02,564 - INFO - DONGDAEMUN
2023-01-25 17:12:02,564 - INFO - DONGDAEMUN
2023-01-25 17:12:02,564 - INFO - DONGDAEMUN
2023-01-25 17:12:02,564 - INFO - DONGDAEMUN
2023-01-25 17:12:02,564 - INFO - DONGDAEMUN
2023-01-25 17:12:02,564 - INFO - DONGDAEMUN
2023-01-25 17:12:02,564 - INFO - DONGDAEMUN
2023-01-25 17:12:02,564 - INFO - DONGDAEMUN
2023-01-25 17:12:02,564 - INFO - DONGDAEMUN
2023-01-25 17:13:09,316 - INFO - DONGDAEMUN
2023-01-25 17:13:11,444 - INFO - DONGDAEMUN
2023-01-25 17:13:11,444 - INFO - DONGDAEMUN
2023-01-25 17:13:13,701 - INFO - DONGDAEMUN
2023-01-25 17:13:13,701 - INFO - DONGDAEMUN
2023-01-25 17:13:13,701 - INFO - DONGDAEMUN
2023-01-25 17:13:15,151 - INFO - DONGJAK
2023-01-25 17:13:15,151 - INFO - DONGJAK
2023-01-25 17:13:15,151 - INFO - DONGJAK
2023-01-25 17:13:15,151 - INFO - DONGJAK
2023-01-25 17:13:18,694 - INFO - DONGJAK
2023-01-25 17:13:18,694 - INFO - DONGJAK
2023-01-25 17:13:18,694 - INFO - DONGJAK
2023-01-25 17:13:18,694 - INFO - DONGJAK
2023-01-25 17:13:18,694 - INFO - DONGJAK
2023-01-25 17:13:31,852 - INFO - GEUAMCHEOUN
2023-01-25 17:13:31,852 - INFO - GEUAMCHEOUN
2023-01-25 17:13:31,852 - INFO - GEUAMCHEOUN
2023-01-25 17:13:31,852 - INFO - GEUAMCHEOUN
2023-01-25 17:13:31,852 - INFO - GEUAMCHEOUN
2023-01-25 17:13:31,852 - INFO - GEUAMCHEOUN
2023-01-25 17:13:48,916 - INFO - DONGDAEMUN
2023-01-25 17:13:51,125 - INFO - DONGDAEMUN
2023-01-25 17:13:51,125 - INFO - DONGDAEMUN
2023-01-25 17:13:53,248 - INFO - DONGDAEMUN
2023-01-25 17:13:53,248 - INFO - DONGDAEMUN
2023-01-25 17:13:53,248 - INFO - DONGDAEMUN
2023-01-25 17:13:54,683 - INFO - DONGJAK
2023-01-25 17:13:54,683 - INFO - DONGJAK
2023-01-25 17:13:54,683 - INFO - DONGJAK
2023-01-25 17:13:54,683 - INFO - DONGJAK
2023-01-25 17:13:58,262 - INFO - DONGJAK
2023-01-25 17:13:58,262 - INFO - DONGJAK
2023-01-25 17:13:58,262 - INFO - DONGJAK
2023-01-25 17:13:58,262 - INFO - DONGJAK
2023-01-25 17:13:58,262 - INFO - DONGJAK
2023-01-25 17:14:11,678 - INFO - GEUAMCHEOUN
2023-01-25 17:14:11,678 - INFO - GEUAMCHEOUN
2023-01-25 17:14:11,678 - INFO - GEUAMCHEOUN
2023-01-25 17:14:11,678 - INFO - GEUAMCHEOUN
2023-01-25 17:14:11,678 - INFO - GEUAMCHEOUN
2023-01-25 17:14:11,678 - INFO - GEUAMCHEOUN
2023-01-25 17:14:13,714 - INFO - GEUAMCHEOUN
2023-01-25 17:14:13,714 - INFO - GEUAMCHEOUN
2023-01-25 17:14:13,714 - INFO - GEUAMCHEOUN
2023-01-25 17:14:13,714 - INFO - GEUAMCHEOUN
2023-01-25 17:14:13,714 - INFO - GEUAMCHEOUN
2023-01-25 17:14:13,714 - INFO - GEUAMCHEOUN
2023-01-25 17:14:13,714 - INFO - GEUAMCHEOUN
2023-01-25 17:14:15,115 - INFO - GWANAK
2023-01-25 17:14:15,115 - INFO - GWANAK
2023-01-25 17:14:15,115 - INFO - GWANAK
2023-01-25 17:14:15,115 - INFO - GWANAK
2023-01-25 17:14:15,115 - INFO - GWANAK
2023-01-25 17:14:15,115 - INFO - GWANAK
2023-01-25 17:14:15,115 - INFO - GWANAK
2023-01-25 17:14:15,115 - INFO - GWANAK
2023-01-25 17:14:30,792 - INFO - GWANAK
2023-01-25 17:14:30,792 - INFO - GWANAK
2023-01-25 17:14:30,792 - INFO - GWANAK
2023-01-25 17:14:30,792 - INFO - GWANAK
2023-01-25 17:14:30,792 - INFO - GWANAK
2023-01-25 17:14:30,792 - INFO - GWANAK
2023-01-25 17:14:30,792 - INFO - GWANAK
2023-01-25 17:14:30,792 - INFO - GWANAK
2023-01-25 17:14:30,792 - INFO - GWANAK
2023-01-25 17:14:40,237 - INFO - SEONGDONG
2023-01-25 17:14:40,237 - INFO - SEONGDONG
2023-01-25 17:14:40,237 - INFO - SEONGDONG
2023-01-25 17:14:40,237 - INFO - SEONGDONG
2023-01-25 17:14:40,237 - INFO - SEONGDONG
2023-01-25 17:14:40,237 - INFO - SEONGDONG
2023-01-25 17:14:40,237 - INFO - SEONGDONG
2023-01-25 17:14:40,237 - INFO - SEONGDONG
2023-01-25 17:14:40,237 - INFO - SEONGDONG
2023-01-25 17:14:40,237 - INFO - SEONGDONG
2023-01-25 17:14:48,117 - INFO - SEONGDONG
2023-01-25 17:14:48,117 - INFO - SEONGDONG
2023-01-25 17:14:48,117 - INFO - SEONGDONG
2023-01-25 17:14:48,117 - INFO - SEONGDONG
2023-01-25 17:14:48,117 - INFO - SEONGDONG
2023-01-25 17:14:48,117 - INFO - SEONGDONG
2023-01-25 17:14:48,117 - INFO - SEONGDONG
2023-01-25 17:14:48,117 - INFO - SEONGDONG
2023-01-25 17:14:48,117 - INFO - SEONGDONG
2023-01-25 17:14:48,117 - INFO - SEONGDONG
2023-01-25 17:14:48,117 - INFO - SEONGDONG
2023-01-25 17:14:56,327 - INFO - EUNPYENG
2023-01-25 17:14:56,327 - INFO - EUNPYENG
2023-01-25 17:14:56,327 - INFO - EUNPYENG
2023-01-25 17:14:56,327 - INFO - EUNPYENG
2023-01-25 17:14:56,327 - INFO - EUNPYENG
2023-01-25 17:14:56,327 - INFO - EUNPYENG
2023-01-25 17:14:56,327 - INFO - EUNPYENG
2023-01-25 17:14:56,327 - INFO - EUNPYENG
2023-01-25 17:14:56,327 - INFO - EUNPYENG
2023-01-25 17:14:56,327 - INFO - EUNPYENG
2023-01-25 17:14:56,327 - INFO - EUNPYENG
2023-01-25 17:14:56,327 - INFO - EUNPYENG
2023-01-25 17:15:02,262 - INFO - EUNPYENG
2023-01-25 17:15:02,262 - INFO - EUNPYENG
2023-01-25 17:15:02,262 - INFO - EUNPYENG
2023-01-25 17:15:02,262 - INFO - EUNPYENG
2023-01-25 17:15:02,262 - INFO - EUNPYENG
2023-01-25 17:15:02,262 - INFO - EUNPYENG
2023-01-25 17:15:02,262 - INFO - EUNPYENG
2023-01-25 17:15:02,262 - INFO - EUNPYENG
2023-01-25 17:15:02,262 - INFO - EUNPYENG
2023-01-25 17:15:02,262 - INFO - EUNPYENG
2023-01-25 17:15:02,262 - INFO - EUNPYENG
2023-01-25 17:15:02,262 - INFO - EUNPYENG
2023-01-25 17:15:02,262 - INFO - EUNPYENG
2023-01-25 17:15:04,800 - INFO - EUNPYENG
2023-01-25 17:15:04,800 - INFO - EUNPYENG
2023-01-25 17:15:04,800 - INFO - EUNPYENG
2023-01-25 17:15:04,800 - INFO - EUNPYENG
2023-01-25 17:15:04,800 - INFO - EUNPYENG
2023-01-25 17:15:04,800 - INFO - EUNPYENG
2023-01-25 17:15:04,800 - INFO - EUNPYENG
2023-01-25 17:15:04,800 - INFO - EUNPYENG
2023-01-25 17:15:04,800 - INFO - EUNPYENG
2023-01-25 17:15:04,800 - INFO - EUNPYENG
2023-01-25 17:15:04,800 - INFO - EUNPYENG
2023-01-25 17:15:04,800 - INFO - EUNPYENG
2023-01-25 17:15:04,800 - INFO - EUNPYENG
2023-01-25 17:15:04,800 - INFO - EUNPYENG
2023-01-25 17:15:06,194 - INFO - GWANGZIN
2023-01-25 17:15:06,194 - INFO - GWANGZIN
2023-01-25 17:15:06,194 - INFO - GWANGZIN
2023-01-25 17:15:06,194 - INFO - GWANGZIN
2023-01-25 17:15:06,194 - INFO - GWANGZIN
2023-01-25 17:15:06,194 - INFO - GWANGZIN
2023-01-25 17:15:06,194 - INFO - GWANGZIN
2023-01-25 17:15:06,194 - INFO - GWANGZIN
2023-01-25 17:15:06,194 - INFO - GWANGZIN
2023-01-25 17:15:06,194 - INFO - GWANGZIN
2023-01-25 17:15:06,194 - INFO - GWANGZIN
2023-01-25 17:15:06,194 - INFO - GWANGZIN
2023-01-25 17:15:06,194 - INFO - GWANGZIN
2023-01-25 17:15:06,194 - INFO - GWANGZIN
2023-01-25 17:15:06,194 - INFO - GWANGZIN
2023-01-25 17:15:09,807 - INFO - GWANGZIN
2023-01-25 17:15:09,807 - INFO - GWANGZIN
2023-01-25 17:15:09,807 - INFO - GWANGZIN
2023-01-25 17:15:09,807 - INFO - GWANGZIN
2023-01-25 17:15:09,807 - INFO - GWANGZIN
2023-01-25 17:15:09,807 - INFO - GWANGZIN
2023-01-25 17:15:09,807 - INFO - GWANGZIN
2023-01-25 17:15:09,807 - INFO - GWANGZIN
2023-01-25 17:15:09,807 - INFO - GWANGZIN
2023-01-25 17:15:09,807 - INFO - GWANGZIN
2023-01-25 17:15:09,807 - INFO - GWANGZIN
2023-01-25 17:15:09,807 - INFO - GWANGZIN
2023-01-25 17:15:09,807 - INFO - GWANGZIN
2023-01-25 17:15:09,807 - INFO - GWANGZIN
2023-01-25 17:15:09,807 - INFO - GWANGZIN
2023-01-25 17:15:09,807 - INFO - GWANGZIN
2023-01-25 17:15:12,114 - INFO - JONGRO
2023-01-25 17:15:12,114 - INFO - JONGRO
2023-01-25 17:15:12,114 - INFO - JONGRO
2023-01-25 17:15:12,114 - INFO - JONGRO
2023-01-25 17:15:12,114 - INFO - JONGRO
2023-01-25 17:15:12,114 - INFO - JONGRO
2023-01-25 17:15:12,114 - INFO - JONGRO
2023-01-25 17:15:12,114 - INFO - JONGRO
2023-01-25 17:15:12,114 - INFO - JONGRO
2023-01-25 17:15:12,114 - INFO - JONGRO
2023-01-25 17:15:12,114 - INFO - JONGRO
2023-01-25 17:15:12,114 - INFO - JONGRO
2023-01-25 17:15:12,114 - INFO - JONGRO
2023-01-25 17:15:12,114 - INFO - JONGRO
2023-01-25 17:15:12,114 - INFO - JONGRO
2023-01-25 17:15:12,114 - INFO - JONGRO
2023-01-25 17:15:12,114 - INFO - JONGRO
2023-01-25 17:15:22,650 - INFO - JONGRO
2023-01-25 17:15:22,650 - INFO - JONGRO
2023-01-25 17:15:22,650 - INFO - JONGRO
2023-01-25 17:15:22,650 - INFO - JONGRO
2023-01-25 17:15:22,650 - INFO - JONGRO
2023-01-25 17:15:22,650 - INFO - JONGRO
2023-01-25 17:15:22,650 - INFO - JONGRO
2023-01-25 17:15:22,650 - INFO - JONGRO
2023-01-25 17:15:22,650 - INFO - JONGRO
2023-01-25 17:15:22,650 - INFO - JONGRO
2023-01-25 17:15:22,650 - INFO - JONGRO
2023-01-25 17:15:22,650 - INFO - JONGRO
2023-01-25 17:15:22,650 - INFO - JONGRO
2023-01-25 17:15:22,650 - INFO - JONGRO
2023-01-25 17:15:22,650 - INFO - JONGRO
2023-01-25 17:15:22,650 - INFO - JONGRO
2023-01-25 17:15:22,650 - INFO - JONGRO
2023-01-25 17:15:22,650 - INFO - JONGRO
2023-01-25 17:15:23,934 - INFO - JUNGGU
2023-01-25 17:15:23,934 - INFO - JUNGGU
2023-01-25 17:15:23,934 - INFO - JUNGGU
2023-01-25 17:15:23,934 - INFO - JUNGGU
2023-01-25 17:15:23,934 - INFO - JUNGGU
2023-01-25 17:15:23,934 - INFO - JUNGGU
2023-01-25 17:15:23,934 - INFO - JUNGGU
2023-01-25 17:15:23,934 - INFO - JUNGGU
2023-01-25 17:15:23,934 - INFO - JUNGGU
2023-01-25 17:15:23,934 - INFO - JUNGGU
2023-01-25 17:15:23,934 - INFO - JUNGGU
2023-01-25 17:15:23,934 - INFO - JUNGGU
2023-01-25 17:15:23,934 - INFO - JUNGGU
2023-01-25 17:15:23,934 - INFO - JUNGGU
2023-01-25 17:15:23,934 - INFO - JUNGGU
2023-01-25 17:15:23,934 - INFO - JUNGGU
2023-01-25 17:15:23,934 - INFO - JUNGGU
2023-01-25 17:15:23,934 - INFO - JUNGGU
2023-01-25 17:15:23,934 - INFO - JUNGGU
2023-01-25 17:15:25,507 - INFO - JUNGGU
2023-01-25 17:15:25,507 - INFO - JUNGGU
2023-01-25 17:15:25,507 - INFO - JUNGGU
2023-01-25 17:15:25,507 - INFO - JUNGGU
2023-01-25 17:15:25,507 - INFO - JUNGGU
2023-01-25 17:15:25,507 - INFO - JUNGGU
2023-01-25 17:15:25,507 - INFO - JUNGGU
2023-01-25 17:15:25,507 - INFO - JUNGGU
2023-01-25 17:15:25,507 - INFO - JUNGGU
2023-01-25 17:15:25,507 - INFO - JUNGGU
2023-01-25 17:15:25,507 - INFO - JUNGGU
2023-01-25 17:15:25,507 - INFO - JUNGGU
2023-01-25 17:15:25,507 - INFO - JUNGGU
2023-01-25 17:15:25,507 - INFO - JUNGGU
2023-01-25 17:15:25,507 - INFO - JUNGGU
2023-01-25 17:15:25,507 - INFO - JUNGGU
2023-01-25 17:15:25,507 - INFO - JUNGGU
2023-01-25 17:15:25,507 - INFO - JUNGGU
2023-01-25 17:15:25,507 - INFO - JUNGGU
2023-01-25 17:15:25,507 - INFO - JUNGGU
2023-01-25 17:15:33,901 - INFO - MAPO
2023-01-25 17:15:33,901 - INFO - MAPO
2023-01-25 17:15:33,901 - INFO - MAPO
2023-01-25 17:15:33,901 - INFO - MAPO
2023-01-25 17:15:33,901 - INFO - MAPO
2023-01-25 17:15:33,901 - INFO - MAPO
2023-01-25 17:15:33,901 - INFO - MAPO
2023-01-25 17:15:33,901 - INFO - MAPO
2023-01-25 17:15:33,901 - INFO - MAPO
2023-01-25 17:15:33,901 - INFO - MAPO
2023-01-25 17:15:33,901 - INFO - MAPO
2023-01-25 17:15:33,901 - INFO - MAPO
2023-01-25 17:15:33,901 - INFO - MAPO
2023-01-25 17:15:33,901 - INFO - MAPO
2023-01-25 17:15:33,901 - INFO - MAPO
2023-01-25 17:15:33,901 - INFO - MAPO
2023-01-25 17:15:33,901 - INFO - MAPO
2023-01-25 17:15:33,901 - INFO - MAPO
2023-01-25 17:15:33,901 - INFO - MAPO
2023-01-25 17:15:33,901 - INFO - MAPO
2023-01-25 17:15:33,901 - INFO - MAPO
2023-01-25 17:15:42,979 - INFO - MAPO
2023-01-25 17:15:42,979 - INFO - MAPO
2023-01-25 17:15:42,979 - INFO - MAPO
2023-01-25 17:15:42,979 - INFO - MAPO
2023-01-25 17:15:42,979 - INFO - MAPO
2023-01-25 17:15:42,979 - INFO - MAPO
2023-01-25 17:15:42,979 - INFO - MAPO
2023-01-25 17:15:42,979 - INFO - MAPO
2023-01-25 17:15:42,979 - INFO - MAPO
2023-01-25 17:15:42,979 - INFO - MAPO
2023-01-25 17:15:42,979 - INFO - MAPO
2023-01-25 17:15:42,979 - INFO - MAPO
2023-01-25 17:15:42,979 - INFO - MAPO
2023-01-25 17:15:42,979 - INFO - MAPO
2023-01-25 17:15:42,979 - INFO - MAPO
2023-01-25 17:15:42,979 - INFO - MAPO
2023-01-25 17:15:42,979 - INFO - MAPO
2023-01-25 17:15:42,979 - INFO - MAPO
2023-01-25 17:15:42,979 - INFO - MAPO
2023-01-25 17:15:42,979 - INFO - MAPO
2023-01-25 17:15:42,979 - INFO - MAPO
2023-01-25 17:15:42,979 - INFO - MAPO
2023-01-25 17:15:47,855 - INFO - MAPO
2023-01-25 17:15:47,855 - INFO - MAPO
2023-01-25 17:15:47,855 - INFO - MAPO
2023-01-25 17:15:47,855 - INFO - MAPO
2023-01-25 17:15:47,855 - INFO - MAPO
2023-01-25 17:15:47,855 - INFO - MAPO
2023-01-25 17:15:47,855 - INFO - MAPO
2023-01-25 17:15:47,855 - INFO - MAPO
2023-01-25 17:15:47,855 - INFO - MAPO
2023-01-25 17:15:47,855 - INFO - MAPO
2023-01-25 17:15:47,855 - INFO - MAPO
2023-01-25 17:15:47,855 - INFO - MAPO
2023-01-25 17:15:47,855 - INFO - MAPO
2023-01-25 17:15:47,855 - INFO - MAPO
2023-01-25 17:15:47,855 - INFO - MAPO
2023-01-25 17:15:47,855 - INFO - MAPO
2023-01-25 17:15:47,855 - INFO - MAPO
2023-01-25 17:15:47,855 - INFO - MAPO
2023-01-25 17:15:47,855 - INFO - MAPO
2023-01-25 17:15:47,855 - INFO - MAPO
2023-01-25 17:15:47,855 - INFO - MAPO
2023-01-25 17:15:47,855 - INFO - MAPO
2023-01-25 17:15:47,855 - INFO - MAPO
2023-01-25 17:15:50,320 - INFO - MAPO
2023-01-25 17:15:50,320 - INFO - MAPO
2023-01-25 17:15:50,320 - INFO - MAPO
2023-01-25 17:15:50,320 - INFO - MAPO
2023-01-25 17:15:50,320 - INFO - MAPO
2023-01-25 17:15:50,320 - INFO - MAPO
2023-01-25 17:15:50,320 - INFO - MAPO
2023-01-25 17:15:50,320 - INFO - MAPO
2023-01-25 17:15:50,320 - INFO - MAPO
2023-01-25 17:15:50,320 - INFO - MAPO
2023-01-25 17:15:50,320 - INFO - MAPO
2023-01-25 17:15:50,320 - INFO - MAPO
2023-01-25 17:15:50,320 - INFO - MAPO
2023-01-25 17:15:50,320 - INFO - MAPO
2023-01-25 17:15:50,320 - INFO - MAPO
2023-01-25 17:15:50,320 - INFO - MAPO
2023-01-25 17:15:50,320 - INFO - MAPO
2023-01-25 17:15:50,320 - INFO - MAPO
2023-01-25 17:15:50,320 - INFO - MAPO
2023-01-25 17:15:50,320 - INFO - MAPO
2023-01-25 17:15:50,320 - INFO - MAPO
2023-01-25 17:15:50,320 - INFO - MAPO
2023-01-25 17:15:50,320 - INFO - MAPO
2023-01-25 17:15:50,320 - INFO - MAPO
2023-01-25 17:15:54,073 - INFO - NOWON
2023-01-25 17:15:54,073 - INFO - NOWON
2023-01-25 17:15:54,073 - INFO - NOWON
2023-01-25 17:15:54,073 - INFO - NOWON
2023-01-25 17:15:54,073 - INFO - NOWON
2023-01-25 17:15:54,073 - INFO - NOWON
2023-01-25 17:15:54,073 - INFO - NOWON
2023-01-25 17:15:54,073 - INFO - NOWON
2023-01-25 17:15:54,073 - INFO - NOWON
2023-01-25 17:15:54,073 - INFO - NOWON
2023-01-25 17:15:54,073 - INFO - NOWON
2023-01-25 17:15:54,073 - INFO - NOWON
2023-01-25 17:15:54,073 - INFO - NOWON
2023-01-25 17:15:54,073 - INFO - NOWON
2023-01-25 17:15:54,073 - INFO - NOWON
2023-01-25 17:15:54,073 - INFO - NOWON
2023-01-25 17:15:54,073 - INFO - NOWON
2023-01-25 17:15:54,073 - INFO - NOWON
2023-01-25 17:15:54,073 - INFO - NOWON
2023-01-25 17:15:54,073 - INFO - NOWON
2023-01-25 17:15:54,073 - INFO - NOWON
2023-01-25 17:15:54,073 - INFO - NOWON
2023-01-25 17:15:54,073 - INFO - NOWON
2023-01-25 17:15:54,073 - INFO - NOWON
2023-01-25 17:15:54,073 - INFO - NOWON
2023-01-25 17:16:03,469 - INFO - NOWON
2023-01-25 17:16:03,469 - INFO - NOWON
2023-01-25 17:16:03,469 - INFO - NOWON
2023-01-25 17:16:03,469 - INFO - NOWON
2023-01-25 17:16:03,469 - INFO - NOWON
2023-01-25 17:16:03,469 - INFO - NOWON
2023-01-25 17:16:03,469 - INFO - NOWON
2023-01-25 17:16:03,469 - INFO - NOWON
2023-01-25 17:16:03,469 - INFO - NOWON
2023-01-25 17:16:03,469 - INFO - NOWON
2023-01-25 17:16:03,469 - INFO - NOWON
2023-01-25 17:16:03,469 - INFO - NOWON
2023-01-25 17:16:03,469 - INFO - NOWON
2023-01-25 17:16:03,469 - INFO - NOWON
2023-01-25 17:16:03,469 - INFO - NOWON
2023-01-25 17:16:03,469 - INFO - NOWON
2023-01-25 17:16:03,469 - INFO - NOWON
2023-01-25 17:16:03,469 - INFO - NOWON
2023-01-25 17:16:03,469 - INFO - NOWON
2023-01-25 17:16:03,469 - INFO - NOWON
2023-01-25 17:16:03,469 - INFO - NOWON
2023-01-25 17:16:03,469 - INFO - NOWON
2023-01-25 17:16:03,469 - INFO - NOWON
2023-01-25 17:16:03,469 - INFO - NOWON
2023-01-25 17:16:03,469 - INFO - NOWON
2023-01-25 17:16:03,469 - INFO - NOWON
2023-01-25 17:16:18,808 - INFO - SEOCHO
2023-01-25 17:16:18,808 - INFO - SEOCHO
2023-01-25 17:16:18,808 - INFO - SEOCHO
2023-01-25 17:16:18,808 - INFO - SEOCHO
2023-01-25 17:16:18,808 - INFO - SEOCHO
2023-01-25 17:16:18,808 - INFO - SEOCHO
2023-01-25 17:16:18,808 - INFO - SEOCHO
2023-01-25 17:16:18,808 - INFO - SEOCHO
2023-01-25 17:16:18,808 - INFO - SEOCHO
2023-01-25 17:16:18,808 - INFO - SEOCHO
2023-01-25 17:16:18,808 - INFO - SEOCHO
2023-01-25 17:16:18,808 - INFO - SEOCHO
2023-01-25 17:16:18,808 - INFO - SEOCHO
2023-01-25 17:16:18,808 - INFO - SEOCHO
2023-01-25 17:16:18,808 - INFO - SEOCHO
2023-01-25 17:16:18,808 - INFO - SEOCHO
2023-01-25 17:16:18,808 - INFO - SEOCHO
2023-01-25 17:16:18,808 - INFO - SEOCHO
2023-01-25 17:16:18,808 - INFO - SEOCHO
2023-01-25 17:16:18,808 - INFO - SEOCHO
2023-01-25 17:16:18,808 - INFO - SEOCHO
2023-01-25 17:16:18,808 - INFO - SEOCHO
2023-01-25 17:16:18,808 - INFO - SEOCHO
2023-01-25 17:16:18,808 - INFO - SEOCHO
2023-01-25 17:16:18,808 - INFO - SEOCHO
2023-01-25 17:16:18,808 - INFO - SEOCHO
2023-01-25 17:16:18,808 - INFO - SEOCHO
2023-01-25 17:18:02,627 - INFO - NOWON
2023-01-25 17:18:15,787 - INFO - NOWON
2023-01-25 17:18:15,787 - INFO - NOWON
2023-01-25 17:18:32,161 - INFO - SEOCHO
2023-01-25 17:18:32,161 - INFO - SEOCHO
2023-01-25 17:18:32,161 - INFO - SEOCHO
2023-01-25 17:18:34,004 - INFO - SEOCHO
2023-01-25 17:18:34,004 - INFO - SEOCHO
2023-01-25 17:18:34,004 - INFO - SEOCHO
2023-01-25 17:18:34,004 - INFO - SEOCHO
2023-01-25 17:18:35,787 - INFO - SEOCHO
2023-01-25 17:18:35,787 - INFO - SEOCHO
2023-01-25 17:18:35,787 - INFO - SEOCHO
2023-01-25 17:18:35,787 - INFO - SEOCHO
2023-01-25 17:18:35,787 - INFO - SEOCHO
2023-01-25 17:18:37,601 - INFO - SEOCHO
2023-01-25 17:18:37,601 - INFO - SEOCHO
2023-01-25 17:18:37,601 - INFO - SEOCHO
2023-01-25 17:18:37,601 - INFO - SEOCHO
2023-01-25 17:18:37,601 - INFO - SEOCHO
2023-01-25 17:18:37,601 - INFO - SEOCHO
2023-01-25 17:18:38,729 - INFO - SEONGBUK
2023-01-25 17:18:38,729 - INFO - SEONGBUK
2023-01-25 17:18:38,729 - INFO - SEONGBUK
2023-01-25 17:18:38,729 - INFO - SEONGBUK
2023-01-25 17:18:38,729 - INFO - SEONGBUK
2023-01-25 17:18:38,729 - INFO - SEONGBUK
2023-01-25 17:18:38,729 - INFO - SEONGBUK
2023-01-25 17:18:46,986 - INFO - SONGPA
2023-01-25 17:18:46,986 - INFO - SONGPA
2023-01-25 17:18:46,986 - INFO - SONGPA
2023-01-25 17:18:46,986 - INFO - SONGPA
2023-01-25 17:18:46,986 - INFO - SONGPA
2023-01-25 17:18:46,986 - INFO - SONGPA
2023-01-25 17:18:46,986 - INFO - SONGPA
2023-01-25 17:18:46,986 - INFO - SONGPA
2023-01-25 17:18:50,766 - INFO - SONGPA
2023-01-25 17:18:50,766 - INFO - SONGPA
2023-01-25 17:18:50,766 - INFO - SONGPA
2023-01-25 17:18:50,766 - INFO - SONGPA
2023-01-25 17:18:50,766 - INFO - SONGPA
2023-01-25 17:18:50,766 - INFO - SONGPA
2023-01-25 17:18:50,766 - INFO - SONGPA
2023-01-25 17:18:50,766 - INFO - SONGPA
2023-01-25 17:18:50,766 - INFO - SONGPA
2023-01-25 17:18:53,173 - INFO - SONGPA
2023-01-25 17:18:53,173 - INFO - SONGPA
2023-01-25 17:18:53,173 - INFO - SONGPA
2023-01-25 17:18:53,173 - INFO - SONGPA
2023-01-25 17:18:53,173 - INFO - SONGPA
2023-01-25 17:18:53,173 - INFO - SONGPA
2023-01-25 17:18:53,173 - INFO - SONGPA
2023-01-25 17:18:53,173 - INFO - SONGPA
2023-01-25 17:18:53,173 - INFO - SONGPA
2023-01-25 17:18:53,173 - INFO - SONGPA
2023-01-25 17:18:54,633 - INFO - YANGCHEON
2023-01-25 17:18:54,633 - INFO - YANGCHEON
2023-01-25 17:18:54,633 - INFO - YANGCHEON
2023-01-25 17:18:54,633 - INFO - YANGCHEON
2023-01-25 17:18:54,633 - INFO - YANGCHEON
2023-01-25 17:18:54,633 - INFO - YANGCHEON
2023-01-25 17:18:54,633 - INFO - YANGCHEON
2023-01-25 17:18:54,633 - INFO - YANGCHEON
2023-01-25 17:18:54,633 - INFO - YANGCHEON
2023-01-25 17:18:54,633 - INFO - YANGCHEON
2023-01-25 17:18:54,633 - INFO - YANGCHEON
2023-01-25 17:19:03,965 - INFO - YANGCHEON
2023-01-25 17:19:03,965 - INFO - YANGCHEON
2023-01-25 17:19:03,965 - INFO - YANGCHEON
2023-01-25 17:19:03,965 - INFO - YANGCHEON
2023-01-25 17:19:03,965 - INFO - YANGCHEON
2023-01-25 17:19:03,965 - INFO - YANGCHEON
2023-01-25 17:19:03,965 - INFO - YANGCHEON
2023-01-25 17:19:03,965 - INFO - YANGCHEON
2023-01-25 17:19:03,965 - INFO - YANGCHEON
2023-01-25 17:19:03,965 - INFO - YANGCHEON
2023-01-25 17:19:03,965 - INFO - YANGCHEON
2023-01-25 17:19:03,965 - INFO - YANGCHEON
2023-01-25 17:19:05,697 - INFO - YEONGDEUNGPO
2023-01-25 17:19:05,697 - INFO - YEONGDEUNGPO
2023-01-25 17:19:05,697 - INFO - YEONGDEUNGPO
2023-01-25 17:19:05,697 - INFO - YEONGDEUNGPO
2023-01-25 17:19:05,697 - INFO - YEONGDEUNGPO
2023-01-25 17:19:05,697 - INFO - YEONGDEUNGPO
2023-01-25 17:19:05,697 - INFO - YEONGDEUNGPO
2023-01-25 17:19:05,697 - INFO - YEONGDEUNGPO
2023-01-25 17:19:05,697 - INFO - YEONGDEUNGPO
2023-01-25 17:19:05,697 - INFO - YEONGDEUNGPO
2023-01-25 17:19:05,697 - INFO - YEONGDEUNGPO
2023-01-25 17:19:05,697 - INFO - YEONGDEUNGPO
2023-01-25 17:19:05,697 - INFO - YEONGDEUNGPO
2023-01-25 17:19:08,953 - INFO - YEONGDEUNGPO
2023-01-25 17:19:08,953 - INFO - YEONGDEUNGPO
2023-01-25 17:19:08,953 - INFO - YEONGDEUNGPO
2023-01-25 17:19:08,953 - INFO - YEONGDEUNGPO
2023-01-25 17:19:08,953 - INFO - YEONGDEUNGPO
2023-01-25 17:19:08,953 - INFO - YEONGDEUNGPO
2023-01-25 17:19:08,953 - INFO - YEONGDEUNGPO
2023-01-25 17:19:08,953 - INFO - YEONGDEUNGPO
2023-01-25 17:19:08,953 - INFO - YEONGDEUNGPO
2023-01-25 17:19:08,953 - INFO - YEONGDEUNGPO
2023-01-25 17:19:08,953 - INFO - YEONGDEUNGPO
2023-01-25 17:19:08,953 - INFO - YEONGDEUNGPO
2023-01-25 17:19:08,953 - INFO - YEONGDEUNGPO
2023-01-25 17:19:08,953 - INFO - YEONGDEUNGPO
2023-01-25 17:19:11,699 - INFO - SEOUL
2023-01-25 17:19:11,699 - INFO - SEOUL
2023-01-25 17:19:11,699 - INFO - SEOUL
2023-01-25 17:19:11,699 - INFO - SEOUL
2023-01-25 17:19:11,699 - INFO - SEOUL
2023-01-25 17:19:11,699 - INFO - SEOUL
2023-01-25 17:19:11,699 - INFO - SEOUL
2023-01-25 17:19:11,699 - INFO - SEOUL
2023-01-25 17:19:11,699 - INFO - SEOUL
2023-01-25 17:19:11,699 - INFO - SEOUL
2023-01-25 17:19:11,699 - INFO - SEOUL
2023-01-25 17:19:11,699 - INFO - SEOUL
2023-01-25 17:19:11,699 - INFO - SEOUL
2023-01-25 17:19:11,699 - INFO - SEOUL
2023-01-25 17:19:11,699 - INFO - SEOUL
2023-01-25 17:19:14,591 - INFO - SEOUL
2023-01-25 17:19:14,591 - INFO - SEOUL
2023-01-25 17:19:14,591 - INFO - SEOUL
2023-01-25 17:19:14,591 - INFO - SEOUL
2023-01-25 17:19:14,591 - INFO - SEOUL
2023-01-25 17:19:14,591 - INFO - SEOUL
2023-01-25 17:19:14,591 - INFO - SEOUL
2023-01-25 17:19:14,591 - INFO - SEOUL
2023-01-25 17:19:14,591 - INFO - SEOUL
2023-01-25 17:19:14,591 - INFO - SEOUL
2023-01-25 17:19:14,591 - INFO - SEOUL
2023-01-25 17:19:14,591 - INFO - SEOUL
2023-01-25 17:19:14,591 - INFO - SEOUL
2023-01-25 17:19:14,591 - INFO - SEOUL
2023-01-25 17:19:14,591 - INFO - SEOUL
2023-01-25 17:19:14,591 - INFO - SEOUL
2023-01-25 17:19:27,003 - INFO - SEOUL
2023-01-25 17:19:27,003 - INFO - SEOUL
2023-01-25 17:19:27,003 - INFO - SEOUL
2023-01-25 17:19:27,003 - INFO - SEOUL
2023-01-25 17:19:27,003 - INFO - SEOUL
2023-01-25 17:19:27,003 - INFO - SEOUL
2023-01-25 17:19:27,003 - INFO - SEOUL
2023-01-25 17:19:27,003 - INFO - SEOUL
2023-01-25 17:19:27,003 - INFO - SEOUL
2023-01-25 17:19:27,003 - INFO - SEOUL
2023-01-25 17:19:27,003 - INFO - SEOUL
2023-01-25 17:19:27,003 - INFO - SEOUL
2023-01-25 17:19:27,003 - INFO - SEOUL
2023-01-25 17:19:27,003 - INFO - SEOUL
2023-01-25 17:19:27,003 - INFO - SEOUL
2023-01-25 17:19:27,003 - INFO - SEOUL
2023-01-25 17:19:27,003 - INFO - SEOUL
2023-01-25 17:19:29,748 - INFO - SEOUL
2023-01-25 17:19:29,748 - INFO - SEOUL
2023-01-25 17:19:29,748 - INFO - SEOUL
2023-01-25 17:19:29,748 - INFO - SEOUL
2023-01-25 17:19:29,748 - INFO - SEOUL
2023-01-25 17:19:29,748 - INFO - SEOUL
2023-01-25 17:19:29,748 - INFO - SEOUL
2023-01-25 17:19:29,748 - INFO - SEOUL
2023-01-25 17:19:29,748 - INFO - SEOUL
2023-01-25 17:19:29,748 - INFO - SEOUL
2023-01-25 17:19:29,748 - INFO - SEOUL
2023-01-25 17:19:29,748 - INFO - SEOUL
2023-01-25 17:19:29,748 - INFO - SEOUL
2023-01-25 17:19:29,748 - INFO - SEOUL
2023-01-25 17:19:29,748 - INFO - SEOUL
2023-01-25 17:19:29,748 - INFO - SEOUL
2023-01-25 17:19:29,748 - INFO - SEOUL
2023-01-25 17:19:29,748 - INFO - SEOUL
2023-01-25 17:20:30,784 - INFO - SEOUL
2023-01-25 17:20:33,322 - INFO - SEOUL
2023-01-25 17:20:33,322 - INFO - SEOUL
2023-01-25 17:20:46,519 - INFO - SEOUL
2023-01-25 17:20:46,519 - INFO - SEOUL
2023-01-25 17:20:46,519 - INFO - SEOUL
2023-01-25 17:20:49,285 - INFO - SEOUL
2023-01-25 17:20:49,285 - INFO - SEOUL
2023-01-25 17:20:49,285 - INFO - SEOUL
2023-01-25 17:20:49,285 - INFO - SEOUL
2023-01-25 17:21:12,965 - INFO - SEOUL
2023-01-25 17:21:15,204 - INFO - SEOUL
2023-01-25 17:21:15,204 - INFO - SEOUL
2023-01-25 17:21:28,514 - INFO - SEOUL
2023-01-25 17:21:28,514 - INFO - SEOUL
2023-01-25 17:21:28,514 - INFO - SEOUL
2023-01-25 17:21:31,277 - INFO - SEOUL
2023-01-25 17:21:31,277 - INFO - SEOUL
2023-01-25 17:21:31,277 - INFO - SEOUL
2023-01-25 17:21:31,277 - INFO - SEOUL
2023-01-25 17:23:15,684 - INFO - SEOUL
2023-01-25 17:23:18,143 - INFO - SEOUL
2023-01-25 17:23:18,143 - INFO - SEOUL
2023-01-25 17:23:35,290 - INFO - SEOUL
2023-01-25 17:23:35,290 - INFO - SEOUL
2023-01-25 17:23:35,290 - INFO - SEOUL
2023-01-25 17:23:37,202 - INFO - SEOUL
2023-01-25 17:23:37,202 - INFO - SEOUL
2023-01-25 17:23:37,202 - INFO - SEOUL
2023-01-25 17:23:37,202 - INFO - SEOUL
2023-01-25 17:23:39,937 - INFO - SEOUL
2023-01-25 17:23:39,937 - INFO - SEOUL
2023-01-25 17:23:39,937 - INFO - SEOUL
2023-01-25 17:23:39,937 - INFO - SEOUL
2023-01-25 17:23:39,937 - INFO - SEOUL
2023-01-25 17:23:40,491 - WARNING - Failed to parse headers (url=https://www.sscmc.or.kr:443/info/notice/list.asp?db=BBS_notice&pageno=1&startpage=1&where=&keyfield=&keyword=&catekkk=): [MissingHeaderBodySeparatorDefect()], unparsed data: 'Server : Wow 3.8\r\nDate: Wed, 25 Jan 2023 08:23:40 GMT\r\nContent-Type: text/html\r\nContent-Length: 41651\r\nConnection: keep-alive\r\nCache-Control: private\r\nSet-Cookie: ASPSESSIONIDCQCCTTTB=PKHHBIKDEOMGKEMCKLFIFOIN; path=/\r\nX-Frame-Options: SAMEORIGIN\r\n\r\n'
Traceback (most recent call last):
  File "/Users/yeon/Library/Python/3.9/lib/python/site-packages/urllib3/connectionpool.py", line 469, in _make_request
    assert_header_parsing(httplib_response.msg)
  File "/Users/yeon/Library/Python/3.9/lib/python/site-packages/urllib3/util/response.py", line 91, in assert_header_parsing
    raise HeaderParsingError(defects=defects, unparsed_data=unparsed_data)
urllib3.exceptions.HeaderParsingError: [MissingHeaderBodySeparatorDefect()], unparsed data: 'Server : Wow 3.8\r\nDate: Wed, 25 Jan 2023 08:23:40 GMT\r\nContent-Type: text/html\r\nContent-Length: 41651\r\nConnection: keep-alive\r\nCache-Control: private\r\nSet-Cookie: ASPSESSIONIDCQCCTTTB=PKHHBIKDEOMGKEMCKLFIFOIN; path=/\r\nX-Frame-Options: SAMEORIGIN\r\n\r\n'
2023-01-25 17:23:40,491 - WARNING - Failed to parse headers (url=https://www.sscmc.or.kr:443/info/notice/list.asp?db=BBS_notice&pageno=1&startpage=1&where=&keyfield=&keyword=&catekkk=): [MissingHeaderBodySeparatorDefect()], unparsed data: 'Server : Wow 3.8\r\nDate: Wed, 25 Jan 2023 08:23:40 GMT\r\nContent-Type: text/html\r\nContent-Length: 41651\r\nConnection: keep-alive\r\nCache-Control: private\r\nSet-Cookie: ASPSESSIONIDCQCCTTTB=PKHHBIKDEOMGKEMCKLFIFOIN; path=/\r\nX-Frame-Options: SAMEORIGIN\r\n\r\n'
Traceback (most recent call last):
  File "/Users/yeon/Library/Python/3.9/lib/python/site-packages/urllib3/connectionpool.py", line 469, in _make_request
    assert_header_parsing(httplib_response.msg)
  File "/Users/yeon/Library/Python/3.9/lib/python/site-packages/urllib3/util/response.py", line 91, in assert_header_parsing
    raise HeaderParsingError(defects=defects, unparsed_data=unparsed_data)
urllib3.exceptions.HeaderParsingError: [MissingHeaderBodySeparatorDefect()], unparsed data: 'Server : Wow 3.8\r\nDate: Wed, 25 Jan 2023 08:23:40 GMT\r\nContent-Type: text/html\r\nContent-Length: 41651\r\nConnection: keep-alive\r\nCache-Control: private\r\nSet-Cookie: ASPSESSIONIDCQCCTTTB=PKHHBIKDEOMGKEMCKLFIFOIN; path=/\r\nX-Frame-Options: SAMEORIGIN\r\n\r\n'
2023-01-25 17:23:40,491 - WARNING - Failed to parse headers (url=https://www.sscmc.or.kr:443/info/notice/list.asp?db=BBS_notice&pageno=1&startpage=1&where=&keyfield=&keyword=&catekkk=): [MissingHeaderBodySeparatorDefect()], unparsed data: 'Server : Wow 3.8\r\nDate: Wed, 25 Jan 2023 08:23:40 GMT\r\nContent-Type: text/html\r\nContent-Length: 41651\r\nConnection: keep-alive\r\nCache-Control: private\r\nSet-Cookie: ASPSESSIONIDCQCCTTTB=PKHHBIKDEOMGKEMCKLFIFOIN; path=/\r\nX-Frame-Options: SAMEORIGIN\r\n\r\n'
Traceback (most recent call last):
  File "/Users/yeon/Library/Python/3.9/lib/python/site-packages/urllib3/connectionpool.py", line 469, in _make_request
    assert_header_parsing(httplib_response.msg)
  File "/Users/yeon/Library/Python/3.9/lib/python/site-packages/urllib3/util/response.py", line 91, in assert_header_parsing
    raise HeaderParsingError(defects=defects, unparsed_data=unparsed_data)
urllib3.exceptions.HeaderParsingError: [MissingHeaderBodySeparatorDefect()], unparsed data: 'Server : Wow 3.8\r\nDate: Wed, 25 Jan 2023 08:23:40 GMT\r\nContent-Type: text/html\r\nContent-Length: 41651\r\nConnection: keep-alive\r\nCache-Control: private\r\nSet-Cookie: ASPSESSIONIDCQCCTTTB=PKHHBIKDEOMGKEMCKLFIFOIN; path=/\r\nX-Frame-Options: SAMEORIGIN\r\n\r\n'
2023-01-25 17:23:40,491 - WARNING - Failed to parse headers (url=https://www.sscmc.or.kr:443/info/notice/list.asp?db=BBS_notice&pageno=1&startpage=1&where=&keyfield=&keyword=&catekkk=): [MissingHeaderBodySeparatorDefect()], unparsed data: 'Server : Wow 3.8\r\nDate: Wed, 25 Jan 2023 08:23:40 GMT\r\nContent-Type: text/html\r\nContent-Length: 41651\r\nConnection: keep-alive\r\nCache-Control: private\r\nSet-Cookie: ASPSESSIONIDCQCCTTTB=PKHHBIKDEOMGKEMCKLFIFOIN; path=/\r\nX-Frame-Options: SAMEORIGIN\r\n\r\n'
Traceback (most recent call last):
  File "/Users/yeon/Library/Python/3.9/lib/python/site-packages/urllib3/connectionpool.py", line 469, in _make_request
    assert_header_parsing(httplib_response.msg)
  File "/Users/yeon/Library/Python/3.9/lib/python/site-packages/urllib3/util/response.py", line 91, in assert_header_parsing
    raise HeaderParsingError(defects=defects, unparsed_data=unparsed_data)
urllib3.exceptions.HeaderParsingError: [MissingHeaderBodySeparatorDefect()], unparsed data: 'Server : Wow 3.8\r\nDate: Wed, 25 Jan 2023 08:23:40 GMT\r\nContent-Type: text/html\r\nContent-Length: 41651\r\nConnection: keep-alive\r\nCache-Control: private\r\nSet-Cookie: ASPSESSIONIDCQCCTTTB=PKHHBIKDEOMGKEMCKLFIFOIN; path=/\r\nX-Frame-Options: SAMEORIGIN\r\n\r\n'
2023-01-25 17:23:40,491 - WARNING - Failed to parse headers (url=https://www.sscmc.or.kr:443/info/notice/list.asp?db=BBS_notice&pageno=1&startpage=1&where=&keyfield=&keyword=&catekkk=): [MissingHeaderBodySeparatorDefect()], unparsed data: 'Server : Wow 3.8\r\nDate: Wed, 25 Jan 2023 08:23:40 GMT\r\nContent-Type: text/html\r\nContent-Length: 41651\r\nConnection: keep-alive\r\nCache-Control: private\r\nSet-Cookie: ASPSESSIONIDCQCCTTTB=PKHHBIKDEOMGKEMCKLFIFOIN; path=/\r\nX-Frame-Options: SAMEORIGIN\r\n\r\n'
Traceback (most recent call last):
  File "/Users/yeon/Library/Python/3.9/lib/python/site-packages/urllib3/connectionpool.py", line 469, in _make_request
    assert_header_parsing(httplib_response.msg)
  File "/Users/yeon/Library/Python/3.9/lib/python/site-packages/urllib3/util/response.py", line 91, in assert_header_parsing
    raise HeaderParsingError(defects=defects, unparsed_data=unparsed_data)
urllib3.exceptions.HeaderParsingError: [MissingHeaderBodySeparatorDefect()], unparsed data: 'Server : Wow 3.8\r\nDate: Wed, 25 Jan 2023 08:23:40 GMT\r\nContent-Type: text/html\r\nContent-Length: 41651\r\nConnection: keep-alive\r\nCache-Control: private\r\nSet-Cookie: ASPSESSIONIDCQCCTTTB=PKHHBIKDEOMGKEMCKLFIFOIN; path=/\r\nX-Frame-Options: SAMEORIGIN\r\n\r\n'
2023-01-25 17:24:55,985 - INFO - SEODAEMUN
2023-01-25 17:24:55,985 - INFO - SEODAEMUN
2023-01-25 17:24:55,985 - INFO - SEODAEMUN
2023-01-25 17:24:55,985 - INFO - SEODAEMUN
2023-01-25 17:24:55,985 - INFO - SEODAEMUN
2023-01-25 17:24:55,985 - INFO - SEODAEMUN
