2023-01-18 08:56:36,638 - INFO - JUNGNANG
2023-01-18 09:01:56,499 - INFO - JUNGNANG
2023-01-18 09:01:57,909 - WARNING - Failed to parse headers (url=https://www.jungnang.go.kr:443/portal/bbs/list/B0000002.do?searchCnd=&searchWrd=&gubun=&delCode=0&useAt=&replyAt=&menuNo=200473&sdate=&edate=&deptId=&deptName=&popupYn=&dept=&dong=&option1=&viewType=&searchCnd2=&pageIndex=1): [FirstHeaderLineIsContinuationDefect(' X-Content-Type-Options: nosniff\r\n')], unparsed data: ''
Traceback (most recent call last):
  File "/Users/yeon/Library/Python/3.9/lib/python/site-packages/urllib3/connectionpool.py", line 469, in _make_request
    assert_header_parsing(httplib_response.msg)
  File "/Users/yeon/Library/Python/3.9/lib/python/site-packages/urllib3/util/response.py", line 91, in assert_header_parsing
    raise HeaderParsingError(defects=defects, unparsed_data=unparsed_data)
urllib3.exceptions.HeaderParsingError: [FirstHeaderLineIsContinuationDefect(' X-Content-Type-Options: nosniff\r\n')], unparsed data: ''
2023-01-18 09:02:01,397 - INFO - JUNGNANG
2023-01-18 09:02:01,397 - INFO - JUNGNANG
2023-01-18 09:02:09,928 - INFO - YONGSAN
2023-01-18 09:02:09,928 - INFO - YONGSAN
2023-01-18 09:02:09,928 - INFO - YONGSAN
2023-01-18 09:02:14,017 - INFO - YONGSAN
2023-01-18 09:02:14,017 - INFO - YONGSAN
2023-01-18 09:02:14,017 - INFO - YONGSAN
2023-01-18 09:02:14,017 - INFO - YONGSAN
2023-01-18 09:02:15,715 - INFO - YONGSAN
2023-01-18 09:02:15,715 - INFO - YONGSAN
2023-01-18 09:02:15,715 - INFO - YONGSAN
2023-01-18 09:02:15,715 - INFO - YONGSAN
2023-01-18 09:02:15,715 - INFO - YONGSAN
2023-01-18 09:02:17,454 - INFO - GANGNAM
2023-01-18 09:02:17,454 - INFO - GANGNAM
2023-01-18 09:02:17,454 - INFO - GANGNAM
2023-01-18 09:02:17,454 - INFO - GANGNAM
2023-01-18 09:02:17,454 - INFO - GANGNAM
2023-01-18 09:02:17,454 - INFO - GANGNAM
2023-01-18 09:02:31,206 - INFO - GANGNAM
2023-01-18 09:02:31,206 - INFO - GANGNAM
2023-01-18 09:02:31,206 - INFO - GANGNAM
2023-01-18 09:02:31,206 - INFO - GANGNAM
2023-01-18 09:02:31,206 - INFO - GANGNAM
2023-01-18 09:02:31,206 - INFO - GANGNAM
2023-01-18 09:02:31,206 - INFO - GANGNAM
2023-01-18 09:02:33,006 - INFO - GANGDONG
2023-01-18 09:02:33,006 - INFO - GANGDONG
2023-01-18 09:02:33,006 - INFO - GANGDONG
2023-01-18 09:02:33,006 - INFO - GANGDONG
2023-01-18 09:02:33,006 - INFO - GANGDONG
2023-01-18 09:02:33,006 - INFO - GANGDONG
2023-01-18 09:02:33,006 - INFO - GANGDONG
2023-01-18 09:02:33,006 - INFO - GANGDONG
2023-01-18 09:02:39,098 - INFO - GURO
2023-01-18 09:02:39,098 - INFO - GURO
2023-01-18 09:02:39,098 - INFO - GURO
2023-01-18 09:02:39,098 - INFO - GURO
2023-01-18 09:02:39,098 - INFO - GURO
2023-01-18 09:02:39,098 - INFO - GURO
2023-01-18 09:02:39,098 - INFO - GURO
2023-01-18 09:02:39,098 - INFO - GURO
2023-01-18 09:02:39,098 - INFO - GURO
2023-01-18 09:02:45,922 - INFO - GURO
2023-01-18 09:02:45,922 - INFO - GURO
2023-01-18 09:02:45,922 - INFO - GURO
2023-01-18 09:02:45,922 - INFO - GURO
2023-01-18 09:02:45,922 - INFO - GURO
2023-01-18 09:02:45,922 - INFO - GURO
2023-01-18 09:02:45,922 - INFO - GURO
2023-01-18 09:02:45,922 - INFO - GURO
2023-01-18 09:02:45,922 - INFO - GURO
2023-01-18 09:02:45,922 - INFO - GURO
2023-01-18 09:02:55,184 - INFO - GANGSEO
2023-01-18 09:02:55,184 - INFO - GANGSEO
2023-01-18 09:02:55,184 - INFO - GANGSEO
2023-01-18 09:02:55,184 - INFO - GANGSEO
2023-01-18 09:02:55,184 - INFO - GANGSEO
2023-01-18 09:02:55,184 - INFO - GANGSEO
2023-01-18 09:02:55,184 - INFO - GANGSEO
2023-01-18 09:02:55,184 - INFO - GANGSEO
2023-01-18 09:02:55,184 - INFO - GANGSEO
2023-01-18 09:02:55,184 - INFO - GANGSEO
2023-01-18 09:02:55,184 - INFO - GANGSEO
2023-01-18 09:02:59,361 - INFO - GANGSEO
2023-01-18 09:02:59,361 - INFO - GANGSEO
2023-01-18 09:02:59,361 - INFO - GANGSEO
2023-01-18 09:02:59,361 - INFO - GANGSEO
2023-01-18 09:02:59,361 - INFO - GANGSEO
2023-01-18 09:02:59,361 - INFO - GANGSEO
2023-01-18 09:02:59,361 - INFO - GANGSEO
2023-01-18 09:02:59,361 - INFO - GANGSEO
2023-01-18 09:02:59,361 - INFO - GANGSEO
2023-01-18 09:02:59,361 - INFO - GANGSEO
2023-01-18 09:02:59,361 - INFO - GANGSEO
2023-01-18 09:02:59,361 - INFO - GANGSEO
2023-01-18 09:03:01,158 - INFO - GANGDONG
2023-01-18 09:03:01,158 - INFO - GANGDONG
2023-01-18 09:03:01,158 - INFO - GANGDONG
2023-01-18 09:03:01,158 - INFO - GANGDONG
2023-01-18 09:03:01,158 - INFO - GANGDONG
2023-01-18 09:03:01,158 - INFO - GANGDONG
2023-01-18 09:03:01,158 - INFO - GANGDONG
2023-01-18 09:03:01,158 - INFO - GANGDONG
2023-01-18 09:03:01,158 - INFO - GANGDONG
2023-01-18 09:03:01,158 - INFO - GANGDONG
2023-01-18 09:03:01,158 - INFO - GANGDONG
2023-01-18 09:03:01,158 - INFO - GANGDONG
2023-01-18 09:03:01,158 - INFO - GANGDONG
2023-01-18 09:03:11,447 - INFO - GANGDONG
2023-01-18 09:03:11,447 - INFO - GANGDONG
2023-01-18 09:03:11,447 - INFO - GANGDONG
2023-01-18 09:03:11,447 - INFO - GANGDONG
2023-01-18 09:03:11,447 - INFO - GANGDONG
2023-01-18 09:03:11,447 - INFO - GANGDONG
2023-01-18 09:03:11,447 - INFO - GANGDONG
2023-01-18 09:03:11,447 - INFO - GANGDONG
2023-01-18 09:03:11,447 - INFO - GANGDONG
2023-01-18 09:03:11,447 - INFO - GANGDONG
2023-01-18 09:03:11,447 - INFO - GANGDONG
2023-01-18 09:03:11,447 - INFO - GANGDONG
2023-01-18 09:03:11,447 - INFO - GANGDONG
2023-01-18 09:03:11,447 - INFO - GANGDONG
2023-01-18 09:03:13,254 - INFO - GANGDONG
2023-01-18 09:03:13,254 - INFO - GANGDONG
2023-01-18 09:03:13,254 - INFO - GANGDONG
2023-01-18 09:03:13,254 - INFO - GANGDONG
2023-01-18 09:03:13,254 - INFO - GANGDONG
2023-01-18 09:03:13,254 - INFO - GANGDONG
2023-01-18 09:03:13,254 - INFO - GANGDONG
2023-01-18 09:03:13,254 - INFO - GANGDONG
2023-01-18 09:03:13,254 - INFO - GANGDONG
2023-01-18 09:03:13,254 - INFO - GANGDONG
2023-01-18 09:03:13,254 - INFO - GANGDONG
2023-01-18 09:03:13,254 - INFO - GANGDONG
2023-01-18 09:03:13,254 - INFO - GANGDONG
2023-01-18 09:03:13,254 - INFO - GANGDONG
2023-01-18 09:03:13,254 - INFO - GANGDONG
2023-01-18 09:03:23,501 - INFO - DOBONG
2023-01-18 09:03:23,501 - INFO - DOBONG
2023-01-18 09:03:23,501 - INFO - DOBONG
2023-01-18 09:03:23,501 - INFO - DOBONG
2023-01-18 09:03:23,501 - INFO - DOBONG
2023-01-18 09:03:23,501 - INFO - DOBONG
2023-01-18 09:03:23,501 - INFO - DOBONG
2023-01-18 09:03:23,501 - INFO - DOBONG
2023-01-18 09:03:23,501 - INFO - DOBONG
2023-01-18 09:03:23,501 - INFO - DOBONG
2023-01-18 09:03:23,501 - INFO - DOBONG
2023-01-18 09:03:23,501 - INFO - DOBONG
2023-01-18 09:03:23,501 - INFO - DOBONG
2023-01-18 09:03:23,501 - INFO - DOBONG
2023-01-18 09:03:23,501 - INFO - DOBONG
2023-01-18 09:03:23,501 - INFO - DOBONG
2023-01-18 09:03:26,662 - INFO - DOBONG
2023-01-18 09:03:26,662 - INFO - DOBONG
2023-01-18 09:03:26,662 - INFO - DOBONG
2023-01-18 09:03:26,662 - INFO - DOBONG
2023-01-18 09:03:26,662 - INFO - DOBONG
2023-01-18 09:03:26,662 - INFO - DOBONG
2023-01-18 09:03:26,662 - INFO - DOBONG
2023-01-18 09:03:26,662 - INFO - DOBONG
2023-01-18 09:03:26,662 - INFO - DOBONG
2023-01-18 09:03:26,662 - INFO - DOBONG
2023-01-18 09:03:26,662 - INFO - DOBONG
2023-01-18 09:03:26,662 - INFO - DOBONG
2023-01-18 09:03:26,662 - INFO - DOBONG
2023-01-18 09:03:26,662 - INFO - DOBONG
2023-01-18 09:03:26,662 - INFO - DOBONG
2023-01-18 09:03:26,662 - INFO - DOBONG
2023-01-18 09:03:26,662 - INFO - DOBONG
2023-01-18 09:03:28,004 - INFO - GANGBUK
2023-01-18 09:03:28,004 - INFO - GANGBUK
2023-01-18 09:03:28,004 - INFO - GANGBUK
2023-01-18 09:03:28,004 - INFO - GANGBUK
2023-01-18 09:03:28,004 - INFO - GANGBUK
2023-01-18 09:03:28,004 - INFO - GANGBUK
2023-01-18 09:03:28,004 - INFO - GANGBUK
2023-01-18 09:03:28,004 - INFO - GANGBUK
2023-01-18 09:03:28,004 - INFO - GANGBUK
2023-01-18 09:03:28,004 - INFO - GANGBUK
2023-01-18 09:03:28,004 - INFO - GANGBUK
2023-01-18 09:03:28,004 - INFO - GANGBUK
2023-01-18 09:03:28,004 - INFO - GANGBUK
2023-01-18 09:03:28,004 - INFO - GANGBUK
2023-01-18 09:03:28,004 - INFO - GANGBUK
2023-01-18 09:03:28,004 - INFO - GANGBUK
2023-01-18 09:03:28,004 - INFO - GANGBUK
2023-01-18 09:03:28,004 - INFO - GANGBUK
2023-01-18 09:03:38,548 - INFO - GANGBUK
2023-01-18 09:03:38,548 - INFO - GANGBUK
2023-01-18 09:03:38,548 - INFO - GANGBUK
2023-01-18 09:03:38,548 - INFO - GANGBUK
2023-01-18 09:03:38,548 - INFO - GANGBUK
2023-01-18 09:03:38,548 - INFO - GANGBUK
2023-01-18 09:03:38,548 - INFO - GANGBUK
2023-01-18 09:03:38,548 - INFO - GANGBUK
2023-01-18 09:03:38,548 - INFO - GANGBUK
2023-01-18 09:03:38,548 - INFO - GANGBUK
2023-01-18 09:03:38,548 - INFO - GANGBUK
2023-01-18 09:03:38,548 - INFO - GANGBUK
2023-01-18 09:03:38,548 - INFO - GANGBUK
2023-01-18 09:03:38,548 - INFO - GANGBUK
2023-01-18 09:03:38,548 - INFO - GANGBUK
2023-01-18 09:03:38,548 - INFO - GANGBUK
2023-01-18 09:03:38,548 - INFO - GANGBUK
2023-01-18 09:03:38,548 - INFO - GANGBUK
2023-01-18 09:03:38,548 - INFO - GANGBUK
2023-01-18 09:03:48,839 - INFO - DONGDAEMUN
2023-01-18 09:03:48,839 - INFO - DONGDAEMUN
2023-01-18 09:03:48,839 - INFO - DONGDAEMUN
2023-01-18 09:03:48,839 - INFO - DONGDAEMUN
2023-01-18 09:03:48,839 - INFO - DONGDAEMUN
2023-01-18 09:03:48,839 - INFO - DONGDAEMUN
2023-01-18 09:03:48,839 - INFO - DONGDAEMUN
2023-01-18 09:03:48,839 - INFO - DONGDAEMUN
2023-01-18 09:03:48,839 - INFO - DONGDAEMUN
2023-01-18 09:03:48,839 - INFO - DONGDAEMUN
2023-01-18 09:03:48,839 - INFO - DONGDAEMUN
2023-01-18 09:03:48,839 - INFO - DONGDAEMUN
2023-01-18 09:03:48,839 - INFO - DONGDAEMUN
2023-01-18 09:03:48,839 - INFO - DONGDAEMUN
2023-01-18 09:03:48,839 - INFO - DONGDAEMUN
2023-01-18 09:03:48,839 - INFO - DONGDAEMUN
2023-01-18 09:03:48,839 - INFO - DONGDAEMUN
2023-01-18 09:03:48,839 - INFO - DONGDAEMUN
2023-01-18 09:03:48,839 - INFO - DONGDAEMUN
2023-01-18 09:03:48,839 - INFO - DONGDAEMUN
2023-01-18 09:03:51,350 - INFO - DONGDAEMUN
2023-01-18 09:03:51,350 - INFO - DONGDAEMUN
2023-01-18 09:03:51,350 - INFO - DONGDAEMUN
2023-01-18 09:03:51,350 - INFO - DONGDAEMUN
2023-01-18 09:03:51,350 - INFO - DONGDAEMUN
2023-01-18 09:03:51,350 - INFO - DONGDAEMUN
2023-01-18 09:03:51,350 - INFO - DONGDAEMUN
2023-01-18 09:03:51,350 - INFO - DONGDAEMUN
2023-01-18 09:03:51,350 - INFO - DONGDAEMUN
2023-01-18 09:03:51,350 - INFO - DONGDAEMUN
2023-01-18 09:03:51,350 - INFO - DONGDAEMUN
2023-01-18 09:03:51,350 - INFO - DONGDAEMUN
2023-01-18 09:03:51,350 - INFO - DONGDAEMUN
2023-01-18 09:03:51,350 - INFO - DONGDAEMUN
2023-01-18 09:03:51,350 - INFO - DONGDAEMUN
2023-01-18 09:03:51,350 - INFO - DONGDAEMUN
2023-01-18 09:03:51,350 - INFO - DONGDAEMUN
2023-01-18 09:03:51,350 - INFO - DONGDAEMUN
2023-01-18 09:03:51,350 - INFO - DONGDAEMUN
2023-01-18 09:03:51,350 - INFO - DONGDAEMUN
2023-01-18 09:03:51,350 - INFO - DONGDAEMUN
2023-01-18 09:03:53,696 - INFO - DONGDAEMUN
2023-01-18 09:03:53,696 - INFO - DONGDAEMUN
2023-01-18 09:03:53,696 - INFO - DONGDAEMUN
2023-01-18 09:03:53,696 - INFO - DONGDAEMUN
2023-01-18 09:03:53,696 - INFO - DONGDAEMUN
2023-01-18 09:03:53,696 - INFO - DONGDAEMUN
2023-01-18 09:03:53,696 - INFO - DONGDAEMUN
2023-01-18 09:03:53,696 - INFO - DONGDAEMUN
2023-01-18 09:03:53,696 - INFO - DONGDAEMUN
2023-01-18 09:03:53,696 - INFO - DONGDAEMUN
2023-01-18 09:03:53,696 - INFO - DONGDAEMUN
2023-01-18 09:03:53,696 - INFO - DONGDAEMUN
2023-01-18 09:03:53,696 - INFO - DONGDAEMUN
2023-01-18 09:03:53,696 - INFO - DONGDAEMUN
2023-01-18 09:03:53,696 - INFO - DONGDAEMUN
2023-01-18 09:03:53,696 - INFO - DONGDAEMUN
2023-01-18 09:03:53,696 - INFO - DONGDAEMUN
2023-01-18 09:03:53,696 - INFO - DONGDAEMUN
2023-01-18 09:03:53,696 - INFO - DONGDAEMUN
2023-01-18 09:03:53,696 - INFO - DONGDAEMUN
2023-01-18 09:03:53,696 - INFO - DONGDAEMUN
2023-01-18 09:03:53,696 - INFO - DONGDAEMUN
2023-01-18 09:03:55,049 - INFO - DONGJAK
2023-01-18 09:03:55,049 - INFO - DONGJAK
2023-01-18 09:03:55,049 - INFO - DONGJAK
2023-01-18 09:03:55,049 - INFO - DONGJAK
2023-01-18 09:03:55,049 - INFO - DONGJAK
2023-01-18 09:03:55,049 - INFO - DONGJAK
2023-01-18 09:03:55,049 - INFO - DONGJAK
2023-01-18 09:03:55,049 - INFO - DONGJAK
2023-01-18 09:03:55,049 - INFO - DONGJAK
2023-01-18 09:03:55,049 - INFO - DONGJAK
2023-01-18 09:03:55,049 - INFO - DONGJAK
2023-01-18 09:03:55,049 - INFO - DONGJAK
2023-01-18 09:03:55,049 - INFO - DONGJAK
2023-01-18 09:03:55,049 - INFO - DONGJAK
2023-01-18 09:03:55,049 - INFO - DONGJAK
2023-01-18 09:03:55,049 - INFO - DONGJAK
2023-01-18 09:03:55,049 - INFO - DONGJAK
2023-01-18 09:03:55,049 - INFO - DONGJAK
2023-01-18 09:03:55,049 - INFO - DONGJAK
2023-01-18 09:03:55,049 - INFO - DONGJAK
2023-01-18 09:03:55,049 - INFO - DONGJAK
2023-01-18 09:03:55,049 - INFO - DONGJAK
2023-01-18 09:03:55,049 - INFO - DONGJAK
2023-01-18 09:04:00,966 - INFO - DONGJAK
2023-01-18 09:04:00,966 - INFO - DONGJAK
2023-01-18 09:04:00,966 - INFO - DONGJAK
2023-01-18 09:04:00,966 - INFO - DONGJAK
2023-01-18 09:04:00,966 - INFO - DONGJAK
2023-01-18 09:04:00,966 - INFO - DONGJAK
2023-01-18 09:04:00,966 - INFO - DONGJAK
2023-01-18 09:04:00,966 - INFO - DONGJAK
2023-01-18 09:04:00,966 - INFO - DONGJAK
2023-01-18 09:04:00,966 - INFO - DONGJAK
2023-01-18 09:04:00,966 - INFO - DONGJAK
2023-01-18 09:04:00,966 - INFO - DONGJAK
2023-01-18 09:04:00,966 - INFO - DONGJAK
2023-01-18 09:04:00,966 - INFO - DONGJAK
2023-01-18 09:04:00,966 - INFO - DONGJAK
2023-01-18 09:04:00,966 - INFO - DONGJAK
2023-01-18 09:04:00,966 - INFO - DONGJAK
2023-01-18 09:04:00,966 - INFO - DONGJAK
2023-01-18 09:04:00,966 - INFO - DONGJAK
2023-01-18 09:04:00,966 - INFO - DONGJAK
2023-01-18 09:04:00,966 - INFO - DONGJAK
2023-01-18 09:04:00,966 - INFO - DONGJAK
2023-01-18 09:04:00,966 - INFO - DONGJAK
2023-01-18 09:04:00,966 - INFO - DONGJAK
2023-01-18 09:04:14,342 - INFO - GEUAMCHEOUN
2023-01-18 09:04:14,342 - INFO - GEUAMCHEOUN
2023-01-18 09:04:14,342 - INFO - GEUAMCHEOUN
2023-01-18 09:04:14,342 - INFO - GEUAMCHEOUN
2023-01-18 09:04:14,342 - INFO - GEUAMCHEOUN
2023-01-18 09:04:14,342 - INFO - GEUAMCHEOUN
2023-01-18 09:04:14,342 - INFO - GEUAMCHEOUN
2023-01-18 09:04:14,342 - INFO - GEUAMCHEOUN
2023-01-18 09:04:14,342 - INFO - GEUAMCHEOUN
2023-01-18 09:04:14,342 - INFO - GEUAMCHEOUN
2023-01-18 09:04:14,342 - INFO - GEUAMCHEOUN
2023-01-18 09:04:14,342 - INFO - GEUAMCHEOUN
2023-01-18 09:04:14,342 - INFO - GEUAMCHEOUN
2023-01-18 09:04:14,342 - INFO - GEUAMCHEOUN
2023-01-18 09:04:14,342 - INFO - GEUAMCHEOUN
2023-01-18 09:04:14,342 - INFO - GEUAMCHEOUN
2023-01-18 09:04:14,342 - INFO - GEUAMCHEOUN
2023-01-18 09:04:14,342 - INFO - GEUAMCHEOUN
2023-01-18 09:04:14,342 - INFO - GEUAMCHEOUN
2023-01-18 09:04:14,342 - INFO - GEUAMCHEOUN
2023-01-18 09:04:14,342 - INFO - GEUAMCHEOUN
2023-01-18 09:04:14,342 - INFO - GEUAMCHEOUN
2023-01-18 09:04:14,342 - INFO - GEUAMCHEOUN
2023-01-18 09:04:14,342 - INFO - GEUAMCHEOUN
2023-01-18 09:04:14,342 - INFO - GEUAMCHEOUN
2023-01-18 09:04:17,587 - INFO - GEUAMCHEOUN
2023-01-18 09:04:17,587 - INFO - GEUAMCHEOUN
2023-01-18 09:04:17,587 - INFO - GEUAMCHEOUN
2023-01-18 09:04:17,587 - INFO - GEUAMCHEOUN
2023-01-18 09:04:17,587 - INFO - GEUAMCHEOUN
2023-01-18 09:04:17,587 - INFO - GEUAMCHEOUN
2023-01-18 09:04:17,587 - INFO - GEUAMCHEOUN
2023-01-18 09:04:17,587 - INFO - GEUAMCHEOUN
2023-01-18 09:04:17,587 - INFO - GEUAMCHEOUN
2023-01-18 09:04:17,587 - INFO - GEUAMCHEOUN
2023-01-18 09:04:17,587 - INFO - GEUAMCHEOUN
2023-01-18 09:04:17,587 - INFO - GEUAMCHEOUN
2023-01-18 09:04:17,587 - INFO - GEUAMCHEOUN
2023-01-18 09:04:17,587 - INFO - GEUAMCHEOUN
2023-01-18 09:04:17,587 - INFO - GEUAMCHEOUN
2023-01-18 09:04:17,587 - INFO - GEUAMCHEOUN
2023-01-18 09:04:17,587 - INFO - GEUAMCHEOUN
2023-01-18 09:04:17,587 - INFO - GEUAMCHEOUN
2023-01-18 09:04:17,587 - INFO - GEUAMCHEOUN
2023-01-18 09:04:17,587 - INFO - GEUAMCHEOUN
2023-01-18 09:04:17,587 - INFO - GEUAMCHEOUN
2023-01-18 09:04:17,587 - INFO - GEUAMCHEOUN
2023-01-18 09:04:17,587 - INFO - GEUAMCHEOUN
2023-01-18 09:04:17,587 - INFO - GEUAMCHEOUN
2023-01-18 09:04:17,587 - INFO - GEUAMCHEOUN
2023-01-18 09:04:17,587 - INFO - GEUAMCHEOUN
2023-01-18 09:04:18,886 - INFO - GWANAK
2023-01-18 09:04:18,886 - INFO - GWANAK
2023-01-18 09:04:18,886 - INFO - GWANAK
2023-01-18 09:04:18,886 - INFO - GWANAK
2023-01-18 09:04:18,886 - INFO - GWANAK
2023-01-18 09:04:18,886 - INFO - GWANAK
2023-01-18 09:04:18,886 - INFO - GWANAK
2023-01-18 09:04:18,886 - INFO - GWANAK
2023-01-18 09:04:18,886 - INFO - GWANAK
2023-01-18 09:04:18,886 - INFO - GWANAK
2023-01-18 09:04:18,886 - INFO - GWANAK
2023-01-18 09:04:18,886 - INFO - GWANAK
2023-01-18 09:04:18,886 - INFO - GWANAK
2023-01-18 09:04:18,886 - INFO - GWANAK
2023-01-18 09:04:18,886 - INFO - GWANAK
2023-01-18 09:04:18,886 - INFO - GWANAK
2023-01-18 09:04:18,886 - INFO - GWANAK
2023-01-18 09:04:18,886 - INFO - GWANAK
2023-01-18 09:04:18,886 - INFO - GWANAK
2023-01-18 09:04:18,886 - INFO - GWANAK
2023-01-18 09:04:18,886 - INFO - GWANAK
2023-01-18 09:04:18,886 - INFO - GWANAK
2023-01-18 09:04:18,886 - INFO - GWANAK
2023-01-18 09:04:18,886 - INFO - GWANAK
2023-01-18 09:04:18,886 - INFO - GWANAK
2023-01-18 09:04:18,886 - INFO - GWANAK
2023-01-18 09:04:18,886 - INFO - GWANAK
2023-01-18 09:04:31,439 - INFO - GWANAK
2023-01-18 09:04:31,439 - INFO - GWANAK
2023-01-18 09:04:31,439 - INFO - GWANAK
2023-01-18 09:04:31,439 - INFO - GWANAK
2023-01-18 09:04:31,439 - INFO - GWANAK
2023-01-18 09:04:31,439 - INFO - GWANAK
2023-01-18 09:04:31,439 - INFO - GWANAK
2023-01-18 09:04:31,439 - INFO - GWANAK
2023-01-18 09:04:31,439 - INFO - GWANAK
2023-01-18 09:04:31,439 - INFO - GWANAK
2023-01-18 09:04:31,439 - INFO - GWANAK
2023-01-18 09:04:31,439 - INFO - GWANAK
2023-01-18 09:04:31,439 - INFO - GWANAK
2023-01-18 09:04:31,439 - INFO - GWANAK
2023-01-18 09:04:31,439 - INFO - GWANAK
2023-01-18 09:04:31,439 - INFO - GWANAK
2023-01-18 09:04:31,439 - INFO - GWANAK
2023-01-18 09:04:31,439 - INFO - GWANAK
2023-01-18 09:04:31,439 - INFO - GWANAK
2023-01-18 09:04:31,439 - INFO - GWANAK
2023-01-18 09:04:31,439 - INFO - GWANAK
2023-01-18 09:04:31,439 - INFO - GWANAK
2023-01-18 09:04:31,439 - INFO - GWANAK
2023-01-18 09:04:31,439 - INFO - GWANAK
2023-01-18 09:04:31,439 - INFO - GWANAK
2023-01-18 09:04:31,439 - INFO - GWANAK
2023-01-18 09:04:31,439 - INFO - GWANAK
2023-01-18 09:04:31,439 - INFO - GWANAK
2023-01-18 09:05:16,168 - INFO - SEONGDONG
2023-01-18 09:05:16,168 - INFO - SEONGDONG
2023-01-18 09:05:16,168 - INFO - SEONGDONG
2023-01-18 09:05:16,168 - INFO - SEONGDONG
2023-01-18 09:05:16,168 - INFO - SEONGDONG
2023-01-18 09:05:16,168 - INFO - SEONGDONG
2023-01-18 09:05:16,168 - INFO - SEONGDONG
2023-01-18 09:05:16,168 - INFO - SEONGDONG
2023-01-18 09:05:16,168 - INFO - SEONGDONG
2023-01-18 09:05:16,168 - INFO - SEONGDONG
2023-01-18 09:05:16,168 - INFO - SEONGDONG
2023-01-18 09:05:16,168 - INFO - SEONGDONG
2023-01-18 09:05:16,168 - INFO - SEONGDONG
2023-01-18 09:05:16,168 - INFO - SEONGDONG
2023-01-18 09:05:16,168 - INFO - SEONGDONG
2023-01-18 09:05:16,168 - INFO - SEONGDONG
2023-01-18 09:05:16,168 - INFO - SEONGDONG
2023-01-18 09:05:16,168 - INFO - SEONGDONG
2023-01-18 09:05:16,168 - INFO - SEONGDONG
2023-01-18 09:05:16,168 - INFO - SEONGDONG
2023-01-18 09:05:16,168 - INFO - SEONGDONG
2023-01-18 09:05:16,168 - INFO - SEONGDONG
2023-01-18 09:05:16,168 - INFO - SEONGDONG
2023-01-18 09:05:16,168 - INFO - SEONGDONG
2023-01-18 09:05:16,168 - INFO - SEONGDONG
2023-01-18 09:05:16,168 - INFO - SEONGDONG
2023-01-18 09:05:16,168 - INFO - SEONGDONG
2023-01-18 09:05:16,168 - INFO - SEONGDONG
2023-01-18 09:05:16,168 - INFO - SEONGDONG
2023-01-18 09:05:24,964 - INFO - EUNPYENG
2023-01-18 09:05:24,964 - INFO - EUNPYENG
2023-01-18 09:05:24,964 - INFO - EUNPYENG
2023-01-18 09:05:24,964 - INFO - EUNPYENG
2023-01-18 09:05:24,964 - INFO - EUNPYENG
2023-01-18 09:05:24,964 - INFO - EUNPYENG
2023-01-18 09:05:24,964 - INFO - EUNPYENG
2023-01-18 09:05:24,964 - INFO - EUNPYENG
2023-01-18 09:05:24,964 - INFO - EUNPYENG
2023-01-18 09:05:24,964 - INFO - EUNPYENG
2023-01-18 09:05:24,964 - INFO - EUNPYENG
2023-01-18 09:05:24,964 - INFO - EUNPYENG
2023-01-18 09:05:24,964 - INFO - EUNPYENG
2023-01-18 09:05:24,964 - INFO - EUNPYENG
2023-01-18 09:05:24,964 - INFO - EUNPYENG
2023-01-18 09:05:24,964 - INFO - EUNPYENG
2023-01-18 09:05:24,964 - INFO - EUNPYENG
2023-01-18 09:05:24,964 - INFO - EUNPYENG
2023-01-18 09:05:24,964 - INFO - EUNPYENG
2023-01-18 09:05:24,964 - INFO - EUNPYENG
2023-01-18 09:05:24,964 - INFO - EUNPYENG
2023-01-18 09:05:24,964 - INFO - EUNPYENG
2023-01-18 09:05:24,964 - INFO - EUNPYENG
2023-01-18 09:05:24,964 - INFO - EUNPYENG
2023-01-18 09:05:24,964 - INFO - EUNPYENG
2023-01-18 09:05:24,964 - INFO - EUNPYENG
2023-01-18 09:05:24,964 - INFO - EUNPYENG
2023-01-18 09:05:24,964 - INFO - EUNPYENG
2023-01-18 09:05:24,964 - INFO - EUNPYENG
2023-01-18 09:05:24,964 - INFO - EUNPYENG
2023-01-18 09:05:26,963 - INFO - EUNPYENG
2023-01-18 09:05:26,963 - INFO - EUNPYENG
2023-01-18 09:05:26,963 - INFO - EUNPYENG
2023-01-18 09:05:26,963 - INFO - EUNPYENG
2023-01-18 09:05:26,963 - INFO - EUNPYENG
2023-01-18 09:05:26,963 - INFO - EUNPYENG
2023-01-18 09:05:26,963 - INFO - EUNPYENG
2023-01-18 09:05:26,963 - INFO - EUNPYENG
2023-01-18 09:05:26,963 - INFO - EUNPYENG
2023-01-18 09:05:26,963 - INFO - EUNPYENG
2023-01-18 09:05:26,963 - INFO - EUNPYENG
2023-01-18 09:05:26,963 - INFO - EUNPYENG
2023-01-18 09:05:26,963 - INFO - EUNPYENG
2023-01-18 09:05:26,963 - INFO - EUNPYENG
2023-01-18 09:05:26,963 - INFO - EUNPYENG
2023-01-18 09:05:26,963 - INFO - EUNPYENG
2023-01-18 09:05:26,963 - INFO - EUNPYENG
2023-01-18 09:05:26,963 - INFO - EUNPYENG
2023-01-18 09:05:26,963 - INFO - EUNPYENG
2023-01-18 09:05:26,963 - INFO - EUNPYENG
2023-01-18 09:05:26,963 - INFO - EUNPYENG
2023-01-18 09:05:26,963 - INFO - EUNPYENG
2023-01-18 09:05:26,963 - INFO - EUNPYENG
2023-01-18 09:05:26,963 - INFO - EUNPYENG
2023-01-18 09:05:26,963 - INFO - EUNPYENG
2023-01-18 09:05:26,963 - INFO - EUNPYENG
2023-01-18 09:05:26,963 - INFO - EUNPYENG
2023-01-18 09:05:26,963 - INFO - EUNPYENG
2023-01-18 09:05:26,963 - INFO - EUNPYENG
2023-01-18 09:05:26,963 - INFO - EUNPYENG
2023-01-18 09:05:26,963 - INFO - EUNPYENG
2023-01-18 09:05:47,867 - INFO - EUNPYENG
2023-01-18 09:05:47,867 - INFO - EUNPYENG
2023-01-18 09:05:47,867 - INFO - EUNPYENG
2023-01-18 09:05:47,867 - INFO - EUNPYENG
2023-01-18 09:05:47,867 - INFO - EUNPYENG
2023-01-18 09:05:47,867 - INFO - EUNPYENG
2023-01-18 09:05:47,867 - INFO - EUNPYENG
2023-01-18 09:05:47,867 - INFO - EUNPYENG
2023-01-18 09:05:47,867 - INFO - EUNPYENG
2023-01-18 09:05:47,867 - INFO - EUNPYENG
2023-01-18 09:05:47,867 - INFO - EUNPYENG
2023-01-18 09:05:47,867 - INFO - EUNPYENG
2023-01-18 09:05:47,867 - INFO - EUNPYENG
2023-01-18 09:05:47,867 - INFO - EUNPYENG
2023-01-18 09:05:47,867 - INFO - EUNPYENG
2023-01-18 09:05:47,867 - INFO - EUNPYENG
2023-01-18 09:05:47,867 - INFO - EUNPYENG
2023-01-18 09:05:47,867 - INFO - EUNPYENG
2023-01-18 09:05:47,867 - INFO - EUNPYENG
2023-01-18 09:05:47,867 - INFO - EUNPYENG
2023-01-18 09:05:47,867 - INFO - EUNPYENG
2023-01-18 09:05:47,867 - INFO - EUNPYENG
2023-01-18 09:05:47,867 - INFO - EUNPYENG
2023-01-18 09:05:47,867 - INFO - EUNPYENG
2023-01-18 09:05:47,867 - INFO - EUNPYENG
2023-01-18 09:05:47,867 - INFO - EUNPYENG
2023-01-18 09:05:47,867 - INFO - EUNPYENG
2023-01-18 09:05:47,867 - INFO - EUNPYENG
2023-01-18 09:05:47,867 - INFO - EUNPYENG
2023-01-18 09:05:47,867 - INFO - EUNPYENG
2023-01-18 09:05:47,867 - INFO - EUNPYENG
2023-01-18 09:05:47,867 - INFO - EUNPYENG
2023-01-18 09:05:48,967 - INFO - GWANGZIN
2023-01-18 09:05:48,967 - INFO - GWANGZIN
2023-01-18 09:05:48,967 - INFO - GWANGZIN
2023-01-18 09:05:48,967 - INFO - GWANGZIN
2023-01-18 09:05:48,967 - INFO - GWANGZIN
2023-01-18 09:05:48,967 - INFO - GWANGZIN
2023-01-18 09:05:48,967 - INFO - GWANGZIN
2023-01-18 09:05:48,967 - INFO - GWANGZIN
2023-01-18 09:05:48,967 - INFO - GWANGZIN
2023-01-18 09:05:48,967 - INFO - GWANGZIN
2023-01-18 09:05:48,967 - INFO - GWANGZIN
2023-01-18 09:05:48,967 - INFO - GWANGZIN
2023-01-18 09:05:48,967 - INFO - GWANGZIN
2023-01-18 09:05:48,967 - INFO - GWANGZIN
2023-01-18 09:05:48,967 - INFO - GWANGZIN
2023-01-18 09:05:48,967 - INFO - GWANGZIN
2023-01-18 09:05:48,967 - INFO - GWANGZIN
2023-01-18 09:05:48,967 - INFO - GWANGZIN
2023-01-18 09:05:48,967 - INFO - GWANGZIN
2023-01-18 09:05:48,967 - INFO - GWANGZIN
2023-01-18 09:05:48,967 - INFO - GWANGZIN
2023-01-18 09:05:48,967 - INFO - GWANGZIN
2023-01-18 09:05:48,967 - INFO - GWANGZIN
2023-01-18 09:05:48,967 - INFO - GWANGZIN
2023-01-18 09:05:48,967 - INFO - GWANGZIN
2023-01-18 09:05:48,967 - INFO - GWANGZIN
2023-01-18 09:05:48,967 - INFO - GWANGZIN
2023-01-18 09:05:48,967 - INFO - GWANGZIN
2023-01-18 09:05:48,967 - INFO - GWANGZIN
2023-01-18 09:05:48,967 - INFO - GWANGZIN
2023-01-18 09:05:48,967 - INFO - GWANGZIN
2023-01-18 09:05:48,967 - INFO - GWANGZIN
2023-01-18 09:05:48,967 - INFO - GWANGZIN
2023-01-18 09:05:56,271 - INFO - GWANGZIN
2023-01-18 09:05:56,271 - INFO - GWANGZIN
2023-01-18 09:05:56,271 - INFO - GWANGZIN
2023-01-18 09:05:56,271 - INFO - GWANGZIN
2023-01-18 09:05:56,271 - INFO - GWANGZIN
2023-01-18 09:05:56,271 - INFO - GWANGZIN
2023-01-18 09:05:56,271 - INFO - GWANGZIN
2023-01-18 09:05:56,271 - INFO - GWANGZIN
2023-01-18 09:05:56,271 - INFO - GWANGZIN
2023-01-18 09:05:56,271 - INFO - GWANGZIN
2023-01-18 09:05:56,271 - INFO - GWANGZIN
2023-01-18 09:05:56,271 - INFO - GWANGZIN
2023-01-18 09:05:56,271 - INFO - GWANGZIN
2023-01-18 09:05:56,271 - INFO - GWANGZIN
2023-01-18 09:05:56,271 - INFO - GWANGZIN
2023-01-18 09:05:56,271 - INFO - GWANGZIN
2023-01-18 09:05:56,271 - INFO - GWANGZIN
2023-01-18 09:05:56,271 - INFO - GWANGZIN
2023-01-18 09:05:56,271 - INFO - GWANGZIN
2023-01-18 09:05:56,271 - INFO - GWANGZIN
2023-01-18 09:05:56,271 - INFO - GWANGZIN
2023-01-18 09:05:56,271 - INFO - GWANGZIN
2023-01-18 09:05:56,271 - INFO - GWANGZIN
2023-01-18 09:05:56,271 - INFO - GWANGZIN
2023-01-18 09:05:56,271 - INFO - GWANGZIN
2023-01-18 09:05:56,271 - INFO - GWANGZIN
2023-01-18 09:05:56,271 - INFO - GWANGZIN
2023-01-18 09:05:56,271 - INFO - GWANGZIN
2023-01-18 09:05:56,271 - INFO - GWANGZIN
2023-01-18 09:05:56,271 - INFO - GWANGZIN
2023-01-18 09:05:56,271 - INFO - GWANGZIN
2023-01-18 09:05:56,271 - INFO - GWANGZIN
2023-01-18 09:05:56,271 - INFO - GWANGZIN
2023-01-18 09:05:56,271 - INFO - GWANGZIN
2023-01-18 09:06:04,536 - INFO - JONGRO
2023-01-18 09:06:04,536 - INFO - JONGRO
2023-01-18 09:06:04,536 - INFO - JONGRO
2023-01-18 09:06:04,536 - INFO - JONGRO
2023-01-18 09:06:04,536 - INFO - JONGRO
2023-01-18 09:06:04,536 - INFO - JONGRO
2023-01-18 09:06:04,536 - INFO - JONGRO
2023-01-18 09:06:04,536 - INFO - JONGRO
2023-01-18 09:06:04,536 - INFO - JONGRO
2023-01-18 09:06:04,536 - INFO - JONGRO
2023-01-18 09:06:04,536 - INFO - JONGRO
2023-01-18 09:06:04,536 - INFO - JONGRO
2023-01-18 09:06:04,536 - INFO - JONGRO
2023-01-18 09:06:04,536 - INFO - JONGRO
2023-01-18 09:06:04,536 - INFO - JONGRO
2023-01-18 09:06:04,536 - INFO - JONGRO
2023-01-18 09:06:04,536 - INFO - JONGRO
2023-01-18 09:06:04,536 - INFO - JONGRO
2023-01-18 09:06:04,536 - INFO - JONGRO
2023-01-18 09:06:04,536 - INFO - JONGRO
2023-01-18 09:06:04,536 - INFO - JONGRO
2023-01-18 09:06:04,536 - INFO - JONGRO
2023-01-18 09:06:04,536 - INFO - JONGRO
2023-01-18 09:06:04,536 - INFO - JONGRO
2023-01-18 09:06:04,536 - INFO - JONGRO
2023-01-18 09:06:04,536 - INFO - JONGRO
2023-01-18 09:06:04,536 - INFO - JONGRO
2023-01-18 09:06:04,536 - INFO - JONGRO
2023-01-18 09:06:04,536 - INFO - JONGRO
2023-01-18 09:06:04,536 - INFO - JONGRO
2023-01-18 09:06:04,536 - INFO - JONGRO
2023-01-18 09:06:04,536 - INFO - JONGRO
2023-01-18 09:06:04,536 - INFO - JONGRO
2023-01-18 09:06:04,536 - INFO - JONGRO
2023-01-18 09:06:04,536 - INFO - JONGRO
2023-01-18 09:06:15,340 - INFO - JONGRO
2023-01-18 09:06:15,340 - INFO - JONGRO
2023-01-18 09:06:15,340 - INFO - JONGRO
2023-01-18 09:06:15,340 - INFO - JONGRO
2023-01-18 09:06:15,340 - INFO - JONGRO
2023-01-18 09:06:15,340 - INFO - JONGRO
2023-01-18 09:06:15,340 - INFO - JONGRO
2023-01-18 09:06:15,340 - INFO - JONGRO
2023-01-18 09:06:15,340 - INFO - JONGRO
2023-01-18 09:06:15,340 - INFO - JONGRO
2023-01-18 09:06:15,340 - INFO - JONGRO
2023-01-18 09:06:15,340 - INFO - JONGRO
2023-01-18 09:06:15,340 - INFO - JONGRO
2023-01-18 09:06:15,340 - INFO - JONGRO
2023-01-18 09:06:15,340 - INFO - JONGRO
2023-01-18 09:06:15,340 - INFO - JONGRO
2023-01-18 09:06:15,340 - INFO - JONGRO
2023-01-18 09:06:15,340 - INFO - JONGRO
2023-01-18 09:06:15,340 - INFO - JONGRO
2023-01-18 09:06:15,340 - INFO - JONGRO
2023-01-18 09:06:15,340 - INFO - JONGRO
2023-01-18 09:06:15,340 - INFO - JONGRO
2023-01-18 09:06:15,340 - INFO - JONGRO
2023-01-18 09:06:15,340 - INFO - JONGRO
2023-01-18 09:06:15,340 - INFO - JONGRO
2023-01-18 09:06:15,340 - INFO - JONGRO
2023-01-18 09:06:15,340 - INFO - JONGRO
2023-01-18 09:06:15,340 - INFO - JONGRO
2023-01-18 09:06:15,340 - INFO - JONGRO
2023-01-18 09:06:15,340 - INFO - JONGRO
2023-01-18 09:06:15,340 - INFO - JONGRO
2023-01-18 09:06:15,340 - INFO - JONGRO
2023-01-18 09:06:15,340 - INFO - JONGRO
2023-01-18 09:06:15,340 - INFO - JONGRO
2023-01-18 09:06:15,340 - INFO - JONGRO
2023-01-18 09:06:15,340 - INFO - JONGRO
2023-01-18 09:06:16,262 - INFO - JUNGGU
2023-01-18 09:06:16,262 - INFO - JUNGGU
2023-01-18 09:06:16,262 - INFO - JUNGGU
2023-01-18 09:06:16,262 - INFO - JUNGGU
2023-01-18 09:06:16,262 - INFO - JUNGGU
2023-01-18 09:06:16,262 - INFO - JUNGGU
2023-01-18 09:06:16,262 - INFO - JUNGGU
2023-01-18 09:06:16,262 - INFO - JUNGGU
2023-01-18 09:06:16,262 - INFO - JUNGGU
2023-01-18 09:06:16,262 - INFO - JUNGGU
2023-01-18 09:06:16,262 - INFO - JUNGGU
2023-01-18 09:06:16,262 - INFO - JUNGGU
2023-01-18 09:06:16,262 - INFO - JUNGGU
2023-01-18 09:06:16,262 - INFO - JUNGGU
2023-01-18 09:06:16,262 - INFO - JUNGGU
2023-01-18 09:06:16,262 - INFO - JUNGGU
2023-01-18 09:06:16,262 - INFO - JUNGGU
2023-01-18 09:06:16,262 - INFO - JUNGGU
2023-01-18 09:06:16,262 - INFO - JUNGGU
2023-01-18 09:06:16,262 - INFO - JUNGGU
2023-01-18 09:06:16,262 - INFO - JUNGGU
2023-01-18 09:06:16,262 - INFO - JUNGGU
2023-01-18 09:06:16,262 - INFO - JUNGGU
2023-01-18 09:06:16,262 - INFO - JUNGGU
2023-01-18 09:06:16,262 - INFO - JUNGGU
2023-01-18 09:06:16,262 - INFO - JUNGGU
2023-01-18 09:06:16,262 - INFO - JUNGGU
2023-01-18 09:06:16,262 - INFO - JUNGGU
2023-01-18 09:06:16,262 - INFO - JUNGGU
2023-01-18 09:06:16,262 - INFO - JUNGGU
2023-01-18 09:06:16,262 - INFO - JUNGGU
2023-01-18 09:06:16,262 - INFO - JUNGGU
2023-01-18 09:06:16,262 - INFO - JUNGGU
2023-01-18 09:06:16,262 - INFO - JUNGGU
2023-01-18 09:06:16,262 - INFO - JUNGGU
2023-01-18 09:06:16,262 - INFO - JUNGGU
2023-01-18 09:06:16,262 - INFO - JUNGGU
2023-01-18 09:06:17,471 - INFO - JUNGGU
2023-01-18 09:06:17,471 - INFO - JUNGGU
2023-01-18 09:06:17,471 - INFO - JUNGGU
2023-01-18 09:06:17,471 - INFO - JUNGGU
2023-01-18 09:06:17,471 - INFO - JUNGGU
2023-01-18 09:06:17,471 - INFO - JUNGGU
2023-01-18 09:06:17,471 - INFO - JUNGGU
2023-01-18 09:06:17,471 - INFO - JUNGGU
2023-01-18 09:06:17,471 - INFO - JUNGGU
2023-01-18 09:06:17,471 - INFO - JUNGGU
2023-01-18 09:06:17,471 - INFO - JUNGGU
2023-01-18 09:06:17,471 - INFO - JUNGGU
2023-01-18 09:06:17,471 - INFO - JUNGGU
2023-01-18 09:06:17,471 - INFO - JUNGGU
2023-01-18 09:06:17,471 - INFO - JUNGGU
2023-01-18 09:06:17,471 - INFO - JUNGGU
2023-01-18 09:06:17,471 - INFO - JUNGGU
2023-01-18 09:06:17,471 - INFO - JUNGGU
2023-01-18 09:06:17,471 - INFO - JUNGGU
2023-01-18 09:06:17,471 - INFO - JUNGGU
2023-01-18 09:06:17,471 - INFO - JUNGGU
2023-01-18 09:06:17,471 - INFO - JUNGGU
2023-01-18 09:06:17,471 - INFO - JUNGGU
2023-01-18 09:06:17,471 - INFO - JUNGGU
2023-01-18 09:06:17,471 - INFO - JUNGGU
2023-01-18 09:06:17,471 - INFO - JUNGGU
2023-01-18 09:06:17,471 - INFO - JUNGGU
2023-01-18 09:06:17,471 - INFO - JUNGGU
2023-01-18 09:06:17,471 - INFO - JUNGGU
2023-01-18 09:06:17,471 - INFO - JUNGGU
2023-01-18 09:06:17,471 - INFO - JUNGGU
2023-01-18 09:06:17,471 - INFO - JUNGGU
2023-01-18 09:06:17,471 - INFO - JUNGGU
2023-01-18 09:06:17,471 - INFO - JUNGGU
2023-01-18 09:06:17,471 - INFO - JUNGGU
2023-01-18 09:06:17,471 - INFO - JUNGGU
2023-01-18 09:06:17,471 - INFO - JUNGGU
2023-01-18 09:06:17,471 - INFO - JUNGGU
2023-01-18 09:06:25,608 - INFO - MAPO
2023-01-18 09:06:25,608 - INFO - MAPO
2023-01-18 09:06:25,608 - INFO - MAPO
2023-01-18 09:06:25,608 - INFO - MAPO
2023-01-18 09:06:25,608 - INFO - MAPO
2023-01-18 09:06:25,608 - INFO - MAPO
2023-01-18 09:06:25,608 - INFO - MAPO
2023-01-18 09:06:25,608 - INFO - MAPO
2023-01-18 09:06:25,608 - INFO - MAPO
2023-01-18 09:06:25,608 - INFO - MAPO
2023-01-18 09:06:25,608 - INFO - MAPO
2023-01-18 09:06:25,608 - INFO - MAPO
2023-01-18 09:06:25,608 - INFO - MAPO
2023-01-18 09:06:25,608 - INFO - MAPO
2023-01-18 09:06:25,608 - INFO - MAPO
2023-01-18 09:06:25,608 - INFO - MAPO
2023-01-18 09:06:25,608 - INFO - MAPO
2023-01-18 09:06:25,608 - INFO - MAPO
2023-01-18 09:06:25,608 - INFO - MAPO
2023-01-18 09:06:25,608 - INFO - MAPO
2023-01-18 09:06:25,608 - INFO - MAPO
2023-01-18 09:06:25,608 - INFO - MAPO
2023-01-18 09:06:25,608 - INFO - MAPO
2023-01-18 09:06:25,608 - INFO - MAPO
2023-01-18 09:06:25,608 - INFO - MAPO
2023-01-18 09:06:25,608 - INFO - MAPO
2023-01-18 09:06:25,608 - INFO - MAPO
2023-01-18 09:06:25,608 - INFO - MAPO
2023-01-18 09:06:25,608 - INFO - MAPO
2023-01-18 09:06:25,608 - INFO - MAPO
2023-01-18 09:06:25,608 - INFO - MAPO
2023-01-18 09:06:25,608 - INFO - MAPO
2023-01-18 09:06:25,608 - INFO - MAPO
2023-01-18 09:06:25,608 - INFO - MAPO
2023-01-18 09:06:25,608 - INFO - MAPO
2023-01-18 09:06:25,608 - INFO - MAPO
2023-01-18 09:06:25,608 - INFO - MAPO
2023-01-18 09:06:25,608 - INFO - MAPO
2023-01-18 09:06:25,608 - INFO - MAPO
2023-01-18 09:07:13,088 - INFO - JUNGGU
2023-01-18 09:07:14,740 - INFO - JUNGGU
2023-01-18 09:07:14,740 - INFO - JUNGGU
2023-01-18 09:07:23,131 - INFO - MAPO
2023-01-18 09:07:23,131 - INFO - MAPO
2023-01-18 09:07:23,131 - INFO - MAPO
2023-01-18 09:07:35,385 - INFO - MAPO
2023-01-18 09:07:35,385 - INFO - MAPO
2023-01-18 09:07:35,385 - INFO - MAPO
2023-01-18 09:07:35,385 - INFO - MAPO
2023-01-18 09:07:39,460 - INFO - MAPO
2023-01-18 09:07:39,460 - INFO - MAPO
2023-01-18 09:07:39,460 - INFO - MAPO
2023-01-18 09:07:39,460 - INFO - MAPO
2023-01-18 09:07:39,460 - INFO - MAPO
2023-01-18 09:07:41,914 - INFO - MAPO
2023-01-18 09:07:41,914 - INFO - MAPO
2023-01-18 09:07:41,914 - INFO - MAPO
2023-01-18 09:07:41,914 - INFO - MAPO
2023-01-18 09:07:41,914 - INFO - MAPO
2023-01-18 09:07:41,914 - INFO - MAPO
2023-01-18 09:07:45,512 - INFO - NOWON
2023-01-18 09:07:45,512 - INFO - NOWON
2023-01-18 09:07:45,512 - INFO - NOWON
2023-01-18 09:07:45,512 - INFO - NOWON
2023-01-18 09:07:45,512 - INFO - NOWON
2023-01-18 09:07:45,512 - INFO - NOWON
2023-01-18 09:07:45,512 - INFO - NOWON
2023-01-18 09:08:00,368 - INFO - NOWON
2023-01-18 09:08:00,368 - INFO - NOWON
2023-01-18 09:08:00,368 - INFO - NOWON
2023-01-18 09:08:00,368 - INFO - NOWON
2023-01-18 09:08:00,368 - INFO - NOWON
2023-01-18 09:08:00,368 - INFO - NOWON
2023-01-18 09:08:00,368 - INFO - NOWON
2023-01-18 09:08:00,368 - INFO - NOWON
2023-01-18 09:08:16,581 - INFO - SEOCHO
2023-01-18 09:08:16,581 - INFO - SEOCHO
2023-01-18 09:08:16,581 - INFO - SEOCHO
2023-01-18 09:08:16,581 - INFO - SEOCHO
2023-01-18 09:08:16,581 - INFO - SEOCHO
2023-01-18 09:08:16,581 - INFO - SEOCHO
2023-01-18 09:08:16,581 - INFO - SEOCHO
2023-01-18 09:08:16,581 - INFO - SEOCHO
2023-01-18 09:08:16,581 - INFO - SEOCHO
2023-01-18 09:08:19,417 - INFO - SEOCHO
2023-01-18 09:08:19,417 - INFO - SEOCHO
2023-01-18 09:08:19,417 - INFO - SEOCHO
2023-01-18 09:08:19,417 - INFO - SEOCHO
2023-01-18 09:08:19,417 - INFO - SEOCHO
2023-01-18 09:08:19,417 - INFO - SEOCHO
2023-01-18 09:08:19,417 - INFO - SEOCHO
2023-01-18 09:08:19,417 - INFO - SEOCHO
2023-01-18 09:08:19,417 - INFO - SEOCHO
2023-01-18 09:08:19,417 - INFO - SEOCHO
2023-01-18 09:08:21,128 - INFO - SEOCHO
2023-01-18 09:08:21,128 - INFO - SEOCHO
2023-01-18 09:08:21,128 - INFO - SEOCHO
2023-01-18 09:08:21,128 - INFO - SEOCHO
2023-01-18 09:08:21,128 - INFO - SEOCHO
2023-01-18 09:08:21,128 - INFO - SEOCHO
2023-01-18 09:08:21,128 - INFO - SEOCHO
2023-01-18 09:08:21,128 - INFO - SEOCHO
2023-01-18 09:08:21,128 - INFO - SEOCHO
2023-01-18 09:08:21,128 - INFO - SEOCHO
2023-01-18 09:08:21,128 - INFO - SEOCHO
2023-01-18 09:08:22,901 - INFO - SEOCHO
2023-01-18 09:08:22,901 - INFO - SEOCHO
2023-01-18 09:08:22,901 - INFO - SEOCHO
2023-01-18 09:08:22,901 - INFO - SEOCHO
2023-01-18 09:08:22,901 - INFO - SEOCHO
2023-01-18 09:08:22,901 - INFO - SEOCHO
2023-01-18 09:08:22,901 - INFO - SEOCHO
2023-01-18 09:08:22,901 - INFO - SEOCHO
2023-01-18 09:08:22,901 - INFO - SEOCHO
2023-01-18 09:08:22,901 - INFO - SEOCHO
2023-01-18 09:08:22,901 - INFO - SEOCHO
2023-01-18 09:08:22,901 - INFO - SEOCHO
2023-01-18 09:08:24,055 - INFO - SEONGBUK
2023-01-18 09:08:24,055 - INFO - SEONGBUK
2023-01-18 09:08:24,055 - INFO - SEONGBUK
2023-01-18 09:08:24,055 - INFO - SEONGBUK
2023-01-18 09:08:24,055 - INFO - SEONGBUK
2023-01-18 09:08:24,055 - INFO - SEONGBUK
2023-01-18 09:08:24,055 - INFO - SEONGBUK
2023-01-18 09:08:24,055 - INFO - SEONGBUK
2023-01-18 09:08:24,055 - INFO - SEONGBUK
2023-01-18 09:08:24,055 - INFO - SEONGBUK
2023-01-18 09:08:24,055 - INFO - SEONGBUK
2023-01-18 09:08:24,055 - INFO - SEONGBUK
2023-01-18 09:08:24,055 - INFO - SEONGBUK
2023-01-18 09:08:32,185 - INFO - SONGPA
2023-01-18 09:08:32,185 - INFO - SONGPA
2023-01-18 09:08:32,185 - INFO - SONGPA
2023-01-18 09:08:32,185 - INFO - SONGPA
2023-01-18 09:08:32,185 - INFO - SONGPA
2023-01-18 09:08:32,185 - INFO - SONGPA
2023-01-18 09:08:32,185 - INFO - SONGPA
2023-01-18 09:08:32,185 - INFO - SONGPA
2023-01-18 09:08:32,185 - INFO - SONGPA
2023-01-18 09:08:32,185 - INFO - SONGPA
2023-01-18 09:08:32,185 - INFO - SONGPA
2023-01-18 09:08:32,185 - INFO - SONGPA
2023-01-18 09:08:32,185 - INFO - SONGPA
2023-01-18 09:08:32,185 - INFO - SONGPA
2023-01-18 09:08:40,086 - INFO - SONGPA
2023-01-18 09:08:40,086 - INFO - SONGPA
2023-01-18 09:08:40,086 - INFO - SONGPA
2023-01-18 09:08:40,086 - INFO - SONGPA
2023-01-18 09:08:40,086 - INFO - SONGPA
2023-01-18 09:08:40,086 - INFO - SONGPA
2023-01-18 09:08:40,086 - INFO - SONGPA
2023-01-18 09:08:40,086 - INFO - SONGPA
2023-01-18 09:08:40,086 - INFO - SONGPA
2023-01-18 09:08:40,086 - INFO - SONGPA
2023-01-18 09:08:40,086 - INFO - SONGPA
2023-01-18 09:08:40,086 - INFO - SONGPA
2023-01-18 09:08:40,086 - INFO - SONGPA
2023-01-18 09:08:40,086 - INFO - SONGPA
2023-01-18 09:08:40,086 - INFO - SONGPA
2023-01-18 09:08:42,630 - INFO - SONGPA
2023-01-18 09:08:42,630 - INFO - SONGPA
2023-01-18 09:08:42,630 - INFO - SONGPA
2023-01-18 09:08:42,630 - INFO - SONGPA
2023-01-18 09:08:42,630 - INFO - SONGPA
2023-01-18 09:08:42,630 - INFO - SONGPA
2023-01-18 09:08:42,630 - INFO - SONGPA
2023-01-18 09:08:42,630 - INFO - SONGPA
2023-01-18 09:08:42,630 - INFO - SONGPA
2023-01-18 09:08:42,630 - INFO - SONGPA
2023-01-18 09:08:42,630 - INFO - SONGPA
2023-01-18 09:08:42,630 - INFO - SONGPA
2023-01-18 09:08:42,630 - INFO - SONGPA
2023-01-18 09:08:42,630 - INFO - SONGPA
2023-01-18 09:08:42,630 - INFO - SONGPA
2023-01-18 09:08:42,630 - INFO - SONGPA
2023-01-18 09:09:55,225 - INFO - SONGPA
2023-01-18 09:09:57,638 - INFO - SONGPA
2023-01-18 09:09:57,638 - INFO - SONGPA
2023-01-18 09:10:00,320 - INFO - SONGPA
2023-01-18 09:10:00,320 - INFO - SONGPA
2023-01-18 09:10:00,320 - INFO - SONGPA
2023-01-18 09:10:01,684 - INFO - YANGCHEON
2023-01-18 09:10:01,684 - INFO - YANGCHEON
2023-01-18 09:10:01,684 - INFO - YANGCHEON
2023-01-18 09:10:01,684 - INFO - YANGCHEON
2023-01-18 09:10:13,157 - INFO - YANGCHEON
2023-01-18 09:10:13,157 - INFO - YANGCHEON
2023-01-18 09:10:13,157 - INFO - YANGCHEON
2023-01-18 09:10:13,157 - INFO - YANGCHEON
2023-01-18 09:10:13,157 - INFO - YANGCHEON
2023-01-18 09:10:14,604 - INFO - YEONGDEUNGPO
2023-01-18 09:10:14,604 - INFO - YEONGDEUNGPO
2023-01-18 09:10:14,604 - INFO - YEONGDEUNGPO
2023-01-18 09:10:14,604 - INFO - YEONGDEUNGPO
2023-01-18 09:10:14,604 - INFO - YEONGDEUNGPO
2023-01-18 09:10:14,604 - INFO - YEONGDEUNGPO
2023-01-18 09:10:19,348 - INFO - YEONGDEUNGPO
2023-01-18 09:10:19,348 - INFO - YEONGDEUNGPO
2023-01-18 09:10:19,348 - INFO - YEONGDEUNGPO
2023-01-18 09:10:19,348 - INFO - YEONGDEUNGPO
2023-01-18 09:10:19,348 - INFO - YEONGDEUNGPO
2023-01-18 09:10:19,348 - INFO - YEONGDEUNGPO
2023-01-18 09:10:19,348 - INFO - YEONGDEUNGPO
2023-01-18 09:10:22,899 - INFO - SEOUL
2023-01-18 09:10:22,899 - INFO - SEOUL
2023-01-18 09:10:22,899 - INFO - SEOUL
2023-01-18 09:10:22,899 - INFO - SEOUL
2023-01-18 09:10:22,899 - INFO - SEOUL
2023-01-18 09:10:22,899 - INFO - SEOUL
2023-01-18 09:10:22,899 - INFO - SEOUL
2023-01-18 09:10:22,899 - INFO - SEOUL
2023-01-18 09:10:26,761 - INFO - SEOUL
2023-01-18 09:10:26,761 - INFO - SEOUL
2023-01-18 09:10:26,761 - INFO - SEOUL
2023-01-18 09:10:26,761 - INFO - SEOUL
2023-01-18 09:10:26,761 - INFO - SEOUL
2023-01-18 09:10:26,761 - INFO - SEOUL
2023-01-18 09:10:26,761 - INFO - SEOUL
2023-01-18 09:10:26,761 - INFO - SEOUL
2023-01-18 09:10:26,761 - INFO - SEOUL
2023-01-18 09:10:39,599 - INFO - SEOUL
2023-01-18 09:10:39,599 - INFO - SEOUL
2023-01-18 09:10:39,599 - INFO - SEOUL
2023-01-18 09:10:39,599 - INFO - SEOUL
2023-01-18 09:10:39,599 - INFO - SEOUL
2023-01-18 09:10:39,599 - INFO - SEOUL
2023-01-18 09:10:39,599 - INFO - SEOUL
2023-01-18 09:10:39,599 - INFO - SEOUL
2023-01-18 09:10:39,599 - INFO - SEOUL
2023-01-18 09:10:39,599 - INFO - SEOUL
2023-01-18 09:10:42,329 - INFO - SEOUL
2023-01-18 09:10:42,329 - INFO - SEOUL
2023-01-18 09:10:42,329 - INFO - SEOUL
2023-01-18 09:10:42,329 - INFO - SEOUL
2023-01-18 09:10:42,329 - INFO - SEOUL
2023-01-18 09:10:42,329 - INFO - SEOUL
2023-01-18 09:10:42,329 - INFO - SEOUL
2023-01-18 09:10:42,329 - INFO - SEOUL
2023-01-18 09:10:42,329 - INFO - SEOUL
2023-01-18 09:10:42,329 - INFO - SEOUL
2023-01-18 09:10:42,329 - INFO - SEOUL
2023-01-18 09:10:42,890 - WARNING - Failed to parse headers (url=https://www.sscmc.or.kr:443/info/notice/list.asp?db=BBS_notice&pageno=1&startpage=1&where=&keyfield=&keyword=&catekkk=): [MissingHeaderBodySeparatorDefect()], unparsed data: 'Server : Wow 3.8\r\nDate: Wed, 18 Jan 2023 00:10:42 GMT\r\nContent-Type: text/html\r\nContent-Length: 40170\r\nConnection: keep-alive\r\nCache-Control: private\r\nSet-Cookie: ASPSESSIONIDAQACSTTB=LDPEKAOCJKFDAPIMGOLOFELM; path=/\r\nX-Frame-Options: SAMEORIGIN\r\n\r\n'
Traceback (most recent call last):
  File "/Users/yeon/Library/Python/3.9/lib/python/site-packages/urllib3/connectionpool.py", line 469, in _make_request
    assert_header_parsing(httplib_response.msg)
  File "/Users/yeon/Library/Python/3.9/lib/python/site-packages/urllib3/util/response.py", line 91, in assert_header_parsing
    raise HeaderParsingError(defects=defects, unparsed_data=unparsed_data)
urllib3.exceptions.HeaderParsingError: [MissingHeaderBodySeparatorDefect()], unparsed data: 'Server : Wow 3.8\r\nDate: Wed, 18 Jan 2023 00:10:42 GMT\r\nContent-Type: text/html\r\nContent-Length: 40170\r\nConnection: keep-alive\r\nCache-Control: private\r\nSet-Cookie: ASPSESSIONIDAQACSTTB=LDPEKAOCJKFDAPIMGOLOFELM; path=/\r\nX-Frame-Options: SAMEORIGIN\r\n\r\n'
2023-01-18 09:10:42,890 - WARNING - Failed to parse headers (url=https://www.sscmc.or.kr:443/info/notice/list.asp?db=BBS_notice&pageno=1&startpage=1&where=&keyfield=&keyword=&catekkk=): [MissingHeaderBodySeparatorDefect()], unparsed data: 'Server : Wow 3.8\r\nDate: Wed, 18 Jan 2023 00:10:42 GMT\r\nContent-Type: text/html\r\nContent-Length: 40170\r\nConnection: keep-alive\r\nCache-Control: private\r\nSet-Cookie: ASPSESSIONIDAQACSTTB=LDPEKAOCJKFDAPIMGOLOFELM; path=/\r\nX-Frame-Options: SAMEORIGIN\r\n\r\n'
Traceback (most recent call last):
  File "/Users/yeon/Library/Python/3.9/lib/python/site-packages/urllib3/connectionpool.py", line 469, in _make_request
    assert_header_parsing(httplib_response.msg)
  File "/Users/yeon/Library/Python/3.9/lib/python/site-packages/urllib3/util/response.py", line 91, in assert_header_parsing
    raise HeaderParsingError(defects=defects, unparsed_data=unparsed_data)
urllib3.exceptions.HeaderParsingError: [MissingHeaderBodySeparatorDefect()], unparsed data: 'Server : Wow 3.8\r\nDate: Wed, 18 Jan 2023 00:10:42 GMT\r\nContent-Type: text/html\r\nContent-Length: 40170\r\nConnection: keep-alive\r\nCache-Control: private\r\nSet-Cookie: ASPSESSIONIDAQACSTTB=LDPEKAOCJKFDAPIMGOLOFELM; path=/\r\nX-Frame-Options: SAMEORIGIN\r\n\r\n'
2023-01-18 09:10:42,890 - WARNING - Failed to parse headers (url=https://www.sscmc.or.kr:443/info/notice/list.asp?db=BBS_notice&pageno=1&startpage=1&where=&keyfield=&keyword=&catekkk=): [MissingHeaderBodySeparatorDefect()], unparsed data: 'Server : Wow 3.8\r\nDate: Wed, 18 Jan 2023 00:10:42 GMT\r\nContent-Type: text/html\r\nContent-Length: 40170\r\nConnection: keep-alive\r\nCache-Control: private\r\nSet-Cookie: ASPSESSIONIDAQACSTTB=LDPEKAOCJKFDAPIMGOLOFELM; path=/\r\nX-Frame-Options: SAMEORIGIN\r\n\r\n'
Traceback (most recent call last):
  File "/Users/yeon/Library/Python/3.9/lib/python/site-packages/urllib3/connectionpool.py", line 469, in _make_request
    assert_header_parsing(httplib_response.msg)
  File "/Users/yeon/Library/Python/3.9/lib/python/site-packages/urllib3/util/response.py", line 91, in assert_header_parsing
    raise HeaderParsingError(defects=defects, unparsed_data=unparsed_data)
urllib3.exceptions.HeaderParsingError: [MissingHeaderBodySeparatorDefect()], unparsed data: 'Server : Wow 3.8\r\nDate: Wed, 18 Jan 2023 00:10:42 GMT\r\nContent-Type: text/html\r\nContent-Length: 40170\r\nConnection: keep-alive\r\nCache-Control: private\r\nSet-Cookie: ASPSESSIONIDAQACSTTB=LDPEKAOCJKFDAPIMGOLOFELM; path=/\r\nX-Frame-Options: SAMEORIGIN\r\n\r\n'
2023-01-18 09:10:42,890 - WARNING - Failed to parse headers (url=https://www.sscmc.or.kr:443/info/notice/list.asp?db=BBS_notice&pageno=1&startpage=1&where=&keyfield=&keyword=&catekkk=): [MissingHeaderBodySeparatorDefect()], unparsed data: 'Server : Wow 3.8\r\nDate: Wed, 18 Jan 2023 00:10:42 GMT\r\nContent-Type: text/html\r\nContent-Length: 40170\r\nConnection: keep-alive\r\nCache-Control: private\r\nSet-Cookie: ASPSESSIONIDAQACSTTB=LDPEKAOCJKFDAPIMGOLOFELM; path=/\r\nX-Frame-Options: SAMEORIGIN\r\n\r\n'
Traceback (most recent call last):
  File "/Users/yeon/Library/Python/3.9/lib/python/site-packages/urllib3/connectionpool.py", line 469, in _make_request
    assert_header_parsing(httplib_response.msg)
  File "/Users/yeon/Library/Python/3.9/lib/python/site-packages/urllib3/util/response.py", line 91, in assert_header_parsing
    raise HeaderParsingError(defects=defects, unparsed_data=unparsed_data)
urllib3.exceptions.HeaderParsingError: [MissingHeaderBodySeparatorDefect()], unparsed data: 'Server : Wow 3.8\r\nDate: Wed, 18 Jan 2023 00:10:42 GMT\r\nContent-Type: text/html\r\nContent-Length: 40170\r\nConnection: keep-alive\r\nCache-Control: private\r\nSet-Cookie: ASPSESSIONIDAQACSTTB=LDPEKAOCJKFDAPIMGOLOFELM; path=/\r\nX-Frame-Options: SAMEORIGIN\r\n\r\n'
2023-01-18 09:10:42,890 - WARNING - Failed to parse headers (url=https://www.sscmc.or.kr:443/info/notice/list.asp?db=BBS_notice&pageno=1&startpage=1&where=&keyfield=&keyword=&catekkk=): [MissingHeaderBodySeparatorDefect()], unparsed data: 'Server : Wow 3.8\r\nDate: Wed, 18 Jan 2023 00:10:42 GMT\r\nContent-Type: text/html\r\nContent-Length: 40170\r\nConnection: keep-alive\r\nCache-Control: private\r\nSet-Cookie: ASPSESSIONIDAQACSTTB=LDPEKAOCJKFDAPIMGOLOFELM; path=/\r\nX-Frame-Options: SAMEORIGIN\r\n\r\n'
Traceback (most recent call last):
  File "/Users/yeon/Library/Python/3.9/lib/python/site-packages/urllib3/connectionpool.py", line 469, in _make_request
    assert_header_parsing(httplib_response.msg)
  File "/Users/yeon/Library/Python/3.9/lib/python/site-packages/urllib3/util/response.py", line 91, in assert_header_parsing
    raise HeaderParsingError(defects=defects, unparsed_data=unparsed_data)
urllib3.exceptions.HeaderParsingError: [MissingHeaderBodySeparatorDefect()], unparsed data: 'Server : Wow 3.8\r\nDate: Wed, 18 Jan 2023 00:10:42 GMT\r\nContent-Type: text/html\r\nContent-Length: 40170\r\nConnection: keep-alive\r\nCache-Control: private\r\nSet-Cookie: ASPSESSIONIDAQACSTTB=LDPEKAOCJKFDAPIMGOLOFELM; path=/\r\nX-Frame-Options: SAMEORIGIN\r\n\r\n'
2023-01-18 09:10:42,890 - WARNING - Failed to parse headers (url=https://www.sscmc.or.kr:443/info/notice/list.asp?db=BBS_notice&pageno=1&startpage=1&where=&keyfield=&keyword=&catekkk=): [MissingHeaderBodySeparatorDefect()], unparsed data: 'Server : Wow 3.8\r\nDate: Wed, 18 Jan 2023 00:10:42 GMT\r\nContent-Type: text/html\r\nContent-Length: 40170\r\nConnection: keep-alive\r\nCache-Control: private\r\nSet-Cookie: ASPSESSIONIDAQACSTTB=LDPEKAOCJKFDAPIMGOLOFELM; path=/\r\nX-Frame-Options: SAMEORIGIN\r\n\r\n'
Traceback (most recent call last):
  File "/Users/yeon/Library/Python/3.9/lib/python/site-packages/urllib3/connectionpool.py", line 469, in _make_request
    assert_header_parsing(httplib_response.msg)
  File "/Users/yeon/Library/Python/3.9/lib/python/site-packages/urllib3/util/response.py", line 91, in assert_header_parsing
    raise HeaderParsingError(defects=defects, unparsed_data=unparsed_data)
urllib3.exceptions.HeaderParsingError: [MissingHeaderBodySeparatorDefect()], unparsed data: 'Server : Wow 3.8\r\nDate: Wed, 18 Jan 2023 00:10:42 GMT\r\nContent-Type: text/html\r\nContent-Length: 40170\r\nConnection: keep-alive\r\nCache-Control: private\r\nSet-Cookie: ASPSESSIONIDAQACSTTB=LDPEKAOCJKFDAPIMGOLOFELM; path=/\r\nX-Frame-Options: SAMEORIGIN\r\n\r\n'
2023-01-18 09:10:42,890 - WARNING - Failed to parse headers (url=https://www.sscmc.or.kr:443/info/notice/list.asp?db=BBS_notice&pageno=1&startpage=1&where=&keyfield=&keyword=&catekkk=): [MissingHeaderBodySeparatorDefect()], unparsed data: 'Server : Wow 3.8\r\nDate: Wed, 18 Jan 2023 00:10:42 GMT\r\nContent-Type: text/html\r\nContent-Length: 40170\r\nConnection: keep-alive\r\nCache-Control: private\r\nSet-Cookie: ASPSESSIONIDAQACSTTB=LDPEKAOCJKFDAPIMGOLOFELM; path=/\r\nX-Frame-Options: SAMEORIGIN\r\n\r\n'
Traceback (most recent call last):
  File "/Users/yeon/Library/Python/3.9/lib/python/site-packages/urllib3/connectionpool.py", line 469, in _make_request
    assert_header_parsing(httplib_response.msg)
  File "/Users/yeon/Library/Python/3.9/lib/python/site-packages/urllib3/util/response.py", line 91, in assert_header_parsing
    raise HeaderParsingError(defects=defects, unparsed_data=unparsed_data)
urllib3.exceptions.HeaderParsingError: [MissingHeaderBodySeparatorDefect()], unparsed data: 'Server : Wow 3.8\r\nDate: Wed, 18 Jan 2023 00:10:42 GMT\r\nContent-Type: text/html\r\nContent-Length: 40170\r\nConnection: keep-alive\r\nCache-Control: private\r\nSet-Cookie: ASPSESSIONIDAQACSTTB=LDPEKAOCJKFDAPIMGOLOFELM; path=/\r\nX-Frame-Options: SAMEORIGIN\r\n\r\n'
2023-01-18 09:10:42,890 - WARNING - Failed to parse headers (url=https://www.sscmc.or.kr:443/info/notice/list.asp?db=BBS_notice&pageno=1&startpage=1&where=&keyfield=&keyword=&catekkk=): [MissingHeaderBodySeparatorDefect()], unparsed data: 'Server : Wow 3.8\r\nDate: Wed, 18 Jan 2023 00:10:42 GMT\r\nContent-Type: text/html\r\nContent-Length: 40170\r\nConnection: keep-alive\r\nCache-Control: private\r\nSet-Cookie: ASPSESSIONIDAQACSTTB=LDPEKAOCJKFDAPIMGOLOFELM; path=/\r\nX-Frame-Options: SAMEORIGIN\r\n\r\n'
Traceback (most recent call last):
  File "/Users/yeon/Library/Python/3.9/lib/python/site-packages/urllib3/connectionpool.py", line 469, in _make_request
    assert_header_parsing(httplib_response.msg)
  File "/Users/yeon/Library/Python/3.9/lib/python/site-packages/urllib3/util/response.py", line 91, in assert_header_parsing
    raise HeaderParsingError(defects=defects, unparsed_data=unparsed_data)
urllib3.exceptions.HeaderParsingError: [MissingHeaderBodySeparatorDefect()], unparsed data: 'Server : Wow 3.8\r\nDate: Wed, 18 Jan 2023 00:10:42 GMT\r\nContent-Type: text/html\r\nContent-Length: 40170\r\nConnection: keep-alive\r\nCache-Control: private\r\nSet-Cookie: ASPSESSIONIDAQACSTTB=LDPEKAOCJKFDAPIMGOLOFELM; path=/\r\nX-Frame-Options: SAMEORIGIN\r\n\r\n'
2023-01-18 09:10:42,890 - WARNING - Failed to parse headers (url=https://www.sscmc.or.kr:443/info/notice/list.asp?db=BBS_notice&pageno=1&startpage=1&where=&keyfield=&keyword=&catekkk=): [MissingHeaderBodySeparatorDefect()], unparsed data: 'Server : Wow 3.8\r\nDate: Wed, 18 Jan 2023 00:10:42 GMT\r\nContent-Type: text/html\r\nContent-Length: 40170\r\nConnection: keep-alive\r\nCache-Control: private\r\nSet-Cookie: ASPSESSIONIDAQACSTTB=LDPEKAOCJKFDAPIMGOLOFELM; path=/\r\nX-Frame-Options: SAMEORIGIN\r\n\r\n'
Traceback (most recent call last):
  File "/Users/yeon/Library/Python/3.9/lib/python/site-packages/urllib3/connectionpool.py", line 469, in _make_request
    assert_header_parsing(httplib_response.msg)
  File "/Users/yeon/Library/Python/3.9/lib/python/site-packages/urllib3/util/response.py", line 91, in assert_header_parsing
    raise HeaderParsingError(defects=defects, unparsed_data=unparsed_data)
urllib3.exceptions.HeaderParsingError: [MissingHeaderBodySeparatorDefect()], unparsed data: 'Server : Wow 3.8\r\nDate: Wed, 18 Jan 2023 00:10:42 GMT\r\nContent-Type: text/html\r\nContent-Length: 40170\r\nConnection: keep-alive\r\nCache-Control: private\r\nSet-Cookie: ASPSESSIONIDAQACSTTB=LDPEKAOCJKFDAPIMGOLOFELM; path=/\r\nX-Frame-Options: SAMEORIGIN\r\n\r\n'
2023-01-18 09:10:42,890 - WARNING - Failed to parse headers (url=https://www.sscmc.or.kr:443/info/notice/list.asp?db=BBS_notice&pageno=1&startpage=1&where=&keyfield=&keyword=&catekkk=): [MissingHeaderBodySeparatorDefect()], unparsed data: 'Server : Wow 3.8\r\nDate: Wed, 18 Jan 2023 00:10:42 GMT\r\nContent-Type: text/html\r\nContent-Length: 40170\r\nConnection: keep-alive\r\nCache-Control: private\r\nSet-Cookie: ASPSESSIONIDAQACSTTB=LDPEKAOCJKFDAPIMGOLOFELM; path=/\r\nX-Frame-Options: SAMEORIGIN\r\n\r\n'
Traceback (most recent call last):
  File "/Users/yeon/Library/Python/3.9/lib/python/site-packages/urllib3/connectionpool.py", line 469, in _make_request
    assert_header_parsing(httplib_response.msg)
  File "/Users/yeon/Library/Python/3.9/lib/python/site-packages/urllib3/util/response.py", line 91, in assert_header_parsing
    raise HeaderParsingError(defects=defects, unparsed_data=unparsed_data)
urllib3.exceptions.HeaderParsingError: [MissingHeaderBodySeparatorDefect()], unparsed data: 'Server : Wow 3.8\r\nDate: Wed, 18 Jan 2023 00:10:42 GMT\r\nContent-Type: text/html\r\nContent-Length: 40170\r\nConnection: keep-alive\r\nCache-Control: private\r\nSet-Cookie: ASPSESSIONIDAQACSTTB=LDPEKAOCJKFDAPIMGOLOFELM; path=/\r\nX-Frame-Options: SAMEORIGIN\r\n\r\n'
2023-01-18 09:10:42,890 - WARNING - Failed to parse headers (url=https://www.sscmc.or.kr:443/info/notice/list.asp?db=BBS_notice&pageno=1&startpage=1&where=&keyfield=&keyword=&catekkk=): [MissingHeaderBodySeparatorDefect()], unparsed data: 'Server : Wow 3.8\r\nDate: Wed, 18 Jan 2023 00:10:42 GMT\r\nContent-Type: text/html\r\nContent-Length: 40170\r\nConnection: keep-alive\r\nCache-Control: private\r\nSet-Cookie: ASPSESSIONIDAQACSTTB=LDPEKAOCJKFDAPIMGOLOFELM; path=/\r\nX-Frame-Options: SAMEORIGIN\r\n\r\n'
Traceback (most recent call last):
  File "/Users/yeon/Library/Python/3.9/lib/python/site-packages/urllib3/connectionpool.py", line 469, in _make_request
    assert_header_parsing(httplib_response.msg)
  File "/Users/yeon/Library/Python/3.9/lib/python/site-packages/urllib3/util/response.py", line 91, in assert_header_parsing
    raise HeaderParsingError(defects=defects, unparsed_data=unparsed_data)
urllib3.exceptions.HeaderParsingError: [MissingHeaderBodySeparatorDefect()], unparsed data: 'Server : Wow 3.8\r\nDate: Wed, 18 Jan 2023 00:10:42 GMT\r\nContent-Type: text/html\r\nContent-Length: 40170\r\nConnection: keep-alive\r\nCache-Control: private\r\nSet-Cookie: ASPSESSIONIDAQACSTTB=LDPEKAOCJKFDAPIMGOLOFELM; path=/\r\nX-Frame-Options: SAMEORIGIN\r\n\r\n'
2023-01-18 09:11:58,483 - INFO - SEODAEMUN
2023-01-18 09:11:58,483 - INFO - SEODAEMUN
2023-01-18 09:11:58,483 - INFO - SEODAEMUN
2023-01-18 09:11:58,483 - INFO - SEODAEMUN
2023-01-18 09:11:58,483 - INFO - SEODAEMUN
2023-01-18 09:11:58,483 - INFO - SEODAEMUN
2023-01-18 09:11:58,483 - INFO - SEODAEMUN
2023-01-18 09:11:58,483 - INFO - SEODAEMUN
2023-01-18 09:11:58,483 - INFO - SEODAEMUN
2023-01-18 09:11:58,483 - INFO - SEODAEMUN
2023-01-18 09:11:58,483 - INFO - SEODAEMUN
2023-01-18 09:11:58,483 - INFO - SEODAEMUN
