2023-01-26 08:58:17,844 - INFO - JUNGNANG
2023-01-26 08:58:18,749 - WARNING - Failed to parse headers (url=https://www.jungnang.go.kr:443/portal/bbs/list/B0000002.do?searchCnd=&searchWrd=&gubun=&delCode=0&useAt=&replyAt=&menuNo=200473&sdate=&edate=&deptId=&deptName=&popupYn=&dept=&dong=&option1=&viewType=&searchCnd2=&pageIndex=1): [FirstHeaderLineIsContinuationDefect(' X-Content-Type-Options: nosniff\r\n')], unparsed data: ''
Traceback (most recent call last):
  File "/Users/yeon/Library/Python/3.9/lib/python/site-packages/urllib3/connectionpool.py", line 469, in _make_request
    assert_header_parsing(httplib_response.msg)
  File "/Users/yeon/Library/Python/3.9/lib/python/site-packages/urllib3/util/response.py", line 91, in assert_header_parsing
    raise HeaderParsingError(defects=defects, unparsed_data=unparsed_data)
urllib3.exceptions.HeaderParsingError: [FirstHeaderLineIsContinuationDefect(' X-Content-Type-Options: nosniff\r\n')], unparsed data: ''
2023-01-26 08:58:19,552 - INFO - JUNGNANG
2023-01-26 08:58:19,552 - INFO - JUNGNANG
2023-01-26 08:58:31,410 - INFO - YONGSAN
2023-01-26 08:58:31,410 - INFO - YONGSAN
2023-01-26 08:58:31,410 - INFO - YONGSAN
2023-01-26 08:58:33,321 - INFO - YONGSAN
2023-01-26 08:58:33,321 - INFO - YONGSAN
2023-01-26 08:58:33,321 - INFO - YONGSAN
2023-01-26 08:58:33,321 - INFO - YONGSAN
2023-01-26 08:58:35,194 - INFO - YONGSAN
2023-01-26 08:58:35,194 - INFO - YONGSAN
2023-01-26 08:58:35,194 - INFO - YONGSAN
2023-01-26 08:58:35,194 - INFO - YONGSAN
2023-01-26 08:58:35,194 - INFO - YONGSAN
2023-01-26 08:58:36,928 - INFO - GANGNAM
2023-01-26 08:58:36,928 - INFO - GANGNAM
2023-01-26 08:58:36,928 - INFO - GANGNAM
2023-01-26 08:58:36,928 - INFO - GANGNAM
2023-01-26 08:58:36,928 - INFO - GANGNAM
2023-01-26 08:58:36,928 - INFO - GANGNAM
2023-01-26 08:58:48,500 - INFO - GANGNAM
2023-01-26 08:58:48,500 - INFO - GANGNAM
2023-01-26 08:58:48,500 - INFO - GANGNAM
2023-01-26 08:58:48,500 - INFO - GANGNAM
2023-01-26 08:58:48,500 - INFO - GANGNAM
2023-01-26 08:58:48,500 - INFO - GANGNAM
2023-01-26 08:58:48,500 - INFO - GANGNAM
2023-01-26 08:58:50,399 - INFO - GANGDONG
2023-01-26 08:58:50,399 - INFO - GANGDONG
2023-01-26 08:58:50,399 - INFO - GANGDONG
2023-01-26 08:58:50,399 - INFO - GANGDONG
2023-01-26 08:58:50,399 - INFO - GANGDONG
2023-01-26 08:58:50,399 - INFO - GANGDONG
2023-01-26 08:58:50,399 - INFO - GANGDONG
2023-01-26 08:58:50,399 - INFO - GANGDONG
2023-01-26 08:58:56,628 - INFO - GURO
2023-01-26 08:58:56,628 - INFO - GURO
2023-01-26 08:58:56,628 - INFO - GURO
2023-01-26 08:58:56,628 - INFO - GURO
2023-01-26 08:58:56,628 - INFO - GURO
2023-01-26 08:58:56,628 - INFO - GURO
2023-01-26 08:58:56,628 - INFO - GURO
2023-01-26 08:58:56,628 - INFO - GURO
2023-01-26 08:58:56,628 - INFO - GURO
2023-01-26 08:58:59,184 - INFO - GURO
2023-01-26 08:58:59,184 - INFO - GURO
2023-01-26 08:58:59,184 - INFO - GURO
2023-01-26 08:58:59,184 - INFO - GURO
2023-01-26 08:58:59,184 - INFO - GURO
2023-01-26 08:58:59,184 - INFO - GURO
2023-01-26 08:58:59,184 - INFO - GURO
2023-01-26 08:58:59,184 - INFO - GURO
2023-01-26 08:58:59,184 - INFO - GURO
2023-01-26 08:58:59,184 - INFO - GURO
2023-01-26 08:59:07,545 - INFO - GANGSEO
2023-01-26 08:59:07,545 - INFO - GANGSEO
2023-01-26 08:59:07,545 - INFO - GANGSEO
2023-01-26 08:59:07,545 - INFO - GANGSEO
2023-01-26 08:59:07,545 - INFO - GANGSEO
2023-01-26 08:59:07,545 - INFO - GANGSEO
2023-01-26 08:59:07,545 - INFO - GANGSEO
2023-01-26 08:59:07,545 - INFO - GANGSEO
2023-01-26 08:59:07,545 - INFO - GANGSEO
2023-01-26 08:59:07,545 - INFO - GANGSEO
2023-01-26 08:59:07,545 - INFO - GANGSEO
2023-01-26 08:59:10,307 - INFO - GANGSEO
2023-01-26 08:59:10,307 - INFO - GANGSEO
2023-01-26 08:59:10,307 - INFO - GANGSEO
2023-01-26 08:59:10,307 - INFO - GANGSEO
2023-01-26 08:59:10,307 - INFO - GANGSEO
2023-01-26 08:59:10,307 - INFO - GANGSEO
2023-01-26 08:59:10,307 - INFO - GANGSEO
2023-01-26 08:59:10,307 - INFO - GANGSEO
2023-01-26 08:59:10,307 - INFO - GANGSEO
2023-01-26 08:59:10,307 - INFO - GANGSEO
2023-01-26 08:59:10,307 - INFO - GANGSEO
2023-01-26 08:59:10,307 - INFO - GANGSEO
2023-01-26 08:59:12,174 - INFO - GANGDONG
2023-01-26 08:59:12,174 - INFO - GANGDONG
2023-01-26 08:59:12,174 - INFO - GANGDONG
2023-01-26 08:59:12,174 - INFO - GANGDONG
2023-01-26 08:59:12,174 - INFO - GANGDONG
2023-01-26 08:59:12,174 - INFO - GANGDONG
2023-01-26 08:59:12,174 - INFO - GANGDONG
2023-01-26 08:59:12,174 - INFO - GANGDONG
2023-01-26 08:59:12,174 - INFO - GANGDONG
2023-01-26 08:59:12,174 - INFO - GANGDONG
2023-01-26 08:59:12,174 - INFO - GANGDONG
2023-01-26 08:59:12,174 - INFO - GANGDONG
2023-01-26 08:59:12,174 - INFO - GANGDONG
2023-01-26 08:59:14,761 - INFO - GANGDONG
2023-01-26 08:59:14,761 - INFO - GANGDONG
2023-01-26 08:59:14,761 - INFO - GANGDONG
2023-01-26 08:59:14,761 - INFO - GANGDONG
2023-01-26 08:59:14,761 - INFO - GANGDONG
2023-01-26 08:59:14,761 - INFO - GANGDONG
2023-01-26 08:59:14,761 - INFO - GANGDONG
2023-01-26 08:59:14,761 - INFO - GANGDONG
2023-01-26 08:59:14,761 - INFO - GANGDONG
2023-01-26 08:59:14,761 - INFO - GANGDONG
2023-01-26 08:59:14,761 - INFO - GANGDONG
2023-01-26 08:59:14,761 - INFO - GANGDONG
2023-01-26 08:59:14,761 - INFO - GANGDONG
2023-01-26 08:59:14,761 - INFO - GANGDONG
2023-01-26 08:59:16,787 - INFO - GANGDONG
2023-01-26 08:59:16,787 - INFO - GANGDONG
2023-01-26 08:59:16,787 - INFO - GANGDONG
2023-01-26 08:59:16,787 - INFO - GANGDONG
2023-01-26 08:59:16,787 - INFO - GANGDONG
2023-01-26 08:59:16,787 - INFO - GANGDONG
2023-01-26 08:59:16,787 - INFO - GANGDONG
2023-01-26 08:59:16,787 - INFO - GANGDONG
2023-01-26 08:59:16,787 - INFO - GANGDONG
2023-01-26 08:59:16,787 - INFO - GANGDONG
2023-01-26 08:59:16,787 - INFO - GANGDONG
2023-01-26 08:59:16,787 - INFO - GANGDONG
2023-01-26 08:59:16,787 - INFO - GANGDONG
2023-01-26 08:59:16,787 - INFO - GANGDONG
2023-01-26 08:59:16,787 - INFO - GANGDONG
2023-01-26 08:59:36,534 - INFO - DOBONG
2023-01-26 08:59:36,534 - INFO - DOBONG
2023-01-26 08:59:36,534 - INFO - DOBONG
2023-01-26 08:59:36,534 - INFO - DOBONG
2023-01-26 08:59:36,534 - INFO - DOBONG
2023-01-26 08:59:36,534 - INFO - DOBONG
2023-01-26 08:59:36,534 - INFO - DOBONG
2023-01-26 08:59:36,534 - INFO - DOBONG
2023-01-26 08:59:36,534 - INFO - DOBONG
2023-01-26 08:59:36,534 - INFO - DOBONG
2023-01-26 08:59:36,534 - INFO - DOBONG
2023-01-26 08:59:36,534 - INFO - DOBONG
2023-01-26 08:59:36,534 - INFO - DOBONG
2023-01-26 08:59:36,534 - INFO - DOBONG
2023-01-26 08:59:36,534 - INFO - DOBONG
2023-01-26 08:59:36,534 - INFO - DOBONG
2023-01-26 08:59:38,504 - INFO - DOBONG
2023-01-26 08:59:38,504 - INFO - DOBONG
2023-01-26 08:59:38,504 - INFO - DOBONG
2023-01-26 08:59:38,504 - INFO - DOBONG
2023-01-26 08:59:38,504 - INFO - DOBONG
2023-01-26 08:59:38,504 - INFO - DOBONG
2023-01-26 08:59:38,504 - INFO - DOBONG
2023-01-26 08:59:38,504 - INFO - DOBONG
2023-01-26 08:59:38,504 - INFO - DOBONG
2023-01-26 08:59:38,504 - INFO - DOBONG
2023-01-26 08:59:38,504 - INFO - DOBONG
2023-01-26 08:59:38,504 - INFO - DOBONG
2023-01-26 08:59:38,504 - INFO - DOBONG
2023-01-26 08:59:38,504 - INFO - DOBONG
2023-01-26 08:59:38,504 - INFO - DOBONG
2023-01-26 08:59:38,504 - INFO - DOBONG
2023-01-26 08:59:38,504 - INFO - DOBONG
2023-01-26 08:59:39,939 - INFO - GANGBUK
2023-01-26 08:59:39,939 - INFO - GANGBUK
2023-01-26 08:59:39,939 - INFO - GANGBUK
2023-01-26 08:59:39,939 - INFO - GANGBUK
2023-01-26 08:59:39,939 - INFO - GANGBUK
2023-01-26 08:59:39,939 - INFO - GANGBUK
2023-01-26 08:59:39,939 - INFO - GANGBUK
2023-01-26 08:59:39,939 - INFO - GANGBUK
2023-01-26 08:59:39,939 - INFO - GANGBUK
2023-01-26 08:59:39,939 - INFO - GANGBUK
2023-01-26 08:59:39,939 - INFO - GANGBUK
2023-01-26 08:59:39,939 - INFO - GANGBUK
2023-01-26 08:59:39,939 - INFO - GANGBUK
2023-01-26 08:59:39,939 - INFO - GANGBUK
2023-01-26 08:59:39,939 - INFO - GANGBUK
2023-01-26 08:59:39,939 - INFO - GANGBUK
2023-01-26 08:59:39,939 - INFO - GANGBUK
2023-01-26 08:59:39,939 - INFO - GANGBUK
2023-01-26 08:59:49,639 - INFO - GANGBUK
2023-01-26 08:59:49,639 - INFO - GANGBUK
2023-01-26 08:59:49,639 - INFO - GANGBUK
2023-01-26 08:59:49,639 - INFO - GANGBUK
2023-01-26 08:59:49,639 - INFO - GANGBUK
2023-01-26 08:59:49,639 - INFO - GANGBUK
2023-01-26 08:59:49,639 - INFO - GANGBUK
2023-01-26 08:59:49,639 - INFO - GANGBUK
2023-01-26 08:59:49,639 - INFO - GANGBUK
2023-01-26 08:59:49,639 - INFO - GANGBUK
2023-01-26 08:59:49,639 - INFO - GANGBUK
2023-01-26 08:59:49,639 - INFO - GANGBUK
2023-01-26 08:59:49,639 - INFO - GANGBUK
2023-01-26 08:59:49,639 - INFO - GANGBUK
2023-01-26 08:59:49,639 - INFO - GANGBUK
2023-01-26 08:59:49,639 - INFO - GANGBUK
2023-01-26 08:59:49,639 - INFO - GANGBUK
2023-01-26 08:59:49,639 - INFO - GANGBUK
2023-01-26 08:59:49,639 - INFO - GANGBUK
2023-01-26 08:59:59,329 - INFO - DONGDAEMUN
2023-01-26 08:59:59,329 - INFO - DONGDAEMUN
2023-01-26 08:59:59,329 - INFO - DONGDAEMUN
2023-01-26 08:59:59,329 - INFO - DONGDAEMUN
2023-01-26 08:59:59,329 - INFO - DONGDAEMUN
2023-01-26 08:59:59,329 - INFO - DONGDAEMUN
2023-01-26 08:59:59,329 - INFO - DONGDAEMUN
2023-01-26 08:59:59,329 - INFO - DONGDAEMUN
2023-01-26 08:59:59,329 - INFO - DONGDAEMUN
2023-01-26 08:59:59,329 - INFO - DONGDAEMUN
2023-01-26 08:59:59,329 - INFO - DONGDAEMUN
2023-01-26 08:59:59,329 - INFO - DONGDAEMUN
2023-01-26 08:59:59,329 - INFO - DONGDAEMUN
2023-01-26 08:59:59,329 - INFO - DONGDAEMUN
2023-01-26 08:59:59,329 - INFO - DONGDAEMUN
2023-01-26 08:59:59,329 - INFO - DONGDAEMUN
2023-01-26 08:59:59,329 - INFO - DONGDAEMUN
2023-01-26 08:59:59,329 - INFO - DONGDAEMUN
2023-01-26 08:59:59,329 - INFO - DONGDAEMUN
2023-01-26 08:59:59,329 - INFO - DONGDAEMUN
2023-01-26 09:00:01,641 - INFO - DONGDAEMUN
2023-01-26 09:00:01,641 - INFO - DONGDAEMUN
2023-01-26 09:00:01,641 - INFO - DONGDAEMUN
2023-01-26 09:00:01,641 - INFO - DONGDAEMUN
2023-01-26 09:00:01,641 - INFO - DONGDAEMUN
2023-01-26 09:00:01,641 - INFO - DONGDAEMUN
2023-01-26 09:00:01,641 - INFO - DONGDAEMUN
2023-01-26 09:00:01,641 - INFO - DONGDAEMUN
2023-01-26 09:00:01,641 - INFO - DONGDAEMUN
2023-01-26 09:00:01,641 - INFO - DONGDAEMUN
2023-01-26 09:00:01,641 - INFO - DONGDAEMUN
2023-01-26 09:00:01,641 - INFO - DONGDAEMUN
2023-01-26 09:00:01,641 - INFO - DONGDAEMUN
2023-01-26 09:00:01,641 - INFO - DONGDAEMUN
2023-01-26 09:00:01,641 - INFO - DONGDAEMUN
2023-01-26 09:00:01,641 - INFO - DONGDAEMUN
2023-01-26 09:00:01,641 - INFO - DONGDAEMUN
2023-01-26 09:00:01,641 - INFO - DONGDAEMUN
2023-01-26 09:00:01,641 - INFO - DONGDAEMUN
2023-01-26 09:00:01,641 - INFO - DONGDAEMUN
2023-01-26 09:00:01,641 - INFO - DONGDAEMUN
2023-01-26 09:00:04,016 - INFO - DONGDAEMUN
2023-01-26 09:00:04,016 - INFO - DONGDAEMUN
2023-01-26 09:00:04,016 - INFO - DONGDAEMUN
2023-01-26 09:00:04,016 - INFO - DONGDAEMUN
2023-01-26 09:00:04,016 - INFO - DONGDAEMUN
2023-01-26 09:00:04,016 - INFO - DONGDAEMUN
2023-01-26 09:00:04,016 - INFO - DONGDAEMUN
2023-01-26 09:00:04,016 - INFO - DONGDAEMUN
2023-01-26 09:00:04,016 - INFO - DONGDAEMUN
2023-01-26 09:00:04,016 - INFO - DONGDAEMUN
2023-01-26 09:00:04,016 - INFO - DONGDAEMUN
2023-01-26 09:00:04,016 - INFO - DONGDAEMUN
2023-01-26 09:00:04,016 - INFO - DONGDAEMUN
2023-01-26 09:00:04,016 - INFO - DONGDAEMUN
2023-01-26 09:00:04,016 - INFO - DONGDAEMUN
2023-01-26 09:00:04,016 - INFO - DONGDAEMUN
2023-01-26 09:00:04,016 - INFO - DONGDAEMUN
2023-01-26 09:00:04,016 - INFO - DONGDAEMUN
2023-01-26 09:00:04,016 - INFO - DONGDAEMUN
2023-01-26 09:00:04,016 - INFO - DONGDAEMUN
2023-01-26 09:00:04,016 - INFO - DONGDAEMUN
2023-01-26 09:00:04,016 - INFO - DONGDAEMUN
2023-01-26 09:00:05,513 - INFO - DONGJAK
2023-01-26 09:00:05,513 - INFO - DONGJAK
2023-01-26 09:00:05,513 - INFO - DONGJAK
2023-01-26 09:00:05,513 - INFO - DONGJAK
2023-01-26 09:00:05,513 - INFO - DONGJAK
2023-01-26 09:00:05,513 - INFO - DONGJAK
2023-01-26 09:00:05,513 - INFO - DONGJAK
2023-01-26 09:00:05,513 - INFO - DONGJAK
2023-01-26 09:00:05,513 - INFO - DONGJAK
2023-01-26 09:00:05,513 - INFO - DONGJAK
2023-01-26 09:00:05,513 - INFO - DONGJAK
2023-01-26 09:00:05,513 - INFO - DONGJAK
2023-01-26 09:00:05,513 - INFO - DONGJAK
2023-01-26 09:00:05,513 - INFO - DONGJAK
2023-01-26 09:00:05,513 - INFO - DONGJAK
2023-01-26 09:00:05,513 - INFO - DONGJAK
2023-01-26 09:00:05,513 - INFO - DONGJAK
2023-01-26 09:00:05,513 - INFO - DONGJAK
2023-01-26 09:00:05,513 - INFO - DONGJAK
2023-01-26 09:00:05,513 - INFO - DONGJAK
2023-01-26 09:00:05,513 - INFO - DONGJAK
2023-01-26 09:00:05,513 - INFO - DONGJAK
2023-01-26 09:00:05,513 - INFO - DONGJAK
2023-01-26 09:00:09,112 - INFO - DONGJAK
2023-01-26 09:00:09,112 - INFO - DONGJAK
2023-01-26 09:00:09,112 - INFO - DONGJAK
2023-01-26 09:00:09,112 - INFO - DONGJAK
2023-01-26 09:00:09,112 - INFO - DONGJAK
2023-01-26 09:00:09,112 - INFO - DONGJAK
2023-01-26 09:00:09,112 - INFO - DONGJAK
2023-01-26 09:00:09,112 - INFO - DONGJAK
2023-01-26 09:00:09,112 - INFO - DONGJAK
2023-01-26 09:00:09,112 - INFO - DONGJAK
2023-01-26 09:00:09,112 - INFO - DONGJAK
2023-01-26 09:00:09,112 - INFO - DONGJAK
2023-01-26 09:00:09,112 - INFO - DONGJAK
2023-01-26 09:00:09,112 - INFO - DONGJAK
2023-01-26 09:00:09,112 - INFO - DONGJAK
2023-01-26 09:00:09,112 - INFO - DONGJAK
2023-01-26 09:00:09,112 - INFO - DONGJAK
2023-01-26 09:00:09,112 - INFO - DONGJAK
2023-01-26 09:00:09,112 - INFO - DONGJAK
2023-01-26 09:00:09,112 - INFO - DONGJAK
2023-01-26 09:00:09,112 - INFO - DONGJAK
2023-01-26 09:00:09,112 - INFO - DONGJAK
2023-01-26 09:00:09,112 - INFO - DONGJAK
2023-01-26 09:00:09,112 - INFO - DONGJAK
2023-01-26 09:00:23,349 - INFO - GEUAMCHEOUN
2023-01-26 09:00:23,349 - INFO - GEUAMCHEOUN
2023-01-26 09:00:23,349 - INFO - GEUAMCHEOUN
2023-01-26 09:00:23,349 - INFO - GEUAMCHEOUN
2023-01-26 09:00:23,349 - INFO - GEUAMCHEOUN
2023-01-26 09:00:23,349 - INFO - GEUAMCHEOUN
2023-01-26 09:00:23,349 - INFO - GEUAMCHEOUN
2023-01-26 09:00:23,349 - INFO - GEUAMCHEOUN
2023-01-26 09:00:23,349 - INFO - GEUAMCHEOUN
2023-01-26 09:00:23,349 - INFO - GEUAMCHEOUN
2023-01-26 09:00:23,349 - INFO - GEUAMCHEOUN
2023-01-26 09:00:23,349 - INFO - GEUAMCHEOUN
2023-01-26 09:00:23,349 - INFO - GEUAMCHEOUN
2023-01-26 09:00:23,349 - INFO - GEUAMCHEOUN
2023-01-26 09:00:23,349 - INFO - GEUAMCHEOUN
2023-01-26 09:00:23,349 - INFO - GEUAMCHEOUN
2023-01-26 09:00:23,349 - INFO - GEUAMCHEOUN
2023-01-26 09:00:23,349 - INFO - GEUAMCHEOUN
2023-01-26 09:00:23,349 - INFO - GEUAMCHEOUN
2023-01-26 09:00:23,349 - INFO - GEUAMCHEOUN
2023-01-26 09:00:23,349 - INFO - GEUAMCHEOUN
2023-01-26 09:00:23,349 - INFO - GEUAMCHEOUN
2023-01-26 09:00:23,349 - INFO - GEUAMCHEOUN
2023-01-26 09:00:23,349 - INFO - GEUAMCHEOUN
2023-01-26 09:00:23,349 - INFO - GEUAMCHEOUN
2023-01-26 09:00:25,390 - INFO - GEUAMCHEOUN
2023-01-26 09:00:25,390 - INFO - GEUAMCHEOUN
2023-01-26 09:00:25,390 - INFO - GEUAMCHEOUN
2023-01-26 09:00:25,390 - INFO - GEUAMCHEOUN
2023-01-26 09:00:25,390 - INFO - GEUAMCHEOUN
2023-01-26 09:00:25,390 - INFO - GEUAMCHEOUN
2023-01-26 09:00:25,390 - INFO - GEUAMCHEOUN
2023-01-26 09:00:25,390 - INFO - GEUAMCHEOUN
2023-01-26 09:00:25,390 - INFO - GEUAMCHEOUN
2023-01-26 09:00:25,390 - INFO - GEUAMCHEOUN
2023-01-26 09:00:25,390 - INFO - GEUAMCHEOUN
2023-01-26 09:00:25,390 - INFO - GEUAMCHEOUN
2023-01-26 09:00:25,390 - INFO - GEUAMCHEOUN
2023-01-26 09:00:25,390 - INFO - GEUAMCHEOUN
2023-01-26 09:00:25,390 - INFO - GEUAMCHEOUN
2023-01-26 09:00:25,390 - INFO - GEUAMCHEOUN
2023-01-26 09:00:25,390 - INFO - GEUAMCHEOUN
2023-01-26 09:00:25,390 - INFO - GEUAMCHEOUN
2023-01-26 09:00:25,390 - INFO - GEUAMCHEOUN
2023-01-26 09:00:25,390 - INFO - GEUAMCHEOUN
2023-01-26 09:00:25,390 - INFO - GEUAMCHEOUN
2023-01-26 09:00:25,390 - INFO - GEUAMCHEOUN
2023-01-26 09:00:25,390 - INFO - GEUAMCHEOUN
2023-01-26 09:00:25,390 - INFO - GEUAMCHEOUN
2023-01-26 09:00:25,390 - INFO - GEUAMCHEOUN
2023-01-26 09:00:25,390 - INFO - GEUAMCHEOUN
2023-01-26 09:00:27,109 - INFO - GWANAK
2023-01-26 09:00:27,109 - INFO - GWANAK
2023-01-26 09:00:27,109 - INFO - GWANAK
2023-01-26 09:00:27,109 - INFO - GWANAK
2023-01-26 09:00:27,109 - INFO - GWANAK
2023-01-26 09:00:27,109 - INFO - GWANAK
2023-01-26 09:00:27,109 - INFO - GWANAK
2023-01-26 09:00:27,109 - INFO - GWANAK
2023-01-26 09:00:27,109 - INFO - GWANAK
2023-01-26 09:00:27,109 - INFO - GWANAK
2023-01-26 09:00:27,109 - INFO - GWANAK
2023-01-26 09:00:27,109 - INFO - GWANAK
2023-01-26 09:00:27,109 - INFO - GWANAK
2023-01-26 09:00:27,109 - INFO - GWANAK
2023-01-26 09:00:27,109 - INFO - GWANAK
2023-01-26 09:00:27,109 - INFO - GWANAK
2023-01-26 09:00:27,109 - INFO - GWANAK
2023-01-26 09:00:27,109 - INFO - GWANAK
2023-01-26 09:00:27,109 - INFO - GWANAK
2023-01-26 09:00:27,109 - INFO - GWANAK
2023-01-26 09:00:27,109 - INFO - GWANAK
2023-01-26 09:00:27,109 - INFO - GWANAK
2023-01-26 09:00:27,109 - INFO - GWANAK
2023-01-26 09:00:27,109 - INFO - GWANAK
2023-01-26 09:00:27,109 - INFO - GWANAK
2023-01-26 09:00:27,109 - INFO - GWANAK
2023-01-26 09:00:27,109 - INFO - GWANAK
2023-01-26 09:00:42,778 - INFO - GWANAK
2023-01-26 09:00:42,778 - INFO - GWANAK
2023-01-26 09:00:42,778 - INFO - GWANAK
2023-01-26 09:00:42,778 - INFO - GWANAK
2023-01-26 09:00:42,778 - INFO - GWANAK
2023-01-26 09:00:42,778 - INFO - GWANAK
2023-01-26 09:00:42,778 - INFO - GWANAK
2023-01-26 09:00:42,778 - INFO - GWANAK
2023-01-26 09:00:42,778 - INFO - GWANAK
2023-01-26 09:00:42,778 - INFO - GWANAK
2023-01-26 09:00:42,778 - INFO - GWANAK
2023-01-26 09:00:42,778 - INFO - GWANAK
2023-01-26 09:00:42,778 - INFO - GWANAK
2023-01-26 09:00:42,778 - INFO - GWANAK
2023-01-26 09:00:42,778 - INFO - GWANAK
2023-01-26 09:00:42,778 - INFO - GWANAK
2023-01-26 09:00:42,778 - INFO - GWANAK
2023-01-26 09:00:42,778 - INFO - GWANAK
2023-01-26 09:00:42,778 - INFO - GWANAK
2023-01-26 09:00:42,778 - INFO - GWANAK
2023-01-26 09:00:42,778 - INFO - GWANAK
2023-01-26 09:00:42,778 - INFO - GWANAK
2023-01-26 09:00:42,778 - INFO - GWANAK
2023-01-26 09:00:42,778 - INFO - GWANAK
2023-01-26 09:00:42,778 - INFO - GWANAK
2023-01-26 09:00:42,778 - INFO - GWANAK
2023-01-26 09:00:42,778 - INFO - GWANAK
2023-01-26 09:00:42,778 - INFO - GWANAK
2023-01-26 09:00:52,545 - INFO - SEONGDONG
2023-01-26 09:00:52,545 - INFO - SEONGDONG
2023-01-26 09:00:52,545 - INFO - SEONGDONG
2023-01-26 09:00:52,545 - INFO - SEONGDONG
2023-01-26 09:00:52,545 - INFO - SEONGDONG
2023-01-26 09:00:52,545 - INFO - SEONGDONG
2023-01-26 09:00:52,545 - INFO - SEONGDONG
2023-01-26 09:00:52,545 - INFO - SEONGDONG
2023-01-26 09:00:52,545 - INFO - SEONGDONG
2023-01-26 09:00:52,545 - INFO - SEONGDONG
2023-01-26 09:00:52,545 - INFO - SEONGDONG
2023-01-26 09:00:52,545 - INFO - SEONGDONG
2023-01-26 09:00:52,545 - INFO - SEONGDONG
2023-01-26 09:00:52,545 - INFO - SEONGDONG
2023-01-26 09:00:52,545 - INFO - SEONGDONG
2023-01-26 09:00:52,545 - INFO - SEONGDONG
2023-01-26 09:00:52,545 - INFO - SEONGDONG
2023-01-26 09:00:52,545 - INFO - SEONGDONG
2023-01-26 09:00:52,545 - INFO - SEONGDONG
2023-01-26 09:00:52,545 - INFO - SEONGDONG
2023-01-26 09:00:52,545 - INFO - SEONGDONG
2023-01-26 09:00:52,545 - INFO - SEONGDONG
2023-01-26 09:00:52,545 - INFO - SEONGDONG
2023-01-26 09:00:52,545 - INFO - SEONGDONG
2023-01-26 09:00:52,545 - INFO - SEONGDONG
2023-01-26 09:00:52,545 - INFO - SEONGDONG
2023-01-26 09:00:52,545 - INFO - SEONGDONG
2023-01-26 09:00:52,545 - INFO - SEONGDONG
2023-01-26 09:00:52,545 - INFO - SEONGDONG
2023-01-26 09:01:02,525 - INFO - SEONGDONG
2023-01-26 09:01:02,525 - INFO - SEONGDONG
2023-01-26 09:01:02,525 - INFO - SEONGDONG
2023-01-26 09:01:02,525 - INFO - SEONGDONG
2023-01-26 09:01:02,525 - INFO - SEONGDONG
2023-01-26 09:01:02,525 - INFO - SEONGDONG
2023-01-26 09:01:02,525 - INFO - SEONGDONG
2023-01-26 09:01:02,525 - INFO - SEONGDONG
2023-01-26 09:01:02,525 - INFO - SEONGDONG
2023-01-26 09:01:02,525 - INFO - SEONGDONG
2023-01-26 09:01:02,525 - INFO - SEONGDONG
2023-01-26 09:01:02,525 - INFO - SEONGDONG
2023-01-26 09:01:02,525 - INFO - SEONGDONG
2023-01-26 09:01:02,525 - INFO - SEONGDONG
2023-01-26 09:01:02,525 - INFO - SEONGDONG
2023-01-26 09:01:02,525 - INFO - SEONGDONG
2023-01-26 09:01:02,525 - INFO - SEONGDONG
2023-01-26 09:01:02,525 - INFO - SEONGDONG
2023-01-26 09:01:02,525 - INFO - SEONGDONG
2023-01-26 09:01:02,525 - INFO - SEONGDONG
2023-01-26 09:01:02,525 - INFO - SEONGDONG
2023-01-26 09:01:02,525 - INFO - SEONGDONG
2023-01-26 09:01:02,525 - INFO - SEONGDONG
2023-01-26 09:01:02,525 - INFO - SEONGDONG
2023-01-26 09:01:02,525 - INFO - SEONGDONG
2023-01-26 09:01:02,525 - INFO - SEONGDONG
2023-01-26 09:01:02,525 - INFO - SEONGDONG
2023-01-26 09:01:02,525 - INFO - SEONGDONG
2023-01-26 09:01:02,525 - INFO - SEONGDONG
2023-01-26 09:01:02,525 - INFO - SEONGDONG
2023-01-26 09:01:15,180 - INFO - EUNPYENG
2023-01-26 09:01:15,180 - INFO - EUNPYENG
2023-01-26 09:01:15,180 - INFO - EUNPYENG
2023-01-26 09:01:15,180 - INFO - EUNPYENG
2023-01-26 09:01:15,180 - INFO - EUNPYENG
2023-01-26 09:01:15,180 - INFO - EUNPYENG
2023-01-26 09:01:15,180 - INFO - EUNPYENG
2023-01-26 09:01:15,180 - INFO - EUNPYENG
2023-01-26 09:01:15,180 - INFO - EUNPYENG
2023-01-26 09:01:15,180 - INFO - EUNPYENG
2023-01-26 09:01:15,180 - INFO - EUNPYENG
2023-01-26 09:01:15,180 - INFO - EUNPYENG
2023-01-26 09:01:15,180 - INFO - EUNPYENG
2023-01-26 09:01:15,180 - INFO - EUNPYENG
2023-01-26 09:01:15,180 - INFO - EUNPYENG
2023-01-26 09:01:15,180 - INFO - EUNPYENG
2023-01-26 09:01:15,180 - INFO - EUNPYENG
2023-01-26 09:01:15,180 - INFO - EUNPYENG
2023-01-26 09:01:15,180 - INFO - EUNPYENG
2023-01-26 09:01:15,180 - INFO - EUNPYENG
2023-01-26 09:01:15,180 - INFO - EUNPYENG
2023-01-26 09:01:15,180 - INFO - EUNPYENG
2023-01-26 09:01:15,180 - INFO - EUNPYENG
2023-01-26 09:01:15,180 - INFO - EUNPYENG
2023-01-26 09:01:15,180 - INFO - EUNPYENG
2023-01-26 09:01:15,180 - INFO - EUNPYENG
2023-01-26 09:01:15,180 - INFO - EUNPYENG
2023-01-26 09:01:15,180 - INFO - EUNPYENG
2023-01-26 09:01:15,180 - INFO - EUNPYENG
2023-01-26 09:01:15,180 - INFO - EUNPYENG
2023-01-26 09:01:15,180 - INFO - EUNPYENG
2023-01-26 09:01:20,548 - INFO - EUNPYENG
2023-01-26 09:01:20,548 - INFO - EUNPYENG
2023-01-26 09:01:20,548 - INFO - EUNPYENG
2023-01-26 09:01:20,548 - INFO - EUNPYENG
2023-01-26 09:01:20,548 - INFO - EUNPYENG
2023-01-26 09:01:20,548 - INFO - EUNPYENG
2023-01-26 09:01:20,548 - INFO - EUNPYENG
2023-01-26 09:01:20,548 - INFO - EUNPYENG
2023-01-26 09:01:20,548 - INFO - EUNPYENG
2023-01-26 09:01:20,548 - INFO - EUNPYENG
2023-01-26 09:01:20,548 - INFO - EUNPYENG
2023-01-26 09:01:20,548 - INFO - EUNPYENG
2023-01-26 09:01:20,548 - INFO - EUNPYENG
2023-01-26 09:01:20,548 - INFO - EUNPYENG
2023-01-26 09:01:20,548 - INFO - EUNPYENG
2023-01-26 09:01:20,548 - INFO - EUNPYENG
2023-01-26 09:01:20,548 - INFO - EUNPYENG
2023-01-26 09:01:20,548 - INFO - EUNPYENG
2023-01-26 09:01:20,548 - INFO - EUNPYENG
2023-01-26 09:01:20,548 - INFO - EUNPYENG
2023-01-26 09:01:20,548 - INFO - EUNPYENG
2023-01-26 09:01:20,548 - INFO - EUNPYENG
2023-01-26 09:01:20,548 - INFO - EUNPYENG
2023-01-26 09:01:20,548 - INFO - EUNPYENG
2023-01-26 09:01:20,548 - INFO - EUNPYENG
2023-01-26 09:01:20,548 - INFO - EUNPYENG
2023-01-26 09:01:20,548 - INFO - EUNPYENG
2023-01-26 09:01:20,548 - INFO - EUNPYENG
2023-01-26 09:01:20,548 - INFO - EUNPYENG
2023-01-26 09:01:20,548 - INFO - EUNPYENG
2023-01-26 09:01:20,548 - INFO - EUNPYENG
2023-01-26 09:01:20,548 - INFO - EUNPYENG
2023-01-26 09:01:25,779 - INFO - EUNPYENG
2023-01-26 09:01:25,779 - INFO - EUNPYENG
2023-01-26 09:01:25,779 - INFO - EUNPYENG
2023-01-26 09:01:25,779 - INFO - EUNPYENG
2023-01-26 09:01:25,779 - INFO - EUNPYENG
2023-01-26 09:01:25,779 - INFO - EUNPYENG
2023-01-26 09:01:25,779 - INFO - EUNPYENG
2023-01-26 09:01:25,779 - INFO - EUNPYENG
2023-01-26 09:01:25,779 - INFO - EUNPYENG
2023-01-26 09:01:25,779 - INFO - EUNPYENG
2023-01-26 09:01:25,779 - INFO - EUNPYENG
2023-01-26 09:01:25,779 - INFO - EUNPYENG
2023-01-26 09:01:25,779 - INFO - EUNPYENG
2023-01-26 09:01:25,779 - INFO - EUNPYENG
2023-01-26 09:01:25,779 - INFO - EUNPYENG
2023-01-26 09:01:25,779 - INFO - EUNPYENG
2023-01-26 09:01:25,779 - INFO - EUNPYENG
2023-01-26 09:01:25,779 - INFO - EUNPYENG
2023-01-26 09:01:25,779 - INFO - EUNPYENG
2023-01-26 09:01:25,779 - INFO - EUNPYENG
2023-01-26 09:01:25,779 - INFO - EUNPYENG
2023-01-26 09:01:25,779 - INFO - EUNPYENG
2023-01-26 09:01:25,779 - INFO - EUNPYENG
2023-01-26 09:01:25,779 - INFO - EUNPYENG
2023-01-26 09:01:25,779 - INFO - EUNPYENG
2023-01-26 09:01:25,779 - INFO - EUNPYENG
2023-01-26 09:01:25,779 - INFO - EUNPYENG
2023-01-26 09:01:25,779 - INFO - EUNPYENG
2023-01-26 09:01:25,779 - INFO - EUNPYENG
2023-01-26 09:01:25,779 - INFO - EUNPYENG
2023-01-26 09:01:25,779 - INFO - EUNPYENG
2023-01-26 09:01:25,779 - INFO - EUNPYENG
2023-01-26 09:01:25,779 - INFO - EUNPYENG
2023-01-26 09:01:27,224 - INFO - GWANGZIN
2023-01-26 09:01:27,224 - INFO - GWANGZIN
2023-01-26 09:01:27,224 - INFO - GWANGZIN
2023-01-26 09:01:27,224 - INFO - GWANGZIN
2023-01-26 09:01:27,224 - INFO - GWANGZIN
2023-01-26 09:01:27,224 - INFO - GWANGZIN
2023-01-26 09:01:27,224 - INFO - GWANGZIN
2023-01-26 09:01:27,224 - INFO - GWANGZIN
2023-01-26 09:01:27,224 - INFO - GWANGZIN
2023-01-26 09:01:27,224 - INFO - GWANGZIN
2023-01-26 09:01:27,224 - INFO - GWANGZIN
2023-01-26 09:01:27,224 - INFO - GWANGZIN
2023-01-26 09:01:27,224 - INFO - GWANGZIN
2023-01-26 09:01:27,224 - INFO - GWANGZIN
2023-01-26 09:01:27,224 - INFO - GWANGZIN
2023-01-26 09:01:27,224 - INFO - GWANGZIN
2023-01-26 09:01:27,224 - INFO - GWANGZIN
2023-01-26 09:01:27,224 - INFO - GWANGZIN
2023-01-26 09:01:27,224 - INFO - GWANGZIN
2023-01-26 09:01:27,224 - INFO - GWANGZIN
2023-01-26 09:01:27,224 - INFO - GWANGZIN
2023-01-26 09:01:27,224 - INFO - GWANGZIN
2023-01-26 09:01:27,224 - INFO - GWANGZIN
2023-01-26 09:01:27,224 - INFO - GWANGZIN
2023-01-26 09:01:27,224 - INFO - GWANGZIN
2023-01-26 09:01:27,224 - INFO - GWANGZIN
2023-01-26 09:01:27,224 - INFO - GWANGZIN
2023-01-26 09:01:27,224 - INFO - GWANGZIN
2023-01-26 09:01:27,224 - INFO - GWANGZIN
2023-01-26 09:01:27,224 - INFO - GWANGZIN
2023-01-26 09:01:27,224 - INFO - GWANGZIN
2023-01-26 09:01:27,224 - INFO - GWANGZIN
2023-01-26 09:01:27,224 - INFO - GWANGZIN
2023-01-26 09:01:27,224 - INFO - GWANGZIN
2023-01-26 09:01:29,346 - INFO - GWANGZIN
2023-01-26 09:01:29,346 - INFO - GWANGZIN
2023-01-26 09:01:29,346 - INFO - GWANGZIN
2023-01-26 09:01:29,346 - INFO - GWANGZIN
2023-01-26 09:01:29,346 - INFO - GWANGZIN
2023-01-26 09:01:29,346 - INFO - GWANGZIN
2023-01-26 09:01:29,346 - INFO - GWANGZIN
2023-01-26 09:01:29,346 - INFO - GWANGZIN
2023-01-26 09:01:29,346 - INFO - GWANGZIN
2023-01-26 09:01:29,346 - INFO - GWANGZIN
2023-01-26 09:01:29,346 - INFO - GWANGZIN
2023-01-26 09:01:29,346 - INFO - GWANGZIN
2023-01-26 09:01:29,346 - INFO - GWANGZIN
2023-01-26 09:01:29,346 - INFO - GWANGZIN
2023-01-26 09:01:29,346 - INFO - GWANGZIN
2023-01-26 09:01:29,346 - INFO - GWANGZIN
2023-01-26 09:01:29,346 - INFO - GWANGZIN
2023-01-26 09:01:29,346 - INFO - GWANGZIN
2023-01-26 09:01:29,346 - INFO - GWANGZIN
2023-01-26 09:01:29,346 - INFO - GWANGZIN
2023-01-26 09:01:29,346 - INFO - GWANGZIN
2023-01-26 09:01:29,346 - INFO - GWANGZIN
2023-01-26 09:01:29,346 - INFO - GWANGZIN
2023-01-26 09:01:29,346 - INFO - GWANGZIN
2023-01-26 09:01:29,346 - INFO - GWANGZIN
2023-01-26 09:01:29,346 - INFO - GWANGZIN
2023-01-26 09:01:29,346 - INFO - GWANGZIN
2023-01-26 09:01:29,346 - INFO - GWANGZIN
2023-01-26 09:01:29,346 - INFO - GWANGZIN
2023-01-26 09:01:29,346 - INFO - GWANGZIN
2023-01-26 09:01:29,346 - INFO - GWANGZIN
2023-01-26 09:01:29,346 - INFO - GWANGZIN
2023-01-26 09:01:29,346 - INFO - GWANGZIN
2023-01-26 09:01:29,346 - INFO - GWANGZIN
2023-01-26 09:01:29,346 - INFO - GWANGZIN
2023-01-26 09:01:31,563 - INFO - JONGRO
2023-01-26 09:01:31,563 - INFO - JONGRO
2023-01-26 09:01:31,563 - INFO - JONGRO
2023-01-26 09:01:31,563 - INFO - JONGRO
2023-01-26 09:01:31,563 - INFO - JONGRO
2023-01-26 09:01:31,563 - INFO - JONGRO
2023-01-26 09:01:31,563 - INFO - JONGRO
2023-01-26 09:01:31,563 - INFO - JONGRO
2023-01-26 09:01:31,563 - INFO - JONGRO
2023-01-26 09:01:31,563 - INFO - JONGRO
2023-01-26 09:01:31,563 - INFO - JONGRO
2023-01-26 09:01:31,563 - INFO - JONGRO
2023-01-26 09:01:31,563 - INFO - JONGRO
2023-01-26 09:01:31,563 - INFO - JONGRO
2023-01-26 09:01:31,563 - INFO - JONGRO
2023-01-26 09:01:31,563 - INFO - JONGRO
2023-01-26 09:01:31,563 - INFO - JONGRO
2023-01-26 09:01:31,563 - INFO - JONGRO
2023-01-26 09:01:31,563 - INFO - JONGRO
2023-01-26 09:01:31,563 - INFO - JONGRO
2023-01-26 09:01:31,563 - INFO - JONGRO
2023-01-26 09:01:31,563 - INFO - JONGRO
2023-01-26 09:01:31,563 - INFO - JONGRO
2023-01-26 09:01:31,563 - INFO - JONGRO
2023-01-26 09:01:31,563 - INFO - JONGRO
2023-01-26 09:01:31,563 - INFO - JONGRO
2023-01-26 09:01:31,563 - INFO - JONGRO
2023-01-26 09:01:31,563 - INFO - JONGRO
2023-01-26 09:01:31,563 - INFO - JONGRO
2023-01-26 09:01:31,563 - INFO - JONGRO
2023-01-26 09:01:31,563 - INFO - JONGRO
2023-01-26 09:01:31,563 - INFO - JONGRO
2023-01-26 09:01:31,563 - INFO - JONGRO
2023-01-26 09:01:31,563 - INFO - JONGRO
2023-01-26 09:01:31,563 - INFO - JONGRO
2023-01-26 09:01:31,563 - INFO - JONGRO
2023-01-26 09:01:45,389 - INFO - JONGRO
2023-01-26 09:01:45,389 - INFO - JONGRO
2023-01-26 09:01:45,389 - INFO - JONGRO
2023-01-26 09:01:45,389 - INFO - JONGRO
2023-01-26 09:01:45,389 - INFO - JONGRO
2023-01-26 09:01:45,389 - INFO - JONGRO
2023-01-26 09:01:45,389 - INFO - JONGRO
2023-01-26 09:01:45,389 - INFO - JONGRO
2023-01-26 09:01:45,389 - INFO - JONGRO
2023-01-26 09:01:45,389 - INFO - JONGRO
2023-01-26 09:01:45,389 - INFO - JONGRO
2023-01-26 09:01:45,389 - INFO - JONGRO
2023-01-26 09:01:45,389 - INFO - JONGRO
2023-01-26 09:01:45,389 - INFO - JONGRO
2023-01-26 09:01:45,389 - INFO - JONGRO
2023-01-26 09:01:45,389 - INFO - JONGRO
2023-01-26 09:01:45,389 - INFO - JONGRO
2023-01-26 09:01:45,389 - INFO - JONGRO
2023-01-26 09:01:45,389 - INFO - JONGRO
2023-01-26 09:01:45,389 - INFO - JONGRO
2023-01-26 09:01:45,389 - INFO - JONGRO
2023-01-26 09:01:45,389 - INFO - JONGRO
2023-01-26 09:01:45,389 - INFO - JONGRO
2023-01-26 09:01:45,389 - INFO - JONGRO
2023-01-26 09:01:45,389 - INFO - JONGRO
2023-01-26 09:01:45,389 - INFO - JONGRO
2023-01-26 09:01:45,389 - INFO - JONGRO
2023-01-26 09:01:45,389 - INFO - JONGRO
2023-01-26 09:01:45,389 - INFO - JONGRO
2023-01-26 09:01:45,389 - INFO - JONGRO
2023-01-26 09:01:45,389 - INFO - JONGRO
2023-01-26 09:01:45,389 - INFO - JONGRO
2023-01-26 09:01:45,389 - INFO - JONGRO
2023-01-26 09:01:45,389 - INFO - JONGRO
2023-01-26 09:01:45,389 - INFO - JONGRO
2023-01-26 09:01:45,389 - INFO - JONGRO
2023-01-26 09:01:45,389 - INFO - JONGRO
2023-01-26 09:01:47,488 - INFO - JUNGGU
2023-01-26 09:01:47,488 - INFO - JUNGGU
2023-01-26 09:01:47,488 - INFO - JUNGGU
2023-01-26 09:01:47,488 - INFO - JUNGGU
2023-01-26 09:01:47,488 - INFO - JUNGGU
2023-01-26 09:01:47,488 - INFO - JUNGGU
2023-01-26 09:01:47,488 - INFO - JUNGGU
2023-01-26 09:01:47,488 - INFO - JUNGGU
2023-01-26 09:01:47,488 - INFO - JUNGGU
2023-01-26 09:01:47,488 - INFO - JUNGGU
2023-01-26 09:01:47,488 - INFO - JUNGGU
2023-01-26 09:01:47,488 - INFO - JUNGGU
2023-01-26 09:01:47,488 - INFO - JUNGGU
2023-01-26 09:01:47,488 - INFO - JUNGGU
2023-01-26 09:01:47,488 - INFO - JUNGGU
2023-01-26 09:01:47,488 - INFO - JUNGGU
2023-01-26 09:01:47,488 - INFO - JUNGGU
2023-01-26 09:01:47,488 - INFO - JUNGGU
2023-01-26 09:01:47,488 - INFO - JUNGGU
2023-01-26 09:01:47,488 - INFO - JUNGGU
2023-01-26 09:01:47,488 - INFO - JUNGGU
2023-01-26 09:01:47,488 - INFO - JUNGGU
2023-01-26 09:01:47,488 - INFO - JUNGGU
2023-01-26 09:01:47,488 - INFO - JUNGGU
2023-01-26 09:01:47,488 - INFO - JUNGGU
2023-01-26 09:01:47,488 - INFO - JUNGGU
2023-01-26 09:01:47,488 - INFO - JUNGGU
2023-01-26 09:01:47,488 - INFO - JUNGGU
2023-01-26 09:01:47,488 - INFO - JUNGGU
2023-01-26 09:01:47,488 - INFO - JUNGGU
2023-01-26 09:01:47,488 - INFO - JUNGGU
2023-01-26 09:01:47,488 - INFO - JUNGGU
2023-01-26 09:01:47,488 - INFO - JUNGGU
2023-01-26 09:01:47,488 - INFO - JUNGGU
2023-01-26 09:01:47,488 - INFO - JUNGGU
2023-01-26 09:01:47,488 - INFO - JUNGGU
2023-01-26 09:01:47,488 - INFO - JUNGGU
2023-01-26 09:01:47,488 - INFO - JUNGGU
2023-01-26 09:03:11,850 - INFO - JUNGGU
2023-01-26 09:03:13,642 - INFO - JUNGGU
2023-01-26 09:03:13,642 - INFO - JUNGGU
2023-01-26 09:03:21,920 - INFO - MAPO
2023-01-26 09:03:21,920 - INFO - MAPO
2023-01-26 09:03:21,920 - INFO - MAPO
2023-01-26 09:03:41,168 - INFO - JUNGGU
2023-01-26 09:03:42,707 - INFO - JUNGGU
2023-01-26 09:03:42,707 - INFO - JUNGGU
2023-01-26 09:03:51,210 - INFO - MAPO
2023-01-26 09:03:51,210 - INFO - MAPO
2023-01-26 09:03:51,210 - INFO - MAPO
2023-01-26 09:03:59,327 - INFO - MAPO
2023-01-26 09:03:59,327 - INFO - MAPO
2023-01-26 09:03:59,327 - INFO - MAPO
2023-01-26 09:03:59,327 - INFO - MAPO
2023-01-26 09:04:03,412 - INFO - MAPO
2023-01-26 09:04:03,412 - INFO - MAPO
2023-01-26 09:04:03,412 - INFO - MAPO
2023-01-26 09:04:03,412 - INFO - MAPO
2023-01-26 09:04:03,412 - INFO - MAPO
2023-01-26 09:04:06,076 - INFO - MAPO
2023-01-26 09:04:06,076 - INFO - MAPO
2023-01-26 09:04:06,076 - INFO - MAPO
2023-01-26 09:04:06,076 - INFO - MAPO
2023-01-26 09:04:06,076 - INFO - MAPO
2023-01-26 09:04:06,076 - INFO - MAPO
2023-01-26 09:04:10,668 - INFO - NOWON
2023-01-26 09:04:10,668 - INFO - NOWON
2023-01-26 09:04:10,668 - INFO - NOWON
2023-01-26 09:04:10,668 - INFO - NOWON
2023-01-26 09:04:10,668 - INFO - NOWON
2023-01-26 09:04:10,668 - INFO - NOWON
2023-01-26 09:04:10,668 - INFO - NOWON
2023-01-26 09:04:33,054 - INFO - JUNGGU
2023-01-26 09:04:35,196 - INFO - JUNGGU
2023-01-26 09:04:35,196 - INFO - JUNGGU
2023-01-26 09:04:44,422 - INFO - MAPO
2023-01-26 09:04:44,422 - INFO - MAPO
2023-01-26 09:04:44,422 - INFO - MAPO
2023-01-26 09:04:52,708 - INFO - MAPO
2023-01-26 09:04:52,708 - INFO - MAPO
2023-01-26 09:04:52,708 - INFO - MAPO
2023-01-26 09:04:52,708 - INFO - MAPO
2023-01-26 09:04:56,895 - INFO - MAPO
2023-01-26 09:04:56,895 - INFO - MAPO
2023-01-26 09:04:56,895 - INFO - MAPO
2023-01-26 09:04:56,895 - INFO - MAPO
2023-01-26 09:04:56,895 - INFO - MAPO
2023-01-26 09:04:59,447 - INFO - MAPO
2023-01-26 09:04:59,447 - INFO - MAPO
2023-01-26 09:04:59,447 - INFO - MAPO
2023-01-26 09:04:59,447 - INFO - MAPO
2023-01-26 09:04:59,447 - INFO - MAPO
2023-01-26 09:04:59,447 - INFO - MAPO
2023-01-26 09:05:03,235 - INFO - NOWON
2023-01-26 09:05:03,235 - INFO - NOWON
2023-01-26 09:05:03,235 - INFO - NOWON
2023-01-26 09:05:03,235 - INFO - NOWON
2023-01-26 09:05:03,235 - INFO - NOWON
2023-01-26 09:05:03,235 - INFO - NOWON
2023-01-26 09:05:03,235 - INFO - NOWON
2023-01-26 09:05:12,639 - INFO - NOWON
2023-01-26 09:05:12,639 - INFO - NOWON
2023-01-26 09:05:12,639 - INFO - NOWON
2023-01-26 09:05:12,639 - INFO - NOWON
2023-01-26 09:05:12,639 - INFO - NOWON
2023-01-26 09:05:12,639 - INFO - NOWON
2023-01-26 09:05:12,639 - INFO - NOWON
2023-01-26 09:05:12,639 - INFO - NOWON
2023-01-26 09:05:32,441 - INFO - SEOCHO
2023-01-26 09:05:32,441 - INFO - SEOCHO
2023-01-26 09:05:32,441 - INFO - SEOCHO
2023-01-26 09:05:32,441 - INFO - SEOCHO
2023-01-26 09:05:32,441 - INFO - SEOCHO
2023-01-26 09:05:32,441 - INFO - SEOCHO
2023-01-26 09:05:32,441 - INFO - SEOCHO
2023-01-26 09:05:32,441 - INFO - SEOCHO
2023-01-26 09:05:32,441 - INFO - SEOCHO
2023-01-26 09:05:34,195 - INFO - SEOCHO
2023-01-26 09:05:34,195 - INFO - SEOCHO
2023-01-26 09:05:34,195 - INFO - SEOCHO
2023-01-26 09:05:34,195 - INFO - SEOCHO
2023-01-26 09:05:34,195 - INFO - SEOCHO
2023-01-26 09:05:34,195 - INFO - SEOCHO
2023-01-26 09:05:34,195 - INFO - SEOCHO
2023-01-26 09:05:34,195 - INFO - SEOCHO
2023-01-26 09:05:34,195 - INFO - SEOCHO
2023-01-26 09:05:34,195 - INFO - SEOCHO
2023-01-26 09:05:35,980 - INFO - SEOCHO
2023-01-26 09:05:35,980 - INFO - SEOCHO
2023-01-26 09:05:35,980 - INFO - SEOCHO
2023-01-26 09:05:35,980 - INFO - SEOCHO
2023-01-26 09:05:35,980 - INFO - SEOCHO
2023-01-26 09:05:35,980 - INFO - SEOCHO
2023-01-26 09:05:35,980 - INFO - SEOCHO
2023-01-26 09:05:35,980 - INFO - SEOCHO
2023-01-26 09:05:35,980 - INFO - SEOCHO
2023-01-26 09:05:35,980 - INFO - SEOCHO
2023-01-26 09:05:35,980 - INFO - SEOCHO
2023-01-26 09:05:37,806 - INFO - SEOCHO
2023-01-26 09:05:37,806 - INFO - SEOCHO
2023-01-26 09:05:37,806 - INFO - SEOCHO
2023-01-26 09:05:37,806 - INFO - SEOCHO
2023-01-26 09:05:37,806 - INFO - SEOCHO
2023-01-26 09:05:37,806 - INFO - SEOCHO
2023-01-26 09:05:37,806 - INFO - SEOCHO
2023-01-26 09:05:37,806 - INFO - SEOCHO
2023-01-26 09:05:37,806 - INFO - SEOCHO
2023-01-26 09:05:37,806 - INFO - SEOCHO
2023-01-26 09:05:37,806 - INFO - SEOCHO
2023-01-26 09:05:37,806 - INFO - SEOCHO
2023-01-26 09:05:38,848 - INFO - SEONGBUK
2023-01-26 09:05:38,848 - INFO - SEONGBUK
2023-01-26 09:05:38,848 - INFO - SEONGBUK
2023-01-26 09:05:38,848 - INFO - SEONGBUK
2023-01-26 09:05:38,848 - INFO - SEONGBUK
2023-01-26 09:05:38,848 - INFO - SEONGBUK
2023-01-26 09:05:38,848 - INFO - SEONGBUK
2023-01-26 09:05:38,848 - INFO - SEONGBUK
2023-01-26 09:05:38,848 - INFO - SEONGBUK
2023-01-26 09:05:38,848 - INFO - SEONGBUK
2023-01-26 09:05:38,848 - INFO - SEONGBUK
2023-01-26 09:05:38,848 - INFO - SEONGBUK
2023-01-26 09:05:38,848 - INFO - SEONGBUK
2023-01-26 09:05:46,647 - INFO - SONGPA
2023-01-26 09:05:46,647 - INFO - SONGPA
2023-01-26 09:05:46,647 - INFO - SONGPA
2023-01-26 09:05:46,647 - INFO - SONGPA
2023-01-26 09:05:46,647 - INFO - SONGPA
2023-01-26 09:05:46,647 - INFO - SONGPA
2023-01-26 09:05:46,647 - INFO - SONGPA
2023-01-26 09:05:46,647 - INFO - SONGPA
2023-01-26 09:05:46,647 - INFO - SONGPA
2023-01-26 09:05:46,647 - INFO - SONGPA
2023-01-26 09:05:46,647 - INFO - SONGPA
2023-01-26 09:05:46,647 - INFO - SONGPA
2023-01-26 09:05:46,647 - INFO - SONGPA
2023-01-26 09:05:46,647 - INFO - SONGPA
2023-01-26 09:06:28,922 - INFO - JUNGGU
2023-01-26 09:06:30,476 - INFO - JUNGGU
2023-01-26 09:06:30,476 - INFO - JUNGGU
2023-01-26 09:06:39,006 - INFO - MAPO
2023-01-26 09:06:39,006 - INFO - MAPO
2023-01-26 09:06:39,006 - INFO - MAPO
2023-01-26 09:06:47,604 - INFO - MAPO
2023-01-26 09:06:47,604 - INFO - MAPO
2023-01-26 09:06:47,604 - INFO - MAPO
2023-01-26 09:06:47,604 - INFO - MAPO
2023-01-26 09:06:51,744 - INFO - MAPO
2023-01-26 09:06:51,744 - INFO - MAPO
2023-01-26 09:06:51,744 - INFO - MAPO
2023-01-26 09:06:51,744 - INFO - MAPO
2023-01-26 09:06:51,744 - INFO - MAPO
2023-01-26 09:06:54,225 - INFO - MAPO
2023-01-26 09:06:54,225 - INFO - MAPO
2023-01-26 09:06:54,225 - INFO - MAPO
2023-01-26 09:06:54,225 - INFO - MAPO
2023-01-26 09:06:54,225 - INFO - MAPO
2023-01-26 09:06:54,225 - INFO - MAPO
2023-01-26 09:06:57,989 - INFO - NOWON
2023-01-26 09:06:57,989 - INFO - NOWON
2023-01-26 09:06:57,989 - INFO - NOWON
2023-01-26 09:06:57,989 - INFO - NOWON
2023-01-26 09:06:57,989 - INFO - NOWON
2023-01-26 09:06:57,989 - INFO - NOWON
2023-01-26 09:06:57,989 - INFO - NOWON
2023-01-26 09:07:07,416 - INFO - NOWON
2023-01-26 09:07:07,416 - INFO - NOWON
2023-01-26 09:07:07,416 - INFO - NOWON
2023-01-26 09:07:07,416 - INFO - NOWON
2023-01-26 09:07:07,416 - INFO - NOWON
2023-01-26 09:07:07,416 - INFO - NOWON
2023-01-26 09:07:07,416 - INFO - NOWON
2023-01-26 09:07:07,416 - INFO - NOWON
2023-01-26 09:07:26,574 - INFO - SEOCHO
2023-01-26 09:07:26,574 - INFO - SEOCHO
2023-01-26 09:07:26,574 - INFO - SEOCHO
2023-01-26 09:07:26,574 - INFO - SEOCHO
2023-01-26 09:07:26,574 - INFO - SEOCHO
2023-01-26 09:07:26,574 - INFO - SEOCHO
2023-01-26 09:07:26,574 - INFO - SEOCHO
2023-01-26 09:07:26,574 - INFO - SEOCHO
2023-01-26 09:07:26,574 - INFO - SEOCHO
2023-01-26 09:07:28,374 - INFO - SEOCHO
2023-01-26 09:07:28,374 - INFO - SEOCHO
2023-01-26 09:07:28,374 - INFO - SEOCHO
2023-01-26 09:07:28,374 - INFO - SEOCHO
2023-01-26 09:07:28,374 - INFO - SEOCHO
2023-01-26 09:07:28,374 - INFO - SEOCHO
2023-01-26 09:07:28,374 - INFO - SEOCHO
2023-01-26 09:07:28,374 - INFO - SEOCHO
2023-01-26 09:07:28,374 - INFO - SEOCHO
2023-01-26 09:07:28,374 - INFO - SEOCHO
2023-01-26 09:07:30,652 - INFO - SEOCHO
2023-01-26 09:07:30,652 - INFO - SEOCHO
2023-01-26 09:07:30,652 - INFO - SEOCHO
2023-01-26 09:07:30,652 - INFO - SEOCHO
2023-01-26 09:07:30,652 - INFO - SEOCHO
2023-01-26 09:07:30,652 - INFO - SEOCHO
2023-01-26 09:07:30,652 - INFO - SEOCHO
2023-01-26 09:07:30,652 - INFO - SEOCHO
2023-01-26 09:07:30,652 - INFO - SEOCHO
2023-01-26 09:07:30,652 - INFO - SEOCHO
2023-01-26 09:07:30,652 - INFO - SEOCHO
2023-01-26 09:07:32,355 - INFO - SEOCHO
2023-01-26 09:07:32,355 - INFO - SEOCHO
2023-01-26 09:07:32,355 - INFO - SEOCHO
2023-01-26 09:07:32,355 - INFO - SEOCHO
2023-01-26 09:07:32,355 - INFO - SEOCHO
2023-01-26 09:07:32,355 - INFO - SEOCHO
2023-01-26 09:07:32,355 - INFO - SEOCHO
2023-01-26 09:07:32,355 - INFO - SEOCHO
2023-01-26 09:07:32,355 - INFO - SEOCHO
2023-01-26 09:07:32,355 - INFO - SEOCHO
2023-01-26 09:07:32,355 - INFO - SEOCHO
2023-01-26 09:07:32,355 - INFO - SEOCHO
2023-01-26 09:07:33,443 - INFO - SEONGBUK
2023-01-26 09:07:33,443 - INFO - SEONGBUK
2023-01-26 09:07:33,443 - INFO - SEONGBUK
2023-01-26 09:07:33,443 - INFO - SEONGBUK
2023-01-26 09:07:33,443 - INFO - SEONGBUK
2023-01-26 09:07:33,443 - INFO - SEONGBUK
2023-01-26 09:07:33,443 - INFO - SEONGBUK
2023-01-26 09:07:33,443 - INFO - SEONGBUK
2023-01-26 09:07:33,443 - INFO - SEONGBUK
2023-01-26 09:07:33,443 - INFO - SEONGBUK
2023-01-26 09:07:33,443 - INFO - SEONGBUK
2023-01-26 09:07:33,443 - INFO - SEONGBUK
2023-01-26 09:07:33,443 - INFO - SEONGBUK
2023-01-26 09:07:41,565 - INFO - SONGPA
2023-01-26 09:07:41,565 - INFO - SONGPA
2023-01-26 09:07:41,565 - INFO - SONGPA
2023-01-26 09:07:41,565 - INFO - SONGPA
2023-01-26 09:07:41,565 - INFO - SONGPA
2023-01-26 09:07:41,565 - INFO - SONGPA
2023-01-26 09:07:41,565 - INFO - SONGPA
2023-01-26 09:07:41,565 - INFO - SONGPA
2023-01-26 09:07:41,565 - INFO - SONGPA
2023-01-26 09:07:41,565 - INFO - SONGPA
2023-01-26 09:07:41,565 - INFO - SONGPA
2023-01-26 09:07:41,565 - INFO - SONGPA
2023-01-26 09:07:41,565 - INFO - SONGPA
2023-01-26 09:07:41,565 - INFO - SONGPA
2023-01-26 09:07:44,080 - INFO - SONGPA
2023-01-26 09:07:44,080 - INFO - SONGPA
2023-01-26 09:07:44,080 - INFO - SONGPA
2023-01-26 09:07:44,080 - INFO - SONGPA
2023-01-26 09:07:44,080 - INFO - SONGPA
2023-01-26 09:07:44,080 - INFO - SONGPA
2023-01-26 09:07:44,080 - INFO - SONGPA
2023-01-26 09:07:44,080 - INFO - SONGPA
2023-01-26 09:07:44,080 - INFO - SONGPA
2023-01-26 09:07:44,080 - INFO - SONGPA
2023-01-26 09:07:44,080 - INFO - SONGPA
2023-01-26 09:07:44,080 - INFO - SONGPA
2023-01-26 09:07:44,080 - INFO - SONGPA
2023-01-26 09:07:44,080 - INFO - SONGPA
2023-01-26 09:07:44,080 - INFO - SONGPA
2023-01-26 09:07:46,573 - INFO - SONGPA
2023-01-26 09:07:46,573 - INFO - SONGPA
2023-01-26 09:07:46,573 - INFO - SONGPA
2023-01-26 09:07:46,573 - INFO - SONGPA
2023-01-26 09:07:46,573 - INFO - SONGPA
2023-01-26 09:07:46,573 - INFO - SONGPA
2023-01-26 09:07:46,573 - INFO - SONGPA
2023-01-26 09:07:46,573 - INFO - SONGPA
2023-01-26 09:07:46,573 - INFO - SONGPA
2023-01-26 09:07:46,573 - INFO - SONGPA
2023-01-26 09:07:46,573 - INFO - SONGPA
2023-01-26 09:07:46,573 - INFO - SONGPA
2023-01-26 09:07:46,573 - INFO - SONGPA
2023-01-26 09:07:46,573 - INFO - SONGPA
2023-01-26 09:07:46,573 - INFO - SONGPA
2023-01-26 09:07:46,573 - INFO - SONGPA
2023-01-26 09:09:29,783 - INFO - JUNGGU
2023-01-26 09:09:31,368 - INFO - JUNGGU
2023-01-26 09:09:31,368 - INFO - JUNGGU
2023-01-26 09:09:40,596 - INFO - MAPO
2023-01-26 09:09:40,596 - INFO - MAPO
2023-01-26 09:09:40,596 - INFO - MAPO
2023-01-26 09:09:48,816 - INFO - MAPO
2023-01-26 09:09:48,816 - INFO - MAPO
2023-01-26 09:09:48,816 - INFO - MAPO
2023-01-26 09:09:48,816 - INFO - MAPO
2023-01-26 09:09:52,962 - INFO - MAPO
2023-01-26 09:09:52,962 - INFO - MAPO
2023-01-26 09:09:52,962 - INFO - MAPO
2023-01-26 09:09:52,962 - INFO - MAPO
2023-01-26 09:09:52,962 - INFO - MAPO
2023-01-26 09:09:56,391 - INFO - MAPO
2023-01-26 09:09:56,391 - INFO - MAPO
2023-01-26 09:09:56,391 - INFO - MAPO
2023-01-26 09:09:56,391 - INFO - MAPO
2023-01-26 09:09:56,391 - INFO - MAPO
2023-01-26 09:09:56,391 - INFO - MAPO
2023-01-26 09:10:00,134 - INFO - NOWON
2023-01-26 09:10:00,134 - INFO - NOWON
2023-01-26 09:10:00,134 - INFO - NOWON
2023-01-26 09:10:00,134 - INFO - NOWON
2023-01-26 09:10:00,134 - INFO - NOWON
2023-01-26 09:10:00,134 - INFO - NOWON
2023-01-26 09:10:00,134 - INFO - NOWON
2023-01-26 09:10:09,663 - INFO - NOWON
2023-01-26 09:10:09,663 - INFO - NOWON
2023-01-26 09:10:09,663 - INFO - NOWON
2023-01-26 09:10:09,663 - INFO - NOWON
2023-01-26 09:10:09,663 - INFO - NOWON
2023-01-26 09:10:09,663 - INFO - NOWON
2023-01-26 09:10:09,663 - INFO - NOWON
2023-01-26 09:10:09,663 - INFO - NOWON
2023-01-26 09:10:29,153 - INFO - SEOCHO
2023-01-26 09:10:29,153 - INFO - SEOCHO
2023-01-26 09:10:29,153 - INFO - SEOCHO
2023-01-26 09:10:29,153 - INFO - SEOCHO
2023-01-26 09:10:29,153 - INFO - SEOCHO
2023-01-26 09:10:29,153 - INFO - SEOCHO
2023-01-26 09:10:29,153 - INFO - SEOCHO
2023-01-26 09:10:29,153 - INFO - SEOCHO
2023-01-26 09:10:29,153 - INFO - SEOCHO
2023-01-26 09:10:31,091 - INFO - SEOCHO
2023-01-26 09:10:31,091 - INFO - SEOCHO
2023-01-26 09:10:31,091 - INFO - SEOCHO
2023-01-26 09:10:31,091 - INFO - SEOCHO
2023-01-26 09:10:31,091 - INFO - SEOCHO
2023-01-26 09:10:31,091 - INFO - SEOCHO
2023-01-26 09:10:31,091 - INFO - SEOCHO
2023-01-26 09:10:31,091 - INFO - SEOCHO
2023-01-26 09:10:31,091 - INFO - SEOCHO
2023-01-26 09:10:31,091 - INFO - SEOCHO
2023-01-26 09:10:32,831 - INFO - SEOCHO
2023-01-26 09:10:32,831 - INFO - SEOCHO
2023-01-26 09:10:32,831 - INFO - SEOCHO
2023-01-26 09:10:32,831 - INFO - SEOCHO
2023-01-26 09:10:32,831 - INFO - SEOCHO
2023-01-26 09:10:32,831 - INFO - SEOCHO
2023-01-26 09:10:32,831 - INFO - SEOCHO
2023-01-26 09:10:32,831 - INFO - SEOCHO
2023-01-26 09:10:32,831 - INFO - SEOCHO
2023-01-26 09:10:32,831 - INFO - SEOCHO
2023-01-26 09:10:32,831 - INFO - SEOCHO
2023-01-26 09:10:34,633 - INFO - SEOCHO
2023-01-26 09:10:34,633 - INFO - SEOCHO
2023-01-26 09:10:34,633 - INFO - SEOCHO
2023-01-26 09:10:34,633 - INFO - SEOCHO
2023-01-26 09:10:34,633 - INFO - SEOCHO
2023-01-26 09:10:34,633 - INFO - SEOCHO
2023-01-26 09:10:34,633 - INFO - SEOCHO
2023-01-26 09:10:34,633 - INFO - SEOCHO
2023-01-26 09:10:34,633 - INFO - SEOCHO
2023-01-26 09:10:34,633 - INFO - SEOCHO
2023-01-26 09:10:34,633 - INFO - SEOCHO
2023-01-26 09:10:34,633 - INFO - SEOCHO
2023-01-26 09:10:35,760 - INFO - SEONGBUK
2023-01-26 09:10:35,760 - INFO - SEONGBUK
2023-01-26 09:10:35,760 - INFO - SEONGBUK
2023-01-26 09:10:35,760 - INFO - SEONGBUK
2023-01-26 09:10:35,760 - INFO - SEONGBUK
2023-01-26 09:10:35,760 - INFO - SEONGBUK
2023-01-26 09:10:35,760 - INFO - SEONGBUK
2023-01-26 09:10:35,760 - INFO - SEONGBUK
2023-01-26 09:10:35,760 - INFO - SEONGBUK
2023-01-26 09:10:35,760 - INFO - SEONGBUK
2023-01-26 09:10:35,760 - INFO - SEONGBUK
2023-01-26 09:10:35,760 - INFO - SEONGBUK
2023-01-26 09:10:35,760 - INFO - SEONGBUK
2023-01-26 09:10:43,880 - INFO - SONGPA
2023-01-26 09:10:43,880 - INFO - SONGPA
2023-01-26 09:10:43,880 - INFO - SONGPA
2023-01-26 09:10:43,880 - INFO - SONGPA
2023-01-26 09:10:43,880 - INFO - SONGPA
2023-01-26 09:10:43,880 - INFO - SONGPA
2023-01-26 09:10:43,880 - INFO - SONGPA
2023-01-26 09:10:43,880 - INFO - SONGPA
2023-01-26 09:10:43,880 - INFO - SONGPA
2023-01-26 09:10:43,880 - INFO - SONGPA
2023-01-26 09:10:43,880 - INFO - SONGPA
2023-01-26 09:10:43,880 - INFO - SONGPA
2023-01-26 09:10:43,880 - INFO - SONGPA
2023-01-26 09:10:43,880 - INFO - SONGPA
2023-01-26 09:10:46,477 - INFO - SONGPA
2023-01-26 09:10:46,477 - INFO - SONGPA
2023-01-26 09:10:46,477 - INFO - SONGPA
2023-01-26 09:10:46,477 - INFO - SONGPA
2023-01-26 09:10:46,477 - INFO - SONGPA
2023-01-26 09:10:46,477 - INFO - SONGPA
2023-01-26 09:10:46,477 - INFO - SONGPA
2023-01-26 09:10:46,477 - INFO - SONGPA
2023-01-26 09:10:46,477 - INFO - SONGPA
2023-01-26 09:10:46,477 - INFO - SONGPA
2023-01-26 09:10:46,477 - INFO - SONGPA
2023-01-26 09:10:46,477 - INFO - SONGPA
2023-01-26 09:10:46,477 - INFO - SONGPA
2023-01-26 09:10:46,477 - INFO - SONGPA
2023-01-26 09:10:46,477 - INFO - SONGPA
2023-01-26 09:10:49,093 - INFO - SONGPA
2023-01-26 09:10:49,093 - INFO - SONGPA
2023-01-26 09:10:49,093 - INFO - SONGPA
2023-01-26 09:10:49,093 - INFO - SONGPA
2023-01-26 09:10:49,093 - INFO - SONGPA
2023-01-26 09:10:49,093 - INFO - SONGPA
2023-01-26 09:10:49,093 - INFO - SONGPA
2023-01-26 09:10:49,093 - INFO - SONGPA
2023-01-26 09:10:49,093 - INFO - SONGPA
2023-01-26 09:10:49,093 - INFO - SONGPA
2023-01-26 09:10:49,093 - INFO - SONGPA
2023-01-26 09:10:49,093 - INFO - SONGPA
2023-01-26 09:10:49,093 - INFO - SONGPA
2023-01-26 09:10:49,093 - INFO - SONGPA
2023-01-26 09:10:49,093 - INFO - SONGPA
2023-01-26 09:10:49,093 - INFO - SONGPA
2023-01-26 09:10:50,536 - INFO - YANGCHEON
2023-01-26 09:10:50,536 - INFO - YANGCHEON
2023-01-26 09:10:50,536 - INFO - YANGCHEON
2023-01-26 09:10:50,536 - INFO - YANGCHEON
2023-01-26 09:10:50,536 - INFO - YANGCHEON
2023-01-26 09:10:50,536 - INFO - YANGCHEON
2023-01-26 09:10:50,536 - INFO - YANGCHEON
2023-01-26 09:10:50,536 - INFO - YANGCHEON
2023-01-26 09:10:50,536 - INFO - YANGCHEON
2023-01-26 09:10:50,536 - INFO - YANGCHEON
2023-01-26 09:10:50,536 - INFO - YANGCHEON
2023-01-26 09:10:50,536 - INFO - YANGCHEON
2023-01-26 09:10:50,536 - INFO - YANGCHEON
2023-01-26 09:10:50,536 - INFO - YANGCHEON
2023-01-26 09:10:50,536 - INFO - YANGCHEON
2023-01-26 09:10:50,536 - INFO - YANGCHEON
2023-01-26 09:10:50,536 - INFO - YANGCHEON
2023-01-26 09:11:00,601 - INFO - YANGCHEON
2023-01-26 09:11:00,601 - INFO - YANGCHEON
2023-01-26 09:11:00,601 - INFO - YANGCHEON
2023-01-26 09:11:00,601 - INFO - YANGCHEON
2023-01-26 09:11:00,601 - INFO - YANGCHEON
2023-01-26 09:11:00,601 - INFO - YANGCHEON
2023-01-26 09:11:00,601 - INFO - YANGCHEON
2023-01-26 09:11:00,601 - INFO - YANGCHEON
2023-01-26 09:11:00,601 - INFO - YANGCHEON
2023-01-26 09:11:00,601 - INFO - YANGCHEON
2023-01-26 09:11:00,601 - INFO - YANGCHEON
2023-01-26 09:11:00,601 - INFO - YANGCHEON
2023-01-26 09:11:00,601 - INFO - YANGCHEON
2023-01-26 09:11:00,601 - INFO - YANGCHEON
2023-01-26 09:11:00,601 - INFO - YANGCHEON
2023-01-26 09:11:00,601 - INFO - YANGCHEON
2023-01-26 09:11:00,601 - INFO - YANGCHEON
2023-01-26 09:11:00,601 - INFO - YANGCHEON
2023-01-26 09:11:02,249 - INFO - YEONGDEUNGPO
2023-01-26 09:11:02,249 - INFO - YEONGDEUNGPO
2023-01-26 09:11:02,249 - INFO - YEONGDEUNGPO
2023-01-26 09:11:02,249 - INFO - YEONGDEUNGPO
2023-01-26 09:11:02,249 - INFO - YEONGDEUNGPO
2023-01-26 09:11:02,249 - INFO - YEONGDEUNGPO
2023-01-26 09:11:02,249 - INFO - YEONGDEUNGPO
2023-01-26 09:11:02,249 - INFO - YEONGDEUNGPO
2023-01-26 09:11:02,249 - INFO - YEONGDEUNGPO
2023-01-26 09:11:02,249 - INFO - YEONGDEUNGPO
2023-01-26 09:11:02,249 - INFO - YEONGDEUNGPO
2023-01-26 09:11:02,249 - INFO - YEONGDEUNGPO
2023-01-26 09:11:02,249 - INFO - YEONGDEUNGPO
2023-01-26 09:11:02,249 - INFO - YEONGDEUNGPO
2023-01-26 09:11:02,249 - INFO - YEONGDEUNGPO
2023-01-26 09:11:02,249 - INFO - YEONGDEUNGPO
2023-01-26 09:11:02,249 - INFO - YEONGDEUNGPO
2023-01-26 09:11:02,249 - INFO - YEONGDEUNGPO
2023-01-26 09:11:02,249 - INFO - YEONGDEUNGPO
2023-01-26 09:11:04,042 - INFO - YEONGDEUNGPO
2023-01-26 09:11:04,042 - INFO - YEONGDEUNGPO
2023-01-26 09:11:04,042 - INFO - YEONGDEUNGPO
2023-01-26 09:11:04,042 - INFO - YEONGDEUNGPO
2023-01-26 09:11:04,042 - INFO - YEONGDEUNGPO
2023-01-26 09:11:04,042 - INFO - YEONGDEUNGPO
2023-01-26 09:11:04,042 - INFO - YEONGDEUNGPO
2023-01-26 09:11:04,042 - INFO - YEONGDEUNGPO
2023-01-26 09:11:04,042 - INFO - YEONGDEUNGPO
2023-01-26 09:11:04,042 - INFO - YEONGDEUNGPO
2023-01-26 09:11:04,042 - INFO - YEONGDEUNGPO
2023-01-26 09:11:04,042 - INFO - YEONGDEUNGPO
2023-01-26 09:11:04,042 - INFO - YEONGDEUNGPO
2023-01-26 09:11:04,042 - INFO - YEONGDEUNGPO
2023-01-26 09:11:04,042 - INFO - YEONGDEUNGPO
2023-01-26 09:11:04,042 - INFO - YEONGDEUNGPO
2023-01-26 09:11:04,042 - INFO - YEONGDEUNGPO
2023-01-26 09:11:04,042 - INFO - YEONGDEUNGPO
2023-01-26 09:11:04,042 - INFO - YEONGDEUNGPO
2023-01-26 09:11:04,042 - INFO - YEONGDEUNGPO
2023-01-26 09:11:06,820 - INFO - SEOUL
2023-01-26 09:11:06,820 - INFO - SEOUL
2023-01-26 09:11:06,820 - INFO - SEOUL
2023-01-26 09:11:06,820 - INFO - SEOUL
2023-01-26 09:11:06,820 - INFO - SEOUL
2023-01-26 09:11:06,820 - INFO - SEOUL
2023-01-26 09:11:06,820 - INFO - SEOUL
2023-01-26 09:11:06,820 - INFO - SEOUL
2023-01-26 09:11:06,820 - INFO - SEOUL
2023-01-26 09:11:06,820 - INFO - SEOUL
2023-01-26 09:11:06,820 - INFO - SEOUL
2023-01-26 09:11:06,820 - INFO - SEOUL
2023-01-26 09:11:06,820 - INFO - SEOUL
2023-01-26 09:11:06,820 - INFO - SEOUL
2023-01-26 09:11:06,820 - INFO - SEOUL
2023-01-26 09:11:06,820 - INFO - SEOUL
2023-01-26 09:11:06,820 - INFO - SEOUL
2023-01-26 09:11:06,820 - INFO - SEOUL
2023-01-26 09:11:06,820 - INFO - SEOUL
2023-01-26 09:11:06,820 - INFO - SEOUL
2023-01-26 09:11:06,820 - INFO - SEOUL
2023-01-26 09:11:09,101 - INFO - SEOUL
2023-01-26 09:11:09,101 - INFO - SEOUL
2023-01-26 09:11:09,101 - INFO - SEOUL
2023-01-26 09:11:09,101 - INFO - SEOUL
2023-01-26 09:11:09,101 - INFO - SEOUL
2023-01-26 09:11:09,101 - INFO - SEOUL
2023-01-26 09:11:09,101 - INFO - SEOUL
2023-01-26 09:11:09,101 - INFO - SEOUL
2023-01-26 09:11:09,101 - INFO - SEOUL
2023-01-26 09:11:09,101 - INFO - SEOUL
2023-01-26 09:11:09,101 - INFO - SEOUL
2023-01-26 09:11:09,101 - INFO - SEOUL
2023-01-26 09:11:09,101 - INFO - SEOUL
2023-01-26 09:11:09,101 - INFO - SEOUL
2023-01-26 09:11:09,101 - INFO - SEOUL
2023-01-26 09:11:09,101 - INFO - SEOUL
2023-01-26 09:11:09,101 - INFO - SEOUL
2023-01-26 09:11:09,101 - INFO - SEOUL
2023-01-26 09:11:09,101 - INFO - SEOUL
2023-01-26 09:11:09,101 - INFO - SEOUL
2023-01-26 09:11:09,101 - INFO - SEOUL
2023-01-26 09:11:09,101 - INFO - SEOUL
2023-01-26 09:11:21,219 - INFO - SEOUL
2023-01-26 09:11:21,219 - INFO - SEOUL
2023-01-26 09:11:21,219 - INFO - SEOUL
2023-01-26 09:11:21,219 - INFO - SEOUL
2023-01-26 09:11:21,219 - INFO - SEOUL
2023-01-26 09:11:21,219 - INFO - SEOUL
2023-01-26 09:11:21,219 - INFO - SEOUL
2023-01-26 09:11:21,219 - INFO - SEOUL
2023-01-26 09:11:21,219 - INFO - SEOUL
2023-01-26 09:11:21,219 - INFO - SEOUL
2023-01-26 09:11:21,219 - INFO - SEOUL
2023-01-26 09:11:21,219 - INFO - SEOUL
2023-01-26 09:11:21,219 - INFO - SEOUL
2023-01-26 09:11:21,219 - INFO - SEOUL
2023-01-26 09:11:21,219 - INFO - SEOUL
2023-01-26 09:11:21,219 - INFO - SEOUL
2023-01-26 09:11:21,219 - INFO - SEOUL
2023-01-26 09:11:21,219 - INFO - SEOUL
2023-01-26 09:11:21,219 - INFO - SEOUL
2023-01-26 09:11:21,219 - INFO - SEOUL
2023-01-26 09:11:21,219 - INFO - SEOUL
2023-01-26 09:11:21,219 - INFO - SEOUL
2023-01-26 09:11:21,219 - INFO - SEOUL
2023-01-26 09:11:23,994 - INFO - SEOUL
2023-01-26 09:11:23,994 - INFO - SEOUL
2023-01-26 09:11:23,994 - INFO - SEOUL
2023-01-26 09:11:23,994 - INFO - SEOUL
2023-01-26 09:11:23,994 - INFO - SEOUL
2023-01-26 09:11:23,994 - INFO - SEOUL
2023-01-26 09:11:23,994 - INFO - SEOUL
2023-01-26 09:11:23,994 - INFO - SEOUL
2023-01-26 09:11:23,994 - INFO - SEOUL
2023-01-26 09:11:23,994 - INFO - SEOUL
2023-01-26 09:11:23,994 - INFO - SEOUL
2023-01-26 09:11:23,994 - INFO - SEOUL
2023-01-26 09:11:23,994 - INFO - SEOUL
2023-01-26 09:11:23,994 - INFO - SEOUL
2023-01-26 09:11:23,994 - INFO - SEOUL
2023-01-26 09:11:23,994 - INFO - SEOUL
2023-01-26 09:11:23,994 - INFO - SEOUL
2023-01-26 09:11:23,994 - INFO - SEOUL
2023-01-26 09:11:23,994 - INFO - SEOUL
2023-01-26 09:11:23,994 - INFO - SEOUL
2023-01-26 09:11:23,994 - INFO - SEOUL
2023-01-26 09:11:23,994 - INFO - SEOUL
2023-01-26 09:11:23,994 - INFO - SEOUL
2023-01-26 09:11:23,994 - INFO - SEOUL
2023-01-26 09:11:24,555 - WARNING - Failed to parse headers (url=https://www.sscmc.or.kr:443/info/notice/list.asp?db=BBS_notice&pageno=1&startpage=1&where=&keyfield=&keyword=&catekkk=): [MissingHeaderBodySeparatorDefect()], unparsed data: 'Server : Wow 3.8\r\nDate: Thu, 26 Jan 2023 00:11:24 GMT\r\nContent-Type: text/html\r\nContent-Length: 41653\r\nConnection: keep-alive\r\nCache-Control: private\r\nSet-Cookie: ASPSESSIONIDCQDARRQC=MMLNPDHAHKNNNDBGMNFNEEGO; path=/\r\nX-Frame-Options: SAMEORIGIN\r\n\r\n'
Traceback (most recent call last):
  File "/Users/yeon/Library/Python/3.9/lib/python/site-packages/urllib3/connectionpool.py", line 469, in _make_request
    assert_header_parsing(httplib_response.msg)
  File "/Users/yeon/Library/Python/3.9/lib/python/site-packages/urllib3/util/response.py", line 91, in assert_header_parsing
    raise HeaderParsingError(defects=defects, unparsed_data=unparsed_data)
urllib3.exceptions.HeaderParsingError: [MissingHeaderBodySeparatorDefect()], unparsed data: 'Server : Wow 3.8\r\nDate: Thu, 26 Jan 2023 00:11:24 GMT\r\nContent-Type: text/html\r\nContent-Length: 41653\r\nConnection: keep-alive\r\nCache-Control: private\r\nSet-Cookie: ASPSESSIONIDCQDARRQC=MMLNPDHAHKNNNDBGMNFNEEGO; path=/\r\nX-Frame-Options: SAMEORIGIN\r\n\r\n'
2023-01-26 09:11:24,555 - WARNING - Failed to parse headers (url=https://www.sscmc.or.kr:443/info/notice/list.asp?db=BBS_notice&pageno=1&startpage=1&where=&keyfield=&keyword=&catekkk=): [MissingHeaderBodySeparatorDefect()], unparsed data: 'Server : Wow 3.8\r\nDate: Thu, 26 Jan 2023 00:11:24 GMT\r\nContent-Type: text/html\r\nContent-Length: 41653\r\nConnection: keep-alive\r\nCache-Control: private\r\nSet-Cookie: ASPSESSIONIDCQDARRQC=MMLNPDHAHKNNNDBGMNFNEEGO; path=/\r\nX-Frame-Options: SAMEORIGIN\r\n\r\n'
Traceback (most recent call last):
  File "/Users/yeon/Library/Python/3.9/lib/python/site-packages/urllib3/connectionpool.py", line 469, in _make_request
    assert_header_parsing(httplib_response.msg)
  File "/Users/yeon/Library/Python/3.9/lib/python/site-packages/urllib3/util/response.py", line 91, in assert_header_parsing
    raise HeaderParsingError(defects=defects, unparsed_data=unparsed_data)
urllib3.exceptions.HeaderParsingError: [MissingHeaderBodySeparatorDefect()], unparsed data: 'Server : Wow 3.8\r\nDate: Thu, 26 Jan 2023 00:11:24 GMT\r\nContent-Type: text/html\r\nContent-Length: 41653\r\nConnection: keep-alive\r\nCache-Control: private\r\nSet-Cookie: ASPSESSIONIDCQDARRQC=MMLNPDHAHKNNNDBGMNFNEEGO; path=/\r\nX-Frame-Options: SAMEORIGIN\r\n\r\n'
2023-01-26 09:11:24,555 - WARNING - Failed to parse headers (url=https://www.sscmc.or.kr:443/info/notice/list.asp?db=BBS_notice&pageno=1&startpage=1&where=&keyfield=&keyword=&catekkk=): [MissingHeaderBodySeparatorDefect()], unparsed data: 'Server : Wow 3.8\r\nDate: Thu, 26 Jan 2023 00:11:24 GMT\r\nContent-Type: text/html\r\nContent-Length: 41653\r\nConnection: keep-alive\r\nCache-Control: private\r\nSet-Cookie: ASPSESSIONIDCQDARRQC=MMLNPDHAHKNNNDBGMNFNEEGO; path=/\r\nX-Frame-Options: SAMEORIGIN\r\n\r\n'
Traceback (most recent call last):
  File "/Users/yeon/Library/Python/3.9/lib/python/site-packages/urllib3/connectionpool.py", line 469, in _make_request
    assert_header_parsing(httplib_response.msg)
  File "/Users/yeon/Library/Python/3.9/lib/python/site-packages/urllib3/util/response.py", line 91, in assert_header_parsing
    raise HeaderParsingError(defects=defects, unparsed_data=unparsed_data)
urllib3.exceptions.HeaderParsingError: [MissingHeaderBodySeparatorDefect()], unparsed data: 'Server : Wow 3.8\r\nDate: Thu, 26 Jan 2023 00:11:24 GMT\r\nContent-Type: text/html\r\nContent-Length: 41653\r\nConnection: keep-alive\r\nCache-Control: private\r\nSet-Cookie: ASPSESSIONIDCQDARRQC=MMLNPDHAHKNNNDBGMNFNEEGO; path=/\r\nX-Frame-Options: SAMEORIGIN\r\n\r\n'
2023-01-26 09:11:24,555 - WARNING - Failed to parse headers (url=https://www.sscmc.or.kr:443/info/notice/list.asp?db=BBS_notice&pageno=1&startpage=1&where=&keyfield=&keyword=&catekkk=): [MissingHeaderBodySeparatorDefect()], unparsed data: 'Server : Wow 3.8\r\nDate: Thu, 26 Jan 2023 00:11:24 GMT\r\nContent-Type: text/html\r\nContent-Length: 41653\r\nConnection: keep-alive\r\nCache-Control: private\r\nSet-Cookie: ASPSESSIONIDCQDARRQC=MMLNPDHAHKNNNDBGMNFNEEGO; path=/\r\nX-Frame-Options: SAMEORIGIN\r\n\r\n'
Traceback (most recent call last):
  File "/Users/yeon/Library/Python/3.9/lib/python/site-packages/urllib3/connectionpool.py", line 469, in _make_request
    assert_header_parsing(httplib_response.msg)
  File "/Users/yeon/Library/Python/3.9/lib/python/site-packages/urllib3/util/response.py", line 91, in assert_header_parsing
    raise HeaderParsingError(defects=defects, unparsed_data=unparsed_data)
urllib3.exceptions.HeaderParsingError: [MissingHeaderBodySeparatorDefect()], unparsed data: 'Server : Wow 3.8\r\nDate: Thu, 26 Jan 2023 00:11:24 GMT\r\nContent-Type: text/html\r\nContent-Length: 41653\r\nConnection: keep-alive\r\nCache-Control: private\r\nSet-Cookie: ASPSESSIONIDCQDARRQC=MMLNPDHAHKNNNDBGMNFNEEGO; path=/\r\nX-Frame-Options: SAMEORIGIN\r\n\r\n'
2023-01-26 09:11:24,555 - WARNING - Failed to parse headers (url=https://www.sscmc.or.kr:443/info/notice/list.asp?db=BBS_notice&pageno=1&startpage=1&where=&keyfield=&keyword=&catekkk=): [MissingHeaderBodySeparatorDefect()], unparsed data: 'Server : Wow 3.8\r\nDate: Thu, 26 Jan 2023 00:11:24 GMT\r\nContent-Type: text/html\r\nContent-Length: 41653\r\nConnection: keep-alive\r\nCache-Control: private\r\nSet-Cookie: ASPSESSIONIDCQDARRQC=MMLNPDHAHKNNNDBGMNFNEEGO; path=/\r\nX-Frame-Options: SAMEORIGIN\r\n\r\n'
Traceback (most recent call last):
  File "/Users/yeon/Library/Python/3.9/lib/python/site-packages/urllib3/connectionpool.py", line 469, in _make_request
    assert_header_parsing(httplib_response.msg)
  File "/Users/yeon/Library/Python/3.9/lib/python/site-packages/urllib3/util/response.py", line 91, in assert_header_parsing
    raise HeaderParsingError(defects=defects, unparsed_data=unparsed_data)
urllib3.exceptions.HeaderParsingError: [MissingHeaderBodySeparatorDefect()], unparsed data: 'Server : Wow 3.8\r\nDate: Thu, 26 Jan 2023 00:11:24 GMT\r\nContent-Type: text/html\r\nContent-Length: 41653\r\nConnection: keep-alive\r\nCache-Control: private\r\nSet-Cookie: ASPSESSIONIDCQDARRQC=MMLNPDHAHKNNNDBGMNFNEEGO; path=/\r\nX-Frame-Options: SAMEORIGIN\r\n\r\n'
2023-01-26 09:11:24,555 - WARNING - Failed to parse headers (url=https://www.sscmc.or.kr:443/info/notice/list.asp?db=BBS_notice&pageno=1&startpage=1&where=&keyfield=&keyword=&catekkk=): [MissingHeaderBodySeparatorDefect()], unparsed data: 'Server : Wow 3.8\r\nDate: Thu, 26 Jan 2023 00:11:24 GMT\r\nContent-Type: text/html\r\nContent-Length: 41653\r\nConnection: keep-alive\r\nCache-Control: private\r\nSet-Cookie: ASPSESSIONIDCQDARRQC=MMLNPDHAHKNNNDBGMNFNEEGO; path=/\r\nX-Frame-Options: SAMEORIGIN\r\n\r\n'
Traceback (most recent call last):
  File "/Users/yeon/Library/Python/3.9/lib/python/site-packages/urllib3/connectionpool.py", line 469, in _make_request
    assert_header_parsing(httplib_response.msg)
  File "/Users/yeon/Library/Python/3.9/lib/python/site-packages/urllib3/util/response.py", line 91, in assert_header_parsing
    raise HeaderParsingError(defects=defects, unparsed_data=unparsed_data)
urllib3.exceptions.HeaderParsingError: [MissingHeaderBodySeparatorDefect()], unparsed data: 'Server : Wow 3.8\r\nDate: Thu, 26 Jan 2023 00:11:24 GMT\r\nContent-Type: text/html\r\nContent-Length: 41653\r\nConnection: keep-alive\r\nCache-Control: private\r\nSet-Cookie: ASPSESSIONIDCQDARRQC=MMLNPDHAHKNNNDBGMNFNEEGO; path=/\r\nX-Frame-Options: SAMEORIGIN\r\n\r\n'
2023-01-26 09:11:24,555 - WARNING - Failed to parse headers (url=https://www.sscmc.or.kr:443/info/notice/list.asp?db=BBS_notice&pageno=1&startpage=1&where=&keyfield=&keyword=&catekkk=): [MissingHeaderBodySeparatorDefect()], unparsed data: 'Server : Wow 3.8\r\nDate: Thu, 26 Jan 2023 00:11:24 GMT\r\nContent-Type: text/html\r\nContent-Length: 41653\r\nConnection: keep-alive\r\nCache-Control: private\r\nSet-Cookie: ASPSESSIONIDCQDARRQC=MMLNPDHAHKNNNDBGMNFNEEGO; path=/\r\nX-Frame-Options: SAMEORIGIN\r\n\r\n'
Traceback (most recent call last):
  File "/Users/yeon/Library/Python/3.9/lib/python/site-packages/urllib3/connectionpool.py", line 469, in _make_request
    assert_header_parsing(httplib_response.msg)
  File "/Users/yeon/Library/Python/3.9/lib/python/site-packages/urllib3/util/response.py", line 91, in assert_header_parsing
    raise HeaderParsingError(defects=defects, unparsed_data=unparsed_data)
urllib3.exceptions.HeaderParsingError: [MissingHeaderBodySeparatorDefect()], unparsed data: 'Server : Wow 3.8\r\nDate: Thu, 26 Jan 2023 00:11:24 GMT\r\nContent-Type: text/html\r\nContent-Length: 41653\r\nConnection: keep-alive\r\nCache-Control: private\r\nSet-Cookie: ASPSESSIONIDCQDARRQC=MMLNPDHAHKNNNDBGMNFNEEGO; path=/\r\nX-Frame-Options: SAMEORIGIN\r\n\r\n'
2023-01-26 09:11:24,555 - WARNING - Failed to parse headers (url=https://www.sscmc.or.kr:443/info/notice/list.asp?db=BBS_notice&pageno=1&startpage=1&where=&keyfield=&keyword=&catekkk=): [MissingHeaderBodySeparatorDefect()], unparsed data: 'Server : Wow 3.8\r\nDate: Thu, 26 Jan 2023 00:11:24 GMT\r\nContent-Type: text/html\r\nContent-Length: 41653\r\nConnection: keep-alive\r\nCache-Control: private\r\nSet-Cookie: ASPSESSIONIDCQDARRQC=MMLNPDHAHKNNNDBGMNFNEEGO; path=/\r\nX-Frame-Options: SAMEORIGIN\r\n\r\n'
Traceback (most recent call last):
  File "/Users/yeon/Library/Python/3.9/lib/python/site-packages/urllib3/connectionpool.py", line 469, in _make_request
    assert_header_parsing(httplib_response.msg)
  File "/Users/yeon/Library/Python/3.9/lib/python/site-packages/urllib3/util/response.py", line 91, in assert_header_parsing
    raise HeaderParsingError(defects=defects, unparsed_data=unparsed_data)
urllib3.exceptions.HeaderParsingError: [MissingHeaderBodySeparatorDefect()], unparsed data: 'Server : Wow 3.8\r\nDate: Thu, 26 Jan 2023 00:11:24 GMT\r\nContent-Type: text/html\r\nContent-Length: 41653\r\nConnection: keep-alive\r\nCache-Control: private\r\nSet-Cookie: ASPSESSIONIDCQDARRQC=MMLNPDHAHKNNNDBGMNFNEEGO; path=/\r\nX-Frame-Options: SAMEORIGIN\r\n\r\n'
2023-01-26 09:11:24,555 - WARNING - Failed to parse headers (url=https://www.sscmc.or.kr:443/info/notice/list.asp?db=BBS_notice&pageno=1&startpage=1&where=&keyfield=&keyword=&catekkk=): [MissingHeaderBodySeparatorDefect()], unparsed data: 'Server : Wow 3.8\r\nDate: Thu, 26 Jan 2023 00:11:24 GMT\r\nContent-Type: text/html\r\nContent-Length: 41653\r\nConnection: keep-alive\r\nCache-Control: private\r\nSet-Cookie: ASPSESSIONIDCQDARRQC=MMLNPDHAHKNNNDBGMNFNEEGO; path=/\r\nX-Frame-Options: SAMEORIGIN\r\n\r\n'
Traceback (most recent call last):
  File "/Users/yeon/Library/Python/3.9/lib/python/site-packages/urllib3/connectionpool.py", line 469, in _make_request
    assert_header_parsing(httplib_response.msg)
  File "/Users/yeon/Library/Python/3.9/lib/python/site-packages/urllib3/util/response.py", line 91, in assert_header_parsing
    raise HeaderParsingError(defects=defects, unparsed_data=unparsed_data)
urllib3.exceptions.HeaderParsingError: [MissingHeaderBodySeparatorDefect()], unparsed data: 'Server : Wow 3.8\r\nDate: Thu, 26 Jan 2023 00:11:24 GMT\r\nContent-Type: text/html\r\nContent-Length: 41653\r\nConnection: keep-alive\r\nCache-Control: private\r\nSet-Cookie: ASPSESSIONIDCQDARRQC=MMLNPDHAHKNNNDBGMNFNEEGO; path=/\r\nX-Frame-Options: SAMEORIGIN\r\n\r\n'
2023-01-26 09:11:24,555 - WARNING - Failed to parse headers (url=https://www.sscmc.or.kr:443/info/notice/list.asp?db=BBS_notice&pageno=1&startpage=1&where=&keyfield=&keyword=&catekkk=): [MissingHeaderBodySeparatorDefect()], unparsed data: 'Server : Wow 3.8\r\nDate: Thu, 26 Jan 2023 00:11:24 GMT\r\nContent-Type: text/html\r\nContent-Length: 41653\r\nConnection: keep-alive\r\nCache-Control: private\r\nSet-Cookie: ASPSESSIONIDCQDARRQC=MMLNPDHAHKNNNDBGMNFNEEGO; path=/\r\nX-Frame-Options: SAMEORIGIN\r\n\r\n'
Traceback (most recent call last):
  File "/Users/yeon/Library/Python/3.9/lib/python/site-packages/urllib3/connectionpool.py", line 469, in _make_request
    assert_header_parsing(httplib_response.msg)
  File "/Users/yeon/Library/Python/3.9/lib/python/site-packages/urllib3/util/response.py", line 91, in assert_header_parsing
    raise HeaderParsingError(defects=defects, unparsed_data=unparsed_data)
urllib3.exceptions.HeaderParsingError: [MissingHeaderBodySeparatorDefect()], unparsed data: 'Server : Wow 3.8\r\nDate: Thu, 26 Jan 2023 00:11:24 GMT\r\nContent-Type: text/html\r\nContent-Length: 41653\r\nConnection: keep-alive\r\nCache-Control: private\r\nSet-Cookie: ASPSESSIONIDCQDARRQC=MMLNPDHAHKNNNDBGMNFNEEGO; path=/\r\nX-Frame-Options: SAMEORIGIN\r\n\r\n'
2023-01-26 09:11:24,555 - WARNING - Failed to parse headers (url=https://www.sscmc.or.kr:443/info/notice/list.asp?db=BBS_notice&pageno=1&startpage=1&where=&keyfield=&keyword=&catekkk=): [MissingHeaderBodySeparatorDefect()], unparsed data: 'Server : Wow 3.8\r\nDate: Thu, 26 Jan 2023 00:11:24 GMT\r\nContent-Type: text/html\r\nContent-Length: 41653\r\nConnection: keep-alive\r\nCache-Control: private\r\nSet-Cookie: ASPSESSIONIDCQDARRQC=MMLNPDHAHKNNNDBGMNFNEEGO; path=/\r\nX-Frame-Options: SAMEORIGIN\r\n\r\n'
Traceback (most recent call last):
  File "/Users/yeon/Library/Python/3.9/lib/python/site-packages/urllib3/connectionpool.py", line 469, in _make_request
    assert_header_parsing(httplib_response.msg)
  File "/Users/yeon/Library/Python/3.9/lib/python/site-packages/urllib3/util/response.py", line 91, in assert_header_parsing
    raise HeaderParsingError(defects=defects, unparsed_data=unparsed_data)
urllib3.exceptions.HeaderParsingError: [MissingHeaderBodySeparatorDefect()], unparsed data: 'Server : Wow 3.8\r\nDate: Thu, 26 Jan 2023 00:11:24 GMT\r\nContent-Type: text/html\r\nContent-Length: 41653\r\nConnection: keep-alive\r\nCache-Control: private\r\nSet-Cookie: ASPSESSIONIDCQDARRQC=MMLNPDHAHKNNNDBGMNFNEEGO; path=/\r\nX-Frame-Options: SAMEORIGIN\r\n\r\n'
2023-01-26 09:11:24,555 - WARNING - Failed to parse headers (url=https://www.sscmc.or.kr:443/info/notice/list.asp?db=BBS_notice&pageno=1&startpage=1&where=&keyfield=&keyword=&catekkk=): [MissingHeaderBodySeparatorDefect()], unparsed data: 'Server : Wow 3.8\r\nDate: Thu, 26 Jan 2023 00:11:24 GMT\r\nContent-Type: text/html\r\nContent-Length: 41653\r\nConnection: keep-alive\r\nCache-Control: private\r\nSet-Cookie: ASPSESSIONIDCQDARRQC=MMLNPDHAHKNNNDBGMNFNEEGO; path=/\r\nX-Frame-Options: SAMEORIGIN\r\n\r\n'
Traceback (most recent call last):
  File "/Users/yeon/Library/Python/3.9/lib/python/site-packages/urllib3/connectionpool.py", line 469, in _make_request
    assert_header_parsing(httplib_response.msg)
  File "/Users/yeon/Library/Python/3.9/lib/python/site-packages/urllib3/util/response.py", line 91, in assert_header_parsing
    raise HeaderParsingError(defects=defects, unparsed_data=unparsed_data)
urllib3.exceptions.HeaderParsingError: [MissingHeaderBodySeparatorDefect()], unparsed data: 'Server : Wow 3.8\r\nDate: Thu, 26 Jan 2023 00:11:24 GMT\r\nContent-Type: text/html\r\nContent-Length: 41653\r\nConnection: keep-alive\r\nCache-Control: private\r\nSet-Cookie: ASPSESSIONIDCQDARRQC=MMLNPDHAHKNNNDBGMNFNEEGO; path=/\r\nX-Frame-Options: SAMEORIGIN\r\n\r\n'
2023-01-26 09:11:24,555 - WARNING - Failed to parse headers (url=https://www.sscmc.or.kr:443/info/notice/list.asp?db=BBS_notice&pageno=1&startpage=1&where=&keyfield=&keyword=&catekkk=): [MissingHeaderBodySeparatorDefect()], unparsed data: 'Server : Wow 3.8\r\nDate: Thu, 26 Jan 2023 00:11:24 GMT\r\nContent-Type: text/html\r\nContent-Length: 41653\r\nConnection: keep-alive\r\nCache-Control: private\r\nSet-Cookie: ASPSESSIONIDCQDARRQC=MMLNPDHAHKNNNDBGMNFNEEGO; path=/\r\nX-Frame-Options: SAMEORIGIN\r\n\r\n'
Traceback (most recent call last):
  File "/Users/yeon/Library/Python/3.9/lib/python/site-packages/urllib3/connectionpool.py", line 469, in _make_request
    assert_header_parsing(httplib_response.msg)
  File "/Users/yeon/Library/Python/3.9/lib/python/site-packages/urllib3/util/response.py", line 91, in assert_header_parsing
    raise HeaderParsingError(defects=defects, unparsed_data=unparsed_data)
urllib3.exceptions.HeaderParsingError: [MissingHeaderBodySeparatorDefect()], unparsed data: 'Server : Wow 3.8\r\nDate: Thu, 26 Jan 2023 00:11:24 GMT\r\nContent-Type: text/html\r\nContent-Length: 41653\r\nConnection: keep-alive\r\nCache-Control: private\r\nSet-Cookie: ASPSESSIONIDCQDARRQC=MMLNPDHAHKNNNDBGMNFNEEGO; path=/\r\nX-Frame-Options: SAMEORIGIN\r\n\r\n'
2023-01-26 09:11:24,555 - WARNING - Failed to parse headers (url=https://www.sscmc.or.kr:443/info/notice/list.asp?db=BBS_notice&pageno=1&startpage=1&where=&keyfield=&keyword=&catekkk=): [MissingHeaderBodySeparatorDefect()], unparsed data: 'Server : Wow 3.8\r\nDate: Thu, 26 Jan 2023 00:11:24 GMT\r\nContent-Type: text/html\r\nContent-Length: 41653\r\nConnection: keep-alive\r\nCache-Control: private\r\nSet-Cookie: ASPSESSIONIDCQDARRQC=MMLNPDHAHKNNNDBGMNFNEEGO; path=/\r\nX-Frame-Options: SAMEORIGIN\r\n\r\n'
Traceback (most recent call last):
  File "/Users/yeon/Library/Python/3.9/lib/python/site-packages/urllib3/connectionpool.py", line 469, in _make_request
    assert_header_parsing(httplib_response.msg)
  File "/Users/yeon/Library/Python/3.9/lib/python/site-packages/urllib3/util/response.py", line 91, in assert_header_parsing
    raise HeaderParsingError(defects=defects, unparsed_data=unparsed_data)
urllib3.exceptions.HeaderParsingError: [MissingHeaderBodySeparatorDefect()], unparsed data: 'Server : Wow 3.8\r\nDate: Thu, 26 Jan 2023 00:11:24 GMT\r\nContent-Type: text/html\r\nContent-Length: 41653\r\nConnection: keep-alive\r\nCache-Control: private\r\nSet-Cookie: ASPSESSIONIDCQDARRQC=MMLNPDHAHKNNNDBGMNFNEEGO; path=/\r\nX-Frame-Options: SAMEORIGIN\r\n\r\n'
2023-01-26 09:11:24,555 - WARNING - Failed to parse headers (url=https://www.sscmc.or.kr:443/info/notice/list.asp?db=BBS_notice&pageno=1&startpage=1&where=&keyfield=&keyword=&catekkk=): [MissingHeaderBodySeparatorDefect()], unparsed data: 'Server : Wow 3.8\r\nDate: Thu, 26 Jan 2023 00:11:24 GMT\r\nContent-Type: text/html\r\nContent-Length: 41653\r\nConnection: keep-alive\r\nCache-Control: private\r\nSet-Cookie: ASPSESSIONIDCQDARRQC=MMLNPDHAHKNNNDBGMNFNEEGO; path=/\r\nX-Frame-Options: SAMEORIGIN\r\n\r\n'
Traceback (most recent call last):
  File "/Users/yeon/Library/Python/3.9/lib/python/site-packages/urllib3/connectionpool.py", line 469, in _make_request
    assert_header_parsing(httplib_response.msg)
  File "/Users/yeon/Library/Python/3.9/lib/python/site-packages/urllib3/util/response.py", line 91, in assert_header_parsing
    raise HeaderParsingError(defects=defects, unparsed_data=unparsed_data)
urllib3.exceptions.HeaderParsingError: [MissingHeaderBodySeparatorDefect()], unparsed data: 'Server : Wow 3.8\r\nDate: Thu, 26 Jan 2023 00:11:24 GMT\r\nContent-Type: text/html\r\nContent-Length: 41653\r\nConnection: keep-alive\r\nCache-Control: private\r\nSet-Cookie: ASPSESSIONIDCQDARRQC=MMLNPDHAHKNNNDBGMNFNEEGO; path=/\r\nX-Frame-Options: SAMEORIGIN\r\n\r\n'
2023-01-26 09:11:24,555 - WARNING - Failed to parse headers (url=https://www.sscmc.or.kr:443/info/notice/list.asp?db=BBS_notice&pageno=1&startpage=1&where=&keyfield=&keyword=&catekkk=): [MissingHeaderBodySeparatorDefect()], unparsed data: 'Server : Wow 3.8\r\nDate: Thu, 26 Jan 2023 00:11:24 GMT\r\nContent-Type: text/html\r\nContent-Length: 41653\r\nConnection: keep-alive\r\nCache-Control: private\r\nSet-Cookie: ASPSESSIONIDCQDARRQC=MMLNPDHAHKNNNDBGMNFNEEGO; path=/\r\nX-Frame-Options: SAMEORIGIN\r\n\r\n'
Traceback (most recent call last):
  File "/Users/yeon/Library/Python/3.9/lib/python/site-packages/urllib3/connectionpool.py", line 469, in _make_request
    assert_header_parsing(httplib_response.msg)
  File "/Users/yeon/Library/Python/3.9/lib/python/site-packages/urllib3/util/response.py", line 91, in assert_header_parsing
    raise HeaderParsingError(defects=defects, unparsed_data=unparsed_data)
urllib3.exceptions.HeaderParsingError: [MissingHeaderBodySeparatorDefect()], unparsed data: 'Server : Wow 3.8\r\nDate: Thu, 26 Jan 2023 00:11:24 GMT\r\nContent-Type: text/html\r\nContent-Length: 41653\r\nConnection: keep-alive\r\nCache-Control: private\r\nSet-Cookie: ASPSESSIONIDCQDARRQC=MMLNPDHAHKNNNDBGMNFNEEGO; path=/\r\nX-Frame-Options: SAMEORIGIN\r\n\r\n'
2023-01-26 09:11:24,555 - WARNING - Failed to parse headers (url=https://www.sscmc.or.kr:443/info/notice/list.asp?db=BBS_notice&pageno=1&startpage=1&where=&keyfield=&keyword=&catekkk=): [MissingHeaderBodySeparatorDefect()], unparsed data: 'Server : Wow 3.8\r\nDate: Thu, 26 Jan 2023 00:11:24 GMT\r\nContent-Type: text/html\r\nContent-Length: 41653\r\nConnection: keep-alive\r\nCache-Control: private\r\nSet-Cookie: ASPSESSIONIDCQDARRQC=MMLNPDHAHKNNNDBGMNFNEEGO; path=/\r\nX-Frame-Options: SAMEORIGIN\r\n\r\n'
Traceback (most recent call last):
  File "/Users/yeon/Library/Python/3.9/lib/python/site-packages/urllib3/connectionpool.py", line 469, in _make_request
    assert_header_parsing(httplib_response.msg)
  File "/Users/yeon/Library/Python/3.9/lib/python/site-packages/urllib3/util/response.py", line 91, in assert_header_parsing
    raise HeaderParsingError(defects=defects, unparsed_data=unparsed_data)
urllib3.exceptions.HeaderParsingError: [MissingHeaderBodySeparatorDefect()], unparsed data: 'Server : Wow 3.8\r\nDate: Thu, 26 Jan 2023 00:11:24 GMT\r\nContent-Type: text/html\r\nContent-Length: 41653\r\nConnection: keep-alive\r\nCache-Control: private\r\nSet-Cookie: ASPSESSIONIDCQDARRQC=MMLNPDHAHKNNNDBGMNFNEEGO; path=/\r\nX-Frame-Options: SAMEORIGIN\r\n\r\n'
2023-01-26 09:11:24,555 - WARNING - Failed to parse headers (url=https://www.sscmc.or.kr:443/info/notice/list.asp?db=BBS_notice&pageno=1&startpage=1&where=&keyfield=&keyword=&catekkk=): [MissingHeaderBodySeparatorDefect()], unparsed data: 'Server : Wow 3.8\r\nDate: Thu, 26 Jan 2023 00:11:24 GMT\r\nContent-Type: text/html\r\nContent-Length: 41653\r\nConnection: keep-alive\r\nCache-Control: private\r\nSet-Cookie: ASPSESSIONIDCQDARRQC=MMLNPDHAHKNNNDBGMNFNEEGO; path=/\r\nX-Frame-Options: SAMEORIGIN\r\n\r\n'
Traceback (most recent call last):
  File "/Users/yeon/Library/Python/3.9/lib/python/site-packages/urllib3/connectionpool.py", line 469, in _make_request
    assert_header_parsing(httplib_response.msg)
  File "/Users/yeon/Library/Python/3.9/lib/python/site-packages/urllib3/util/response.py", line 91, in assert_header_parsing
    raise HeaderParsingError(defects=defects, unparsed_data=unparsed_data)
urllib3.exceptions.HeaderParsingError: [MissingHeaderBodySeparatorDefect()], unparsed data: 'Server : Wow 3.8\r\nDate: Thu, 26 Jan 2023 00:11:24 GMT\r\nContent-Type: text/html\r\nContent-Length: 41653\r\nConnection: keep-alive\r\nCache-Control: private\r\nSet-Cookie: ASPSESSIONIDCQDARRQC=MMLNPDHAHKNNNDBGMNFNEEGO; path=/\r\nX-Frame-Options: SAMEORIGIN\r\n\r\n'
2023-01-26 09:11:24,555 - WARNING - Failed to parse headers (url=https://www.sscmc.or.kr:443/info/notice/list.asp?db=BBS_notice&pageno=1&startpage=1&where=&keyfield=&keyword=&catekkk=): [MissingHeaderBodySeparatorDefect()], unparsed data: 'Server : Wow 3.8\r\nDate: Thu, 26 Jan 2023 00:11:24 GMT\r\nContent-Type: text/html\r\nContent-Length: 41653\r\nConnection: keep-alive\r\nCache-Control: private\r\nSet-Cookie: ASPSESSIONIDCQDARRQC=MMLNPDHAHKNNNDBGMNFNEEGO; path=/\r\nX-Frame-Options: SAMEORIGIN\r\n\r\n'
Traceback (most recent call last):
  File "/Users/yeon/Library/Python/3.9/lib/python/site-packages/urllib3/connectionpool.py", line 469, in _make_request
    assert_header_parsing(httplib_response.msg)
  File "/Users/yeon/Library/Python/3.9/lib/python/site-packages/urllib3/util/response.py", line 91, in assert_header_parsing
    raise HeaderParsingError(defects=defects, unparsed_data=unparsed_data)
urllib3.exceptions.HeaderParsingError: [MissingHeaderBodySeparatorDefect()], unparsed data: 'Server : Wow 3.8\r\nDate: Thu, 26 Jan 2023 00:11:24 GMT\r\nContent-Type: text/html\r\nContent-Length: 41653\r\nConnection: keep-alive\r\nCache-Control: private\r\nSet-Cookie: ASPSESSIONIDCQDARRQC=MMLNPDHAHKNNNDBGMNFNEEGO; path=/\r\nX-Frame-Options: SAMEORIGIN\r\n\r\n'
2023-01-26 09:11:24,555 - WARNING - Failed to parse headers (url=https://www.sscmc.or.kr:443/info/notice/list.asp?db=BBS_notice&pageno=1&startpage=1&where=&keyfield=&keyword=&catekkk=): [MissingHeaderBodySeparatorDefect()], unparsed data: 'Server : Wow 3.8\r\nDate: Thu, 26 Jan 2023 00:11:24 GMT\r\nContent-Type: text/html\r\nContent-Length: 41653\r\nConnection: keep-alive\r\nCache-Control: private\r\nSet-Cookie: ASPSESSIONIDCQDARRQC=MMLNPDHAHKNNNDBGMNFNEEGO; path=/\r\nX-Frame-Options: SAMEORIGIN\r\n\r\n'
Traceback (most recent call last):
  File "/Users/yeon/Library/Python/3.9/lib/python/site-packages/urllib3/connectionpool.py", line 469, in _make_request
    assert_header_parsing(httplib_response.msg)
  File "/Users/yeon/Library/Python/3.9/lib/python/site-packages/urllib3/util/response.py", line 91, in assert_header_parsing
    raise HeaderParsingError(defects=defects, unparsed_data=unparsed_data)
urllib3.exceptions.HeaderParsingError: [MissingHeaderBodySeparatorDefect()], unparsed data: 'Server : Wow 3.8\r\nDate: Thu, 26 Jan 2023 00:11:24 GMT\r\nContent-Type: text/html\r\nContent-Length: 41653\r\nConnection: keep-alive\r\nCache-Control: private\r\nSet-Cookie: ASPSESSIONIDCQDARRQC=MMLNPDHAHKNNNDBGMNFNEEGO; path=/\r\nX-Frame-Options: SAMEORIGIN\r\n\r\n'
2023-01-26 09:11:24,555 - WARNING - Failed to parse headers (url=https://www.sscmc.or.kr:443/info/notice/list.asp?db=BBS_notice&pageno=1&startpage=1&where=&keyfield=&keyword=&catekkk=): [MissingHeaderBodySeparatorDefect()], unparsed data: 'Server : Wow 3.8\r\nDate: Thu, 26 Jan 2023 00:11:24 GMT\r\nContent-Type: text/html\r\nContent-Length: 41653\r\nConnection: keep-alive\r\nCache-Control: private\r\nSet-Cookie: ASPSESSIONIDCQDARRQC=MMLNPDHAHKNNNDBGMNFNEEGO; path=/\r\nX-Frame-Options: SAMEORIGIN\r\n\r\n'
Traceback (most recent call last):
  File "/Users/yeon/Library/Python/3.9/lib/python/site-packages/urllib3/connectionpool.py", line 469, in _make_request
    assert_header_parsing(httplib_response.msg)
  File "/Users/yeon/Library/Python/3.9/lib/python/site-packages/urllib3/util/response.py", line 91, in assert_header_parsing
    raise HeaderParsingError(defects=defects, unparsed_data=unparsed_data)
urllib3.exceptions.HeaderParsingError: [MissingHeaderBodySeparatorDefect()], unparsed data: 'Server : Wow 3.8\r\nDate: Thu, 26 Jan 2023 00:11:24 GMT\r\nContent-Type: text/html\r\nContent-Length: 41653\r\nConnection: keep-alive\r\nCache-Control: private\r\nSet-Cookie: ASPSESSIONIDCQDARRQC=MMLNPDHAHKNNNDBGMNFNEEGO; path=/\r\nX-Frame-Options: SAMEORIGIN\r\n\r\n'
2023-01-26 09:11:24,555 - WARNING - Failed to parse headers (url=https://www.sscmc.or.kr:443/info/notice/list.asp?db=BBS_notice&pageno=1&startpage=1&where=&keyfield=&keyword=&catekkk=): [MissingHeaderBodySeparatorDefect()], unparsed data: 'Server : Wow 3.8\r\nDate: Thu, 26 Jan 2023 00:11:24 GMT\r\nContent-Type: text/html\r\nContent-Length: 41653\r\nConnection: keep-alive\r\nCache-Control: private\r\nSet-Cookie: ASPSESSIONIDCQDARRQC=MMLNPDHAHKNNNDBGMNFNEEGO; path=/\r\nX-Frame-Options: SAMEORIGIN\r\n\r\n'
Traceback (most recent call last):
  File "/Users/yeon/Library/Python/3.9/lib/python/site-packages/urllib3/connectionpool.py", line 469, in _make_request
    assert_header_parsing(httplib_response.msg)
  File "/Users/yeon/Library/Python/3.9/lib/python/site-packages/urllib3/util/response.py", line 91, in assert_header_parsing
    raise HeaderParsingError(defects=defects, unparsed_data=unparsed_data)
urllib3.exceptions.HeaderParsingError: [MissingHeaderBodySeparatorDefect()], unparsed data: 'Server : Wow 3.8\r\nDate: Thu, 26 Jan 2023 00:11:24 GMT\r\nContent-Type: text/html\r\nContent-Length: 41653\r\nConnection: keep-alive\r\nCache-Control: private\r\nSet-Cookie: ASPSESSIONIDCQDARRQC=MMLNPDHAHKNNNDBGMNFNEEGO; path=/\r\nX-Frame-Options: SAMEORIGIN\r\n\r\n'
2023-01-26 09:11:24,555 - WARNING - Failed to parse headers (url=https://www.sscmc.or.kr:443/info/notice/list.asp?db=BBS_notice&pageno=1&startpage=1&where=&keyfield=&keyword=&catekkk=): [MissingHeaderBodySeparatorDefect()], unparsed data: 'Server : Wow 3.8\r\nDate: Thu, 26 Jan 2023 00:11:24 GMT\r\nContent-Type: text/html\r\nContent-Length: 41653\r\nConnection: keep-alive\r\nCache-Control: private\r\nSet-Cookie: ASPSESSIONIDCQDARRQC=MMLNPDHAHKNNNDBGMNFNEEGO; path=/\r\nX-Frame-Options: SAMEORIGIN\r\n\r\n'
Traceback (most recent call last):
  File "/Users/yeon/Library/Python/3.9/lib/python/site-packages/urllib3/connectionpool.py", line 469, in _make_request
    assert_header_parsing(httplib_response.msg)
  File "/Users/yeon/Library/Python/3.9/lib/python/site-packages/urllib3/util/response.py", line 91, in assert_header_parsing
    raise HeaderParsingError(defects=defects, unparsed_data=unparsed_data)
urllib3.exceptions.HeaderParsingError: [MissingHeaderBodySeparatorDefect()], unparsed data: 'Server : Wow 3.8\r\nDate: Thu, 26 Jan 2023 00:11:24 GMT\r\nContent-Type: text/html\r\nContent-Length: 41653\r\nConnection: keep-alive\r\nCache-Control: private\r\nSet-Cookie: ASPSESSIONIDCQDARRQC=MMLNPDHAHKNNNDBGMNFNEEGO; path=/\r\nX-Frame-Options: SAMEORIGIN\r\n\r\n'
2023-01-26 09:11:24,555 - WARNING - Failed to parse headers (url=https://www.sscmc.or.kr:443/info/notice/list.asp?db=BBS_notice&pageno=1&startpage=1&where=&keyfield=&keyword=&catekkk=): [MissingHeaderBodySeparatorDefect()], unparsed data: 'Server : Wow 3.8\r\nDate: Thu, 26 Jan 2023 00:11:24 GMT\r\nContent-Type: text/html\r\nContent-Length: 41653\r\nConnection: keep-alive\r\nCache-Control: private\r\nSet-Cookie: ASPSESSIONIDCQDARRQC=MMLNPDHAHKNNNDBGMNFNEEGO; path=/\r\nX-Frame-Options: SAMEORIGIN\r\n\r\n'
Traceback (most recent call last):
  File "/Users/yeon/Library/Python/3.9/lib/python/site-packages/urllib3/connectionpool.py", line 469, in _make_request
    assert_header_parsing(httplib_response.msg)
  File "/Users/yeon/Library/Python/3.9/lib/python/site-packages/urllib3/util/response.py", line 91, in assert_header_parsing
    raise HeaderParsingError(defects=defects, unparsed_data=unparsed_data)
urllib3.exceptions.HeaderParsingError: [MissingHeaderBodySeparatorDefect()], unparsed data: 'Server : Wow 3.8\r\nDate: Thu, 26 Jan 2023 00:11:24 GMT\r\nContent-Type: text/html\r\nContent-Length: 41653\r\nConnection: keep-alive\r\nCache-Control: private\r\nSet-Cookie: ASPSESSIONIDCQDARRQC=MMLNPDHAHKNNNDBGMNFNEEGO; path=/\r\nX-Frame-Options: SAMEORIGIN\r\n\r\n'
2023-01-26 09:12:40,076 - INFO - SEODAEMUN
2023-01-26 09:12:40,076 - INFO - SEODAEMUN
2023-01-26 09:12:40,076 - INFO - SEODAEMUN
2023-01-26 09:12:40,076 - INFO - SEODAEMUN
2023-01-26 09:12:40,076 - INFO - SEODAEMUN
2023-01-26 09:12:40,076 - INFO - SEODAEMUN
2023-01-26 09:12:40,076 - INFO - SEODAEMUN
2023-01-26 09:12:40,076 - INFO - SEODAEMUN
2023-01-26 09:12:40,076 - INFO - SEODAEMUN
2023-01-26 09:12:40,076 - INFO - SEODAEMUN
2023-01-26 09:12:40,076 - INFO - SEODAEMUN
2023-01-26 09:12:40,076 - INFO - SEODAEMUN
2023-01-26 09:12:40,076 - INFO - SEODAEMUN
2023-01-26 09:12:40,076 - INFO - SEODAEMUN
2023-01-26 09:12:40,076 - INFO - SEODAEMUN
2023-01-26 09:12:40,076 - INFO - SEODAEMUN
2023-01-26 09:12:40,076 - INFO - SEODAEMUN
2023-01-26 09:12:40,076 - INFO - SEODAEMUN
2023-01-26 09:12:40,076 - INFO - SEODAEMUN
2023-01-26 09:12:40,076 - INFO - SEODAEMUN
2023-01-26 09:12:40,076 - INFO - SEODAEMUN
2023-01-26 09:12:40,076 - INFO - SEODAEMUN
2023-01-26 09:12:40,076 - INFO - SEODAEMUN
2023-01-26 09:12:40,076 - INFO - SEODAEMUN
2023-01-26 09:12:40,076 - INFO - SEODAEMUN
