2023-01-05 15:09:51,434 - INFO - JUNGNANG
2023-01-05 15:10:27,595 - INFO - JUNGNANG
2023-01-05 15:10:29,040 - WARNING - Failed to parse headers (url=https://www.jungnang.go.kr:443/portal/bbs/list/B0000002.do?searchCnd=&searchWrd=&gubun=&delCode=0&useAt=&replyAt=&menuNo=200473&sdate=&edate=&deptId=&deptName=&popupYn=&dept=&dong=&option1=&viewType=&searchCnd2=&pageIndex=1): [FirstHeaderLineIsContinuationDefect(' X-Content-Type-Options: nosniff\r\n')], unparsed data: ''
Traceback (most recent call last):
  File "/Users/yeon/Library/Python/3.9/lib/python/site-packages/urllib3/connectionpool.py", line 469, in _make_request
    assert_header_parsing(httplib_response.msg)
  File "/Users/yeon/Library/Python/3.9/lib/python/site-packages/urllib3/util/response.py", line 91, in assert_header_parsing
    raise HeaderParsingError(defects=defects, unparsed_data=unparsed_data)
urllib3.exceptions.HeaderParsingError: [FirstHeaderLineIsContinuationDefect(' X-Content-Type-Options: nosniff\r\n')], unparsed data: ''
2023-01-05 15:10:29,838 - INFO - JUNGNANG
2023-01-05 15:10:29,838 - INFO - JUNGNANG
2023-01-05 15:10:39,596 - INFO - YONGSAN
2023-01-05 15:10:39,596 - INFO - YONGSAN
2023-01-05 15:10:39,596 - INFO - YONGSAN
2023-01-05 15:10:41,458 - INFO - YONGSAN
2023-01-05 15:10:41,458 - INFO - YONGSAN
2023-01-05 15:10:41,458 - INFO - YONGSAN
2023-01-05 15:10:41,458 - INFO - YONGSAN
2023-01-05 15:10:43,296 - INFO - YONGSAN
2023-01-05 15:10:43,296 - INFO - YONGSAN
2023-01-05 15:10:43,296 - INFO - YONGSAN
2023-01-05 15:10:43,296 - INFO - YONGSAN
2023-01-05 15:10:43,296 - INFO - YONGSAN
2023-01-05 15:10:44,936 - INFO - GANGNAM
2023-01-05 15:10:44,936 - INFO - GANGNAM
2023-01-05 15:10:44,936 - INFO - GANGNAM
2023-01-05 15:10:44,936 - INFO - GANGNAM
2023-01-05 15:10:44,936 - INFO - GANGNAM
2023-01-05 15:10:44,936 - INFO - GANGNAM
2023-01-05 15:10:59,905 - INFO - GANGNAM
2023-01-05 15:10:59,905 - INFO - GANGNAM
2023-01-05 15:10:59,905 - INFO - GANGNAM
2023-01-05 15:10:59,905 - INFO - GANGNAM
2023-01-05 15:10:59,905 - INFO - GANGNAM
2023-01-05 15:10:59,905 - INFO - GANGNAM
2023-01-05 15:10:59,905 - INFO - GANGNAM
2023-01-05 15:11:01,622 - INFO - GANGDONG
2023-01-05 15:11:01,622 - INFO - GANGDONG
2023-01-05 15:11:01,622 - INFO - GANGDONG
2023-01-05 15:11:01,622 - INFO - GANGDONG
2023-01-05 15:11:01,622 - INFO - GANGDONG
2023-01-05 15:11:01,622 - INFO - GANGDONG
2023-01-05 15:11:01,622 - INFO - GANGDONG
2023-01-05 15:11:01,622 - INFO - GANGDONG
2023-01-05 15:11:07,633 - INFO - GURO
2023-01-05 15:11:07,633 - INFO - GURO
2023-01-05 15:11:07,633 - INFO - GURO
2023-01-05 15:11:07,633 - INFO - GURO
2023-01-05 15:11:07,633 - INFO - GURO
2023-01-05 15:11:07,633 - INFO - GURO
2023-01-05 15:11:07,633 - INFO - GURO
2023-01-05 15:11:07,633 - INFO - GURO
2023-01-05 15:11:07,633 - INFO - GURO
2023-01-05 15:11:11,553 - INFO - GURO
2023-01-05 15:11:11,553 - INFO - GURO
2023-01-05 15:11:11,553 - INFO - GURO
2023-01-05 15:11:11,553 - INFO - GURO
2023-01-05 15:11:11,553 - INFO - GURO
2023-01-05 15:11:11,553 - INFO - GURO
2023-01-05 15:11:11,553 - INFO - GURO
2023-01-05 15:11:11,553 - INFO - GURO
2023-01-05 15:11:11,553 - INFO - GURO
2023-01-05 15:11:11,553 - INFO - GURO
2023-01-05 15:11:22,100 - INFO - GANGSEO
2023-01-05 15:11:22,100 - INFO - GANGSEO
2023-01-05 15:11:22,100 - INFO - GANGSEO
2023-01-05 15:11:22,100 - INFO - GANGSEO
2023-01-05 15:11:22,100 - INFO - GANGSEO
2023-01-05 15:11:22,100 - INFO - GANGSEO
2023-01-05 15:11:22,100 - INFO - GANGSEO
2023-01-05 15:11:22,100 - INFO - GANGSEO
2023-01-05 15:11:22,100 - INFO - GANGSEO
2023-01-05 15:11:22,100 - INFO - GANGSEO
2023-01-05 15:11:22,100 - INFO - GANGSEO
2023-01-05 15:11:24,971 - INFO - GANGSEO
2023-01-05 15:11:24,971 - INFO - GANGSEO
2023-01-05 15:11:24,971 - INFO - GANGSEO
2023-01-05 15:11:24,971 - INFO - GANGSEO
2023-01-05 15:11:24,971 - INFO - GANGSEO
2023-01-05 15:11:24,971 - INFO - GANGSEO
2023-01-05 15:11:24,971 - INFO - GANGSEO
2023-01-05 15:11:24,971 - INFO - GANGSEO
2023-01-05 15:11:24,971 - INFO - GANGSEO
2023-01-05 15:11:24,971 - INFO - GANGSEO
2023-01-05 15:11:24,971 - INFO - GANGSEO
2023-01-05 15:11:24,971 - INFO - GANGSEO
2023-01-05 15:11:26,857 - INFO - GANGDONG
2023-01-05 15:11:26,857 - INFO - GANGDONG
2023-01-05 15:11:26,857 - INFO - GANGDONG
2023-01-05 15:11:26,857 - INFO - GANGDONG
2023-01-05 15:11:26,857 - INFO - GANGDONG
2023-01-05 15:11:26,857 - INFO - GANGDONG
2023-01-05 15:11:26,857 - INFO - GANGDONG
2023-01-05 15:11:26,857 - INFO - GANGDONG
2023-01-05 15:11:26,857 - INFO - GANGDONG
2023-01-05 15:11:26,857 - INFO - GANGDONG
2023-01-05 15:11:26,857 - INFO - GANGDONG
2023-01-05 15:11:26,857 - INFO - GANGDONG
2023-01-05 15:11:26,857 - INFO - GANGDONG
2023-01-05 15:11:29,157 - INFO - GANGDONG
2023-01-05 15:11:29,157 - INFO - GANGDONG
2023-01-05 15:11:29,157 - INFO - GANGDONG
2023-01-05 15:11:29,157 - INFO - GANGDONG
2023-01-05 15:11:29,157 - INFO - GANGDONG
2023-01-05 15:11:29,157 - INFO - GANGDONG
2023-01-05 15:11:29,157 - INFO - GANGDONG
2023-01-05 15:11:29,157 - INFO - GANGDONG
2023-01-05 15:11:29,157 - INFO - GANGDONG
2023-01-05 15:11:29,157 - INFO - GANGDONG
2023-01-05 15:11:29,157 - INFO - GANGDONG
2023-01-05 15:11:29,157 - INFO - GANGDONG
2023-01-05 15:11:29,157 - INFO - GANGDONG
2023-01-05 15:11:29,157 - INFO - GANGDONG
2023-01-05 15:11:31,077 - INFO - GANGDONG
2023-01-05 15:11:31,077 - INFO - GANGDONG
2023-01-05 15:11:31,077 - INFO - GANGDONG
2023-01-05 15:11:31,077 - INFO - GANGDONG
2023-01-05 15:11:31,077 - INFO - GANGDONG
2023-01-05 15:11:31,077 - INFO - GANGDONG
2023-01-05 15:11:31,077 - INFO - GANGDONG
2023-01-05 15:11:31,077 - INFO - GANGDONG
2023-01-05 15:11:31,077 - INFO - GANGDONG
2023-01-05 15:11:31,077 - INFO - GANGDONG
2023-01-05 15:11:31,077 - INFO - GANGDONG
2023-01-05 15:11:31,077 - INFO - GANGDONG
2023-01-05 15:11:31,077 - INFO - GANGDONG
2023-01-05 15:11:31,077 - INFO - GANGDONG
2023-01-05 15:11:31,077 - INFO - GANGDONG
2023-01-05 15:11:52,457 - INFO - DOBONG
2023-01-05 15:11:52,457 - INFO - DOBONG
2023-01-05 15:11:52,457 - INFO - DOBONG
2023-01-05 15:11:52,457 - INFO - DOBONG
2023-01-05 15:11:52,457 - INFO - DOBONG
2023-01-05 15:11:52,457 - INFO - DOBONG
2023-01-05 15:11:52,457 - INFO - DOBONG
2023-01-05 15:11:52,457 - INFO - DOBONG
2023-01-05 15:11:52,457 - INFO - DOBONG
2023-01-05 15:11:52,457 - INFO - DOBONG
2023-01-05 15:11:52,457 - INFO - DOBONG
2023-01-05 15:11:52,457 - INFO - DOBONG
2023-01-05 15:11:52,457 - INFO - DOBONG
2023-01-05 15:11:52,457 - INFO - DOBONG
2023-01-05 15:11:52,457 - INFO - DOBONG
2023-01-05 15:11:52,457 - INFO - DOBONG
2023-01-05 15:11:54,182 - INFO - DOBONG
2023-01-05 15:11:54,182 - INFO - DOBONG
2023-01-05 15:11:54,182 - INFO - DOBONG
2023-01-05 15:11:54,182 - INFO - DOBONG
2023-01-05 15:11:54,182 - INFO - DOBONG
2023-01-05 15:11:54,182 - INFO - DOBONG
2023-01-05 15:11:54,182 - INFO - DOBONG
2023-01-05 15:11:54,182 - INFO - DOBONG
2023-01-05 15:11:54,182 - INFO - DOBONG
2023-01-05 15:11:54,182 - INFO - DOBONG
2023-01-05 15:11:54,182 - INFO - DOBONG
2023-01-05 15:11:54,182 - INFO - DOBONG
2023-01-05 15:11:54,182 - INFO - DOBONG
2023-01-05 15:11:54,182 - INFO - DOBONG
2023-01-05 15:11:54,182 - INFO - DOBONG
2023-01-05 15:11:54,182 - INFO - DOBONG
2023-01-05 15:11:54,182 - INFO - DOBONG
2023-01-05 15:11:55,472 - INFO - GANGBUK
2023-01-05 15:11:55,472 - INFO - GANGBUK
2023-01-05 15:11:55,472 - INFO - GANGBUK
2023-01-05 15:11:55,472 - INFO - GANGBUK
2023-01-05 15:11:55,472 - INFO - GANGBUK
2023-01-05 15:11:55,472 - INFO - GANGBUK
2023-01-05 15:11:55,472 - INFO - GANGBUK
2023-01-05 15:11:55,472 - INFO - GANGBUK
2023-01-05 15:11:55,472 - INFO - GANGBUK
2023-01-05 15:11:55,472 - INFO - GANGBUK
2023-01-05 15:11:55,472 - INFO - GANGBUK
2023-01-05 15:11:55,472 - INFO - GANGBUK
2023-01-05 15:11:55,472 - INFO - GANGBUK
2023-01-05 15:11:55,472 - INFO - GANGBUK
2023-01-05 15:11:55,472 - INFO - GANGBUK
2023-01-05 15:11:55,472 - INFO - GANGBUK
2023-01-05 15:11:55,472 - INFO - GANGBUK
2023-01-05 15:11:55,472 - INFO - GANGBUK
2023-01-05 15:12:07,337 - INFO - GANGBUK
2023-01-05 15:12:07,337 - INFO - GANGBUK
2023-01-05 15:12:07,337 - INFO - GANGBUK
2023-01-05 15:12:07,337 - INFO - GANGBUK
2023-01-05 15:12:07,337 - INFO - GANGBUK
2023-01-05 15:12:07,337 - INFO - GANGBUK
2023-01-05 15:12:07,337 - INFO - GANGBUK
2023-01-05 15:12:07,337 - INFO - GANGBUK
2023-01-05 15:12:07,337 - INFO - GANGBUK
2023-01-05 15:12:07,337 - INFO - GANGBUK
2023-01-05 15:12:07,337 - INFO - GANGBUK
2023-01-05 15:12:07,337 - INFO - GANGBUK
2023-01-05 15:12:07,337 - INFO - GANGBUK
2023-01-05 15:12:07,337 - INFO - GANGBUK
2023-01-05 15:12:07,337 - INFO - GANGBUK
2023-01-05 15:12:07,337 - INFO - GANGBUK
2023-01-05 15:12:07,337 - INFO - GANGBUK
2023-01-05 15:12:07,337 - INFO - GANGBUK
2023-01-05 15:12:07,337 - INFO - GANGBUK
2023-01-05 15:12:16,952 - INFO - DONGDAEMUN
2023-01-05 15:12:16,952 - INFO - DONGDAEMUN
2023-01-05 15:12:16,952 - INFO - DONGDAEMUN
2023-01-05 15:12:16,952 - INFO - DONGDAEMUN
2023-01-05 15:12:16,952 - INFO - DONGDAEMUN
2023-01-05 15:12:16,952 - INFO - DONGDAEMUN
2023-01-05 15:12:16,952 - INFO - DONGDAEMUN
2023-01-05 15:12:16,952 - INFO - DONGDAEMUN
2023-01-05 15:12:16,952 - INFO - DONGDAEMUN
2023-01-05 15:12:16,952 - INFO - DONGDAEMUN
2023-01-05 15:12:16,952 - INFO - DONGDAEMUN
2023-01-05 15:12:16,952 - INFO - DONGDAEMUN
2023-01-05 15:12:16,952 - INFO - DONGDAEMUN
2023-01-05 15:12:16,952 - INFO - DONGDAEMUN
2023-01-05 15:12:16,952 - INFO - DONGDAEMUN
2023-01-05 15:12:16,952 - INFO - DONGDAEMUN
2023-01-05 15:12:16,952 - INFO - DONGDAEMUN
2023-01-05 15:12:16,952 - INFO - DONGDAEMUN
2023-01-05 15:12:16,952 - INFO - DONGDAEMUN
2023-01-05 15:12:16,952 - INFO - DONGDAEMUN
2023-01-05 15:12:18,988 - INFO - DONGDAEMUN
2023-01-05 15:12:18,988 - INFO - DONGDAEMUN
2023-01-05 15:12:18,988 - INFO - DONGDAEMUN
2023-01-05 15:12:18,988 - INFO - DONGDAEMUN
2023-01-05 15:12:18,988 - INFO - DONGDAEMUN
2023-01-05 15:12:18,988 - INFO - DONGDAEMUN
2023-01-05 15:12:18,988 - INFO - DONGDAEMUN
2023-01-05 15:12:18,988 - INFO - DONGDAEMUN
2023-01-05 15:12:18,988 - INFO - DONGDAEMUN
2023-01-05 15:12:18,988 - INFO - DONGDAEMUN
2023-01-05 15:12:18,988 - INFO - DONGDAEMUN
2023-01-05 15:12:18,988 - INFO - DONGDAEMUN
2023-01-05 15:12:18,988 - INFO - DONGDAEMUN
2023-01-05 15:12:18,988 - INFO - DONGDAEMUN
2023-01-05 15:12:18,988 - INFO - DONGDAEMUN
2023-01-05 15:12:18,988 - INFO - DONGDAEMUN
2023-01-05 15:12:18,988 - INFO - DONGDAEMUN
2023-01-05 15:12:18,988 - INFO - DONGDAEMUN
2023-01-05 15:12:18,988 - INFO - DONGDAEMUN
2023-01-05 15:12:18,988 - INFO - DONGDAEMUN
2023-01-05 15:12:18,988 - INFO - DONGDAEMUN
2023-01-05 15:12:20,930 - INFO - DONGDAEMUN
2023-01-05 15:12:20,930 - INFO - DONGDAEMUN
2023-01-05 15:12:20,930 - INFO - DONGDAEMUN
2023-01-05 15:12:20,930 - INFO - DONGDAEMUN
2023-01-05 15:12:20,930 - INFO - DONGDAEMUN
2023-01-05 15:12:20,930 - INFO - DONGDAEMUN
2023-01-05 15:12:20,930 - INFO - DONGDAEMUN
2023-01-05 15:12:20,930 - INFO - DONGDAEMUN
2023-01-05 15:12:20,930 - INFO - DONGDAEMUN
2023-01-05 15:12:20,930 - INFO - DONGDAEMUN
2023-01-05 15:12:20,930 - INFO - DONGDAEMUN
2023-01-05 15:12:20,930 - INFO - DONGDAEMUN
2023-01-05 15:12:20,930 - INFO - DONGDAEMUN
2023-01-05 15:12:20,930 - INFO - DONGDAEMUN
2023-01-05 15:12:20,930 - INFO - DONGDAEMUN
2023-01-05 15:12:20,930 - INFO - DONGDAEMUN
2023-01-05 15:12:20,930 - INFO - DONGDAEMUN
2023-01-05 15:12:20,930 - INFO - DONGDAEMUN
2023-01-05 15:12:20,930 - INFO - DONGDAEMUN
2023-01-05 15:12:20,930 - INFO - DONGDAEMUN
2023-01-05 15:12:20,930 - INFO - DONGDAEMUN
2023-01-05 15:12:20,930 - INFO - DONGDAEMUN
2023-01-05 15:12:22,202 - INFO - DONGJAK
2023-01-05 15:12:22,202 - INFO - DONGJAK
2023-01-05 15:12:22,202 - INFO - DONGJAK
2023-01-05 15:12:22,202 - INFO - DONGJAK
2023-01-05 15:12:22,202 - INFO - DONGJAK
2023-01-05 15:12:22,202 - INFO - DONGJAK
2023-01-05 15:12:22,202 - INFO - DONGJAK
2023-01-05 15:12:22,202 - INFO - DONGJAK
2023-01-05 15:12:22,202 - INFO - DONGJAK
2023-01-05 15:12:22,202 - INFO - DONGJAK
2023-01-05 15:12:22,202 - INFO - DONGJAK
2023-01-05 15:12:22,202 - INFO - DONGJAK
2023-01-05 15:12:22,202 - INFO - DONGJAK
2023-01-05 15:12:22,202 - INFO - DONGJAK
2023-01-05 15:12:22,202 - INFO - DONGJAK
2023-01-05 15:12:22,202 - INFO - DONGJAK
2023-01-05 15:12:22,202 - INFO - DONGJAK
2023-01-05 15:12:22,202 - INFO - DONGJAK
2023-01-05 15:12:22,202 - INFO - DONGJAK
2023-01-05 15:12:22,202 - INFO - DONGJAK
2023-01-05 15:12:22,202 - INFO - DONGJAK
2023-01-05 15:12:22,202 - INFO - DONGJAK
2023-01-05 15:12:22,202 - INFO - DONGJAK
2023-01-05 15:12:26,350 - INFO - DONGJAK
2023-01-05 15:12:26,350 - INFO - DONGJAK
2023-01-05 15:12:26,350 - INFO - DONGJAK
2023-01-05 15:12:26,350 - INFO - DONGJAK
2023-01-05 15:12:26,350 - INFO - DONGJAK
2023-01-05 15:12:26,350 - INFO - DONGJAK
2023-01-05 15:12:26,350 - INFO - DONGJAK
2023-01-05 15:12:26,350 - INFO - DONGJAK
2023-01-05 15:12:26,350 - INFO - DONGJAK
2023-01-05 15:12:26,350 - INFO - DONGJAK
2023-01-05 15:12:26,350 - INFO - DONGJAK
2023-01-05 15:12:26,350 - INFO - DONGJAK
2023-01-05 15:12:26,350 - INFO - DONGJAK
2023-01-05 15:12:26,350 - INFO - DONGJAK
2023-01-05 15:12:26,350 - INFO - DONGJAK
2023-01-05 15:12:26,350 - INFO - DONGJAK
2023-01-05 15:12:26,350 - INFO - DONGJAK
2023-01-05 15:12:26,350 - INFO - DONGJAK
2023-01-05 15:12:26,350 - INFO - DONGJAK
2023-01-05 15:12:26,350 - INFO - DONGJAK
2023-01-05 15:12:26,350 - INFO - DONGJAK
2023-01-05 15:12:26,350 - INFO - DONGJAK
2023-01-05 15:12:26,350 - INFO - DONGJAK
2023-01-05 15:12:26,350 - INFO - DONGJAK
2023-01-05 15:12:39,329 - INFO - GEUAMCHEOUN
2023-01-05 15:12:39,329 - INFO - GEUAMCHEOUN
2023-01-05 15:12:39,329 - INFO - GEUAMCHEOUN
2023-01-05 15:12:39,329 - INFO - GEUAMCHEOUN
2023-01-05 15:12:39,329 - INFO - GEUAMCHEOUN
2023-01-05 15:12:39,329 - INFO - GEUAMCHEOUN
2023-01-05 15:12:39,329 - INFO - GEUAMCHEOUN
2023-01-05 15:12:39,329 - INFO - GEUAMCHEOUN
2023-01-05 15:12:39,329 - INFO - GEUAMCHEOUN
2023-01-05 15:12:39,329 - INFO - GEUAMCHEOUN
2023-01-05 15:12:39,329 - INFO - GEUAMCHEOUN
2023-01-05 15:12:39,329 - INFO - GEUAMCHEOUN
2023-01-05 15:12:39,329 - INFO - GEUAMCHEOUN
2023-01-05 15:12:39,329 - INFO - GEUAMCHEOUN
2023-01-05 15:12:39,329 - INFO - GEUAMCHEOUN
2023-01-05 15:12:39,329 - INFO - GEUAMCHEOUN
2023-01-05 15:12:39,329 - INFO - GEUAMCHEOUN
2023-01-05 15:12:39,329 - INFO - GEUAMCHEOUN
2023-01-05 15:12:39,329 - INFO - GEUAMCHEOUN
2023-01-05 15:12:39,329 - INFO - GEUAMCHEOUN
2023-01-05 15:12:39,329 - INFO - GEUAMCHEOUN
2023-01-05 15:12:39,329 - INFO - GEUAMCHEOUN
2023-01-05 15:12:39,329 - INFO - GEUAMCHEOUN
2023-01-05 15:12:39,329 - INFO - GEUAMCHEOUN
2023-01-05 15:12:39,329 - INFO - GEUAMCHEOUN
2023-01-05 15:13:03,522 - INFO - GEUAMCHEOUN
2023-01-05 15:13:05,472 - INFO - GEUAMCHEOUN
2023-01-05 15:13:05,472 - INFO - GEUAMCHEOUN
2023-01-05 15:13:06,941 - INFO - GWANAK
2023-01-05 15:13:06,941 - INFO - GWANAK
2023-01-05 15:13:06,941 - INFO - GWANAK
2023-01-05 15:13:23,830 - INFO - GWANAK
2023-01-05 15:13:23,830 - INFO - GWANAK
2023-01-05 15:13:23,830 - INFO - GWANAK
2023-01-05 15:13:23,830 - INFO - GWANAK
2023-01-05 15:13:33,072 - INFO - SEONGDONG
2023-01-05 15:13:33,072 - INFO - SEONGDONG
2023-01-05 15:13:33,072 - INFO - SEONGDONG
2023-01-05 15:13:33,072 - INFO - SEONGDONG
2023-01-05 15:13:33,072 - INFO - SEONGDONG
2023-01-05 15:13:53,323 - INFO - SEONGDONG
2023-01-05 15:13:53,323 - INFO - SEONGDONG
2023-01-05 15:13:53,323 - INFO - SEONGDONG
2023-01-05 15:13:53,323 - INFO - SEONGDONG
2023-01-05 15:13:53,323 - INFO - SEONGDONG
2023-01-05 15:13:53,323 - INFO - SEONGDONG
2023-01-05 15:14:01,438 - INFO - EUNPYENG
2023-01-05 15:14:01,438 - INFO - EUNPYENG
2023-01-05 15:14:01,438 - INFO - EUNPYENG
2023-01-05 15:14:01,438 - INFO - EUNPYENG
2023-01-05 15:14:01,438 - INFO - EUNPYENG
2023-01-05 15:14:01,438 - INFO - EUNPYENG
2023-01-05 15:14:01,438 - INFO - EUNPYENG
2023-01-05 15:14:29,726 - INFO - EUNPYENG
2023-01-05 15:14:29,726 - INFO - EUNPYENG
2023-01-05 15:14:29,726 - INFO - EUNPYENG
2023-01-05 15:14:29,726 - INFO - EUNPYENG
2023-01-05 15:14:29,726 - INFO - EUNPYENG
2023-01-05 15:14:29,726 - INFO - EUNPYENG
2023-01-05 15:14:29,726 - INFO - EUNPYENG
2023-01-05 15:14:29,726 - INFO - EUNPYENG
2023-01-05 15:14:32,980 - INFO - EUNPYENG
2023-01-05 15:14:32,980 - INFO - EUNPYENG
2023-01-05 15:14:32,980 - INFO - EUNPYENG
2023-01-05 15:14:32,980 - INFO - EUNPYENG
2023-01-05 15:14:32,980 - INFO - EUNPYENG
2023-01-05 15:14:32,980 - INFO - EUNPYENG
2023-01-05 15:14:32,980 - INFO - EUNPYENG
2023-01-05 15:14:32,980 - INFO - EUNPYENG
2023-01-05 15:14:32,980 - INFO - EUNPYENG
2023-01-05 15:14:34,289 - INFO - GWANGZIN
2023-01-05 15:14:34,289 - INFO - GWANGZIN
2023-01-05 15:14:34,289 - INFO - GWANGZIN
2023-01-05 15:14:34,289 - INFO - GWANGZIN
2023-01-05 15:14:34,289 - INFO - GWANGZIN
2023-01-05 15:14:34,289 - INFO - GWANGZIN
2023-01-05 15:14:34,289 - INFO - GWANGZIN
2023-01-05 15:14:34,289 - INFO - GWANGZIN
2023-01-05 15:14:34,289 - INFO - GWANGZIN
2023-01-05 15:14:34,289 - INFO - GWANGZIN
2023-01-05 15:14:37,453 - INFO - GWANGZIN
2023-01-05 15:14:37,453 - INFO - GWANGZIN
2023-01-05 15:14:37,453 - INFO - GWANGZIN
2023-01-05 15:14:37,453 - INFO - GWANGZIN
2023-01-05 15:14:37,453 - INFO - GWANGZIN
2023-01-05 15:14:37,453 - INFO - GWANGZIN
2023-01-05 15:14:37,453 - INFO - GWANGZIN
2023-01-05 15:14:37,453 - INFO - GWANGZIN
2023-01-05 15:14:37,453 - INFO - GWANGZIN
2023-01-05 15:14:37,453 - INFO - GWANGZIN
2023-01-05 15:14:37,453 - INFO - GWANGZIN
2023-01-05 15:14:41,437 - INFO - JONGRO
2023-01-05 15:14:41,437 - INFO - JONGRO
2023-01-05 15:14:41,437 - INFO - JONGRO
2023-01-05 15:14:41,437 - INFO - JONGRO
2023-01-05 15:14:41,437 - INFO - JONGRO
2023-01-05 15:14:41,437 - INFO - JONGRO
2023-01-05 15:14:41,437 - INFO - JONGRO
2023-01-05 15:14:41,437 - INFO - JONGRO
2023-01-05 15:14:41,437 - INFO - JONGRO
2023-01-05 15:14:41,437 - INFO - JONGRO
2023-01-05 15:14:41,437 - INFO - JONGRO
2023-01-05 15:14:41,437 - INFO - JONGRO
2023-01-05 15:14:57,551 - INFO - JONGRO
2023-01-05 15:14:57,551 - INFO - JONGRO
2023-01-05 15:14:57,551 - INFO - JONGRO
2023-01-05 15:14:57,551 - INFO - JONGRO
2023-01-05 15:14:57,551 - INFO - JONGRO
2023-01-05 15:14:57,551 - INFO - JONGRO
2023-01-05 15:14:57,551 - INFO - JONGRO
2023-01-05 15:14:57,551 - INFO - JONGRO
2023-01-05 15:14:57,551 - INFO - JONGRO
2023-01-05 15:14:57,551 - INFO - JONGRO
2023-01-05 15:14:57,551 - INFO - JONGRO
2023-01-05 15:14:57,551 - INFO - JONGRO
2023-01-05 15:14:57,551 - INFO - JONGRO
2023-01-05 15:14:58,769 - INFO - JUNGGU
2023-01-05 15:14:58,769 - INFO - JUNGGU
2023-01-05 15:14:58,769 - INFO - JUNGGU
2023-01-05 15:14:58,769 - INFO - JUNGGU
2023-01-05 15:14:58,769 - INFO - JUNGGU
2023-01-05 15:14:58,769 - INFO - JUNGGU
2023-01-05 15:14:58,769 - INFO - JUNGGU
2023-01-05 15:14:58,769 - INFO - JUNGGU
2023-01-05 15:14:58,769 - INFO - JUNGGU
2023-01-05 15:14:58,769 - INFO - JUNGGU
2023-01-05 15:14:58,769 - INFO - JUNGGU
2023-01-05 15:14:58,769 - INFO - JUNGGU
2023-01-05 15:14:58,769 - INFO - JUNGGU
2023-01-05 15:14:58,769 - INFO - JUNGGU
2023-01-05 15:15:01,583 - INFO - JUNGGU
2023-01-05 15:15:01,583 - INFO - JUNGGU
2023-01-05 15:15:01,583 - INFO - JUNGGU
2023-01-05 15:15:01,583 - INFO - JUNGGU
2023-01-05 15:15:01,583 - INFO - JUNGGU
2023-01-05 15:15:01,583 - INFO - JUNGGU
2023-01-05 15:15:01,583 - INFO - JUNGGU
2023-01-05 15:15:01,583 - INFO - JUNGGU
2023-01-05 15:15:01,583 - INFO - JUNGGU
2023-01-05 15:15:01,583 - INFO - JUNGGU
2023-01-05 15:15:01,583 - INFO - JUNGGU
2023-01-05 15:15:01,583 - INFO - JUNGGU
2023-01-05 15:15:01,583 - INFO - JUNGGU
2023-01-05 15:15:01,583 - INFO - JUNGGU
2023-01-05 15:15:01,583 - INFO - JUNGGU
2023-01-05 15:15:09,770 - INFO - MAPO
2023-01-05 15:15:09,770 - INFO - MAPO
2023-01-05 15:15:09,770 - INFO - MAPO
2023-01-05 15:15:09,770 - INFO - MAPO
2023-01-05 15:15:09,770 - INFO - MAPO
2023-01-05 15:15:09,770 - INFO - MAPO
2023-01-05 15:15:09,770 - INFO - MAPO
2023-01-05 15:15:09,770 - INFO - MAPO
2023-01-05 15:15:09,770 - INFO - MAPO
2023-01-05 15:15:09,770 - INFO - MAPO
2023-01-05 15:15:09,770 - INFO - MAPO
2023-01-05 15:15:09,770 - INFO - MAPO
2023-01-05 15:15:09,770 - INFO - MAPO
2023-01-05 15:15:09,770 - INFO - MAPO
2023-01-05 15:15:09,770 - INFO - MAPO
2023-01-05 15:15:09,770 - INFO - MAPO
2023-01-05 15:15:52,243 - INFO - MAPO
2023-01-05 15:16:08,096 - INFO - MAPO
2023-01-05 15:16:14,553 - INFO - MAPO
2023-01-05 15:16:14,553 - INFO - MAPO
2023-01-05 15:16:17,594 - INFO - MAPO
2023-01-05 15:16:17,594 - INFO - MAPO
2023-01-05 15:16:17,594 - INFO - MAPO
2023-01-05 15:16:21,481 - INFO - MAPO
2023-01-05 15:16:21,481 - INFO - MAPO
2023-01-05 15:16:21,481 - INFO - MAPO
2023-01-05 15:16:21,481 - INFO - MAPO
2023-01-05 15:16:25,730 - INFO - NOWON
2023-01-05 15:16:25,730 - INFO - NOWON
2023-01-05 15:16:25,730 - INFO - NOWON
2023-01-05 15:16:25,730 - INFO - NOWON
2023-01-05 15:16:25,730 - INFO - NOWON
2023-01-05 15:16:34,348 - INFO - NOWON
2023-01-05 15:16:34,348 - INFO - NOWON
2023-01-05 15:16:34,348 - INFO - NOWON
2023-01-05 15:16:34,348 - INFO - NOWON
2023-01-05 15:16:34,348 - INFO - NOWON
2023-01-05 15:16:34,348 - INFO - NOWON
2023-01-05 15:16:45,833 - INFO - SEOCHO
2023-01-05 15:16:45,833 - INFO - SEOCHO
2023-01-05 15:16:45,833 - INFO - SEOCHO
2023-01-05 15:16:45,833 - INFO - SEOCHO
2023-01-05 15:16:45,833 - INFO - SEOCHO
2023-01-05 15:16:45,833 - INFO - SEOCHO
2023-01-05 15:16:45,833 - INFO - SEOCHO
2023-01-05 15:16:47,671 - INFO - SEOCHO
2023-01-05 15:16:47,671 - INFO - SEOCHO
2023-01-05 15:16:47,671 - INFO - SEOCHO
2023-01-05 15:16:47,671 - INFO - SEOCHO
2023-01-05 15:16:47,671 - INFO - SEOCHO
2023-01-05 15:16:47,671 - INFO - SEOCHO
2023-01-05 15:16:47,671 - INFO - SEOCHO
2023-01-05 15:16:47,671 - INFO - SEOCHO
2023-01-05 15:16:49,433 - INFO - SEOCHO
2023-01-05 15:16:49,433 - INFO - SEOCHO
2023-01-05 15:16:49,433 - INFO - SEOCHO
2023-01-05 15:16:49,433 - INFO - SEOCHO
2023-01-05 15:16:49,433 - INFO - SEOCHO
2023-01-05 15:16:49,433 - INFO - SEOCHO
2023-01-05 15:16:49,433 - INFO - SEOCHO
2023-01-05 15:16:49,433 - INFO - SEOCHO
2023-01-05 15:16:49,433 - INFO - SEOCHO
2023-01-05 15:16:51,117 - INFO - SEOCHO
2023-01-05 15:16:51,117 - INFO - SEOCHO
2023-01-05 15:16:51,117 - INFO - SEOCHO
2023-01-05 15:16:51,117 - INFO - SEOCHO
2023-01-05 15:16:51,117 - INFO - SEOCHO
2023-01-05 15:16:51,117 - INFO - SEOCHO
2023-01-05 15:16:51,117 - INFO - SEOCHO
2023-01-05 15:16:51,117 - INFO - SEOCHO
2023-01-05 15:16:51,117 - INFO - SEOCHO
2023-01-05 15:16:51,117 - INFO - SEOCHO
2023-01-05 15:16:52,253 - INFO - SEONGBUK
2023-01-05 15:16:52,253 - INFO - SEONGBUK
2023-01-05 15:16:52,253 - INFO - SEONGBUK
2023-01-05 15:16:52,253 - INFO - SEONGBUK
2023-01-05 15:16:52,253 - INFO - SEONGBUK
2023-01-05 15:16:52,253 - INFO - SEONGBUK
2023-01-05 15:16:52,253 - INFO - SEONGBUK
2023-01-05 15:16:52,253 - INFO - SEONGBUK
2023-01-05 15:16:52,253 - INFO - SEONGBUK
2023-01-05 15:16:52,253 - INFO - SEONGBUK
2023-01-05 15:16:52,253 - INFO - SEONGBUK
2023-01-05 15:17:00,132 - INFO - SONGPA
2023-01-05 15:17:00,132 - INFO - SONGPA
2023-01-05 15:17:00,132 - INFO - SONGPA
2023-01-05 15:17:00,132 - INFO - SONGPA
2023-01-05 15:17:00,132 - INFO - SONGPA
2023-01-05 15:17:00,132 - INFO - SONGPA
2023-01-05 15:17:00,132 - INFO - SONGPA
2023-01-05 15:17:00,132 - INFO - SONGPA
2023-01-05 15:17:00,132 - INFO - SONGPA
2023-01-05 15:17:00,132 - INFO - SONGPA
2023-01-05 15:17:00,132 - INFO - SONGPA
2023-01-05 15:17:00,132 - INFO - SONGPA
2023-01-05 15:17:07,600 - INFO - SONGPA
2023-01-05 15:17:07,600 - INFO - SONGPA
2023-01-05 15:17:07,600 - INFO - SONGPA
2023-01-05 15:17:07,600 - INFO - SONGPA
2023-01-05 15:17:07,600 - INFO - SONGPA
2023-01-05 15:17:07,600 - INFO - SONGPA
2023-01-05 15:17:07,600 - INFO - SONGPA
2023-01-05 15:17:07,600 - INFO - SONGPA
2023-01-05 15:17:07,600 - INFO - SONGPA
2023-01-05 15:17:07,600 - INFO - SONGPA
2023-01-05 15:17:07,600 - INFO - SONGPA
2023-01-05 15:17:07,600 - INFO - SONGPA
2023-01-05 15:17:07,600 - INFO - SONGPA
2023-01-05 15:17:09,866 - INFO - SONGPA
2023-01-05 15:17:09,866 - INFO - SONGPA
2023-01-05 15:17:09,866 - INFO - SONGPA
2023-01-05 15:17:09,866 - INFO - SONGPA
2023-01-05 15:17:09,866 - INFO - SONGPA
2023-01-05 15:17:09,866 - INFO - SONGPA
2023-01-05 15:17:09,866 - INFO - SONGPA
2023-01-05 15:17:09,866 - INFO - SONGPA
2023-01-05 15:17:09,866 - INFO - SONGPA
2023-01-05 15:17:09,866 - INFO - SONGPA
2023-01-05 15:17:09,866 - INFO - SONGPA
2023-01-05 15:17:09,866 - INFO - SONGPA
2023-01-05 15:17:09,866 - INFO - SONGPA
2023-01-05 15:17:09,866 - INFO - SONGPA
2023-01-05 15:17:41,584 - INFO - SONGPA
2023-01-05 15:17:43,930 - INFO - SONGPA
2023-01-05 15:17:43,930 - INFO - SONGPA
2023-01-05 15:17:46,422 - INFO - SONGPA
2023-01-05 15:17:46,422 - INFO - SONGPA
2023-01-05 15:17:46,422 - INFO - SONGPA
2023-01-05 15:17:47,899 - INFO - YANGCHEON
2023-01-05 15:17:47,899 - INFO - YANGCHEON
2023-01-05 15:17:47,899 - INFO - YANGCHEON
2023-01-05 15:17:47,899 - INFO - YANGCHEON
2023-01-05 15:17:56,824 - INFO - YANGCHEON
2023-01-05 15:17:56,824 - INFO - YANGCHEON
2023-01-05 15:17:56,824 - INFO - YANGCHEON
2023-01-05 15:17:56,824 - INFO - YANGCHEON
2023-01-05 15:17:56,824 - INFO - YANGCHEON
2023-01-05 15:17:58,458 - INFO - YEONGDEUNGPO
2023-01-05 15:17:58,458 - INFO - YEONGDEUNGPO
2023-01-05 15:17:58,458 - INFO - YEONGDEUNGPO
2023-01-05 15:17:58,458 - INFO - YEONGDEUNGPO
2023-01-05 15:17:58,458 - INFO - YEONGDEUNGPO
2023-01-05 15:17:58,458 - INFO - YEONGDEUNGPO
2023-01-05 15:18:00,388 - INFO - YEONGDEUNGPO
2023-01-05 15:18:00,388 - INFO - YEONGDEUNGPO
2023-01-05 15:18:00,388 - INFO - YEONGDEUNGPO
2023-01-05 15:18:00,388 - INFO - YEONGDEUNGPO
2023-01-05 15:18:00,388 - INFO - YEONGDEUNGPO
2023-01-05 15:18:00,388 - INFO - YEONGDEUNGPO
2023-01-05 15:18:00,388 - INFO - YEONGDEUNGPO
2023-01-05 15:18:04,779 - INFO - SEOUL
2023-01-05 15:18:04,779 - INFO - SEOUL
2023-01-05 15:18:04,779 - INFO - SEOUL
2023-01-05 15:18:04,779 - INFO - SEOUL
2023-01-05 15:18:04,779 - INFO - SEOUL
2023-01-05 15:18:04,779 - INFO - SEOUL
2023-01-05 15:18:04,779 - INFO - SEOUL
2023-01-05 15:18:04,779 - INFO - SEOUL
2023-01-05 15:18:07,178 - INFO - SEOUL
2023-01-05 15:18:07,178 - INFO - SEOUL
2023-01-05 15:18:07,178 - INFO - SEOUL
2023-01-05 15:18:07,178 - INFO - SEOUL
2023-01-05 15:18:07,178 - INFO - SEOUL
2023-01-05 15:18:07,178 - INFO - SEOUL
2023-01-05 15:18:07,178 - INFO - SEOUL
2023-01-05 15:18:07,178 - INFO - SEOUL
2023-01-05 15:18:07,178 - INFO - SEOUL
2023-01-05 15:18:19,825 - INFO - SEOUL
2023-01-05 15:18:19,825 - INFO - SEOUL
2023-01-05 15:18:19,825 - INFO - SEOUL
2023-01-05 15:18:19,825 - INFO - SEOUL
2023-01-05 15:18:19,825 - INFO - SEOUL
2023-01-05 15:18:19,825 - INFO - SEOUL
2023-01-05 15:18:19,825 - INFO - SEOUL
2023-01-05 15:18:19,825 - INFO - SEOUL
2023-01-05 15:18:19,825 - INFO - SEOUL
2023-01-05 15:18:19,825 - INFO - SEOUL
2023-01-05 15:18:22,515 - INFO - SEOUL
2023-01-05 15:18:22,515 - INFO - SEOUL
2023-01-05 15:18:22,515 - INFO - SEOUL
2023-01-05 15:18:22,515 - INFO - SEOUL
2023-01-05 15:18:22,515 - INFO - SEOUL
2023-01-05 15:18:22,515 - INFO - SEOUL
2023-01-05 15:18:22,515 - INFO - SEOUL
2023-01-05 15:18:22,515 - INFO - SEOUL
2023-01-05 15:18:22,515 - INFO - SEOUL
2023-01-05 15:18:22,515 - INFO - SEOUL
2023-01-05 15:18:22,515 - INFO - SEOUL
2023-01-05 15:18:23,058 - WARNING - Failed to parse headers (url=https://www.sscmc.or.kr:443/info/notice/list.asp?db=BBS_notice&pageno=1&startpage=1&where=&keyfield=&keyword=&catekkk=): [MissingHeaderBodySeparatorDefect()], unparsed data: 'Server : Wow 3.8\r\nDate: Thu, 05 Jan 2023 06:18:23 GMT\r\nContent-Type: text/html\r\nContent-Length: 39677\r\nConnection: keep-alive\r\nCache-Control: private\r\nSet-Cookie: ASPSESSIONIDCSACRTTB=CJDLIJOCFFKKDAANNMMJDIBN; path=/\r\nX-Frame-Options: SAMEORIGIN\r\n\r\n'
Traceback (most recent call last):
  File "/Users/yeon/Library/Python/3.9/lib/python/site-packages/urllib3/connectionpool.py", line 469, in _make_request
    assert_header_parsing(httplib_response.msg)
  File "/Users/yeon/Library/Python/3.9/lib/python/site-packages/urllib3/util/response.py", line 91, in assert_header_parsing
    raise HeaderParsingError(defects=defects, unparsed_data=unparsed_data)
urllib3.exceptions.HeaderParsingError: [MissingHeaderBodySeparatorDefect()], unparsed data: 'Server : Wow 3.8\r\nDate: Thu, 05 Jan 2023 06:18:23 GMT\r\nContent-Type: text/html\r\nContent-Length: 39677\r\nConnection: keep-alive\r\nCache-Control: private\r\nSet-Cookie: ASPSESSIONIDCSACRTTB=CJDLIJOCFFKKDAANNMMJDIBN; path=/\r\nX-Frame-Options: SAMEORIGIN\r\n\r\n'
2023-01-05 15:18:23,058 - WARNING - Failed to parse headers (url=https://www.sscmc.or.kr:443/info/notice/list.asp?db=BBS_notice&pageno=1&startpage=1&where=&keyfield=&keyword=&catekkk=): [MissingHeaderBodySeparatorDefect()], unparsed data: 'Server : Wow 3.8\r\nDate: Thu, 05 Jan 2023 06:18:23 GMT\r\nContent-Type: text/html\r\nContent-Length: 39677\r\nConnection: keep-alive\r\nCache-Control: private\r\nSet-Cookie: ASPSESSIONIDCSACRTTB=CJDLIJOCFFKKDAANNMMJDIBN; path=/\r\nX-Frame-Options: SAMEORIGIN\r\n\r\n'
Traceback (most recent call last):
  File "/Users/yeon/Library/Python/3.9/lib/python/site-packages/urllib3/connectionpool.py", line 469, in _make_request
    assert_header_parsing(httplib_response.msg)
  File "/Users/yeon/Library/Python/3.9/lib/python/site-packages/urllib3/util/response.py", line 91, in assert_header_parsing
    raise HeaderParsingError(defects=defects, unparsed_data=unparsed_data)
urllib3.exceptions.HeaderParsingError: [MissingHeaderBodySeparatorDefect()], unparsed data: 'Server : Wow 3.8\r\nDate: Thu, 05 Jan 2023 06:18:23 GMT\r\nContent-Type: text/html\r\nContent-Length: 39677\r\nConnection: keep-alive\r\nCache-Control: private\r\nSet-Cookie: ASPSESSIONIDCSACRTTB=CJDLIJOCFFKKDAANNMMJDIBN; path=/\r\nX-Frame-Options: SAMEORIGIN\r\n\r\n'
2023-01-05 15:18:23,058 - WARNING - Failed to parse headers (url=https://www.sscmc.or.kr:443/info/notice/list.asp?db=BBS_notice&pageno=1&startpage=1&where=&keyfield=&keyword=&catekkk=): [MissingHeaderBodySeparatorDefect()], unparsed data: 'Server : Wow 3.8\r\nDate: Thu, 05 Jan 2023 06:18:23 GMT\r\nContent-Type: text/html\r\nContent-Length: 39677\r\nConnection: keep-alive\r\nCache-Control: private\r\nSet-Cookie: ASPSESSIONIDCSACRTTB=CJDLIJOCFFKKDAANNMMJDIBN; path=/\r\nX-Frame-Options: SAMEORIGIN\r\n\r\n'
Traceback (most recent call last):
  File "/Users/yeon/Library/Python/3.9/lib/python/site-packages/urllib3/connectionpool.py", line 469, in _make_request
    assert_header_parsing(httplib_response.msg)
  File "/Users/yeon/Library/Python/3.9/lib/python/site-packages/urllib3/util/response.py", line 91, in assert_header_parsing
    raise HeaderParsingError(defects=defects, unparsed_data=unparsed_data)
urllib3.exceptions.HeaderParsingError: [MissingHeaderBodySeparatorDefect()], unparsed data: 'Server : Wow 3.8\r\nDate: Thu, 05 Jan 2023 06:18:23 GMT\r\nContent-Type: text/html\r\nContent-Length: 39677\r\nConnection: keep-alive\r\nCache-Control: private\r\nSet-Cookie: ASPSESSIONIDCSACRTTB=CJDLIJOCFFKKDAANNMMJDIBN; path=/\r\nX-Frame-Options: SAMEORIGIN\r\n\r\n'
2023-01-05 15:18:23,058 - WARNING - Failed to parse headers (url=https://www.sscmc.or.kr:443/info/notice/list.asp?db=BBS_notice&pageno=1&startpage=1&where=&keyfield=&keyword=&catekkk=): [MissingHeaderBodySeparatorDefect()], unparsed data: 'Server : Wow 3.8\r\nDate: Thu, 05 Jan 2023 06:18:23 GMT\r\nContent-Type: text/html\r\nContent-Length: 39677\r\nConnection: keep-alive\r\nCache-Control: private\r\nSet-Cookie: ASPSESSIONIDCSACRTTB=CJDLIJOCFFKKDAANNMMJDIBN; path=/\r\nX-Frame-Options: SAMEORIGIN\r\n\r\n'
Traceback (most recent call last):
  File "/Users/yeon/Library/Python/3.9/lib/python/site-packages/urllib3/connectionpool.py", line 469, in _make_request
    assert_header_parsing(httplib_response.msg)
  File "/Users/yeon/Library/Python/3.9/lib/python/site-packages/urllib3/util/response.py", line 91, in assert_header_parsing
    raise HeaderParsingError(defects=defects, unparsed_data=unparsed_data)
urllib3.exceptions.HeaderParsingError: [MissingHeaderBodySeparatorDefect()], unparsed data: 'Server : Wow 3.8\r\nDate: Thu, 05 Jan 2023 06:18:23 GMT\r\nContent-Type: text/html\r\nContent-Length: 39677\r\nConnection: keep-alive\r\nCache-Control: private\r\nSet-Cookie: ASPSESSIONIDCSACRTTB=CJDLIJOCFFKKDAANNMMJDIBN; path=/\r\nX-Frame-Options: SAMEORIGIN\r\n\r\n'
2023-01-05 15:18:23,058 - WARNING - Failed to parse headers (url=https://www.sscmc.or.kr:443/info/notice/list.asp?db=BBS_notice&pageno=1&startpage=1&where=&keyfield=&keyword=&catekkk=): [MissingHeaderBodySeparatorDefect()], unparsed data: 'Server : Wow 3.8\r\nDate: Thu, 05 Jan 2023 06:18:23 GMT\r\nContent-Type: text/html\r\nContent-Length: 39677\r\nConnection: keep-alive\r\nCache-Control: private\r\nSet-Cookie: ASPSESSIONIDCSACRTTB=CJDLIJOCFFKKDAANNMMJDIBN; path=/\r\nX-Frame-Options: SAMEORIGIN\r\n\r\n'
Traceback (most recent call last):
  File "/Users/yeon/Library/Python/3.9/lib/python/site-packages/urllib3/connectionpool.py", line 469, in _make_request
    assert_header_parsing(httplib_response.msg)
  File "/Users/yeon/Library/Python/3.9/lib/python/site-packages/urllib3/util/response.py", line 91, in assert_header_parsing
    raise HeaderParsingError(defects=defects, unparsed_data=unparsed_data)
urllib3.exceptions.HeaderParsingError: [MissingHeaderBodySeparatorDefect()], unparsed data: 'Server : Wow 3.8\r\nDate: Thu, 05 Jan 2023 06:18:23 GMT\r\nContent-Type: text/html\r\nContent-Length: 39677\r\nConnection: keep-alive\r\nCache-Control: private\r\nSet-Cookie: ASPSESSIONIDCSACRTTB=CJDLIJOCFFKKDAANNMMJDIBN; path=/\r\nX-Frame-Options: SAMEORIGIN\r\n\r\n'
2023-01-05 15:18:23,058 - WARNING - Failed to parse headers (url=https://www.sscmc.or.kr:443/info/notice/list.asp?db=BBS_notice&pageno=1&startpage=1&where=&keyfield=&keyword=&catekkk=): [MissingHeaderBodySeparatorDefect()], unparsed data: 'Server : Wow 3.8\r\nDate: Thu, 05 Jan 2023 06:18:23 GMT\r\nContent-Type: text/html\r\nContent-Length: 39677\r\nConnection: keep-alive\r\nCache-Control: private\r\nSet-Cookie: ASPSESSIONIDCSACRTTB=CJDLIJOCFFKKDAANNMMJDIBN; path=/\r\nX-Frame-Options: SAMEORIGIN\r\n\r\n'
Traceback (most recent call last):
  File "/Users/yeon/Library/Python/3.9/lib/python/site-packages/urllib3/connectionpool.py", line 469, in _make_request
    assert_header_parsing(httplib_response.msg)
  File "/Users/yeon/Library/Python/3.9/lib/python/site-packages/urllib3/util/response.py", line 91, in assert_header_parsing
    raise HeaderParsingError(defects=defects, unparsed_data=unparsed_data)
urllib3.exceptions.HeaderParsingError: [MissingHeaderBodySeparatorDefect()], unparsed data: 'Server : Wow 3.8\r\nDate: Thu, 05 Jan 2023 06:18:23 GMT\r\nContent-Type: text/html\r\nContent-Length: 39677\r\nConnection: keep-alive\r\nCache-Control: private\r\nSet-Cookie: ASPSESSIONIDCSACRTTB=CJDLIJOCFFKKDAANNMMJDIBN; path=/\r\nX-Frame-Options: SAMEORIGIN\r\n\r\n'
2023-01-05 15:18:23,058 - WARNING - Failed to parse headers (url=https://www.sscmc.or.kr:443/info/notice/list.asp?db=BBS_notice&pageno=1&startpage=1&where=&keyfield=&keyword=&catekkk=): [MissingHeaderBodySeparatorDefect()], unparsed data: 'Server : Wow 3.8\r\nDate: Thu, 05 Jan 2023 06:18:23 GMT\r\nContent-Type: text/html\r\nContent-Length: 39677\r\nConnection: keep-alive\r\nCache-Control: private\r\nSet-Cookie: ASPSESSIONIDCSACRTTB=CJDLIJOCFFKKDAANNMMJDIBN; path=/\r\nX-Frame-Options: SAMEORIGIN\r\n\r\n'
Traceback (most recent call last):
  File "/Users/yeon/Library/Python/3.9/lib/python/site-packages/urllib3/connectionpool.py", line 469, in _make_request
    assert_header_parsing(httplib_response.msg)
  File "/Users/yeon/Library/Python/3.9/lib/python/site-packages/urllib3/util/response.py", line 91, in assert_header_parsing
    raise HeaderParsingError(defects=defects, unparsed_data=unparsed_data)
urllib3.exceptions.HeaderParsingError: [MissingHeaderBodySeparatorDefect()], unparsed data: 'Server : Wow 3.8\r\nDate: Thu, 05 Jan 2023 06:18:23 GMT\r\nContent-Type: text/html\r\nContent-Length: 39677\r\nConnection: keep-alive\r\nCache-Control: private\r\nSet-Cookie: ASPSESSIONIDCSACRTTB=CJDLIJOCFFKKDAANNMMJDIBN; path=/\r\nX-Frame-Options: SAMEORIGIN\r\n\r\n'
2023-01-05 15:18:23,058 - WARNING - Failed to parse headers (url=https://www.sscmc.or.kr:443/info/notice/list.asp?db=BBS_notice&pageno=1&startpage=1&where=&keyfield=&keyword=&catekkk=): [MissingHeaderBodySeparatorDefect()], unparsed data: 'Server : Wow 3.8\r\nDate: Thu, 05 Jan 2023 06:18:23 GMT\r\nContent-Type: text/html\r\nContent-Length: 39677\r\nConnection: keep-alive\r\nCache-Control: private\r\nSet-Cookie: ASPSESSIONIDCSACRTTB=CJDLIJOCFFKKDAANNMMJDIBN; path=/\r\nX-Frame-Options: SAMEORIGIN\r\n\r\n'
Traceback (most recent call last):
  File "/Users/yeon/Library/Python/3.9/lib/python/site-packages/urllib3/connectionpool.py", line 469, in _make_request
    assert_header_parsing(httplib_response.msg)
  File "/Users/yeon/Library/Python/3.9/lib/python/site-packages/urllib3/util/response.py", line 91, in assert_header_parsing
    raise HeaderParsingError(defects=defects, unparsed_data=unparsed_data)
urllib3.exceptions.HeaderParsingError: [MissingHeaderBodySeparatorDefect()], unparsed data: 'Server : Wow 3.8\r\nDate: Thu, 05 Jan 2023 06:18:23 GMT\r\nContent-Type: text/html\r\nContent-Length: 39677\r\nConnection: keep-alive\r\nCache-Control: private\r\nSet-Cookie: ASPSESSIONIDCSACRTTB=CJDLIJOCFFKKDAANNMMJDIBN; path=/\r\nX-Frame-Options: SAMEORIGIN\r\n\r\n'
2023-01-05 15:18:23,058 - WARNING - Failed to parse headers (url=https://www.sscmc.or.kr:443/info/notice/list.asp?db=BBS_notice&pageno=1&startpage=1&where=&keyfield=&keyword=&catekkk=): [MissingHeaderBodySeparatorDefect()], unparsed data: 'Server : Wow 3.8\r\nDate: Thu, 05 Jan 2023 06:18:23 GMT\r\nContent-Type: text/html\r\nContent-Length: 39677\r\nConnection: keep-alive\r\nCache-Control: private\r\nSet-Cookie: ASPSESSIONIDCSACRTTB=CJDLIJOCFFKKDAANNMMJDIBN; path=/\r\nX-Frame-Options: SAMEORIGIN\r\n\r\n'
Traceback (most recent call last):
  File "/Users/yeon/Library/Python/3.9/lib/python/site-packages/urllib3/connectionpool.py", line 469, in _make_request
    assert_header_parsing(httplib_response.msg)
  File "/Users/yeon/Library/Python/3.9/lib/python/site-packages/urllib3/util/response.py", line 91, in assert_header_parsing
    raise HeaderParsingError(defects=defects, unparsed_data=unparsed_data)
urllib3.exceptions.HeaderParsingError: [MissingHeaderBodySeparatorDefect()], unparsed data: 'Server : Wow 3.8\r\nDate: Thu, 05 Jan 2023 06:18:23 GMT\r\nContent-Type: text/html\r\nContent-Length: 39677\r\nConnection: keep-alive\r\nCache-Control: private\r\nSet-Cookie: ASPSESSIONIDCSACRTTB=CJDLIJOCFFKKDAANNMMJDIBN; path=/\r\nX-Frame-Options: SAMEORIGIN\r\n\r\n'
2023-01-05 15:18:23,058 - WARNING - Failed to parse headers (url=https://www.sscmc.or.kr:443/info/notice/list.asp?db=BBS_notice&pageno=1&startpage=1&where=&keyfield=&keyword=&catekkk=): [MissingHeaderBodySeparatorDefect()], unparsed data: 'Server : Wow 3.8\r\nDate: Thu, 05 Jan 2023 06:18:23 GMT\r\nContent-Type: text/html\r\nContent-Length: 39677\r\nConnection: keep-alive\r\nCache-Control: private\r\nSet-Cookie: ASPSESSIONIDCSACRTTB=CJDLIJOCFFKKDAANNMMJDIBN; path=/\r\nX-Frame-Options: SAMEORIGIN\r\n\r\n'
Traceback (most recent call last):
  File "/Users/yeon/Library/Python/3.9/lib/python/site-packages/urllib3/connectionpool.py", line 469, in _make_request
    assert_header_parsing(httplib_response.msg)
  File "/Users/yeon/Library/Python/3.9/lib/python/site-packages/urllib3/util/response.py", line 91, in assert_header_parsing
    raise HeaderParsingError(defects=defects, unparsed_data=unparsed_data)
urllib3.exceptions.HeaderParsingError: [MissingHeaderBodySeparatorDefect()], unparsed data: 'Server : Wow 3.8\r\nDate: Thu, 05 Jan 2023 06:18:23 GMT\r\nContent-Type: text/html\r\nContent-Length: 39677\r\nConnection: keep-alive\r\nCache-Control: private\r\nSet-Cookie: ASPSESSIONIDCSACRTTB=CJDLIJOCFFKKDAANNMMJDIBN; path=/\r\nX-Frame-Options: SAMEORIGIN\r\n\r\n'
2023-01-05 15:18:23,058 - WARNING - Failed to parse headers (url=https://www.sscmc.or.kr:443/info/notice/list.asp?db=BBS_notice&pageno=1&startpage=1&where=&keyfield=&keyword=&catekkk=): [MissingHeaderBodySeparatorDefect()], unparsed data: 'Server : Wow 3.8\r\nDate: Thu, 05 Jan 2023 06:18:23 GMT\r\nContent-Type: text/html\r\nContent-Length: 39677\r\nConnection: keep-alive\r\nCache-Control: private\r\nSet-Cookie: ASPSESSIONIDCSACRTTB=CJDLIJOCFFKKDAANNMMJDIBN; path=/\r\nX-Frame-Options: SAMEORIGIN\r\n\r\n'
Traceback (most recent call last):
  File "/Users/yeon/Library/Python/3.9/lib/python/site-packages/urllib3/connectionpool.py", line 469, in _make_request
    assert_header_parsing(httplib_response.msg)
  File "/Users/yeon/Library/Python/3.9/lib/python/site-packages/urllib3/util/response.py", line 91, in assert_header_parsing
    raise HeaderParsingError(defects=defects, unparsed_data=unparsed_data)
urllib3.exceptions.HeaderParsingError: [MissingHeaderBodySeparatorDefect()], unparsed data: 'Server : Wow 3.8\r\nDate: Thu, 05 Jan 2023 06:18:23 GMT\r\nContent-Type: text/html\r\nContent-Length: 39677\r\nConnection: keep-alive\r\nCache-Control: private\r\nSet-Cookie: ASPSESSIONIDCSACRTTB=CJDLIJOCFFKKDAANNMMJDIBN; path=/\r\nX-Frame-Options: SAMEORIGIN\r\n\r\n'
2023-01-05 15:19:38,597 - INFO - SEODAEMUN
2023-01-05 15:19:38,597 - INFO - SEODAEMUN
2023-01-05 15:19:38,597 - INFO - SEODAEMUN
2023-01-05 15:19:38,597 - INFO - SEODAEMUN
2023-01-05 15:19:38,597 - INFO - SEODAEMUN
2023-01-05 15:19:38,597 - INFO - SEODAEMUN
2023-01-05 15:19:38,597 - INFO - SEODAEMUN
2023-01-05 15:19:38,597 - INFO - SEODAEMUN
2023-01-05 15:19:38,597 - INFO - SEODAEMUN
2023-01-05 15:19:38,597 - INFO - SEODAEMUN
2023-01-05 15:19:38,597 - INFO - SEODAEMUN
2023-01-05 15:19:38,597 - INFO - SEODAEMUN
