2023-01-04 09:11:21,838 - INFO - JUNGNANG
2023-01-04 09:11:23,256 - WARNING - Failed to parse headers (url=https://www.jungnang.go.kr:443/portal/bbs/list/B0000002.do?searchCnd=&searchWrd=&gubun=&delCode=0&useAt=&replyAt=&menuNo=200473&sdate=&edate=&deptId=&deptName=&popupYn=&dept=&dong=&option1=&viewType=&searchCnd2=&pageIndex=1): [FirstHeaderLineIsContinuationDefect(' X-Content-Type-Options: nosniff\r\n')], unparsed data: ''
Traceback (most recent call last):
  File "/Users/yeon/Library/Python/3.9/lib/python/site-packages/urllib3/connectionpool.py", line 469, in _make_request
    assert_header_parsing(httplib_response.msg)
  File "/Users/yeon/Library/Python/3.9/lib/python/site-packages/urllib3/util/response.py", line 91, in assert_header_parsing
    raise HeaderParsingError(defects=defects, unparsed_data=unparsed_data)
urllib3.exceptions.HeaderParsingError: [FirstHeaderLineIsContinuationDefect(' X-Content-Type-Options: nosniff\r\n')], unparsed data: ''
2023-01-04 09:11:23,966 - INFO - JUNGNANG
2023-01-04 09:11:23,966 - INFO - JUNGNANG
2023-01-04 09:11:32,887 - INFO - YONGSAN
2023-01-04 09:11:32,887 - INFO - YONGSAN
2023-01-04 09:11:32,887 - INFO - YONGSAN
2023-01-04 09:11:34,606 - INFO - YONGSAN
2023-01-04 09:11:34,606 - INFO - YONGSAN
2023-01-04 09:11:34,606 - INFO - YONGSAN
2023-01-04 09:11:34,606 - INFO - YONGSAN
2023-01-04 09:11:36,440 - INFO - YONGSAN
2023-01-04 09:11:36,440 - INFO - YONGSAN
2023-01-04 09:11:36,440 - INFO - YONGSAN
2023-01-04 09:11:36,440 - INFO - YONGSAN
2023-01-04 09:11:36,440 - INFO - YONGSAN
2023-01-04 09:11:38,080 - INFO - GANGNAM
2023-01-04 09:11:38,080 - INFO - GANGNAM
2023-01-04 09:11:38,080 - INFO - GANGNAM
2023-01-04 09:11:38,080 - INFO - GANGNAM
2023-01-04 09:11:38,080 - INFO - GANGNAM
2023-01-04 09:11:38,080 - INFO - GANGNAM
2023-01-04 09:11:50,594 - INFO - GANGNAM
2023-01-04 09:11:50,594 - INFO - GANGNAM
2023-01-04 09:11:50,594 - INFO - GANGNAM
2023-01-04 09:11:50,594 - INFO - GANGNAM
2023-01-04 09:11:50,594 - INFO - GANGNAM
2023-01-04 09:11:50,594 - INFO - GANGNAM
2023-01-04 09:11:50,594 - INFO - GANGNAM
2023-01-04 09:11:52,423 - INFO - GANGDONG
2023-01-04 09:11:52,423 - INFO - GANGDONG
2023-01-04 09:11:52,423 - INFO - GANGDONG
2023-01-04 09:11:52,423 - INFO - GANGDONG
2023-01-04 09:11:52,423 - INFO - GANGDONG
2023-01-04 09:11:52,423 - INFO - GANGDONG
2023-01-04 09:11:52,423 - INFO - GANGDONG
2023-01-04 09:11:52,423 - INFO - GANGDONG
2023-01-04 09:11:58,330 - INFO - GURO
2023-01-04 09:11:58,330 - INFO - GURO
2023-01-04 09:11:58,330 - INFO - GURO
2023-01-04 09:11:58,330 - INFO - GURO
2023-01-04 09:11:58,330 - INFO - GURO
2023-01-04 09:11:58,330 - INFO - GURO
2023-01-04 09:11:58,330 - INFO - GURO
2023-01-04 09:11:58,330 - INFO - GURO
2023-01-04 09:11:58,330 - INFO - GURO
2023-01-04 09:12:00,706 - INFO - GURO
2023-01-04 09:12:00,706 - INFO - GURO
2023-01-04 09:12:00,706 - INFO - GURO
2023-01-04 09:12:00,706 - INFO - GURO
2023-01-04 09:12:00,706 - INFO - GURO
2023-01-04 09:12:00,706 - INFO - GURO
2023-01-04 09:12:00,706 - INFO - GURO
2023-01-04 09:12:00,706 - INFO - GURO
2023-01-04 09:12:00,706 - INFO - GURO
2023-01-04 09:12:00,706 - INFO - GURO
2023-01-04 09:12:09,864 - INFO - GANGSEO
2023-01-04 09:12:09,864 - INFO - GANGSEO
2023-01-04 09:12:09,864 - INFO - GANGSEO
2023-01-04 09:12:09,864 - INFO - GANGSEO
2023-01-04 09:12:09,864 - INFO - GANGSEO
2023-01-04 09:12:09,864 - INFO - GANGSEO
2023-01-04 09:12:09,864 - INFO - GANGSEO
2023-01-04 09:12:09,864 - INFO - GANGSEO
2023-01-04 09:12:09,864 - INFO - GANGSEO
2023-01-04 09:12:09,864 - INFO - GANGSEO
2023-01-04 09:12:09,864 - INFO - GANGSEO
2023-01-04 09:12:12,791 - INFO - GANGSEO
2023-01-04 09:12:12,791 - INFO - GANGSEO
2023-01-04 09:12:12,791 - INFO - GANGSEO
2023-01-04 09:12:12,791 - INFO - GANGSEO
2023-01-04 09:12:12,791 - INFO - GANGSEO
2023-01-04 09:12:12,791 - INFO - GANGSEO
2023-01-04 09:12:12,791 - INFO - GANGSEO
2023-01-04 09:12:12,791 - INFO - GANGSEO
2023-01-04 09:12:12,791 - INFO - GANGSEO
2023-01-04 09:12:12,791 - INFO - GANGSEO
2023-01-04 09:12:12,791 - INFO - GANGSEO
2023-01-04 09:12:12,791 - INFO - GANGSEO
2023-01-04 09:12:14,657 - INFO - GANGDONG
2023-01-04 09:12:14,657 - INFO - GANGDONG
2023-01-04 09:12:14,657 - INFO - GANGDONG
2023-01-04 09:12:14,657 - INFO - GANGDONG
2023-01-04 09:12:14,657 - INFO - GANGDONG
2023-01-04 09:12:14,657 - INFO - GANGDONG
2023-01-04 09:12:14,657 - INFO - GANGDONG
2023-01-04 09:12:14,657 - INFO - GANGDONG
2023-01-04 09:12:14,657 - INFO - GANGDONG
2023-01-04 09:12:14,657 - INFO - GANGDONG
2023-01-04 09:12:14,657 - INFO - GANGDONG
2023-01-04 09:12:14,657 - INFO - GANGDONG
2023-01-04 09:12:14,657 - INFO - GANGDONG
2023-01-04 09:12:16,789 - INFO - GANGDONG
2023-01-04 09:12:16,789 - INFO - GANGDONG
2023-01-04 09:12:16,789 - INFO - GANGDONG
2023-01-04 09:12:16,789 - INFO - GANGDONG
2023-01-04 09:12:16,789 - INFO - GANGDONG
2023-01-04 09:12:16,789 - INFO - GANGDONG
2023-01-04 09:12:16,789 - INFO - GANGDONG
2023-01-04 09:12:16,789 - INFO - GANGDONG
2023-01-04 09:12:16,789 - INFO - GANGDONG
2023-01-04 09:12:16,789 - INFO - GANGDONG
2023-01-04 09:12:16,789 - INFO - GANGDONG
2023-01-04 09:12:16,789 - INFO - GANGDONG
2023-01-04 09:12:16,789 - INFO - GANGDONG
2023-01-04 09:12:16,789 - INFO - GANGDONG
2023-01-04 09:12:18,657 - INFO - GANGDONG
2023-01-04 09:12:18,657 - INFO - GANGDONG
2023-01-04 09:12:18,657 - INFO - GANGDONG
2023-01-04 09:12:18,657 - INFO - GANGDONG
2023-01-04 09:12:18,657 - INFO - GANGDONG
2023-01-04 09:12:18,657 - INFO - GANGDONG
2023-01-04 09:12:18,657 - INFO - GANGDONG
2023-01-04 09:12:18,657 - INFO - GANGDONG
2023-01-04 09:12:18,657 - INFO - GANGDONG
2023-01-04 09:12:18,657 - INFO - GANGDONG
2023-01-04 09:12:18,657 - INFO - GANGDONG
2023-01-04 09:12:18,657 - INFO - GANGDONG
2023-01-04 09:12:18,657 - INFO - GANGDONG
2023-01-04 09:12:18,657 - INFO - GANGDONG
2023-01-04 09:12:18,657 - INFO - GANGDONG
2023-01-04 09:12:27,716 - INFO - DOBONG
2023-01-04 09:12:27,716 - INFO - DOBONG
2023-01-04 09:12:27,716 - INFO - DOBONG
2023-01-04 09:12:27,716 - INFO - DOBONG
2023-01-04 09:12:27,716 - INFO - DOBONG
2023-01-04 09:12:27,716 - INFO - DOBONG
2023-01-04 09:12:27,716 - INFO - DOBONG
2023-01-04 09:12:27,716 - INFO - DOBONG
2023-01-04 09:12:27,716 - INFO - DOBONG
2023-01-04 09:12:27,716 - INFO - DOBONG
2023-01-04 09:12:27,716 - INFO - DOBONG
2023-01-04 09:12:27,716 - INFO - DOBONG
2023-01-04 09:12:27,716 - INFO - DOBONG
2023-01-04 09:12:27,716 - INFO - DOBONG
2023-01-04 09:12:27,716 - INFO - DOBONG
2023-01-04 09:12:27,716 - INFO - DOBONG
2023-01-04 09:12:29,538 - INFO - DOBONG
2023-01-04 09:12:29,538 - INFO - DOBONG
2023-01-04 09:12:29,538 - INFO - DOBONG
2023-01-04 09:12:29,538 - INFO - DOBONG
2023-01-04 09:12:29,538 - INFO - DOBONG
2023-01-04 09:12:29,538 - INFO - DOBONG
2023-01-04 09:12:29,538 - INFO - DOBONG
2023-01-04 09:12:29,538 - INFO - DOBONG
2023-01-04 09:12:29,538 - INFO - DOBONG
2023-01-04 09:12:29,538 - INFO - DOBONG
2023-01-04 09:12:29,538 - INFO - DOBONG
2023-01-04 09:12:29,538 - INFO - DOBONG
2023-01-04 09:12:29,538 - INFO - DOBONG
2023-01-04 09:12:29,538 - INFO - DOBONG
2023-01-04 09:12:29,538 - INFO - DOBONG
2023-01-04 09:12:29,538 - INFO - DOBONG
2023-01-04 09:12:29,538 - INFO - DOBONG
2023-01-04 09:12:31,523 - INFO - GANGBUK
2023-01-04 09:12:31,523 - INFO - GANGBUK
2023-01-04 09:12:31,523 - INFO - GANGBUK
2023-01-04 09:12:31,523 - INFO - GANGBUK
2023-01-04 09:12:31,523 - INFO - GANGBUK
2023-01-04 09:12:31,523 - INFO - GANGBUK
2023-01-04 09:12:31,523 - INFO - GANGBUK
2023-01-04 09:12:31,523 - INFO - GANGBUK
2023-01-04 09:12:31,523 - INFO - GANGBUK
2023-01-04 09:12:31,523 - INFO - GANGBUK
2023-01-04 09:12:31,523 - INFO - GANGBUK
2023-01-04 09:12:31,523 - INFO - GANGBUK
2023-01-04 09:12:31,523 - INFO - GANGBUK
2023-01-04 09:12:31,523 - INFO - GANGBUK
2023-01-04 09:12:31,523 - INFO - GANGBUK
2023-01-04 09:12:31,523 - INFO - GANGBUK
2023-01-04 09:12:31,523 - INFO - GANGBUK
2023-01-04 09:12:31,523 - INFO - GANGBUK
2023-01-04 09:12:40,533 - INFO - GANGBUK
2023-01-04 09:12:40,533 - INFO - GANGBUK
2023-01-04 09:12:40,533 - INFO - GANGBUK
2023-01-04 09:12:40,533 - INFO - GANGBUK
2023-01-04 09:12:40,533 - INFO - GANGBUK
2023-01-04 09:12:40,533 - INFO - GANGBUK
2023-01-04 09:12:40,533 - INFO - GANGBUK
2023-01-04 09:12:40,533 - INFO - GANGBUK
2023-01-04 09:12:40,533 - INFO - GANGBUK
2023-01-04 09:12:40,533 - INFO - GANGBUK
2023-01-04 09:12:40,533 - INFO - GANGBUK
2023-01-04 09:12:40,533 - INFO - GANGBUK
2023-01-04 09:12:40,533 - INFO - GANGBUK
2023-01-04 09:12:40,533 - INFO - GANGBUK
2023-01-04 09:12:40,533 - INFO - GANGBUK
2023-01-04 09:12:40,533 - INFO - GANGBUK
2023-01-04 09:12:40,533 - INFO - GANGBUK
2023-01-04 09:12:40,533 - INFO - GANGBUK
2023-01-04 09:12:40,533 - INFO - GANGBUK
2023-01-04 09:12:50,198 - INFO - DONGDAEMUN
2023-01-04 09:12:50,198 - INFO - DONGDAEMUN
2023-01-04 09:12:50,198 - INFO - DONGDAEMUN
2023-01-04 09:12:50,198 - INFO - DONGDAEMUN
2023-01-04 09:12:50,198 - INFO - DONGDAEMUN
2023-01-04 09:12:50,198 - INFO - DONGDAEMUN
2023-01-04 09:12:50,198 - INFO - DONGDAEMUN
2023-01-04 09:12:50,198 - INFO - DONGDAEMUN
2023-01-04 09:12:50,198 - INFO - DONGDAEMUN
2023-01-04 09:12:50,198 - INFO - DONGDAEMUN
2023-01-04 09:12:50,198 - INFO - DONGDAEMUN
2023-01-04 09:12:50,198 - INFO - DONGDAEMUN
2023-01-04 09:12:50,198 - INFO - DONGDAEMUN
2023-01-04 09:12:50,198 - INFO - DONGDAEMUN
2023-01-04 09:12:50,198 - INFO - DONGDAEMUN
2023-01-04 09:12:50,198 - INFO - DONGDAEMUN
2023-01-04 09:12:50,198 - INFO - DONGDAEMUN
2023-01-04 09:12:50,198 - INFO - DONGDAEMUN
2023-01-04 09:12:50,198 - INFO - DONGDAEMUN
2023-01-04 09:12:50,198 - INFO - DONGDAEMUN
2023-01-04 09:14:03,186 - INFO - DONGDAEMUN
2023-01-04 09:14:05,466 - INFO - DONGDAEMUN
2023-01-04 09:14:05,466 - INFO - DONGDAEMUN
2023-01-04 09:14:07,393 - INFO - DONGDAEMUN
2023-01-04 09:14:07,393 - INFO - DONGDAEMUN
2023-01-04 09:14:07,393 - INFO - DONGDAEMUN
2023-01-04 09:14:08,953 - INFO - DONGJAK
2023-01-04 09:14:08,953 - INFO - DONGJAK
2023-01-04 09:14:08,953 - INFO - DONGJAK
2023-01-04 09:14:08,953 - INFO - DONGJAK
2023-01-04 09:14:12,112 - INFO - DONGJAK
2023-01-04 09:14:12,112 - INFO - DONGJAK
2023-01-04 09:14:12,112 - INFO - DONGJAK
2023-01-04 09:14:12,112 - INFO - DONGJAK
2023-01-04 09:14:12,112 - INFO - DONGJAK
2023-01-04 09:14:25,149 - INFO - GEUAMCHEOUN
2023-01-04 09:14:25,149 - INFO - GEUAMCHEOUN
2023-01-04 09:14:25,149 - INFO - GEUAMCHEOUN
2023-01-04 09:14:25,149 - INFO - GEUAMCHEOUN
2023-01-04 09:14:25,149 - INFO - GEUAMCHEOUN
2023-01-04 09:14:25,149 - INFO - GEUAMCHEOUN
2023-01-04 09:15:33,224 - INFO - GEUAMCHEOUN
2023-01-04 09:15:57,013 - INFO - GEUAMCHEOUN
2023-01-04 09:15:58,706 - INFO - GEUAMCHEOUN
2023-01-04 09:15:58,706 - INFO - GEUAMCHEOUN
2023-01-04 09:16:00,165 - INFO - GWANAK
2023-01-04 09:16:00,165 - INFO - GWANAK
2023-01-04 09:16:00,165 - INFO - GWANAK
2023-01-04 09:16:14,916 - INFO - GWANAK
2023-01-04 09:16:14,916 - INFO - GWANAK
2023-01-04 09:16:14,916 - INFO - GWANAK
2023-01-04 09:16:14,916 - INFO - GWANAK
2023-01-04 09:16:24,274 - INFO - SEONGDONG
2023-01-04 09:16:24,274 - INFO - SEONGDONG
2023-01-04 09:16:24,274 - INFO - SEONGDONG
2023-01-04 09:16:24,274 - INFO - SEONGDONG
2023-01-04 09:16:24,274 - INFO - SEONGDONG
2023-01-04 09:16:36,374 - INFO - SEONGDONG
2023-01-04 09:16:36,374 - INFO - SEONGDONG
2023-01-04 09:16:36,374 - INFO - SEONGDONG
2023-01-04 09:16:36,374 - INFO - SEONGDONG
2023-01-04 09:16:36,374 - INFO - SEONGDONG
2023-01-04 09:16:36,374 - INFO - SEONGDONG
2023-01-04 09:16:48,231 - INFO - EUNPYENG
2023-01-04 09:16:48,231 - INFO - EUNPYENG
2023-01-04 09:16:48,231 - INFO - EUNPYENG
2023-01-04 09:16:48,231 - INFO - EUNPYENG
2023-01-04 09:16:48,231 - INFO - EUNPYENG
2023-01-04 09:16:48,231 - INFO - EUNPYENG
2023-01-04 09:16:48,231 - INFO - EUNPYENG
2023-01-04 09:16:55,753 - INFO - EUNPYENG
2023-01-04 09:16:55,753 - INFO - EUNPYENG
2023-01-04 09:16:55,753 - INFO - EUNPYENG
2023-01-04 09:16:55,753 - INFO - EUNPYENG
2023-01-04 09:16:55,753 - INFO - EUNPYENG
2023-01-04 09:16:55,753 - INFO - EUNPYENG
2023-01-04 09:16:55,753 - INFO - EUNPYENG
2023-01-04 09:16:55,753 - INFO - EUNPYENG
2023-01-04 09:17:00,972 - INFO - EUNPYENG
2023-01-04 09:17:00,972 - INFO - EUNPYENG
2023-01-04 09:17:00,972 - INFO - EUNPYENG
2023-01-04 09:17:00,972 - INFO - EUNPYENG
2023-01-04 09:17:00,972 - INFO - EUNPYENG
2023-01-04 09:17:00,972 - INFO - EUNPYENG
2023-01-04 09:17:00,972 - INFO - EUNPYENG
2023-01-04 09:17:00,972 - INFO - EUNPYENG
2023-01-04 09:17:00,972 - INFO - EUNPYENG
2023-01-04 09:17:02,304 - INFO - GWANGZIN
2023-01-04 09:17:02,304 - INFO - GWANGZIN
2023-01-04 09:17:02,304 - INFO - GWANGZIN
2023-01-04 09:17:02,304 - INFO - GWANGZIN
2023-01-04 09:17:02,304 - INFO - GWANGZIN
2023-01-04 09:17:02,304 - INFO - GWANGZIN
2023-01-04 09:17:02,304 - INFO - GWANGZIN
2023-01-04 09:17:02,304 - INFO - GWANGZIN
2023-01-04 09:17:02,304 - INFO - GWANGZIN
2023-01-04 09:17:02,304 - INFO - GWANGZIN
2023-01-04 09:17:07,086 - INFO - GWANGZIN
2023-01-04 09:17:07,086 - INFO - GWANGZIN
2023-01-04 09:17:07,086 - INFO - GWANGZIN
2023-01-04 09:17:07,086 - INFO - GWANGZIN
2023-01-04 09:17:07,086 - INFO - GWANGZIN
2023-01-04 09:17:07,086 - INFO - GWANGZIN
2023-01-04 09:17:07,086 - INFO - GWANGZIN
2023-01-04 09:17:07,086 - INFO - GWANGZIN
2023-01-04 09:17:07,086 - INFO - GWANGZIN
2023-01-04 09:17:07,086 - INFO - GWANGZIN
2023-01-04 09:17:07,086 - INFO - GWANGZIN
2023-01-04 09:17:09,358 - INFO - JONGRO
2023-01-04 09:17:09,358 - INFO - JONGRO
2023-01-04 09:17:09,358 - INFO - JONGRO
2023-01-04 09:17:09,358 - INFO - JONGRO
2023-01-04 09:17:09,358 - INFO - JONGRO
2023-01-04 09:17:09,358 - INFO - JONGRO
2023-01-04 09:17:09,358 - INFO - JONGRO
2023-01-04 09:17:09,358 - INFO - JONGRO
2023-01-04 09:17:09,358 - INFO - JONGRO
2023-01-04 09:17:09,358 - INFO - JONGRO
2023-01-04 09:17:09,358 - INFO - JONGRO
2023-01-04 09:17:09,358 - INFO - JONGRO
2023-01-04 09:17:19,607 - INFO - JONGRO
2023-01-04 09:17:19,607 - INFO - JONGRO
2023-01-04 09:17:19,607 - INFO - JONGRO
2023-01-04 09:17:19,607 - INFO - JONGRO
2023-01-04 09:17:19,607 - INFO - JONGRO
2023-01-04 09:17:19,607 - INFO - JONGRO
2023-01-04 09:17:19,607 - INFO - JONGRO
2023-01-04 09:17:19,607 - INFO - JONGRO
2023-01-04 09:17:19,607 - INFO - JONGRO
2023-01-04 09:17:19,607 - INFO - JONGRO
2023-01-04 09:17:19,607 - INFO - JONGRO
2023-01-04 09:17:19,607 - INFO - JONGRO
2023-01-04 09:17:19,607 - INFO - JONGRO
2023-01-04 09:17:21,197 - INFO - JUNGGU
2023-01-04 09:17:21,197 - INFO - JUNGGU
2023-01-04 09:17:21,197 - INFO - JUNGGU
2023-01-04 09:17:21,197 - INFO - JUNGGU
2023-01-04 09:17:21,197 - INFO - JUNGGU
2023-01-04 09:17:21,197 - INFO - JUNGGU
2023-01-04 09:17:21,197 - INFO - JUNGGU
2023-01-04 09:17:21,197 - INFO - JUNGGU
2023-01-04 09:17:21,197 - INFO - JUNGGU
2023-01-04 09:17:21,197 - INFO - JUNGGU
2023-01-04 09:17:21,197 - INFO - JUNGGU
2023-01-04 09:17:21,197 - INFO - JUNGGU
2023-01-04 09:17:21,197 - INFO - JUNGGU
2023-01-04 09:17:21,197 - INFO - JUNGGU
2023-01-04 09:17:22,538 - INFO - JUNGGU
2023-01-04 09:17:22,538 - INFO - JUNGGU
2023-01-04 09:17:22,538 - INFO - JUNGGU
2023-01-04 09:17:22,538 - INFO - JUNGGU
2023-01-04 09:17:22,538 - INFO - JUNGGU
2023-01-04 09:17:22,538 - INFO - JUNGGU
2023-01-04 09:17:22,538 - INFO - JUNGGU
2023-01-04 09:17:22,538 - INFO - JUNGGU
2023-01-04 09:17:22,538 - INFO - JUNGGU
2023-01-04 09:17:22,538 - INFO - JUNGGU
2023-01-04 09:17:22,538 - INFO - JUNGGU
2023-01-04 09:17:22,538 - INFO - JUNGGU
2023-01-04 09:17:22,538 - INFO - JUNGGU
2023-01-04 09:17:22,538 - INFO - JUNGGU
2023-01-04 09:17:22,538 - INFO - JUNGGU
2023-01-04 09:17:30,896 - INFO - MAPO
2023-01-04 09:17:30,896 - INFO - MAPO
2023-01-04 09:17:30,896 - INFO - MAPO
2023-01-04 09:17:30,896 - INFO - MAPO
2023-01-04 09:17:30,896 - INFO - MAPO
2023-01-04 09:17:30,896 - INFO - MAPO
2023-01-04 09:17:30,896 - INFO - MAPO
2023-01-04 09:17:30,896 - INFO - MAPO
2023-01-04 09:17:30,896 - INFO - MAPO
2023-01-04 09:17:30,896 - INFO - MAPO
2023-01-04 09:17:30,896 - INFO - MAPO
2023-01-04 09:17:30,896 - INFO - MAPO
2023-01-04 09:17:30,896 - INFO - MAPO
2023-01-04 09:17:30,896 - INFO - MAPO
2023-01-04 09:17:30,896 - INFO - MAPO
2023-01-04 09:17:30,896 - INFO - MAPO
2023-01-04 09:17:36,697 - INFO - MAPO
2023-01-04 09:17:36,697 - INFO - MAPO
2023-01-04 09:17:36,697 - INFO - MAPO
2023-01-04 09:17:36,697 - INFO - MAPO
2023-01-04 09:17:36,697 - INFO - MAPO
2023-01-04 09:17:36,697 - INFO - MAPO
2023-01-04 09:17:36,697 - INFO - MAPO
2023-01-04 09:17:36,697 - INFO - MAPO
2023-01-04 09:17:36,697 - INFO - MAPO
2023-01-04 09:17:36,697 - INFO - MAPO
2023-01-04 09:17:36,697 - INFO - MAPO
2023-01-04 09:17:36,697 - INFO - MAPO
2023-01-04 09:17:36,697 - INFO - MAPO
2023-01-04 09:17:36,697 - INFO - MAPO
2023-01-04 09:17:36,697 - INFO - MAPO
2023-01-04 09:17:36,697 - INFO - MAPO
2023-01-04 09:17:36,697 - INFO - MAPO
2023-01-04 09:17:39,002 - INFO - MAPO
2023-01-04 09:17:39,002 - INFO - MAPO
2023-01-04 09:17:39,002 - INFO - MAPO
2023-01-04 09:17:39,002 - INFO - MAPO
2023-01-04 09:17:39,002 - INFO - MAPO
2023-01-04 09:17:39,002 - INFO - MAPO
2023-01-04 09:17:39,002 - INFO - MAPO
2023-01-04 09:17:39,002 - INFO - MAPO
2023-01-04 09:17:39,002 - INFO - MAPO
2023-01-04 09:17:39,002 - INFO - MAPO
2023-01-04 09:17:39,002 - INFO - MAPO
2023-01-04 09:17:39,002 - INFO - MAPO
2023-01-04 09:17:39,002 - INFO - MAPO
2023-01-04 09:17:39,002 - INFO - MAPO
2023-01-04 09:17:39,002 - INFO - MAPO
2023-01-04 09:17:39,002 - INFO - MAPO
2023-01-04 09:17:39,002 - INFO - MAPO
2023-01-04 09:17:39,002 - INFO - MAPO
2023-01-04 09:17:41,292 - INFO - MAPO
2023-01-04 09:17:41,292 - INFO - MAPO
2023-01-04 09:17:41,292 - INFO - MAPO
2023-01-04 09:17:41,292 - INFO - MAPO
2023-01-04 09:17:41,292 - INFO - MAPO
2023-01-04 09:17:41,292 - INFO - MAPO
2023-01-04 09:17:41,292 - INFO - MAPO
2023-01-04 09:17:41,292 - INFO - MAPO
2023-01-04 09:17:41,292 - INFO - MAPO
2023-01-04 09:17:41,292 - INFO - MAPO
2023-01-04 09:17:41,292 - INFO - MAPO
2023-01-04 09:17:41,292 - INFO - MAPO
2023-01-04 09:17:41,292 - INFO - MAPO
2023-01-04 09:17:41,292 - INFO - MAPO
2023-01-04 09:17:41,292 - INFO - MAPO
2023-01-04 09:17:41,292 - INFO - MAPO
2023-01-04 09:17:41,292 - INFO - MAPO
2023-01-04 09:17:41,292 - INFO - MAPO
2023-01-04 09:17:41,292 - INFO - MAPO
2023-01-04 09:17:43,915 - INFO - NOWON
2023-01-04 09:17:43,915 - INFO - NOWON
2023-01-04 09:17:43,915 - INFO - NOWON
2023-01-04 09:17:43,915 - INFO - NOWON
2023-01-04 09:17:43,915 - INFO - NOWON
2023-01-04 09:17:43,915 - INFO - NOWON
2023-01-04 09:17:43,915 - INFO - NOWON
2023-01-04 09:17:43,915 - INFO - NOWON
2023-01-04 09:17:43,915 - INFO - NOWON
2023-01-04 09:17:43,915 - INFO - NOWON
2023-01-04 09:17:43,915 - INFO - NOWON
2023-01-04 09:17:43,915 - INFO - NOWON
2023-01-04 09:17:43,915 - INFO - NOWON
2023-01-04 09:17:43,915 - INFO - NOWON
2023-01-04 09:17:43,915 - INFO - NOWON
2023-01-04 09:17:43,915 - INFO - NOWON
2023-01-04 09:17:43,915 - INFO - NOWON
2023-01-04 09:17:43,915 - INFO - NOWON
2023-01-04 09:17:43,915 - INFO - NOWON
2023-01-04 09:17:43,915 - INFO - NOWON
2023-01-04 09:17:52,654 - INFO - NOWON
2023-01-04 09:17:52,654 - INFO - NOWON
2023-01-04 09:17:52,654 - INFO - NOWON
2023-01-04 09:17:52,654 - INFO - NOWON
2023-01-04 09:17:52,654 - INFO - NOWON
2023-01-04 09:17:52,654 - INFO - NOWON
2023-01-04 09:17:52,654 - INFO - NOWON
2023-01-04 09:17:52,654 - INFO - NOWON
2023-01-04 09:17:52,654 - INFO - NOWON
2023-01-04 09:17:52,654 - INFO - NOWON
2023-01-04 09:17:52,654 - INFO - NOWON
2023-01-04 09:17:52,654 - INFO - NOWON
2023-01-04 09:17:52,654 - INFO - NOWON
2023-01-04 09:17:52,654 - INFO - NOWON
2023-01-04 09:17:52,654 - INFO - NOWON
2023-01-04 09:17:52,654 - INFO - NOWON
2023-01-04 09:17:52,654 - INFO - NOWON
2023-01-04 09:17:52,654 - INFO - NOWON
2023-01-04 09:17:52,654 - INFO - NOWON
2023-01-04 09:17:52,654 - INFO - NOWON
2023-01-04 09:17:52,654 - INFO - NOWON
2023-01-04 09:18:02,770 - INFO - SEOCHO
2023-01-04 09:18:02,770 - INFO - SEOCHO
2023-01-04 09:18:02,770 - INFO - SEOCHO
2023-01-04 09:18:02,770 - INFO - SEOCHO
2023-01-04 09:18:02,770 - INFO - SEOCHO
2023-01-04 09:18:02,770 - INFO - SEOCHO
2023-01-04 09:18:02,770 - INFO - SEOCHO
2023-01-04 09:18:02,770 - INFO - SEOCHO
2023-01-04 09:18:02,770 - INFO - SEOCHO
2023-01-04 09:18:02,770 - INFO - SEOCHO
2023-01-04 09:18:02,770 - INFO - SEOCHO
2023-01-04 09:18:02,770 - INFO - SEOCHO
2023-01-04 09:18:02,770 - INFO - SEOCHO
2023-01-04 09:18:02,770 - INFO - SEOCHO
2023-01-04 09:18:02,770 - INFO - SEOCHO
2023-01-04 09:18:02,770 - INFO - SEOCHO
2023-01-04 09:18:02,770 - INFO - SEOCHO
2023-01-04 09:18:02,770 - INFO - SEOCHO
2023-01-04 09:18:02,770 - INFO - SEOCHO
2023-01-04 09:18:02,770 - INFO - SEOCHO
2023-01-04 09:18:02,770 - INFO - SEOCHO
2023-01-04 09:18:02,770 - INFO - SEOCHO
2023-01-04 09:18:56,094 - INFO - SEOCHO
2023-01-04 09:18:58,264 - INFO - SEOCHO
2023-01-04 09:18:58,264 - INFO - SEOCHO
2023-01-04 09:19:00,156 - INFO - SEOCHO
2023-01-04 09:19:00,156 - INFO - SEOCHO
2023-01-04 09:19:00,156 - INFO - SEOCHO
2023-01-04 09:19:02,051 - INFO - SEOCHO
2023-01-04 09:19:02,051 - INFO - SEOCHO
2023-01-04 09:19:02,051 - INFO - SEOCHO
2023-01-04 09:19:02,051 - INFO - SEOCHO
2023-01-04 09:19:03,267 - INFO - SEONGBUK
2023-01-04 09:19:03,267 - INFO - SEONGBUK
2023-01-04 09:19:03,267 - INFO - SEONGBUK
2023-01-04 09:19:03,267 - INFO - SEONGBUK
2023-01-04 09:19:03,267 - INFO - SEONGBUK
2023-01-04 09:19:11,623 - INFO - SONGPA
2023-01-04 09:19:11,623 - INFO - SONGPA
2023-01-04 09:19:11,623 - INFO - SONGPA
2023-01-04 09:19:11,623 - INFO - SONGPA
2023-01-04 09:19:11,623 - INFO - SONGPA
2023-01-04 09:19:11,623 - INFO - SONGPA
2023-01-04 09:19:14,307 - INFO - SONGPA
2023-01-04 09:19:14,307 - INFO - SONGPA
2023-01-04 09:19:14,307 - INFO - SONGPA
2023-01-04 09:19:14,307 - INFO - SONGPA
2023-01-04 09:19:14,307 - INFO - SONGPA
2023-01-04 09:19:14,307 - INFO - SONGPA
2023-01-04 09:19:14,307 - INFO - SONGPA
2023-01-04 09:19:17,138 - INFO - SONGPA
2023-01-04 09:19:17,138 - INFO - SONGPA
2023-01-04 09:19:17,138 - INFO - SONGPA
2023-01-04 09:19:17,138 - INFO - SONGPA
2023-01-04 09:19:17,138 - INFO - SONGPA
2023-01-04 09:19:17,138 - INFO - SONGPA
2023-01-04 09:19:17,138 - INFO - SONGPA
2023-01-04 09:19:17,138 - INFO - SONGPA
2023-01-04 09:19:18,609 - INFO - YANGCHEON
2023-01-04 09:19:18,609 - INFO - YANGCHEON
2023-01-04 09:19:18,609 - INFO - YANGCHEON
2023-01-04 09:19:18,609 - INFO - YANGCHEON
2023-01-04 09:19:18,609 - INFO - YANGCHEON
2023-01-04 09:19:18,609 - INFO - YANGCHEON
2023-01-04 09:19:18,609 - INFO - YANGCHEON
2023-01-04 09:19:18,609 - INFO - YANGCHEON
2023-01-04 09:19:18,609 - INFO - YANGCHEON
2023-01-04 09:19:28,463 - INFO - YANGCHEON
2023-01-04 09:19:28,463 - INFO - YANGCHEON
2023-01-04 09:19:28,463 - INFO - YANGCHEON
2023-01-04 09:19:28,463 - INFO - YANGCHEON
2023-01-04 09:19:28,463 - INFO - YANGCHEON
2023-01-04 09:19:28,463 - INFO - YANGCHEON
2023-01-04 09:19:28,463 - INFO - YANGCHEON
2023-01-04 09:19:28,463 - INFO - YANGCHEON
2023-01-04 09:19:28,463 - INFO - YANGCHEON
2023-01-04 09:19:28,463 - INFO - YANGCHEON
2023-01-04 09:19:30,132 - INFO - YEONGDEUNGPO
2023-01-04 09:19:30,132 - INFO - YEONGDEUNGPO
2023-01-04 09:19:30,132 - INFO - YEONGDEUNGPO
2023-01-04 09:19:30,132 - INFO - YEONGDEUNGPO
2023-01-04 09:19:30,132 - INFO - YEONGDEUNGPO
2023-01-04 09:19:30,132 - INFO - YEONGDEUNGPO
2023-01-04 09:19:30,132 - INFO - YEONGDEUNGPO
2023-01-04 09:19:30,132 - INFO - YEONGDEUNGPO
2023-01-04 09:19:30,132 - INFO - YEONGDEUNGPO
2023-01-04 09:19:30,132 - INFO - YEONGDEUNGPO
2023-01-04 09:19:30,132 - INFO - YEONGDEUNGPO
2023-01-04 09:19:32,216 - INFO - YEONGDEUNGPO
2023-01-04 09:19:32,216 - INFO - YEONGDEUNGPO
2023-01-04 09:19:32,216 - INFO - YEONGDEUNGPO
2023-01-04 09:19:32,216 - INFO - YEONGDEUNGPO
2023-01-04 09:19:32,216 - INFO - YEONGDEUNGPO
2023-01-04 09:19:32,216 - INFO - YEONGDEUNGPO
2023-01-04 09:19:32,216 - INFO - YEONGDEUNGPO
2023-01-04 09:19:32,216 - INFO - YEONGDEUNGPO
2023-01-04 09:19:32,216 - INFO - YEONGDEUNGPO
2023-01-04 09:19:32,216 - INFO - YEONGDEUNGPO
2023-01-04 09:19:32,216 - INFO - YEONGDEUNGPO
2023-01-04 09:19:32,216 - INFO - YEONGDEUNGPO
2023-01-04 09:19:35,091 - INFO - SEOUL
2023-01-04 09:19:35,091 - INFO - SEOUL
2023-01-04 09:19:35,091 - INFO - SEOUL
2023-01-04 09:19:35,091 - INFO - SEOUL
2023-01-04 09:19:35,091 - INFO - SEOUL
2023-01-04 09:19:35,091 - INFO - SEOUL
2023-01-04 09:19:35,091 - INFO - SEOUL
2023-01-04 09:19:35,091 - INFO - SEOUL
2023-01-04 09:19:35,091 - INFO - SEOUL
2023-01-04 09:19:35,091 - INFO - SEOUL
2023-01-04 09:19:35,091 - INFO - SEOUL
2023-01-04 09:19:35,091 - INFO - SEOUL
2023-01-04 09:19:35,091 - INFO - SEOUL
2023-01-04 09:19:37,385 - INFO - SEOUL
2023-01-04 09:19:37,385 - INFO - SEOUL
2023-01-04 09:19:37,385 - INFO - SEOUL
2023-01-04 09:19:37,385 - INFO - SEOUL
2023-01-04 09:19:37,385 - INFO - SEOUL
2023-01-04 09:19:37,385 - INFO - SEOUL
2023-01-04 09:19:37,385 - INFO - SEOUL
2023-01-04 09:19:37,385 - INFO - SEOUL
2023-01-04 09:19:37,385 - INFO - SEOUL
2023-01-04 09:19:37,385 - INFO - SEOUL
2023-01-04 09:19:37,385 - INFO - SEOUL
2023-01-04 09:19:37,385 - INFO - SEOUL
2023-01-04 09:19:37,385 - INFO - SEOUL
2023-01-04 09:19:37,385 - INFO - SEOUL
2023-01-04 09:19:51,506 - INFO - SEOUL
2023-01-04 09:19:51,506 - INFO - SEOUL
2023-01-04 09:19:51,506 - INFO - SEOUL
2023-01-04 09:19:51,506 - INFO - SEOUL
2023-01-04 09:19:51,506 - INFO - SEOUL
2023-01-04 09:19:51,506 - INFO - SEOUL
2023-01-04 09:19:51,506 - INFO - SEOUL
2023-01-04 09:19:51,506 - INFO - SEOUL
2023-01-04 09:19:51,506 - INFO - SEOUL
2023-01-04 09:19:51,506 - INFO - SEOUL
2023-01-04 09:19:51,506 - INFO - SEOUL
2023-01-04 09:19:51,506 - INFO - SEOUL
2023-01-04 09:19:51,506 - INFO - SEOUL
2023-01-04 09:19:51,506 - INFO - SEOUL
2023-01-04 09:19:51,506 - INFO - SEOUL
2023-01-04 09:19:54,340 - INFO - SEOUL
2023-01-04 09:19:54,340 - INFO - SEOUL
2023-01-04 09:19:54,340 - INFO - SEOUL
2023-01-04 09:19:54,340 - INFO - SEOUL
2023-01-04 09:19:54,340 - INFO - SEOUL
2023-01-04 09:19:54,340 - INFO - SEOUL
2023-01-04 09:19:54,340 - INFO - SEOUL
2023-01-04 09:19:54,340 - INFO - SEOUL
2023-01-04 09:19:54,340 - INFO - SEOUL
2023-01-04 09:19:54,340 - INFO - SEOUL
2023-01-04 09:19:54,340 - INFO - SEOUL
2023-01-04 09:19:54,340 - INFO - SEOUL
2023-01-04 09:19:54,340 - INFO - SEOUL
2023-01-04 09:19:54,340 - INFO - SEOUL
2023-01-04 09:19:54,340 - INFO - SEOUL
2023-01-04 09:19:54,340 - INFO - SEOUL
2023-01-04 09:19:54,892 - WARNING - Failed to parse headers (url=https://www.sscmc.or.kr:443/info/notice/list.asp?db=BBS_notice&pageno=1&startpage=1&where=&keyfield=&keyword=&catekkk=): [MissingHeaderBodySeparatorDefect()], unparsed data: 'Server : Wow 3.8\r\nDate: Wed, 04 Jan 2023 00:19:54 GMT\r\nContent-Type: text/html\r\nContent-Length: 39204\r\nConnection: keep-alive\r\nCache-Control: private\r\nSet-Cookie: ASPSESSIONIDAQABTQRD=BIKHKNBCBCGCDANLEJNKBHLB; path=/\r\nX-Frame-Options: SAMEORIGIN\r\n\r\n'
Traceback (most recent call last):
  File "/Users/yeon/Library/Python/3.9/lib/python/site-packages/urllib3/connectionpool.py", line 469, in _make_request
    assert_header_parsing(httplib_response.msg)
  File "/Users/yeon/Library/Python/3.9/lib/python/site-packages/urllib3/util/response.py", line 91, in assert_header_parsing
    raise HeaderParsingError(defects=defects, unparsed_data=unparsed_data)
urllib3.exceptions.HeaderParsingError: [MissingHeaderBodySeparatorDefect()], unparsed data: 'Server : Wow 3.8\r\nDate: Wed, 04 Jan 2023 00:19:54 GMT\r\nContent-Type: text/html\r\nContent-Length: 39204\r\nConnection: keep-alive\r\nCache-Control: private\r\nSet-Cookie: ASPSESSIONIDAQABTQRD=BIKHKNBCBCGCDANLEJNKBHLB; path=/\r\nX-Frame-Options: SAMEORIGIN\r\n\r\n'
2023-01-04 09:19:54,892 - WARNING - Failed to parse headers (url=https://www.sscmc.or.kr:443/info/notice/list.asp?db=BBS_notice&pageno=1&startpage=1&where=&keyfield=&keyword=&catekkk=): [MissingHeaderBodySeparatorDefect()], unparsed data: 'Server : Wow 3.8\r\nDate: Wed, 04 Jan 2023 00:19:54 GMT\r\nContent-Type: text/html\r\nContent-Length: 39204\r\nConnection: keep-alive\r\nCache-Control: private\r\nSet-Cookie: ASPSESSIONIDAQABTQRD=BIKHKNBCBCGCDANLEJNKBHLB; path=/\r\nX-Frame-Options: SAMEORIGIN\r\n\r\n'
Traceback (most recent call last):
  File "/Users/yeon/Library/Python/3.9/lib/python/site-packages/urllib3/connectionpool.py", line 469, in _make_request
    assert_header_parsing(httplib_response.msg)
  File "/Users/yeon/Library/Python/3.9/lib/python/site-packages/urllib3/util/response.py", line 91, in assert_header_parsing
    raise HeaderParsingError(defects=defects, unparsed_data=unparsed_data)
urllib3.exceptions.HeaderParsingError: [MissingHeaderBodySeparatorDefect()], unparsed data: 'Server : Wow 3.8\r\nDate: Wed, 04 Jan 2023 00:19:54 GMT\r\nContent-Type: text/html\r\nContent-Length: 39204\r\nConnection: keep-alive\r\nCache-Control: private\r\nSet-Cookie: ASPSESSIONIDAQABTQRD=BIKHKNBCBCGCDANLEJNKBHLB; path=/\r\nX-Frame-Options: SAMEORIGIN\r\n\r\n'
2023-01-04 09:19:54,892 - WARNING - Failed to parse headers (url=https://www.sscmc.or.kr:443/info/notice/list.asp?db=BBS_notice&pageno=1&startpage=1&where=&keyfield=&keyword=&catekkk=): [MissingHeaderBodySeparatorDefect()], unparsed data: 'Server : Wow 3.8\r\nDate: Wed, 04 Jan 2023 00:19:54 GMT\r\nContent-Type: text/html\r\nContent-Length: 39204\r\nConnection: keep-alive\r\nCache-Control: private\r\nSet-Cookie: ASPSESSIONIDAQABTQRD=BIKHKNBCBCGCDANLEJNKBHLB; path=/\r\nX-Frame-Options: SAMEORIGIN\r\n\r\n'
Traceback (most recent call last):
  File "/Users/yeon/Library/Python/3.9/lib/python/site-packages/urllib3/connectionpool.py", line 469, in _make_request
    assert_header_parsing(httplib_response.msg)
  File "/Users/yeon/Library/Python/3.9/lib/python/site-packages/urllib3/util/response.py", line 91, in assert_header_parsing
    raise HeaderParsingError(defects=defects, unparsed_data=unparsed_data)
urllib3.exceptions.HeaderParsingError: [MissingHeaderBodySeparatorDefect()], unparsed data: 'Server : Wow 3.8\r\nDate: Wed, 04 Jan 2023 00:19:54 GMT\r\nContent-Type: text/html\r\nContent-Length: 39204\r\nConnection: keep-alive\r\nCache-Control: private\r\nSet-Cookie: ASPSESSIONIDAQABTQRD=BIKHKNBCBCGCDANLEJNKBHLB; path=/\r\nX-Frame-Options: SAMEORIGIN\r\n\r\n'
2023-01-04 09:19:54,892 - WARNING - Failed to parse headers (url=https://www.sscmc.or.kr:443/info/notice/list.asp?db=BBS_notice&pageno=1&startpage=1&where=&keyfield=&keyword=&catekkk=): [MissingHeaderBodySeparatorDefect()], unparsed data: 'Server : Wow 3.8\r\nDate: Wed, 04 Jan 2023 00:19:54 GMT\r\nContent-Type: text/html\r\nContent-Length: 39204\r\nConnection: keep-alive\r\nCache-Control: private\r\nSet-Cookie: ASPSESSIONIDAQABTQRD=BIKHKNBCBCGCDANLEJNKBHLB; path=/\r\nX-Frame-Options: SAMEORIGIN\r\n\r\n'
Traceback (most recent call last):
  File "/Users/yeon/Library/Python/3.9/lib/python/site-packages/urllib3/connectionpool.py", line 469, in _make_request
    assert_header_parsing(httplib_response.msg)
  File "/Users/yeon/Library/Python/3.9/lib/python/site-packages/urllib3/util/response.py", line 91, in assert_header_parsing
    raise HeaderParsingError(defects=defects, unparsed_data=unparsed_data)
urllib3.exceptions.HeaderParsingError: [MissingHeaderBodySeparatorDefect()], unparsed data: 'Server : Wow 3.8\r\nDate: Wed, 04 Jan 2023 00:19:54 GMT\r\nContent-Type: text/html\r\nContent-Length: 39204\r\nConnection: keep-alive\r\nCache-Control: private\r\nSet-Cookie: ASPSESSIONIDAQABTQRD=BIKHKNBCBCGCDANLEJNKBHLB; path=/\r\nX-Frame-Options: SAMEORIGIN\r\n\r\n'
2023-01-04 09:19:54,892 - WARNING - Failed to parse headers (url=https://www.sscmc.or.kr:443/info/notice/list.asp?db=BBS_notice&pageno=1&startpage=1&where=&keyfield=&keyword=&catekkk=): [MissingHeaderBodySeparatorDefect()], unparsed data: 'Server : Wow 3.8\r\nDate: Wed, 04 Jan 2023 00:19:54 GMT\r\nContent-Type: text/html\r\nContent-Length: 39204\r\nConnection: keep-alive\r\nCache-Control: private\r\nSet-Cookie: ASPSESSIONIDAQABTQRD=BIKHKNBCBCGCDANLEJNKBHLB; path=/\r\nX-Frame-Options: SAMEORIGIN\r\n\r\n'
Traceback (most recent call last):
  File "/Users/yeon/Library/Python/3.9/lib/python/site-packages/urllib3/connectionpool.py", line 469, in _make_request
    assert_header_parsing(httplib_response.msg)
  File "/Users/yeon/Library/Python/3.9/lib/python/site-packages/urllib3/util/response.py", line 91, in assert_header_parsing
    raise HeaderParsingError(defects=defects, unparsed_data=unparsed_data)
urllib3.exceptions.HeaderParsingError: [MissingHeaderBodySeparatorDefect()], unparsed data: 'Server : Wow 3.8\r\nDate: Wed, 04 Jan 2023 00:19:54 GMT\r\nContent-Type: text/html\r\nContent-Length: 39204\r\nConnection: keep-alive\r\nCache-Control: private\r\nSet-Cookie: ASPSESSIONIDAQABTQRD=BIKHKNBCBCGCDANLEJNKBHLB; path=/\r\nX-Frame-Options: SAMEORIGIN\r\n\r\n'
2023-01-04 09:19:54,892 - WARNING - Failed to parse headers (url=https://www.sscmc.or.kr:443/info/notice/list.asp?db=BBS_notice&pageno=1&startpage=1&where=&keyfield=&keyword=&catekkk=): [MissingHeaderBodySeparatorDefect()], unparsed data: 'Server : Wow 3.8\r\nDate: Wed, 04 Jan 2023 00:19:54 GMT\r\nContent-Type: text/html\r\nContent-Length: 39204\r\nConnection: keep-alive\r\nCache-Control: private\r\nSet-Cookie: ASPSESSIONIDAQABTQRD=BIKHKNBCBCGCDANLEJNKBHLB; path=/\r\nX-Frame-Options: SAMEORIGIN\r\n\r\n'
Traceback (most recent call last):
  File "/Users/yeon/Library/Python/3.9/lib/python/site-packages/urllib3/connectionpool.py", line 469, in _make_request
    assert_header_parsing(httplib_response.msg)
  File "/Users/yeon/Library/Python/3.9/lib/python/site-packages/urllib3/util/response.py", line 91, in assert_header_parsing
    raise HeaderParsingError(defects=defects, unparsed_data=unparsed_data)
urllib3.exceptions.HeaderParsingError: [MissingHeaderBodySeparatorDefect()], unparsed data: 'Server : Wow 3.8\r\nDate: Wed, 04 Jan 2023 00:19:54 GMT\r\nContent-Type: text/html\r\nContent-Length: 39204\r\nConnection: keep-alive\r\nCache-Control: private\r\nSet-Cookie: ASPSESSIONIDAQABTQRD=BIKHKNBCBCGCDANLEJNKBHLB; path=/\r\nX-Frame-Options: SAMEORIGIN\r\n\r\n'
2023-01-04 09:19:54,892 - WARNING - Failed to parse headers (url=https://www.sscmc.or.kr:443/info/notice/list.asp?db=BBS_notice&pageno=1&startpage=1&where=&keyfield=&keyword=&catekkk=): [MissingHeaderBodySeparatorDefect()], unparsed data: 'Server : Wow 3.8\r\nDate: Wed, 04 Jan 2023 00:19:54 GMT\r\nContent-Type: text/html\r\nContent-Length: 39204\r\nConnection: keep-alive\r\nCache-Control: private\r\nSet-Cookie: ASPSESSIONIDAQABTQRD=BIKHKNBCBCGCDANLEJNKBHLB; path=/\r\nX-Frame-Options: SAMEORIGIN\r\n\r\n'
Traceback (most recent call last):
  File "/Users/yeon/Library/Python/3.9/lib/python/site-packages/urllib3/connectionpool.py", line 469, in _make_request
    assert_header_parsing(httplib_response.msg)
  File "/Users/yeon/Library/Python/3.9/lib/python/site-packages/urllib3/util/response.py", line 91, in assert_header_parsing
    raise HeaderParsingError(defects=defects, unparsed_data=unparsed_data)
urllib3.exceptions.HeaderParsingError: [MissingHeaderBodySeparatorDefect()], unparsed data: 'Server : Wow 3.8\r\nDate: Wed, 04 Jan 2023 00:19:54 GMT\r\nContent-Type: text/html\r\nContent-Length: 39204\r\nConnection: keep-alive\r\nCache-Control: private\r\nSet-Cookie: ASPSESSIONIDAQABTQRD=BIKHKNBCBCGCDANLEJNKBHLB; path=/\r\nX-Frame-Options: SAMEORIGIN\r\n\r\n'
2023-01-04 09:19:54,892 - WARNING - Failed to parse headers (url=https://www.sscmc.or.kr:443/info/notice/list.asp?db=BBS_notice&pageno=1&startpage=1&where=&keyfield=&keyword=&catekkk=): [MissingHeaderBodySeparatorDefect()], unparsed data: 'Server : Wow 3.8\r\nDate: Wed, 04 Jan 2023 00:19:54 GMT\r\nContent-Type: text/html\r\nContent-Length: 39204\r\nConnection: keep-alive\r\nCache-Control: private\r\nSet-Cookie: ASPSESSIONIDAQABTQRD=BIKHKNBCBCGCDANLEJNKBHLB; path=/\r\nX-Frame-Options: SAMEORIGIN\r\n\r\n'
Traceback (most recent call last):
  File "/Users/yeon/Library/Python/3.9/lib/python/site-packages/urllib3/connectionpool.py", line 469, in _make_request
    assert_header_parsing(httplib_response.msg)
  File "/Users/yeon/Library/Python/3.9/lib/python/site-packages/urllib3/util/response.py", line 91, in assert_header_parsing
    raise HeaderParsingError(defects=defects, unparsed_data=unparsed_data)
urllib3.exceptions.HeaderParsingError: [MissingHeaderBodySeparatorDefect()], unparsed data: 'Server : Wow 3.8\r\nDate: Wed, 04 Jan 2023 00:19:54 GMT\r\nContent-Type: text/html\r\nContent-Length: 39204\r\nConnection: keep-alive\r\nCache-Control: private\r\nSet-Cookie: ASPSESSIONIDAQABTQRD=BIKHKNBCBCGCDANLEJNKBHLB; path=/\r\nX-Frame-Options: SAMEORIGIN\r\n\r\n'
2023-01-04 09:19:54,892 - WARNING - Failed to parse headers (url=https://www.sscmc.or.kr:443/info/notice/list.asp?db=BBS_notice&pageno=1&startpage=1&where=&keyfield=&keyword=&catekkk=): [MissingHeaderBodySeparatorDefect()], unparsed data: 'Server : Wow 3.8\r\nDate: Wed, 04 Jan 2023 00:19:54 GMT\r\nContent-Type: text/html\r\nContent-Length: 39204\r\nConnection: keep-alive\r\nCache-Control: private\r\nSet-Cookie: ASPSESSIONIDAQABTQRD=BIKHKNBCBCGCDANLEJNKBHLB; path=/\r\nX-Frame-Options: SAMEORIGIN\r\n\r\n'
Traceback (most recent call last):
  File "/Users/yeon/Library/Python/3.9/lib/python/site-packages/urllib3/connectionpool.py", line 469, in _make_request
    assert_header_parsing(httplib_response.msg)
  File "/Users/yeon/Library/Python/3.9/lib/python/site-packages/urllib3/util/response.py", line 91, in assert_header_parsing
    raise HeaderParsingError(defects=defects, unparsed_data=unparsed_data)
urllib3.exceptions.HeaderParsingError: [MissingHeaderBodySeparatorDefect()], unparsed data: 'Server : Wow 3.8\r\nDate: Wed, 04 Jan 2023 00:19:54 GMT\r\nContent-Type: text/html\r\nContent-Length: 39204\r\nConnection: keep-alive\r\nCache-Control: private\r\nSet-Cookie: ASPSESSIONIDAQABTQRD=BIKHKNBCBCGCDANLEJNKBHLB; path=/\r\nX-Frame-Options: SAMEORIGIN\r\n\r\n'
2023-01-04 09:19:54,892 - WARNING - Failed to parse headers (url=https://www.sscmc.or.kr:443/info/notice/list.asp?db=BBS_notice&pageno=1&startpage=1&where=&keyfield=&keyword=&catekkk=): [MissingHeaderBodySeparatorDefect()], unparsed data: 'Server : Wow 3.8\r\nDate: Wed, 04 Jan 2023 00:19:54 GMT\r\nContent-Type: text/html\r\nContent-Length: 39204\r\nConnection: keep-alive\r\nCache-Control: private\r\nSet-Cookie: ASPSESSIONIDAQABTQRD=BIKHKNBCBCGCDANLEJNKBHLB; path=/\r\nX-Frame-Options: SAMEORIGIN\r\n\r\n'
Traceback (most recent call last):
  File "/Users/yeon/Library/Python/3.9/lib/python/site-packages/urllib3/connectionpool.py", line 469, in _make_request
    assert_header_parsing(httplib_response.msg)
  File "/Users/yeon/Library/Python/3.9/lib/python/site-packages/urllib3/util/response.py", line 91, in assert_header_parsing
    raise HeaderParsingError(defects=defects, unparsed_data=unparsed_data)
urllib3.exceptions.HeaderParsingError: [MissingHeaderBodySeparatorDefect()], unparsed data: 'Server : Wow 3.8\r\nDate: Wed, 04 Jan 2023 00:19:54 GMT\r\nContent-Type: text/html\r\nContent-Length: 39204\r\nConnection: keep-alive\r\nCache-Control: private\r\nSet-Cookie: ASPSESSIONIDAQABTQRD=BIKHKNBCBCGCDANLEJNKBHLB; path=/\r\nX-Frame-Options: SAMEORIGIN\r\n\r\n'
2023-01-04 09:19:54,892 - WARNING - Failed to parse headers (url=https://www.sscmc.or.kr:443/info/notice/list.asp?db=BBS_notice&pageno=1&startpage=1&where=&keyfield=&keyword=&catekkk=): [MissingHeaderBodySeparatorDefect()], unparsed data: 'Server : Wow 3.8\r\nDate: Wed, 04 Jan 2023 00:19:54 GMT\r\nContent-Type: text/html\r\nContent-Length: 39204\r\nConnection: keep-alive\r\nCache-Control: private\r\nSet-Cookie: ASPSESSIONIDAQABTQRD=BIKHKNBCBCGCDANLEJNKBHLB; path=/\r\nX-Frame-Options: SAMEORIGIN\r\n\r\n'
Traceback (most recent call last):
  File "/Users/yeon/Library/Python/3.9/lib/python/site-packages/urllib3/connectionpool.py", line 469, in _make_request
    assert_header_parsing(httplib_response.msg)
  File "/Users/yeon/Library/Python/3.9/lib/python/site-packages/urllib3/util/response.py", line 91, in assert_header_parsing
    raise HeaderParsingError(defects=defects, unparsed_data=unparsed_data)
urllib3.exceptions.HeaderParsingError: [MissingHeaderBodySeparatorDefect()], unparsed data: 'Server : Wow 3.8\r\nDate: Wed, 04 Jan 2023 00:19:54 GMT\r\nContent-Type: text/html\r\nContent-Length: 39204\r\nConnection: keep-alive\r\nCache-Control: private\r\nSet-Cookie: ASPSESSIONIDAQABTQRD=BIKHKNBCBCGCDANLEJNKBHLB; path=/\r\nX-Frame-Options: SAMEORIGIN\r\n\r\n'
2023-01-04 09:19:54,892 - WARNING - Failed to parse headers (url=https://www.sscmc.or.kr:443/info/notice/list.asp?db=BBS_notice&pageno=1&startpage=1&where=&keyfield=&keyword=&catekkk=): [MissingHeaderBodySeparatorDefect()], unparsed data: 'Server : Wow 3.8\r\nDate: Wed, 04 Jan 2023 00:19:54 GMT\r\nContent-Type: text/html\r\nContent-Length: 39204\r\nConnection: keep-alive\r\nCache-Control: private\r\nSet-Cookie: ASPSESSIONIDAQABTQRD=BIKHKNBCBCGCDANLEJNKBHLB; path=/\r\nX-Frame-Options: SAMEORIGIN\r\n\r\n'
Traceback (most recent call last):
  File "/Users/yeon/Library/Python/3.9/lib/python/site-packages/urllib3/connectionpool.py", line 469, in _make_request
    assert_header_parsing(httplib_response.msg)
  File "/Users/yeon/Library/Python/3.9/lib/python/site-packages/urllib3/util/response.py", line 91, in assert_header_parsing
    raise HeaderParsingError(defects=defects, unparsed_data=unparsed_data)
urllib3.exceptions.HeaderParsingError: [MissingHeaderBodySeparatorDefect()], unparsed data: 'Server : Wow 3.8\r\nDate: Wed, 04 Jan 2023 00:19:54 GMT\r\nContent-Type: text/html\r\nContent-Length: 39204\r\nConnection: keep-alive\r\nCache-Control: private\r\nSet-Cookie: ASPSESSIONIDAQABTQRD=BIKHKNBCBCGCDANLEJNKBHLB; path=/\r\nX-Frame-Options: SAMEORIGIN\r\n\r\n'
2023-01-04 09:19:54,892 - WARNING - Failed to parse headers (url=https://www.sscmc.or.kr:443/info/notice/list.asp?db=BBS_notice&pageno=1&startpage=1&where=&keyfield=&keyword=&catekkk=): [MissingHeaderBodySeparatorDefect()], unparsed data: 'Server : Wow 3.8\r\nDate: Wed, 04 Jan 2023 00:19:54 GMT\r\nContent-Type: text/html\r\nContent-Length: 39204\r\nConnection: keep-alive\r\nCache-Control: private\r\nSet-Cookie: ASPSESSIONIDAQABTQRD=BIKHKNBCBCGCDANLEJNKBHLB; path=/\r\nX-Frame-Options: SAMEORIGIN\r\n\r\n'
Traceback (most recent call last):
  File "/Users/yeon/Library/Python/3.9/lib/python/site-packages/urllib3/connectionpool.py", line 469, in _make_request
    assert_header_parsing(httplib_response.msg)
  File "/Users/yeon/Library/Python/3.9/lib/python/site-packages/urllib3/util/response.py", line 91, in assert_header_parsing
    raise HeaderParsingError(defects=defects, unparsed_data=unparsed_data)
urllib3.exceptions.HeaderParsingError: [MissingHeaderBodySeparatorDefect()], unparsed data: 'Server : Wow 3.8\r\nDate: Wed, 04 Jan 2023 00:19:54 GMT\r\nContent-Type: text/html\r\nContent-Length: 39204\r\nConnection: keep-alive\r\nCache-Control: private\r\nSet-Cookie: ASPSESSIONIDAQABTQRD=BIKHKNBCBCGCDANLEJNKBHLB; path=/\r\nX-Frame-Options: SAMEORIGIN\r\n\r\n'
2023-01-04 09:19:54,892 - WARNING - Failed to parse headers (url=https://www.sscmc.or.kr:443/info/notice/list.asp?db=BBS_notice&pageno=1&startpage=1&where=&keyfield=&keyword=&catekkk=): [MissingHeaderBodySeparatorDefect()], unparsed data: 'Server : Wow 3.8\r\nDate: Wed, 04 Jan 2023 00:19:54 GMT\r\nContent-Type: text/html\r\nContent-Length: 39204\r\nConnection: keep-alive\r\nCache-Control: private\r\nSet-Cookie: ASPSESSIONIDAQABTQRD=BIKHKNBCBCGCDANLEJNKBHLB; path=/\r\nX-Frame-Options: SAMEORIGIN\r\n\r\n'
Traceback (most recent call last):
  File "/Users/yeon/Library/Python/3.9/lib/python/site-packages/urllib3/connectionpool.py", line 469, in _make_request
    assert_header_parsing(httplib_response.msg)
  File "/Users/yeon/Library/Python/3.9/lib/python/site-packages/urllib3/util/response.py", line 91, in assert_header_parsing
    raise HeaderParsingError(defects=defects, unparsed_data=unparsed_data)
urllib3.exceptions.HeaderParsingError: [MissingHeaderBodySeparatorDefect()], unparsed data: 'Server : Wow 3.8\r\nDate: Wed, 04 Jan 2023 00:19:54 GMT\r\nContent-Type: text/html\r\nContent-Length: 39204\r\nConnection: keep-alive\r\nCache-Control: private\r\nSet-Cookie: ASPSESSIONIDAQABTQRD=BIKHKNBCBCGCDANLEJNKBHLB; path=/\r\nX-Frame-Options: SAMEORIGIN\r\n\r\n'
2023-01-04 09:19:54,892 - WARNING - Failed to parse headers (url=https://www.sscmc.or.kr:443/info/notice/list.asp?db=BBS_notice&pageno=1&startpage=1&where=&keyfield=&keyword=&catekkk=): [MissingHeaderBodySeparatorDefect()], unparsed data: 'Server : Wow 3.8\r\nDate: Wed, 04 Jan 2023 00:19:54 GMT\r\nContent-Type: text/html\r\nContent-Length: 39204\r\nConnection: keep-alive\r\nCache-Control: private\r\nSet-Cookie: ASPSESSIONIDAQABTQRD=BIKHKNBCBCGCDANLEJNKBHLB; path=/\r\nX-Frame-Options: SAMEORIGIN\r\n\r\n'
Traceback (most recent call last):
  File "/Users/yeon/Library/Python/3.9/lib/python/site-packages/urllib3/connectionpool.py", line 469, in _make_request
    assert_header_parsing(httplib_response.msg)
  File "/Users/yeon/Library/Python/3.9/lib/python/site-packages/urllib3/util/response.py", line 91, in assert_header_parsing
    raise HeaderParsingError(defects=defects, unparsed_data=unparsed_data)
urllib3.exceptions.HeaderParsingError: [MissingHeaderBodySeparatorDefect()], unparsed data: 'Server : Wow 3.8\r\nDate: Wed, 04 Jan 2023 00:19:54 GMT\r\nContent-Type: text/html\r\nContent-Length: 39204\r\nConnection: keep-alive\r\nCache-Control: private\r\nSet-Cookie: ASPSESSIONIDAQABTQRD=BIKHKNBCBCGCDANLEJNKBHLB; path=/\r\nX-Frame-Options: SAMEORIGIN\r\n\r\n'
2023-01-04 09:19:54,892 - WARNING - Failed to parse headers (url=https://www.sscmc.or.kr:443/info/notice/list.asp?db=BBS_notice&pageno=1&startpage=1&where=&keyfield=&keyword=&catekkk=): [MissingHeaderBodySeparatorDefect()], unparsed data: 'Server : Wow 3.8\r\nDate: Wed, 04 Jan 2023 00:19:54 GMT\r\nContent-Type: text/html\r\nContent-Length: 39204\r\nConnection: keep-alive\r\nCache-Control: private\r\nSet-Cookie: ASPSESSIONIDAQABTQRD=BIKHKNBCBCGCDANLEJNKBHLB; path=/\r\nX-Frame-Options: SAMEORIGIN\r\n\r\n'
Traceback (most recent call last):
  File "/Users/yeon/Library/Python/3.9/lib/python/site-packages/urllib3/connectionpool.py", line 469, in _make_request
    assert_header_parsing(httplib_response.msg)
  File "/Users/yeon/Library/Python/3.9/lib/python/site-packages/urllib3/util/response.py", line 91, in assert_header_parsing
    raise HeaderParsingError(defects=defects, unparsed_data=unparsed_data)
urllib3.exceptions.HeaderParsingError: [MissingHeaderBodySeparatorDefect()], unparsed data: 'Server : Wow 3.8\r\nDate: Wed, 04 Jan 2023 00:19:54 GMT\r\nContent-Type: text/html\r\nContent-Length: 39204\r\nConnection: keep-alive\r\nCache-Control: private\r\nSet-Cookie: ASPSESSIONIDAQABTQRD=BIKHKNBCBCGCDANLEJNKBHLB; path=/\r\nX-Frame-Options: SAMEORIGIN\r\n\r\n'
2023-01-04 09:21:10,327 - INFO - SEODAEMUN
2023-01-04 09:21:10,327 - INFO - SEODAEMUN
2023-01-04 09:21:10,327 - INFO - SEODAEMUN
2023-01-04 09:21:10,327 - INFO - SEODAEMUN
2023-01-04 09:21:10,327 - INFO - SEODAEMUN
2023-01-04 09:21:10,327 - INFO - SEODAEMUN
2023-01-04 09:21:10,327 - INFO - SEODAEMUN
2023-01-04 09:21:10,327 - INFO - SEODAEMUN
2023-01-04 09:21:10,327 - INFO - SEODAEMUN
2023-01-04 09:21:10,327 - INFO - SEODAEMUN
2023-01-04 09:21:10,327 - INFO - SEODAEMUN
2023-01-04 09:21:10,327 - INFO - SEODAEMUN
2023-01-04 09:21:10,327 - INFO - SEODAEMUN
2023-01-04 09:21:10,327 - INFO - SEODAEMUN
2023-01-04 09:21:10,327 - INFO - SEODAEMUN
2023-01-04 09:21:10,327 - INFO - SEODAEMUN
2023-01-04 09:21:10,327 - INFO - SEODAEMUN
