2023-01-03 17:02:27,749 - INFO - JUNGNANG
2023-01-03 17:03:16,590 - INFO - JUNGNANG
2023-01-03 17:03:17,504 - WARNING - Failed to parse headers (url=https://www.jungnang.go.kr:443/portal/bbs/list/B0000002.do?searchCnd=&searchWrd=&gubun=&delCode=0&useAt=&replyAt=&menuNo=200473&sdate=&edate=&deptId=&deptName=&popupYn=&dept=&dong=&option1=&viewType=&searchCnd2=&pageIndex=1): [FirstHeaderLineIsContinuationDefect(' X-Content-Type-Options: nosniff\r\n')], unparsed data: ''
Traceback (most recent call last):
  File "/Users/yeon/Library/Python/3.9/lib/python/site-packages/urllib3/connectionpool.py", line 469, in _make_request
    assert_header_parsing(httplib_response.msg)
  File "/Users/yeon/Library/Python/3.9/lib/python/site-packages/urllib3/util/response.py", line 91, in assert_header_parsing
    raise HeaderParsingError(defects=defects, unparsed_data=unparsed_data)
urllib3.exceptions.HeaderParsingError: [FirstHeaderLineIsContinuationDefect(' X-Content-Type-Options: nosniff\r\n')], unparsed data: ''
2023-01-03 17:03:18,191 - INFO - JUNGNANG
2023-01-03 17:03:18,191 - INFO - JUNGNANG
2023-01-03 17:03:27,971 - INFO - YONGSAN
2023-01-03 17:03:27,971 - INFO - YONGSAN
2023-01-03 17:03:27,971 - INFO - YONGSAN
2023-01-03 17:03:30,258 - INFO - YONGSAN
2023-01-03 17:03:30,258 - INFO - YONGSAN
2023-01-03 17:03:30,258 - INFO - YONGSAN
2023-01-03 17:03:30,258 - INFO - YONGSAN
2023-01-03 17:03:32,330 - INFO - YONGSAN
2023-01-03 17:03:32,330 - INFO - YONGSAN
2023-01-03 17:03:32,330 - INFO - YONGSAN
2023-01-03 17:03:32,330 - INFO - YONGSAN
2023-01-03 17:03:32,330 - INFO - YONGSAN
2023-01-03 17:03:33,917 - INFO - GANGNAM
2023-01-03 17:03:33,917 - INFO - GANGNAM
2023-01-03 17:03:33,917 - INFO - GANGNAM
2023-01-03 17:03:33,917 - INFO - GANGNAM
2023-01-03 17:03:33,917 - INFO - GANGNAM
2023-01-03 17:03:33,917 - INFO - GANGNAM
2023-01-03 17:03:47,189 - INFO - GANGNAM
2023-01-03 17:03:47,189 - INFO - GANGNAM
2023-01-03 17:03:47,189 - INFO - GANGNAM
2023-01-03 17:03:47,189 - INFO - GANGNAM
2023-01-03 17:03:47,189 - INFO - GANGNAM
2023-01-03 17:03:47,189 - INFO - GANGNAM
2023-01-03 17:03:47,189 - INFO - GANGNAM
2023-01-03 17:03:49,028 - INFO - GANGDONG
2023-01-03 17:03:49,028 - INFO - GANGDONG
2023-01-03 17:03:49,028 - INFO - GANGDONG
2023-01-03 17:03:49,028 - INFO - GANGDONG
2023-01-03 17:03:49,028 - INFO - GANGDONG
2023-01-03 17:03:49,028 - INFO - GANGDONG
2023-01-03 17:03:49,028 - INFO - GANGDONG
2023-01-03 17:03:49,028 - INFO - GANGDONG
2023-01-03 17:03:54,971 - INFO - GURO
2023-01-03 17:03:54,971 - INFO - GURO
2023-01-03 17:03:54,971 - INFO - GURO
2023-01-03 17:03:54,971 - INFO - GURO
2023-01-03 17:03:54,971 - INFO - GURO
2023-01-03 17:03:54,971 - INFO - GURO
2023-01-03 17:03:54,971 - INFO - GURO
2023-01-03 17:03:54,971 - INFO - GURO
2023-01-03 17:03:54,971 - INFO - GURO
2023-01-03 17:03:57,560 - INFO - GURO
2023-01-03 17:03:57,560 - INFO - GURO
2023-01-03 17:03:57,560 - INFO - GURO
2023-01-03 17:03:57,560 - INFO - GURO
2023-01-03 17:03:57,560 - INFO - GURO
2023-01-03 17:03:57,560 - INFO - GURO
2023-01-03 17:03:57,560 - INFO - GURO
2023-01-03 17:03:57,560 - INFO - GURO
2023-01-03 17:03:57,560 - INFO - GURO
2023-01-03 17:03:57,560 - INFO - GURO
2023-01-03 17:04:07,554 - INFO - GANGSEO
2023-01-03 17:04:07,554 - INFO - GANGSEO
2023-01-03 17:04:07,554 - INFO - GANGSEO
2023-01-03 17:04:07,554 - INFO - GANGSEO
2023-01-03 17:04:07,554 - INFO - GANGSEO
2023-01-03 17:04:07,554 - INFO - GANGSEO
2023-01-03 17:04:07,554 - INFO - GANGSEO
2023-01-03 17:04:07,554 - INFO - GANGSEO
2023-01-03 17:04:07,554 - INFO - GANGSEO
2023-01-03 17:04:07,554 - INFO - GANGSEO
2023-01-03 17:04:07,554 - INFO - GANGSEO
2023-01-03 17:04:13,701 - INFO - GANGSEO
2023-01-03 17:04:13,701 - INFO - GANGSEO
2023-01-03 17:04:13,701 - INFO - GANGSEO
2023-01-03 17:04:13,701 - INFO - GANGSEO
2023-01-03 17:04:13,701 - INFO - GANGSEO
2023-01-03 17:04:13,701 - INFO - GANGSEO
2023-01-03 17:04:13,701 - INFO - GANGSEO
2023-01-03 17:04:13,701 - INFO - GANGSEO
2023-01-03 17:04:13,701 - INFO - GANGSEO
2023-01-03 17:04:13,701 - INFO - GANGSEO
2023-01-03 17:04:13,701 - INFO - GANGSEO
2023-01-03 17:04:13,701 - INFO - GANGSEO
2023-01-03 17:04:15,544 - INFO - GANGDONG
2023-01-03 17:04:15,544 - INFO - GANGDONG
2023-01-03 17:04:15,544 - INFO - GANGDONG
2023-01-03 17:04:15,544 - INFO - GANGDONG
2023-01-03 17:04:15,544 - INFO - GANGDONG
2023-01-03 17:04:15,544 - INFO - GANGDONG
2023-01-03 17:04:15,544 - INFO - GANGDONG
2023-01-03 17:04:15,544 - INFO - GANGDONG
2023-01-03 17:04:15,544 - INFO - GANGDONG
2023-01-03 17:04:15,544 - INFO - GANGDONG
2023-01-03 17:04:15,544 - INFO - GANGDONG
2023-01-03 17:04:15,544 - INFO - GANGDONG
2023-01-03 17:04:15,544 - INFO - GANGDONG
2023-01-03 17:04:17,691 - INFO - GANGDONG
2023-01-03 17:04:17,691 - INFO - GANGDONG
2023-01-03 17:04:17,691 - INFO - GANGDONG
2023-01-03 17:04:17,691 - INFO - GANGDONG
2023-01-03 17:04:17,691 - INFO - GANGDONG
2023-01-03 17:04:17,691 - INFO - GANGDONG
2023-01-03 17:04:17,691 - INFO - GANGDONG
2023-01-03 17:04:17,691 - INFO - GANGDONG
2023-01-03 17:04:17,691 - INFO - GANGDONG
2023-01-03 17:04:17,691 - INFO - GANGDONG
2023-01-03 17:04:17,691 - INFO - GANGDONG
2023-01-03 17:04:17,691 - INFO - GANGDONG
2023-01-03 17:04:17,691 - INFO - GANGDONG
2023-01-03 17:04:17,691 - INFO - GANGDONG
2023-01-03 17:04:19,499 - INFO - GANGDONG
2023-01-03 17:04:19,499 - INFO - GANGDONG
2023-01-03 17:04:19,499 - INFO - GANGDONG
2023-01-03 17:04:19,499 - INFO - GANGDONG
2023-01-03 17:04:19,499 - INFO - GANGDONG
2023-01-03 17:04:19,499 - INFO - GANGDONG
2023-01-03 17:04:19,499 - INFO - GANGDONG
2023-01-03 17:04:19,499 - INFO - GANGDONG
2023-01-03 17:04:19,499 - INFO - GANGDONG
2023-01-03 17:04:19,499 - INFO - GANGDONG
2023-01-03 17:04:19,499 - INFO - GANGDONG
2023-01-03 17:04:19,499 - INFO - GANGDONG
2023-01-03 17:04:19,499 - INFO - GANGDONG
2023-01-03 17:04:19,499 - INFO - GANGDONG
2023-01-03 17:04:19,499 - INFO - GANGDONG
2023-01-03 17:04:28,283 - INFO - DOBONG
2023-01-03 17:04:28,283 - INFO - DOBONG
2023-01-03 17:04:28,283 - INFO - DOBONG
2023-01-03 17:04:28,283 - INFO - DOBONG
2023-01-03 17:04:28,283 - INFO - DOBONG
2023-01-03 17:04:28,283 - INFO - DOBONG
2023-01-03 17:04:28,283 - INFO - DOBONG
2023-01-03 17:04:28,283 - INFO - DOBONG
2023-01-03 17:04:28,283 - INFO - DOBONG
2023-01-03 17:04:28,283 - INFO - DOBONG
2023-01-03 17:04:28,283 - INFO - DOBONG
2023-01-03 17:04:28,283 - INFO - DOBONG
2023-01-03 17:04:28,283 - INFO - DOBONG
2023-01-03 17:04:28,283 - INFO - DOBONG
2023-01-03 17:04:28,283 - INFO - DOBONG
2023-01-03 17:04:28,283 - INFO - DOBONG
2023-01-03 17:04:30,045 - INFO - DOBONG
2023-01-03 17:04:30,045 - INFO - DOBONG
2023-01-03 17:04:30,045 - INFO - DOBONG
2023-01-03 17:04:30,045 - INFO - DOBONG
2023-01-03 17:04:30,045 - INFO - DOBONG
2023-01-03 17:04:30,045 - INFO - DOBONG
2023-01-03 17:04:30,045 - INFO - DOBONG
2023-01-03 17:04:30,045 - INFO - DOBONG
2023-01-03 17:04:30,045 - INFO - DOBONG
2023-01-03 17:04:30,045 - INFO - DOBONG
2023-01-03 17:04:30,045 - INFO - DOBONG
2023-01-03 17:04:30,045 - INFO - DOBONG
2023-01-03 17:04:30,045 - INFO - DOBONG
2023-01-03 17:04:30,045 - INFO - DOBONG
2023-01-03 17:04:30,045 - INFO - DOBONG
2023-01-03 17:04:30,045 - INFO - DOBONG
2023-01-03 17:04:30,045 - INFO - DOBONG
2023-01-03 17:04:32,045 - INFO - GANGBUK
2023-01-03 17:04:32,045 - INFO - GANGBUK
2023-01-03 17:04:32,045 - INFO - GANGBUK
2023-01-03 17:04:32,045 - INFO - GANGBUK
2023-01-03 17:04:32,045 - INFO - GANGBUK
2023-01-03 17:04:32,045 - INFO - GANGBUK
2023-01-03 17:04:32,045 - INFO - GANGBUK
2023-01-03 17:04:32,045 - INFO - GANGBUK
2023-01-03 17:04:32,045 - INFO - GANGBUK
2023-01-03 17:04:32,045 - INFO - GANGBUK
2023-01-03 17:04:32,045 - INFO - GANGBUK
2023-01-03 17:04:32,045 - INFO - GANGBUK
2023-01-03 17:04:32,045 - INFO - GANGBUK
2023-01-03 17:04:32,045 - INFO - GANGBUK
2023-01-03 17:04:32,045 - INFO - GANGBUK
2023-01-03 17:04:32,045 - INFO - GANGBUK
2023-01-03 17:04:32,045 - INFO - GANGBUK
2023-01-03 17:04:32,045 - INFO - GANGBUK
2023-01-03 17:05:17,897 - INFO - GANGBUK
2023-01-03 17:05:28,027 - INFO - GANGBUK
2023-01-03 17:05:28,027 - INFO - GANGBUK
2023-01-03 17:05:37,856 - INFO - DONGDAEMUN
2023-01-03 17:05:37,856 - INFO - DONGDAEMUN
2023-01-03 17:05:37,856 - INFO - DONGDAEMUN
2023-01-03 17:05:39,809 - INFO - DONGDAEMUN
2023-01-03 17:05:39,809 - INFO - DONGDAEMUN
2023-01-03 17:05:39,809 - INFO - DONGDAEMUN
2023-01-03 17:05:39,809 - INFO - DONGDAEMUN
2023-01-03 17:05:41,711 - INFO - DONGDAEMUN
2023-01-03 17:05:41,711 - INFO - DONGDAEMUN
2023-01-03 17:05:41,711 - INFO - DONGDAEMUN
2023-01-03 17:05:41,711 - INFO - DONGDAEMUN
2023-01-03 17:05:41,711 - INFO - DONGDAEMUN
2023-01-03 17:05:42,945 - INFO - DONGJAK
2023-01-03 17:05:42,945 - INFO - DONGJAK
2023-01-03 17:05:42,945 - INFO - DONGJAK
2023-01-03 17:05:42,945 - INFO - DONGJAK
2023-01-03 17:05:42,945 - INFO - DONGJAK
2023-01-03 17:05:42,945 - INFO - DONGJAK
2023-01-03 17:05:46,319 - INFO - DONGJAK
2023-01-03 17:05:46,319 - INFO - DONGJAK
2023-01-03 17:05:46,319 - INFO - DONGJAK
2023-01-03 17:05:46,319 - INFO - DONGJAK
2023-01-03 17:05:46,319 - INFO - DONGJAK
2023-01-03 17:05:46,319 - INFO - DONGJAK
2023-01-03 17:05:46,319 - INFO - DONGJAK
2023-01-03 17:05:59,783 - INFO - GEUAMCHEOUN
2023-01-03 17:05:59,783 - INFO - GEUAMCHEOUN
2023-01-03 17:05:59,783 - INFO - GEUAMCHEOUN
2023-01-03 17:05:59,783 - INFO - GEUAMCHEOUN
2023-01-03 17:05:59,783 - INFO - GEUAMCHEOUN
2023-01-03 17:05:59,783 - INFO - GEUAMCHEOUN
2023-01-03 17:05:59,783 - INFO - GEUAMCHEOUN
2023-01-03 17:05:59,783 - INFO - GEUAMCHEOUN
2023-01-03 17:06:01,708 - INFO - GEUAMCHEOUN
2023-01-03 17:06:01,708 - INFO - GEUAMCHEOUN
2023-01-03 17:06:01,708 - INFO - GEUAMCHEOUN
2023-01-03 17:06:01,708 - INFO - GEUAMCHEOUN
2023-01-03 17:06:01,708 - INFO - GEUAMCHEOUN
2023-01-03 17:06:01,708 - INFO - GEUAMCHEOUN
2023-01-03 17:06:01,708 - INFO - GEUAMCHEOUN
2023-01-03 17:06:01,708 - INFO - GEUAMCHEOUN
2023-01-03 17:06:01,708 - INFO - GEUAMCHEOUN
2023-01-03 17:06:03,107 - INFO - GWANAK
2023-01-03 17:06:03,107 - INFO - GWANAK
2023-01-03 17:06:03,107 - INFO - GWANAK
2023-01-03 17:06:03,107 - INFO - GWANAK
2023-01-03 17:06:03,107 - INFO - GWANAK
2023-01-03 17:06:03,107 - INFO - GWANAK
2023-01-03 17:06:03,107 - INFO - GWANAK
2023-01-03 17:06:03,107 - INFO - GWANAK
2023-01-03 17:06:03,107 - INFO - GWANAK
2023-01-03 17:06:03,107 - INFO - GWANAK
2023-01-03 17:06:18,403 - INFO - GWANAK
2023-01-03 17:06:18,403 - INFO - GWANAK
2023-01-03 17:06:18,403 - INFO - GWANAK
2023-01-03 17:06:18,403 - INFO - GWANAK
2023-01-03 17:06:18,403 - INFO - GWANAK
2023-01-03 17:06:18,403 - INFO - GWANAK
2023-01-03 17:06:18,403 - INFO - GWANAK
2023-01-03 17:06:18,403 - INFO - GWANAK
2023-01-03 17:06:18,403 - INFO - GWANAK
2023-01-03 17:06:18,403 - INFO - GWANAK
2023-01-03 17:06:18,403 - INFO - GWANAK
2023-01-03 17:06:27,814 - INFO - SEONGDONG
2023-01-03 17:06:27,814 - INFO - SEONGDONG
2023-01-03 17:06:27,814 - INFO - SEONGDONG
2023-01-03 17:06:27,814 - INFO - SEONGDONG
2023-01-03 17:06:27,814 - INFO - SEONGDONG
2023-01-03 17:06:27,814 - INFO - SEONGDONG
2023-01-03 17:06:27,814 - INFO - SEONGDONG
2023-01-03 17:06:27,814 - INFO - SEONGDONG
2023-01-03 17:06:27,814 - INFO - SEONGDONG
2023-01-03 17:06:27,814 - INFO - SEONGDONG
2023-01-03 17:06:27,814 - INFO - SEONGDONG
2023-01-03 17:06:27,814 - INFO - SEONGDONG
2023-01-03 17:06:38,269 - INFO - SEONGDONG
2023-01-03 17:06:38,269 - INFO - SEONGDONG
2023-01-03 17:06:38,269 - INFO - SEONGDONG
2023-01-03 17:06:38,269 - INFO - SEONGDONG
2023-01-03 17:06:38,269 - INFO - SEONGDONG
2023-01-03 17:06:38,269 - INFO - SEONGDONG
2023-01-03 17:06:38,269 - INFO - SEONGDONG
2023-01-03 17:06:38,269 - INFO - SEONGDONG
2023-01-03 17:06:38,269 - INFO - SEONGDONG
2023-01-03 17:06:38,269 - INFO - SEONGDONG
2023-01-03 17:06:38,269 - INFO - SEONGDONG
2023-01-03 17:06:38,269 - INFO - SEONGDONG
2023-01-03 17:06:38,269 - INFO - SEONGDONG
2023-01-03 17:06:51,629 - INFO - EUNPYENG
2023-01-03 17:06:51,629 - INFO - EUNPYENG
2023-01-03 17:06:51,629 - INFO - EUNPYENG
2023-01-03 17:06:51,629 - INFO - EUNPYENG
2023-01-03 17:06:51,629 - INFO - EUNPYENG
2023-01-03 17:06:51,629 - INFO - EUNPYENG
2023-01-03 17:06:51,629 - INFO - EUNPYENG
2023-01-03 17:06:51,629 - INFO - EUNPYENG
2023-01-03 17:06:51,629 - INFO - EUNPYENG
2023-01-03 17:06:51,629 - INFO - EUNPYENG
2023-01-03 17:06:51,629 - INFO - EUNPYENG
2023-01-03 17:06:51,629 - INFO - EUNPYENG
2023-01-03 17:06:51,629 - INFO - EUNPYENG
2023-01-03 17:06:51,629 - INFO - EUNPYENG
2023-01-03 17:06:58,022 - INFO - EUNPYENG
2023-01-03 17:06:58,022 - INFO - EUNPYENG
2023-01-03 17:06:58,022 - INFO - EUNPYENG
2023-01-03 17:06:58,022 - INFO - EUNPYENG
2023-01-03 17:06:58,022 - INFO - EUNPYENG
2023-01-03 17:06:58,022 - INFO - EUNPYENG
2023-01-03 17:06:58,022 - INFO - EUNPYENG
2023-01-03 17:06:58,022 - INFO - EUNPYENG
2023-01-03 17:06:58,022 - INFO - EUNPYENG
2023-01-03 17:06:58,022 - INFO - EUNPYENG
2023-01-03 17:06:58,022 - INFO - EUNPYENG
2023-01-03 17:06:58,022 - INFO - EUNPYENG
2023-01-03 17:06:58,022 - INFO - EUNPYENG
2023-01-03 17:06:58,022 - INFO - EUNPYENG
2023-01-03 17:06:58,022 - INFO - EUNPYENG
2023-01-03 17:07:03,305 - INFO - EUNPYENG
2023-01-03 17:07:03,305 - INFO - EUNPYENG
2023-01-03 17:07:03,305 - INFO - EUNPYENG
2023-01-03 17:07:03,305 - INFO - EUNPYENG
2023-01-03 17:07:03,305 - INFO - EUNPYENG
2023-01-03 17:07:03,305 - INFO - EUNPYENG
2023-01-03 17:07:03,305 - INFO - EUNPYENG
2023-01-03 17:07:03,305 - INFO - EUNPYENG
2023-01-03 17:07:03,305 - INFO - EUNPYENG
2023-01-03 17:07:03,305 - INFO - EUNPYENG
2023-01-03 17:07:03,305 - INFO - EUNPYENG
2023-01-03 17:07:03,305 - INFO - EUNPYENG
2023-01-03 17:07:03,305 - INFO - EUNPYENG
2023-01-03 17:07:03,305 - INFO - EUNPYENG
2023-01-03 17:07:03,305 - INFO - EUNPYENG
2023-01-03 17:07:03,305 - INFO - EUNPYENG
2023-01-03 17:07:04,573 - INFO - GWANGZIN
2023-01-03 17:07:04,573 - INFO - GWANGZIN
2023-01-03 17:07:04,573 - INFO - GWANGZIN
2023-01-03 17:07:04,573 - INFO - GWANGZIN
2023-01-03 17:07:04,573 - INFO - GWANGZIN
2023-01-03 17:07:04,573 - INFO - GWANGZIN
2023-01-03 17:07:04,573 - INFO - GWANGZIN
2023-01-03 17:07:04,573 - INFO - GWANGZIN
2023-01-03 17:07:04,573 - INFO - GWANGZIN
2023-01-03 17:07:04,573 - INFO - GWANGZIN
2023-01-03 17:07:04,573 - INFO - GWANGZIN
2023-01-03 17:07:04,573 - INFO - GWANGZIN
2023-01-03 17:07:04,573 - INFO - GWANGZIN
2023-01-03 17:07:04,573 - INFO - GWANGZIN
2023-01-03 17:07:04,573 - INFO - GWANGZIN
2023-01-03 17:07:04,573 - INFO - GWANGZIN
2023-01-03 17:07:04,573 - INFO - GWANGZIN
2023-01-03 17:07:06,476 - INFO - GWANGZIN
2023-01-03 17:07:06,476 - INFO - GWANGZIN
2023-01-03 17:07:06,476 - INFO - GWANGZIN
2023-01-03 17:07:06,476 - INFO - GWANGZIN
2023-01-03 17:07:06,476 - INFO - GWANGZIN
2023-01-03 17:07:06,476 - INFO - GWANGZIN
2023-01-03 17:07:06,476 - INFO - GWANGZIN
2023-01-03 17:07:06,476 - INFO - GWANGZIN
2023-01-03 17:07:06,476 - INFO - GWANGZIN
2023-01-03 17:07:06,476 - INFO - GWANGZIN
2023-01-03 17:07:06,476 - INFO - GWANGZIN
2023-01-03 17:07:06,476 - INFO - GWANGZIN
2023-01-03 17:07:06,476 - INFO - GWANGZIN
2023-01-03 17:07:06,476 - INFO - GWANGZIN
2023-01-03 17:07:06,476 - INFO - GWANGZIN
2023-01-03 17:07:06,476 - INFO - GWANGZIN
2023-01-03 17:07:06,476 - INFO - GWANGZIN
2023-01-03 17:07:06,476 - INFO - GWANGZIN
2023-01-03 17:07:08,799 - INFO - JONGRO
2023-01-03 17:07:08,799 - INFO - JONGRO
2023-01-03 17:07:08,799 - INFO - JONGRO
2023-01-03 17:07:08,799 - INFO - JONGRO
2023-01-03 17:07:08,799 - INFO - JONGRO
2023-01-03 17:07:08,799 - INFO - JONGRO
2023-01-03 17:07:08,799 - INFO - JONGRO
2023-01-03 17:07:08,799 - INFO - JONGRO
2023-01-03 17:07:08,799 - INFO - JONGRO
2023-01-03 17:07:08,799 - INFO - JONGRO
2023-01-03 17:07:08,799 - INFO - JONGRO
2023-01-03 17:07:08,799 - INFO - JONGRO
2023-01-03 17:07:08,799 - INFO - JONGRO
2023-01-03 17:07:08,799 - INFO - JONGRO
2023-01-03 17:07:08,799 - INFO - JONGRO
2023-01-03 17:07:08,799 - INFO - JONGRO
2023-01-03 17:07:08,799 - INFO - JONGRO
2023-01-03 17:07:08,799 - INFO - JONGRO
2023-01-03 17:07:08,799 - INFO - JONGRO
2023-01-03 17:07:19,338 - INFO - JONGRO
2023-01-03 17:07:19,338 - INFO - JONGRO
2023-01-03 17:07:19,338 - INFO - JONGRO
2023-01-03 17:07:19,338 - INFO - JONGRO
2023-01-03 17:07:19,338 - INFO - JONGRO
2023-01-03 17:07:19,338 - INFO - JONGRO
2023-01-03 17:07:19,338 - INFO - JONGRO
2023-01-03 17:07:19,338 - INFO - JONGRO
2023-01-03 17:07:19,338 - INFO - JONGRO
2023-01-03 17:07:19,338 - INFO - JONGRO
2023-01-03 17:07:19,338 - INFO - JONGRO
2023-01-03 17:07:19,338 - INFO - JONGRO
2023-01-03 17:07:19,338 - INFO - JONGRO
2023-01-03 17:07:19,338 - INFO - JONGRO
2023-01-03 17:07:19,338 - INFO - JONGRO
2023-01-03 17:07:19,338 - INFO - JONGRO
2023-01-03 17:07:19,338 - INFO - JONGRO
2023-01-03 17:07:19,338 - INFO - JONGRO
2023-01-03 17:07:19,338 - INFO - JONGRO
2023-01-03 17:07:19,338 - INFO - JONGRO
2023-01-03 17:07:20,547 - INFO - JUNGGU
2023-01-03 17:07:20,547 - INFO - JUNGGU
2023-01-03 17:07:20,547 - INFO - JUNGGU
2023-01-03 17:07:20,547 - INFO - JUNGGU
2023-01-03 17:07:20,547 - INFO - JUNGGU
2023-01-03 17:07:20,547 - INFO - JUNGGU
2023-01-03 17:07:20,547 - INFO - JUNGGU
2023-01-03 17:07:20,547 - INFO - JUNGGU
2023-01-03 17:07:20,547 - INFO - JUNGGU
2023-01-03 17:07:20,547 - INFO - JUNGGU
2023-01-03 17:07:20,547 - INFO - JUNGGU
2023-01-03 17:07:20,547 - INFO - JUNGGU
2023-01-03 17:07:20,547 - INFO - JUNGGU
2023-01-03 17:07:20,547 - INFO - JUNGGU
2023-01-03 17:07:20,547 - INFO - JUNGGU
2023-01-03 17:07:20,547 - INFO - JUNGGU
2023-01-03 17:07:20,547 - INFO - JUNGGU
2023-01-03 17:07:20,547 - INFO - JUNGGU
2023-01-03 17:07:20,547 - INFO - JUNGGU
2023-01-03 17:07:20,547 - INFO - JUNGGU
2023-01-03 17:07:20,547 - INFO - JUNGGU
2023-01-03 17:07:22,149 - INFO - JUNGGU
2023-01-03 17:07:22,149 - INFO - JUNGGU
2023-01-03 17:07:22,149 - INFO - JUNGGU
2023-01-03 17:07:22,149 - INFO - JUNGGU
2023-01-03 17:07:22,149 - INFO - JUNGGU
2023-01-03 17:07:22,149 - INFO - JUNGGU
2023-01-03 17:07:22,149 - INFO - JUNGGU
2023-01-03 17:07:22,149 - INFO - JUNGGU
2023-01-03 17:07:22,149 - INFO - JUNGGU
2023-01-03 17:07:22,149 - INFO - JUNGGU
2023-01-03 17:07:22,149 - INFO - JUNGGU
2023-01-03 17:07:22,149 - INFO - JUNGGU
2023-01-03 17:07:22,149 - INFO - JUNGGU
2023-01-03 17:07:22,149 - INFO - JUNGGU
2023-01-03 17:07:22,149 - INFO - JUNGGU
2023-01-03 17:07:22,149 - INFO - JUNGGU
2023-01-03 17:07:22,149 - INFO - JUNGGU
2023-01-03 17:07:22,149 - INFO - JUNGGU
2023-01-03 17:07:22,149 - INFO - JUNGGU
2023-01-03 17:07:22,149 - INFO - JUNGGU
2023-01-03 17:07:22,149 - INFO - JUNGGU
2023-01-03 17:07:22,149 - INFO - JUNGGU
2023-01-03 17:07:30,684 - INFO - MAPO
2023-01-03 17:07:30,684 - INFO - MAPO
2023-01-03 17:07:30,684 - INFO - MAPO
2023-01-03 17:07:30,684 - INFO - MAPO
2023-01-03 17:07:30,684 - INFO - MAPO
2023-01-03 17:07:30,684 - INFO - MAPO
2023-01-03 17:07:30,684 - INFO - MAPO
2023-01-03 17:07:30,684 - INFO - MAPO
2023-01-03 17:07:30,684 - INFO - MAPO
2023-01-03 17:07:30,684 - INFO - MAPO
2023-01-03 17:07:30,684 - INFO - MAPO
2023-01-03 17:07:30,684 - INFO - MAPO
2023-01-03 17:07:30,684 - INFO - MAPO
2023-01-03 17:07:30,684 - INFO - MAPO
2023-01-03 17:07:30,684 - INFO - MAPO
2023-01-03 17:07:30,684 - INFO - MAPO
2023-01-03 17:07:30,684 - INFO - MAPO
2023-01-03 17:07:30,684 - INFO - MAPO
2023-01-03 17:07:30,684 - INFO - MAPO
2023-01-03 17:07:30,684 - INFO - MAPO
2023-01-03 17:07:30,684 - INFO - MAPO
2023-01-03 17:07:30,684 - INFO - MAPO
2023-01-03 17:07:30,684 - INFO - MAPO
2023-01-03 17:07:36,588 - INFO - MAPO
2023-01-03 17:07:36,588 - INFO - MAPO
2023-01-03 17:07:36,588 - INFO - MAPO
2023-01-03 17:07:36,588 - INFO - MAPO
2023-01-03 17:07:36,588 - INFO - MAPO
2023-01-03 17:07:36,588 - INFO - MAPO
2023-01-03 17:07:36,588 - INFO - MAPO
2023-01-03 17:07:36,588 - INFO - MAPO
2023-01-03 17:07:36,588 - INFO - MAPO
2023-01-03 17:07:36,588 - INFO - MAPO
2023-01-03 17:07:36,588 - INFO - MAPO
2023-01-03 17:07:36,588 - INFO - MAPO
2023-01-03 17:07:36,588 - INFO - MAPO
2023-01-03 17:07:36,588 - INFO - MAPO
2023-01-03 17:07:36,588 - INFO - MAPO
2023-01-03 17:07:36,588 - INFO - MAPO
2023-01-03 17:07:36,588 - INFO - MAPO
2023-01-03 17:07:36,588 - INFO - MAPO
2023-01-03 17:07:36,588 - INFO - MAPO
2023-01-03 17:07:36,588 - INFO - MAPO
2023-01-03 17:07:36,588 - INFO - MAPO
2023-01-03 17:07:36,588 - INFO - MAPO
2023-01-03 17:07:36,588 - INFO - MAPO
2023-01-03 17:07:36,588 - INFO - MAPO
2023-01-03 17:07:38,796 - INFO - MAPO
2023-01-03 17:07:38,796 - INFO - MAPO
2023-01-03 17:07:38,796 - INFO - MAPO
2023-01-03 17:07:38,796 - INFO - MAPO
2023-01-03 17:07:38,796 - INFO - MAPO
2023-01-03 17:07:38,796 - INFO - MAPO
2023-01-03 17:07:38,796 - INFO - MAPO
2023-01-03 17:07:38,796 - INFO - MAPO
2023-01-03 17:07:38,796 - INFO - MAPO
2023-01-03 17:07:38,796 - INFO - MAPO
2023-01-03 17:07:38,796 - INFO - MAPO
2023-01-03 17:07:38,796 - INFO - MAPO
2023-01-03 17:07:38,796 - INFO - MAPO
2023-01-03 17:07:38,796 - INFO - MAPO
2023-01-03 17:07:38,796 - INFO - MAPO
2023-01-03 17:07:38,796 - INFO - MAPO
2023-01-03 17:07:38,796 - INFO - MAPO
2023-01-03 17:07:38,796 - INFO - MAPO
2023-01-03 17:07:38,796 - INFO - MAPO
2023-01-03 17:07:38,796 - INFO - MAPO
2023-01-03 17:07:38,796 - INFO - MAPO
2023-01-03 17:07:38,796 - INFO - MAPO
2023-01-03 17:07:38,796 - INFO - MAPO
2023-01-03 17:07:38,796 - INFO - MAPO
2023-01-03 17:07:38,796 - INFO - MAPO
2023-01-03 17:07:41,080 - INFO - MAPO
2023-01-03 17:07:41,080 - INFO - MAPO
2023-01-03 17:07:41,080 - INFO - MAPO
2023-01-03 17:07:41,080 - INFO - MAPO
2023-01-03 17:07:41,080 - INFO - MAPO
2023-01-03 17:07:41,080 - INFO - MAPO
2023-01-03 17:07:41,080 - INFO - MAPO
2023-01-03 17:07:41,080 - INFO - MAPO
2023-01-03 17:07:41,080 - INFO - MAPO
2023-01-03 17:07:41,080 - INFO - MAPO
2023-01-03 17:07:41,080 - INFO - MAPO
2023-01-03 17:07:41,080 - INFO - MAPO
2023-01-03 17:07:41,080 - INFO - MAPO
2023-01-03 17:07:41,080 - INFO - MAPO
2023-01-03 17:07:41,080 - INFO - MAPO
2023-01-03 17:07:41,080 - INFO - MAPO
2023-01-03 17:07:41,080 - INFO - MAPO
2023-01-03 17:07:41,080 - INFO - MAPO
2023-01-03 17:07:41,080 - INFO - MAPO
2023-01-03 17:07:41,080 - INFO - MAPO
2023-01-03 17:07:41,080 - INFO - MAPO
2023-01-03 17:07:41,080 - INFO - MAPO
2023-01-03 17:07:41,080 - INFO - MAPO
2023-01-03 17:07:41,080 - INFO - MAPO
2023-01-03 17:07:41,080 - INFO - MAPO
2023-01-03 17:07:41,080 - INFO - MAPO
2023-01-03 17:07:43,640 - INFO - NOWON
2023-01-03 17:07:43,640 - INFO - NOWON
2023-01-03 17:07:43,640 - INFO - NOWON
2023-01-03 17:07:43,640 - INFO - NOWON
2023-01-03 17:07:43,640 - INFO - NOWON
2023-01-03 17:07:43,640 - INFO - NOWON
2023-01-03 17:07:43,640 - INFO - NOWON
2023-01-03 17:07:43,640 - INFO - NOWON
2023-01-03 17:07:43,640 - INFO - NOWON
2023-01-03 17:07:43,640 - INFO - NOWON
2023-01-03 17:07:43,640 - INFO - NOWON
2023-01-03 17:07:43,640 - INFO - NOWON
2023-01-03 17:07:43,640 - INFO - NOWON
2023-01-03 17:07:43,640 - INFO - NOWON
2023-01-03 17:07:43,640 - INFO - NOWON
2023-01-03 17:07:43,640 - INFO - NOWON
2023-01-03 17:07:43,640 - INFO - NOWON
2023-01-03 17:07:43,640 - INFO - NOWON
2023-01-03 17:07:43,640 - INFO - NOWON
2023-01-03 17:07:43,640 - INFO - NOWON
2023-01-03 17:07:43,640 - INFO - NOWON
2023-01-03 17:07:43,640 - INFO - NOWON
2023-01-03 17:07:43,640 - INFO - NOWON
2023-01-03 17:07:43,640 - INFO - NOWON
2023-01-03 17:07:43,640 - INFO - NOWON
2023-01-03 17:07:43,640 - INFO - NOWON
2023-01-03 17:07:43,640 - INFO - NOWON
2023-01-03 17:08:39,150 - INFO - NOWON
2023-01-03 17:08:48,865 - INFO - NOWON
2023-01-03 17:08:48,865 - INFO - NOWON
2023-01-03 17:08:58,780 - INFO - SEOCHO
2023-01-03 17:08:58,780 - INFO - SEOCHO
2023-01-03 17:08:58,780 - INFO - SEOCHO
2023-01-03 17:09:00,549 - INFO - SEOCHO
2023-01-03 17:09:00,549 - INFO - SEOCHO
2023-01-03 17:09:00,549 - INFO - SEOCHO
2023-01-03 17:09:00,549 - INFO - SEOCHO
2023-01-03 17:09:02,274 - INFO - SEOCHO
2023-01-03 17:09:02,274 - INFO - SEOCHO
2023-01-03 17:09:02,274 - INFO - SEOCHO
2023-01-03 17:09:02,274 - INFO - SEOCHO
2023-01-03 17:09:02,274 - INFO - SEOCHO
2023-01-03 17:09:04,041 - INFO - SEOCHO
2023-01-03 17:09:04,041 - INFO - SEOCHO
2023-01-03 17:09:04,041 - INFO - SEOCHO
2023-01-03 17:09:04,041 - INFO - SEOCHO
2023-01-03 17:09:04,041 - INFO - SEOCHO
2023-01-03 17:09:04,041 - INFO - SEOCHO
2023-01-03 17:09:05,175 - INFO - SEONGBUK
2023-01-03 17:09:05,175 - INFO - SEONGBUK
2023-01-03 17:09:05,175 - INFO - SEONGBUK
2023-01-03 17:09:05,175 - INFO - SEONGBUK
2023-01-03 17:09:05,175 - INFO - SEONGBUK
2023-01-03 17:09:05,175 - INFO - SEONGBUK
2023-01-03 17:09:05,175 - INFO - SEONGBUK
2023-01-03 17:09:13,460 - INFO - SONGPA
2023-01-03 17:09:13,460 - INFO - SONGPA
2023-01-03 17:09:13,460 - INFO - SONGPA
2023-01-03 17:09:13,460 - INFO - SONGPA
2023-01-03 17:09:13,460 - INFO - SONGPA
2023-01-03 17:09:13,460 - INFO - SONGPA
2023-01-03 17:09:13,460 - INFO - SONGPA
2023-01-03 17:09:13,460 - INFO - SONGPA
2023-01-03 17:09:15,785 - INFO - SONGPA
2023-01-03 17:09:15,785 - INFO - SONGPA
2023-01-03 17:09:15,785 - INFO - SONGPA
2023-01-03 17:09:15,785 - INFO - SONGPA
2023-01-03 17:09:15,785 - INFO - SONGPA
2023-01-03 17:09:15,785 - INFO - SONGPA
2023-01-03 17:09:15,785 - INFO - SONGPA
2023-01-03 17:09:15,785 - INFO - SONGPA
2023-01-03 17:09:15,785 - INFO - SONGPA
2023-01-03 17:09:18,217 - INFO - SONGPA
2023-01-03 17:09:18,217 - INFO - SONGPA
2023-01-03 17:09:18,217 - INFO - SONGPA
2023-01-03 17:09:18,217 - INFO - SONGPA
2023-01-03 17:09:18,217 - INFO - SONGPA
2023-01-03 17:09:18,217 - INFO - SONGPA
2023-01-03 17:09:18,217 - INFO - SONGPA
2023-01-03 17:09:18,217 - INFO - SONGPA
2023-01-03 17:09:18,217 - INFO - SONGPA
2023-01-03 17:09:18,217 - INFO - SONGPA
2023-01-03 17:11:20,391 - INFO - SONGPA
2023-01-03 17:11:22,760 - INFO - SONGPA
2023-01-03 17:11:22,760 - INFO - SONGPA
2023-01-03 17:11:25,166 - INFO - SONGPA
2023-01-03 17:11:25,166 - INFO - SONGPA
2023-01-03 17:11:25,166 - INFO - SONGPA
2023-01-03 17:11:26,604 - INFO - YANGCHEON
2023-01-03 17:11:26,604 - INFO - YANGCHEON
2023-01-03 17:11:26,604 - INFO - YANGCHEON
2023-01-03 17:11:26,604 - INFO - YANGCHEON
2023-01-03 17:11:35,837 - INFO - YANGCHEON
2023-01-03 17:11:35,837 - INFO - YANGCHEON
2023-01-03 17:11:35,837 - INFO - YANGCHEON
2023-01-03 17:11:35,837 - INFO - YANGCHEON
2023-01-03 17:11:35,837 - INFO - YANGCHEON
2023-01-03 17:11:37,440 - INFO - YEONGDEUNGPO
2023-01-03 17:11:37,440 - INFO - YEONGDEUNGPO
2023-01-03 17:11:37,440 - INFO - YEONGDEUNGPO
2023-01-03 17:11:37,440 - INFO - YEONGDEUNGPO
2023-01-03 17:11:37,440 - INFO - YEONGDEUNGPO
2023-01-03 17:11:37,440 - INFO - YEONGDEUNGPO
2023-01-03 17:11:39,347 - INFO - YEONGDEUNGPO
2023-01-03 17:11:39,347 - INFO - YEONGDEUNGPO
2023-01-03 17:11:39,347 - INFO - YEONGDEUNGPO
2023-01-03 17:11:39,347 - INFO - YEONGDEUNGPO
2023-01-03 17:11:39,347 - INFO - YEONGDEUNGPO
2023-01-03 17:11:39,347 - INFO - YEONGDEUNGPO
2023-01-03 17:11:39,347 - INFO - YEONGDEUNGPO
2023-01-03 17:11:42,293 - INFO - SEOUL
2023-01-03 17:11:42,293 - INFO - SEOUL
2023-01-03 17:11:42,293 - INFO - SEOUL
2023-01-03 17:11:42,293 - INFO - SEOUL
2023-01-03 17:11:42,293 - INFO - SEOUL
2023-01-03 17:11:42,293 - INFO - SEOUL
2023-01-03 17:11:42,293 - INFO - SEOUL
2023-01-03 17:11:42,293 - INFO - SEOUL
2023-01-03 17:11:44,455 - INFO - SEOUL
2023-01-03 17:11:44,455 - INFO - SEOUL
2023-01-03 17:11:44,455 - INFO - SEOUL
2023-01-03 17:11:44,455 - INFO - SEOUL
2023-01-03 17:11:44,455 - INFO - SEOUL
2023-01-03 17:11:44,455 - INFO - SEOUL
2023-01-03 17:11:44,455 - INFO - SEOUL
2023-01-03 17:11:44,455 - INFO - SEOUL
2023-01-03 17:11:44,455 - INFO - SEOUL
2023-01-03 17:11:58,370 - INFO - SEOUL
2023-01-03 17:11:58,370 - INFO - SEOUL
2023-01-03 17:11:58,370 - INFO - SEOUL
2023-01-03 17:11:58,370 - INFO - SEOUL
2023-01-03 17:11:58,370 - INFO - SEOUL
2023-01-03 17:11:58,370 - INFO - SEOUL
2023-01-03 17:11:58,370 - INFO - SEOUL
2023-01-03 17:11:58,370 - INFO - SEOUL
2023-01-03 17:11:58,370 - INFO - SEOUL
2023-01-03 17:11:58,370 - INFO - SEOUL
2023-01-03 17:12:01,015 - INFO - SEOUL
2023-01-03 17:12:01,015 - INFO - SEOUL
2023-01-03 17:12:01,015 - INFO - SEOUL
2023-01-03 17:12:01,015 - INFO - SEOUL
2023-01-03 17:12:01,015 - INFO - SEOUL
2023-01-03 17:12:01,015 - INFO - SEOUL
2023-01-03 17:12:01,015 - INFO - SEOUL
2023-01-03 17:12:01,015 - INFO - SEOUL
2023-01-03 17:12:01,015 - INFO - SEOUL
2023-01-03 17:12:01,015 - INFO - SEOUL
2023-01-03 17:12:01,015 - INFO - SEOUL
2023-01-03 17:12:01,546 - WARNING - Failed to parse headers (url=https://www.sscmc.or.kr:443/info/notice/list.asp?db=BBS_notice&pageno=1&startpage=1&where=&keyfield=&keyword=&catekkk=): [MissingHeaderBodySeparatorDefect()], unparsed data: 'Server : Wow 3.8\r\nDate: Tue, 03 Jan 2023 08:12:01 GMT\r\nContent-Type: text/html\r\nContent-Length: 39204\r\nConnection: keep-alive\r\nCache-Control: private\r\nSet-Cookie: ASPSESSIONIDCSCARSSA=JLBLLBFBEHHGLBDCDILBIBML; path=/\r\nX-Frame-Options: SAMEORIGIN\r\n\r\n'
Traceback (most recent call last):
  File "/Users/yeon/Library/Python/3.9/lib/python/site-packages/urllib3/connectionpool.py", line 469, in _make_request
    assert_header_parsing(httplib_response.msg)
  File "/Users/yeon/Library/Python/3.9/lib/python/site-packages/urllib3/util/response.py", line 91, in assert_header_parsing
    raise HeaderParsingError(defects=defects, unparsed_data=unparsed_data)
urllib3.exceptions.HeaderParsingError: [MissingHeaderBodySeparatorDefect()], unparsed data: 'Server : Wow 3.8\r\nDate: Tue, 03 Jan 2023 08:12:01 GMT\r\nContent-Type: text/html\r\nContent-Length: 39204\r\nConnection: keep-alive\r\nCache-Control: private\r\nSet-Cookie: ASPSESSIONIDCSCARSSA=JLBLLBFBEHHGLBDCDILBIBML; path=/\r\nX-Frame-Options: SAMEORIGIN\r\n\r\n'
2023-01-03 17:12:01,546 - WARNING - Failed to parse headers (url=https://www.sscmc.or.kr:443/info/notice/list.asp?db=BBS_notice&pageno=1&startpage=1&where=&keyfield=&keyword=&catekkk=): [MissingHeaderBodySeparatorDefect()], unparsed data: 'Server : Wow 3.8\r\nDate: Tue, 03 Jan 2023 08:12:01 GMT\r\nContent-Type: text/html\r\nContent-Length: 39204\r\nConnection: keep-alive\r\nCache-Control: private\r\nSet-Cookie: ASPSESSIONIDCSCARSSA=JLBLLBFBEHHGLBDCDILBIBML; path=/\r\nX-Frame-Options: SAMEORIGIN\r\n\r\n'
Traceback (most recent call last):
  File "/Users/yeon/Library/Python/3.9/lib/python/site-packages/urllib3/connectionpool.py", line 469, in _make_request
    assert_header_parsing(httplib_response.msg)
  File "/Users/yeon/Library/Python/3.9/lib/python/site-packages/urllib3/util/response.py", line 91, in assert_header_parsing
    raise HeaderParsingError(defects=defects, unparsed_data=unparsed_data)
urllib3.exceptions.HeaderParsingError: [MissingHeaderBodySeparatorDefect()], unparsed data: 'Server : Wow 3.8\r\nDate: Tue, 03 Jan 2023 08:12:01 GMT\r\nContent-Type: text/html\r\nContent-Length: 39204\r\nConnection: keep-alive\r\nCache-Control: private\r\nSet-Cookie: ASPSESSIONIDCSCARSSA=JLBLLBFBEHHGLBDCDILBIBML; path=/\r\nX-Frame-Options: SAMEORIGIN\r\n\r\n'
2023-01-03 17:12:01,546 - WARNING - Failed to parse headers (url=https://www.sscmc.or.kr:443/info/notice/list.asp?db=BBS_notice&pageno=1&startpage=1&where=&keyfield=&keyword=&catekkk=): [MissingHeaderBodySeparatorDefect()], unparsed data: 'Server : Wow 3.8\r\nDate: Tue, 03 Jan 2023 08:12:01 GMT\r\nContent-Type: text/html\r\nContent-Length: 39204\r\nConnection: keep-alive\r\nCache-Control: private\r\nSet-Cookie: ASPSESSIONIDCSCARSSA=JLBLLBFBEHHGLBDCDILBIBML; path=/\r\nX-Frame-Options: SAMEORIGIN\r\n\r\n'
Traceback (most recent call last):
  File "/Users/yeon/Library/Python/3.9/lib/python/site-packages/urllib3/connectionpool.py", line 469, in _make_request
    assert_header_parsing(httplib_response.msg)
  File "/Users/yeon/Library/Python/3.9/lib/python/site-packages/urllib3/util/response.py", line 91, in assert_header_parsing
    raise HeaderParsingError(defects=defects, unparsed_data=unparsed_data)
urllib3.exceptions.HeaderParsingError: [MissingHeaderBodySeparatorDefect()], unparsed data: 'Server : Wow 3.8\r\nDate: Tue, 03 Jan 2023 08:12:01 GMT\r\nContent-Type: text/html\r\nContent-Length: 39204\r\nConnection: keep-alive\r\nCache-Control: private\r\nSet-Cookie: ASPSESSIONIDCSCARSSA=JLBLLBFBEHHGLBDCDILBIBML; path=/\r\nX-Frame-Options: SAMEORIGIN\r\n\r\n'
2023-01-03 17:12:01,546 - WARNING - Failed to parse headers (url=https://www.sscmc.or.kr:443/info/notice/list.asp?db=BBS_notice&pageno=1&startpage=1&where=&keyfield=&keyword=&catekkk=): [MissingHeaderBodySeparatorDefect()], unparsed data: 'Server : Wow 3.8\r\nDate: Tue, 03 Jan 2023 08:12:01 GMT\r\nContent-Type: text/html\r\nContent-Length: 39204\r\nConnection: keep-alive\r\nCache-Control: private\r\nSet-Cookie: ASPSESSIONIDCSCARSSA=JLBLLBFBEHHGLBDCDILBIBML; path=/\r\nX-Frame-Options: SAMEORIGIN\r\n\r\n'
Traceback (most recent call last):
  File "/Users/yeon/Library/Python/3.9/lib/python/site-packages/urllib3/connectionpool.py", line 469, in _make_request
    assert_header_parsing(httplib_response.msg)
  File "/Users/yeon/Library/Python/3.9/lib/python/site-packages/urllib3/util/response.py", line 91, in assert_header_parsing
    raise HeaderParsingError(defects=defects, unparsed_data=unparsed_data)
urllib3.exceptions.HeaderParsingError: [MissingHeaderBodySeparatorDefect()], unparsed data: 'Server : Wow 3.8\r\nDate: Tue, 03 Jan 2023 08:12:01 GMT\r\nContent-Type: text/html\r\nContent-Length: 39204\r\nConnection: keep-alive\r\nCache-Control: private\r\nSet-Cookie: ASPSESSIONIDCSCARSSA=JLBLLBFBEHHGLBDCDILBIBML; path=/\r\nX-Frame-Options: SAMEORIGIN\r\n\r\n'
2023-01-03 17:12:01,546 - WARNING - Failed to parse headers (url=https://www.sscmc.or.kr:443/info/notice/list.asp?db=BBS_notice&pageno=1&startpage=1&where=&keyfield=&keyword=&catekkk=): [MissingHeaderBodySeparatorDefect()], unparsed data: 'Server : Wow 3.8\r\nDate: Tue, 03 Jan 2023 08:12:01 GMT\r\nContent-Type: text/html\r\nContent-Length: 39204\r\nConnection: keep-alive\r\nCache-Control: private\r\nSet-Cookie: ASPSESSIONIDCSCARSSA=JLBLLBFBEHHGLBDCDILBIBML; path=/\r\nX-Frame-Options: SAMEORIGIN\r\n\r\n'
Traceback (most recent call last):
  File "/Users/yeon/Library/Python/3.9/lib/python/site-packages/urllib3/connectionpool.py", line 469, in _make_request
    assert_header_parsing(httplib_response.msg)
  File "/Users/yeon/Library/Python/3.9/lib/python/site-packages/urllib3/util/response.py", line 91, in assert_header_parsing
    raise HeaderParsingError(defects=defects, unparsed_data=unparsed_data)
urllib3.exceptions.HeaderParsingError: [MissingHeaderBodySeparatorDefect()], unparsed data: 'Server : Wow 3.8\r\nDate: Tue, 03 Jan 2023 08:12:01 GMT\r\nContent-Type: text/html\r\nContent-Length: 39204\r\nConnection: keep-alive\r\nCache-Control: private\r\nSet-Cookie: ASPSESSIONIDCSCARSSA=JLBLLBFBEHHGLBDCDILBIBML; path=/\r\nX-Frame-Options: SAMEORIGIN\r\n\r\n'
2023-01-03 17:12:01,546 - WARNING - Failed to parse headers (url=https://www.sscmc.or.kr:443/info/notice/list.asp?db=BBS_notice&pageno=1&startpage=1&where=&keyfield=&keyword=&catekkk=): [MissingHeaderBodySeparatorDefect()], unparsed data: 'Server : Wow 3.8\r\nDate: Tue, 03 Jan 2023 08:12:01 GMT\r\nContent-Type: text/html\r\nContent-Length: 39204\r\nConnection: keep-alive\r\nCache-Control: private\r\nSet-Cookie: ASPSESSIONIDCSCARSSA=JLBLLBFBEHHGLBDCDILBIBML; path=/\r\nX-Frame-Options: SAMEORIGIN\r\n\r\n'
Traceback (most recent call last):
  File "/Users/yeon/Library/Python/3.9/lib/python/site-packages/urllib3/connectionpool.py", line 469, in _make_request
    assert_header_parsing(httplib_response.msg)
  File "/Users/yeon/Library/Python/3.9/lib/python/site-packages/urllib3/util/response.py", line 91, in assert_header_parsing
    raise HeaderParsingError(defects=defects, unparsed_data=unparsed_data)
urllib3.exceptions.HeaderParsingError: [MissingHeaderBodySeparatorDefect()], unparsed data: 'Server : Wow 3.8\r\nDate: Tue, 03 Jan 2023 08:12:01 GMT\r\nContent-Type: text/html\r\nContent-Length: 39204\r\nConnection: keep-alive\r\nCache-Control: private\r\nSet-Cookie: ASPSESSIONIDCSCARSSA=JLBLLBFBEHHGLBDCDILBIBML; path=/\r\nX-Frame-Options: SAMEORIGIN\r\n\r\n'
2023-01-03 17:12:01,546 - WARNING - Failed to parse headers (url=https://www.sscmc.or.kr:443/info/notice/list.asp?db=BBS_notice&pageno=1&startpage=1&where=&keyfield=&keyword=&catekkk=): [MissingHeaderBodySeparatorDefect()], unparsed data: 'Server : Wow 3.8\r\nDate: Tue, 03 Jan 2023 08:12:01 GMT\r\nContent-Type: text/html\r\nContent-Length: 39204\r\nConnection: keep-alive\r\nCache-Control: private\r\nSet-Cookie: ASPSESSIONIDCSCARSSA=JLBLLBFBEHHGLBDCDILBIBML; path=/\r\nX-Frame-Options: SAMEORIGIN\r\n\r\n'
Traceback (most recent call last):
  File "/Users/yeon/Library/Python/3.9/lib/python/site-packages/urllib3/connectionpool.py", line 469, in _make_request
    assert_header_parsing(httplib_response.msg)
  File "/Users/yeon/Library/Python/3.9/lib/python/site-packages/urllib3/util/response.py", line 91, in assert_header_parsing
    raise HeaderParsingError(defects=defects, unparsed_data=unparsed_data)
urllib3.exceptions.HeaderParsingError: [MissingHeaderBodySeparatorDefect()], unparsed data: 'Server : Wow 3.8\r\nDate: Tue, 03 Jan 2023 08:12:01 GMT\r\nContent-Type: text/html\r\nContent-Length: 39204\r\nConnection: keep-alive\r\nCache-Control: private\r\nSet-Cookie: ASPSESSIONIDCSCARSSA=JLBLLBFBEHHGLBDCDILBIBML; path=/\r\nX-Frame-Options: SAMEORIGIN\r\n\r\n'
2023-01-03 17:12:01,546 - WARNING - Failed to parse headers (url=https://www.sscmc.or.kr:443/info/notice/list.asp?db=BBS_notice&pageno=1&startpage=1&where=&keyfield=&keyword=&catekkk=): [MissingHeaderBodySeparatorDefect()], unparsed data: 'Server : Wow 3.8\r\nDate: Tue, 03 Jan 2023 08:12:01 GMT\r\nContent-Type: text/html\r\nContent-Length: 39204\r\nConnection: keep-alive\r\nCache-Control: private\r\nSet-Cookie: ASPSESSIONIDCSCARSSA=JLBLLBFBEHHGLBDCDILBIBML; path=/\r\nX-Frame-Options: SAMEORIGIN\r\n\r\n'
Traceback (most recent call last):
  File "/Users/yeon/Library/Python/3.9/lib/python/site-packages/urllib3/connectionpool.py", line 469, in _make_request
    assert_header_parsing(httplib_response.msg)
  File "/Users/yeon/Library/Python/3.9/lib/python/site-packages/urllib3/util/response.py", line 91, in assert_header_parsing
    raise HeaderParsingError(defects=defects, unparsed_data=unparsed_data)
urllib3.exceptions.HeaderParsingError: [MissingHeaderBodySeparatorDefect()], unparsed data: 'Server : Wow 3.8\r\nDate: Tue, 03 Jan 2023 08:12:01 GMT\r\nContent-Type: text/html\r\nContent-Length: 39204\r\nConnection: keep-alive\r\nCache-Control: private\r\nSet-Cookie: ASPSESSIONIDCSCARSSA=JLBLLBFBEHHGLBDCDILBIBML; path=/\r\nX-Frame-Options: SAMEORIGIN\r\n\r\n'
2023-01-03 17:12:01,546 - WARNING - Failed to parse headers (url=https://www.sscmc.or.kr:443/info/notice/list.asp?db=BBS_notice&pageno=1&startpage=1&where=&keyfield=&keyword=&catekkk=): [MissingHeaderBodySeparatorDefect()], unparsed data: 'Server : Wow 3.8\r\nDate: Tue, 03 Jan 2023 08:12:01 GMT\r\nContent-Type: text/html\r\nContent-Length: 39204\r\nConnection: keep-alive\r\nCache-Control: private\r\nSet-Cookie: ASPSESSIONIDCSCARSSA=JLBLLBFBEHHGLBDCDILBIBML; path=/\r\nX-Frame-Options: SAMEORIGIN\r\n\r\n'
Traceback (most recent call last):
  File "/Users/yeon/Library/Python/3.9/lib/python/site-packages/urllib3/connectionpool.py", line 469, in _make_request
    assert_header_parsing(httplib_response.msg)
  File "/Users/yeon/Library/Python/3.9/lib/python/site-packages/urllib3/util/response.py", line 91, in assert_header_parsing
    raise HeaderParsingError(defects=defects, unparsed_data=unparsed_data)
urllib3.exceptions.HeaderParsingError: [MissingHeaderBodySeparatorDefect()], unparsed data: 'Server : Wow 3.8\r\nDate: Tue, 03 Jan 2023 08:12:01 GMT\r\nContent-Type: text/html\r\nContent-Length: 39204\r\nConnection: keep-alive\r\nCache-Control: private\r\nSet-Cookie: ASPSESSIONIDCSCARSSA=JLBLLBFBEHHGLBDCDILBIBML; path=/\r\nX-Frame-Options: SAMEORIGIN\r\n\r\n'
2023-01-03 17:12:01,546 - WARNING - Failed to parse headers (url=https://www.sscmc.or.kr:443/info/notice/list.asp?db=BBS_notice&pageno=1&startpage=1&where=&keyfield=&keyword=&catekkk=): [MissingHeaderBodySeparatorDefect()], unparsed data: 'Server : Wow 3.8\r\nDate: Tue, 03 Jan 2023 08:12:01 GMT\r\nContent-Type: text/html\r\nContent-Length: 39204\r\nConnection: keep-alive\r\nCache-Control: private\r\nSet-Cookie: ASPSESSIONIDCSCARSSA=JLBLLBFBEHHGLBDCDILBIBML; path=/\r\nX-Frame-Options: SAMEORIGIN\r\n\r\n'
Traceback (most recent call last):
  File "/Users/yeon/Library/Python/3.9/lib/python/site-packages/urllib3/connectionpool.py", line 469, in _make_request
    assert_header_parsing(httplib_response.msg)
  File "/Users/yeon/Library/Python/3.9/lib/python/site-packages/urllib3/util/response.py", line 91, in assert_header_parsing
    raise HeaderParsingError(defects=defects, unparsed_data=unparsed_data)
urllib3.exceptions.HeaderParsingError: [MissingHeaderBodySeparatorDefect()], unparsed data: 'Server : Wow 3.8\r\nDate: Tue, 03 Jan 2023 08:12:01 GMT\r\nContent-Type: text/html\r\nContent-Length: 39204\r\nConnection: keep-alive\r\nCache-Control: private\r\nSet-Cookie: ASPSESSIONIDCSCARSSA=JLBLLBFBEHHGLBDCDILBIBML; path=/\r\nX-Frame-Options: SAMEORIGIN\r\n\r\n'
2023-01-03 17:12:01,546 - WARNING - Failed to parse headers (url=https://www.sscmc.or.kr:443/info/notice/list.asp?db=BBS_notice&pageno=1&startpage=1&where=&keyfield=&keyword=&catekkk=): [MissingHeaderBodySeparatorDefect()], unparsed data: 'Server : Wow 3.8\r\nDate: Tue, 03 Jan 2023 08:12:01 GMT\r\nContent-Type: text/html\r\nContent-Length: 39204\r\nConnection: keep-alive\r\nCache-Control: private\r\nSet-Cookie: ASPSESSIONIDCSCARSSA=JLBLLBFBEHHGLBDCDILBIBML; path=/\r\nX-Frame-Options: SAMEORIGIN\r\n\r\n'
Traceback (most recent call last):
  File "/Users/yeon/Library/Python/3.9/lib/python/site-packages/urllib3/connectionpool.py", line 469, in _make_request
    assert_header_parsing(httplib_response.msg)
  File "/Users/yeon/Library/Python/3.9/lib/python/site-packages/urllib3/util/response.py", line 91, in assert_header_parsing
    raise HeaderParsingError(defects=defects, unparsed_data=unparsed_data)
urllib3.exceptions.HeaderParsingError: [MissingHeaderBodySeparatorDefect()], unparsed data: 'Server : Wow 3.8\r\nDate: Tue, 03 Jan 2023 08:12:01 GMT\r\nContent-Type: text/html\r\nContent-Length: 39204\r\nConnection: keep-alive\r\nCache-Control: private\r\nSet-Cookie: ASPSESSIONIDCSCARSSA=JLBLLBFBEHHGLBDCDILBIBML; path=/\r\nX-Frame-Options: SAMEORIGIN\r\n\r\n'
2023-01-03 17:13:16,957 - INFO - SEODAEMUN
2023-01-03 17:13:16,957 - INFO - SEODAEMUN
2023-01-03 17:13:16,957 - INFO - SEODAEMUN
2023-01-03 17:13:16,957 - INFO - SEODAEMUN
2023-01-03 17:13:16,957 - INFO - SEODAEMUN
2023-01-03 17:13:16,957 - INFO - SEODAEMUN
2023-01-03 17:13:16,957 - INFO - SEODAEMUN
2023-01-03 17:13:16,957 - INFO - SEODAEMUN
2023-01-03 17:13:16,957 - INFO - SEODAEMUN
2023-01-03 17:13:16,957 - INFO - SEODAEMUN
2023-01-03 17:13:16,957 - INFO - SEODAEMUN
2023-01-03 17:13:16,957 - INFO - SEODAEMUN
