2023-01-06 10:51:43,585 - INFO - JUNGNANG
2023-01-06 10:51:45,157 - WARNING - Failed to parse headers (url=https://www.jungnang.go.kr:443/portal/bbs/list/B0000002.do?searchCnd=&searchWrd=&gubun=&delCode=0&useAt=&replyAt=&menuNo=200473&sdate=&edate=&deptId=&deptName=&popupYn=&dept=&dong=&option1=&viewType=&searchCnd2=&pageIndex=1): [FirstHeaderLineIsContinuationDefect(' X-Content-Type-Options: nosniff\r\n')], unparsed data: ''
Traceback (most recent call last):
  File "/Users/yeon/Library/Python/3.9/lib/python/site-packages/urllib3/connectionpool.py", line 469, in _make_request
    assert_header_parsing(httplib_response.msg)
  File "/Users/yeon/Library/Python/3.9/lib/python/site-packages/urllib3/util/response.py", line 91, in assert_header_parsing
    raise HeaderParsingError(defects=defects, unparsed_data=unparsed_data)
urllib3.exceptions.HeaderParsingError: [FirstHeaderLineIsContinuationDefect(' X-Content-Type-Options: nosniff\r\n')], unparsed data: ''
2023-01-06 10:51:47,953 - INFO - JUNGNANG
2023-01-06 10:51:47,953 - INFO - JUNGNANG
2023-01-06 10:51:59,040 - INFO - YONGSAN
2023-01-06 10:51:59,040 - INFO - YONGSAN
2023-01-06 10:51:59,040 - INFO - YONGSAN
2023-01-06 10:52:04,017 - INFO - YONGSAN
2023-01-06 10:52:04,017 - INFO - YONGSAN
2023-01-06 10:52:04,017 - INFO - YONGSAN
2023-01-06 10:52:04,017 - INFO - YONGSAN
2023-01-06 10:52:05,950 - INFO - YONGSAN
2023-01-06 10:52:05,950 - INFO - YONGSAN
2023-01-06 10:52:05,950 - INFO - YONGSAN
2023-01-06 10:52:05,950 - INFO - YONGSAN
2023-01-06 10:52:05,950 - INFO - YONGSAN
2023-01-06 10:52:12,991 - INFO - GANGNAM
2023-01-06 10:52:12,991 - INFO - GANGNAM
2023-01-06 10:52:12,991 - INFO - GANGNAM
2023-01-06 10:52:12,991 - INFO - GANGNAM
2023-01-06 10:52:12,991 - INFO - GANGNAM
2023-01-06 10:52:12,991 - INFO - GANGNAM
2023-01-06 10:52:43,880 - INFO - GANGNAM
2023-01-06 10:52:43,880 - INFO - GANGNAM
2023-01-06 10:52:43,880 - INFO - GANGNAM
2023-01-06 10:52:43,880 - INFO - GANGNAM
2023-01-06 10:52:43,880 - INFO - GANGNAM
2023-01-06 10:52:43,880 - INFO - GANGNAM
2023-01-06 10:52:43,880 - INFO - GANGNAM
2023-01-06 10:52:46,262 - INFO - GANGDONG
2023-01-06 10:52:46,262 - INFO - GANGDONG
2023-01-06 10:52:46,262 - INFO - GANGDONG
2023-01-06 10:52:46,262 - INFO - GANGDONG
2023-01-06 10:52:46,262 - INFO - GANGDONG
2023-01-06 10:52:46,262 - INFO - GANGDONG
2023-01-06 10:52:46,262 - INFO - GANGDONG
2023-01-06 10:52:46,262 - INFO - GANGDONG
2023-01-06 10:52:52,570 - INFO - GURO
2023-01-06 10:52:52,570 - INFO - GURO
2023-01-06 10:52:52,570 - INFO - GURO
2023-01-06 10:52:52,570 - INFO - GURO
2023-01-06 10:52:52,570 - INFO - GURO
2023-01-06 10:52:52,570 - INFO - GURO
2023-01-06 10:52:52,570 - INFO - GURO
2023-01-06 10:52:52,570 - INFO - GURO
2023-01-06 10:52:52,570 - INFO - GURO
2023-01-06 10:53:00,020 - INFO - GURO
2023-01-06 10:53:00,020 - INFO - GURO
2023-01-06 10:53:00,020 - INFO - GURO
2023-01-06 10:53:00,020 - INFO - GURO
2023-01-06 10:53:00,020 - INFO - GURO
2023-01-06 10:53:00,020 - INFO - GURO
2023-01-06 10:53:00,020 - INFO - GURO
2023-01-06 10:53:00,020 - INFO - GURO
2023-01-06 10:53:00,020 - INFO - GURO
2023-01-06 10:53:00,020 - INFO - GURO
2023-01-06 10:53:10,042 - INFO - GANGSEO
2023-01-06 10:53:10,042 - INFO - GANGSEO
2023-01-06 10:53:10,042 - INFO - GANGSEO
2023-01-06 10:53:10,042 - INFO - GANGSEO
2023-01-06 10:53:10,042 - INFO - GANGSEO
2023-01-06 10:53:10,042 - INFO - GANGSEO
2023-01-06 10:53:10,042 - INFO - GANGSEO
2023-01-06 10:53:10,042 - INFO - GANGSEO
2023-01-06 10:53:10,042 - INFO - GANGSEO
2023-01-06 10:53:10,042 - INFO - GANGSEO
2023-01-06 10:53:10,042 - INFO - GANGSEO
2023-01-06 10:53:13,204 - INFO - GANGSEO
2023-01-06 10:53:13,204 - INFO - GANGSEO
2023-01-06 10:53:13,204 - INFO - GANGSEO
2023-01-06 10:53:13,204 - INFO - GANGSEO
2023-01-06 10:53:13,204 - INFO - GANGSEO
2023-01-06 10:53:13,204 - INFO - GANGSEO
2023-01-06 10:53:13,204 - INFO - GANGSEO
2023-01-06 10:53:13,204 - INFO - GANGSEO
2023-01-06 10:53:13,204 - INFO - GANGSEO
2023-01-06 10:53:13,204 - INFO - GANGSEO
2023-01-06 10:53:13,204 - INFO - GANGSEO
2023-01-06 10:53:13,204 - INFO - GANGSEO
2023-01-06 10:53:15,904 - INFO - GANGDONG
2023-01-06 10:53:15,904 - INFO - GANGDONG
2023-01-06 10:53:15,904 - INFO - GANGDONG
2023-01-06 10:53:15,904 - INFO - GANGDONG
2023-01-06 10:53:15,904 - INFO - GANGDONG
2023-01-06 10:53:15,904 - INFO - GANGDONG
2023-01-06 10:53:15,904 - INFO - GANGDONG
2023-01-06 10:53:15,904 - INFO - GANGDONG
2023-01-06 10:53:15,904 - INFO - GANGDONG
2023-01-06 10:53:15,904 - INFO - GANGDONG
2023-01-06 10:53:15,904 - INFO - GANGDONG
2023-01-06 10:53:15,904 - INFO - GANGDONG
2023-01-06 10:53:15,904 - INFO - GANGDONG
2023-01-06 10:53:19,584 - INFO - GANGDONG
2023-01-06 10:53:19,584 - INFO - GANGDONG
2023-01-06 10:53:19,584 - INFO - GANGDONG
2023-01-06 10:53:19,584 - INFO - GANGDONG
2023-01-06 10:53:19,584 - INFO - GANGDONG
2023-01-06 10:53:19,584 - INFO - GANGDONG
2023-01-06 10:53:19,584 - INFO - GANGDONG
2023-01-06 10:53:19,584 - INFO - GANGDONG
2023-01-06 10:53:19,584 - INFO - GANGDONG
2023-01-06 10:53:19,584 - INFO - GANGDONG
2023-01-06 10:53:19,584 - INFO - GANGDONG
2023-01-06 10:53:19,584 - INFO - GANGDONG
2023-01-06 10:53:19,584 - INFO - GANGDONG
2023-01-06 10:53:19,584 - INFO - GANGDONG
2023-01-06 10:53:25,471 - INFO - GANGDONG
2023-01-06 10:53:25,471 - INFO - GANGDONG
2023-01-06 10:53:25,471 - INFO - GANGDONG
2023-01-06 10:53:25,471 - INFO - GANGDONG
2023-01-06 10:53:25,471 - INFO - GANGDONG
2023-01-06 10:53:25,471 - INFO - GANGDONG
2023-01-06 10:53:25,471 - INFO - GANGDONG
2023-01-06 10:53:25,471 - INFO - GANGDONG
2023-01-06 10:53:25,471 - INFO - GANGDONG
2023-01-06 10:53:25,471 - INFO - GANGDONG
2023-01-06 10:53:25,471 - INFO - GANGDONG
2023-01-06 10:53:25,471 - INFO - GANGDONG
2023-01-06 10:53:25,471 - INFO - GANGDONG
2023-01-06 10:53:25,471 - INFO - GANGDONG
2023-01-06 10:53:25,471 - INFO - GANGDONG
2023-01-06 10:53:39,631 - INFO - DOBONG
2023-01-06 10:53:39,631 - INFO - DOBONG
2023-01-06 10:53:39,631 - INFO - DOBONG
2023-01-06 10:53:39,631 - INFO - DOBONG
2023-01-06 10:53:39,631 - INFO - DOBONG
2023-01-06 10:53:39,631 - INFO - DOBONG
2023-01-06 10:53:39,631 - INFO - DOBONG
2023-01-06 10:53:39,631 - INFO - DOBONG
2023-01-06 10:53:39,631 - INFO - DOBONG
2023-01-06 10:53:39,631 - INFO - DOBONG
2023-01-06 10:53:39,631 - INFO - DOBONG
2023-01-06 10:53:39,631 - INFO - DOBONG
2023-01-06 10:53:39,631 - INFO - DOBONG
2023-01-06 10:53:39,631 - INFO - DOBONG
2023-01-06 10:53:39,631 - INFO - DOBONG
2023-01-06 10:53:39,631 - INFO - DOBONG
2023-01-06 10:53:43,472 - INFO - DOBONG
2023-01-06 10:53:43,472 - INFO - DOBONG
2023-01-06 10:53:43,472 - INFO - DOBONG
2023-01-06 10:53:43,472 - INFO - DOBONG
2023-01-06 10:53:43,472 - INFO - DOBONG
2023-01-06 10:53:43,472 - INFO - DOBONG
2023-01-06 10:53:43,472 - INFO - DOBONG
2023-01-06 10:53:43,472 - INFO - DOBONG
2023-01-06 10:53:43,472 - INFO - DOBONG
2023-01-06 10:53:43,472 - INFO - DOBONG
2023-01-06 10:53:43,472 - INFO - DOBONG
2023-01-06 10:53:43,472 - INFO - DOBONG
2023-01-06 10:53:43,472 - INFO - DOBONG
2023-01-06 10:53:43,472 - INFO - DOBONG
2023-01-06 10:53:43,472 - INFO - DOBONG
2023-01-06 10:53:43,472 - INFO - DOBONG
2023-01-06 10:53:43,472 - INFO - DOBONG
2023-01-06 10:53:44,712 - INFO - GANGBUK
2023-01-06 10:53:44,712 - INFO - GANGBUK
2023-01-06 10:53:44,712 - INFO - GANGBUK
2023-01-06 10:53:44,712 - INFO - GANGBUK
2023-01-06 10:53:44,712 - INFO - GANGBUK
2023-01-06 10:53:44,712 - INFO - GANGBUK
2023-01-06 10:53:44,712 - INFO - GANGBUK
2023-01-06 10:53:44,712 - INFO - GANGBUK
2023-01-06 10:53:44,712 - INFO - GANGBUK
2023-01-06 10:53:44,712 - INFO - GANGBUK
2023-01-06 10:53:44,712 - INFO - GANGBUK
2023-01-06 10:53:44,712 - INFO - GANGBUK
2023-01-06 10:53:44,712 - INFO - GANGBUK
2023-01-06 10:53:44,712 - INFO - GANGBUK
2023-01-06 10:53:44,712 - INFO - GANGBUK
2023-01-06 10:53:44,712 - INFO - GANGBUK
2023-01-06 10:53:44,712 - INFO - GANGBUK
2023-01-06 10:53:44,712 - INFO - GANGBUK
2023-01-06 10:53:57,912 - INFO - GANGBUK
2023-01-06 10:53:57,912 - INFO - GANGBUK
2023-01-06 10:53:57,912 - INFO - GANGBUK
2023-01-06 10:53:57,912 - INFO - GANGBUK
2023-01-06 10:53:57,912 - INFO - GANGBUK
2023-01-06 10:53:57,912 - INFO - GANGBUK
2023-01-06 10:53:57,912 - INFO - GANGBUK
2023-01-06 10:53:57,912 - INFO - GANGBUK
2023-01-06 10:53:57,912 - INFO - GANGBUK
2023-01-06 10:53:57,912 - INFO - GANGBUK
2023-01-06 10:53:57,912 - INFO - GANGBUK
2023-01-06 10:53:57,912 - INFO - GANGBUK
2023-01-06 10:53:57,912 - INFO - GANGBUK
2023-01-06 10:53:57,912 - INFO - GANGBUK
2023-01-06 10:53:57,912 - INFO - GANGBUK
2023-01-06 10:53:57,912 - INFO - GANGBUK
2023-01-06 10:53:57,912 - INFO - GANGBUK
2023-01-06 10:53:57,912 - INFO - GANGBUK
2023-01-06 10:53:57,912 - INFO - GANGBUK
2023-01-06 10:54:09,218 - INFO - DONGDAEMUN
2023-01-06 10:54:09,218 - INFO - DONGDAEMUN
2023-01-06 10:54:09,218 - INFO - DONGDAEMUN
2023-01-06 10:54:09,218 - INFO - DONGDAEMUN
2023-01-06 10:54:09,218 - INFO - DONGDAEMUN
2023-01-06 10:54:09,218 - INFO - DONGDAEMUN
2023-01-06 10:54:09,218 - INFO - DONGDAEMUN
2023-01-06 10:54:09,218 - INFO - DONGDAEMUN
2023-01-06 10:54:09,218 - INFO - DONGDAEMUN
2023-01-06 10:54:09,218 - INFO - DONGDAEMUN
2023-01-06 10:54:09,218 - INFO - DONGDAEMUN
2023-01-06 10:54:09,218 - INFO - DONGDAEMUN
2023-01-06 10:54:09,218 - INFO - DONGDAEMUN
2023-01-06 10:54:09,218 - INFO - DONGDAEMUN
2023-01-06 10:54:09,218 - INFO - DONGDAEMUN
2023-01-06 10:54:09,218 - INFO - DONGDAEMUN
2023-01-06 10:54:09,218 - INFO - DONGDAEMUN
2023-01-06 10:54:09,218 - INFO - DONGDAEMUN
2023-01-06 10:54:09,218 - INFO - DONGDAEMUN
2023-01-06 10:54:09,218 - INFO - DONGDAEMUN
2023-01-06 10:57:40,772 - INFO - JUNGNANG
2023-01-06 10:57:42,612 - WARNING - Failed to parse headers (url=https://www.jungnang.go.kr:443/portal/bbs/list/B0000002.do?searchCnd=&searchWrd=&gubun=&delCode=0&useAt=&replyAt=&menuNo=200473&sdate=&edate=&deptId=&deptName=&popupYn=&dept=&dong=&option1=&viewType=&searchCnd2=&pageIndex=1): [FirstHeaderLineIsContinuationDefect(' X-Content-Type-Options: nosniff\r\n')], unparsed data: ''
Traceback (most recent call last):
  File "/Users/yeon/Library/Python/3.9/lib/python/site-packages/urllib3/connectionpool.py", line 469, in _make_request
    assert_header_parsing(httplib_response.msg)
  File "/Users/yeon/Library/Python/3.9/lib/python/site-packages/urllib3/util/response.py", line 91, in assert_header_parsing
    raise HeaderParsingError(defects=defects, unparsed_data=unparsed_data)
urllib3.exceptions.HeaderParsingError: [FirstHeaderLineIsContinuationDefect(' X-Content-Type-Options: nosniff\r\n')], unparsed data: ''
2023-01-06 10:57:43,578 - INFO - JUNGNANG
2023-01-06 10:57:43,578 - INFO - JUNGNANG
2023-01-06 10:57:55,945 - INFO - YONGSAN
2023-01-06 10:57:55,945 - INFO - YONGSAN
2023-01-06 10:57:55,945 - INFO - YONGSAN
2023-01-06 10:57:57,935 - INFO - YONGSAN
2023-01-06 10:57:57,935 - INFO - YONGSAN
2023-01-06 10:57:57,935 - INFO - YONGSAN
2023-01-06 10:57:57,935 - INFO - YONGSAN
2023-01-06 10:57:59,862 - INFO - YONGSAN
2023-01-06 10:57:59,862 - INFO - YONGSAN
2023-01-06 10:57:59,862 - INFO - YONGSAN
2023-01-06 10:57:59,862 - INFO - YONGSAN
2023-01-06 10:57:59,862 - INFO - YONGSAN
2023-01-06 10:58:04,009 - INFO - GANGNAM
2023-01-06 10:58:04,009 - INFO - GANGNAM
2023-01-06 10:58:04,009 - INFO - GANGNAM
2023-01-06 10:58:04,009 - INFO - GANGNAM
2023-01-06 10:58:04,009 - INFO - GANGNAM
2023-01-06 10:58:04,009 - INFO - GANGNAM
2023-01-06 10:58:41,349 - INFO - GANGNAM
2023-01-06 10:58:41,349 - INFO - GANGNAM
2023-01-06 10:58:41,349 - INFO - GANGNAM
2023-01-06 10:58:41,349 - INFO - GANGNAM
2023-01-06 10:58:41,349 - INFO - GANGNAM
2023-01-06 10:58:41,349 - INFO - GANGNAM
2023-01-06 10:58:41,349 - INFO - GANGNAM
2023-01-06 10:58:46,275 - INFO - GANGDONG
2023-01-06 10:58:46,275 - INFO - GANGDONG
2023-01-06 10:58:46,275 - INFO - GANGDONG
2023-01-06 10:58:46,275 - INFO - GANGDONG
2023-01-06 10:58:46,275 - INFO - GANGDONG
2023-01-06 10:58:46,275 - INFO - GANGDONG
2023-01-06 10:58:46,275 - INFO - GANGDONG
2023-01-06 10:58:46,275 - INFO - GANGDONG
2023-01-06 10:58:52,546 - INFO - GURO
2023-01-06 10:58:52,546 - INFO - GURO
2023-01-06 10:58:52,546 - INFO - GURO
2023-01-06 10:58:52,546 - INFO - GURO
2023-01-06 10:58:52,546 - INFO - GURO
2023-01-06 10:58:52,546 - INFO - GURO
2023-01-06 10:58:52,546 - INFO - GURO
2023-01-06 10:58:52,546 - INFO - GURO
2023-01-06 10:58:52,546 - INFO - GURO
2023-01-06 10:58:59,141 - INFO - GURO
2023-01-06 10:58:59,141 - INFO - GURO
2023-01-06 10:58:59,141 - INFO - GURO
2023-01-06 10:58:59,141 - INFO - GURO
2023-01-06 10:58:59,141 - INFO - GURO
2023-01-06 10:58:59,141 - INFO - GURO
2023-01-06 10:58:59,141 - INFO - GURO
2023-01-06 10:58:59,141 - INFO - GURO
2023-01-06 10:58:59,141 - INFO - GURO
2023-01-06 10:58:59,141 - INFO - GURO
2023-01-06 10:59:10,830 - INFO - GANGSEO
2023-01-06 10:59:10,830 - INFO - GANGSEO
2023-01-06 10:59:10,830 - INFO - GANGSEO
2023-01-06 10:59:10,830 - INFO - GANGSEO
2023-01-06 10:59:10,830 - INFO - GANGSEO
2023-01-06 10:59:10,830 - INFO - GANGSEO
2023-01-06 10:59:10,830 - INFO - GANGSEO
2023-01-06 10:59:10,830 - INFO - GANGSEO
2023-01-06 10:59:10,830 - INFO - GANGSEO
2023-01-06 10:59:10,830 - INFO - GANGSEO
2023-01-06 10:59:10,830 - INFO - GANGSEO
2023-01-06 10:59:14,182 - INFO - GANGSEO
2023-01-06 10:59:14,182 - INFO - GANGSEO
2023-01-06 10:59:14,182 - INFO - GANGSEO
2023-01-06 10:59:14,182 - INFO - GANGSEO
2023-01-06 10:59:14,182 - INFO - GANGSEO
2023-01-06 10:59:14,182 - INFO - GANGSEO
2023-01-06 10:59:14,182 - INFO - GANGSEO
2023-01-06 10:59:14,182 - INFO - GANGSEO
2023-01-06 10:59:14,182 - INFO - GANGSEO
2023-01-06 10:59:14,182 - INFO - GANGSEO
2023-01-06 10:59:14,182 - INFO - GANGSEO
2023-01-06 10:59:14,182 - INFO - GANGSEO
2023-01-06 10:59:16,164 - INFO - GANGDONG
2023-01-06 10:59:16,164 - INFO - GANGDONG
2023-01-06 10:59:16,164 - INFO - GANGDONG
2023-01-06 10:59:16,164 - INFO - GANGDONG
2023-01-06 10:59:16,164 - INFO - GANGDONG
2023-01-06 10:59:16,164 - INFO - GANGDONG
2023-01-06 10:59:16,164 - INFO - GANGDONG
2023-01-06 10:59:16,164 - INFO - GANGDONG
2023-01-06 10:59:16,164 - INFO - GANGDONG
2023-01-06 10:59:16,164 - INFO - GANGDONG
2023-01-06 10:59:16,164 - INFO - GANGDONG
2023-01-06 10:59:16,164 - INFO - GANGDONG
2023-01-06 10:59:16,164 - INFO - GANGDONG
2023-01-06 10:59:19,313 - INFO - GANGDONG
2023-01-06 10:59:19,313 - INFO - GANGDONG
2023-01-06 10:59:19,313 - INFO - GANGDONG
2023-01-06 10:59:19,313 - INFO - GANGDONG
2023-01-06 10:59:19,313 - INFO - GANGDONG
2023-01-06 10:59:19,313 - INFO - GANGDONG
2023-01-06 10:59:19,313 - INFO - GANGDONG
2023-01-06 10:59:19,313 - INFO - GANGDONG
2023-01-06 10:59:19,313 - INFO - GANGDONG
2023-01-06 10:59:19,313 - INFO - GANGDONG
2023-01-06 10:59:19,313 - INFO - GANGDONG
2023-01-06 10:59:19,313 - INFO - GANGDONG
2023-01-06 10:59:19,313 - INFO - GANGDONG
2023-01-06 10:59:19,313 - INFO - GANGDONG
2023-01-06 10:59:23,038 - INFO - GANGDONG
2023-01-06 10:59:23,038 - INFO - GANGDONG
2023-01-06 10:59:23,038 - INFO - GANGDONG
2023-01-06 10:59:23,038 - INFO - GANGDONG
2023-01-06 10:59:23,038 - INFO - GANGDONG
2023-01-06 10:59:23,038 - INFO - GANGDONG
2023-01-06 10:59:23,038 - INFO - GANGDONG
2023-01-06 10:59:23,038 - INFO - GANGDONG
2023-01-06 10:59:23,038 - INFO - GANGDONG
2023-01-06 10:59:23,038 - INFO - GANGDONG
2023-01-06 10:59:23,038 - INFO - GANGDONG
2023-01-06 10:59:23,038 - INFO - GANGDONG
2023-01-06 10:59:23,038 - INFO - GANGDONG
2023-01-06 10:59:23,038 - INFO - GANGDONG
2023-01-06 10:59:23,038 - INFO - GANGDONG
2023-01-06 10:59:41,517 - INFO - DOBONG
2023-01-06 10:59:41,517 - INFO - DOBONG
2023-01-06 10:59:41,517 - INFO - DOBONG
2023-01-06 10:59:41,517 - INFO - DOBONG
2023-01-06 10:59:41,517 - INFO - DOBONG
2023-01-06 10:59:41,517 - INFO - DOBONG
2023-01-06 10:59:41,517 - INFO - DOBONG
2023-01-06 10:59:41,517 - INFO - DOBONG
2023-01-06 10:59:41,517 - INFO - DOBONG
2023-01-06 10:59:41,517 - INFO - DOBONG
2023-01-06 10:59:41,517 - INFO - DOBONG
2023-01-06 10:59:41,517 - INFO - DOBONG
2023-01-06 10:59:41,517 - INFO - DOBONG
2023-01-06 10:59:41,517 - INFO - DOBONG
2023-01-06 10:59:41,517 - INFO - DOBONG
2023-01-06 10:59:41,517 - INFO - DOBONG
2023-01-06 10:59:43,733 - INFO - DOBONG
2023-01-06 10:59:43,733 - INFO - DOBONG
2023-01-06 10:59:43,733 - INFO - DOBONG
2023-01-06 10:59:43,733 - INFO - DOBONG
2023-01-06 10:59:43,733 - INFO - DOBONG
2023-01-06 10:59:43,733 - INFO - DOBONG
2023-01-06 10:59:43,733 - INFO - DOBONG
2023-01-06 10:59:43,733 - INFO - DOBONG
2023-01-06 10:59:43,733 - INFO - DOBONG
2023-01-06 10:59:43,733 - INFO - DOBONG
2023-01-06 10:59:43,733 - INFO - DOBONG
2023-01-06 10:59:43,733 - INFO - DOBONG
2023-01-06 10:59:43,733 - INFO - DOBONG
2023-01-06 10:59:43,733 - INFO - DOBONG
2023-01-06 10:59:43,733 - INFO - DOBONG
2023-01-06 10:59:43,733 - INFO - DOBONG
2023-01-06 10:59:43,733 - INFO - DOBONG
2023-01-06 10:59:45,259 - INFO - GANGBUK
2023-01-06 10:59:45,259 - INFO - GANGBUK
2023-01-06 10:59:45,259 - INFO - GANGBUK
2023-01-06 10:59:45,259 - INFO - GANGBUK
2023-01-06 10:59:45,259 - INFO - GANGBUK
2023-01-06 10:59:45,259 - INFO - GANGBUK
2023-01-06 10:59:45,259 - INFO - GANGBUK
2023-01-06 10:59:45,259 - INFO - GANGBUK
2023-01-06 10:59:45,259 - INFO - GANGBUK
2023-01-06 10:59:45,259 - INFO - GANGBUK
2023-01-06 10:59:45,259 - INFO - GANGBUK
2023-01-06 10:59:45,259 - INFO - GANGBUK
2023-01-06 10:59:45,259 - INFO - GANGBUK
2023-01-06 10:59:45,259 - INFO - GANGBUK
2023-01-06 10:59:45,259 - INFO - GANGBUK
2023-01-06 10:59:45,259 - INFO - GANGBUK
2023-01-06 10:59:45,259 - INFO - GANGBUK
2023-01-06 10:59:45,259 - INFO - GANGBUK
2023-01-06 10:59:56,917 - INFO - GANGBUK
2023-01-06 10:59:56,917 - INFO - GANGBUK
2023-01-06 10:59:56,917 - INFO - GANGBUK
2023-01-06 10:59:56,917 - INFO - GANGBUK
2023-01-06 10:59:56,917 - INFO - GANGBUK
2023-01-06 10:59:56,917 - INFO - GANGBUK
2023-01-06 10:59:56,917 - INFO - GANGBUK
2023-01-06 10:59:56,917 - INFO - GANGBUK
2023-01-06 10:59:56,917 - INFO - GANGBUK
2023-01-06 10:59:56,917 - INFO - GANGBUK
2023-01-06 10:59:56,917 - INFO - GANGBUK
2023-01-06 10:59:56,917 - INFO - GANGBUK
2023-01-06 10:59:56,917 - INFO - GANGBUK
2023-01-06 10:59:56,917 - INFO - GANGBUK
2023-01-06 10:59:56,917 - INFO - GANGBUK
2023-01-06 10:59:56,917 - INFO - GANGBUK
2023-01-06 10:59:56,917 - INFO - GANGBUK
2023-01-06 10:59:56,917 - INFO - GANGBUK
2023-01-06 10:59:56,917 - INFO - GANGBUK
2023-01-06 11:00:07,952 - INFO - DONGDAEMUN
2023-01-06 11:00:07,952 - INFO - DONGDAEMUN
2023-01-06 11:00:07,952 - INFO - DONGDAEMUN
2023-01-06 11:00:07,952 - INFO - DONGDAEMUN
2023-01-06 11:00:07,952 - INFO - DONGDAEMUN
2023-01-06 11:00:07,952 - INFO - DONGDAEMUN
2023-01-06 11:00:07,952 - INFO - DONGDAEMUN
2023-01-06 11:00:07,952 - INFO - DONGDAEMUN
2023-01-06 11:00:07,952 - INFO - DONGDAEMUN
2023-01-06 11:00:07,952 - INFO - DONGDAEMUN
2023-01-06 11:00:07,952 - INFO - DONGDAEMUN
2023-01-06 11:00:07,952 - INFO - DONGDAEMUN
2023-01-06 11:00:07,952 - INFO - DONGDAEMUN
2023-01-06 11:00:07,952 - INFO - DONGDAEMUN
2023-01-06 11:00:07,952 - INFO - DONGDAEMUN
2023-01-06 11:00:07,952 - INFO - DONGDAEMUN
2023-01-06 11:00:07,952 - INFO - DONGDAEMUN
2023-01-06 11:00:07,952 - INFO - DONGDAEMUN
2023-01-06 11:00:07,952 - INFO - DONGDAEMUN
2023-01-06 11:00:07,952 - INFO - DONGDAEMUN
2023-01-06 11:00:12,124 - INFO - DONGDAEMUN
2023-01-06 11:00:12,124 - INFO - DONGDAEMUN
2023-01-06 11:00:12,124 - INFO - DONGDAEMUN
2023-01-06 11:00:12,124 - INFO - DONGDAEMUN
2023-01-06 11:00:12,124 - INFO - DONGDAEMUN
2023-01-06 11:00:12,124 - INFO - DONGDAEMUN
2023-01-06 11:00:12,124 - INFO - DONGDAEMUN
2023-01-06 11:00:12,124 - INFO - DONGDAEMUN
2023-01-06 11:00:12,124 - INFO - DONGDAEMUN
2023-01-06 11:00:12,124 - INFO - DONGDAEMUN
2023-01-06 11:00:12,124 - INFO - DONGDAEMUN
2023-01-06 11:00:12,124 - INFO - DONGDAEMUN
2023-01-06 11:00:12,124 - INFO - DONGDAEMUN
2023-01-06 11:00:12,124 - INFO - DONGDAEMUN
2023-01-06 11:00:12,124 - INFO - DONGDAEMUN
2023-01-06 11:00:12,124 - INFO - DONGDAEMUN
2023-01-06 11:00:12,124 - INFO - DONGDAEMUN
2023-01-06 11:00:12,124 - INFO - DONGDAEMUN
2023-01-06 11:00:12,124 - INFO - DONGDAEMUN
2023-01-06 11:00:12,124 - INFO - DONGDAEMUN
2023-01-06 11:00:12,124 - INFO - DONGDAEMUN
2023-01-06 11:00:17,021 - INFO - DONGDAEMUN
2023-01-06 11:00:17,021 - INFO - DONGDAEMUN
2023-01-06 11:00:17,021 - INFO - DONGDAEMUN
2023-01-06 11:00:17,021 - INFO - DONGDAEMUN
2023-01-06 11:00:17,021 - INFO - DONGDAEMUN
2023-01-06 11:00:17,021 - INFO - DONGDAEMUN
2023-01-06 11:00:17,021 - INFO - DONGDAEMUN
2023-01-06 11:00:17,021 - INFO - DONGDAEMUN
2023-01-06 11:00:17,021 - INFO - DONGDAEMUN
2023-01-06 11:00:17,021 - INFO - DONGDAEMUN
2023-01-06 11:00:17,021 - INFO - DONGDAEMUN
2023-01-06 11:00:17,021 - INFO - DONGDAEMUN
2023-01-06 11:00:17,021 - INFO - DONGDAEMUN
2023-01-06 11:00:17,021 - INFO - DONGDAEMUN
2023-01-06 11:00:17,021 - INFO - DONGDAEMUN
2023-01-06 11:00:17,021 - INFO - DONGDAEMUN
2023-01-06 11:00:17,021 - INFO - DONGDAEMUN
2023-01-06 11:00:17,021 - INFO - DONGDAEMUN
2023-01-06 11:00:17,021 - INFO - DONGDAEMUN
2023-01-06 11:00:17,021 - INFO - DONGDAEMUN
2023-01-06 11:00:17,021 - INFO - DONGDAEMUN
2023-01-06 11:00:17,021 - INFO - DONGDAEMUN
2023-01-06 11:00:18,705 - INFO - DONGJAK
2023-01-06 11:00:18,705 - INFO - DONGJAK
2023-01-06 11:00:18,705 - INFO - DONGJAK
2023-01-06 11:00:18,705 - INFO - DONGJAK
2023-01-06 11:00:18,705 - INFO - DONGJAK
2023-01-06 11:00:18,705 - INFO - DONGJAK
2023-01-06 11:00:18,705 - INFO - DONGJAK
2023-01-06 11:00:18,705 - INFO - DONGJAK
2023-01-06 11:00:18,705 - INFO - DONGJAK
2023-01-06 11:00:18,705 - INFO - DONGJAK
2023-01-06 11:00:18,705 - INFO - DONGJAK
2023-01-06 11:00:18,705 - INFO - DONGJAK
2023-01-06 11:00:18,705 - INFO - DONGJAK
2023-01-06 11:00:18,705 - INFO - DONGJAK
2023-01-06 11:00:18,705 - INFO - DONGJAK
2023-01-06 11:00:18,705 - INFO - DONGJAK
2023-01-06 11:00:18,705 - INFO - DONGJAK
2023-01-06 11:00:18,705 - INFO - DONGJAK
2023-01-06 11:00:18,705 - INFO - DONGJAK
2023-01-06 11:00:18,705 - INFO - DONGJAK
2023-01-06 11:00:18,705 - INFO - DONGJAK
2023-01-06 11:00:18,705 - INFO - DONGJAK
2023-01-06 11:00:18,705 - INFO - DONGJAK
2023-01-06 11:00:27,301 - INFO - DONGJAK
2023-01-06 11:00:27,301 - INFO - DONGJAK
2023-01-06 11:00:27,301 - INFO - DONGJAK
2023-01-06 11:00:27,301 - INFO - DONGJAK
2023-01-06 11:00:27,301 - INFO - DONGJAK
2023-01-06 11:00:27,301 - INFO - DONGJAK
2023-01-06 11:00:27,301 - INFO - DONGJAK
2023-01-06 11:00:27,301 - INFO - DONGJAK
2023-01-06 11:00:27,301 - INFO - DONGJAK
2023-01-06 11:00:27,301 - INFO - DONGJAK
2023-01-06 11:00:27,301 - INFO - DONGJAK
2023-01-06 11:00:27,301 - INFO - DONGJAK
2023-01-06 11:00:27,301 - INFO - DONGJAK
2023-01-06 11:00:27,301 - INFO - DONGJAK
2023-01-06 11:00:27,301 - INFO - DONGJAK
2023-01-06 11:00:27,301 - INFO - DONGJAK
2023-01-06 11:00:27,301 - INFO - DONGJAK
2023-01-06 11:00:27,301 - INFO - DONGJAK
2023-01-06 11:00:27,301 - INFO - DONGJAK
2023-01-06 11:00:27,301 - INFO - DONGJAK
2023-01-06 11:00:27,301 - INFO - DONGJAK
2023-01-06 11:00:27,301 - INFO - DONGJAK
2023-01-06 11:00:27,301 - INFO - DONGJAK
2023-01-06 11:00:27,301 - INFO - DONGJAK
2023-01-06 11:00:59,607 - INFO - GEUAMCHEOUN
2023-01-06 11:00:59,607 - INFO - GEUAMCHEOUN
2023-01-06 11:00:59,607 - INFO - GEUAMCHEOUN
2023-01-06 11:00:59,607 - INFO - GEUAMCHEOUN
2023-01-06 11:00:59,607 - INFO - GEUAMCHEOUN
2023-01-06 11:00:59,607 - INFO - GEUAMCHEOUN
2023-01-06 11:00:59,607 - INFO - GEUAMCHEOUN
2023-01-06 11:00:59,607 - INFO - GEUAMCHEOUN
2023-01-06 11:00:59,607 - INFO - GEUAMCHEOUN
2023-01-06 11:00:59,607 - INFO - GEUAMCHEOUN
2023-01-06 11:00:59,607 - INFO - GEUAMCHEOUN
2023-01-06 11:00:59,607 - INFO - GEUAMCHEOUN
2023-01-06 11:00:59,607 - INFO - GEUAMCHEOUN
2023-01-06 11:00:59,607 - INFO - GEUAMCHEOUN
2023-01-06 11:00:59,607 - INFO - GEUAMCHEOUN
2023-01-06 11:00:59,607 - INFO - GEUAMCHEOUN
2023-01-06 11:00:59,607 - INFO - GEUAMCHEOUN
2023-01-06 11:00:59,607 - INFO - GEUAMCHEOUN
2023-01-06 11:00:59,607 - INFO - GEUAMCHEOUN
2023-01-06 11:00:59,607 - INFO - GEUAMCHEOUN
2023-01-06 11:00:59,607 - INFO - GEUAMCHEOUN
2023-01-06 11:00:59,607 - INFO - GEUAMCHEOUN
2023-01-06 11:00:59,607 - INFO - GEUAMCHEOUN
2023-01-06 11:00:59,607 - INFO - GEUAMCHEOUN
2023-01-06 11:00:59,607 - INFO - GEUAMCHEOUN
2023-01-06 11:01:05,062 - INFO - GEUAMCHEOUN
2023-01-06 11:01:05,062 - INFO - GEUAMCHEOUN
2023-01-06 11:01:05,062 - INFO - GEUAMCHEOUN
2023-01-06 11:01:05,062 - INFO - GEUAMCHEOUN
2023-01-06 11:01:05,062 - INFO - GEUAMCHEOUN
2023-01-06 11:01:05,062 - INFO - GEUAMCHEOUN
2023-01-06 11:01:05,062 - INFO - GEUAMCHEOUN
2023-01-06 11:01:05,062 - INFO - GEUAMCHEOUN
2023-01-06 11:01:05,062 - INFO - GEUAMCHEOUN
2023-01-06 11:01:05,062 - INFO - GEUAMCHEOUN
2023-01-06 11:01:05,062 - INFO - GEUAMCHEOUN
2023-01-06 11:01:05,062 - INFO - GEUAMCHEOUN
2023-01-06 11:01:05,062 - INFO - GEUAMCHEOUN
2023-01-06 11:01:05,062 - INFO - GEUAMCHEOUN
2023-01-06 11:01:05,062 - INFO - GEUAMCHEOUN
2023-01-06 11:01:05,062 - INFO - GEUAMCHEOUN
2023-01-06 11:01:05,062 - INFO - GEUAMCHEOUN
2023-01-06 11:01:05,062 - INFO - GEUAMCHEOUN
2023-01-06 11:01:05,062 - INFO - GEUAMCHEOUN
2023-01-06 11:01:05,062 - INFO - GEUAMCHEOUN
2023-01-06 11:01:05,062 - INFO - GEUAMCHEOUN
2023-01-06 11:01:05,062 - INFO - GEUAMCHEOUN
2023-01-06 11:01:05,062 - INFO - GEUAMCHEOUN
2023-01-06 11:01:05,062 - INFO - GEUAMCHEOUN
2023-01-06 11:01:05,062 - INFO - GEUAMCHEOUN
2023-01-06 11:01:05,062 - INFO - GEUAMCHEOUN
2023-01-06 11:01:06,878 - INFO - GWANAK
2023-01-06 11:01:06,878 - INFO - GWANAK
2023-01-06 11:01:06,878 - INFO - GWANAK
2023-01-06 11:01:06,878 - INFO - GWANAK
2023-01-06 11:01:06,878 - INFO - GWANAK
2023-01-06 11:01:06,878 - INFO - GWANAK
2023-01-06 11:01:06,878 - INFO - GWANAK
2023-01-06 11:01:06,878 - INFO - GWANAK
2023-01-06 11:01:06,878 - INFO - GWANAK
2023-01-06 11:01:06,878 - INFO - GWANAK
2023-01-06 11:01:06,878 - INFO - GWANAK
2023-01-06 11:01:06,878 - INFO - GWANAK
2023-01-06 11:01:06,878 - INFO - GWANAK
2023-01-06 11:01:06,878 - INFO - GWANAK
2023-01-06 11:01:06,878 - INFO - GWANAK
2023-01-06 11:01:06,878 - INFO - GWANAK
2023-01-06 11:01:06,878 - INFO - GWANAK
2023-01-06 11:01:06,878 - INFO - GWANAK
2023-01-06 11:01:06,878 - INFO - GWANAK
2023-01-06 11:01:06,878 - INFO - GWANAK
2023-01-06 11:01:06,878 - INFO - GWANAK
2023-01-06 11:01:06,878 - INFO - GWANAK
2023-01-06 11:01:06,878 - INFO - GWANAK
2023-01-06 11:01:06,878 - INFO - GWANAK
2023-01-06 11:01:06,878 - INFO - GWANAK
2023-01-06 11:01:06,878 - INFO - GWANAK
2023-01-06 11:01:06,878 - INFO - GWANAK
2023-01-06 11:01:30,610 - INFO - GWANAK
2023-01-06 11:01:30,610 - INFO - GWANAK
2023-01-06 11:01:30,610 - INFO - GWANAK
2023-01-06 11:01:30,610 - INFO - GWANAK
2023-01-06 11:01:30,610 - INFO - GWANAK
2023-01-06 11:01:30,610 - INFO - GWANAK
2023-01-06 11:01:30,610 - INFO - GWANAK
2023-01-06 11:01:30,610 - INFO - GWANAK
2023-01-06 11:01:30,610 - INFO - GWANAK
2023-01-06 11:01:30,610 - INFO - GWANAK
2023-01-06 11:01:30,610 - INFO - GWANAK
2023-01-06 11:01:30,610 - INFO - GWANAK
2023-01-06 11:01:30,610 - INFO - GWANAK
2023-01-06 11:01:30,610 - INFO - GWANAK
2023-01-06 11:01:30,610 - INFO - GWANAK
2023-01-06 11:01:30,610 - INFO - GWANAK
2023-01-06 11:01:30,610 - INFO - GWANAK
2023-01-06 11:01:30,610 - INFO - GWANAK
2023-01-06 11:01:30,610 - INFO - GWANAK
2023-01-06 11:01:30,610 - INFO - GWANAK
2023-01-06 11:01:30,610 - INFO - GWANAK
2023-01-06 11:01:30,610 - INFO - GWANAK
2023-01-06 11:01:30,610 - INFO - GWANAK
2023-01-06 11:01:30,610 - INFO - GWANAK
2023-01-06 11:01:30,610 - INFO - GWANAK
2023-01-06 11:01:30,610 - INFO - GWANAK
2023-01-06 11:01:30,610 - INFO - GWANAK
2023-01-06 11:01:30,610 - INFO - GWANAK
2023-01-06 11:01:43,084 - INFO - SEONGDONG
2023-01-06 11:01:43,084 - INFO - SEONGDONG
2023-01-06 11:01:43,084 - INFO - SEONGDONG
2023-01-06 11:01:43,084 - INFO - SEONGDONG
2023-01-06 11:01:43,084 - INFO - SEONGDONG
2023-01-06 11:01:43,084 - INFO - SEONGDONG
2023-01-06 11:01:43,084 - INFO - SEONGDONG
2023-01-06 11:01:43,084 - INFO - SEONGDONG
2023-01-06 11:01:43,084 - INFO - SEONGDONG
2023-01-06 11:01:43,084 - INFO - SEONGDONG
2023-01-06 11:01:43,084 - INFO - SEONGDONG
2023-01-06 11:01:43,084 - INFO - SEONGDONG
2023-01-06 11:01:43,084 - INFO - SEONGDONG
2023-01-06 11:01:43,084 - INFO - SEONGDONG
2023-01-06 11:01:43,084 - INFO - SEONGDONG
2023-01-06 11:01:43,084 - INFO - SEONGDONG
2023-01-06 11:01:43,084 - INFO - SEONGDONG
2023-01-06 11:01:43,084 - INFO - SEONGDONG
2023-01-06 11:01:43,084 - INFO - SEONGDONG
2023-01-06 11:01:43,084 - INFO - SEONGDONG
2023-01-06 11:01:43,084 - INFO - SEONGDONG
2023-01-06 11:01:43,084 - INFO - SEONGDONG
2023-01-06 11:01:43,084 - INFO - SEONGDONG
2023-01-06 11:01:43,084 - INFO - SEONGDONG
2023-01-06 11:01:43,084 - INFO - SEONGDONG
2023-01-06 11:01:43,084 - INFO - SEONGDONG
2023-01-06 11:01:43,084 - INFO - SEONGDONG
2023-01-06 11:01:43,084 - INFO - SEONGDONG
2023-01-06 11:01:43,084 - INFO - SEONGDONG
2023-01-06 11:02:05,389 - INFO - SEONGDONG
2023-01-06 11:02:05,389 - INFO - SEONGDONG
2023-01-06 11:02:05,389 - INFO - SEONGDONG
2023-01-06 11:02:05,389 - INFO - SEONGDONG
2023-01-06 11:02:05,389 - INFO - SEONGDONG
2023-01-06 11:02:05,389 - INFO - SEONGDONG
2023-01-06 11:02:05,389 - INFO - SEONGDONG
2023-01-06 11:02:05,389 - INFO - SEONGDONG
2023-01-06 11:02:05,389 - INFO - SEONGDONG
2023-01-06 11:02:05,389 - INFO - SEONGDONG
2023-01-06 11:02:05,389 - INFO - SEONGDONG
2023-01-06 11:02:05,389 - INFO - SEONGDONG
2023-01-06 11:02:05,389 - INFO - SEONGDONG
2023-01-06 11:02:05,389 - INFO - SEONGDONG
2023-01-06 11:02:05,389 - INFO - SEONGDONG
2023-01-06 11:02:05,389 - INFO - SEONGDONG
2023-01-06 11:02:05,389 - INFO - SEONGDONG
2023-01-06 11:02:05,389 - INFO - SEONGDONG
2023-01-06 11:02:05,389 - INFO - SEONGDONG
2023-01-06 11:02:05,389 - INFO - SEONGDONG
2023-01-06 11:02:05,389 - INFO - SEONGDONG
2023-01-06 11:02:05,389 - INFO - SEONGDONG
2023-01-06 11:02:05,389 - INFO - SEONGDONG
2023-01-06 11:02:05,389 - INFO - SEONGDONG
2023-01-06 11:02:05,389 - INFO - SEONGDONG
2023-01-06 11:02:05,389 - INFO - SEONGDONG
2023-01-06 11:02:05,389 - INFO - SEONGDONG
2023-01-06 11:02:05,389 - INFO - SEONGDONG
2023-01-06 11:02:05,389 - INFO - SEONGDONG
2023-01-06 11:02:05,389 - INFO - SEONGDONG
2023-01-06 11:02:17,060 - INFO - EUNPYENG
2023-01-06 11:02:17,060 - INFO - EUNPYENG
2023-01-06 11:02:17,060 - INFO - EUNPYENG
2023-01-06 11:02:17,060 - INFO - EUNPYENG
2023-01-06 11:02:17,060 - INFO - EUNPYENG
2023-01-06 11:02:17,060 - INFO - EUNPYENG
2023-01-06 11:02:17,060 - INFO - EUNPYENG
2023-01-06 11:02:17,060 - INFO - EUNPYENG
2023-01-06 11:02:17,060 - INFO - EUNPYENG
2023-01-06 11:02:17,060 - INFO - EUNPYENG
2023-01-06 11:02:17,060 - INFO - EUNPYENG
2023-01-06 11:02:17,060 - INFO - EUNPYENG
2023-01-06 11:02:17,060 - INFO - EUNPYENG
2023-01-06 11:02:17,060 - INFO - EUNPYENG
2023-01-06 11:02:17,060 - INFO - EUNPYENG
2023-01-06 11:02:17,060 - INFO - EUNPYENG
2023-01-06 11:02:17,060 - INFO - EUNPYENG
2023-01-06 11:02:17,060 - INFO - EUNPYENG
2023-01-06 11:02:17,060 - INFO - EUNPYENG
2023-01-06 11:02:17,060 - INFO - EUNPYENG
2023-01-06 11:02:17,060 - INFO - EUNPYENG
2023-01-06 11:02:17,060 - INFO - EUNPYENG
2023-01-06 11:02:17,060 - INFO - EUNPYENG
2023-01-06 11:02:17,060 - INFO - EUNPYENG
2023-01-06 11:02:17,060 - INFO - EUNPYENG
2023-01-06 11:02:17,060 - INFO - EUNPYENG
2023-01-06 11:02:17,060 - INFO - EUNPYENG
2023-01-06 11:02:17,060 - INFO - EUNPYENG
2023-01-06 11:02:17,060 - INFO - EUNPYENG
2023-01-06 11:02:17,060 - INFO - EUNPYENG
2023-01-06 11:02:17,060 - INFO - EUNPYENG
2023-01-06 11:02:21,000 - INFO - EUNPYENG
2023-01-06 11:02:21,000 - INFO - EUNPYENG
2023-01-06 11:02:21,000 - INFO - EUNPYENG
2023-01-06 11:02:21,000 - INFO - EUNPYENG
2023-01-06 11:02:21,000 - INFO - EUNPYENG
2023-01-06 11:02:21,000 - INFO - EUNPYENG
2023-01-06 11:02:21,000 - INFO - EUNPYENG
2023-01-06 11:02:21,000 - INFO - EUNPYENG
2023-01-06 11:02:21,000 - INFO - EUNPYENG
2023-01-06 11:02:21,000 - INFO - EUNPYENG
2023-01-06 11:02:21,000 - INFO - EUNPYENG
2023-01-06 11:02:21,000 - INFO - EUNPYENG
2023-01-06 11:02:21,000 - INFO - EUNPYENG
2023-01-06 11:02:21,000 - INFO - EUNPYENG
2023-01-06 11:02:21,000 - INFO - EUNPYENG
2023-01-06 11:02:21,000 - INFO - EUNPYENG
2023-01-06 11:02:21,000 - INFO - EUNPYENG
2023-01-06 11:02:21,000 - INFO - EUNPYENG
2023-01-06 11:02:21,000 - INFO - EUNPYENG
2023-01-06 11:02:21,000 - INFO - EUNPYENG
2023-01-06 11:02:21,000 - INFO - EUNPYENG
2023-01-06 11:02:21,000 - INFO - EUNPYENG
2023-01-06 11:02:21,000 - INFO - EUNPYENG
2023-01-06 11:02:21,000 - INFO - EUNPYENG
2023-01-06 11:02:21,000 - INFO - EUNPYENG
2023-01-06 11:02:21,000 - INFO - EUNPYENG
2023-01-06 11:02:21,000 - INFO - EUNPYENG
2023-01-06 11:02:21,000 - INFO - EUNPYENG
2023-01-06 11:02:21,000 - INFO - EUNPYENG
2023-01-06 11:02:21,000 - INFO - EUNPYENG
2023-01-06 11:02:21,000 - INFO - EUNPYENG
2023-01-06 11:02:21,000 - INFO - EUNPYENG
2023-01-06 11:02:28,663 - INFO - EUNPYENG
2023-01-06 11:02:28,663 - INFO - EUNPYENG
2023-01-06 11:02:28,663 - INFO - EUNPYENG
2023-01-06 11:02:28,663 - INFO - EUNPYENG
2023-01-06 11:02:28,663 - INFO - EUNPYENG
2023-01-06 11:02:28,663 - INFO - EUNPYENG
2023-01-06 11:02:28,663 - INFO - EUNPYENG
2023-01-06 11:02:28,663 - INFO - EUNPYENG
2023-01-06 11:02:28,663 - INFO - EUNPYENG
2023-01-06 11:02:28,663 - INFO - EUNPYENG
2023-01-06 11:02:28,663 - INFO - EUNPYENG
2023-01-06 11:02:28,663 - INFO - EUNPYENG
2023-01-06 11:02:28,663 - INFO - EUNPYENG
2023-01-06 11:02:28,663 - INFO - EUNPYENG
2023-01-06 11:02:28,663 - INFO - EUNPYENG
2023-01-06 11:02:28,663 - INFO - EUNPYENG
2023-01-06 11:02:28,663 - INFO - EUNPYENG
2023-01-06 11:02:28,663 - INFO - EUNPYENG
2023-01-06 11:02:28,663 - INFO - EUNPYENG
2023-01-06 11:02:28,663 - INFO - EUNPYENG
2023-01-06 11:02:28,663 - INFO - EUNPYENG
2023-01-06 11:02:28,663 - INFO - EUNPYENG
2023-01-06 11:02:28,663 - INFO - EUNPYENG
2023-01-06 11:02:28,663 - INFO - EUNPYENG
2023-01-06 11:02:28,663 - INFO - EUNPYENG
2023-01-06 11:02:28,663 - INFO - EUNPYENG
2023-01-06 11:02:28,663 - INFO - EUNPYENG
2023-01-06 11:02:28,663 - INFO - EUNPYENG
2023-01-06 11:02:28,663 - INFO - EUNPYENG
2023-01-06 11:02:28,663 - INFO - EUNPYENG
2023-01-06 11:02:28,663 - INFO - EUNPYENG
2023-01-06 11:02:28,663 - INFO - EUNPYENG
2023-01-06 11:02:28,663 - INFO - EUNPYENG
2023-01-06 11:02:30,118 - INFO - GWANGZIN
2023-01-06 11:02:30,118 - INFO - GWANGZIN
2023-01-06 11:02:30,118 - INFO - GWANGZIN
2023-01-06 11:02:30,118 - INFO - GWANGZIN
2023-01-06 11:02:30,118 - INFO - GWANGZIN
2023-01-06 11:02:30,118 - INFO - GWANGZIN
2023-01-06 11:02:30,118 - INFO - GWANGZIN
2023-01-06 11:02:30,118 - INFO - GWANGZIN
2023-01-06 11:02:30,118 - INFO - GWANGZIN
2023-01-06 11:02:30,118 - INFO - GWANGZIN
2023-01-06 11:02:30,118 - INFO - GWANGZIN
2023-01-06 11:02:30,118 - INFO - GWANGZIN
2023-01-06 11:02:30,118 - INFO - GWANGZIN
2023-01-06 11:02:30,118 - INFO - GWANGZIN
2023-01-06 11:02:30,118 - INFO - GWANGZIN
2023-01-06 11:02:30,118 - INFO - GWANGZIN
2023-01-06 11:02:30,118 - INFO - GWANGZIN
2023-01-06 11:02:30,118 - INFO - GWANGZIN
2023-01-06 11:02:30,118 - INFO - GWANGZIN
2023-01-06 11:02:30,118 - INFO - GWANGZIN
2023-01-06 11:02:30,118 - INFO - GWANGZIN
2023-01-06 11:02:30,118 - INFO - GWANGZIN
2023-01-06 11:02:30,118 - INFO - GWANGZIN
2023-01-06 11:02:30,118 - INFO - GWANGZIN
2023-01-06 11:02:30,118 - INFO - GWANGZIN
2023-01-06 11:02:30,118 - INFO - GWANGZIN
2023-01-06 11:02:30,118 - INFO - GWANGZIN
2023-01-06 11:02:30,118 - INFO - GWANGZIN
2023-01-06 11:02:30,118 - INFO - GWANGZIN
2023-01-06 11:02:30,118 - INFO - GWANGZIN
2023-01-06 11:02:30,118 - INFO - GWANGZIN
2023-01-06 11:02:30,118 - INFO - GWANGZIN
2023-01-06 11:02:30,118 - INFO - GWANGZIN
2023-01-06 11:02:30,118 - INFO - GWANGZIN
2023-01-06 11:02:34,512 - INFO - GWANGZIN
2023-01-06 11:02:34,512 - INFO - GWANGZIN
2023-01-06 11:02:34,512 - INFO - GWANGZIN
2023-01-06 11:02:34,512 - INFO - GWANGZIN
2023-01-06 11:02:34,512 - INFO - GWANGZIN
2023-01-06 11:02:34,512 - INFO - GWANGZIN
2023-01-06 11:02:34,512 - INFO - GWANGZIN
2023-01-06 11:02:34,512 - INFO - GWANGZIN
2023-01-06 11:02:34,512 - INFO - GWANGZIN
2023-01-06 11:02:34,512 - INFO - GWANGZIN
2023-01-06 11:02:34,512 - INFO - GWANGZIN
2023-01-06 11:02:34,512 - INFO - GWANGZIN
2023-01-06 11:02:34,512 - INFO - GWANGZIN
2023-01-06 11:02:34,512 - INFO - GWANGZIN
2023-01-06 11:02:34,512 - INFO - GWANGZIN
2023-01-06 11:02:34,512 - INFO - GWANGZIN
2023-01-06 11:02:34,512 - INFO - GWANGZIN
2023-01-06 11:02:34,512 - INFO - GWANGZIN
2023-01-06 11:02:34,512 - INFO - GWANGZIN
2023-01-06 11:02:34,512 - INFO - GWANGZIN
2023-01-06 11:02:34,512 - INFO - GWANGZIN
2023-01-06 11:02:34,512 - INFO - GWANGZIN
2023-01-06 11:02:34,512 - INFO - GWANGZIN
2023-01-06 11:02:34,512 - INFO - GWANGZIN
2023-01-06 11:02:34,512 - INFO - GWANGZIN
2023-01-06 11:02:34,512 - INFO - GWANGZIN
2023-01-06 11:02:34,512 - INFO - GWANGZIN
2023-01-06 11:02:34,512 - INFO - GWANGZIN
2023-01-06 11:02:34,512 - INFO - GWANGZIN
2023-01-06 11:02:34,512 - INFO - GWANGZIN
2023-01-06 11:02:34,512 - INFO - GWANGZIN
2023-01-06 11:02:34,512 - INFO - GWANGZIN
2023-01-06 11:02:34,512 - INFO - GWANGZIN
2023-01-06 11:02:34,512 - INFO - GWANGZIN
2023-01-06 11:02:34,512 - INFO - GWANGZIN
2023-01-06 11:02:39,437 - INFO - JONGRO
2023-01-06 11:02:39,437 - INFO - JONGRO
2023-01-06 11:02:39,437 - INFO - JONGRO
2023-01-06 11:02:39,437 - INFO - JONGRO
2023-01-06 11:02:39,437 - INFO - JONGRO
2023-01-06 11:02:39,437 - INFO - JONGRO
2023-01-06 11:02:39,437 - INFO - JONGRO
2023-01-06 11:02:39,437 - INFO - JONGRO
2023-01-06 11:02:39,437 - INFO - JONGRO
2023-01-06 11:02:39,437 - INFO - JONGRO
2023-01-06 11:02:39,437 - INFO - JONGRO
2023-01-06 11:02:39,437 - INFO - JONGRO
2023-01-06 11:02:39,437 - INFO - JONGRO
2023-01-06 11:02:39,437 - INFO - JONGRO
2023-01-06 11:02:39,437 - INFO - JONGRO
2023-01-06 11:02:39,437 - INFO - JONGRO
2023-01-06 11:02:39,437 - INFO - JONGRO
2023-01-06 11:02:39,437 - INFO - JONGRO
2023-01-06 11:02:39,437 - INFO - JONGRO
2023-01-06 11:02:39,437 - INFO - JONGRO
2023-01-06 11:02:39,437 - INFO - JONGRO
2023-01-06 11:02:39,437 - INFO - JONGRO
2023-01-06 11:02:39,437 - INFO - JONGRO
2023-01-06 11:02:39,437 - INFO - JONGRO
2023-01-06 11:02:39,437 - INFO - JONGRO
2023-01-06 11:02:39,437 - INFO - JONGRO
2023-01-06 11:02:39,437 - INFO - JONGRO
2023-01-06 11:02:39,437 - INFO - JONGRO
2023-01-06 11:02:39,437 - INFO - JONGRO
2023-01-06 11:02:39,437 - INFO - JONGRO
2023-01-06 11:02:39,437 - INFO - JONGRO
2023-01-06 11:02:39,437 - INFO - JONGRO
2023-01-06 11:02:39,437 - INFO - JONGRO
2023-01-06 11:02:39,437 - INFO - JONGRO
2023-01-06 11:02:39,437 - INFO - JONGRO
2023-01-06 11:02:39,437 - INFO - JONGRO
2023-01-06 11:03:16,451 - INFO - JONGRO
2023-01-06 11:03:16,451 - INFO - JONGRO
2023-01-06 11:03:16,451 - INFO - JONGRO
2023-01-06 11:03:16,451 - INFO - JONGRO
2023-01-06 11:03:16,451 - INFO - JONGRO
2023-01-06 11:03:16,451 - INFO - JONGRO
2023-01-06 11:03:16,451 - INFO - JONGRO
2023-01-06 11:03:16,451 - INFO - JONGRO
2023-01-06 11:03:16,451 - INFO - JONGRO
2023-01-06 11:03:16,451 - INFO - JONGRO
2023-01-06 11:03:16,451 - INFO - JONGRO
2023-01-06 11:03:16,451 - INFO - JONGRO
2023-01-06 11:03:16,451 - INFO - JONGRO
2023-01-06 11:03:16,451 - INFO - JONGRO
2023-01-06 11:03:16,451 - INFO - JONGRO
2023-01-06 11:03:16,451 - INFO - JONGRO
2023-01-06 11:03:16,451 - INFO - JONGRO
2023-01-06 11:03:16,451 - INFO - JONGRO
2023-01-06 11:03:16,451 - INFO - JONGRO
2023-01-06 11:03:16,451 - INFO - JONGRO
2023-01-06 11:03:16,451 - INFO - JONGRO
2023-01-06 11:03:16,451 - INFO - JONGRO
2023-01-06 11:03:16,451 - INFO - JONGRO
2023-01-06 11:03:16,451 - INFO - JONGRO
2023-01-06 11:03:16,451 - INFO - JONGRO
2023-01-06 11:03:16,451 - INFO - JONGRO
2023-01-06 11:03:16,451 - INFO - JONGRO
2023-01-06 11:03:16,451 - INFO - JONGRO
2023-01-06 11:03:16,451 - INFO - JONGRO
2023-01-06 11:03:16,451 - INFO - JONGRO
2023-01-06 11:03:16,451 - INFO - JONGRO
2023-01-06 11:03:16,451 - INFO - JONGRO
2023-01-06 11:03:16,451 - INFO - JONGRO
2023-01-06 11:03:16,451 - INFO - JONGRO
2023-01-06 11:03:16,451 - INFO - JONGRO
2023-01-06 11:03:16,451 - INFO - JONGRO
2023-01-06 11:03:16,451 - INFO - JONGRO
2023-01-06 11:03:17,879 - INFO - JUNGGU
2023-01-06 11:03:17,879 - INFO - JUNGGU
2023-01-06 11:03:17,879 - INFO - JUNGGU
2023-01-06 11:03:17,879 - INFO - JUNGGU
2023-01-06 11:03:17,879 - INFO - JUNGGU
2023-01-06 11:03:17,879 - INFO - JUNGGU
2023-01-06 11:03:17,879 - INFO - JUNGGU
2023-01-06 11:03:17,879 - INFO - JUNGGU
2023-01-06 11:03:17,879 - INFO - JUNGGU
2023-01-06 11:03:17,879 - INFO - JUNGGU
2023-01-06 11:03:17,879 - INFO - JUNGGU
2023-01-06 11:03:17,879 - INFO - JUNGGU
2023-01-06 11:03:17,879 - INFO - JUNGGU
2023-01-06 11:03:17,879 - INFO - JUNGGU
2023-01-06 11:03:17,879 - INFO - JUNGGU
2023-01-06 11:03:17,879 - INFO - JUNGGU
2023-01-06 11:03:17,879 - INFO - JUNGGU
2023-01-06 11:03:17,879 - INFO - JUNGGU
2023-01-06 11:03:17,879 - INFO - JUNGGU
2023-01-06 11:03:17,879 - INFO - JUNGGU
2023-01-06 11:03:17,879 - INFO - JUNGGU
2023-01-06 11:03:17,879 - INFO - JUNGGU
2023-01-06 11:03:17,879 - INFO - JUNGGU
2023-01-06 11:03:17,879 - INFO - JUNGGU
2023-01-06 11:03:17,879 - INFO - JUNGGU
2023-01-06 11:03:17,879 - INFO - JUNGGU
2023-01-06 11:03:17,879 - INFO - JUNGGU
2023-01-06 11:03:17,879 - INFO - JUNGGU
2023-01-06 11:03:17,879 - INFO - JUNGGU
2023-01-06 11:03:17,879 - INFO - JUNGGU
2023-01-06 11:03:17,879 - INFO - JUNGGU
2023-01-06 11:03:17,879 - INFO - JUNGGU
2023-01-06 11:03:17,879 - INFO - JUNGGU
2023-01-06 11:03:17,879 - INFO - JUNGGU
2023-01-06 11:03:17,879 - INFO - JUNGGU
2023-01-06 11:03:17,879 - INFO - JUNGGU
2023-01-06 11:03:17,879 - INFO - JUNGGU
2023-01-06 11:03:17,879 - INFO - JUNGGU
2023-01-06 11:03:19,198 - INFO - JUNGGU
2023-01-06 11:03:19,198 - INFO - JUNGGU
2023-01-06 11:03:19,198 - INFO - JUNGGU
2023-01-06 11:03:19,198 - INFO - JUNGGU
2023-01-06 11:03:19,198 - INFO - JUNGGU
2023-01-06 11:03:19,198 - INFO - JUNGGU
2023-01-06 11:03:19,198 - INFO - JUNGGU
2023-01-06 11:03:19,198 - INFO - JUNGGU
2023-01-06 11:03:19,198 - INFO - JUNGGU
2023-01-06 11:03:19,198 - INFO - JUNGGU
2023-01-06 11:03:19,198 - INFO - JUNGGU
2023-01-06 11:03:19,198 - INFO - JUNGGU
2023-01-06 11:03:19,198 - INFO - JUNGGU
2023-01-06 11:03:19,198 - INFO - JUNGGU
2023-01-06 11:03:19,198 - INFO - JUNGGU
2023-01-06 11:03:19,198 - INFO - JUNGGU
2023-01-06 11:03:19,198 - INFO - JUNGGU
2023-01-06 11:03:19,198 - INFO - JUNGGU
2023-01-06 11:03:19,198 - INFO - JUNGGU
2023-01-06 11:03:19,198 - INFO - JUNGGU
2023-01-06 11:03:19,198 - INFO - JUNGGU
2023-01-06 11:03:19,198 - INFO - JUNGGU
2023-01-06 11:03:19,198 - INFO - JUNGGU
2023-01-06 11:03:19,198 - INFO - JUNGGU
2023-01-06 11:03:19,198 - INFO - JUNGGU
2023-01-06 11:03:19,198 - INFO - JUNGGU
2023-01-06 11:03:19,198 - INFO - JUNGGU
2023-01-06 11:03:19,198 - INFO - JUNGGU
2023-01-06 11:03:19,198 - INFO - JUNGGU
2023-01-06 11:03:19,198 - INFO - JUNGGU
2023-01-06 11:03:19,198 - INFO - JUNGGU
2023-01-06 11:03:19,198 - INFO - JUNGGU
2023-01-06 11:03:19,198 - INFO - JUNGGU
2023-01-06 11:03:19,198 - INFO - JUNGGU
2023-01-06 11:03:19,198 - INFO - JUNGGU
2023-01-06 11:03:19,198 - INFO - JUNGGU
2023-01-06 11:03:19,198 - INFO - JUNGGU
2023-01-06 11:03:19,198 - INFO - JUNGGU
2023-01-06 11:03:19,198 - INFO - JUNGGU
2023-01-06 11:03:31,667 - INFO - MAPO
2023-01-06 11:03:31,667 - INFO - MAPO
2023-01-06 11:03:31,667 - INFO - MAPO
2023-01-06 11:03:31,667 - INFO - MAPO
2023-01-06 11:03:31,667 - INFO - MAPO
2023-01-06 11:03:31,667 - INFO - MAPO
2023-01-06 11:03:31,667 - INFO - MAPO
2023-01-06 11:03:31,667 - INFO - MAPO
2023-01-06 11:03:31,667 - INFO - MAPO
2023-01-06 11:03:31,667 - INFO - MAPO
2023-01-06 11:03:31,667 - INFO - MAPO
2023-01-06 11:03:31,667 - INFO - MAPO
2023-01-06 11:03:31,667 - INFO - MAPO
2023-01-06 11:03:31,667 - INFO - MAPO
2023-01-06 11:03:31,667 - INFO - MAPO
2023-01-06 11:03:31,667 - INFO - MAPO
2023-01-06 11:03:31,667 - INFO - MAPO
2023-01-06 11:03:31,667 - INFO - MAPO
2023-01-06 11:03:31,667 - INFO - MAPO
2023-01-06 11:03:31,667 - INFO - MAPO
2023-01-06 11:03:31,667 - INFO - MAPO
2023-01-06 11:03:31,667 - INFO - MAPO
2023-01-06 11:03:31,667 - INFO - MAPO
2023-01-06 11:03:31,667 - INFO - MAPO
2023-01-06 11:03:31,667 - INFO - MAPO
2023-01-06 11:03:31,667 - INFO - MAPO
2023-01-06 11:03:31,667 - INFO - MAPO
2023-01-06 11:03:31,667 - INFO - MAPO
2023-01-06 11:03:31,667 - INFO - MAPO
2023-01-06 11:03:31,667 - INFO - MAPO
2023-01-06 11:03:31,667 - INFO - MAPO
2023-01-06 11:03:31,667 - INFO - MAPO
2023-01-06 11:03:31,667 - INFO - MAPO
2023-01-06 11:03:31,667 - INFO - MAPO
2023-01-06 11:03:31,667 - INFO - MAPO
2023-01-06 11:03:31,667 - INFO - MAPO
2023-01-06 11:03:31,667 - INFO - MAPO
2023-01-06 11:03:31,667 - INFO - MAPO
2023-01-06 11:03:31,667 - INFO - MAPO
2023-01-06 11:03:31,667 - INFO - MAPO
2023-01-06 11:03:39,200 - INFO - MAPO
2023-01-06 11:03:39,200 - INFO - MAPO
2023-01-06 11:03:39,200 - INFO - MAPO
2023-01-06 11:03:39,200 - INFO - MAPO
2023-01-06 11:03:39,200 - INFO - MAPO
2023-01-06 11:03:39,200 - INFO - MAPO
2023-01-06 11:03:39,200 - INFO - MAPO
2023-01-06 11:03:39,200 - INFO - MAPO
2023-01-06 11:03:39,200 - INFO - MAPO
2023-01-06 11:03:39,200 - INFO - MAPO
2023-01-06 11:03:39,200 - INFO - MAPO
2023-01-06 11:03:39,200 - INFO - MAPO
2023-01-06 11:03:39,200 - INFO - MAPO
2023-01-06 11:03:39,200 - INFO - MAPO
2023-01-06 11:03:39,200 - INFO - MAPO
2023-01-06 11:03:39,200 - INFO - MAPO
2023-01-06 11:03:39,200 - INFO - MAPO
2023-01-06 11:03:39,200 - INFO - MAPO
2023-01-06 11:03:39,200 - INFO - MAPO
2023-01-06 11:03:39,200 - INFO - MAPO
2023-01-06 11:03:39,200 - INFO - MAPO
2023-01-06 11:03:39,200 - INFO - MAPO
2023-01-06 11:03:39,200 - INFO - MAPO
2023-01-06 11:03:39,200 - INFO - MAPO
2023-01-06 11:03:39,200 - INFO - MAPO
2023-01-06 11:03:39,200 - INFO - MAPO
2023-01-06 11:03:39,200 - INFO - MAPO
2023-01-06 11:03:39,200 - INFO - MAPO
2023-01-06 11:03:39,200 - INFO - MAPO
2023-01-06 11:03:39,200 - INFO - MAPO
2023-01-06 11:03:39,200 - INFO - MAPO
2023-01-06 11:03:39,200 - INFO - MAPO
2023-01-06 11:03:39,200 - INFO - MAPO
2023-01-06 11:03:39,200 - INFO - MAPO
2023-01-06 11:03:39,200 - INFO - MAPO
2023-01-06 11:03:39,200 - INFO - MAPO
2023-01-06 11:03:39,200 - INFO - MAPO
2023-01-06 11:03:39,200 - INFO - MAPO
2023-01-06 11:03:39,200 - INFO - MAPO
2023-01-06 11:03:39,200 - INFO - MAPO
2023-01-06 11:03:39,200 - INFO - MAPO
2023-01-06 11:03:41,724 - INFO - MAPO
2023-01-06 11:03:41,724 - INFO - MAPO
2023-01-06 11:03:41,724 - INFO - MAPO
2023-01-06 11:03:41,724 - INFO - MAPO
2023-01-06 11:03:41,724 - INFO - MAPO
2023-01-06 11:03:41,724 - INFO - MAPO
2023-01-06 11:03:41,724 - INFO - MAPO
2023-01-06 11:03:41,724 - INFO - MAPO
2023-01-06 11:03:41,724 - INFO - MAPO
2023-01-06 11:03:41,724 - INFO - MAPO
2023-01-06 11:03:41,724 - INFO - MAPO
2023-01-06 11:03:41,724 - INFO - MAPO
2023-01-06 11:03:41,724 - INFO - MAPO
2023-01-06 11:03:41,724 - INFO - MAPO
2023-01-06 11:03:41,724 - INFO - MAPO
2023-01-06 11:03:41,724 - INFO - MAPO
2023-01-06 11:03:41,724 - INFO - MAPO
2023-01-06 11:03:41,724 - INFO - MAPO
2023-01-06 11:03:41,724 - INFO - MAPO
2023-01-06 11:03:41,724 - INFO - MAPO
2023-01-06 11:03:41,724 - INFO - MAPO
2023-01-06 11:03:41,724 - INFO - MAPO
2023-01-06 11:03:41,724 - INFO - MAPO
2023-01-06 11:03:41,724 - INFO - MAPO
2023-01-06 11:03:41,724 - INFO - MAPO
2023-01-06 11:03:41,724 - INFO - MAPO
2023-01-06 11:03:41,724 - INFO - MAPO
2023-01-06 11:03:41,724 - INFO - MAPO
2023-01-06 11:03:41,724 - INFO - MAPO
2023-01-06 11:03:41,724 - INFO - MAPO
2023-01-06 11:03:41,724 - INFO - MAPO
2023-01-06 11:03:41,724 - INFO - MAPO
2023-01-06 11:03:41,724 - INFO - MAPO
2023-01-06 11:03:41,724 - INFO - MAPO
2023-01-06 11:03:41,724 - INFO - MAPO
2023-01-06 11:03:41,724 - INFO - MAPO
2023-01-06 11:03:41,724 - INFO - MAPO
2023-01-06 11:03:41,724 - INFO - MAPO
2023-01-06 11:03:41,724 - INFO - MAPO
2023-01-06 11:03:41,724 - INFO - MAPO
2023-01-06 11:03:41,724 - INFO - MAPO
2023-01-06 11:03:41,724 - INFO - MAPO
2023-01-06 11:03:44,217 - INFO - MAPO
2023-01-06 11:03:44,217 - INFO - MAPO
2023-01-06 11:03:44,217 - INFO - MAPO
2023-01-06 11:03:44,217 - INFO - MAPO
2023-01-06 11:03:44,217 - INFO - MAPO
2023-01-06 11:03:44,217 - INFO - MAPO
2023-01-06 11:03:44,217 - INFO - MAPO
2023-01-06 11:03:44,217 - INFO - MAPO
2023-01-06 11:03:44,217 - INFO - MAPO
2023-01-06 11:03:44,217 - INFO - MAPO
2023-01-06 11:03:44,217 - INFO - MAPO
2023-01-06 11:03:44,217 - INFO - MAPO
2023-01-06 11:03:44,217 - INFO - MAPO
2023-01-06 11:03:44,217 - INFO - MAPO
2023-01-06 11:03:44,217 - INFO - MAPO
2023-01-06 11:03:44,217 - INFO - MAPO
2023-01-06 11:03:44,217 - INFO - MAPO
2023-01-06 11:03:44,217 - INFO - MAPO
2023-01-06 11:03:44,217 - INFO - MAPO
2023-01-06 11:03:44,217 - INFO - MAPO
2023-01-06 11:03:44,217 - INFO - MAPO
2023-01-06 11:03:44,217 - INFO - MAPO
2023-01-06 11:03:44,217 - INFO - MAPO
2023-01-06 11:03:44,217 - INFO - MAPO
2023-01-06 11:03:44,217 - INFO - MAPO
2023-01-06 11:03:44,217 - INFO - MAPO
2023-01-06 11:03:44,217 - INFO - MAPO
2023-01-06 11:03:44,217 - INFO - MAPO
2023-01-06 11:03:44,217 - INFO - MAPO
2023-01-06 11:03:44,217 - INFO - MAPO
2023-01-06 11:03:44,217 - INFO - MAPO
2023-01-06 11:03:44,217 - INFO - MAPO
2023-01-06 11:03:44,217 - INFO - MAPO
2023-01-06 11:03:44,217 - INFO - MAPO
2023-01-06 11:03:44,217 - INFO - MAPO
2023-01-06 11:03:44,217 - INFO - MAPO
2023-01-06 11:03:44,217 - INFO - MAPO
2023-01-06 11:03:44,217 - INFO - MAPO
2023-01-06 11:03:44,217 - INFO - MAPO
2023-01-06 11:03:44,217 - INFO - MAPO
2023-01-06 11:03:44,217 - INFO - MAPO
2023-01-06 11:03:44,217 - INFO - MAPO
2023-01-06 11:03:44,217 - INFO - MAPO
2023-01-06 11:03:46,836 - INFO - NOWON
2023-01-06 11:03:46,836 - INFO - NOWON
2023-01-06 11:03:46,836 - INFO - NOWON
2023-01-06 11:03:46,836 - INFO - NOWON
2023-01-06 11:03:46,836 - INFO - NOWON
2023-01-06 11:03:46,836 - INFO - NOWON
2023-01-06 11:03:46,836 - INFO - NOWON
2023-01-06 11:03:46,836 - INFO - NOWON
2023-01-06 11:03:46,836 - INFO - NOWON
2023-01-06 11:03:46,836 - INFO - NOWON
2023-01-06 11:03:46,836 - INFO - NOWON
2023-01-06 11:03:46,836 - INFO - NOWON
2023-01-06 11:03:46,836 - INFO - NOWON
2023-01-06 11:03:46,836 - INFO - NOWON
2023-01-06 11:03:46,836 - INFO - NOWON
2023-01-06 11:03:46,836 - INFO - NOWON
2023-01-06 11:03:46,836 - INFO - NOWON
2023-01-06 11:03:46,836 - INFO - NOWON
2023-01-06 11:03:46,836 - INFO - NOWON
2023-01-06 11:03:46,836 - INFO - NOWON
2023-01-06 11:03:46,836 - INFO - NOWON
2023-01-06 11:03:46,836 - INFO - NOWON
2023-01-06 11:03:46,836 - INFO - NOWON
2023-01-06 11:03:46,836 - INFO - NOWON
2023-01-06 11:03:46,836 - INFO - NOWON
2023-01-06 11:03:46,836 - INFO - NOWON
2023-01-06 11:03:46,836 - INFO - NOWON
2023-01-06 11:03:46,836 - INFO - NOWON
2023-01-06 11:03:46,836 - INFO - NOWON
2023-01-06 11:03:46,836 - INFO - NOWON
2023-01-06 11:03:46,836 - INFO - NOWON
2023-01-06 11:03:46,836 - INFO - NOWON
2023-01-06 11:03:46,836 - INFO - NOWON
2023-01-06 11:03:46,836 - INFO - NOWON
2023-01-06 11:03:46,836 - INFO - NOWON
2023-01-06 11:03:46,836 - INFO - NOWON
2023-01-06 11:03:46,836 - INFO - NOWON
2023-01-06 11:03:46,836 - INFO - NOWON
2023-01-06 11:03:46,836 - INFO - NOWON
2023-01-06 11:03:46,836 - INFO - NOWON
2023-01-06 11:03:46,836 - INFO - NOWON
2023-01-06 11:03:46,836 - INFO - NOWON
2023-01-06 11:03:46,836 - INFO - NOWON
2023-01-06 11:03:46,836 - INFO - NOWON
2023-01-06 11:03:57,978 - INFO - NOWON
2023-01-06 11:03:57,978 - INFO - NOWON
2023-01-06 11:03:57,978 - INFO - NOWON
2023-01-06 11:03:57,978 - INFO - NOWON
2023-01-06 11:03:57,978 - INFO - NOWON
2023-01-06 11:03:57,978 - INFO - NOWON
2023-01-06 11:03:57,978 - INFO - NOWON
2023-01-06 11:03:57,978 - INFO - NOWON
2023-01-06 11:03:57,978 - INFO - NOWON
2023-01-06 11:03:57,978 - INFO - NOWON
2023-01-06 11:03:57,978 - INFO - NOWON
2023-01-06 11:03:57,978 - INFO - NOWON
2023-01-06 11:03:57,978 - INFO - NOWON
2023-01-06 11:03:57,978 - INFO - NOWON
2023-01-06 11:03:57,978 - INFO - NOWON
2023-01-06 11:03:57,978 - INFO - NOWON
2023-01-06 11:03:57,978 - INFO - NOWON
2023-01-06 11:03:57,978 - INFO - NOWON
2023-01-06 11:03:57,978 - INFO - NOWON
2023-01-06 11:03:57,978 - INFO - NOWON
2023-01-06 11:03:57,978 - INFO - NOWON
2023-01-06 11:03:57,978 - INFO - NOWON
2023-01-06 11:03:57,978 - INFO - NOWON
2023-01-06 11:03:57,978 - INFO - NOWON
2023-01-06 11:03:57,978 - INFO - NOWON
2023-01-06 11:03:57,978 - INFO - NOWON
2023-01-06 11:03:57,978 - INFO - NOWON
2023-01-06 11:03:57,978 - INFO - NOWON
2023-01-06 11:03:57,978 - INFO - NOWON
2023-01-06 11:03:57,978 - INFO - NOWON
2023-01-06 11:03:57,978 - INFO - NOWON
2023-01-06 11:03:57,978 - INFO - NOWON
2023-01-06 11:03:57,978 - INFO - NOWON
2023-01-06 11:03:57,978 - INFO - NOWON
2023-01-06 11:03:57,978 - INFO - NOWON
2023-01-06 11:03:57,978 - INFO - NOWON
2023-01-06 11:03:57,978 - INFO - NOWON
2023-01-06 11:03:57,978 - INFO - NOWON
2023-01-06 11:03:57,978 - INFO - NOWON
2023-01-06 11:03:57,978 - INFO - NOWON
2023-01-06 11:03:57,978 - INFO - NOWON
2023-01-06 11:03:57,978 - INFO - NOWON
2023-01-06 11:03:57,978 - INFO - NOWON
2023-01-06 11:03:57,978 - INFO - NOWON
2023-01-06 11:03:57,978 - INFO - NOWON
2023-01-06 11:04:08,078 - INFO - SEOCHO
2023-01-06 11:04:08,078 - INFO - SEOCHO
2023-01-06 11:04:08,078 - INFO - SEOCHO
2023-01-06 11:04:08,078 - INFO - SEOCHO
2023-01-06 11:04:08,078 - INFO - SEOCHO
2023-01-06 11:04:08,078 - INFO - SEOCHO
2023-01-06 11:04:08,078 - INFO - SEOCHO
2023-01-06 11:04:08,078 - INFO - SEOCHO
2023-01-06 11:04:08,078 - INFO - SEOCHO
2023-01-06 11:04:08,078 - INFO - SEOCHO
2023-01-06 11:04:08,078 - INFO - SEOCHO
2023-01-06 11:04:08,078 - INFO - SEOCHO
2023-01-06 11:04:08,078 - INFO - SEOCHO
2023-01-06 11:04:08,078 - INFO - SEOCHO
2023-01-06 11:04:08,078 - INFO - SEOCHO
2023-01-06 11:04:08,078 - INFO - SEOCHO
2023-01-06 11:04:08,078 - INFO - SEOCHO
2023-01-06 11:04:08,078 - INFO - SEOCHO
2023-01-06 11:04:08,078 - INFO - SEOCHO
2023-01-06 11:04:08,078 - INFO - SEOCHO
2023-01-06 11:04:08,078 - INFO - SEOCHO
2023-01-06 11:04:08,078 - INFO - SEOCHO
2023-01-06 11:04:08,078 - INFO - SEOCHO
2023-01-06 11:04:08,078 - INFO - SEOCHO
2023-01-06 11:04:08,078 - INFO - SEOCHO
2023-01-06 11:04:08,078 - INFO - SEOCHO
2023-01-06 11:04:08,078 - INFO - SEOCHO
2023-01-06 11:04:08,078 - INFO - SEOCHO
2023-01-06 11:04:08,078 - INFO - SEOCHO
2023-01-06 11:04:08,078 - INFO - SEOCHO
2023-01-06 11:04:08,078 - INFO - SEOCHO
2023-01-06 11:04:08,078 - INFO - SEOCHO
2023-01-06 11:04:08,078 - INFO - SEOCHO
2023-01-06 11:04:08,078 - INFO - SEOCHO
2023-01-06 11:04:08,078 - INFO - SEOCHO
2023-01-06 11:04:08,078 - INFO - SEOCHO
2023-01-06 11:04:08,078 - INFO - SEOCHO
2023-01-06 11:04:08,078 - INFO - SEOCHO
2023-01-06 11:04:08,078 - INFO - SEOCHO
2023-01-06 11:04:08,078 - INFO - SEOCHO
2023-01-06 11:04:08,078 - INFO - SEOCHO
2023-01-06 11:04:08,078 - INFO - SEOCHO
2023-01-06 11:04:08,078 - INFO - SEOCHO
2023-01-06 11:04:08,078 - INFO - SEOCHO
2023-01-06 11:04:08,078 - INFO - SEOCHO
2023-01-06 11:04:08,078 - INFO - SEOCHO
2023-01-06 11:04:29,488 - INFO - SEOCHO
2023-01-06 11:04:31,286 - INFO - SEOCHO
2023-01-06 11:04:31,286 - INFO - SEOCHO
2023-01-06 11:04:33,046 - INFO - SEOCHO
2023-01-06 11:04:33,046 - INFO - SEOCHO
2023-01-06 11:04:33,046 - INFO - SEOCHO
2023-01-06 11:04:35,032 - INFO - SEOCHO
2023-01-06 11:04:35,032 - INFO - SEOCHO
2023-01-06 11:04:35,032 - INFO - SEOCHO
2023-01-06 11:04:35,032 - INFO - SEOCHO
2023-01-06 11:04:38,748 - INFO - SEONGBUK
2023-01-06 11:04:38,748 - INFO - SEONGBUK
2023-01-06 11:04:38,748 - INFO - SEONGBUK
2023-01-06 11:04:38,748 - INFO - SEONGBUK
2023-01-06 11:04:38,748 - INFO - SEONGBUK
2023-01-06 11:04:47,580 - INFO - SONGPA
2023-01-06 11:04:47,580 - INFO - SONGPA
2023-01-06 11:04:47,580 - INFO - SONGPA
2023-01-06 11:04:47,580 - INFO - SONGPA
2023-01-06 11:04:47,580 - INFO - SONGPA
2023-01-06 11:04:47,580 - INFO - SONGPA
2023-01-06 11:04:50,064 - INFO - SONGPA
2023-01-06 11:04:50,064 - INFO - SONGPA
2023-01-06 11:04:50,064 - INFO - SONGPA
2023-01-06 11:04:50,064 - INFO - SONGPA
2023-01-06 11:04:50,064 - INFO - SONGPA
2023-01-06 11:04:50,064 - INFO - SONGPA
2023-01-06 11:04:50,064 - INFO - SONGPA
2023-01-06 11:04:52,596 - INFO - SONGPA
2023-01-06 11:04:52,596 - INFO - SONGPA
2023-01-06 11:04:52,596 - INFO - SONGPA
2023-01-06 11:04:52,596 - INFO - SONGPA
2023-01-06 11:04:52,596 - INFO - SONGPA
2023-01-06 11:04:52,596 - INFO - SONGPA
2023-01-06 11:04:52,596 - INFO - SONGPA
2023-01-06 11:04:52,596 - INFO - SONGPA
2023-01-06 11:04:54,054 - INFO - YANGCHEON
2023-01-06 11:04:54,054 - INFO - YANGCHEON
2023-01-06 11:04:54,054 - INFO - YANGCHEON
2023-01-06 11:04:54,054 - INFO - YANGCHEON
2023-01-06 11:04:54,054 - INFO - YANGCHEON
2023-01-06 11:04:54,054 - INFO - YANGCHEON
2023-01-06 11:04:54,054 - INFO - YANGCHEON
2023-01-06 11:04:54,054 - INFO - YANGCHEON
2023-01-06 11:04:54,054 - INFO - YANGCHEON
2023-01-06 11:05:12,219 - INFO - YANGCHEON
2023-01-06 11:05:12,219 - INFO - YANGCHEON
2023-01-06 11:05:12,219 - INFO - YANGCHEON
2023-01-06 11:05:12,219 - INFO - YANGCHEON
2023-01-06 11:05:12,219 - INFO - YANGCHEON
2023-01-06 11:05:12,219 - INFO - YANGCHEON
2023-01-06 11:05:12,219 - INFO - YANGCHEON
2023-01-06 11:05:12,219 - INFO - YANGCHEON
2023-01-06 11:05:12,219 - INFO - YANGCHEON
2023-01-06 11:05:12,219 - INFO - YANGCHEON
2023-01-06 11:05:13,911 - INFO - YEONGDEUNGPO
2023-01-06 11:05:13,911 - INFO - YEONGDEUNGPO
2023-01-06 11:05:13,911 - INFO - YEONGDEUNGPO
2023-01-06 11:05:13,911 - INFO - YEONGDEUNGPO
2023-01-06 11:05:13,911 - INFO - YEONGDEUNGPO
2023-01-06 11:05:13,911 - INFO - YEONGDEUNGPO
2023-01-06 11:05:13,911 - INFO - YEONGDEUNGPO
2023-01-06 11:05:13,911 - INFO - YEONGDEUNGPO
2023-01-06 11:05:13,911 - INFO - YEONGDEUNGPO
2023-01-06 11:05:13,911 - INFO - YEONGDEUNGPO
2023-01-06 11:05:13,911 - INFO - YEONGDEUNGPO
2023-01-06 11:05:15,677 - INFO - YEONGDEUNGPO
2023-01-06 11:05:15,677 - INFO - YEONGDEUNGPO
2023-01-06 11:05:15,677 - INFO - YEONGDEUNGPO
2023-01-06 11:05:15,677 - INFO - YEONGDEUNGPO
2023-01-06 11:05:15,677 - INFO - YEONGDEUNGPO
2023-01-06 11:05:15,677 - INFO - YEONGDEUNGPO
2023-01-06 11:05:15,677 - INFO - YEONGDEUNGPO
2023-01-06 11:05:15,677 - INFO - YEONGDEUNGPO
2023-01-06 11:05:15,677 - INFO - YEONGDEUNGPO
2023-01-06 11:05:15,677 - INFO - YEONGDEUNGPO
2023-01-06 11:05:15,677 - INFO - YEONGDEUNGPO
2023-01-06 11:05:15,677 - INFO - YEONGDEUNGPO
2023-01-06 11:05:21,563 - INFO - SEOUL
2023-01-06 11:05:21,563 - INFO - SEOUL
2023-01-06 11:05:21,563 - INFO - SEOUL
2023-01-06 11:05:21,563 - INFO - SEOUL
2023-01-06 11:05:21,563 - INFO - SEOUL
2023-01-06 11:05:21,563 - INFO - SEOUL
2023-01-06 11:05:21,563 - INFO - SEOUL
2023-01-06 11:05:21,563 - INFO - SEOUL
2023-01-06 11:05:21,563 - INFO - SEOUL
2023-01-06 11:05:21,563 - INFO - SEOUL
2023-01-06 11:05:21,563 - INFO - SEOUL
2023-01-06 11:05:21,563 - INFO - SEOUL
2023-01-06 11:05:21,563 - INFO - SEOUL
2023-01-06 11:05:23,840 - INFO - SEOUL
2023-01-06 11:05:23,840 - INFO - SEOUL
2023-01-06 11:05:23,840 - INFO - SEOUL
2023-01-06 11:05:23,840 - INFO - SEOUL
2023-01-06 11:05:23,840 - INFO - SEOUL
2023-01-06 11:05:23,840 - INFO - SEOUL
2023-01-06 11:05:23,840 - INFO - SEOUL
2023-01-06 11:05:23,840 - INFO - SEOUL
2023-01-06 11:05:23,840 - INFO - SEOUL
2023-01-06 11:05:23,840 - INFO - SEOUL
2023-01-06 11:05:23,840 - INFO - SEOUL
2023-01-06 11:05:23,840 - INFO - SEOUL
2023-01-06 11:05:23,840 - INFO - SEOUL
2023-01-06 11:05:23,840 - INFO - SEOUL
2023-01-06 11:05:37,215 - INFO - SEOUL
2023-01-06 11:05:37,215 - INFO - SEOUL
2023-01-06 11:05:37,215 - INFO - SEOUL
2023-01-06 11:05:37,215 - INFO - SEOUL
2023-01-06 11:05:37,215 - INFO - SEOUL
2023-01-06 11:05:37,215 - INFO - SEOUL
2023-01-06 11:05:37,215 - INFO - SEOUL
2023-01-06 11:05:37,215 - INFO - SEOUL
2023-01-06 11:05:37,215 - INFO - SEOUL
2023-01-06 11:05:37,215 - INFO - SEOUL
2023-01-06 11:05:37,215 - INFO - SEOUL
2023-01-06 11:05:37,215 - INFO - SEOUL
2023-01-06 11:05:37,215 - INFO - SEOUL
2023-01-06 11:05:37,215 - INFO - SEOUL
2023-01-06 11:05:37,215 - INFO - SEOUL
2023-01-06 11:05:39,955 - INFO - SEOUL
2023-01-06 11:05:39,955 - INFO - SEOUL
2023-01-06 11:05:39,955 - INFO - SEOUL
2023-01-06 11:05:39,955 - INFO - SEOUL
2023-01-06 11:05:39,955 - INFO - SEOUL
2023-01-06 11:05:39,955 - INFO - SEOUL
2023-01-06 11:05:39,955 - INFO - SEOUL
2023-01-06 11:05:39,955 - INFO - SEOUL
2023-01-06 11:05:39,955 - INFO - SEOUL
2023-01-06 11:05:39,955 - INFO - SEOUL
2023-01-06 11:05:39,955 - INFO - SEOUL
2023-01-06 11:05:39,955 - INFO - SEOUL
2023-01-06 11:05:39,955 - INFO - SEOUL
2023-01-06 11:05:39,955 - INFO - SEOUL
2023-01-06 11:05:39,955 - INFO - SEOUL
2023-01-06 11:05:39,955 - INFO - SEOUL
2023-01-06 11:05:40,419 - WARNING - Failed to parse headers (url=https://www.sscmc.or.kr:443/info/notice/list.asp?db=BBS_notice&pageno=1&startpage=1&where=&keyfield=&keyword=&catekkk=): [MissingHeaderBodySeparatorDefect()], unparsed data: 'Server : Wow 3.8\r\nDate: Fri, 06 Jan 2023 02:05:40 GMT\r\nContent-Type: text/html\r\nContent-Length: 39677\r\nConnection: keep-alive\r\nCache-Control: private\r\nSet-Cookie: ASPSESSIONIDCQDCQQQD=PJAAHFLDIIHEGMEMIHJCGILE; path=/\r\nX-Frame-Options: SAMEORIGIN\r\n\r\n'
Traceback (most recent call last):
  File "/Users/yeon/Library/Python/3.9/lib/python/site-packages/urllib3/connectionpool.py", line 469, in _make_request
    assert_header_parsing(httplib_response.msg)
  File "/Users/yeon/Library/Python/3.9/lib/python/site-packages/urllib3/util/response.py", line 91, in assert_header_parsing
    raise HeaderParsingError(defects=defects, unparsed_data=unparsed_data)
urllib3.exceptions.HeaderParsingError: [MissingHeaderBodySeparatorDefect()], unparsed data: 'Server : Wow 3.8\r\nDate: Fri, 06 Jan 2023 02:05:40 GMT\r\nContent-Type: text/html\r\nContent-Length: 39677\r\nConnection: keep-alive\r\nCache-Control: private\r\nSet-Cookie: ASPSESSIONIDCQDCQQQD=PJAAHFLDIIHEGMEMIHJCGILE; path=/\r\nX-Frame-Options: SAMEORIGIN\r\n\r\n'
2023-01-06 11:05:40,419 - WARNING - Failed to parse headers (url=https://www.sscmc.or.kr:443/info/notice/list.asp?db=BBS_notice&pageno=1&startpage=1&where=&keyfield=&keyword=&catekkk=): [MissingHeaderBodySeparatorDefect()], unparsed data: 'Server : Wow 3.8\r\nDate: Fri, 06 Jan 2023 02:05:40 GMT\r\nContent-Type: text/html\r\nContent-Length: 39677\r\nConnection: keep-alive\r\nCache-Control: private\r\nSet-Cookie: ASPSESSIONIDCQDCQQQD=PJAAHFLDIIHEGMEMIHJCGILE; path=/\r\nX-Frame-Options: SAMEORIGIN\r\n\r\n'
Traceback (most recent call last):
  File "/Users/yeon/Library/Python/3.9/lib/python/site-packages/urllib3/connectionpool.py", line 469, in _make_request
    assert_header_parsing(httplib_response.msg)
  File "/Users/yeon/Library/Python/3.9/lib/python/site-packages/urllib3/util/response.py", line 91, in assert_header_parsing
    raise HeaderParsingError(defects=defects, unparsed_data=unparsed_data)
urllib3.exceptions.HeaderParsingError: [MissingHeaderBodySeparatorDefect()], unparsed data: 'Server : Wow 3.8\r\nDate: Fri, 06 Jan 2023 02:05:40 GMT\r\nContent-Type: text/html\r\nContent-Length: 39677\r\nConnection: keep-alive\r\nCache-Control: private\r\nSet-Cookie: ASPSESSIONIDCQDCQQQD=PJAAHFLDIIHEGMEMIHJCGILE; path=/\r\nX-Frame-Options: SAMEORIGIN\r\n\r\n'
2023-01-06 11:05:40,419 - WARNING - Failed to parse headers (url=https://www.sscmc.or.kr:443/info/notice/list.asp?db=BBS_notice&pageno=1&startpage=1&where=&keyfield=&keyword=&catekkk=): [MissingHeaderBodySeparatorDefect()], unparsed data: 'Server : Wow 3.8\r\nDate: Fri, 06 Jan 2023 02:05:40 GMT\r\nContent-Type: text/html\r\nContent-Length: 39677\r\nConnection: keep-alive\r\nCache-Control: private\r\nSet-Cookie: ASPSESSIONIDCQDCQQQD=PJAAHFLDIIHEGMEMIHJCGILE; path=/\r\nX-Frame-Options: SAMEORIGIN\r\n\r\n'
Traceback (most recent call last):
  File "/Users/yeon/Library/Python/3.9/lib/python/site-packages/urllib3/connectionpool.py", line 469, in _make_request
    assert_header_parsing(httplib_response.msg)
  File "/Users/yeon/Library/Python/3.9/lib/python/site-packages/urllib3/util/response.py", line 91, in assert_header_parsing
    raise HeaderParsingError(defects=defects, unparsed_data=unparsed_data)
urllib3.exceptions.HeaderParsingError: [MissingHeaderBodySeparatorDefect()], unparsed data: 'Server : Wow 3.8\r\nDate: Fri, 06 Jan 2023 02:05:40 GMT\r\nContent-Type: text/html\r\nContent-Length: 39677\r\nConnection: keep-alive\r\nCache-Control: private\r\nSet-Cookie: ASPSESSIONIDCQDCQQQD=PJAAHFLDIIHEGMEMIHJCGILE; path=/\r\nX-Frame-Options: SAMEORIGIN\r\n\r\n'
2023-01-06 11:05:40,419 - WARNING - Failed to parse headers (url=https://www.sscmc.or.kr:443/info/notice/list.asp?db=BBS_notice&pageno=1&startpage=1&where=&keyfield=&keyword=&catekkk=): [MissingHeaderBodySeparatorDefect()], unparsed data: 'Server : Wow 3.8\r\nDate: Fri, 06 Jan 2023 02:05:40 GMT\r\nContent-Type: text/html\r\nContent-Length: 39677\r\nConnection: keep-alive\r\nCache-Control: private\r\nSet-Cookie: ASPSESSIONIDCQDCQQQD=PJAAHFLDIIHEGMEMIHJCGILE; path=/\r\nX-Frame-Options: SAMEORIGIN\r\n\r\n'
Traceback (most recent call last):
  File "/Users/yeon/Library/Python/3.9/lib/python/site-packages/urllib3/connectionpool.py", line 469, in _make_request
    assert_header_parsing(httplib_response.msg)
  File "/Users/yeon/Library/Python/3.9/lib/python/site-packages/urllib3/util/response.py", line 91, in assert_header_parsing
    raise HeaderParsingError(defects=defects, unparsed_data=unparsed_data)
urllib3.exceptions.HeaderParsingError: [MissingHeaderBodySeparatorDefect()], unparsed data: 'Server : Wow 3.8\r\nDate: Fri, 06 Jan 2023 02:05:40 GMT\r\nContent-Type: text/html\r\nContent-Length: 39677\r\nConnection: keep-alive\r\nCache-Control: private\r\nSet-Cookie: ASPSESSIONIDCQDCQQQD=PJAAHFLDIIHEGMEMIHJCGILE; path=/\r\nX-Frame-Options: SAMEORIGIN\r\n\r\n'
2023-01-06 11:05:40,419 - WARNING - Failed to parse headers (url=https://www.sscmc.or.kr:443/info/notice/list.asp?db=BBS_notice&pageno=1&startpage=1&where=&keyfield=&keyword=&catekkk=): [MissingHeaderBodySeparatorDefect()], unparsed data: 'Server : Wow 3.8\r\nDate: Fri, 06 Jan 2023 02:05:40 GMT\r\nContent-Type: text/html\r\nContent-Length: 39677\r\nConnection: keep-alive\r\nCache-Control: private\r\nSet-Cookie: ASPSESSIONIDCQDCQQQD=PJAAHFLDIIHEGMEMIHJCGILE; path=/\r\nX-Frame-Options: SAMEORIGIN\r\n\r\n'
Traceback (most recent call last):
  File "/Users/yeon/Library/Python/3.9/lib/python/site-packages/urllib3/connectionpool.py", line 469, in _make_request
    assert_header_parsing(httplib_response.msg)
  File "/Users/yeon/Library/Python/3.9/lib/python/site-packages/urllib3/util/response.py", line 91, in assert_header_parsing
    raise HeaderParsingError(defects=defects, unparsed_data=unparsed_data)
urllib3.exceptions.HeaderParsingError: [MissingHeaderBodySeparatorDefect()], unparsed data: 'Server : Wow 3.8\r\nDate: Fri, 06 Jan 2023 02:05:40 GMT\r\nContent-Type: text/html\r\nContent-Length: 39677\r\nConnection: keep-alive\r\nCache-Control: private\r\nSet-Cookie: ASPSESSIONIDCQDCQQQD=PJAAHFLDIIHEGMEMIHJCGILE; path=/\r\nX-Frame-Options: SAMEORIGIN\r\n\r\n'
2023-01-06 11:05:40,419 - WARNING - Failed to parse headers (url=https://www.sscmc.or.kr:443/info/notice/list.asp?db=BBS_notice&pageno=1&startpage=1&where=&keyfield=&keyword=&catekkk=): [MissingHeaderBodySeparatorDefect()], unparsed data: 'Server : Wow 3.8\r\nDate: Fri, 06 Jan 2023 02:05:40 GMT\r\nContent-Type: text/html\r\nContent-Length: 39677\r\nConnection: keep-alive\r\nCache-Control: private\r\nSet-Cookie: ASPSESSIONIDCQDCQQQD=PJAAHFLDIIHEGMEMIHJCGILE; path=/\r\nX-Frame-Options: SAMEORIGIN\r\n\r\n'
Traceback (most recent call last):
  File "/Users/yeon/Library/Python/3.9/lib/python/site-packages/urllib3/connectionpool.py", line 469, in _make_request
    assert_header_parsing(httplib_response.msg)
  File "/Users/yeon/Library/Python/3.9/lib/python/site-packages/urllib3/util/response.py", line 91, in assert_header_parsing
    raise HeaderParsingError(defects=defects, unparsed_data=unparsed_data)
urllib3.exceptions.HeaderParsingError: [MissingHeaderBodySeparatorDefect()], unparsed data: 'Server : Wow 3.8\r\nDate: Fri, 06 Jan 2023 02:05:40 GMT\r\nContent-Type: text/html\r\nContent-Length: 39677\r\nConnection: keep-alive\r\nCache-Control: private\r\nSet-Cookie: ASPSESSIONIDCQDCQQQD=PJAAHFLDIIHEGMEMIHJCGILE; path=/\r\nX-Frame-Options: SAMEORIGIN\r\n\r\n'
2023-01-06 11:05:40,419 - WARNING - Failed to parse headers (url=https://www.sscmc.or.kr:443/info/notice/list.asp?db=BBS_notice&pageno=1&startpage=1&where=&keyfield=&keyword=&catekkk=): [MissingHeaderBodySeparatorDefect()], unparsed data: 'Server : Wow 3.8\r\nDate: Fri, 06 Jan 2023 02:05:40 GMT\r\nContent-Type: text/html\r\nContent-Length: 39677\r\nConnection: keep-alive\r\nCache-Control: private\r\nSet-Cookie: ASPSESSIONIDCQDCQQQD=PJAAHFLDIIHEGMEMIHJCGILE; path=/\r\nX-Frame-Options: SAMEORIGIN\r\n\r\n'
Traceback (most recent call last):
  File "/Users/yeon/Library/Python/3.9/lib/python/site-packages/urllib3/connectionpool.py", line 469, in _make_request
    assert_header_parsing(httplib_response.msg)
  File "/Users/yeon/Library/Python/3.9/lib/python/site-packages/urllib3/util/response.py", line 91, in assert_header_parsing
    raise HeaderParsingError(defects=defects, unparsed_data=unparsed_data)
urllib3.exceptions.HeaderParsingError: [MissingHeaderBodySeparatorDefect()], unparsed data: 'Server : Wow 3.8\r\nDate: Fri, 06 Jan 2023 02:05:40 GMT\r\nContent-Type: text/html\r\nContent-Length: 39677\r\nConnection: keep-alive\r\nCache-Control: private\r\nSet-Cookie: ASPSESSIONIDCQDCQQQD=PJAAHFLDIIHEGMEMIHJCGILE; path=/\r\nX-Frame-Options: SAMEORIGIN\r\n\r\n'
2023-01-06 11:05:40,419 - WARNING - Failed to parse headers (url=https://www.sscmc.or.kr:443/info/notice/list.asp?db=BBS_notice&pageno=1&startpage=1&where=&keyfield=&keyword=&catekkk=): [MissingHeaderBodySeparatorDefect()], unparsed data: 'Server : Wow 3.8\r\nDate: Fri, 06 Jan 2023 02:05:40 GMT\r\nContent-Type: text/html\r\nContent-Length: 39677\r\nConnection: keep-alive\r\nCache-Control: private\r\nSet-Cookie: ASPSESSIONIDCQDCQQQD=PJAAHFLDIIHEGMEMIHJCGILE; path=/\r\nX-Frame-Options: SAMEORIGIN\r\n\r\n'
Traceback (most recent call last):
  File "/Users/yeon/Library/Python/3.9/lib/python/site-packages/urllib3/connectionpool.py", line 469, in _make_request
    assert_header_parsing(httplib_response.msg)
  File "/Users/yeon/Library/Python/3.9/lib/python/site-packages/urllib3/util/response.py", line 91, in assert_header_parsing
    raise HeaderParsingError(defects=defects, unparsed_data=unparsed_data)
urllib3.exceptions.HeaderParsingError: [MissingHeaderBodySeparatorDefect()], unparsed data: 'Server : Wow 3.8\r\nDate: Fri, 06 Jan 2023 02:05:40 GMT\r\nContent-Type: text/html\r\nContent-Length: 39677\r\nConnection: keep-alive\r\nCache-Control: private\r\nSet-Cookie: ASPSESSIONIDCQDCQQQD=PJAAHFLDIIHEGMEMIHJCGILE; path=/\r\nX-Frame-Options: SAMEORIGIN\r\n\r\n'
2023-01-06 11:05:40,419 - WARNING - Failed to parse headers (url=https://www.sscmc.or.kr:443/info/notice/list.asp?db=BBS_notice&pageno=1&startpage=1&where=&keyfield=&keyword=&catekkk=): [MissingHeaderBodySeparatorDefect()], unparsed data: 'Server : Wow 3.8\r\nDate: Fri, 06 Jan 2023 02:05:40 GMT\r\nContent-Type: text/html\r\nContent-Length: 39677\r\nConnection: keep-alive\r\nCache-Control: private\r\nSet-Cookie: ASPSESSIONIDCQDCQQQD=PJAAHFLDIIHEGMEMIHJCGILE; path=/\r\nX-Frame-Options: SAMEORIGIN\r\n\r\n'
Traceback (most recent call last):
  File "/Users/yeon/Library/Python/3.9/lib/python/site-packages/urllib3/connectionpool.py", line 469, in _make_request
    assert_header_parsing(httplib_response.msg)
  File "/Users/yeon/Library/Python/3.9/lib/python/site-packages/urllib3/util/response.py", line 91, in assert_header_parsing
    raise HeaderParsingError(defects=defects, unparsed_data=unparsed_data)
urllib3.exceptions.HeaderParsingError: [MissingHeaderBodySeparatorDefect()], unparsed data: 'Server : Wow 3.8\r\nDate: Fri, 06 Jan 2023 02:05:40 GMT\r\nContent-Type: text/html\r\nContent-Length: 39677\r\nConnection: keep-alive\r\nCache-Control: private\r\nSet-Cookie: ASPSESSIONIDCQDCQQQD=PJAAHFLDIIHEGMEMIHJCGILE; path=/\r\nX-Frame-Options: SAMEORIGIN\r\n\r\n'
2023-01-06 11:05:40,419 - WARNING - Failed to parse headers (url=https://www.sscmc.or.kr:443/info/notice/list.asp?db=BBS_notice&pageno=1&startpage=1&where=&keyfield=&keyword=&catekkk=): [MissingHeaderBodySeparatorDefect()], unparsed data: 'Server : Wow 3.8\r\nDate: Fri, 06 Jan 2023 02:05:40 GMT\r\nContent-Type: text/html\r\nContent-Length: 39677\r\nConnection: keep-alive\r\nCache-Control: private\r\nSet-Cookie: ASPSESSIONIDCQDCQQQD=PJAAHFLDIIHEGMEMIHJCGILE; path=/\r\nX-Frame-Options: SAMEORIGIN\r\n\r\n'
Traceback (most recent call last):
  File "/Users/yeon/Library/Python/3.9/lib/python/site-packages/urllib3/connectionpool.py", line 469, in _make_request
    assert_header_parsing(httplib_response.msg)
  File "/Users/yeon/Library/Python/3.9/lib/python/site-packages/urllib3/util/response.py", line 91, in assert_header_parsing
    raise HeaderParsingError(defects=defects, unparsed_data=unparsed_data)
urllib3.exceptions.HeaderParsingError: [MissingHeaderBodySeparatorDefect()], unparsed data: 'Server : Wow 3.8\r\nDate: Fri, 06 Jan 2023 02:05:40 GMT\r\nContent-Type: text/html\r\nContent-Length: 39677\r\nConnection: keep-alive\r\nCache-Control: private\r\nSet-Cookie: ASPSESSIONIDCQDCQQQD=PJAAHFLDIIHEGMEMIHJCGILE; path=/\r\nX-Frame-Options: SAMEORIGIN\r\n\r\n'
2023-01-06 11:05:40,419 - WARNING - Failed to parse headers (url=https://www.sscmc.or.kr:443/info/notice/list.asp?db=BBS_notice&pageno=1&startpage=1&where=&keyfield=&keyword=&catekkk=): [MissingHeaderBodySeparatorDefect()], unparsed data: 'Server : Wow 3.8\r\nDate: Fri, 06 Jan 2023 02:05:40 GMT\r\nContent-Type: text/html\r\nContent-Length: 39677\r\nConnection: keep-alive\r\nCache-Control: private\r\nSet-Cookie: ASPSESSIONIDCQDCQQQD=PJAAHFLDIIHEGMEMIHJCGILE; path=/\r\nX-Frame-Options: SAMEORIGIN\r\n\r\n'
Traceback (most recent call last):
  File "/Users/yeon/Library/Python/3.9/lib/python/site-packages/urllib3/connectionpool.py", line 469, in _make_request
    assert_header_parsing(httplib_response.msg)
  File "/Users/yeon/Library/Python/3.9/lib/python/site-packages/urllib3/util/response.py", line 91, in assert_header_parsing
    raise HeaderParsingError(defects=defects, unparsed_data=unparsed_data)
urllib3.exceptions.HeaderParsingError: [MissingHeaderBodySeparatorDefect()], unparsed data: 'Server : Wow 3.8\r\nDate: Fri, 06 Jan 2023 02:05:40 GMT\r\nContent-Type: text/html\r\nContent-Length: 39677\r\nConnection: keep-alive\r\nCache-Control: private\r\nSet-Cookie: ASPSESSIONIDCQDCQQQD=PJAAHFLDIIHEGMEMIHJCGILE; path=/\r\nX-Frame-Options: SAMEORIGIN\r\n\r\n'
2023-01-06 11:05:40,419 - WARNING - Failed to parse headers (url=https://www.sscmc.or.kr:443/info/notice/list.asp?db=BBS_notice&pageno=1&startpage=1&where=&keyfield=&keyword=&catekkk=): [MissingHeaderBodySeparatorDefect()], unparsed data: 'Server : Wow 3.8\r\nDate: Fri, 06 Jan 2023 02:05:40 GMT\r\nContent-Type: text/html\r\nContent-Length: 39677\r\nConnection: keep-alive\r\nCache-Control: private\r\nSet-Cookie: ASPSESSIONIDCQDCQQQD=PJAAHFLDIIHEGMEMIHJCGILE; path=/\r\nX-Frame-Options: SAMEORIGIN\r\n\r\n'
Traceback (most recent call last):
  File "/Users/yeon/Library/Python/3.9/lib/python/site-packages/urllib3/connectionpool.py", line 469, in _make_request
    assert_header_parsing(httplib_response.msg)
  File "/Users/yeon/Library/Python/3.9/lib/python/site-packages/urllib3/util/response.py", line 91, in assert_header_parsing
    raise HeaderParsingError(defects=defects, unparsed_data=unparsed_data)
urllib3.exceptions.HeaderParsingError: [MissingHeaderBodySeparatorDefect()], unparsed data: 'Server : Wow 3.8\r\nDate: Fri, 06 Jan 2023 02:05:40 GMT\r\nContent-Type: text/html\r\nContent-Length: 39677\r\nConnection: keep-alive\r\nCache-Control: private\r\nSet-Cookie: ASPSESSIONIDCQDCQQQD=PJAAHFLDIIHEGMEMIHJCGILE; path=/\r\nX-Frame-Options: SAMEORIGIN\r\n\r\n'
2023-01-06 11:05:40,419 - WARNING - Failed to parse headers (url=https://www.sscmc.or.kr:443/info/notice/list.asp?db=BBS_notice&pageno=1&startpage=1&where=&keyfield=&keyword=&catekkk=): [MissingHeaderBodySeparatorDefect()], unparsed data: 'Server : Wow 3.8\r\nDate: Fri, 06 Jan 2023 02:05:40 GMT\r\nContent-Type: text/html\r\nContent-Length: 39677\r\nConnection: keep-alive\r\nCache-Control: private\r\nSet-Cookie: ASPSESSIONIDCQDCQQQD=PJAAHFLDIIHEGMEMIHJCGILE; path=/\r\nX-Frame-Options: SAMEORIGIN\r\n\r\n'
Traceback (most recent call last):
  File "/Users/yeon/Library/Python/3.9/lib/python/site-packages/urllib3/connectionpool.py", line 469, in _make_request
    assert_header_parsing(httplib_response.msg)
  File "/Users/yeon/Library/Python/3.9/lib/python/site-packages/urllib3/util/response.py", line 91, in assert_header_parsing
    raise HeaderParsingError(defects=defects, unparsed_data=unparsed_data)
urllib3.exceptions.HeaderParsingError: [MissingHeaderBodySeparatorDefect()], unparsed data: 'Server : Wow 3.8\r\nDate: Fri, 06 Jan 2023 02:05:40 GMT\r\nContent-Type: text/html\r\nContent-Length: 39677\r\nConnection: keep-alive\r\nCache-Control: private\r\nSet-Cookie: ASPSESSIONIDCQDCQQQD=PJAAHFLDIIHEGMEMIHJCGILE; path=/\r\nX-Frame-Options: SAMEORIGIN\r\n\r\n'
2023-01-06 11:05:40,419 - WARNING - Failed to parse headers (url=https://www.sscmc.or.kr:443/info/notice/list.asp?db=BBS_notice&pageno=1&startpage=1&where=&keyfield=&keyword=&catekkk=): [MissingHeaderBodySeparatorDefect()], unparsed data: 'Server : Wow 3.8\r\nDate: Fri, 06 Jan 2023 02:05:40 GMT\r\nContent-Type: text/html\r\nContent-Length: 39677\r\nConnection: keep-alive\r\nCache-Control: private\r\nSet-Cookie: ASPSESSIONIDCQDCQQQD=PJAAHFLDIIHEGMEMIHJCGILE; path=/\r\nX-Frame-Options: SAMEORIGIN\r\n\r\n'
Traceback (most recent call last):
  File "/Users/yeon/Library/Python/3.9/lib/python/site-packages/urllib3/connectionpool.py", line 469, in _make_request
    assert_header_parsing(httplib_response.msg)
  File "/Users/yeon/Library/Python/3.9/lib/python/site-packages/urllib3/util/response.py", line 91, in assert_header_parsing
    raise HeaderParsingError(defects=defects, unparsed_data=unparsed_data)
urllib3.exceptions.HeaderParsingError: [MissingHeaderBodySeparatorDefect()], unparsed data: 'Server : Wow 3.8\r\nDate: Fri, 06 Jan 2023 02:05:40 GMT\r\nContent-Type: text/html\r\nContent-Length: 39677\r\nConnection: keep-alive\r\nCache-Control: private\r\nSet-Cookie: ASPSESSIONIDCQDCQQQD=PJAAHFLDIIHEGMEMIHJCGILE; path=/\r\nX-Frame-Options: SAMEORIGIN\r\n\r\n'
2023-01-06 11:05:40,419 - WARNING - Failed to parse headers (url=https://www.sscmc.or.kr:443/info/notice/list.asp?db=BBS_notice&pageno=1&startpage=1&where=&keyfield=&keyword=&catekkk=): [MissingHeaderBodySeparatorDefect()], unparsed data: 'Server : Wow 3.8\r\nDate: Fri, 06 Jan 2023 02:05:40 GMT\r\nContent-Type: text/html\r\nContent-Length: 39677\r\nConnection: keep-alive\r\nCache-Control: private\r\nSet-Cookie: ASPSESSIONIDCQDCQQQD=PJAAHFLDIIHEGMEMIHJCGILE; path=/\r\nX-Frame-Options: SAMEORIGIN\r\n\r\n'
Traceback (most recent call last):
  File "/Users/yeon/Library/Python/3.9/lib/python/site-packages/urllib3/connectionpool.py", line 469, in _make_request
    assert_header_parsing(httplib_response.msg)
  File "/Users/yeon/Library/Python/3.9/lib/python/site-packages/urllib3/util/response.py", line 91, in assert_header_parsing
    raise HeaderParsingError(defects=defects, unparsed_data=unparsed_data)
urllib3.exceptions.HeaderParsingError: [MissingHeaderBodySeparatorDefect()], unparsed data: 'Server : Wow 3.8\r\nDate: Fri, 06 Jan 2023 02:05:40 GMT\r\nContent-Type: text/html\r\nContent-Length: 39677\r\nConnection: keep-alive\r\nCache-Control: private\r\nSet-Cookie: ASPSESSIONIDCQDCQQQD=PJAAHFLDIIHEGMEMIHJCGILE; path=/\r\nX-Frame-Options: SAMEORIGIN\r\n\r\n'
2023-01-06 11:05:40,419 - WARNING - Failed to parse headers (url=https://www.sscmc.or.kr:443/info/notice/list.asp?db=BBS_notice&pageno=1&startpage=1&where=&keyfield=&keyword=&catekkk=): [MissingHeaderBodySeparatorDefect()], unparsed data: 'Server : Wow 3.8\r\nDate: Fri, 06 Jan 2023 02:05:40 GMT\r\nContent-Type: text/html\r\nContent-Length: 39677\r\nConnection: keep-alive\r\nCache-Control: private\r\nSet-Cookie: ASPSESSIONIDCQDCQQQD=PJAAHFLDIIHEGMEMIHJCGILE; path=/\r\nX-Frame-Options: SAMEORIGIN\r\n\r\n'
Traceback (most recent call last):
  File "/Users/yeon/Library/Python/3.9/lib/python/site-packages/urllib3/connectionpool.py", line 469, in _make_request
    assert_header_parsing(httplib_response.msg)
  File "/Users/yeon/Library/Python/3.9/lib/python/site-packages/urllib3/util/response.py", line 91, in assert_header_parsing
    raise HeaderParsingError(defects=defects, unparsed_data=unparsed_data)
urllib3.exceptions.HeaderParsingError: [MissingHeaderBodySeparatorDefect()], unparsed data: 'Server : Wow 3.8\r\nDate: Fri, 06 Jan 2023 02:05:40 GMT\r\nContent-Type: text/html\r\nContent-Length: 39677\r\nConnection: keep-alive\r\nCache-Control: private\r\nSet-Cookie: ASPSESSIONIDCQDCQQQD=PJAAHFLDIIHEGMEMIHJCGILE; path=/\r\nX-Frame-Options: SAMEORIGIN\r\n\r\n'
2023-01-06 11:06:55,870 - INFO - SEODAEMUN
2023-01-06 11:06:55,870 - INFO - SEODAEMUN
2023-01-06 11:06:55,870 - INFO - SEODAEMUN
2023-01-06 11:06:55,870 - INFO - SEODAEMUN
2023-01-06 11:06:55,870 - INFO - SEODAEMUN
2023-01-06 11:06:55,870 - INFO - SEODAEMUN
2023-01-06 11:06:55,870 - INFO - SEODAEMUN
2023-01-06 11:06:55,870 - INFO - SEODAEMUN
2023-01-06 11:06:55,870 - INFO - SEODAEMUN
2023-01-06 11:06:55,870 - INFO - SEODAEMUN
2023-01-06 11:06:55,870 - INFO - SEODAEMUN
2023-01-06 11:06:55,870 - INFO - SEODAEMUN
2023-01-06 11:06:55,870 - INFO - SEODAEMUN
2023-01-06 11:06:55,870 - INFO - SEODAEMUN
2023-01-06 11:06:55,870 - INFO - SEODAEMUN
2023-01-06 11:06:55,870 - INFO - SEODAEMUN
2023-01-06 11:06:55,870 - INFO - SEODAEMUN
