2023-01-12 09:04:47,330 - INFO - JUNGNANG
2023-01-12 09:05:15,339 - INFO - JUNGNANG
2023-01-12 09:05:16,258 - WARNING - Failed to parse headers (url=https://www.jungnang.go.kr:443/portal/bbs/list/B0000002.do?searchCnd=&searchWrd=&gubun=&delCode=0&useAt=&replyAt=&menuNo=200473&sdate=&edate=&deptId=&deptName=&popupYn=&dept=&dong=&option1=&viewType=&searchCnd2=&pageIndex=1): [FirstHeaderLineIsContinuationDefect(' X-Content-Type-Options: nosniff\r\n')], unparsed data: ''
Traceback (most recent call last):
  File "/Users/yeon/Library/Python/3.9/lib/python/site-packages/urllib3/connectionpool.py", line 469, in _make_request
    assert_header_parsing(httplib_response.msg)
  File "/Users/yeon/Library/Python/3.9/lib/python/site-packages/urllib3/util/response.py", line 91, in assert_header_parsing
    raise HeaderParsingError(defects=defects, unparsed_data=unparsed_data)
urllib3.exceptions.HeaderParsingError: [FirstHeaderLineIsContinuationDefect(' X-Content-Type-Options: nosniff\r\n')], unparsed data: ''
2023-01-12 09:05:17,096 - INFO - JUNGNANG
2023-01-12 09:05:17,096 - INFO - JUNGNANG
2023-01-12 09:05:26,147 - INFO - YONGSAN
2023-01-12 09:05:26,147 - INFO - YONGSAN
2023-01-12 09:05:26,147 - INFO - YONGSAN
2023-01-12 09:05:28,194 - INFO - YONGSAN
2023-01-12 09:05:28,194 - INFO - YONGSAN
2023-01-12 09:05:28,194 - INFO - YONGSAN
2023-01-12 09:05:28,194 - INFO - YONGSAN
2023-01-12 09:05:30,147 - INFO - YONGSAN
2023-01-12 09:05:30,147 - INFO - YONGSAN
2023-01-12 09:05:30,147 - INFO - YONGSAN
2023-01-12 09:05:30,147 - INFO - YONGSAN
2023-01-12 09:05:30,147 - INFO - YONGSAN
2023-01-12 09:05:31,821 - INFO - GANGNAM
2023-01-12 09:05:31,821 - INFO - GANGNAM
2023-01-12 09:05:31,821 - INFO - GANGNAM
2023-01-12 09:05:31,821 - INFO - GANGNAM
2023-01-12 09:05:31,821 - INFO - GANGNAM
2023-01-12 09:05:31,821 - INFO - GANGNAM
2023-01-12 09:05:43,775 - INFO - GANGNAM
2023-01-12 09:05:43,775 - INFO - GANGNAM
2023-01-12 09:05:43,775 - INFO - GANGNAM
2023-01-12 09:05:43,775 - INFO - GANGNAM
2023-01-12 09:05:43,775 - INFO - GANGNAM
2023-01-12 09:05:43,775 - INFO - GANGNAM
2023-01-12 09:05:43,775 - INFO - GANGNAM
2023-01-12 09:05:45,689 - INFO - GANGDONG
2023-01-12 09:05:45,689 - INFO - GANGDONG
2023-01-12 09:05:45,689 - INFO - GANGDONG
2023-01-12 09:05:45,689 - INFO - GANGDONG
2023-01-12 09:05:45,689 - INFO - GANGDONG
2023-01-12 09:05:45,689 - INFO - GANGDONG
2023-01-12 09:05:45,689 - INFO - GANGDONG
2023-01-12 09:05:45,689 - INFO - GANGDONG
2023-01-12 09:05:52,246 - INFO - GURO
2023-01-12 09:05:52,246 - INFO - GURO
2023-01-12 09:05:52,246 - INFO - GURO
2023-01-12 09:05:52,246 - INFO - GURO
2023-01-12 09:05:52,246 - INFO - GURO
2023-01-12 09:05:52,246 - INFO - GURO
2023-01-12 09:05:52,246 - INFO - GURO
2023-01-12 09:05:52,246 - INFO - GURO
2023-01-12 09:05:52,246 - INFO - GURO
2023-01-12 09:05:54,688 - INFO - GURO
2023-01-12 09:05:54,688 - INFO - GURO
2023-01-12 09:05:54,688 - INFO - GURO
2023-01-12 09:05:54,688 - INFO - GURO
2023-01-12 09:05:54,688 - INFO - GURO
2023-01-12 09:05:54,688 - INFO - GURO
2023-01-12 09:05:54,688 - INFO - GURO
2023-01-12 09:05:54,688 - INFO - GURO
2023-01-12 09:05:54,688 - INFO - GURO
2023-01-12 09:05:54,688 - INFO - GURO
2023-01-12 09:06:04,454 - INFO - GANGSEO
2023-01-12 09:06:04,454 - INFO - GANGSEO
2023-01-12 09:06:04,454 - INFO - GANGSEO
2023-01-12 09:06:04,454 - INFO - GANGSEO
2023-01-12 09:06:04,454 - INFO - GANGSEO
2023-01-12 09:06:04,454 - INFO - GANGSEO
2023-01-12 09:06:04,454 - INFO - GANGSEO
2023-01-12 09:06:04,454 - INFO - GANGSEO
2023-01-12 09:06:04,454 - INFO - GANGSEO
2023-01-12 09:06:04,454 - INFO - GANGSEO
2023-01-12 09:06:04,454 - INFO - GANGSEO
2023-01-12 09:06:33,734 - INFO - JUNGNANG
2023-01-12 09:06:34,628 - WARNING - Failed to parse headers (url=https://www.jungnang.go.kr:443/portal/bbs/list/B0000002.do?searchCnd=&searchWrd=&gubun=&delCode=0&useAt=&replyAt=&menuNo=200473&sdate=&edate=&deptId=&deptName=&popupYn=&dept=&dong=&option1=&viewType=&searchCnd2=&pageIndex=1): [FirstHeaderLineIsContinuationDefect(' X-Content-Type-Options: nosniff\r\n')], unparsed data: ''
Traceback (most recent call last):
  File "/Users/yeon/Library/Python/3.9/lib/python/site-packages/urllib3/connectionpool.py", line 469, in _make_request
    assert_header_parsing(httplib_response.msg)
  File "/Users/yeon/Library/Python/3.9/lib/python/site-packages/urllib3/util/response.py", line 91, in assert_header_parsing
    raise HeaderParsingError(defects=defects, unparsed_data=unparsed_data)
urllib3.exceptions.HeaderParsingError: [FirstHeaderLineIsContinuationDefect(' X-Content-Type-Options: nosniff\r\n')], unparsed data: ''
2023-01-12 09:06:35,412 - INFO - JUNGNANG
2023-01-12 09:06:35,412 - INFO - JUNGNANG
2023-01-12 09:06:43,050 - INFO - YONGSAN
2023-01-12 09:06:43,050 - INFO - YONGSAN
2023-01-12 09:06:43,050 - INFO - YONGSAN
2023-01-12 09:06:44,784 - INFO - YONGSAN
2023-01-12 09:06:44,784 - INFO - YONGSAN
2023-01-12 09:06:44,784 - INFO - YONGSAN
2023-01-12 09:06:44,784 - INFO - YONGSAN
2023-01-12 09:06:46,617 - INFO - YONGSAN
2023-01-12 09:06:46,617 - INFO - YONGSAN
2023-01-12 09:06:46,617 - INFO - YONGSAN
2023-01-12 09:06:46,617 - INFO - YONGSAN
2023-01-12 09:06:46,617 - INFO - YONGSAN
2023-01-12 09:06:48,380 - INFO - GANGNAM
2023-01-12 09:06:48,380 - INFO - GANGNAM
2023-01-12 09:06:48,380 - INFO - GANGNAM
2023-01-12 09:06:48,380 - INFO - GANGNAM
2023-01-12 09:06:48,380 - INFO - GANGNAM
2023-01-12 09:06:48,380 - INFO - GANGNAM
2023-01-12 09:07:01,091 - INFO - GANGNAM
2023-01-12 09:07:01,091 - INFO - GANGNAM
2023-01-12 09:07:01,091 - INFO - GANGNAM
2023-01-12 09:07:01,091 - INFO - GANGNAM
2023-01-12 09:07:01,091 - INFO - GANGNAM
2023-01-12 09:07:01,091 - INFO - GANGNAM
2023-01-12 09:07:01,091 - INFO - GANGNAM
2023-01-12 09:07:02,940 - INFO - GANGDONG
2023-01-12 09:07:02,940 - INFO - GANGDONG
2023-01-12 09:07:02,940 - INFO - GANGDONG
2023-01-12 09:07:02,940 - INFO - GANGDONG
2023-01-12 09:07:02,940 - INFO - GANGDONG
2023-01-12 09:07:02,940 - INFO - GANGDONG
2023-01-12 09:07:02,940 - INFO - GANGDONG
2023-01-12 09:07:02,940 - INFO - GANGDONG
2023-01-12 09:07:08,991 - INFO - GURO
2023-01-12 09:07:08,991 - INFO - GURO
2023-01-12 09:07:08,991 - INFO - GURO
2023-01-12 09:07:08,991 - INFO - GURO
2023-01-12 09:07:08,991 - INFO - GURO
2023-01-12 09:07:08,991 - INFO - GURO
2023-01-12 09:07:08,991 - INFO - GURO
2023-01-12 09:07:08,991 - INFO - GURO
2023-01-12 09:07:08,991 - INFO - GURO
2023-01-12 09:07:11,322 - INFO - GURO
2023-01-12 09:07:11,322 - INFO - GURO
2023-01-12 09:07:11,322 - INFO - GURO
2023-01-12 09:07:11,322 - INFO - GURO
2023-01-12 09:07:11,322 - INFO - GURO
2023-01-12 09:07:11,322 - INFO - GURO
2023-01-12 09:07:11,322 - INFO - GURO
2023-01-12 09:07:11,322 - INFO - GURO
2023-01-12 09:07:11,322 - INFO - GURO
2023-01-12 09:07:11,322 - INFO - GURO
2023-01-12 09:07:20,367 - INFO - GANGSEO
2023-01-12 09:07:20,367 - INFO - GANGSEO
2023-01-12 09:07:20,367 - INFO - GANGSEO
2023-01-12 09:07:20,367 - INFO - GANGSEO
2023-01-12 09:07:20,367 - INFO - GANGSEO
2023-01-12 09:07:20,367 - INFO - GANGSEO
2023-01-12 09:07:20,367 - INFO - GANGSEO
2023-01-12 09:07:20,367 - INFO - GANGSEO
2023-01-12 09:07:20,367 - INFO - GANGSEO
2023-01-12 09:07:20,367 - INFO - GANGSEO
2023-01-12 09:07:20,367 - INFO - GANGSEO
2023-01-12 09:07:23,376 - INFO - GANGSEO
2023-01-12 09:07:23,376 - INFO - GANGSEO
2023-01-12 09:07:23,376 - INFO - GANGSEO
2023-01-12 09:07:23,376 - INFO - GANGSEO
2023-01-12 09:07:23,376 - INFO - GANGSEO
2023-01-12 09:07:23,376 - INFO - GANGSEO
2023-01-12 09:07:23,376 - INFO - GANGSEO
2023-01-12 09:07:23,376 - INFO - GANGSEO
2023-01-12 09:07:23,376 - INFO - GANGSEO
2023-01-12 09:07:23,376 - INFO - GANGSEO
2023-01-12 09:07:23,376 - INFO - GANGSEO
2023-01-12 09:07:23,376 - INFO - GANGSEO
2023-01-12 09:07:25,075 - INFO - GANGDONG
2023-01-12 09:07:25,075 - INFO - GANGDONG
2023-01-12 09:07:25,075 - INFO - GANGDONG
2023-01-12 09:07:25,075 - INFO - GANGDONG
2023-01-12 09:07:25,075 - INFO - GANGDONG
2023-01-12 09:07:25,075 - INFO - GANGDONG
2023-01-12 09:07:25,075 - INFO - GANGDONG
2023-01-12 09:07:25,075 - INFO - GANGDONG
2023-01-12 09:07:25,075 - INFO - GANGDONG
2023-01-12 09:07:25,075 - INFO - GANGDONG
2023-01-12 09:07:25,075 - INFO - GANGDONG
2023-01-12 09:07:25,075 - INFO - GANGDONG
2023-01-12 09:07:25,075 - INFO - GANGDONG
2023-01-12 09:07:27,226 - INFO - GANGDONG
2023-01-12 09:07:27,226 - INFO - GANGDONG
2023-01-12 09:07:27,226 - INFO - GANGDONG
2023-01-12 09:07:27,226 - INFO - GANGDONG
2023-01-12 09:07:27,226 - INFO - GANGDONG
2023-01-12 09:07:27,226 - INFO - GANGDONG
2023-01-12 09:07:27,226 - INFO - GANGDONG
2023-01-12 09:07:27,226 - INFO - GANGDONG
2023-01-12 09:07:27,226 - INFO - GANGDONG
2023-01-12 09:07:27,226 - INFO - GANGDONG
2023-01-12 09:07:27,226 - INFO - GANGDONG
2023-01-12 09:07:27,226 - INFO - GANGDONG
2023-01-12 09:07:27,226 - INFO - GANGDONG
2023-01-12 09:07:27,226 - INFO - GANGDONG
2023-01-12 09:07:29,064 - INFO - GANGDONG
2023-01-12 09:07:29,064 - INFO - GANGDONG
2023-01-12 09:07:29,064 - INFO - GANGDONG
2023-01-12 09:07:29,064 - INFO - GANGDONG
2023-01-12 09:07:29,064 - INFO - GANGDONG
2023-01-12 09:07:29,064 - INFO - GANGDONG
2023-01-12 09:07:29,064 - INFO - GANGDONG
2023-01-12 09:07:29,064 - INFO - GANGDONG
2023-01-12 09:07:29,064 - INFO - GANGDONG
2023-01-12 09:07:29,064 - INFO - GANGDONG
2023-01-12 09:07:29,064 - INFO - GANGDONG
2023-01-12 09:07:29,064 - INFO - GANGDONG
2023-01-12 09:07:29,064 - INFO - GANGDONG
2023-01-12 09:07:29,064 - INFO - GANGDONG
2023-01-12 09:07:29,064 - INFO - GANGDONG
2023-01-12 09:08:24,094 - INFO - DOBONG
2023-01-12 09:08:24,094 - INFO - DOBONG
2023-01-12 09:08:24,094 - INFO - DOBONG
2023-01-12 09:08:24,094 - INFO - DOBONG
2023-01-12 09:08:24,094 - INFO - DOBONG
2023-01-12 09:08:24,094 - INFO - DOBONG
2023-01-12 09:08:24,094 - INFO - DOBONG
2023-01-12 09:08:24,094 - INFO - DOBONG
2023-01-12 09:08:24,094 - INFO - DOBONG
2023-01-12 09:08:24,094 - INFO - DOBONG
2023-01-12 09:08:24,094 - INFO - DOBONG
2023-01-12 09:08:24,094 - INFO - DOBONG
2023-01-12 09:08:24,094 - INFO - DOBONG
2023-01-12 09:08:24,094 - INFO - DOBONG
2023-01-12 09:08:24,094 - INFO - DOBONG
2023-01-12 09:08:24,094 - INFO - DOBONG
2023-01-12 09:08:25,734 - INFO - DOBONG
2023-01-12 09:08:25,734 - INFO - DOBONG
2023-01-12 09:08:25,734 - INFO - DOBONG
2023-01-12 09:08:25,734 - INFO - DOBONG
2023-01-12 09:08:25,734 - INFO - DOBONG
2023-01-12 09:08:25,734 - INFO - DOBONG
2023-01-12 09:08:25,734 - INFO - DOBONG
2023-01-12 09:08:25,734 - INFO - DOBONG
2023-01-12 09:08:25,734 - INFO - DOBONG
2023-01-12 09:08:25,734 - INFO - DOBONG
2023-01-12 09:08:25,734 - INFO - DOBONG
2023-01-12 09:08:25,734 - INFO - DOBONG
2023-01-12 09:08:25,734 - INFO - DOBONG
2023-01-12 09:08:25,734 - INFO - DOBONG
2023-01-12 09:08:25,734 - INFO - DOBONG
2023-01-12 09:08:25,734 - INFO - DOBONG
2023-01-12 09:08:25,734 - INFO - DOBONG
2023-01-12 09:08:27,460 - INFO - GANGBUK
2023-01-12 09:08:27,460 - INFO - GANGBUK
2023-01-12 09:08:27,460 - INFO - GANGBUK
2023-01-12 09:08:27,460 - INFO - GANGBUK
2023-01-12 09:08:27,460 - INFO - GANGBUK
2023-01-12 09:08:27,460 - INFO - GANGBUK
2023-01-12 09:08:27,460 - INFO - GANGBUK
2023-01-12 09:08:27,460 - INFO - GANGBUK
2023-01-12 09:08:27,460 - INFO - GANGBUK
2023-01-12 09:08:27,460 - INFO - GANGBUK
2023-01-12 09:08:27,460 - INFO - GANGBUK
2023-01-12 09:08:27,460 - INFO - GANGBUK
2023-01-12 09:08:27,460 - INFO - GANGBUK
2023-01-12 09:08:27,460 - INFO - GANGBUK
2023-01-12 09:08:27,460 - INFO - GANGBUK
2023-01-12 09:08:27,460 - INFO - GANGBUK
2023-01-12 09:08:27,460 - INFO - GANGBUK
2023-01-12 09:08:27,460 - INFO - GANGBUK
2023-01-12 09:08:46,347 - INFO - GANGBUK
2023-01-12 09:33:41,151 - INFO - GANGBUK
2023-01-12 09:33:50,400 - INFO - GANGBUK
2023-01-12 09:33:50,400 - INFO - GANGBUK
2023-01-12 09:33:59,386 - INFO - DONGDAEMUN
2023-01-12 09:33:59,386 - INFO - DONGDAEMUN
2023-01-12 09:33:59,386 - INFO - DONGDAEMUN
2023-01-12 09:43:12,926 - INFO - GANGBUK
2023-01-12 09:43:21,991 - INFO - GANGBUK
2023-01-12 09:43:21,991 - INFO - GANGBUK
2023-01-12 09:43:31,076 - INFO - DONGDAEMUN
2023-01-12 09:43:31,076 - INFO - DONGDAEMUN
2023-01-12 09:43:31,076 - INFO - DONGDAEMUN
2023-01-12 09:43:33,274 - INFO - DONGDAEMUN
2023-01-12 09:43:33,274 - INFO - DONGDAEMUN
2023-01-12 09:43:33,274 - INFO - DONGDAEMUN
2023-01-12 09:43:33,274 - INFO - DONGDAEMUN
2023-01-12 09:43:35,441 - INFO - DONGDAEMUN
2023-01-12 09:43:35,441 - INFO - DONGDAEMUN
2023-01-12 09:43:35,441 - INFO - DONGDAEMUN
2023-01-12 09:43:35,441 - INFO - DONGDAEMUN
2023-01-12 09:43:35,441 - INFO - DONGDAEMUN
2023-01-12 09:43:36,775 - INFO - DONGJAK
2023-01-12 09:43:36,775 - INFO - DONGJAK
2023-01-12 09:43:36,775 - INFO - DONGJAK
2023-01-12 09:43:36,775 - INFO - DONGJAK
2023-01-12 09:43:36,775 - INFO - DONGJAK
2023-01-12 09:43:36,775 - INFO - DONGJAK
2023-01-12 09:43:40,239 - INFO - DONGJAK
2023-01-12 09:43:40,239 - INFO - DONGJAK
2023-01-12 09:43:40,239 - INFO - DONGJAK
2023-01-12 09:43:40,239 - INFO - DONGJAK
2023-01-12 09:43:40,239 - INFO - DONGJAK
2023-01-12 09:43:40,239 - INFO - DONGJAK
2023-01-12 09:43:40,239 - INFO - DONGJAK
2023-01-12 09:43:53,603 - INFO - GEUAMCHEOUN
2023-01-12 09:43:53,603 - INFO - GEUAMCHEOUN
2023-01-12 09:43:53,603 - INFO - GEUAMCHEOUN
2023-01-12 09:43:53,603 - INFO - GEUAMCHEOUN
2023-01-12 09:43:53,603 - INFO - GEUAMCHEOUN
2023-01-12 09:43:53,603 - INFO - GEUAMCHEOUN
2023-01-12 09:43:53,603 - INFO - GEUAMCHEOUN
2023-01-12 09:43:53,603 - INFO - GEUAMCHEOUN
2023-01-12 09:43:55,710 - INFO - GEUAMCHEOUN
2023-01-12 09:43:55,710 - INFO - GEUAMCHEOUN
2023-01-12 09:43:55,710 - INFO - GEUAMCHEOUN
2023-01-12 09:43:55,710 - INFO - GEUAMCHEOUN
2023-01-12 09:43:55,710 - INFO - GEUAMCHEOUN
2023-01-12 09:43:55,710 - INFO - GEUAMCHEOUN
2023-01-12 09:43:55,710 - INFO - GEUAMCHEOUN
2023-01-12 09:43:55,710 - INFO - GEUAMCHEOUN
2023-01-12 09:43:55,710 - INFO - GEUAMCHEOUN
2023-01-12 09:43:57,102 - INFO - GWANAK
2023-01-12 09:43:57,102 - INFO - GWANAK
2023-01-12 09:43:57,102 - INFO - GWANAK
2023-01-12 09:43:57,102 - INFO - GWANAK
2023-01-12 09:43:57,102 - INFO - GWANAK
2023-01-12 09:43:57,102 - INFO - GWANAK
2023-01-12 09:43:57,102 - INFO - GWANAK
2023-01-12 09:43:57,102 - INFO - GWANAK
2023-01-12 09:43:57,102 - INFO - GWANAK
2023-01-12 09:43:57,102 - INFO - GWANAK
2023-01-12 09:44:12,804 - INFO - GWANAK
2023-01-12 09:44:12,804 - INFO - GWANAK
2023-01-12 09:44:12,804 - INFO - GWANAK
2023-01-12 09:44:12,804 - INFO - GWANAK
2023-01-12 09:44:12,804 - INFO - GWANAK
2023-01-12 09:44:12,804 - INFO - GWANAK
2023-01-12 09:44:12,804 - INFO - GWANAK
2023-01-12 09:44:12,804 - INFO - GWANAK
2023-01-12 09:44:12,804 - INFO - GWANAK
2023-01-12 09:44:12,804 - INFO - GWANAK
2023-01-12 09:44:12,804 - INFO - GWANAK
2023-01-12 09:44:22,377 - INFO - SEONGDONG
2023-01-12 09:44:22,377 - INFO - SEONGDONG
2023-01-12 09:44:22,377 - INFO - SEONGDONG
2023-01-12 09:44:22,377 - INFO - SEONGDONG
2023-01-12 09:44:22,377 - INFO - SEONGDONG
2023-01-12 09:44:22,377 - INFO - SEONGDONG
2023-01-12 09:44:22,377 - INFO - SEONGDONG
2023-01-12 09:44:22,377 - INFO - SEONGDONG
2023-01-12 09:44:22,377 - INFO - SEONGDONG
2023-01-12 09:44:22,377 - INFO - SEONGDONG
2023-01-12 09:44:22,377 - INFO - SEONGDONG
2023-01-12 09:44:22,377 - INFO - SEONGDONG
2023-01-12 09:44:41,520 - INFO - SEONGDONG
2023-01-12 09:44:41,520 - INFO - SEONGDONG
2023-01-12 09:44:41,520 - INFO - SEONGDONG
2023-01-12 09:44:41,520 - INFO - SEONGDONG
2023-01-12 09:44:41,520 - INFO - SEONGDONG
2023-01-12 09:44:41,520 - INFO - SEONGDONG
2023-01-12 09:44:41,520 - INFO - SEONGDONG
2023-01-12 09:44:41,520 - INFO - SEONGDONG
2023-01-12 09:44:41,520 - INFO - SEONGDONG
2023-01-12 09:44:41,520 - INFO - SEONGDONG
2023-01-12 09:44:41,520 - INFO - SEONGDONG
2023-01-12 09:44:41,520 - INFO - SEONGDONG
2023-01-12 09:44:41,520 - INFO - SEONGDONG
2023-01-12 09:44:49,738 - INFO - EUNPYENG
2023-01-12 09:44:49,738 - INFO - EUNPYENG
2023-01-12 09:44:49,738 - INFO - EUNPYENG
2023-01-12 09:44:49,738 - INFO - EUNPYENG
2023-01-12 09:44:49,738 - INFO - EUNPYENG
2023-01-12 09:44:49,738 - INFO - EUNPYENG
2023-01-12 09:44:49,738 - INFO - EUNPYENG
2023-01-12 09:44:49,738 - INFO - EUNPYENG
2023-01-12 09:44:49,738 - INFO - EUNPYENG
2023-01-12 09:44:49,738 - INFO - EUNPYENG
2023-01-12 09:44:49,738 - INFO - EUNPYENG
2023-01-12 09:44:49,738 - INFO - EUNPYENG
2023-01-12 09:44:49,738 - INFO - EUNPYENG
2023-01-12 09:44:49,738 - INFO - EUNPYENG
2023-01-12 09:44:58,093 - INFO - EUNPYENG
2023-01-12 09:44:58,093 - INFO - EUNPYENG
2023-01-12 09:44:58,093 - INFO - EUNPYENG
2023-01-12 09:44:58,093 - INFO - EUNPYENG
2023-01-12 09:44:58,093 - INFO - EUNPYENG
2023-01-12 09:44:58,093 - INFO - EUNPYENG
2023-01-12 09:44:58,093 - INFO - EUNPYENG
2023-01-12 09:44:58,093 - INFO - EUNPYENG
2023-01-12 09:44:58,093 - INFO - EUNPYENG
2023-01-12 09:44:58,093 - INFO - EUNPYENG
2023-01-12 09:44:58,093 - INFO - EUNPYENG
2023-01-12 09:44:58,093 - INFO - EUNPYENG
2023-01-12 09:44:58,093 - INFO - EUNPYENG
2023-01-12 09:44:58,093 - INFO - EUNPYENG
2023-01-12 09:44:58,093 - INFO - EUNPYENG
2023-01-12 09:45:02,256 - INFO - EUNPYENG
2023-01-12 09:45:02,256 - INFO - EUNPYENG
2023-01-12 09:45:02,256 - INFO - EUNPYENG
2023-01-12 09:45:02,256 - INFO - EUNPYENG
2023-01-12 09:45:02,256 - INFO - EUNPYENG
2023-01-12 09:45:02,256 - INFO - EUNPYENG
2023-01-12 09:45:02,256 - INFO - EUNPYENG
2023-01-12 09:45:02,256 - INFO - EUNPYENG
2023-01-12 09:45:02,256 - INFO - EUNPYENG
2023-01-12 09:45:02,256 - INFO - EUNPYENG
2023-01-12 09:45:02,256 - INFO - EUNPYENG
2023-01-12 09:45:02,256 - INFO - EUNPYENG
2023-01-12 09:45:02,256 - INFO - EUNPYENG
2023-01-12 09:45:02,256 - INFO - EUNPYENG
2023-01-12 09:45:02,256 - INFO - EUNPYENG
2023-01-12 09:45:02,256 - INFO - EUNPYENG
2023-01-12 09:45:03,832 - INFO - GWANGZIN
2023-01-12 09:45:03,832 - INFO - GWANGZIN
2023-01-12 09:45:03,832 - INFO - GWANGZIN
2023-01-12 09:45:03,832 - INFO - GWANGZIN
2023-01-12 09:45:03,832 - INFO - GWANGZIN
2023-01-12 09:45:03,832 - INFO - GWANGZIN
2023-01-12 09:45:03,832 - INFO - GWANGZIN
2023-01-12 09:45:03,832 - INFO - GWANGZIN
2023-01-12 09:45:03,832 - INFO - GWANGZIN
2023-01-12 09:45:03,832 - INFO - GWANGZIN
2023-01-12 09:45:03,832 - INFO - GWANGZIN
2023-01-12 09:45:03,832 - INFO - GWANGZIN
2023-01-12 09:45:03,832 - INFO - GWANGZIN
2023-01-12 09:45:03,832 - INFO - GWANGZIN
2023-01-12 09:45:03,832 - INFO - GWANGZIN
2023-01-12 09:45:03,832 - INFO - GWANGZIN
2023-01-12 09:45:03,832 - INFO - GWANGZIN
2023-01-12 09:45:11,223 - INFO - GWANGZIN
2023-01-12 09:45:11,223 - INFO - GWANGZIN
2023-01-12 09:45:11,223 - INFO - GWANGZIN
2023-01-12 09:45:11,223 - INFO - GWANGZIN
2023-01-12 09:45:11,223 - INFO - GWANGZIN
2023-01-12 09:45:11,223 - INFO - GWANGZIN
2023-01-12 09:45:11,223 - INFO - GWANGZIN
2023-01-12 09:45:11,223 - INFO - GWANGZIN
2023-01-12 09:45:11,223 - INFO - GWANGZIN
2023-01-12 09:45:11,223 - INFO - GWANGZIN
2023-01-12 09:45:11,223 - INFO - GWANGZIN
2023-01-12 09:45:11,223 - INFO - GWANGZIN
2023-01-12 09:45:11,223 - INFO - GWANGZIN
2023-01-12 09:45:11,223 - INFO - GWANGZIN
2023-01-12 09:45:11,223 - INFO - GWANGZIN
2023-01-12 09:45:11,223 - INFO - GWANGZIN
2023-01-12 09:45:11,223 - INFO - GWANGZIN
2023-01-12 09:45:11,223 - INFO - GWANGZIN
2023-01-12 09:45:13,527 - INFO - JONGRO
2023-01-12 09:45:13,527 - INFO - JONGRO
2023-01-12 09:45:13,527 - INFO - JONGRO
2023-01-12 09:45:13,527 - INFO - JONGRO
2023-01-12 09:45:13,527 - INFO - JONGRO
2023-01-12 09:45:13,527 - INFO - JONGRO
2023-01-12 09:45:13,527 - INFO - JONGRO
2023-01-12 09:45:13,527 - INFO - JONGRO
2023-01-12 09:45:13,527 - INFO - JONGRO
2023-01-12 09:45:13,527 - INFO - JONGRO
2023-01-12 09:45:13,527 - INFO - JONGRO
2023-01-12 09:45:13,527 - INFO - JONGRO
2023-01-12 09:45:13,527 - INFO - JONGRO
2023-01-12 09:45:13,527 - INFO - JONGRO
2023-01-12 09:45:13,527 - INFO - JONGRO
2023-01-12 09:45:13,527 - INFO - JONGRO
2023-01-12 09:45:13,527 - INFO - JONGRO
2023-01-12 09:45:13,527 - INFO - JONGRO
2023-01-12 09:45:13,527 - INFO - JONGRO
2023-01-12 09:45:24,261 - INFO - JONGRO
2023-01-12 09:45:24,261 - INFO - JONGRO
2023-01-12 09:45:24,261 - INFO - JONGRO
2023-01-12 09:45:24,261 - INFO - JONGRO
2023-01-12 09:45:24,261 - INFO - JONGRO
2023-01-12 09:45:24,261 - INFO - JONGRO
2023-01-12 09:45:24,261 - INFO - JONGRO
2023-01-12 09:45:24,261 - INFO - JONGRO
2023-01-12 09:45:24,261 - INFO - JONGRO
2023-01-12 09:45:24,261 - INFO - JONGRO
2023-01-12 09:45:24,261 - INFO - JONGRO
2023-01-12 09:45:24,261 - INFO - JONGRO
2023-01-12 09:45:24,261 - INFO - JONGRO
2023-01-12 09:45:24,261 - INFO - JONGRO
2023-01-12 09:45:24,261 - INFO - JONGRO
2023-01-12 09:45:24,261 - INFO - JONGRO
2023-01-12 09:45:24,261 - INFO - JONGRO
2023-01-12 09:45:24,261 - INFO - JONGRO
2023-01-12 09:45:24,261 - INFO - JONGRO
2023-01-12 09:45:24,261 - INFO - JONGRO
2023-01-12 09:45:25,492 - INFO - JUNGGU
2023-01-12 09:45:25,492 - INFO - JUNGGU
2023-01-12 09:45:25,492 - INFO - JUNGGU
2023-01-12 09:45:25,492 - INFO - JUNGGU
2023-01-12 09:45:25,492 - INFO - JUNGGU
2023-01-12 09:45:25,492 - INFO - JUNGGU
2023-01-12 09:45:25,492 - INFO - JUNGGU
2023-01-12 09:45:25,492 - INFO - JUNGGU
2023-01-12 09:45:25,492 - INFO - JUNGGU
2023-01-12 09:45:25,492 - INFO - JUNGGU
2023-01-12 09:45:25,492 - INFO - JUNGGU
2023-01-12 09:45:25,492 - INFO - JUNGGU
2023-01-12 09:45:25,492 - INFO - JUNGGU
2023-01-12 09:45:25,492 - INFO - JUNGGU
2023-01-12 09:45:25,492 - INFO - JUNGGU
2023-01-12 09:45:25,492 - INFO - JUNGGU
2023-01-12 09:45:25,492 - INFO - JUNGGU
2023-01-12 09:45:25,492 - INFO - JUNGGU
2023-01-12 09:45:25,492 - INFO - JUNGGU
2023-01-12 09:45:25,492 - INFO - JUNGGU
2023-01-12 09:45:25,492 - INFO - JUNGGU
2023-01-12 09:45:27,081 - INFO - JUNGGU
2023-01-12 09:45:27,081 - INFO - JUNGGU
2023-01-12 09:45:27,081 - INFO - JUNGGU
2023-01-12 09:45:27,081 - INFO - JUNGGU
2023-01-12 09:45:27,081 - INFO - JUNGGU
2023-01-12 09:45:27,081 - INFO - JUNGGU
2023-01-12 09:45:27,081 - INFO - JUNGGU
2023-01-12 09:45:27,081 - INFO - JUNGGU
2023-01-12 09:45:27,081 - INFO - JUNGGU
2023-01-12 09:45:27,081 - INFO - JUNGGU
2023-01-12 09:45:27,081 - INFO - JUNGGU
2023-01-12 09:45:27,081 - INFO - JUNGGU
2023-01-12 09:45:27,081 - INFO - JUNGGU
2023-01-12 09:45:27,081 - INFO - JUNGGU
2023-01-12 09:45:27,081 - INFO - JUNGGU
2023-01-12 09:45:27,081 - INFO - JUNGGU
2023-01-12 09:45:27,081 - INFO - JUNGGU
2023-01-12 09:45:27,081 - INFO - JUNGGU
2023-01-12 09:45:27,081 - INFO - JUNGGU
2023-01-12 09:45:27,081 - INFO - JUNGGU
2023-01-12 09:45:27,081 - INFO - JUNGGU
2023-01-12 09:45:27,081 - INFO - JUNGGU
2023-01-12 09:45:35,505 - INFO - MAPO
2023-01-12 09:45:35,505 - INFO - MAPO
2023-01-12 09:45:35,505 - INFO - MAPO
2023-01-12 09:45:35,505 - INFO - MAPO
2023-01-12 09:45:35,505 - INFO - MAPO
2023-01-12 09:45:35,505 - INFO - MAPO
2023-01-12 09:45:35,505 - INFO - MAPO
2023-01-12 09:45:35,505 - INFO - MAPO
2023-01-12 09:45:35,505 - INFO - MAPO
2023-01-12 09:45:35,505 - INFO - MAPO
2023-01-12 09:45:35,505 - INFO - MAPO
2023-01-12 09:45:35,505 - INFO - MAPO
2023-01-12 09:45:35,505 - INFO - MAPO
2023-01-12 09:45:35,505 - INFO - MAPO
2023-01-12 09:45:35,505 - INFO - MAPO
2023-01-12 09:45:35,505 - INFO - MAPO
2023-01-12 09:45:35,505 - INFO - MAPO
2023-01-12 09:45:35,505 - INFO - MAPO
2023-01-12 09:45:35,505 - INFO - MAPO
2023-01-12 09:45:35,505 - INFO - MAPO
2023-01-12 09:45:35,505 - INFO - MAPO
2023-01-12 09:45:35,505 - INFO - MAPO
2023-01-12 09:45:35,505 - INFO - MAPO
2023-01-12 09:49:08,281 - INFO - MAPO
2023-01-12 09:49:16,142 - INFO - MAPO
2023-01-12 09:49:16,142 - INFO - MAPO
2023-01-12 09:49:21,074 - INFO - MAPO
2023-01-12 09:49:21,074 - INFO - MAPO
2023-01-12 09:49:21,074 - INFO - MAPO
2023-01-12 09:49:23,519 - INFO - MAPO
2023-01-12 09:49:23,519 - INFO - MAPO
2023-01-12 09:49:23,519 - INFO - MAPO
2023-01-12 09:49:23,519 - INFO - MAPO
2023-01-12 09:49:26,702 - INFO - NOWON
2023-01-12 09:49:26,702 - INFO - NOWON
2023-01-12 09:49:26,702 - INFO - NOWON
2023-01-12 09:49:26,702 - INFO - NOWON
2023-01-12 09:49:26,702 - INFO - NOWON
2023-01-12 09:49:56,919 - INFO - MAPO
2023-01-12 09:50:04,506 - INFO - MAPO
2023-01-12 09:50:04,506 - INFO - MAPO
2023-01-12 09:50:08,573 - INFO - MAPO
2023-01-12 09:50:08,573 - INFO - MAPO
2023-01-12 09:50:08,573 - INFO - MAPO
2023-01-12 09:50:10,997 - INFO - MAPO
2023-01-12 09:50:10,997 - INFO - MAPO
2023-01-12 09:50:10,997 - INFO - MAPO
2023-01-12 09:50:10,997 - INFO - MAPO
2023-01-12 09:50:14,189 - INFO - NOWON
2023-01-12 09:50:14,189 - INFO - NOWON
2023-01-12 09:50:14,189 - INFO - NOWON
2023-01-12 09:50:14,189 - INFO - NOWON
2023-01-12 09:50:14,189 - INFO - NOWON
2023-01-12 09:50:23,479 - INFO - NOWON
2023-01-12 09:50:23,479 - INFO - NOWON
2023-01-12 09:50:23,479 - INFO - NOWON
2023-01-12 09:50:23,479 - INFO - NOWON
2023-01-12 09:50:23,479 - INFO - NOWON
2023-01-12 09:50:23,479 - INFO - NOWON
2023-01-12 09:50:38,008 - INFO - SEOCHO
2023-01-12 09:50:38,008 - INFO - SEOCHO
2023-01-12 09:50:38,008 - INFO - SEOCHO
2023-01-12 09:50:38,008 - INFO - SEOCHO
2023-01-12 09:50:38,008 - INFO - SEOCHO
2023-01-12 09:50:38,008 - INFO - SEOCHO
2023-01-12 09:50:38,008 - INFO - SEOCHO
2023-01-12 09:50:39,812 - INFO - SEOCHO
2023-01-12 09:50:39,812 - INFO - SEOCHO
2023-01-12 09:50:39,812 - INFO - SEOCHO
2023-01-12 09:50:39,812 - INFO - SEOCHO
2023-01-12 09:50:39,812 - INFO - SEOCHO
2023-01-12 09:50:39,812 - INFO - SEOCHO
2023-01-12 09:50:39,812 - INFO - SEOCHO
2023-01-12 09:50:39,812 - INFO - SEOCHO
2023-01-12 09:50:41,605 - INFO - SEOCHO
2023-01-12 09:50:41,605 - INFO - SEOCHO
2023-01-12 09:50:41,605 - INFO - SEOCHO
2023-01-12 09:50:41,605 - INFO - SEOCHO
2023-01-12 09:50:41,605 - INFO - SEOCHO
2023-01-12 09:50:41,605 - INFO - SEOCHO
2023-01-12 09:50:41,605 - INFO - SEOCHO
2023-01-12 09:50:41,605 - INFO - SEOCHO
2023-01-12 09:50:41,605 - INFO - SEOCHO
2023-01-12 09:50:43,405 - INFO - SEOCHO
2023-01-12 09:50:43,405 - INFO - SEOCHO
2023-01-12 09:50:43,405 - INFO - SEOCHO
2023-01-12 09:50:43,405 - INFO - SEOCHO
2023-01-12 09:50:43,405 - INFO - SEOCHO
2023-01-12 09:50:43,405 - INFO - SEOCHO
2023-01-12 09:50:43,405 - INFO - SEOCHO
2023-01-12 09:50:43,405 - INFO - SEOCHO
2023-01-12 09:50:43,405 - INFO - SEOCHO
2023-01-12 09:50:43,405 - INFO - SEOCHO
2023-01-12 09:50:44,569 - INFO - SEONGBUK
2023-01-12 09:50:44,569 - INFO - SEONGBUK
2023-01-12 09:50:44,569 - INFO - SEONGBUK
2023-01-12 09:50:44,569 - INFO - SEONGBUK
2023-01-12 09:50:44,569 - INFO - SEONGBUK
2023-01-12 09:50:44,569 - INFO - SEONGBUK
2023-01-12 09:50:44,569 - INFO - SEONGBUK
2023-01-12 09:50:44,569 - INFO - SEONGBUK
2023-01-12 09:50:44,569 - INFO - SEONGBUK
2023-01-12 09:50:44,569 - INFO - SEONGBUK
2023-01-12 09:50:44,569 - INFO - SEONGBUK
2023-01-12 09:50:52,747 - INFO - SONGPA
2023-01-12 09:50:52,747 - INFO - SONGPA
2023-01-12 09:50:52,747 - INFO - SONGPA
2023-01-12 09:50:52,747 - INFO - SONGPA
2023-01-12 09:50:52,747 - INFO - SONGPA
2023-01-12 09:50:52,747 - INFO - SONGPA
2023-01-12 09:50:52,747 - INFO - SONGPA
2023-01-12 09:50:52,747 - INFO - SONGPA
2023-01-12 09:50:52,747 - INFO - SONGPA
2023-01-12 09:50:52,747 - INFO - SONGPA
2023-01-12 09:50:52,747 - INFO - SONGPA
2023-01-12 09:50:52,747 - INFO - SONGPA
2023-01-12 09:50:55,243 - INFO - SONGPA
2023-01-12 09:50:55,243 - INFO - SONGPA
2023-01-12 09:50:55,243 - INFO - SONGPA
2023-01-12 09:50:55,243 - INFO - SONGPA
2023-01-12 09:50:55,243 - INFO - SONGPA
2023-01-12 09:50:55,243 - INFO - SONGPA
2023-01-12 09:50:55,243 - INFO - SONGPA
2023-01-12 09:50:55,243 - INFO - SONGPA
2023-01-12 09:50:55,243 - INFO - SONGPA
2023-01-12 09:50:55,243 - INFO - SONGPA
2023-01-12 09:50:55,243 - INFO - SONGPA
2023-01-12 09:50:55,243 - INFO - SONGPA
2023-01-12 09:50:55,243 - INFO - SONGPA
2023-01-12 09:50:57,832 - INFO - SONGPA
2023-01-12 09:50:57,832 - INFO - SONGPA
2023-01-12 09:50:57,832 - INFO - SONGPA
2023-01-12 09:50:57,832 - INFO - SONGPA
2023-01-12 09:50:57,832 - INFO - SONGPA
2023-01-12 09:50:57,832 - INFO - SONGPA
2023-01-12 09:50:57,832 - INFO - SONGPA
2023-01-12 09:50:57,832 - INFO - SONGPA
2023-01-12 09:50:57,832 - INFO - SONGPA
2023-01-12 09:50:57,832 - INFO - SONGPA
2023-01-12 09:50:57,832 - INFO - SONGPA
2023-01-12 09:50:57,832 - INFO - SONGPA
2023-01-12 09:50:57,832 - INFO - SONGPA
2023-01-12 09:50:57,832 - INFO - SONGPA
2023-01-12 09:51:32,205 - INFO - SONGPA
2023-01-12 09:51:34,754 - INFO - SONGPA
2023-01-12 09:51:34,754 - INFO - SONGPA
2023-01-12 09:51:37,321 - INFO - SONGPA
2023-01-12 09:51:37,321 - INFO - SONGPA
2023-01-12 09:51:37,321 - INFO - SONGPA
2023-01-12 09:51:38,734 - INFO - YANGCHEON
2023-01-12 09:51:38,734 - INFO - YANGCHEON
2023-01-12 09:51:38,734 - INFO - YANGCHEON
2023-01-12 09:51:38,734 - INFO - YANGCHEON
2023-01-12 09:51:47,889 - INFO - YANGCHEON
2023-01-12 09:51:47,889 - INFO - YANGCHEON
2023-01-12 09:51:47,889 - INFO - YANGCHEON
2023-01-12 09:51:47,889 - INFO - YANGCHEON
2023-01-12 09:51:47,889 - INFO - YANGCHEON
2023-01-12 09:51:49,496 - INFO - YEONGDEUNGPO
2023-01-12 09:51:49,496 - INFO - YEONGDEUNGPO
2023-01-12 09:51:49,496 - INFO - YEONGDEUNGPO
2023-01-12 09:51:49,496 - INFO - YEONGDEUNGPO
2023-01-12 09:51:49,496 - INFO - YEONGDEUNGPO
2023-01-12 09:51:49,496 - INFO - YEONGDEUNGPO
2023-01-12 09:51:51,332 - INFO - YEONGDEUNGPO
2023-01-12 09:51:51,332 - INFO - YEONGDEUNGPO
2023-01-12 09:51:51,332 - INFO - YEONGDEUNGPO
2023-01-12 09:51:51,332 - INFO - YEONGDEUNGPO
2023-01-12 09:51:51,332 - INFO - YEONGDEUNGPO
2023-01-12 09:51:51,332 - INFO - YEONGDEUNGPO
2023-01-12 09:51:51,332 - INFO - YEONGDEUNGPO
2023-01-12 09:51:54,113 - INFO - SEOUL
2023-01-12 09:51:54,113 - INFO - SEOUL
2023-01-12 09:51:54,113 - INFO - SEOUL
2023-01-12 09:51:54,113 - INFO - SEOUL
2023-01-12 09:51:54,113 - INFO - SEOUL
2023-01-12 09:51:54,113 - INFO - SEOUL
2023-01-12 09:51:54,113 - INFO - SEOUL
2023-01-12 09:51:54,113 - INFO - SEOUL
2023-01-12 09:51:56,351 - INFO - SEOUL
2023-01-12 09:51:56,351 - INFO - SEOUL
2023-01-12 09:51:56,351 - INFO - SEOUL
2023-01-12 09:51:56,351 - INFO - SEOUL
2023-01-12 09:51:56,351 - INFO - SEOUL
2023-01-12 09:51:56,351 - INFO - SEOUL
2023-01-12 09:51:56,351 - INFO - SEOUL
2023-01-12 09:51:56,351 - INFO - SEOUL
2023-01-12 09:51:56,351 - INFO - SEOUL
2023-01-12 09:52:08,950 - INFO - SEOUL
2023-01-12 09:52:08,950 - INFO - SEOUL
2023-01-12 09:52:08,950 - INFO - SEOUL
2023-01-12 09:52:08,950 - INFO - SEOUL
2023-01-12 09:52:08,950 - INFO - SEOUL
2023-01-12 09:52:08,950 - INFO - SEOUL
2023-01-12 09:52:08,950 - INFO - SEOUL
2023-01-12 09:52:08,950 - INFO - SEOUL
2023-01-12 09:52:08,950 - INFO - SEOUL
2023-01-12 09:52:08,950 - INFO - SEOUL
2023-01-12 09:52:11,657 - INFO - SEOUL
2023-01-12 09:52:11,657 - INFO - SEOUL
2023-01-12 09:52:11,657 - INFO - SEOUL
2023-01-12 09:52:11,657 - INFO - SEOUL
2023-01-12 09:52:11,657 - INFO - SEOUL
2023-01-12 09:52:11,657 - INFO - SEOUL
2023-01-12 09:52:11,657 - INFO - SEOUL
2023-01-12 09:52:11,657 - INFO - SEOUL
2023-01-12 09:52:11,657 - INFO - SEOUL
2023-01-12 09:52:11,657 - INFO - SEOUL
2023-01-12 09:52:11,657 - INFO - SEOUL
2023-01-12 09:52:12,128 - WARNING - Failed to parse headers (url=https://www.sscmc.or.kr:443/info/notice/list.asp?db=BBS_notice&pageno=1&startpage=1&where=&keyfield=&keyword=&catekkk=): [MissingHeaderBodySeparatorDefect()], unparsed data: 'Server : Wow 3.8\r\nDate: Thu, 12 Jan 2023 00:52:12 GMT\r\nContent-Type: text/html\r\nContent-Length: 39690\r\nConnection: keep-alive\r\nCache-Control: private\r\nSet-Cookie: ASPSESSIONIDCQDCRRQD=ADMGBFOCPJGJKFFGPNCIMHPK; path=/\r\nX-Frame-Options: SAMEORIGIN\r\n\r\n'
Traceback (most recent call last):
  File "/Users/yeon/Library/Python/3.9/lib/python/site-packages/urllib3/connectionpool.py", line 469, in _make_request
    assert_header_parsing(httplib_response.msg)
  File "/Users/yeon/Library/Python/3.9/lib/python/site-packages/urllib3/util/response.py", line 91, in assert_header_parsing
    raise HeaderParsingError(defects=defects, unparsed_data=unparsed_data)
urllib3.exceptions.HeaderParsingError: [MissingHeaderBodySeparatorDefect()], unparsed data: 'Server : Wow 3.8\r\nDate: Thu, 12 Jan 2023 00:52:12 GMT\r\nContent-Type: text/html\r\nContent-Length: 39690\r\nConnection: keep-alive\r\nCache-Control: private\r\nSet-Cookie: ASPSESSIONIDCQDCRRQD=ADMGBFOCPJGJKFFGPNCIMHPK; path=/\r\nX-Frame-Options: SAMEORIGIN\r\n\r\n'
2023-01-12 09:52:12,128 - WARNING - Failed to parse headers (url=https://www.sscmc.or.kr:443/info/notice/list.asp?db=BBS_notice&pageno=1&startpage=1&where=&keyfield=&keyword=&catekkk=): [MissingHeaderBodySeparatorDefect()], unparsed data: 'Server : Wow 3.8\r\nDate: Thu, 12 Jan 2023 00:52:12 GMT\r\nContent-Type: text/html\r\nContent-Length: 39690\r\nConnection: keep-alive\r\nCache-Control: private\r\nSet-Cookie: ASPSESSIONIDCQDCRRQD=ADMGBFOCPJGJKFFGPNCIMHPK; path=/\r\nX-Frame-Options: SAMEORIGIN\r\n\r\n'
Traceback (most recent call last):
  File "/Users/yeon/Library/Python/3.9/lib/python/site-packages/urllib3/connectionpool.py", line 469, in _make_request
    assert_header_parsing(httplib_response.msg)
  File "/Users/yeon/Library/Python/3.9/lib/python/site-packages/urllib3/util/response.py", line 91, in assert_header_parsing
    raise HeaderParsingError(defects=defects, unparsed_data=unparsed_data)
urllib3.exceptions.HeaderParsingError: [MissingHeaderBodySeparatorDefect()], unparsed data: 'Server : Wow 3.8\r\nDate: Thu, 12 Jan 2023 00:52:12 GMT\r\nContent-Type: text/html\r\nContent-Length: 39690\r\nConnection: keep-alive\r\nCache-Control: private\r\nSet-Cookie: ASPSESSIONIDCQDCRRQD=ADMGBFOCPJGJKFFGPNCIMHPK; path=/\r\nX-Frame-Options: SAMEORIGIN\r\n\r\n'
2023-01-12 09:52:12,128 - WARNING - Failed to parse headers (url=https://www.sscmc.or.kr:443/info/notice/list.asp?db=BBS_notice&pageno=1&startpage=1&where=&keyfield=&keyword=&catekkk=): [MissingHeaderBodySeparatorDefect()], unparsed data: 'Server : Wow 3.8\r\nDate: Thu, 12 Jan 2023 00:52:12 GMT\r\nContent-Type: text/html\r\nContent-Length: 39690\r\nConnection: keep-alive\r\nCache-Control: private\r\nSet-Cookie: ASPSESSIONIDCQDCRRQD=ADMGBFOCPJGJKFFGPNCIMHPK; path=/\r\nX-Frame-Options: SAMEORIGIN\r\n\r\n'
Traceback (most recent call last):
  File "/Users/yeon/Library/Python/3.9/lib/python/site-packages/urllib3/connectionpool.py", line 469, in _make_request
    assert_header_parsing(httplib_response.msg)
  File "/Users/yeon/Library/Python/3.9/lib/python/site-packages/urllib3/util/response.py", line 91, in assert_header_parsing
    raise HeaderParsingError(defects=defects, unparsed_data=unparsed_data)
urllib3.exceptions.HeaderParsingError: [MissingHeaderBodySeparatorDefect()], unparsed data: 'Server : Wow 3.8\r\nDate: Thu, 12 Jan 2023 00:52:12 GMT\r\nContent-Type: text/html\r\nContent-Length: 39690\r\nConnection: keep-alive\r\nCache-Control: private\r\nSet-Cookie: ASPSESSIONIDCQDCRRQD=ADMGBFOCPJGJKFFGPNCIMHPK; path=/\r\nX-Frame-Options: SAMEORIGIN\r\n\r\n'
2023-01-12 09:52:12,128 - WARNING - Failed to parse headers (url=https://www.sscmc.or.kr:443/info/notice/list.asp?db=BBS_notice&pageno=1&startpage=1&where=&keyfield=&keyword=&catekkk=): [MissingHeaderBodySeparatorDefect()], unparsed data: 'Server : Wow 3.8\r\nDate: Thu, 12 Jan 2023 00:52:12 GMT\r\nContent-Type: text/html\r\nContent-Length: 39690\r\nConnection: keep-alive\r\nCache-Control: private\r\nSet-Cookie: ASPSESSIONIDCQDCRRQD=ADMGBFOCPJGJKFFGPNCIMHPK; path=/\r\nX-Frame-Options: SAMEORIGIN\r\n\r\n'
Traceback (most recent call last):
  File "/Users/yeon/Library/Python/3.9/lib/python/site-packages/urllib3/connectionpool.py", line 469, in _make_request
    assert_header_parsing(httplib_response.msg)
  File "/Users/yeon/Library/Python/3.9/lib/python/site-packages/urllib3/util/response.py", line 91, in assert_header_parsing
    raise HeaderParsingError(defects=defects, unparsed_data=unparsed_data)
urllib3.exceptions.HeaderParsingError: [MissingHeaderBodySeparatorDefect()], unparsed data: 'Server : Wow 3.8\r\nDate: Thu, 12 Jan 2023 00:52:12 GMT\r\nContent-Type: text/html\r\nContent-Length: 39690\r\nConnection: keep-alive\r\nCache-Control: private\r\nSet-Cookie: ASPSESSIONIDCQDCRRQD=ADMGBFOCPJGJKFFGPNCIMHPK; path=/\r\nX-Frame-Options: SAMEORIGIN\r\n\r\n'
2023-01-12 09:52:12,128 - WARNING - Failed to parse headers (url=https://www.sscmc.or.kr:443/info/notice/list.asp?db=BBS_notice&pageno=1&startpage=1&where=&keyfield=&keyword=&catekkk=): [MissingHeaderBodySeparatorDefect()], unparsed data: 'Server : Wow 3.8\r\nDate: Thu, 12 Jan 2023 00:52:12 GMT\r\nContent-Type: text/html\r\nContent-Length: 39690\r\nConnection: keep-alive\r\nCache-Control: private\r\nSet-Cookie: ASPSESSIONIDCQDCRRQD=ADMGBFOCPJGJKFFGPNCIMHPK; path=/\r\nX-Frame-Options: SAMEORIGIN\r\n\r\n'
Traceback (most recent call last):
  File "/Users/yeon/Library/Python/3.9/lib/python/site-packages/urllib3/connectionpool.py", line 469, in _make_request
    assert_header_parsing(httplib_response.msg)
  File "/Users/yeon/Library/Python/3.9/lib/python/site-packages/urllib3/util/response.py", line 91, in assert_header_parsing
    raise HeaderParsingError(defects=defects, unparsed_data=unparsed_data)
urllib3.exceptions.HeaderParsingError: [MissingHeaderBodySeparatorDefect()], unparsed data: 'Server : Wow 3.8\r\nDate: Thu, 12 Jan 2023 00:52:12 GMT\r\nContent-Type: text/html\r\nContent-Length: 39690\r\nConnection: keep-alive\r\nCache-Control: private\r\nSet-Cookie: ASPSESSIONIDCQDCRRQD=ADMGBFOCPJGJKFFGPNCIMHPK; path=/\r\nX-Frame-Options: SAMEORIGIN\r\n\r\n'
2023-01-12 09:52:12,128 - WARNING - Failed to parse headers (url=https://www.sscmc.or.kr:443/info/notice/list.asp?db=BBS_notice&pageno=1&startpage=1&where=&keyfield=&keyword=&catekkk=): [MissingHeaderBodySeparatorDefect()], unparsed data: 'Server : Wow 3.8\r\nDate: Thu, 12 Jan 2023 00:52:12 GMT\r\nContent-Type: text/html\r\nContent-Length: 39690\r\nConnection: keep-alive\r\nCache-Control: private\r\nSet-Cookie: ASPSESSIONIDCQDCRRQD=ADMGBFOCPJGJKFFGPNCIMHPK; path=/\r\nX-Frame-Options: SAMEORIGIN\r\n\r\n'
Traceback (most recent call last):
  File "/Users/yeon/Library/Python/3.9/lib/python/site-packages/urllib3/connectionpool.py", line 469, in _make_request
    assert_header_parsing(httplib_response.msg)
  File "/Users/yeon/Library/Python/3.9/lib/python/site-packages/urllib3/util/response.py", line 91, in assert_header_parsing
    raise HeaderParsingError(defects=defects, unparsed_data=unparsed_data)
urllib3.exceptions.HeaderParsingError: [MissingHeaderBodySeparatorDefect()], unparsed data: 'Server : Wow 3.8\r\nDate: Thu, 12 Jan 2023 00:52:12 GMT\r\nContent-Type: text/html\r\nContent-Length: 39690\r\nConnection: keep-alive\r\nCache-Control: private\r\nSet-Cookie: ASPSESSIONIDCQDCRRQD=ADMGBFOCPJGJKFFGPNCIMHPK; path=/\r\nX-Frame-Options: SAMEORIGIN\r\n\r\n'
2023-01-12 09:52:12,128 - WARNING - Failed to parse headers (url=https://www.sscmc.or.kr:443/info/notice/list.asp?db=BBS_notice&pageno=1&startpage=1&where=&keyfield=&keyword=&catekkk=): [MissingHeaderBodySeparatorDefect()], unparsed data: 'Server : Wow 3.8\r\nDate: Thu, 12 Jan 2023 00:52:12 GMT\r\nContent-Type: text/html\r\nContent-Length: 39690\r\nConnection: keep-alive\r\nCache-Control: private\r\nSet-Cookie: ASPSESSIONIDCQDCRRQD=ADMGBFOCPJGJKFFGPNCIMHPK; path=/\r\nX-Frame-Options: SAMEORIGIN\r\n\r\n'
Traceback (most recent call last):
  File "/Users/yeon/Library/Python/3.9/lib/python/site-packages/urllib3/connectionpool.py", line 469, in _make_request
    assert_header_parsing(httplib_response.msg)
  File "/Users/yeon/Library/Python/3.9/lib/python/site-packages/urllib3/util/response.py", line 91, in assert_header_parsing
    raise HeaderParsingError(defects=defects, unparsed_data=unparsed_data)
urllib3.exceptions.HeaderParsingError: [MissingHeaderBodySeparatorDefect()], unparsed data: 'Server : Wow 3.8\r\nDate: Thu, 12 Jan 2023 00:52:12 GMT\r\nContent-Type: text/html\r\nContent-Length: 39690\r\nConnection: keep-alive\r\nCache-Control: private\r\nSet-Cookie: ASPSESSIONIDCQDCRRQD=ADMGBFOCPJGJKFFGPNCIMHPK; path=/\r\nX-Frame-Options: SAMEORIGIN\r\n\r\n'
2023-01-12 09:52:12,128 - WARNING - Failed to parse headers (url=https://www.sscmc.or.kr:443/info/notice/list.asp?db=BBS_notice&pageno=1&startpage=1&where=&keyfield=&keyword=&catekkk=): [MissingHeaderBodySeparatorDefect()], unparsed data: 'Server : Wow 3.8\r\nDate: Thu, 12 Jan 2023 00:52:12 GMT\r\nContent-Type: text/html\r\nContent-Length: 39690\r\nConnection: keep-alive\r\nCache-Control: private\r\nSet-Cookie: ASPSESSIONIDCQDCRRQD=ADMGBFOCPJGJKFFGPNCIMHPK; path=/\r\nX-Frame-Options: SAMEORIGIN\r\n\r\n'
Traceback (most recent call last):
  File "/Users/yeon/Library/Python/3.9/lib/python/site-packages/urllib3/connectionpool.py", line 469, in _make_request
    assert_header_parsing(httplib_response.msg)
  File "/Users/yeon/Library/Python/3.9/lib/python/site-packages/urllib3/util/response.py", line 91, in assert_header_parsing
    raise HeaderParsingError(defects=defects, unparsed_data=unparsed_data)
urllib3.exceptions.HeaderParsingError: [MissingHeaderBodySeparatorDefect()], unparsed data: 'Server : Wow 3.8\r\nDate: Thu, 12 Jan 2023 00:52:12 GMT\r\nContent-Type: text/html\r\nContent-Length: 39690\r\nConnection: keep-alive\r\nCache-Control: private\r\nSet-Cookie: ASPSESSIONIDCQDCRRQD=ADMGBFOCPJGJKFFGPNCIMHPK; path=/\r\nX-Frame-Options: SAMEORIGIN\r\n\r\n'
2023-01-12 09:52:12,128 - WARNING - Failed to parse headers (url=https://www.sscmc.or.kr:443/info/notice/list.asp?db=BBS_notice&pageno=1&startpage=1&where=&keyfield=&keyword=&catekkk=): [MissingHeaderBodySeparatorDefect()], unparsed data: 'Server : Wow 3.8\r\nDate: Thu, 12 Jan 2023 00:52:12 GMT\r\nContent-Type: text/html\r\nContent-Length: 39690\r\nConnection: keep-alive\r\nCache-Control: private\r\nSet-Cookie: ASPSESSIONIDCQDCRRQD=ADMGBFOCPJGJKFFGPNCIMHPK; path=/\r\nX-Frame-Options: SAMEORIGIN\r\n\r\n'
Traceback (most recent call last):
  File "/Users/yeon/Library/Python/3.9/lib/python/site-packages/urllib3/connectionpool.py", line 469, in _make_request
    assert_header_parsing(httplib_response.msg)
  File "/Users/yeon/Library/Python/3.9/lib/python/site-packages/urllib3/util/response.py", line 91, in assert_header_parsing
    raise HeaderParsingError(defects=defects, unparsed_data=unparsed_data)
urllib3.exceptions.HeaderParsingError: [MissingHeaderBodySeparatorDefect()], unparsed data: 'Server : Wow 3.8\r\nDate: Thu, 12 Jan 2023 00:52:12 GMT\r\nContent-Type: text/html\r\nContent-Length: 39690\r\nConnection: keep-alive\r\nCache-Control: private\r\nSet-Cookie: ASPSESSIONIDCQDCRRQD=ADMGBFOCPJGJKFFGPNCIMHPK; path=/\r\nX-Frame-Options: SAMEORIGIN\r\n\r\n'
2023-01-12 09:52:12,128 - WARNING - Failed to parse headers (url=https://www.sscmc.or.kr:443/info/notice/list.asp?db=BBS_notice&pageno=1&startpage=1&where=&keyfield=&keyword=&catekkk=): [MissingHeaderBodySeparatorDefect()], unparsed data: 'Server : Wow 3.8\r\nDate: Thu, 12 Jan 2023 00:52:12 GMT\r\nContent-Type: text/html\r\nContent-Length: 39690\r\nConnection: keep-alive\r\nCache-Control: private\r\nSet-Cookie: ASPSESSIONIDCQDCRRQD=ADMGBFOCPJGJKFFGPNCIMHPK; path=/\r\nX-Frame-Options: SAMEORIGIN\r\n\r\n'
Traceback (most recent call last):
  File "/Users/yeon/Library/Python/3.9/lib/python/site-packages/urllib3/connectionpool.py", line 469, in _make_request
    assert_header_parsing(httplib_response.msg)
  File "/Users/yeon/Library/Python/3.9/lib/python/site-packages/urllib3/util/response.py", line 91, in assert_header_parsing
    raise HeaderParsingError(defects=defects, unparsed_data=unparsed_data)
urllib3.exceptions.HeaderParsingError: [MissingHeaderBodySeparatorDefect()], unparsed data: 'Server : Wow 3.8\r\nDate: Thu, 12 Jan 2023 00:52:12 GMT\r\nContent-Type: text/html\r\nContent-Length: 39690\r\nConnection: keep-alive\r\nCache-Control: private\r\nSet-Cookie: ASPSESSIONIDCQDCRRQD=ADMGBFOCPJGJKFFGPNCIMHPK; path=/\r\nX-Frame-Options: SAMEORIGIN\r\n\r\n'
2023-01-12 09:52:12,128 - WARNING - Failed to parse headers (url=https://www.sscmc.or.kr:443/info/notice/list.asp?db=BBS_notice&pageno=1&startpage=1&where=&keyfield=&keyword=&catekkk=): [MissingHeaderBodySeparatorDefect()], unparsed data: 'Server : Wow 3.8\r\nDate: Thu, 12 Jan 2023 00:52:12 GMT\r\nContent-Type: text/html\r\nContent-Length: 39690\r\nConnection: keep-alive\r\nCache-Control: private\r\nSet-Cookie: ASPSESSIONIDCQDCRRQD=ADMGBFOCPJGJKFFGPNCIMHPK; path=/\r\nX-Frame-Options: SAMEORIGIN\r\n\r\n'
Traceback (most recent call last):
  File "/Users/yeon/Library/Python/3.9/lib/python/site-packages/urllib3/connectionpool.py", line 469, in _make_request
    assert_header_parsing(httplib_response.msg)
  File "/Users/yeon/Library/Python/3.9/lib/python/site-packages/urllib3/util/response.py", line 91, in assert_header_parsing
    raise HeaderParsingError(defects=defects, unparsed_data=unparsed_data)
urllib3.exceptions.HeaderParsingError: [MissingHeaderBodySeparatorDefect()], unparsed data: 'Server : Wow 3.8\r\nDate: Thu, 12 Jan 2023 00:52:12 GMT\r\nContent-Type: text/html\r\nContent-Length: 39690\r\nConnection: keep-alive\r\nCache-Control: private\r\nSet-Cookie: ASPSESSIONIDCQDCRRQD=ADMGBFOCPJGJKFFGPNCIMHPK; path=/\r\nX-Frame-Options: SAMEORIGIN\r\n\r\n'
2023-01-12 09:53:27,588 - INFO - SEODAEMUN
2023-01-12 09:53:27,588 - INFO - SEODAEMUN
2023-01-12 09:53:27,588 - INFO - SEODAEMUN
2023-01-12 09:53:27,588 - INFO - SEODAEMUN
2023-01-12 09:53:27,588 - INFO - SEODAEMUN
2023-01-12 09:53:27,588 - INFO - SEODAEMUN
2023-01-12 09:53:27,588 - INFO - SEODAEMUN
2023-01-12 09:53:27,588 - INFO - SEODAEMUN
2023-01-12 09:53:27,588 - INFO - SEODAEMUN
2023-01-12 09:53:27,588 - INFO - SEODAEMUN
2023-01-12 09:53:27,588 - INFO - SEODAEMUN
2023-01-12 09:53:27,588 - INFO - SEODAEMUN
2023-01-12 17:09:55,263 - INFO - JUNGNANG
2023-01-12 17:09:56,181 - WARNING - Failed to parse headers (url=https://www.jungnang.go.kr:443/portal/bbs/list/B0000002.do?searchCnd=&searchWrd=&gubun=&delCode=0&useAt=&replyAt=&menuNo=200473&sdate=&edate=&deptId=&deptName=&popupYn=&dept=&dong=&option1=&viewType=&searchCnd2=&pageIndex=1): [FirstHeaderLineIsContinuationDefect(' X-Content-Type-Options: nosniff\r\n')], unparsed data: ''
Traceback (most recent call last):
  File "/Users/yeon/Library/Python/3.9/lib/python/site-packages/urllib3/connectionpool.py", line 469, in _make_request
    assert_header_parsing(httplib_response.msg)
  File "/Users/yeon/Library/Python/3.9/lib/python/site-packages/urllib3/util/response.py", line 91, in assert_header_parsing
    raise HeaderParsingError(defects=defects, unparsed_data=unparsed_data)
urllib3.exceptions.HeaderParsingError: [FirstHeaderLineIsContinuationDefect(' X-Content-Type-Options: nosniff\r\n')], unparsed data: ''
2023-01-12 17:09:56,958 - INFO - JUNGNANG
2023-01-12 17:09:56,958 - INFO - JUNGNANG
2023-01-12 17:10:05,397 - INFO - YONGSAN
2023-01-12 17:10:05,397 - INFO - YONGSAN
2023-01-12 17:10:05,397 - INFO - YONGSAN
2023-01-12 17:10:07,402 - INFO - YONGSAN
2023-01-12 17:10:07,402 - INFO - YONGSAN
2023-01-12 17:10:07,402 - INFO - YONGSAN
2023-01-12 17:10:07,402 - INFO - YONGSAN
2023-01-12 17:10:09,158 - INFO - YONGSAN
2023-01-12 17:10:09,158 - INFO - YONGSAN
2023-01-12 17:10:09,158 - INFO - YONGSAN
2023-01-12 17:10:09,158 - INFO - YONGSAN
2023-01-12 17:10:09,158 - INFO - YONGSAN
2023-01-12 17:10:11,014 - INFO - GANGNAM
2023-01-12 17:10:11,014 - INFO - GANGNAM
2023-01-12 17:10:11,014 - INFO - GANGNAM
2023-01-12 17:10:11,014 - INFO - GANGNAM
2023-01-12 17:10:11,014 - INFO - GANGNAM
2023-01-12 17:10:11,014 - INFO - GANGNAM
2023-01-12 17:10:23,150 - INFO - GANGNAM
2023-01-12 17:10:23,150 - INFO - GANGNAM
2023-01-12 17:10:23,150 - INFO - GANGNAM
2023-01-12 17:10:23,150 - INFO - GANGNAM
2023-01-12 17:10:23,150 - INFO - GANGNAM
2023-01-12 17:10:23,150 - INFO - GANGNAM
2023-01-12 17:10:23,150 - INFO - GANGNAM
2023-01-12 17:10:24,916 - INFO - GANGDONG
2023-01-12 17:10:24,916 - INFO - GANGDONG
2023-01-12 17:10:24,916 - INFO - GANGDONG
2023-01-12 17:10:24,916 - INFO - GANGDONG
2023-01-12 17:10:24,916 - INFO - GANGDONG
2023-01-12 17:10:24,916 - INFO - GANGDONG
2023-01-12 17:10:24,916 - INFO - GANGDONG
2023-01-12 17:10:24,916 - INFO - GANGDONG
2023-01-12 17:10:30,955 - INFO - GURO
2023-01-12 17:10:30,955 - INFO - GURO
2023-01-12 17:10:30,955 - INFO - GURO
2023-01-12 17:10:30,955 - INFO - GURO
2023-01-12 17:10:30,955 - INFO - GURO
2023-01-12 17:10:30,955 - INFO - GURO
2023-01-12 17:10:30,955 - INFO - GURO
2023-01-12 17:10:30,955 - INFO - GURO
2023-01-12 17:10:30,955 - INFO - GURO
2023-01-12 17:10:33,682 - INFO - GURO
2023-01-12 17:10:33,682 - INFO - GURO
2023-01-12 17:10:33,682 - INFO - GURO
2023-01-12 17:10:33,682 - INFO - GURO
2023-01-12 17:10:33,682 - INFO - GURO
2023-01-12 17:10:33,682 - INFO - GURO
2023-01-12 17:10:33,682 - INFO - GURO
2023-01-12 17:10:33,682 - INFO - GURO
2023-01-12 17:10:33,682 - INFO - GURO
2023-01-12 17:10:33,682 - INFO - GURO
2023-01-12 17:10:43,099 - INFO - GANGSEO
2023-01-12 17:10:43,099 - INFO - GANGSEO
2023-01-12 17:10:43,099 - INFO - GANGSEO
2023-01-12 17:10:43,099 - INFO - GANGSEO
2023-01-12 17:10:43,099 - INFO - GANGSEO
2023-01-12 17:10:43,099 - INFO - GANGSEO
2023-01-12 17:10:43,099 - INFO - GANGSEO
2023-01-12 17:10:43,099 - INFO - GANGSEO
2023-01-12 17:10:43,099 - INFO - GANGSEO
2023-01-12 17:10:43,099 - INFO - GANGSEO
2023-01-12 17:10:43,099 - INFO - GANGSEO
2023-01-12 17:10:46,063 - INFO - GANGSEO
2023-01-12 17:10:46,063 - INFO - GANGSEO
2023-01-12 17:10:46,063 - INFO - GANGSEO
2023-01-12 17:10:46,063 - INFO - GANGSEO
2023-01-12 17:10:46,063 - INFO - GANGSEO
2023-01-12 17:10:46,063 - INFO - GANGSEO
2023-01-12 17:10:46,063 - INFO - GANGSEO
2023-01-12 17:10:46,063 - INFO - GANGSEO
2023-01-12 17:10:46,063 - INFO - GANGSEO
2023-01-12 17:10:46,063 - INFO - GANGSEO
2023-01-12 17:10:46,063 - INFO - GANGSEO
2023-01-12 17:10:46,063 - INFO - GANGSEO
2023-01-12 17:10:47,886 - INFO - GANGDONG
2023-01-12 17:10:47,886 - INFO - GANGDONG
2023-01-12 17:10:47,886 - INFO - GANGDONG
2023-01-12 17:10:47,886 - INFO - GANGDONG
2023-01-12 17:10:47,886 - INFO - GANGDONG
2023-01-12 17:10:47,886 - INFO - GANGDONG
2023-01-12 17:10:47,886 - INFO - GANGDONG
2023-01-12 17:10:47,886 - INFO - GANGDONG
2023-01-12 17:10:47,886 - INFO - GANGDONG
2023-01-12 17:10:47,886 - INFO - GANGDONG
2023-01-12 17:10:47,886 - INFO - GANGDONG
2023-01-12 17:10:47,886 - INFO - GANGDONG
2023-01-12 17:10:47,886 - INFO - GANGDONG
2023-01-12 17:10:50,096 - INFO - GANGDONG
2023-01-12 17:10:50,096 - INFO - GANGDONG
2023-01-12 17:10:50,096 - INFO - GANGDONG
2023-01-12 17:10:50,096 - INFO - GANGDONG
2023-01-12 17:10:50,096 - INFO - GANGDONG
2023-01-12 17:10:50,096 - INFO - GANGDONG
2023-01-12 17:10:50,096 - INFO - GANGDONG
2023-01-12 17:10:50,096 - INFO - GANGDONG
2023-01-12 17:10:50,096 - INFO - GANGDONG
2023-01-12 17:10:50,096 - INFO - GANGDONG
2023-01-12 17:10:50,096 - INFO - GANGDONG
2023-01-12 17:10:50,096 - INFO - GANGDONG
2023-01-12 17:10:50,096 - INFO - GANGDONG
2023-01-12 17:10:50,096 - INFO - GANGDONG
2023-01-12 17:10:52,080 - INFO - GANGDONG
2023-01-12 17:10:52,080 - INFO - GANGDONG
2023-01-12 17:10:52,080 - INFO - GANGDONG
2023-01-12 17:10:52,080 - INFO - GANGDONG
2023-01-12 17:10:52,080 - INFO - GANGDONG
2023-01-12 17:10:52,080 - INFO - GANGDONG
2023-01-12 17:10:52,080 - INFO - GANGDONG
2023-01-12 17:10:52,080 - INFO - GANGDONG
2023-01-12 17:10:52,080 - INFO - GANGDONG
2023-01-12 17:10:52,080 - INFO - GANGDONG
2023-01-12 17:10:52,080 - INFO - GANGDONG
2023-01-12 17:10:52,080 - INFO - GANGDONG
2023-01-12 17:10:52,080 - INFO - GANGDONG
2023-01-12 17:10:52,080 - INFO - GANGDONG
2023-01-12 17:10:52,080 - INFO - GANGDONG
2023-01-12 17:11:00,947 - INFO - DOBONG
2023-01-12 17:11:00,947 - INFO - DOBONG
2023-01-12 17:11:00,947 - INFO - DOBONG
2023-01-12 17:11:00,947 - INFO - DOBONG
2023-01-12 17:11:00,947 - INFO - DOBONG
2023-01-12 17:11:00,947 - INFO - DOBONG
2023-01-12 17:11:00,947 - INFO - DOBONG
2023-01-12 17:11:00,947 - INFO - DOBONG
2023-01-12 17:11:00,947 - INFO - DOBONG
2023-01-12 17:11:00,947 - INFO - DOBONG
2023-01-12 17:11:00,947 - INFO - DOBONG
2023-01-12 17:11:00,947 - INFO - DOBONG
2023-01-12 17:11:00,947 - INFO - DOBONG
2023-01-12 17:11:00,947 - INFO - DOBONG
2023-01-12 17:11:00,947 - INFO - DOBONG
2023-01-12 17:11:00,947 - INFO - DOBONG
2023-01-12 17:11:02,882 - INFO - DOBONG
2023-01-12 17:11:02,882 - INFO - DOBONG
2023-01-12 17:11:02,882 - INFO - DOBONG
2023-01-12 17:11:02,882 - INFO - DOBONG
2023-01-12 17:11:02,882 - INFO - DOBONG
2023-01-12 17:11:02,882 - INFO - DOBONG
2023-01-12 17:11:02,882 - INFO - DOBONG
2023-01-12 17:11:02,882 - INFO - DOBONG
2023-01-12 17:11:02,882 - INFO - DOBONG
2023-01-12 17:11:02,882 - INFO - DOBONG
2023-01-12 17:11:02,882 - INFO - DOBONG
2023-01-12 17:11:02,882 - INFO - DOBONG
2023-01-12 17:11:02,882 - INFO - DOBONG
2023-01-12 17:11:02,882 - INFO - DOBONG
2023-01-12 17:11:02,882 - INFO - DOBONG
2023-01-12 17:11:02,882 - INFO - DOBONG
2023-01-12 17:11:02,882 - INFO - DOBONG
2023-01-12 17:11:04,302 - INFO - GANGBUK
2023-01-12 17:11:04,302 - INFO - GANGBUK
2023-01-12 17:11:04,302 - INFO - GANGBUK
2023-01-12 17:11:04,302 - INFO - GANGBUK
2023-01-12 17:11:04,302 - INFO - GANGBUK
2023-01-12 17:11:04,302 - INFO - GANGBUK
2023-01-12 17:11:04,302 - INFO - GANGBUK
2023-01-12 17:11:04,302 - INFO - GANGBUK
2023-01-12 17:11:04,302 - INFO - GANGBUK
2023-01-12 17:11:04,302 - INFO - GANGBUK
2023-01-12 17:11:04,302 - INFO - GANGBUK
2023-01-12 17:11:04,302 - INFO - GANGBUK
2023-01-12 17:11:04,302 - INFO - GANGBUK
2023-01-12 17:11:04,302 - INFO - GANGBUK
2023-01-12 17:11:04,302 - INFO - GANGBUK
2023-01-12 17:11:04,302 - INFO - GANGBUK
2023-01-12 17:11:04,302 - INFO - GANGBUK
2023-01-12 17:11:04,302 - INFO - GANGBUK
2023-01-12 17:11:13,227 - INFO - GANGBUK
2023-01-12 17:11:13,227 - INFO - GANGBUK
2023-01-12 17:11:13,227 - INFO - GANGBUK
2023-01-12 17:11:13,227 - INFO - GANGBUK
2023-01-12 17:11:13,227 - INFO - GANGBUK
2023-01-12 17:11:13,227 - INFO - GANGBUK
2023-01-12 17:11:13,227 - INFO - GANGBUK
2023-01-12 17:11:13,227 - INFO - GANGBUK
2023-01-12 17:11:13,227 - INFO - GANGBUK
2023-01-12 17:11:13,227 - INFO - GANGBUK
2023-01-12 17:11:13,227 - INFO - GANGBUK
2023-01-12 17:11:13,227 - INFO - GANGBUK
2023-01-12 17:11:13,227 - INFO - GANGBUK
2023-01-12 17:11:13,227 - INFO - GANGBUK
2023-01-12 17:11:13,227 - INFO - GANGBUK
2023-01-12 17:11:13,227 - INFO - GANGBUK
2023-01-12 17:11:13,227 - INFO - GANGBUK
2023-01-12 17:11:13,227 - INFO - GANGBUK
2023-01-12 17:11:13,227 - INFO - GANGBUK
2023-01-12 17:11:22,330 - INFO - DONGDAEMUN
2023-01-12 17:11:22,330 - INFO - DONGDAEMUN
2023-01-12 17:11:22,330 - INFO - DONGDAEMUN
2023-01-12 17:11:22,330 - INFO - DONGDAEMUN
2023-01-12 17:11:22,330 - INFO - DONGDAEMUN
2023-01-12 17:11:22,330 - INFO - DONGDAEMUN
2023-01-12 17:11:22,330 - INFO - DONGDAEMUN
2023-01-12 17:11:22,330 - INFO - DONGDAEMUN
2023-01-12 17:11:22,330 - INFO - DONGDAEMUN
2023-01-12 17:11:22,330 - INFO - DONGDAEMUN
2023-01-12 17:11:22,330 - INFO - DONGDAEMUN
2023-01-12 17:11:22,330 - INFO - DONGDAEMUN
2023-01-12 17:11:22,330 - INFO - DONGDAEMUN
2023-01-12 17:11:22,330 - INFO - DONGDAEMUN
2023-01-12 17:11:22,330 - INFO - DONGDAEMUN
2023-01-12 17:11:22,330 - INFO - DONGDAEMUN
2023-01-12 17:11:22,330 - INFO - DONGDAEMUN
2023-01-12 17:11:22,330 - INFO - DONGDAEMUN
2023-01-12 17:11:22,330 - INFO - DONGDAEMUN
2023-01-12 17:11:22,330 - INFO - DONGDAEMUN
2023-01-12 17:12:07,110 - INFO - DONGDAEMUN
2023-01-12 17:12:09,273 - INFO - DONGDAEMUN
2023-01-12 17:12:09,273 - INFO - DONGDAEMUN
2023-01-12 17:12:11,425 - INFO - DONGDAEMUN
2023-01-12 17:12:11,425 - INFO - DONGDAEMUN
2023-01-12 17:12:11,425 - INFO - DONGDAEMUN
2023-01-12 17:12:12,803 - INFO - DONGJAK
2023-01-12 17:12:12,803 - INFO - DONGJAK
2023-01-12 17:12:12,803 - INFO - DONGJAK
2023-01-12 17:12:12,803 - INFO - DONGJAK
2023-01-12 17:12:16,288 - INFO - DONGJAK
2023-01-12 17:12:16,288 - INFO - DONGJAK
2023-01-12 17:12:16,288 - INFO - DONGJAK
2023-01-12 17:12:16,288 - INFO - DONGJAK
2023-01-12 17:12:16,288 - INFO - DONGJAK
2023-01-12 17:12:29,059 - INFO - GEUAMCHEOUN
2023-01-12 17:12:29,059 - INFO - GEUAMCHEOUN
2023-01-12 17:12:29,059 - INFO - GEUAMCHEOUN
2023-01-12 17:12:29,059 - INFO - GEUAMCHEOUN
2023-01-12 17:12:29,059 - INFO - GEUAMCHEOUN
2023-01-12 17:12:29,059 - INFO - GEUAMCHEOUN
2023-01-12 17:13:24,340 - INFO - DONGDAEMUN
2023-01-12 17:13:26,484 - INFO - DONGDAEMUN
2023-01-12 17:13:26,484 - INFO - DONGDAEMUN
2023-01-12 17:13:28,569 - INFO - DONGDAEMUN
2023-01-12 17:13:28,569 - INFO - DONGDAEMUN
2023-01-12 17:13:28,569 - INFO - DONGDAEMUN
2023-01-12 17:13:30,029 - INFO - DONGJAK
2023-01-12 17:13:30,029 - INFO - DONGJAK
2023-01-12 17:13:30,029 - INFO - DONGJAK
2023-01-12 17:13:30,029 - INFO - DONGJAK
2023-01-12 17:13:33,360 - INFO - DONGJAK
2023-01-12 17:13:33,360 - INFO - DONGJAK
2023-01-12 17:13:33,360 - INFO - DONGJAK
2023-01-12 17:13:33,360 - INFO - DONGJAK
2023-01-12 17:13:33,360 - INFO - DONGJAK
2023-01-12 17:13:46,600 - INFO - GEUAMCHEOUN
2023-01-12 17:13:46,600 - INFO - GEUAMCHEOUN
2023-01-12 17:13:46,600 - INFO - GEUAMCHEOUN
2023-01-12 17:13:46,600 - INFO - GEUAMCHEOUN
2023-01-12 17:13:46,600 - INFO - GEUAMCHEOUN
2023-01-12 17:13:46,600 - INFO - GEUAMCHEOUN
2023-01-12 17:13:48,777 - INFO - GEUAMCHEOUN
2023-01-12 17:13:48,777 - INFO - GEUAMCHEOUN
2023-01-12 17:13:48,777 - INFO - GEUAMCHEOUN
2023-01-12 17:13:48,777 - INFO - GEUAMCHEOUN
2023-01-12 17:13:48,777 - INFO - GEUAMCHEOUN
2023-01-12 17:13:48,777 - INFO - GEUAMCHEOUN
2023-01-12 17:13:48,777 - INFO - GEUAMCHEOUN
2023-01-12 17:13:50,070 - INFO - GWANAK
2023-01-12 17:13:50,070 - INFO - GWANAK
2023-01-12 17:13:50,070 - INFO - GWANAK
2023-01-12 17:13:50,070 - INFO - GWANAK
2023-01-12 17:13:50,070 - INFO - GWANAK
2023-01-12 17:13:50,070 - INFO - GWANAK
2023-01-12 17:13:50,070 - INFO - GWANAK
2023-01-12 17:13:50,070 - INFO - GWANAK
2023-01-12 17:14:05,436 - INFO - GWANAK
2023-01-12 17:14:05,436 - INFO - GWANAK
2023-01-12 17:14:05,436 - INFO - GWANAK
2023-01-12 17:14:05,436 - INFO - GWANAK
2023-01-12 17:14:05,436 - INFO - GWANAK
2023-01-12 17:14:05,436 - INFO - GWANAK
2023-01-12 17:14:05,436 - INFO - GWANAK
2023-01-12 17:14:05,436 - INFO - GWANAK
2023-01-12 17:14:05,436 - INFO - GWANAK
2023-01-12 17:14:14,780 - INFO - SEONGDONG
2023-01-12 17:14:14,780 - INFO - SEONGDONG
2023-01-12 17:14:14,780 - INFO - SEONGDONG
2023-01-12 17:14:14,780 - INFO - SEONGDONG
2023-01-12 17:14:14,780 - INFO - SEONGDONG
2023-01-12 17:14:14,780 - INFO - SEONGDONG
2023-01-12 17:14:14,780 - INFO - SEONGDONG
2023-01-12 17:14:14,780 - INFO - SEONGDONG
2023-01-12 17:14:14,780 - INFO - SEONGDONG
2023-01-12 17:14:14,780 - INFO - SEONGDONG
2023-01-12 17:14:33,882 - INFO - SEONGDONG
2023-01-12 17:14:33,882 - INFO - SEONGDONG
2023-01-12 17:14:33,882 - INFO - SEONGDONG
2023-01-12 17:14:33,882 - INFO - SEONGDONG
2023-01-12 17:14:33,882 - INFO - SEONGDONG
2023-01-12 17:14:33,882 - INFO - SEONGDONG
2023-01-12 17:14:33,882 - INFO - SEONGDONG
2023-01-12 17:14:33,882 - INFO - SEONGDONG
2023-01-12 17:14:33,882 - INFO - SEONGDONG
2023-01-12 17:14:33,882 - INFO - SEONGDONG
2023-01-12 17:14:33,882 - INFO - SEONGDONG
2023-01-12 17:14:44,726 - INFO - EUNPYENG
2023-01-12 17:14:44,726 - INFO - EUNPYENG
2023-01-12 17:14:44,726 - INFO - EUNPYENG
2023-01-12 17:14:44,726 - INFO - EUNPYENG
2023-01-12 17:14:44,726 - INFO - EUNPYENG
2023-01-12 17:14:44,726 - INFO - EUNPYENG
2023-01-12 17:14:44,726 - INFO - EUNPYENG
2023-01-12 17:14:44,726 - INFO - EUNPYENG
2023-01-12 17:14:44,726 - INFO - EUNPYENG
2023-01-12 17:14:44,726 - INFO - EUNPYENG
2023-01-12 17:14:44,726 - INFO - EUNPYENG
2023-01-12 17:14:44,726 - INFO - EUNPYENG
2023-01-12 17:14:47,822 - INFO - EUNPYENG
2023-01-12 17:14:47,822 - INFO - EUNPYENG
2023-01-12 17:14:47,822 - INFO - EUNPYENG
2023-01-12 17:14:47,822 - INFO - EUNPYENG
2023-01-12 17:14:47,822 - INFO - EUNPYENG
2023-01-12 17:14:47,822 - INFO - EUNPYENG
2023-01-12 17:14:47,822 - INFO - EUNPYENG
2023-01-12 17:14:47,822 - INFO - EUNPYENG
2023-01-12 17:14:47,822 - INFO - EUNPYENG
2023-01-12 17:14:47,822 - INFO - EUNPYENG
2023-01-12 17:14:47,822 - INFO - EUNPYENG
2023-01-12 17:14:47,822 - INFO - EUNPYENG
2023-01-12 17:14:47,822 - INFO - EUNPYENG
2023-01-12 17:14:52,011 - INFO - EUNPYENG
2023-01-12 17:14:52,011 - INFO - EUNPYENG
2023-01-12 17:14:52,011 - INFO - EUNPYENG
2023-01-12 17:14:52,011 - INFO - EUNPYENG
2023-01-12 17:14:52,011 - INFO - EUNPYENG
2023-01-12 17:14:52,011 - INFO - EUNPYENG
2023-01-12 17:14:52,011 - INFO - EUNPYENG
2023-01-12 17:14:52,011 - INFO - EUNPYENG
2023-01-12 17:14:52,011 - INFO - EUNPYENG
2023-01-12 17:14:52,011 - INFO - EUNPYENG
2023-01-12 17:14:52,011 - INFO - EUNPYENG
2023-01-12 17:14:52,011 - INFO - EUNPYENG
2023-01-12 17:14:52,011 - INFO - EUNPYENG
2023-01-12 17:14:52,011 - INFO - EUNPYENG
2023-01-12 17:14:53,475 - INFO - GWANGZIN
2023-01-12 17:14:53,475 - INFO - GWANGZIN
2023-01-12 17:14:53,475 - INFO - GWANGZIN
2023-01-12 17:14:53,475 - INFO - GWANGZIN
2023-01-12 17:14:53,475 - INFO - GWANGZIN
2023-01-12 17:14:53,475 - INFO - GWANGZIN
2023-01-12 17:14:53,475 - INFO - GWANGZIN
2023-01-12 17:14:53,475 - INFO - GWANGZIN
2023-01-12 17:14:53,475 - INFO - GWANGZIN
2023-01-12 17:14:53,475 - INFO - GWANGZIN
2023-01-12 17:14:53,475 - INFO - GWANGZIN
2023-01-12 17:14:53,475 - INFO - GWANGZIN
2023-01-12 17:14:53,475 - INFO - GWANGZIN
2023-01-12 17:14:53,475 - INFO - GWANGZIN
2023-01-12 17:14:53,475 - INFO - GWANGZIN
2023-01-12 17:14:57,018 - INFO - GWANGZIN
2023-01-12 17:14:57,018 - INFO - GWANGZIN
2023-01-12 17:14:57,018 - INFO - GWANGZIN
2023-01-12 17:14:57,018 - INFO - GWANGZIN
2023-01-12 17:14:57,018 - INFO - GWANGZIN
2023-01-12 17:14:57,018 - INFO - GWANGZIN
2023-01-12 17:14:57,018 - INFO - GWANGZIN
2023-01-12 17:14:57,018 - INFO - GWANGZIN
2023-01-12 17:14:57,018 - INFO - GWANGZIN
2023-01-12 17:14:57,018 - INFO - GWANGZIN
2023-01-12 17:14:57,018 - INFO - GWANGZIN
2023-01-12 17:14:57,018 - INFO - GWANGZIN
2023-01-12 17:14:57,018 - INFO - GWANGZIN
2023-01-12 17:14:57,018 - INFO - GWANGZIN
2023-01-12 17:14:57,018 - INFO - GWANGZIN
2023-01-12 17:14:57,018 - INFO - GWANGZIN
2023-01-12 17:14:59,871 - INFO - JONGRO
2023-01-12 17:14:59,871 - INFO - JONGRO
2023-01-12 17:14:59,871 - INFO - JONGRO
2023-01-12 17:14:59,871 - INFO - JONGRO
2023-01-12 17:14:59,871 - INFO - JONGRO
2023-01-12 17:14:59,871 - INFO - JONGRO
2023-01-12 17:14:59,871 - INFO - JONGRO
2023-01-12 17:14:59,871 - INFO - JONGRO
2023-01-12 17:14:59,871 - INFO - JONGRO
2023-01-12 17:14:59,871 - INFO - JONGRO
2023-01-12 17:14:59,871 - INFO - JONGRO
2023-01-12 17:14:59,871 - INFO - JONGRO
2023-01-12 17:14:59,871 - INFO - JONGRO
2023-01-12 17:14:59,871 - INFO - JONGRO
2023-01-12 17:14:59,871 - INFO - JONGRO
2023-01-12 17:14:59,871 - INFO - JONGRO
2023-01-12 17:14:59,871 - INFO - JONGRO
2023-01-12 17:15:09,938 - INFO - JONGRO
2023-01-12 17:15:09,938 - INFO - JONGRO
2023-01-12 17:15:09,938 - INFO - JONGRO
2023-01-12 17:15:09,938 - INFO - JONGRO
2023-01-12 17:15:09,938 - INFO - JONGRO
2023-01-12 17:15:09,938 - INFO - JONGRO
2023-01-12 17:15:09,938 - INFO - JONGRO
2023-01-12 17:15:09,938 - INFO - JONGRO
2023-01-12 17:15:09,938 - INFO - JONGRO
2023-01-12 17:15:09,938 - INFO - JONGRO
2023-01-12 17:15:09,938 - INFO - JONGRO
2023-01-12 17:15:09,938 - INFO - JONGRO
2023-01-12 17:15:09,938 - INFO - JONGRO
2023-01-12 17:15:09,938 - INFO - JONGRO
2023-01-12 17:15:09,938 - INFO - JONGRO
2023-01-12 17:15:09,938 - INFO - JONGRO
2023-01-12 17:15:09,938 - INFO - JONGRO
2023-01-12 17:15:09,938 - INFO - JONGRO
2023-01-12 17:15:11,187 - INFO - JUNGGU
2023-01-12 17:15:11,187 - INFO - JUNGGU
2023-01-12 17:15:11,187 - INFO - JUNGGU
2023-01-12 17:15:11,187 - INFO - JUNGGU
2023-01-12 17:15:11,187 - INFO - JUNGGU
2023-01-12 17:15:11,187 - INFO - JUNGGU
2023-01-12 17:15:11,187 - INFO - JUNGGU
2023-01-12 17:15:11,187 - INFO - JUNGGU
2023-01-12 17:15:11,187 - INFO - JUNGGU
2023-01-12 17:15:11,187 - INFO - JUNGGU
2023-01-12 17:15:11,187 - INFO - JUNGGU
2023-01-12 17:15:11,187 - INFO - JUNGGU
2023-01-12 17:15:11,187 - INFO - JUNGGU
2023-01-12 17:15:11,187 - INFO - JUNGGU
2023-01-12 17:15:11,187 - INFO - JUNGGU
2023-01-12 17:15:11,187 - INFO - JUNGGU
2023-01-12 17:15:11,187 - INFO - JUNGGU
2023-01-12 17:15:11,187 - INFO - JUNGGU
2023-01-12 17:15:11,187 - INFO - JUNGGU
2023-01-12 17:15:12,782 - INFO - JUNGGU
2023-01-12 17:15:12,782 - INFO - JUNGGU
2023-01-12 17:15:12,782 - INFO - JUNGGU
2023-01-12 17:15:12,782 - INFO - JUNGGU
2023-01-12 17:15:12,782 - INFO - JUNGGU
2023-01-12 17:15:12,782 - INFO - JUNGGU
2023-01-12 17:15:12,782 - INFO - JUNGGU
2023-01-12 17:15:12,782 - INFO - JUNGGU
2023-01-12 17:15:12,782 - INFO - JUNGGU
2023-01-12 17:15:12,782 - INFO - JUNGGU
2023-01-12 17:15:12,782 - INFO - JUNGGU
2023-01-12 17:15:12,782 - INFO - JUNGGU
2023-01-12 17:15:12,782 - INFO - JUNGGU
2023-01-12 17:15:12,782 - INFO - JUNGGU
2023-01-12 17:15:12,782 - INFO - JUNGGU
2023-01-12 17:15:12,782 - INFO - JUNGGU
2023-01-12 17:15:12,782 - INFO - JUNGGU
2023-01-12 17:15:12,782 - INFO - JUNGGU
2023-01-12 17:15:12,782 - INFO - JUNGGU
2023-01-12 17:15:12,782 - INFO - JUNGGU
2023-01-12 17:15:21,147 - INFO - MAPO
2023-01-12 17:15:21,147 - INFO - MAPO
2023-01-12 17:15:21,147 - INFO - MAPO
2023-01-12 17:15:21,147 - INFO - MAPO
2023-01-12 17:15:21,147 - INFO - MAPO
2023-01-12 17:15:21,147 - INFO - MAPO
2023-01-12 17:15:21,147 - INFO - MAPO
2023-01-12 17:15:21,147 - INFO - MAPO
2023-01-12 17:15:21,147 - INFO - MAPO
2023-01-12 17:15:21,147 - INFO - MAPO
2023-01-12 17:15:21,147 - INFO - MAPO
2023-01-12 17:15:21,147 - INFO - MAPO
2023-01-12 17:15:21,147 - INFO - MAPO
2023-01-12 17:15:21,147 - INFO - MAPO
2023-01-12 17:15:21,147 - INFO - MAPO
2023-01-12 17:15:21,147 - INFO - MAPO
2023-01-12 17:15:21,147 - INFO - MAPO
2023-01-12 17:15:21,147 - INFO - MAPO
2023-01-12 17:15:21,147 - INFO - MAPO
2023-01-12 17:15:21,147 - INFO - MAPO
2023-01-12 17:15:21,147 - INFO - MAPO
2023-01-12 17:15:29,132 - INFO - MAPO
2023-01-12 17:15:29,132 - INFO - MAPO
2023-01-12 17:15:29,132 - INFO - MAPO
2023-01-12 17:15:29,132 - INFO - MAPO
2023-01-12 17:15:29,132 - INFO - MAPO
2023-01-12 17:15:29,132 - INFO - MAPO
2023-01-12 17:15:29,132 - INFO - MAPO
2023-01-12 17:15:29,132 - INFO - MAPO
2023-01-12 17:15:29,132 - INFO - MAPO
2023-01-12 17:15:29,132 - INFO - MAPO
2023-01-12 17:15:29,132 - INFO - MAPO
2023-01-12 17:15:29,132 - INFO - MAPO
2023-01-12 17:15:29,132 - INFO - MAPO
2023-01-12 17:15:29,132 - INFO - MAPO
2023-01-12 17:15:29,132 - INFO - MAPO
2023-01-12 17:15:29,132 - INFO - MAPO
2023-01-12 17:15:29,132 - INFO - MAPO
2023-01-12 17:15:29,132 - INFO - MAPO
2023-01-12 17:15:29,132 - INFO - MAPO
2023-01-12 17:15:29,132 - INFO - MAPO
2023-01-12 17:15:29,132 - INFO - MAPO
2023-01-12 17:15:29,132 - INFO - MAPO
2023-01-12 17:15:33,123 - INFO - MAPO
2023-01-12 17:15:33,123 - INFO - MAPO
2023-01-12 17:15:33,123 - INFO - MAPO
2023-01-12 17:15:33,123 - INFO - MAPO
2023-01-12 17:15:33,123 - INFO - MAPO
2023-01-12 17:15:33,123 - INFO - MAPO
2023-01-12 17:15:33,123 - INFO - MAPO
2023-01-12 17:15:33,123 - INFO - MAPO
2023-01-12 17:15:33,123 - INFO - MAPO
2023-01-12 17:15:33,123 - INFO - MAPO
2023-01-12 17:15:33,123 - INFO - MAPO
2023-01-12 17:15:33,123 - INFO - MAPO
2023-01-12 17:15:33,123 - INFO - MAPO
2023-01-12 17:15:33,123 - INFO - MAPO
2023-01-12 17:15:33,123 - INFO - MAPO
2023-01-12 17:15:33,123 - INFO - MAPO
2023-01-12 17:15:33,123 - INFO - MAPO
2023-01-12 17:15:33,123 - INFO - MAPO
2023-01-12 17:15:33,123 - INFO - MAPO
2023-01-12 17:15:33,123 - INFO - MAPO
2023-01-12 17:15:33,123 - INFO - MAPO
2023-01-12 17:15:33,123 - INFO - MAPO
2023-01-12 17:15:33,123 - INFO - MAPO
2023-01-12 17:15:35,421 - INFO - MAPO
2023-01-12 17:15:35,421 - INFO - MAPO
2023-01-12 17:15:35,421 - INFO - MAPO
2023-01-12 17:15:35,421 - INFO - MAPO
2023-01-12 17:15:35,421 - INFO - MAPO
2023-01-12 17:15:35,421 - INFO - MAPO
2023-01-12 17:15:35,421 - INFO - MAPO
2023-01-12 17:15:35,421 - INFO - MAPO
2023-01-12 17:15:35,421 - INFO - MAPO
2023-01-12 17:15:35,421 - INFO - MAPO
2023-01-12 17:15:35,421 - INFO - MAPO
2023-01-12 17:15:35,421 - INFO - MAPO
2023-01-12 17:15:35,421 - INFO - MAPO
2023-01-12 17:15:35,421 - INFO - MAPO
2023-01-12 17:15:35,421 - INFO - MAPO
2023-01-12 17:15:35,421 - INFO - MAPO
2023-01-12 17:15:35,421 - INFO - MAPO
2023-01-12 17:15:35,421 - INFO - MAPO
2023-01-12 17:15:35,421 - INFO - MAPO
2023-01-12 17:15:35,421 - INFO - MAPO
2023-01-12 17:15:35,421 - INFO - MAPO
2023-01-12 17:15:35,421 - INFO - MAPO
2023-01-12 17:15:35,421 - INFO - MAPO
2023-01-12 17:15:35,421 - INFO - MAPO
2023-01-12 17:15:38,667 - INFO - NOWON
2023-01-12 17:15:38,667 - INFO - NOWON
2023-01-12 17:15:38,667 - INFO - NOWON
2023-01-12 17:15:38,667 - INFO - NOWON
2023-01-12 17:15:38,667 - INFO - NOWON
2023-01-12 17:15:38,667 - INFO - NOWON
2023-01-12 17:15:38,667 - INFO - NOWON
2023-01-12 17:15:38,667 - INFO - NOWON
2023-01-12 17:15:38,667 - INFO - NOWON
2023-01-12 17:15:38,667 - INFO - NOWON
2023-01-12 17:15:38,667 - INFO - NOWON
2023-01-12 17:15:38,667 - INFO - NOWON
2023-01-12 17:15:38,667 - INFO - NOWON
2023-01-12 17:15:38,667 - INFO - NOWON
2023-01-12 17:15:38,667 - INFO - NOWON
2023-01-12 17:15:38,667 - INFO - NOWON
2023-01-12 17:15:38,667 - INFO - NOWON
2023-01-12 17:15:38,667 - INFO - NOWON
2023-01-12 17:15:38,667 - INFO - NOWON
2023-01-12 17:15:38,667 - INFO - NOWON
2023-01-12 17:15:38,667 - INFO - NOWON
2023-01-12 17:15:38,667 - INFO - NOWON
2023-01-12 17:15:38,667 - INFO - NOWON
2023-01-12 17:15:38,667 - INFO - NOWON
2023-01-12 17:15:38,667 - INFO - NOWON
2023-01-12 17:15:48,046 - INFO - NOWON
2023-01-12 17:15:48,046 - INFO - NOWON
2023-01-12 17:15:48,046 - INFO - NOWON
2023-01-12 17:15:48,046 - INFO - NOWON
2023-01-12 17:15:48,046 - INFO - NOWON
2023-01-12 17:15:48,046 - INFO - NOWON
2023-01-12 17:15:48,046 - INFO - NOWON
2023-01-12 17:15:48,046 - INFO - NOWON
2023-01-12 17:15:48,046 - INFO - NOWON
2023-01-12 17:15:48,046 - INFO - NOWON
2023-01-12 17:15:48,046 - INFO - NOWON
2023-01-12 17:15:48,046 - INFO - NOWON
2023-01-12 17:15:48,046 - INFO - NOWON
2023-01-12 17:15:48,046 - INFO - NOWON
2023-01-12 17:15:48,046 - INFO - NOWON
2023-01-12 17:15:48,046 - INFO - NOWON
2023-01-12 17:15:48,046 - INFO - NOWON
2023-01-12 17:15:48,046 - INFO - NOWON
2023-01-12 17:15:48,046 - INFO - NOWON
2023-01-12 17:15:48,046 - INFO - NOWON
2023-01-12 17:15:48,046 - INFO - NOWON
2023-01-12 17:15:48,046 - INFO - NOWON
2023-01-12 17:15:48,046 - INFO - NOWON
2023-01-12 17:15:48,046 - INFO - NOWON
2023-01-12 17:15:48,046 - INFO - NOWON
2023-01-12 17:15:48,046 - INFO - NOWON
2023-01-12 17:15:59,744 - INFO - SEOCHO
2023-01-12 17:15:59,744 - INFO - SEOCHO
2023-01-12 17:15:59,744 - INFO - SEOCHO
2023-01-12 17:15:59,744 - INFO - SEOCHO
2023-01-12 17:15:59,744 - INFO - SEOCHO
2023-01-12 17:15:59,744 - INFO - SEOCHO
2023-01-12 17:15:59,744 - INFO - SEOCHO
2023-01-12 17:15:59,744 - INFO - SEOCHO
2023-01-12 17:15:59,744 - INFO - SEOCHO
2023-01-12 17:15:59,744 - INFO - SEOCHO
2023-01-12 17:15:59,744 - INFO - SEOCHO
2023-01-12 17:15:59,744 - INFO - SEOCHO
2023-01-12 17:15:59,744 - INFO - SEOCHO
2023-01-12 17:15:59,744 - INFO - SEOCHO
2023-01-12 17:15:59,744 - INFO - SEOCHO
2023-01-12 17:15:59,744 - INFO - SEOCHO
2023-01-12 17:15:59,744 - INFO - SEOCHO
2023-01-12 17:15:59,744 - INFO - SEOCHO
2023-01-12 17:15:59,744 - INFO - SEOCHO
2023-01-12 17:15:59,744 - INFO - SEOCHO
2023-01-12 17:15:59,744 - INFO - SEOCHO
2023-01-12 17:15:59,744 - INFO - SEOCHO
2023-01-12 17:15:59,744 - INFO - SEOCHO
2023-01-12 17:15:59,744 - INFO - SEOCHO
2023-01-12 17:15:59,744 - INFO - SEOCHO
2023-01-12 17:15:59,744 - INFO - SEOCHO
2023-01-12 17:15:59,744 - INFO - SEOCHO
2023-01-12 17:17:23,435 - INFO - SEOCHO
2023-01-12 17:17:25,189 - INFO - SEOCHO
2023-01-12 17:17:25,189 - INFO - SEOCHO
2023-01-12 17:17:26,955 - INFO - SEOCHO
2023-01-12 17:17:26,955 - INFO - SEOCHO
2023-01-12 17:17:26,955 - INFO - SEOCHO
2023-01-12 17:17:28,714 - INFO - SEOCHO
2023-01-12 17:17:28,714 - INFO - SEOCHO
2023-01-12 17:17:28,714 - INFO - SEOCHO
2023-01-12 17:17:28,714 - INFO - SEOCHO
2023-01-12 17:17:30,044 - INFO - SEONGBUK
2023-01-12 17:17:30,044 - INFO - SEONGBUK
2023-01-12 17:17:30,044 - INFO - SEONGBUK
2023-01-12 17:17:30,044 - INFO - SEONGBUK
2023-01-12 17:17:30,044 - INFO - SEONGBUK
2023-01-12 17:17:38,147 - INFO - SONGPA
2023-01-12 17:17:38,147 - INFO - SONGPA
2023-01-12 17:17:38,147 - INFO - SONGPA
2023-01-12 17:17:38,147 - INFO - SONGPA
2023-01-12 17:17:38,147 - INFO - SONGPA
2023-01-12 17:17:38,147 - INFO - SONGPA
2023-01-12 17:17:55,434 - INFO - SEOCHO
2023-01-12 17:17:57,215 - INFO - SEOCHO
2023-01-12 17:17:57,215 - INFO - SEOCHO
2023-01-12 17:17:58,976 - INFO - SEOCHO
2023-01-12 17:17:58,976 - INFO - SEOCHO
2023-01-12 17:17:58,976 - INFO - SEOCHO
2023-01-12 17:18:00,759 - INFO - SEOCHO
2023-01-12 17:18:00,759 - INFO - SEOCHO
2023-01-12 17:18:00,759 - INFO - SEOCHO
2023-01-12 17:18:00,759 - INFO - SEOCHO
2023-01-12 17:18:01,900 - INFO - SEONGBUK
2023-01-12 17:18:01,900 - INFO - SEONGBUK
2023-01-12 17:18:01,900 - INFO - SEONGBUK
2023-01-12 17:18:01,900 - INFO - SEONGBUK
2023-01-12 17:18:01,900 - INFO - SEONGBUK
2023-01-12 17:18:10,011 - INFO - SONGPA
2023-01-12 17:18:10,011 - INFO - SONGPA
2023-01-12 17:18:10,011 - INFO - SONGPA
2023-01-12 17:18:10,011 - INFO - SONGPA
2023-01-12 17:18:10,011 - INFO - SONGPA
2023-01-12 17:18:10,011 - INFO - SONGPA
2023-01-12 17:18:12,493 - INFO - SONGPA
2023-01-12 17:18:12,493 - INFO - SONGPA
2023-01-12 17:18:12,493 - INFO - SONGPA
2023-01-12 17:18:12,493 - INFO - SONGPA
2023-01-12 17:18:12,493 - INFO - SONGPA
2023-01-12 17:18:12,493 - INFO - SONGPA
2023-01-12 17:18:12,493 - INFO - SONGPA
2023-01-12 17:18:15,063 - INFO - SONGPA
2023-01-12 17:18:15,063 - INFO - SONGPA
2023-01-12 17:18:15,063 - INFO - SONGPA
2023-01-12 17:18:15,063 - INFO - SONGPA
2023-01-12 17:18:15,063 - INFO - SONGPA
2023-01-12 17:18:15,063 - INFO - SONGPA
2023-01-12 17:18:15,063 - INFO - SONGPA
2023-01-12 17:18:15,063 - INFO - SONGPA
2023-01-12 17:18:16,489 - INFO - YANGCHEON
2023-01-12 17:18:16,489 - INFO - YANGCHEON
2023-01-12 17:18:16,489 - INFO - YANGCHEON
2023-01-12 17:18:16,489 - INFO - YANGCHEON
2023-01-12 17:18:16,489 - INFO - YANGCHEON
2023-01-12 17:18:16,489 - INFO - YANGCHEON
2023-01-12 17:18:16,489 - INFO - YANGCHEON
2023-01-12 17:18:16,489 - INFO - YANGCHEON
2023-01-12 17:18:16,489 - INFO - YANGCHEON
2023-01-12 17:18:25,524 - INFO - YANGCHEON
2023-01-12 17:18:25,524 - INFO - YANGCHEON
2023-01-12 17:18:25,524 - INFO - YANGCHEON
2023-01-12 17:18:25,524 - INFO - YANGCHEON
2023-01-12 17:18:25,524 - INFO - YANGCHEON
2023-01-12 17:18:25,524 - INFO - YANGCHEON
2023-01-12 17:18:25,524 - INFO - YANGCHEON
2023-01-12 17:18:25,524 - INFO - YANGCHEON
2023-01-12 17:18:25,524 - INFO - YANGCHEON
2023-01-12 17:18:25,524 - INFO - YANGCHEON
2023-01-12 17:18:27,257 - INFO - YEONGDEUNGPO
2023-01-12 17:18:27,257 - INFO - YEONGDEUNGPO
2023-01-12 17:18:27,257 - INFO - YEONGDEUNGPO
2023-01-12 17:18:27,257 - INFO - YEONGDEUNGPO
2023-01-12 17:18:27,257 - INFO - YEONGDEUNGPO
2023-01-12 17:18:27,257 - INFO - YEONGDEUNGPO
2023-01-12 17:18:27,257 - INFO - YEONGDEUNGPO
2023-01-12 17:18:27,257 - INFO - YEONGDEUNGPO
2023-01-12 17:18:27,257 - INFO - YEONGDEUNGPO
2023-01-12 17:18:27,257 - INFO - YEONGDEUNGPO
2023-01-12 17:18:27,257 - INFO - YEONGDEUNGPO
2023-01-12 17:18:29,183 - INFO - YEONGDEUNGPO
2023-01-12 17:18:29,183 - INFO - YEONGDEUNGPO
2023-01-12 17:18:29,183 - INFO - YEONGDEUNGPO
2023-01-12 17:18:29,183 - INFO - YEONGDEUNGPO
2023-01-12 17:18:29,183 - INFO - YEONGDEUNGPO
2023-01-12 17:18:29,183 - INFO - YEONGDEUNGPO
2023-01-12 17:18:29,183 - INFO - YEONGDEUNGPO
2023-01-12 17:18:29,183 - INFO - YEONGDEUNGPO
2023-01-12 17:18:29,183 - INFO - YEONGDEUNGPO
2023-01-12 17:18:29,183 - INFO - YEONGDEUNGPO
2023-01-12 17:18:29,183 - INFO - YEONGDEUNGPO
2023-01-12 17:18:29,183 - INFO - YEONGDEUNGPO
2023-01-12 17:18:31,991 - INFO - SEOUL
2023-01-12 17:18:31,991 - INFO - SEOUL
2023-01-12 17:18:31,991 - INFO - SEOUL
2023-01-12 17:18:31,991 - INFO - SEOUL
2023-01-12 17:18:31,991 - INFO - SEOUL
2023-01-12 17:18:31,991 - INFO - SEOUL
2023-01-12 17:18:31,991 - INFO - SEOUL
2023-01-12 17:18:31,991 - INFO - SEOUL
2023-01-12 17:18:31,991 - INFO - SEOUL
2023-01-12 17:18:31,991 - INFO - SEOUL
2023-01-12 17:18:31,991 - INFO - SEOUL
2023-01-12 17:18:31,991 - INFO - SEOUL
2023-01-12 17:18:31,991 - INFO - SEOUL
2023-01-12 17:18:34,217 - INFO - SEOUL
2023-01-12 17:18:34,217 - INFO - SEOUL
2023-01-12 17:18:34,217 - INFO - SEOUL
2023-01-12 17:18:34,217 - INFO - SEOUL
2023-01-12 17:18:34,217 - INFO - SEOUL
2023-01-12 17:18:34,217 - INFO - SEOUL
2023-01-12 17:18:34,217 - INFO - SEOUL
2023-01-12 17:18:34,217 - INFO - SEOUL
2023-01-12 17:18:34,217 - INFO - SEOUL
2023-01-12 17:18:34,217 - INFO - SEOUL
2023-01-12 17:18:34,217 - INFO - SEOUL
2023-01-12 17:18:34,217 - INFO - SEOUL
2023-01-12 17:18:34,217 - INFO - SEOUL
2023-01-12 17:18:34,217 - INFO - SEOUL
2023-01-12 17:18:46,773 - INFO - SEOUL
2023-01-12 17:18:46,773 - INFO - SEOUL
2023-01-12 17:18:46,773 - INFO - SEOUL
2023-01-12 17:18:46,773 - INFO - SEOUL
2023-01-12 17:18:46,773 - INFO - SEOUL
2023-01-12 17:18:46,773 - INFO - SEOUL
2023-01-12 17:18:46,773 - INFO - SEOUL
2023-01-12 17:18:46,773 - INFO - SEOUL
2023-01-12 17:18:46,773 - INFO - SEOUL
2023-01-12 17:18:46,773 - INFO - SEOUL
2023-01-12 17:18:46,773 - INFO - SEOUL
2023-01-12 17:18:46,773 - INFO - SEOUL
2023-01-12 17:18:46,773 - INFO - SEOUL
2023-01-12 17:18:46,773 - INFO - SEOUL
2023-01-12 17:18:46,773 - INFO - SEOUL
2023-01-12 17:18:49,505 - INFO - SEOUL
2023-01-12 17:18:49,505 - INFO - SEOUL
2023-01-12 17:18:49,505 - INFO - SEOUL
2023-01-12 17:18:49,505 - INFO - SEOUL
2023-01-12 17:18:49,505 - INFO - SEOUL
2023-01-12 17:18:49,505 - INFO - SEOUL
2023-01-12 17:18:49,505 - INFO - SEOUL
2023-01-12 17:18:49,505 - INFO - SEOUL
2023-01-12 17:18:49,505 - INFO - SEOUL
2023-01-12 17:18:49,505 - INFO - SEOUL
2023-01-12 17:18:49,505 - INFO - SEOUL
2023-01-12 17:18:49,505 - INFO - SEOUL
2023-01-12 17:18:49,505 - INFO - SEOUL
2023-01-12 17:18:49,505 - INFO - SEOUL
2023-01-12 17:18:49,505 - INFO - SEOUL
2023-01-12 17:18:49,505 - INFO - SEOUL
2023-01-12 17:18:50,088 - WARNING - Failed to parse headers (url=https://www.sscmc.or.kr:443/info/notice/list.asp?db=BBS_notice&pageno=1&startpage=1&where=&keyfield=&keyword=&catekkk=): [MissingHeaderBodySeparatorDefect()], unparsed data: 'Server : Wow 3.8\r\nDate: Thu, 12 Jan 2023 08:18:50 GMT\r\nContent-Type: text/html\r\nContent-Length: 39690\r\nConnection: keep-alive\r\nCache-Control: private\r\nSet-Cookie: ASPSESSIONIDCSDDSSTA=KNJOPALDCPNHCMOLHNPBEDLL; path=/\r\nX-Frame-Options: SAMEORIGIN\r\n\r\n'
Traceback (most recent call last):
  File "/Users/yeon/Library/Python/3.9/lib/python/site-packages/urllib3/connectionpool.py", line 469, in _make_request
    assert_header_parsing(httplib_response.msg)
  File "/Users/yeon/Library/Python/3.9/lib/python/site-packages/urllib3/util/response.py", line 91, in assert_header_parsing
    raise HeaderParsingError(defects=defects, unparsed_data=unparsed_data)
urllib3.exceptions.HeaderParsingError: [MissingHeaderBodySeparatorDefect()], unparsed data: 'Server : Wow 3.8\r\nDate: Thu, 12 Jan 2023 08:18:50 GMT\r\nContent-Type: text/html\r\nContent-Length: 39690\r\nConnection: keep-alive\r\nCache-Control: private\r\nSet-Cookie: ASPSESSIONIDCSDDSSTA=KNJOPALDCPNHCMOLHNPBEDLL; path=/\r\nX-Frame-Options: SAMEORIGIN\r\n\r\n'
2023-01-12 17:18:50,088 - WARNING - Failed to parse headers (url=https://www.sscmc.or.kr:443/info/notice/list.asp?db=BBS_notice&pageno=1&startpage=1&where=&keyfield=&keyword=&catekkk=): [MissingHeaderBodySeparatorDefect()], unparsed data: 'Server : Wow 3.8\r\nDate: Thu, 12 Jan 2023 08:18:50 GMT\r\nContent-Type: text/html\r\nContent-Length: 39690\r\nConnection: keep-alive\r\nCache-Control: private\r\nSet-Cookie: ASPSESSIONIDCSDDSSTA=KNJOPALDCPNHCMOLHNPBEDLL; path=/\r\nX-Frame-Options: SAMEORIGIN\r\n\r\n'
Traceback (most recent call last):
  File "/Users/yeon/Library/Python/3.9/lib/python/site-packages/urllib3/connectionpool.py", line 469, in _make_request
    assert_header_parsing(httplib_response.msg)
  File "/Users/yeon/Library/Python/3.9/lib/python/site-packages/urllib3/util/response.py", line 91, in assert_header_parsing
    raise HeaderParsingError(defects=defects, unparsed_data=unparsed_data)
urllib3.exceptions.HeaderParsingError: [MissingHeaderBodySeparatorDefect()], unparsed data: 'Server : Wow 3.8\r\nDate: Thu, 12 Jan 2023 08:18:50 GMT\r\nContent-Type: text/html\r\nContent-Length: 39690\r\nConnection: keep-alive\r\nCache-Control: private\r\nSet-Cookie: ASPSESSIONIDCSDDSSTA=KNJOPALDCPNHCMOLHNPBEDLL; path=/\r\nX-Frame-Options: SAMEORIGIN\r\n\r\n'
2023-01-12 17:18:50,088 - WARNING - Failed to parse headers (url=https://www.sscmc.or.kr:443/info/notice/list.asp?db=BBS_notice&pageno=1&startpage=1&where=&keyfield=&keyword=&catekkk=): [MissingHeaderBodySeparatorDefect()], unparsed data: 'Server : Wow 3.8\r\nDate: Thu, 12 Jan 2023 08:18:50 GMT\r\nContent-Type: text/html\r\nContent-Length: 39690\r\nConnection: keep-alive\r\nCache-Control: private\r\nSet-Cookie: ASPSESSIONIDCSDDSSTA=KNJOPALDCPNHCMOLHNPBEDLL; path=/\r\nX-Frame-Options: SAMEORIGIN\r\n\r\n'
Traceback (most recent call last):
  File "/Users/yeon/Library/Python/3.9/lib/python/site-packages/urllib3/connectionpool.py", line 469, in _make_request
    assert_header_parsing(httplib_response.msg)
  File "/Users/yeon/Library/Python/3.9/lib/python/site-packages/urllib3/util/response.py", line 91, in assert_header_parsing
    raise HeaderParsingError(defects=defects, unparsed_data=unparsed_data)
urllib3.exceptions.HeaderParsingError: [MissingHeaderBodySeparatorDefect()], unparsed data: 'Server : Wow 3.8\r\nDate: Thu, 12 Jan 2023 08:18:50 GMT\r\nContent-Type: text/html\r\nContent-Length: 39690\r\nConnection: keep-alive\r\nCache-Control: private\r\nSet-Cookie: ASPSESSIONIDCSDDSSTA=KNJOPALDCPNHCMOLHNPBEDLL; path=/\r\nX-Frame-Options: SAMEORIGIN\r\n\r\n'
2023-01-12 17:18:50,088 - WARNING - Failed to parse headers (url=https://www.sscmc.or.kr:443/info/notice/list.asp?db=BBS_notice&pageno=1&startpage=1&where=&keyfield=&keyword=&catekkk=): [MissingHeaderBodySeparatorDefect()], unparsed data: 'Server : Wow 3.8\r\nDate: Thu, 12 Jan 2023 08:18:50 GMT\r\nContent-Type: text/html\r\nContent-Length: 39690\r\nConnection: keep-alive\r\nCache-Control: private\r\nSet-Cookie: ASPSESSIONIDCSDDSSTA=KNJOPALDCPNHCMOLHNPBEDLL; path=/\r\nX-Frame-Options: SAMEORIGIN\r\n\r\n'
Traceback (most recent call last):
  File "/Users/yeon/Library/Python/3.9/lib/python/site-packages/urllib3/connectionpool.py", line 469, in _make_request
    assert_header_parsing(httplib_response.msg)
  File "/Users/yeon/Library/Python/3.9/lib/python/site-packages/urllib3/util/response.py", line 91, in assert_header_parsing
    raise HeaderParsingError(defects=defects, unparsed_data=unparsed_data)
urllib3.exceptions.HeaderParsingError: [MissingHeaderBodySeparatorDefect()], unparsed data: 'Server : Wow 3.8\r\nDate: Thu, 12 Jan 2023 08:18:50 GMT\r\nContent-Type: text/html\r\nContent-Length: 39690\r\nConnection: keep-alive\r\nCache-Control: private\r\nSet-Cookie: ASPSESSIONIDCSDDSSTA=KNJOPALDCPNHCMOLHNPBEDLL; path=/\r\nX-Frame-Options: SAMEORIGIN\r\n\r\n'
2023-01-12 17:18:50,088 - WARNING - Failed to parse headers (url=https://www.sscmc.or.kr:443/info/notice/list.asp?db=BBS_notice&pageno=1&startpage=1&where=&keyfield=&keyword=&catekkk=): [MissingHeaderBodySeparatorDefect()], unparsed data: 'Server : Wow 3.8\r\nDate: Thu, 12 Jan 2023 08:18:50 GMT\r\nContent-Type: text/html\r\nContent-Length: 39690\r\nConnection: keep-alive\r\nCache-Control: private\r\nSet-Cookie: ASPSESSIONIDCSDDSSTA=KNJOPALDCPNHCMOLHNPBEDLL; path=/\r\nX-Frame-Options: SAMEORIGIN\r\n\r\n'
Traceback (most recent call last):
  File "/Users/yeon/Library/Python/3.9/lib/python/site-packages/urllib3/connectionpool.py", line 469, in _make_request
    assert_header_parsing(httplib_response.msg)
  File "/Users/yeon/Library/Python/3.9/lib/python/site-packages/urllib3/util/response.py", line 91, in assert_header_parsing
    raise HeaderParsingError(defects=defects, unparsed_data=unparsed_data)
urllib3.exceptions.HeaderParsingError: [MissingHeaderBodySeparatorDefect()], unparsed data: 'Server : Wow 3.8\r\nDate: Thu, 12 Jan 2023 08:18:50 GMT\r\nContent-Type: text/html\r\nContent-Length: 39690\r\nConnection: keep-alive\r\nCache-Control: private\r\nSet-Cookie: ASPSESSIONIDCSDDSSTA=KNJOPALDCPNHCMOLHNPBEDLL; path=/\r\nX-Frame-Options: SAMEORIGIN\r\n\r\n'
2023-01-12 17:18:50,088 - WARNING - Failed to parse headers (url=https://www.sscmc.or.kr:443/info/notice/list.asp?db=BBS_notice&pageno=1&startpage=1&where=&keyfield=&keyword=&catekkk=): [MissingHeaderBodySeparatorDefect()], unparsed data: 'Server : Wow 3.8\r\nDate: Thu, 12 Jan 2023 08:18:50 GMT\r\nContent-Type: text/html\r\nContent-Length: 39690\r\nConnection: keep-alive\r\nCache-Control: private\r\nSet-Cookie: ASPSESSIONIDCSDDSSTA=KNJOPALDCPNHCMOLHNPBEDLL; path=/\r\nX-Frame-Options: SAMEORIGIN\r\n\r\n'
Traceback (most recent call last):
  File "/Users/yeon/Library/Python/3.9/lib/python/site-packages/urllib3/connectionpool.py", line 469, in _make_request
    assert_header_parsing(httplib_response.msg)
  File "/Users/yeon/Library/Python/3.9/lib/python/site-packages/urllib3/util/response.py", line 91, in assert_header_parsing
    raise HeaderParsingError(defects=defects, unparsed_data=unparsed_data)
urllib3.exceptions.HeaderParsingError: [MissingHeaderBodySeparatorDefect()], unparsed data: 'Server : Wow 3.8\r\nDate: Thu, 12 Jan 2023 08:18:50 GMT\r\nContent-Type: text/html\r\nContent-Length: 39690\r\nConnection: keep-alive\r\nCache-Control: private\r\nSet-Cookie: ASPSESSIONIDCSDDSSTA=KNJOPALDCPNHCMOLHNPBEDLL; path=/\r\nX-Frame-Options: SAMEORIGIN\r\n\r\n'
2023-01-12 17:18:50,088 - WARNING - Failed to parse headers (url=https://www.sscmc.or.kr:443/info/notice/list.asp?db=BBS_notice&pageno=1&startpage=1&where=&keyfield=&keyword=&catekkk=): [MissingHeaderBodySeparatorDefect()], unparsed data: 'Server : Wow 3.8\r\nDate: Thu, 12 Jan 2023 08:18:50 GMT\r\nContent-Type: text/html\r\nContent-Length: 39690\r\nConnection: keep-alive\r\nCache-Control: private\r\nSet-Cookie: ASPSESSIONIDCSDDSSTA=KNJOPALDCPNHCMOLHNPBEDLL; path=/\r\nX-Frame-Options: SAMEORIGIN\r\n\r\n'
Traceback (most recent call last):
  File "/Users/yeon/Library/Python/3.9/lib/python/site-packages/urllib3/connectionpool.py", line 469, in _make_request
    assert_header_parsing(httplib_response.msg)
  File "/Users/yeon/Library/Python/3.9/lib/python/site-packages/urllib3/util/response.py", line 91, in assert_header_parsing
    raise HeaderParsingError(defects=defects, unparsed_data=unparsed_data)
urllib3.exceptions.HeaderParsingError: [MissingHeaderBodySeparatorDefect()], unparsed data: 'Server : Wow 3.8\r\nDate: Thu, 12 Jan 2023 08:18:50 GMT\r\nContent-Type: text/html\r\nContent-Length: 39690\r\nConnection: keep-alive\r\nCache-Control: private\r\nSet-Cookie: ASPSESSIONIDCSDDSSTA=KNJOPALDCPNHCMOLHNPBEDLL; path=/\r\nX-Frame-Options: SAMEORIGIN\r\n\r\n'
2023-01-12 17:18:50,088 - WARNING - Failed to parse headers (url=https://www.sscmc.or.kr:443/info/notice/list.asp?db=BBS_notice&pageno=1&startpage=1&where=&keyfield=&keyword=&catekkk=): [MissingHeaderBodySeparatorDefect()], unparsed data: 'Server : Wow 3.8\r\nDate: Thu, 12 Jan 2023 08:18:50 GMT\r\nContent-Type: text/html\r\nContent-Length: 39690\r\nConnection: keep-alive\r\nCache-Control: private\r\nSet-Cookie: ASPSESSIONIDCSDDSSTA=KNJOPALDCPNHCMOLHNPBEDLL; path=/\r\nX-Frame-Options: SAMEORIGIN\r\n\r\n'
Traceback (most recent call last):
  File "/Users/yeon/Library/Python/3.9/lib/python/site-packages/urllib3/connectionpool.py", line 469, in _make_request
    assert_header_parsing(httplib_response.msg)
  File "/Users/yeon/Library/Python/3.9/lib/python/site-packages/urllib3/util/response.py", line 91, in assert_header_parsing
    raise HeaderParsingError(defects=defects, unparsed_data=unparsed_data)
urllib3.exceptions.HeaderParsingError: [MissingHeaderBodySeparatorDefect()], unparsed data: 'Server : Wow 3.8\r\nDate: Thu, 12 Jan 2023 08:18:50 GMT\r\nContent-Type: text/html\r\nContent-Length: 39690\r\nConnection: keep-alive\r\nCache-Control: private\r\nSet-Cookie: ASPSESSIONIDCSDDSSTA=KNJOPALDCPNHCMOLHNPBEDLL; path=/\r\nX-Frame-Options: SAMEORIGIN\r\n\r\n'
2023-01-12 17:18:50,088 - WARNING - Failed to parse headers (url=https://www.sscmc.or.kr:443/info/notice/list.asp?db=BBS_notice&pageno=1&startpage=1&where=&keyfield=&keyword=&catekkk=): [MissingHeaderBodySeparatorDefect()], unparsed data: 'Server : Wow 3.8\r\nDate: Thu, 12 Jan 2023 08:18:50 GMT\r\nContent-Type: text/html\r\nContent-Length: 39690\r\nConnection: keep-alive\r\nCache-Control: private\r\nSet-Cookie: ASPSESSIONIDCSDDSSTA=KNJOPALDCPNHCMOLHNPBEDLL; path=/\r\nX-Frame-Options: SAMEORIGIN\r\n\r\n'
Traceback (most recent call last):
  File "/Users/yeon/Library/Python/3.9/lib/python/site-packages/urllib3/connectionpool.py", line 469, in _make_request
    assert_header_parsing(httplib_response.msg)
  File "/Users/yeon/Library/Python/3.9/lib/python/site-packages/urllib3/util/response.py", line 91, in assert_header_parsing
    raise HeaderParsingError(defects=defects, unparsed_data=unparsed_data)
urllib3.exceptions.HeaderParsingError: [MissingHeaderBodySeparatorDefect()], unparsed data: 'Server : Wow 3.8\r\nDate: Thu, 12 Jan 2023 08:18:50 GMT\r\nContent-Type: text/html\r\nContent-Length: 39690\r\nConnection: keep-alive\r\nCache-Control: private\r\nSet-Cookie: ASPSESSIONIDCSDDSSTA=KNJOPALDCPNHCMOLHNPBEDLL; path=/\r\nX-Frame-Options: SAMEORIGIN\r\n\r\n'
2023-01-12 17:18:50,088 - WARNING - Failed to parse headers (url=https://www.sscmc.or.kr:443/info/notice/list.asp?db=BBS_notice&pageno=1&startpage=1&where=&keyfield=&keyword=&catekkk=): [MissingHeaderBodySeparatorDefect()], unparsed data: 'Server : Wow 3.8\r\nDate: Thu, 12 Jan 2023 08:18:50 GMT\r\nContent-Type: text/html\r\nContent-Length: 39690\r\nConnection: keep-alive\r\nCache-Control: private\r\nSet-Cookie: ASPSESSIONIDCSDDSSTA=KNJOPALDCPNHCMOLHNPBEDLL; path=/\r\nX-Frame-Options: SAMEORIGIN\r\n\r\n'
Traceback (most recent call last):
  File "/Users/yeon/Library/Python/3.9/lib/python/site-packages/urllib3/connectionpool.py", line 469, in _make_request
    assert_header_parsing(httplib_response.msg)
  File "/Users/yeon/Library/Python/3.9/lib/python/site-packages/urllib3/util/response.py", line 91, in assert_header_parsing
    raise HeaderParsingError(defects=defects, unparsed_data=unparsed_data)
urllib3.exceptions.HeaderParsingError: [MissingHeaderBodySeparatorDefect()], unparsed data: 'Server : Wow 3.8\r\nDate: Thu, 12 Jan 2023 08:18:50 GMT\r\nContent-Type: text/html\r\nContent-Length: 39690\r\nConnection: keep-alive\r\nCache-Control: private\r\nSet-Cookie: ASPSESSIONIDCSDDSSTA=KNJOPALDCPNHCMOLHNPBEDLL; path=/\r\nX-Frame-Options: SAMEORIGIN\r\n\r\n'
2023-01-12 17:18:50,088 - WARNING - Failed to parse headers (url=https://www.sscmc.or.kr:443/info/notice/list.asp?db=BBS_notice&pageno=1&startpage=1&where=&keyfield=&keyword=&catekkk=): [MissingHeaderBodySeparatorDefect()], unparsed data: 'Server : Wow 3.8\r\nDate: Thu, 12 Jan 2023 08:18:50 GMT\r\nContent-Type: text/html\r\nContent-Length: 39690\r\nConnection: keep-alive\r\nCache-Control: private\r\nSet-Cookie: ASPSESSIONIDCSDDSSTA=KNJOPALDCPNHCMOLHNPBEDLL; path=/\r\nX-Frame-Options: SAMEORIGIN\r\n\r\n'
Traceback (most recent call last):
  File "/Users/yeon/Library/Python/3.9/lib/python/site-packages/urllib3/connectionpool.py", line 469, in _make_request
    assert_header_parsing(httplib_response.msg)
  File "/Users/yeon/Library/Python/3.9/lib/python/site-packages/urllib3/util/response.py", line 91, in assert_header_parsing
    raise HeaderParsingError(defects=defects, unparsed_data=unparsed_data)
urllib3.exceptions.HeaderParsingError: [MissingHeaderBodySeparatorDefect()], unparsed data: 'Server : Wow 3.8\r\nDate: Thu, 12 Jan 2023 08:18:50 GMT\r\nContent-Type: text/html\r\nContent-Length: 39690\r\nConnection: keep-alive\r\nCache-Control: private\r\nSet-Cookie: ASPSESSIONIDCSDDSSTA=KNJOPALDCPNHCMOLHNPBEDLL; path=/\r\nX-Frame-Options: SAMEORIGIN\r\n\r\n'
2023-01-12 17:18:50,088 - WARNING - Failed to parse headers (url=https://www.sscmc.or.kr:443/info/notice/list.asp?db=BBS_notice&pageno=1&startpage=1&where=&keyfield=&keyword=&catekkk=): [MissingHeaderBodySeparatorDefect()], unparsed data: 'Server : Wow 3.8\r\nDate: Thu, 12 Jan 2023 08:18:50 GMT\r\nContent-Type: text/html\r\nContent-Length: 39690\r\nConnection: keep-alive\r\nCache-Control: private\r\nSet-Cookie: ASPSESSIONIDCSDDSSTA=KNJOPALDCPNHCMOLHNPBEDLL; path=/\r\nX-Frame-Options: SAMEORIGIN\r\n\r\n'
Traceback (most recent call last):
  File "/Users/yeon/Library/Python/3.9/lib/python/site-packages/urllib3/connectionpool.py", line 469, in _make_request
    assert_header_parsing(httplib_response.msg)
  File "/Users/yeon/Library/Python/3.9/lib/python/site-packages/urllib3/util/response.py", line 91, in assert_header_parsing
    raise HeaderParsingError(defects=defects, unparsed_data=unparsed_data)
urllib3.exceptions.HeaderParsingError: [MissingHeaderBodySeparatorDefect()], unparsed data: 'Server : Wow 3.8\r\nDate: Thu, 12 Jan 2023 08:18:50 GMT\r\nContent-Type: text/html\r\nContent-Length: 39690\r\nConnection: keep-alive\r\nCache-Control: private\r\nSet-Cookie: ASPSESSIONIDCSDDSSTA=KNJOPALDCPNHCMOLHNPBEDLL; path=/\r\nX-Frame-Options: SAMEORIGIN\r\n\r\n'
2023-01-12 17:18:50,088 - WARNING - Failed to parse headers (url=https://www.sscmc.or.kr:443/info/notice/list.asp?db=BBS_notice&pageno=1&startpage=1&where=&keyfield=&keyword=&catekkk=): [MissingHeaderBodySeparatorDefect()], unparsed data: 'Server : Wow 3.8\r\nDate: Thu, 12 Jan 2023 08:18:50 GMT\r\nContent-Type: text/html\r\nContent-Length: 39690\r\nConnection: keep-alive\r\nCache-Control: private\r\nSet-Cookie: ASPSESSIONIDCSDDSSTA=KNJOPALDCPNHCMOLHNPBEDLL; path=/\r\nX-Frame-Options: SAMEORIGIN\r\n\r\n'
Traceback (most recent call last):
  File "/Users/yeon/Library/Python/3.9/lib/python/site-packages/urllib3/connectionpool.py", line 469, in _make_request
    assert_header_parsing(httplib_response.msg)
  File "/Users/yeon/Library/Python/3.9/lib/python/site-packages/urllib3/util/response.py", line 91, in assert_header_parsing
    raise HeaderParsingError(defects=defects, unparsed_data=unparsed_data)
urllib3.exceptions.HeaderParsingError: [MissingHeaderBodySeparatorDefect()], unparsed data: 'Server : Wow 3.8\r\nDate: Thu, 12 Jan 2023 08:18:50 GMT\r\nContent-Type: text/html\r\nContent-Length: 39690\r\nConnection: keep-alive\r\nCache-Control: private\r\nSet-Cookie: ASPSESSIONIDCSDDSSTA=KNJOPALDCPNHCMOLHNPBEDLL; path=/\r\nX-Frame-Options: SAMEORIGIN\r\n\r\n'
2023-01-12 17:18:50,088 - WARNING - Failed to parse headers (url=https://www.sscmc.or.kr:443/info/notice/list.asp?db=BBS_notice&pageno=1&startpage=1&where=&keyfield=&keyword=&catekkk=): [MissingHeaderBodySeparatorDefect()], unparsed data: 'Server : Wow 3.8\r\nDate: Thu, 12 Jan 2023 08:18:50 GMT\r\nContent-Type: text/html\r\nContent-Length: 39690\r\nConnection: keep-alive\r\nCache-Control: private\r\nSet-Cookie: ASPSESSIONIDCSDDSSTA=KNJOPALDCPNHCMOLHNPBEDLL; path=/\r\nX-Frame-Options: SAMEORIGIN\r\n\r\n'
Traceback (most recent call last):
  File "/Users/yeon/Library/Python/3.9/lib/python/site-packages/urllib3/connectionpool.py", line 469, in _make_request
    assert_header_parsing(httplib_response.msg)
  File "/Users/yeon/Library/Python/3.9/lib/python/site-packages/urllib3/util/response.py", line 91, in assert_header_parsing
    raise HeaderParsingError(defects=defects, unparsed_data=unparsed_data)
urllib3.exceptions.HeaderParsingError: [MissingHeaderBodySeparatorDefect()], unparsed data: 'Server : Wow 3.8\r\nDate: Thu, 12 Jan 2023 08:18:50 GMT\r\nContent-Type: text/html\r\nContent-Length: 39690\r\nConnection: keep-alive\r\nCache-Control: private\r\nSet-Cookie: ASPSESSIONIDCSDDSSTA=KNJOPALDCPNHCMOLHNPBEDLL; path=/\r\nX-Frame-Options: SAMEORIGIN\r\n\r\n'
2023-01-12 17:18:50,088 - WARNING - Failed to parse headers (url=https://www.sscmc.or.kr:443/info/notice/list.asp?db=BBS_notice&pageno=1&startpage=1&where=&keyfield=&keyword=&catekkk=): [MissingHeaderBodySeparatorDefect()], unparsed data: 'Server : Wow 3.8\r\nDate: Thu, 12 Jan 2023 08:18:50 GMT\r\nContent-Type: text/html\r\nContent-Length: 39690\r\nConnection: keep-alive\r\nCache-Control: private\r\nSet-Cookie: ASPSESSIONIDCSDDSSTA=KNJOPALDCPNHCMOLHNPBEDLL; path=/\r\nX-Frame-Options: SAMEORIGIN\r\n\r\n'
Traceback (most recent call last):
  File "/Users/yeon/Library/Python/3.9/lib/python/site-packages/urllib3/connectionpool.py", line 469, in _make_request
    assert_header_parsing(httplib_response.msg)
  File "/Users/yeon/Library/Python/3.9/lib/python/site-packages/urllib3/util/response.py", line 91, in assert_header_parsing
    raise HeaderParsingError(defects=defects, unparsed_data=unparsed_data)
urllib3.exceptions.HeaderParsingError: [MissingHeaderBodySeparatorDefect()], unparsed data: 'Server : Wow 3.8\r\nDate: Thu, 12 Jan 2023 08:18:50 GMT\r\nContent-Type: text/html\r\nContent-Length: 39690\r\nConnection: keep-alive\r\nCache-Control: private\r\nSet-Cookie: ASPSESSIONIDCSDDSSTA=KNJOPALDCPNHCMOLHNPBEDLL; path=/\r\nX-Frame-Options: SAMEORIGIN\r\n\r\n'
2023-01-12 17:18:50,088 - WARNING - Failed to parse headers (url=https://www.sscmc.or.kr:443/info/notice/list.asp?db=BBS_notice&pageno=1&startpage=1&where=&keyfield=&keyword=&catekkk=): [MissingHeaderBodySeparatorDefect()], unparsed data: 'Server : Wow 3.8\r\nDate: Thu, 12 Jan 2023 08:18:50 GMT\r\nContent-Type: text/html\r\nContent-Length: 39690\r\nConnection: keep-alive\r\nCache-Control: private\r\nSet-Cookie: ASPSESSIONIDCSDDSSTA=KNJOPALDCPNHCMOLHNPBEDLL; path=/\r\nX-Frame-Options: SAMEORIGIN\r\n\r\n'
Traceback (most recent call last):
  File "/Users/yeon/Library/Python/3.9/lib/python/site-packages/urllib3/connectionpool.py", line 469, in _make_request
    assert_header_parsing(httplib_response.msg)
  File "/Users/yeon/Library/Python/3.9/lib/python/site-packages/urllib3/util/response.py", line 91, in assert_header_parsing
    raise HeaderParsingError(defects=defects, unparsed_data=unparsed_data)
urllib3.exceptions.HeaderParsingError: [MissingHeaderBodySeparatorDefect()], unparsed data: 'Server : Wow 3.8\r\nDate: Thu, 12 Jan 2023 08:18:50 GMT\r\nContent-Type: text/html\r\nContent-Length: 39690\r\nConnection: keep-alive\r\nCache-Control: private\r\nSet-Cookie: ASPSESSIONIDCSDDSSTA=KNJOPALDCPNHCMOLHNPBEDLL; path=/\r\nX-Frame-Options: SAMEORIGIN\r\n\r\n'
2023-01-12 17:20:05,716 - INFO - SEODAEMUN
2023-01-12 17:20:05,716 - INFO - SEODAEMUN
2023-01-12 17:20:05,716 - INFO - SEODAEMUN
2023-01-12 17:20:05,716 - INFO - SEODAEMUN
2023-01-12 17:20:05,716 - INFO - SEODAEMUN
2023-01-12 17:20:05,716 - INFO - SEODAEMUN
2023-01-12 17:20:05,716 - INFO - SEODAEMUN
2023-01-12 17:20:05,716 - INFO - SEODAEMUN
2023-01-12 17:20:05,716 - INFO - SEODAEMUN
2023-01-12 17:20:05,716 - INFO - SEODAEMUN
2023-01-12 17:20:05,716 - INFO - SEODAEMUN
2023-01-12 17:20:05,716 - INFO - SEODAEMUN
2023-01-12 17:20:05,716 - INFO - SEODAEMUN
2023-01-12 17:20:05,716 - INFO - SEODAEMUN
2023-01-12 17:20:05,716 - INFO - SEODAEMUN
2023-01-12 17:20:05,716 - INFO - SEODAEMUN
2023-01-12 17:20:05,716 - INFO - SEODAEMUN
